{"target": -0.00011893670732801482, "params": {"alpha": 0.012061917342912723, "batch_size": 79.34469933770382, "drop": 0.5650100463267944, "layer1": 249.83044783849985, "layer2": 335.12288857871033, "layer3": 232.0602227428991, "lr": 0.001609871032646998}, "datetime": {"datetime": "2022-10-23 17:24:44", "elapsed": 0.0, "delta": 0.0}}
{"target": -0.00039742534224510495, "params": {"alpha": 0.36122887646177804, "batch_size": 19.854305435100457, "drop": 0.1985644650209714, "layer1": 199.57207471220684, "layer2": 185.07170859185646, "layer3": 101.99129483512188, "lr": 0.005546880905948922}, "datetime": {"datetime": "2022-10-23 17:24:59", "elapsed": 156.421275, "delta": 156.421275}}
{"target": -0.00026316574886500147, "params": {"alpha": 0.35095594087054083, "batch_size": 103.61205989482727, "drop": 0.5008777018863958, "layer1": 295.94531378201964, "layer2": 169.27990595211773, "layer3": 468.0348703829493, "lr": 0.004741264869190701}, "datetime": {"datetime": "2022-10-23 17:25:00", "elapsed": 0.0, "delta": 0.0}}
{"target": -0.0003774163546231654, "params": {"alpha": 0.5119580972153485, "batch_size": 44.343081042263975, "drop": 0.21067009749430451, "layer1": 207.5197811418319, "layer2": 217.93340799644812, "layer3": 211.27459759003148, "lr": 0.006630642115009506}, "datetime": {"datetime": "2022-10-23 17:25:02", "elapsed": 0.0, "delta": 0.0}}
{"target": -3.266716521466151e-05, "params": {"alpha": 0.47001052448693614, "batch_size": 27.438751326536647, "drop": 0.17198185899455848, "layer1": 229.28781609973515, "layer2": 92.59603144096424, "layer3": 60.1863914662474, "lr": 0.012723670471379261}, "datetime": {"datetime": "2022-10-23 17:25:19", "elapsed": 0.0, "delta": 0.0}}
{"target": -0.00031477004813074285, "params": {"alpha": 0.4533250562805809, "batch_size": 128.7922054931948, "drop": 0.3524029560394816, "layer1": 331.1361297858856, "layer2": 227.22961338500085, "layer3": 507.9922749854875, "lr": 0.006002036832727461}, "datetime": {"datetime": "2022-10-23 17:25:54", "elapsed": 53.811517, "delta": 53.811517}}
{"target": -0.00011873040901555386, "params": {"alpha": 0.030411975950870102, "batch_size": 44.87688213604542, "drop": 0.7217390868469207, "layer1": 150.3003567851573, "layer2": 256.00231221497836, "layer3": 234.86436554035126, "lr": 0.0024419846892151844}, "datetime": {"datetime": "2022-10-23 17:26:00", "elapsed": 76.216583, "delta": 76.216583}}
{"target": -0.0005358998497658486, "params": {"alpha": 0.7903417893130362, "batch_size": 46.09690430791203, "drop": 0.18729597681370797, "layer1": 300.0496353142323, "layer2": 94.30995189263564, "layer3": 292.9398283297511, "lr": 0.009082293630180018}, "datetime": {"datetime": "2022-10-23 17:26:06", "elapsed": 64.061152, "delta": 64.061152}}
{"target": -2.5897776140482165e-05, "params": {"alpha": 0.13379991696097254, "batch_size": 42.09298903915132, "drop": 0.14059903727196968, "layer1": 307.6666506322339, "layer2": 121.33091253408418, "layer3": 98.04686021701357, "lr": 0.006320717030366897}, "datetime": {"datetime": "2022-10-23 17:26:23", "elapsed": 64.246707, "delta": 64.246707}}
{"target": -0.000622104429606911, "params": {"alpha": 0.8097071167178463, "batch_size": 21.739551946329406, "drop": 0.13737561430342235, "layer1": 208.09788085893192, "layer2": 185.67053213747027, "layer3": 260.8213450024763, "lr": 0.007775969223983825}, "datetime": {"datetime": "2022-10-23 17:26:55", "elapsed": 272.51292, "delta": 116.091645}}
{"target": -0.0001188516589136095, "params": {"alpha": 0.03004241325049289, "batch_size": 78.1448753010768, "drop": 0.2913303847026579, "layer1": 219.72973964176822, "layer2": 452.9419760358961, "layer3": 429.97580451967156, "lr": 0.0008137753931055163}, "datetime": {"datetime": "2022-10-23 17:26:57", "elapsed": 132.896678, "delta": 56.680095}}
{"target": -0.00041621282116172917, "params": {"alpha": 0.5327094898858442, "batch_size": 56.42235054552302, "drop": 0.4894317252434395, "layer1": 354.7909629150281, "layer2": 266.80846895931535, "layer3": 178.81471144948927, "lr": 0.008476090021321166}, "datetime": {"datetime": "2022-10-23 17:27:01", "elapsed": 120.725478, "delta": 66.913961}}
{"target": -0.0004306282095081542, "params": {"alpha": 0.2940699159733737, "batch_size": 46.293516319308246, "drop": 0.27457799166621294, "layer1": 339.7894638480803, "layer2": 242.05062357812687, "layer3": 150.523324039436, "lr": 0.007442659797168546}, "datetime": {"datetime": "2022-10-23 17:27:24", "elapsed": 141.722903, "delta": 77.661751}}
{"target": -2.4556677090004086e-05, "params": {"alpha": 0.39577234906213227, "batch_size": 35.21311415073835, "drop": 0.10246802901701277, "layer1": 156.78477521901206, "layer2": 231.660024596099, "layer3": 88.46209206552001, "lr": 0.004327667416573286}, "datetime": {"datetime": "2022-10-23 17:27:38", "elapsed": 139.19607, "delta": 74.949363}}
{"target": -0.0002674461300090414, "params": {"alpha": 0.4704149588872283, "batch_size": 127.64614557236612, "drop": 0.191231561332967, "layer1": 333.48264438518765, "layer2": 354.0042172482965, "layer3": 353.66610019929647, "lr": 0.004639299198705525}, "datetime": {"datetime": "2022-10-23 17:27:50", "elapsed": 170.356233, "delta": 49.630755}}
{"target": -4.6988734538899735e-05, "params": {"alpha": 0.3893642088873303, "batch_size": 54.02726722227452, "drop": 0.3559007699914083, "layer1": 263.7961748519142, "layer2": 149.82259278522423, "layer3": 131.48329022650847, "lr": 0.013492376713972017}, "datetime": {"datetime": "2022-10-23 17:28:33", "elapsed": 194.487125, "delta": 55.291055}}
{"target": -0.0002760254658276599, "params": {"alpha": 0.16339144112958523, "batch_size": 147.5806723709406, "drop": 0.25455405699947486, "layer1": 352.31770369773096, "layer2": 114.21138654935778, "layer3": 241.61784060107743, "lr": 0.0049145750079549275}, "datetime": {"datetime": "2022-10-23 17:28:38", "elapsed": 218.609659, "delta": 48.253426}}
{"target": -0.00011864754337776161, "params": {"alpha": 0.02737540329235588, "batch_size": 34.1632464340665, "drop": 0.547161065565665, "layer1": 250.14236193700123, "layer2": 417.3857331790349, "layer3": 520.9574468985819, "lr": 0.0020966358930311784}, "datetime": {"datetime": "2022-10-23 17:28:54", "elapsed": 250.148151, "delta": 117.251473}}
{"target": -0.0004380550416896232, "params": {"alpha": 0.8243381846162242, "batch_size": 23.290911243432486, "drop": 0.2393537574959243, "layer1": 200.02465522764385, "layer2": 109.86439596209719, "layer3": 344.96945467664074, "lr": 0.005256995309950486}, "datetime": {"datetime": "2022-10-23 17:29:06", "elapsed": 404.082038, "delta": 131.569118}}
{"target": -0.0004584951793691557, "params": {"alpha": 0.6490117384432458, "batch_size": 29.405886315399673, "drop": 0.22746515563876235, "layer1": 197.2721177578057, "layer2": 122.15393465367852, "layer3": 133.9761445886259, "lr": 0.008097911572445018}, "datetime": {"datetime": "2022-10-23 17:29:17", "elapsed": 255.118559, "delta": 113.395656}}
{"target": -3.192903022863902e-05, "params": {"alpha": 0.13275546299385893, "batch_size": 54.60064330731562, "drop": 0.21303097038855184, "layer1": 155.32767216530766, "layer2": 232.67574600255108, "layer3": 145.63712064949578, "lr": 0.00833488911959255}, "datetime": {"datetime": "2022-10-23 17:29:28", "elapsed": 249.60577, "delta": 55.118645}}
{"target": -0.0002678976432429101, "params": {"alpha": 0.43058629631499584, "batch_size": 121.05460323905493, "drop": 0.44039069222127136, "layer1": 268.958926148358, "layer2": 436.6902200883777, "layer3": 472.9409681331553, "lr": 0.0031746509493881855}, "datetime": {"datetime": "2022-10-23 17:29:29", "elapsed": 269.243359, "delta": 50.6337}}
{"target": -3.842427395284176e-05, "params": {"alpha": 0.18641632537634611, "batch_size": 62.178514068196336, "drop": 0.3776534828669782, "layer1": 153.99180599624196, "layer2": 171.1724524787623, "layer3": 154.12666750720172, "lr": 0.004263756998463193}, "datetime": {"datetime": "2022-10-23 17:30:18", "elapsed": 299.781471, "delta": 50.175701}}
{"target": -0.00011880298137625148, "params": {"alpha": 0.01993250769266195, "batch_size": 48.80653001840503, "drop": 0.783228822881039, "layer1": 93.06320309207115, "layer2": 214.46796770518174, "layer3": 172.5730587126751, "lr": 0.002224405041123387}, "datetime": {"datetime": "2022-10-23 17:30:19", "elapsed": 335.444816, "delta": 85.296665}}
{"target": -0.000296635434272832, "params": {"alpha": 0.43229471025519656, "batch_size": 109.28070167843052, "drop": 0.17360296827844895, "layer1": 273.55366829568527, "layer2": 381.74855326787696, "layer3": 494.92122909876946, "lr": 0.0031574388497439283}, "datetime": {"datetime": "2022-10-23 17:30:20", "elapsed": 320.333458, "delta": 51.090099}}
{"target": -0.00044809121342460645, "params": {"alpha": 0.73110179700177, "batch_size": 51.22020971790712, "drop": 0.28883838557360775, "layer1": 157.18324799857353, "layer2": 266.7013435671992, "layer3": 199.75829389767097, "lr": 0.007694566863630533}, "datetime": {"datetime": "2022-10-23 17:30:21", "elapsed": 319.204247, "delta": 64.085688}}
{"target": -0.0003170633122484895, "params": {"alpha": 0.4033014340375928, "batch_size": 39.37251177626847, "drop": 0.12218231354747905, "layer1": 164.33598277005692, "layer2": 275.99093623398784, "layer3": 168.41089674249906, "lr": 0.0030469721604935544}, "datetime": {"datetime": "2022-10-23 17:30:40", "elapsed": 498.099721, "delta": 94.017683}}
{"target": -0.00011912684846714052, "params": {"alpha": 0.010488131363353895, "batch_size": 64.4734557817515, "drop": 0.7945106263289768, "layer1": 141.2391025480962, "layer2": 262.68456115228133, "layer3": 156.8408199802534, "lr": 0.0020535368705057507}, "datetime": {"datetime": "2022-10-23 17:31:21", "elapsed": 397.43087, "delta": 61.986054}}
{"target": -0.00030895234568536605, "params": {"alpha": 0.27922248068054367, "batch_size": 45.68652789854122, "drop": 0.4336190284927627, "layer1": 166.54879303612853, "layer2": 160.53451633366905, "layer3": 412.69406603270954, "lr": 0.0028110266237741876}, "datetime": {"datetime": "2022-10-23 17:31:50", "elapsed": 410.517016, "delta": 90.183558}}
{"target": -2.622409192554187e-05, "params": {"alpha": 0.35225846395300076, "batch_size": 26.605137714625087, "drop": 0.3512658971767034, "layer1": 221.54174041944773, "layer2": 110.71229092494045, "layer3": 66.96077281605308, "lr": 0.007967670000387377}, "datetime": {"datetime": "2022-10-23 17:31:54", "elapsed": 395.283096, "delta": 95.501625}}
{"target": -0.0004607438395814465, "params": {"alpha": 0.38351731500299746, "batch_size": 37.85621255820699, "drop": 0.30511242894827884, "layer1": 223.47101255634385, "layer2": 268.6515071230353, "layer3": 100.8216905291581, "lr": 0.0080499893898327}, "datetime": {"datetime": "2022-10-23 17:31:56", "elapsed": 413.956599, "delta": 94.752352}}
{"target": -0.0003089076442871783, "params": {"alpha": 0.5616201513327659, "batch_size": 160.36233069560544, "drop": 0.4392498527972979, "layer1": 158.0230754635868, "layer2": 306.3483060777496, "layer3": 196.4038562575465, "lr": 0.005198563722591547}, "datetime": {"datetime": "2022-10-23 17:32:35", "elapsed": 455.192824, "delta": 44.675808}}
{"target": -0.00011870985262342944, "params": {"alpha": 0.020365606953531644, "batch_size": 53.47017848836849, "drop": 0.4626116164285719, "layer1": 119.60173404207666, "layer2": 286.70931315879284, "layer3": 409.85828171124075, "lr": 0.002671825953867183}, "datetime": {"datetime": "2022-10-23 17:32:49", "elapsed": 485.666082, "delta": 88.235212}}
{"target": -3.4437143767718226e-05, "params": {"alpha": 0.36702030425454046, "batch_size": 37.54895895852982, "drop": 0.20789847655991506, "layer1": 279.8704181501886, "layer2": 218.7020657986365, "layer3": 54.28624079531584, "lr": 0.014042171870666496}, "datetime": {"datetime": "2022-10-23 17:33:07", "elapsed": 468.526777, "delta": 73.243681}}
{"target": -0.0003534329183780746, "params": {"alpha": 0.2733126711552379, "batch_size": 40.09623679248535, "drop": 0.2512973839061222, "layer1": 233.3497399426181, "layer2": 153.8342020256711, "layer3": 90.0671913129216, "lr": 0.005407334783850335}, "datetime": {"datetime": "2022-10-23 17:33:15", "elapsed": 493.042465, "delta": 79.085866}}
{"target": -0.00035285700267950884, "params": {"alpha": 0.3389061799396441, "batch_size": 92.26752210302722, "drop": 0.3698884947333726, "layer1": 254.30649311987108, "layer2": 160.74581862447855, "layer3": 514.5956855323263, "lr": 0.008073627165947356}, "datetime": {"datetime": "2022-10-23 17:33:32", "elapsed": 512.637547, "delta": 57.444723}}
{"target": -0.00011917417191323477, "params": {"alpha": 0.028534278335569256, "batch_size": 71.48012568782546, "drop": 0.44227833059419597, "layer1": 240.3396725202645, "layer2": 484.95486177478983, "layer3": 140.2944886105497, "lr": 0.0017440304579109276}, "datetime": {"datetime": "2022-10-23 17:33:44", "elapsed": 540.096969, "delta": 54.430887}}
{"target": -0.0001184845263091205, "params": {"alpha": 0.03697024135128699, "batch_size": 99.60892312952213, "drop": 0.8207225582573161, "layer1": 150.61154311886844, "layer2": 234.2616126553457, "layer3": 463.3543001915248, "lr": 0.0016607048461064896}, "datetime": {"datetime": "2022-10-23 17:34:28", "elapsed": 583.863462, "delta": 43.766493}}
{"target": -4.825716314371675e-05, "params": {"alpha": 0.412385850224109, "batch_size": 28.955292685311655, "drop": 0.38844093334187957, "layer1": 265.2839593904546, "layer2": 117.41876099555674, "layer3": 56.98360315721326, "lr": 0.013690752030315558}, "datetime": {"datetime": "2022-10-23 17:34:36", "elapsed": 557.047734, "delta": 88.520957}}
{"target": -0.000344106249616376, "params": {"alpha": 0.34189411944013515, "batch_size": 13.395255866952674, "drop": 0.15853188202884805, "layer1": 122.90788079392078, "layer2": 146.10760393562936, "layer3": 331.67792168138953, "lr": 0.003259363877998427}, "datetime": {"datetime": "2022-10-23 17:34:36", "elapsed": 734.215477, "delta": 236.115756}}
{"target": -0.0003445556007601231, "params": {"alpha": 0.3562581225058975, "batch_size": 44.86603025868523, "drop": 0.18075445957107233, "layer1": 484.6013244875142, "layer2": 142.00954889033147, "layer3": 229.38040531834775, "lr": 0.00483450789978004}, "datetime": {"datetime": "2022-10-23 17:34:39", "elapsed": 576.718592, "delta": 83.676127}}
{"target": -0.00035391404470401706, "params": {"alpha": 0.43432618736683615, "batch_size": 54.989026452798555, "drop": 0.4665885356347522, "layer1": 241.45131990776056, "layer2": 202.7366018192231, "layer3": 187.06935299987134, "lr": 0.009054490153101268}, "datetime": {"datetime": "2022-10-23 17:34:42", "elapsed": 581.988646, "delta": 69.351099}}
{"target": -3.267993815825321e-05, "params": {"alpha": 0.29033082483983175, "batch_size": 60.63259624297497, "drop": 0.2937191740523083, "layer1": 79.73085373812677, "layer2": 228.6473229763767, "layer3": 103.11429190638735, "lr": 0.005002223774825897}, "datetime": {"datetime": "2022-10-23 17:35:27", "elapsed": 607.970219, "delta": 50.922485}}
{"target": -0.0001191960605617967, "params": {"alpha": 0.0341686327376758, "batch_size": 69.47118801047881, "drop": 0.839601106976051, "layer1": 101.68645618268545, "layer2": 342.2992593352311, "layer3": 260.6764887732346, "lr": 0.0023992888560715737}, "datetime": {"datetime": "2022-10-23 17:35:36", "elapsed": 651.780786, "delta": 67.917324}}
{"target": -0.00033954860874976876, "params": {"alpha": 0.5809406330589573, "batch_size": 68.63621693135559, "drop": 0.47019598528527196, "layer1": 222.11467035225064, "layer2": 427.4404384598905, "layer3": 397.001082972238, "lr": 0.005671888224753039}, "datetime": {"datetime": "2022-10-23 17:35:43", "elapsed": 642.735104, "delta": 60.746458}}
{"target": -0.00043962879024716655, "params": {"alpha": 0.28058636143845084, "batch_size": 43.716741786665594, "drop": 0.2866940879228872, "layer1": 317.38504872219954, "layer2": 185.2025929217878, "layer3": 319.1030168468111, "lr": 0.005525408441782693}, "datetime": {"datetime": "2022-10-23 17:36:05", "elapsed": 823.287804, "delta": 89.072327}}
{"target": -0.00011939006093942543, "params": {"alpha": 0.02636641197413991, "batch_size": 81.88485750690688, "drop": 0.4297291580269781, "layer1": 144.4200452031002, "layer2": 259.5921716022202, "layer3": 214.88913498538074, "lr": 0.0015712886866719252}, "datetime": {"datetime": "2022-10-23 17:36:26", "elapsed": 702.582578, "delta": 50.801792}}
{"target": -4.334560071583837e-05, "params": {"alpha": 0.37686862380006564, "batch_size": 47.541004456834116, "drop": 0.2888310759265145, "layer1": 306.68066701033024, "layer2": 102.76984690748341, "layer3": 93.87627014815453, "lr": 0.010773761328878478}, "datetime": {"datetime": "2022-10-23 17:36:27", "elapsed": 668.507137, "delta": 60.536918}}
{"target": -0.00023853965543666625, "params": {"alpha": 0.19424426337749678, "batch_size": 121.70585671311937, "drop": 0.3225320832981338, "layer1": 213.48345139519944, "layer2": 246.93074427438484, "layer3": 188.45178431215217, "lr": 0.004699410937435124}, "datetime": {"datetime": "2022-10-23 17:36:37", "elapsed": 697.521825, "delta": 54.786721}}
{"target": -0.0004015677301288845, "params": {"alpha": 0.5171242712885313, "batch_size": 16.859332430180295, "drop": 0.16133714792077586, "layer1": 385.596750698465, "layer2": 199.3482837536232, "layer3": 288.26115665349283, "lr": 0.00313496680159681}, "datetime": {"datetime": "2022-10-23 17:37:00", "elapsed": 717.68739, "delta": 140.968798}}
{"target": -0.00011799801846680217, "params": {"alpha": 0.016546721213581837, "batch_size": 49.786245292925074, "drop": 0.4567525866831207, "layer1": 106.7473916082348, "layer2": 445.98674311220765, "layer3": 147.27004086997658, "lr": 0.002450609505139481}, "datetime": {"datetime": "2022-10-23 17:37:46", "elapsed": 782.546555, "delta": 79.963977}}
{"target": -0.0002382286964683414, "params": {"alpha": 0.25155197215118563, "batch_size": 59.395183182901754, "drop": 0.2001207063519132, "layer1": 156.0733670850908, "layer2": 301.95564563446885, "layer3": 277.36626505421305, "lr": 0.003579201619338274}, "datetime": {"datetime": "2022-10-23 17:37:59", "elapsed": 779.09327, "delta": 81.571445}}
{"target": -0.00037436324386347033, "params": {"alpha": 0.5740009682129101, "batch_size": 44.27832156881963, "drop": 0.23165295999156785, "layer1": 285.49267262007237, "layer2": 134.68353796024172, "layer3": 172.31055659957224, "lr": 0.004955086746248988}, "datetime": {"datetime": "2022-10-23 17:38:18", "elapsed": 796.616617, "delta": 78.929227}}
{"target": -0.00011923564037461935, "params": {"alpha": 0.022295046567923773, "batch_size": 94.3278114151726, "drop": 0.6538559285855348, "layer1": 149.9449594986844, "layer2": 502.0122248076279, "layer3": 525.146199428772, "lr": 0.0016303182487016812}, "datetime": {"datetime": "2022-10-23 17:38:34", "elapsed": 830.479915, "delta": 47.93336}}
{"target": -3.7671936297556385e-05, "params": {"alpha": 0.25726657469767955, "batch_size": 18.155821140526026, "drop": 0.33429377501543417, "layer1": 196.96476075381318, "layer2": 291.6431818572545, "layer3": 159.51479864527946, "lr": 0.0064592222507232795}, "datetime": {"datetime": "2022-10-23 17:38:41", "elapsed": 801.966774, "delta": 133.459637}}
{"target": -0.010064759054905571, "params": {"alpha": 0.7007741019642699, "batch_size": 14.841962747198, "drop": 0.22825380520193903, "layer1": 201.7327078454099, "layer2": 152.35622387325944, "layer3": 279.31247697674974, "lr": 0.008340173349292983}, "datetime": {"datetime": "2022-10-23 17:38:45", "elapsed": 983.374294, "delta": 160.08649}}
{"target": -0.0002530129452792946, "params": {"alpha": 0.5121306781007342, "batch_size": 147.11596207425143, "drop": 0.14033511942612892, "layer1": 311.67533089173713, "layer2": 269.8241648768738, "layer3": 151.8590844483061, "lr": 0.004817692543654651}, "datetime": {"datetime": "2022-10-23 17:38:46", "elapsed": 826.06753, "delta": 46.97426}}
{"target": -0.00011886470723218389, "params": {"alpha": 0.01889613614734291, "batch_size": 99.78445828388809, "drop": 0.7570091607389938, "layer1": 200.02672289345566, "layer2": 414.38558056750264, "layer3": 476.4173259583598, "lr": 0.0013779414450297211}, "datetime": {"datetime": "2022-10-23 17:39:18", "elapsed": 874.16571, "delta": 43.685795}}
{"target": -3.2439831556985155e-05, "params": {"alpha": 0.2570687136120996, "batch_size": 62.97445131123105, "drop": 0.32985144616898576, "layer1": 139.93765666179152, "layer2": 125.54466254447217, "layer3": 168.2718030447457, "lr": 0.014771068969537731}, "datetime": {"datetime": "2022-10-23 17:39:31", "elapsed": 852.150634, "delta": 50.18386}}
{"target": -0.00023693143840265222, "params": {"alpha": 0.46269485368290586, "batch_size": 62.568685446090115, "drop": 0.21258741321563962, "layer1": 299.51364988931084, "layer2": 302.8859211031563, "layer3": 413.19992270608174, "lr": 0.002788551689053075}, "datetime": {"datetime": "2022-10-23 17:39:57", "elapsed": 897.604546, "delta": 71.537016}}
{"target": -0.0004099773301323557, "params": {"alpha": 0.46501600271219623, "batch_size": 24.74283162698365, "drop": 0.15498407099895417, "layer1": 135.21195602266357, "layer2": 99.86947061453253, "layer3": 173.55422035409975, "lr": 0.0065015206575721116}, "datetime": {"datetime": "2022-10-23 17:40:16", "elapsed": 914.075536, "delta": 117.458919}}
{"target": -3.79065349989105e-05, "params": {"alpha": 0.15631086767972635, "batch_size": 59.45028236117544, "drop": 0.34712188375963826, "layer1": 229.15749311480252, "layer2": 298.309789311339, "layer3": 85.38014179919972, "lr": 0.004708570238498517}, "datetime": {"datetime": "2022-10-23 17:40:23", "elapsed": 903.972456, "delta": 51.821822}}
{"target": -0.00011839721948850518, "params": {"alpha": 0.025739457226882596, "batch_size": 47.332365612337796, "drop": 0.3381307260251525, "layer1": 221.02109040082738, "layer2": 483.33202365661407, "layer3": 169.11341438680108, "lr": 0.0008922507847840438}, "datetime": {"datetime": "2022-10-23 17:40:31", "elapsed": 947.026042, "delta": 72.860332}}
