{"target": -0.00378942154140868, "params": {"alpha": 0.5963717414749874, "batch_size": 23.48099963935563, "drop": 0.08520466867391453, "layer1": 411.1413228180008, "layer2": 236.6731903495288, "layer3": 230.02480626639783, "lr": 0.007729568125526403}, "datetime": {"datetime": "2022-10-23 17:40:35", "elapsed": 1092.843406, "delta": 109.469112}}
{"target": -0.00023796693022298059, "params": {"alpha": 0.5380796059807502, "batch_size": 75.30369633960835, "drop": 0.18686660021055393, "layer1": 119.3880345861854, "layer2": 287.9382917488674, "layer3": 485.14743655700954, "lr": 0.005340695510430921}, "datetime": {"datetime": "2022-10-23 17:41:12", "elapsed": 972.021446, "delta": 74.4169}}
{"target": -0.00011911177711265227, "params": {"alpha": 0.015317409303732155, "batch_size": 66.93065976825193, "drop": 0.2744803701204176, "layer1": 115.01652037071034, "layer2": 480.3290560736801, "layer3": 323.21455225983294, "lr": 0.0010308066609005361}, "datetime": {"datetime": "2022-10-23 17:41:27", "elapsed": 1003.140555, "delta": 56.114513}}
{"target": -0.0005258698439664124, "params": {"alpha": 0.8015859628670713, "batch_size": 35.09483640152686, "drop": 0.14831831818171232, "layer1": 140.29552593483965, "layer2": 264.02959616840013, "layer3": 345.6971390504191, "lr": 0.00788582002963905}, "datetime": {"datetime": "2022-10-23 17:41:38", "elapsed": 995.684967, "delta": 81.609431}}
{"target": -0.0003459912610872694, "params": {"alpha": 0.2652945778624852, "batch_size": 99.27651102968053, "drop": 0.4675821218370011, "layer1": 103.73606593763789, "layer2": 217.19792721529743, "layer3": 433.1195491584121, "lr": 0.009286176645844857}, "datetime": {"datetime": "2022-10-23 17:42:02", "elapsed": 1022.180663, "delta": 50.159217}}
{"target": -2.954394403786864e-05, "params": {"alpha": 0.2878897656221725, "batch_size": 23.285972103613968, "drop": 0.17484733245244904, "layer1": 115.28900375504534, "layer2": 298.4406668076156, "layer3": 74.48165072605426, "lr": 0.014923316687535467}, "datetime": {"datetime": "2022-10-23 17:42:09", "elapsed": 1010.388414, "delta": 106.415958}}
{"target": -0.00011767927472578605, "params": {"alpha": 0.03531121983481693, "batch_size": 96.00723497469131, "drop": 0.47882731204947426, "layer1": 167.3084838847039, "layer2": 481.54992115070655, "layer3": 162.8198283317135, "lr": 0.0017031197251087858}, "datetime": {"datetime": "2022-10-23 17:42:10", "elapsed": 1046.012912, "delta": 42.872357}}
{"target": -0.0002992843235498733, "params": {"alpha": 0.5666690637801661, "batch_size": 166.9509230754829, "drop": 0.4561669459680566, "layer1": 133.24954630072537, "layer2": 389.67052066110597, "layer3": 406.00715852660863, "lr": 0.005977888918632847}, "datetime": {"datetime": "2022-10-23 17:42:48", "elapsed": 1068.33142, "delta": 46.150757}}
{"target": -0.0003405967232813817, "params": {"alpha": 0.8234590135547263, "batch_size": 27.46518449009999, "drop": 0.0906456084366589, "layer1": 290.32803033667795, "layer2": 126.89316952269206, "layer3": 339.1361160802768, "lr": 0.0031758085114461077}, "datetime": {"datetime": "2022-10-23 17:43:00", "elapsed": 1238.098865, "delta": 145.255459}}
{"target": -0.00011804456877501498, "params": {"alpha": 0.030207663405655845, "batch_size": 74.3967055945783, "drop": 0.29990537164998143, "layer1": 212.49157306227283, "layer2": 359.96346954581287, "layer3": 208.82733729844546, "lr": 0.001503096275752971}, "datetime": {"datetime": "2022-10-23 17:43:02", "elapsed": 1098.648537, "delta": 52.635625}}
{"target": -3.0444760341197252e-05, "params": {"alpha": 0.3127638507733056, "batch_size": 40.809548583101396, "drop": 0.28758110621781663, "layer1": 288.8204395960538, "layer2": 124.90472882137355, "layer3": 188.07490387194247, "lr": 0.006859851219748012}, "datetime": {"datetime": "2022-10-23 17:43:06", "elapsed": 1067.291228, "delta": 56.902814}}
{"target": -0.0003261956304958026, "params": {"alpha": 0.4163411849676017, "batch_size": 155.82786331614787, "drop": 0.3966745179045218, "layer1": 295.80321546227606, "layer2": 273.9092307644034, "layer3": 505.19413549614313, "lr": 0.007937225471546051}, "datetime": {"datetime": "2022-10-23 17:43:33", "elapsed": 1113.00965, "delta": 44.67823}}
{"target": -0.010292194504015325, "params": {"alpha": 0.6155746569244611, "batch_size": 16.1696740456204, "drop": 0.23705663865963186, "layer1": 278.64719663371835, "layer2": 151.34694208034497, "layer3": 145.6898850497115, "lr": 0.009239451523322516}, "datetime": {"datetime": "2022-10-23 17:43:36", "elapsed": 1113.843311, "delta": 118.158344}}
{"target": -0.00011838320582457339, "params": {"alpha": 0.02894612489549812, "batch_size": 74.63188098589484, "drop": 0.6475934319969752, "layer1": 259.6751652865332, "layer2": 151.76221727025992, "layer3": 462.89202875223515, "lr": 0.0025543126034645483}, "datetime": {"datetime": "2022-10-23 17:43:54", "elapsed": 1150.582006, "delta": 51.933469}}
{"target": -0.0003044354473025201, "params": {"alpha": 0.404114867421548, "batch_size": 99.03307346762791, "drop": 0.2991216651098387, "layer1": 152.24847182279, "layer2": 259.6829124574531, "layer3": 349.8629642638468, "lr": 0.00433690618076807}, "datetime": {"datetime": "2022-10-23 17:44:27", "elapsed": 1167.28013, "delta": 54.27048}}
{"target": -5.229448652244173e-05, "params": {"alpha": 0.1993971109457684, "batch_size": 30.59992882901515, "drop": 0.36227421569393836, "layer1": 130.4130653972868, "layer2": 311.712444376309, "layer3": 111.24794224035143, "lr": 0.0158108155379151}, "datetime": {"datetime": "2022-10-23 17:44:32", "elapsed": 1153.475733, "delta": 86.184505}}
{"target": -0.0005369351511660786, "params": {"alpha": 0.7682954364600798, "batch_size": 20.299239169004554, "drop": 0.14133708071955461, "layer1": 242.47939010467286, "layer2": 131.6929803769387, "layer3": 300.54483245017616, "lr": 0.006407496412737315}, "datetime": {"datetime": "2022-10-23 17:44:52", "elapsed": 1350.00585, "delta": 111.906985}}
{"target": -0.00011777588785468413, "params": {"alpha": 0.034335689011019854, "batch_size": 53.18873242362801, "drop": 0.3072625533631226, "layer1": 163.22379218734687, "layer2": 293.59604373437355, "layer3": 395.95046442806944, "lr": 0.001173872302170868}, "datetime": {"datetime": "2022-10-23 17:45:00", "elapsed": 1216.435194, "delta": 65.853188}}
{"target": -0.00045572892667351236, "params": {"alpha": 0.7949275869140409, "batch_size": 34.57927821550421, "drop": 0.13065765301690382, "layer1": 292.965208378991, "layer2": 70.29802083937285, "layer3": 202.11951711291113, "lr": 0.008328324245173945}, "datetime": {"datetime": "2022-10-23 17:45:07", "elapsed": 1205.234026, "delta": 91.390715}}
{"target": -0.00032240875182431504, "params": {"alpha": 0.16426407102322482, "batch_size": 147.91169796124672, "drop": 0.343481127121513, "layer1": 172.11050958695398, "layer2": 438.0235316469231, "layer3": 526.0311440196692, "lr": 0.00772900874983822}, "datetime": {"datetime": "2022-10-23 17:45:12", "elapsed": 1212.310767, "delta": 45.030637}}
{"target": -3.4790875361068174e-05, "params": {"alpha": 0.1884255937117011, "batch_size": 62.87989593416584, "drop": 0.3090860306409612, "layer1": 219.84183210408406, "layer2": 181.67499168605744, "layer3": 121.78347945362391, "lr": 0.015497029505823897}, "datetime": {"datetime": "2022-10-23 17:45:23", "elapsed": 1203.882907, "delta": 50.407174}}
{"target": -0.00011880789559844022, "params": {"alpha": 0.024214875153826004, "batch_size": 103.49886546871697, "drop": 0.3102851825349814, "layer1": 69.90815808993678, "layer2": 452.4684113030178, "layer3": 378.9539226333951, "lr": 0.0015836276156590365}, "datetime": {"datetime": "2022-10-23 17:45:42", "elapsed": 1257.925781, "delta": 41.490587}}
{"target": -0.000333902650641431, "params": {"alpha": 0.1676325781122263, "batch_size": 93.31513428969429, "drop": 0.46144924087718686, "layer1": 163.1119623938534, "layer2": 259.9060228024251, "layer3": 373.5095445346553, "lr": 0.00427960815714807}, "datetime": {"datetime": "2022-10-23 17:46:08", "elapsed": 1268.03327, "delta": 55.722503}}
{"target": -0.00046035606676173496, "params": {"alpha": 0.6511382691792457, "batch_size": 46.98547449856094, "drop": 0.23357196560742446, "layer1": 432.60756603321533, "layer2": 144.05470369198238, "layer3": 126.66521705469262, "lr": 0.008142174470044863}, "datetime": {"datetime": "2022-10-23 17:46:20", "elapsed": 1277.827855, "delta": 72.593829}}
{"target": -0.00011951253441352373, "params": {"alpha": 0.012215326111214191, "batch_size": 76.01819256835623, "drop": 0.22891457942942886, "layer1": 234.25623582494705, "layer2": 260.19841636604355, "layer3": 223.13918715145854, "lr": 0.002326191435255178}, "datetime": {"datetime": "2022-10-23 17:46:33", "elapsed": 1309.346916, "delta": 51.421135}}
{"target": -3.369334081071429e-05, "params": {"alpha": 0.32767716406967934, "batch_size": 28.660250237817404, "drop": 0.10825505811401843, "layer1": 251.84435968809237, "layer2": 335.0610535262043, "layer3": 129.09646726205236, "lr": 0.013611301498824818}, "datetime": {"datetime": "2022-10-23 17:46:54", "elapsed": 1295.029971, "delta": 91.147064}}
{"target": -0.00029921138894950045, "params": {"alpha": 0.2849043882577158, "batch_size": 134.01242321693638, "drop": 0.34395693860493737, "layer1": 299.5361004344966, "layer2": 343.70076232324686, "layer3": 425.97655924521206, "lr": 0.007966868872299198}, "datetime": {"datetime": "2022-10-23 17:47:02", "elapsed": 1321.870914, "delta": 53.837644}}
{"target": -0.0003791611603375122, "params": {"alpha": 0.6781438454806932, "batch_size": 20.69624267365304, "drop": 0.1481051845146013, "layer1": 321.05235123559294, "layer2": 218.38534713874878, "layer3": 278.86143508834607, "lr": 0.00447272302600415}, "datetime": {"datetime": "2022-10-23 17:47:05", "elapsed": 1482.986126, "delta": 132.980276}}
{"target": -3.8931419112486765e-05, "params": {"alpha": 0.17625777795087974, "batch_size": 62.3272777614284, "drop": 0.3472988673309182, "layer1": 171.9579573267759, "layer2": 293.8236599354496, "layer3": 51.588561150457096, "lr": 0.014815252567673387}, "datetime": {"datetime": "2022-10-23 17:47:44", "elapsed": 1345.469748, "delta": 50.439777}}
{"target": -0.0003711507340135694, "params": {"alpha": 0.5334848768118207, "batch_size": 143.4396830709169, "drop": 0.36760694602420285, "layer1": 99.29098707296522, "layer2": 398.4384825078179, "layer3": 243.99572882453214, "lr": 0.00568974563220619}, "datetime": {"datetime": "2022-10-23 17:47:47", "elapsed": 1367.578291, "delta": 45.707377}}
{"target": -0.00011866656008579888, "params": {"alpha": 0.03195891606171364, "batch_size": 30.768692171365643, "drop": 0.44434171152387186, "layer1": 203.1862754367605, "layer2": 238.17251926794552, "layer3": 341.0052832047072, "lr": 0.002348145899169908}, "datetime": {"datetime": "2022-10-23 17:48:19", "elapsed": 1415.038691, "delta": 105.691775}}
{"target": -0.00035748418129626845, "params": {"alpha": 0.3595463721305761, "batch_size": 27.450240642990735, "drop": 0.25371457769587125, "layer1": 145.2232180939096, "layer2": 194.54412668646097, "layer3": 195.09424798430433, "lr": 0.004959419917677921}, "datetime": {"datetime": "2022-10-23 17:48:24", "elapsed": 1402.092827, "delta": 124.264972}}
{"target": -4.0005117625696585e-05, "params": {"alpha": 0.21710350255382999, "batch_size": 56.36798133668764, "drop": 0.3680620369778005, "layer1": 97.37546273177091, "layer2": 159.49190186199337, "layer3": 60.64669053349343, "lr": 0.008080938082505023}, "datetime": {"datetime": "2022-10-23 17:48:37", "elapsed": 1398.810017, "delta": 53.340269}}
{"target": -0.000409761548423528, "params": {"alpha": 0.7863277562156226, "batch_size": 36.23933744461212, "drop": 0.2814882700439829, "layer1": 135.28030755323897, "layer2": 237.74322243120508, "layer3": 123.84703866552871, "lr": 0.005280275675291808}, "datetime": {"datetime": "2022-10-23 17:48:40", "elapsed": 1577.631348, "delta": 94.645222}}
{"target": -0.0002222573663631225, "params": {"alpha": 0.2240268620840154, "batch_size": 161.0569386024748, "drop": 0.5152459638714935, "layer1": 180.95524668220233, "layer2": 263.6220253675328, "layer3": 316.0235609789288, "lr": 0.002614706445769263}, "datetime": {"datetime": "2022-10-23 17:48:41", "elapsed": 1420.893132, "delta": 53.314841}}
{"target": -0.00011905300536706362, "params": {"alpha": 0.03167672269560545, "batch_size": 78.09752981779266, "drop": 0.47156706105138113, "layer1": 151.28870093530634, "layer2": 190.42429333576612, "layer3": 444.4768667580059, "lr": 0.001427788109091379}, "datetime": {"datetime": "2022-10-23 17:49:16", "elapsed": 1471.894166, "delta": 56.855475}}
{"target": -0.00034610360963507756, "params": {"alpha": 0.5273733876752136, "batch_size": 146.91423381626316, "drop": 0.48008197301138156, "layer1": 126.24330352991146, "layer2": 284.7707232079142, "layer3": 412.9105381070059, "lr": 0.0059591641978292195}, "datetime": {"datetime": "2022-10-23 17:49:27", "elapsed": 1467.437521, "delta": 46.544389}}
{"target": -0.0002613510335062875, "params": {"alpha": 0.35646015214712373, "batch_size": 135.7308734192833, "drop": 0.22572517107658727, "layer1": 183.3637882370117, "layer2": 126.59607994775722, "layer3": 525.6051143138205, "lr": 0.006058203729511223}, "datetime": {"datetime": "2022-10-23 17:50:17", "elapsed": 1517.316433, "delta": 49.878912}}
{"target": -0.0005983404722864502, "params": {"alpha": 0.5734536134024519, "batch_size": 19.039453444764575, "drop": 0.20477593209792133, "layer1": 306.285749025868, "layer2": 150.1554082757636, "layer3": 101.62218148810611, "lr": 0.008051327761794182}, "datetime": {"datetime": "2022-10-23 17:50:32", "elapsed": 1530.143094, "delta": 128.050267}}
{"target": -2.5754796297405846e-05, "params": {"alpha": 0.136012887537123, "batch_size": 19.304550056803677, "drop": 0.2314875676863847, "layer1": 105.58339077463776, "layer2": 177.55961941509167, "layer3": 101.21072802911809, "lr": 0.010375348242723362}, "datetime": {"datetime": "2022-10-23 17:50:43", "elapsed": 1524.525441, "delta": 125.715424}}
{"target": -0.00032811923285746615, "params": {"alpha": 0.3268386537436526, "batch_size": 26.589908726324996, "drop": 0.25275789235822266, "layer1": 448.0699253732415, "layer2": 250.27088086045228, "layer3": 288.4906364833386, "lr": 0.0031168892662730404}, "datetime": {"datetime": "2022-10-23 17:50:54", "elapsed": 1711.722096, "delta": 134.090748}}
{"target": -0.0001184456768373929, "params": {"alpha": 0.01301950249034245, "batch_size": 33.730654363025806, "drop": 0.5884540457318762, "layer1": 194.56188014046455, "layer2": 218.0936723168689, "layer3": 438.6388220415561, "lr": 0.001795195892101953}, "datetime": {"datetime": "2022-10-23 17:51:01", "elapsed": 1576.828342, "delta": 104.934176}}
{"target": -0.0003787377885979331, "params": {"alpha": 0.5723919404404143, "batch_size": 133.8424793865757, "drop": 0.3143837115670347, "layer1": 269.90401732089566, "layer2": 423.74777496514116, "layer3": 469.8974096113363, "lr": 0.006932018333008887}, "datetime": {"datetime": "2022-10-23 17:51:05", "elapsed": 1565.376511, "delta": 48.060078}}
{"target": -5.393957326305099e-05, "params": {"alpha": 0.4227633357015227, "batch_size": 48.85592950462976, "drop": 0.3195596654330397, "layer1": 292.8431743702322, "layer2": 340.5145401515847, "layer3": 106.51320250239138, "lr": 0.015701352711008476}, "datetime": {"datetime": "2022-10-23 17:51:43", "elapsed": 1584.810491, "delta": 60.28505}}
{"target": -0.00026298171067234733, "params": {"alpha": 0.38891422094633293, "batch_size": 153.03835954414194, "drop": 0.21426863226329837, "layer1": 231.84280347457428, "layer2": 191.07075135795523, "layer3": 309.56769399517486, "lr": 0.005976694140127581}, "datetime": {"datetime": "2022-10-23 17:51:52", "elapsed": 1612.046496, "delta": 46.669985}}
{"target": -0.00011818161986474421, "params": {"alpha": 0.01701050259130073, "batch_size": 69.43628146411835, "drop": 0.3457887963492471, "layer1": 97.07272453279298, "layer2": 254.93147592416938, "layer3": 292.4560368055718, "lr": 0.0021092693074594494}, "datetime": {"datetime": "2022-10-23 17:51:56", "elapsed": 1631.931248, "delta": 55.102906}}
{"target": -0.0003998854774996646, "params": {"alpha": 0.3308883404678757, "batch_size": 47.81837159029595, "drop": 0.16861939954608718, "layer1": 287.86024158916086, "layer2": 194.96824047850077, "layer3": 182.64282623391912, "lr": 0.0064631921048957245}, "datetime": {"datetime": "2022-10-23 17:52:00", "elapsed": 1618.315746, "delta": 88.172652}}
{"target": -2.4937808120739646e-05, "params": {"alpha": 0.4521409042798562, "batch_size": 59.983409122940074, "drop": 0.14069642282327072, "layer1": 99.16428384000974, "layer2": 229.972021958585, "layer3": 89.04549658293692, "lr": 0.005461089050188146}, "datetime": {"datetime": "2022-10-23 17:52:35", "elapsed": 1636.356341, "delta": 51.54585}}
{"target": -0.0002452961831454481, "params": {"alpha": 0.3733773979059699, "batch_size": 143.7728301204712, "drop": 0.26348732746277614, "layer1": 112.8434963298132, "layer2": 329.66134513532563, "layer3": 491.567748666302, "lr": 0.007177667985909789}, "datetime": {"datetime": "2022-10-23 17:52:43", "elapsed": 1663.296995, "delta": 51.250499}}
{"target": -0.00011843416341421804, "params": {"alpha": 0.031971598160230666, "batch_size": 49.7418947799832, "drop": 0.6545253265764802, "layer1": 153.64665742073026, "layer2": 199.23600150456286, "layer3": 319.05975974653006, "lr": 0.0014013451435244341}, "datetime": {"datetime": "2022-10-23 17:53:06", "elapsed": 1702.51406, "delta": 70.582812}}
{"target": -0.0005010120156065173, "params": {"alpha": 0.5522463674307925, "batch_size": 45.35213831911186, "drop": 0.22318021778198327, "layer1": 284.35875930795595, "layer2": 241.63098707763254, "layer3": 227.50314477602132, "lr": 0.00867075038738093}, "datetime": {"datetime": "2022-10-23 17:53:10", "elapsed": 1688.308214, "delta": 69.992468}}
{"target": -0.0007778135207074766, "params": {"alpha": 0.751006465700787, "batch_size": 17.211766656950598, "drop": 0.27039781747466185, "layer1": 171.3527393695521, "layer2": 131.27157956556564, "layer3": 150.6242495249437, "lr": 0.00873840044036443}, "datetime": {"datetime": "2022-10-23 17:53:15", "elapsed": 1853.355863, "delta": 141.633767}}
{"target": -2.6653518943930976e-05, "params": {"alpha": 0.1923824458379477, "batch_size": 50.09648095313686, "drop": 0.21469566949028035, "layer1": 121.884575249261, "layer2": 271.39630912586307, "layer3": 165.81699955392838, "lr": 0.0056213629119123976}, "datetime": {"datetime": "2022-10-23 17:53:23", "elapsed": 1684.69212, "delta": 48.335779}}
{"target": -0.00011843412040161505, "params": {"alpha": 0.012580793816268825, "batch_size": 73.9195619488607, "drop": 0.45122778511926664, "layer1": 241.48349137049638, "layer2": 385.5052370091182, "layer3": 221.95139166064885, "lr": 0.0010327527575363096}, "datetime": {"datetime": "2022-10-23 17:53:59", "elapsed": 1755.725105, "delta": 53.211045}}
{"target": -0.0002878101133520551, "params": {"alpha": 0.32026682085644437, "batch_size": 48.133109801172054, "drop": 0.17753164056083992, "layer1": 111.50522578828335, "layer2": 200.86602024683492, "layer3": 230.21602345111393, "lr": 0.005677949092107233}, "datetime": {"datetime": "2022-10-23 17:54:12", "elapsed": 1752.009031, "delta": 88.712036}}
{"target": -0.00039201588899557383, "params": {"alpha": 0.6044549689818826, "batch_size": 32.40933000436346, "drop": 0.2371367093750172, "layer1": 163.84097066728685, "layer2": 72.15642932019199, "layer3": 200.22384829083816, "lr": 0.005311339067540569}, "datetime": {"datetime": "2022-10-23 17:54:37", "elapsed": 1775.501566, "delta": 87.193352}}
{"target": -0.00011874700793486288, "params": {"alpha": 0.022885632578887517, "batch_size": 96.36262719541857, "drop": 0.6045125073126086, "layer1": 213.3004014307631, "layer2": 210.5313109966862, "layer3": 492.90220301224804, "lr": 0.002257403488729262}, "datetime": {"datetime": "2022-10-23 17:54:44", "elapsed": 1799.812929, "delta": 44.087824}}
{"target": -0.00033320538375241596, "params": {"alpha": 0.22884012077495103, "batch_size": 49.76301406649221, "drop": 0.1633948805692826, "layer1": 249.76205703902303, "layer2": 99.88097932528946, "layer3": 236.37367906632159, "lr": 0.0063648919679571}, "datetime": {"datetime": "2022-10-23 17:54:46", "elapsed": 1943.78634, "delta": 90.430477}}
{"target": -2.8798176572308876e-05, "params": {"alpha": 0.1994662490720927, "batch_size": 20.409945147368354, "drop": 0.2620918979833524, "layer1": 234.1863354757111, "layer2": 124.63597020573947, "layer3": 178.90777209976926, "lr": 0.004201042506389933}, "datetime": {"datetime": "2022-10-23 17:55:01", "elapsed": 1782.616833, "delta": 97.924713}}
{"target": -0.0003340255088415696, "params": {"alpha": 0.3021586952907643, "batch_size": 104.18895090151017, "drop": 0.14923191096543215, "layer1": 224.05909938149512, "layer2": 447.21732587263466, "layer3": 515.0440376554249, "lr": 0.008903326124283777}, "datetime": {"datetime": "2022-10-23 17:55:04", "elapsed": 1804.049608, "delta": 52.040577}}
{"target": -0.0001183274519076715, "params": {"alpha": 0.026510086205809406, "batch_size": 69.36528926591645, "drop": 0.8453802199718252, "layer1": 256.3782403602129, "layer2": 448.04687377995333, "layer3": 506.927593370969, "lr": 0.0023368779969656717}, "datetime": {"datetime": "2022-10-23 17:55:38", "elapsed": 1854.579549, "delta": 54.76662}}
{"target": -0.00034480062356466126, "params": {"alpha": 0.4925623126731261, "batch_size": 81.57308873716106, "drop": 0.47139388290817164, "layer1": 186.535943410227, "layer2": 359.00920494860196, "layer3": 302.56771894900794, "lr": 0.0047143006963090515}, "datetime": {"datetime": "2022-10-23 17:56:06", "elapsed": 1866.424086, "delta": 62.374478}}
{"target": -2.9176035241107456e-05, "params": {"alpha": 0.2177335690689198, "batch_size": 32.2639628047882, "drop": 0.33335161692985765, "layer1": 234.68241922771563, "layer2": 282.16442755947793, "layer3": 78.61115234259361, "lr": 0.0049557453284339885}, "datetime": {"datetime": "2022-10-23 17:56:10", "elapsed": 1851.670496, "delta": 69.053663}}
