{"target": -0.0005726388073979703, "params": {"alpha": 0.7409792340120043, "batch_size": 20.841540206536077, "drop": 0.20547245061632075, "layer1": 368.3983857773978, "layer2": 86.49044484559569, "layer3": 296.0469984158673, "lr": 0.006608932520420297}, "datetime": {"datetime": "2022-10-23 17:56:17", "elapsed": 1875.575027, "delta": 100.073461}}
{"target": -0.00011907070475834822, "params": {"alpha": 0.024624735852745966, "batch_size": 46.2015650736254, "drop": 0.34274310100163796, "layer1": 100.18549079030706, "layer2": 187.82165042926408, "layer3": 193.71798201548043, "lr": 0.0007444575340929047}, "datetime": {"datetime": "2022-10-23 17:56:52", "elapsed": 1928.08006, "delta": 73.500511}}
{"target": -0.00028592054056989164, "params": {"alpha": 0.25408434724466483, "batch_size": 90.21057344144643, "drop": 0.1318493563211971, "layer1": 343.13671468388276, "layer2": 382.9774068146241, "layer3": 292.1787601151317, "lr": 0.00484477449451695}, "datetime": {"datetime": "2022-10-23 17:57:06", "elapsed": 1925.989566, "delta": 59.56548}}
{"target": -0.00011845664329079396, "params": {"alpha": 0.0343443172935709, "batch_size": 101.07048443273645, "drop": 0.7658401484924224, "layer1": 158.09718124254124, "layer2": 149.79281651622426, "layer3": 361.3834956044254, "lr": 0.0019287827925121874}, "datetime": {"datetime": "2022-10-23 17:57:34", "elapsed": 1970.210655, "delta": 42.130595}}
{"target": -2.736650094448123e-05, "params": {"alpha": 0.3790202608297729, "batch_size": 20.11150748925264, "drop": 0.36085812092702185, "layer1": 176.3835765884993, "layer2": 187.6988938502706, "layer3": 89.31367858977887, "lr": 0.0046992263363079545}, "datetime": {"datetime": "2022-10-23 17:57:49", "elapsed": 1950.026484, "delta": 98.355988}}
{"target": -0.0003118069115993852, "params": {"alpha": 0.3654802469997208, "batch_size": 108.90677155521604, "drop": 0.18962238499529402, "layer1": 143.39762211114999, "layer2": 128.3340555468533, "layer3": 545.2255816654741, "lr": 0.0037764140035401097}, "datetime": {"datetime": "2022-10-23 17:58:00", "elapsed": 1980.11338, "delta": 54.123814}}
{"target": -0.0003571177621673122, "params": {"alpha": 0.5359323494320503, "batch_size": 15.40723322251432, "drop": 0.10294835411648771, "layer1": 350.63377155177704, "layer2": 242.85256377347025, "layer3": 158.6938142570954, "lr": 0.0040519911262969785}, "datetime": {"datetime": "2022-10-23 17:58:15", "elapsed": 2152.47931, "delta": 208.69297}}
{"target": -0.004269637861035779, "params": {"alpha": 0.5303810786477716, "batch_size": 16.368369033474682, "drop": 0.30256165817778247, "layer1": 136.97351794714345, "layer2": 189.2157766247895, "layer3": 262.8505347171514, "lr": 0.009621700023781009}, "datetime": {"datetime": "2022-10-23 17:58:19", "elapsed": 1996.819023, "delta": 121.243996}}
{"target": -0.0001190634871163666, "params": {"alpha": 0.011106492671098922, "batch_size": 81.58328590331116, "drop": 0.4046844979289672, "layer1": 224.71083535178323, "layer2": 500.8874015818356, "layer3": 405.1545325527154, "lr": 0.0025845677098789276}, "datetime": {"datetime": "2022-10-23 17:58:23", "elapsed": 2019.296679, "delta": 49.086024}}
{"target": -0.00025474442220634004, "params": {"alpha": 0.5630535626441142, "batch_size": 114.00458654436258, "drop": 0.43948074884861066, "layer1": 297.00726707377555, "layer2": 263.92164491777004, "layer3": 448.19182238062155, "lr": 0.0036669029550808257}, "datetime": {"datetime": "2022-10-23 17:58:57", "elapsed": 2037.528951, "delta": 57.415571}}
{"target": -2.9662651286344044e-05, "params": {"alpha": 0.23025511734514004, "batch_size": 29.443567381025304, "drop": 0.1758910260267708, "layer1": 223.12589717482228, "layer2": 284.4291532093692, "layer3": 176.57338617991127, "lr": 0.01387612522414893}, "datetime": {"datetime": "2022-10-23 17:59:19", "elapsed": 2040.01318, "delta": 89.986696}}
{"target": -0.0003831378228589869, "params": {"alpha": 0.5459007720371419, "batch_size": 50.35134983146914, "drop": 0.09480531280248243, "layer1": 207.26292723853553, "layer2": 213.45226505541785, "layer3": 175.59608547903883, "lr": 0.008624689035560866}, "datetime": {"datetime": "2022-10-23 17:59:19", "elapsed": 2217.0361, "delta": 64.55679}}
{"target": -0.00011897117385071533, "params": {"alpha": 0.03747011900424315, "batch_size": 42.890279478886924, "drop": 0.6807244859037713, "layer1": 72.00154993369505, "layer2": 278.9445226366188, "layer3": 399.7724714796484, "lr": 0.002212427014270283}, "datetime": {"datetime": "2022-10-23 17:59:42", "elapsed": 2098.422043, "delta": 79.125364}}
{"target": -0.00022366249824140016, "params": {"alpha": 0.40609554937062653, "batch_size": 53.25954058930485, "drop": 0.39757308776333233, "layer1": 132.90444606191497, "layer2": 275.4058075696767, "layer3": 169.36780531978297, "lr": 0.0028781569866896855}, "datetime": {"datetime": "2022-10-23 18:00:17", "elapsed": 2117.319912, "delta": 79.790961}}
{"target": -0.006152828943195343, "params": {"alpha": 0.23137868426194705, "batch_size": 16.866659474309316, "drop": 0.22948576530614564, "layer1": 344.8082302109613, "layer2": 238.02904904968744, "layer3": 268.1182275184523, "lr": 0.009216480468096554}, "datetime": {"datetime": "2022-10-23 18:00:20", "elapsed": 2117.993475, "delta": 121.174452}}
{"target": -0.00011819041522737572, "params": {"alpha": 0.021718749526475963, "batch_size": 88.74268088752605, "drop": 0.3906885981513552, "layer1": 72.46304519191668, "layer2": 353.74500020827463, "layer3": 425.43984307949995, "lr": 0.0018894201912360875}, "datetime": {"datetime": "2022-10-23 18:00:29", "elapsed": 2145.024999, "delta": 46.602956}}
{"target": -0.0003498035079731714, "params": {"alpha": 0.6942621894400134, "batch_size": 46.05607895475064, "drop": 0.0934226347495426, "layer1": 172.6538736167798, "layer2": 160.44926055374566, "layer3": 294.50109654581667, "lr": 0.006297564660994804}, "datetime": {"datetime": "2022-10-23 18:00:38", "elapsed": 2296.366026, "delta": 79.329926}}
{"target": -3.4033389965770766e-05, "params": {"alpha": 0.36855796743938085, "batch_size": 24.547232018041278, "drop": 0.307735315144124, "layer1": 202.01697876692535, "layer2": 152.74894024472206, "layer3": 152.38403407285375, "lr": 0.010830708546703005}, "datetime": {"datetime": "2022-10-23 18:01:02", "elapsed": 2143.492295, "delta": 103.479115}}
{"target": -0.000231926971165257, "params": {"alpha": 0.4545347877090704, "batch_size": 122.38772163711371, "drop": 0.1574245876537595, "layer1": 128.56695964160673, "layer2": 266.23045348729926, "layer3": 426.33090134577924, "lr": 0.006847199030387312}, "datetime": {"datetime": "2022-10-23 18:01:09", "elapsed": 2169.387172, "delta": 52.06726}}
{"target": -0.00034365169944551533, "params": {"alpha": 0.3362319905948723, "batch_size": 50.85176751160356, "drop": 0.08557643869988395, "layer1": 147.7921763926601, "layer2": 229.62852707172937, "layer3": 169.64050459033493, "lr": 0.008388702731302196}, "datetime": {"datetime": "2022-10-23 18:01:39", "elapsed": 2357.391348, "delta": 61.025322}}
{"target": -0.00011899696247881382, "params": {"alpha": 0.026553606214447807, "batch_size": 32.41532116723725, "drop": 0.5676577959900428, "layer1": 238.81688492002831, "layer2": 401.6649837147998, "layer3": 354.1351881750527, "lr": 0.0011924507417696566}, "datetime": {"datetime": "2022-10-23 18:01:52", "elapsed": 2228.100641, "delta": 83.075642}}
{"target": -0.00031237429306830343, "params": {"alpha": 0.5585066231530658, "batch_size": 130.12539343021254, "drop": 0.25946752180889987, "layer1": 258.06397161906244, "layer2": 444.7736344697778, "layer3": 230.31196787187338, "lr": 0.009317175103926385}, "datetime": {"datetime": "2022-10-23 18:01:56", "elapsed": 2216.342856, "delta": 46.955684}}
{"target": -0.0003175926322004749, "params": {"alpha": 0.22930661360489107, "batch_size": 37.89065143420748, "drop": 0.25324465014383457, "layer1": 301.0968782559969, "layer2": 153.33582760541304, "layer3": 95.1108353646717, "lr": 0.002943798558931435}, "datetime": {"datetime": "2022-10-23 18:01:59", "elapsed": 2216.975607, "delta": 98.982132}}
{"target": -2.4976165150292218e-05, "params": {"alpha": 0.47130457320834535, "batch_size": 36.49423476591527, "drop": 0.14269629455153265, "layer1": 234.4655183560081, "layer2": 177.45697951545597, "layer3": 150.7954166081576, "lr": 0.006682042578210704}, "datetime": {"datetime": "2022-10-23 18:02:18", "elapsed": 2219.357213, "delta": 75.864918}}
{"target": -0.00011891289677116891, "params": {"alpha": 0.027678897824621188, "batch_size": 88.11775520437364, "drop": 0.5696829445779867, "layer1": 211.1044734448143, "layer2": 533.6891052803011, "layer3": 251.38777238573905, "lr": 0.0017595598616453804}, "datetime": {"datetime": "2022-10-23 18:02:39", "elapsed": 2274.796303, "delta": 46.695662}}
{"target": -0.00024187929942725065, "params": {"alpha": 0.22042501441674478, "batch_size": 123.2535522823706, "drop": 0.28024589890764673, "layer1": 115.9651834771581, "layer2": 212.50530301926824, "layer3": 150.86347242548558, "lr": 0.003762666079508971}, "datetime": {"datetime": "2022-10-23 18:02:48", "elapsed": 2268.477009, "delta": 52.134153}}
{"target": -0.0003619221466260704, "params": {"alpha": 0.34779829866872636, "batch_size": 44.15086025132703, "drop": 0.20172264703826182, "layer1": 267.099745574169, "layer2": 106.63618359002409, "layer3": 118.71393242995431, "lr": 0.005950958897259059}, "datetime": {"datetime": "2022-10-23 18:03:12", "elapsed": 2449.522201, "delta": 92.130853}}
{"target": -0.00011804498106434861, "params": {"alpha": 0.010827928572206031, "batch_size": 81.53814731528253, "drop": 0.45694898139627205, "layer1": 199.88948425348232, "layer2": 292.9563794175401, "layer3": 496.4407349927927, "lr": 0.0024730532966570464}, "datetime": {"datetime": "2022-10-23 18:03:28", "elapsed": 2323.886319, "delta": 49.090016}}
{"target": -0.0003957909084883607, "params": {"alpha": 0.5125569119811926, "batch_size": 36.52029291691538, "drop": 0.2584390734762887, "layer1": 285.62731833219925, "layer2": 246.2411605579049, "layer3": 356.9814481089901, "lr": 0.003799828006317841}, "datetime": {"datetime": "2022-10-23 18:03:29", "elapsed": 2307.259956, "delta": 90.284349}}
{"target": -0.00031761896862718305, "params": {"alpha": 0.40378264531461283, "batch_size": 47.068580448545696, "drop": 0.24333947473348178, "layer1": 339.87279370239514, "layer2": 293.77479871340523, "layer3": 383.63858951874795, "lr": 0.006655794546775447}, "datetime": {"datetime": "2022-10-23 18:04:05", "elapsed": 2345.476365, "delta": 76.999356}}
{"target": -2.221915747213643e-05, "params": {"alpha": 0.15344682638982993, "batch_size": 21.8358683510043, "drop": 0.12556679620588007, "layer1": 111.38512792169865, "layer2": 135.68945489497247, "layer3": 70.88201954965012, "lr": 0.0073987113757449825}, "datetime": {"datetime": "2022-10-23 18:04:13", "elapsed": 2334.190203, "delta": 114.83299}}
{"target": -0.00011817574009272342, "params": {"alpha": 0.03529557366425795, "batch_size": 75.2180577648374, "drop": 0.6356751284560623, "layer1": 177.78092240110266, "layer2": 153.1912275305232, "layer3": 235.13612249563704, "lr": 0.0015091003060064786}, "datetime": {"datetime": "2022-10-23 18:04:19", "elapsed": 2375.288649, "delta": 51.40233}}
{"target": -0.0005929001509670952, "params": {"alpha": 0.7121955305537119, "batch_size": 26.45721585312029, "drop": 0.2979272105853879, "layer1": 189.49291186459203, "layer2": 148.97521210146357, "layer3": 230.22366413326375, "lr": 0.008073166411136822}, "datetime": {"datetime": "2022-10-23 18:04:49", "elapsed": 2547.077806, "delta": 97.555605}}
{"target": -0.0002740691450977435, "params": {"alpha": 0.22190522268135743, "batch_size": 163.50816932779094, "drop": 0.1657811713263373, "layer1": 171.34781143920623, "layer2": 341.2017904940361, "layer3": 497.56261931027996, "lr": 0.005635509364087273}, "datetime": {"datetime": "2022-10-23 18:04:58", "elapsed": 2397.996412, "delta": 52.520047}}
{"target": -0.0003889591112795428, "params": {"alpha": 0.8436262534124017, "batch_size": 36.411526292149134, "drop": 0.09011090550429633, "layer1": 132.646373087902, "layer2": 240.00328208677013, "layer3": 96.0936384253175, "lr": 0.008178827362120725}, "datetime": {"datetime": "2022-10-23 18:04:58", "elapsed": 2396.347902, "delta": 89.087946}}
{"target": -2.6149115001317114e-05, "params": {"alpha": 0.39934269340367823, "batch_size": 59.46731579259823, "drop": 0.14983506114150727, "layer1": 217.47484015058092, "layer2": 348.0935442994071, "layer3": 103.29723930749941, "lr": 0.010538692027816921}, "datetime": {"datetime": "2022-10-23 18:05:05", "elapsed": 2386.275542, "delta": 52.085339}}
{"target": -0.00011898273247744797, "params": {"alpha": 0.03533460261078559, "batch_size": 42.91423149396206, "drop": 0.8504556768262787, "layer1": 173.6971669882983, "layer2": 237.53575567957108, "layer3": 406.0469879002827, "lr": 0.0014299908831282055}, "datetime": {"datetime": "2022-10-23 18:05:39", "elapsed": 2454.839296, "delta": 79.550647}}
{"target": -0.00024984595960607164, "params": {"alpha": 0.18513817838185462, "batch_size": 77.83816342889352, "drop": 0.18348386489449603, "layer1": 302.5675209664506, "layer2": 239.91999950364283, "layer3": 397.59860570080644, "lr": 0.0031116455831658473}, "datetime": {"datetime": "2022-10-23 18:06:03", "elapsed": 2463.076108, "delta": 65.079696}}
{"target": -2.5088053007493727e-05, "params": {"alpha": 0.4127000837885413, "batch_size": 49.78411741904529, "drop": 0.2287515850757978, "layer1": 196.51505618198036, "layer2": 175.08433970305626, "layer3": 67.63991215076325, "lr": 0.011033848971104945}, "datetime": {"datetime": "2022-10-23 18:06:04", "elapsed": 2445.2927, "delta": 59.017158}}
{"target": -0.00037496205010409503, "params": {"alpha": 0.778760973523347, "batch_size": 46.98363132198848, "drop": 0.13816783518673476, "layer1": 263.8953810783246, "layer2": 72.97598526335237, "layer3": 205.88066969528575, "lr": 0.003316243825688409}, "datetime": {"datetime": "2022-10-23 18:06:12", "elapsed": 2630.17386, "delta": 83.096054}}
{"target": -0.0003895814601637284, "params": {"alpha": 0.8186073812366828, "batch_size": 29.284637690113634, "drop": 0.19249215315008095, "layer1": 263.9174069449793, "layer2": 132.5418748789282, "layer3": 343.3633895956104, "lr": 0.002977734561928402}, "datetime": {"datetime": "2022-10-23 18:06:49", "elapsed": 2507.459125, "delta": 111.111223}}
{"target": -0.0002349409012672184, "params": {"alpha": 0.20211970452570954, "batch_size": 153.58425981113285, "drop": 0.2090568627407317, "layer1": 328.7196043606075, "layer2": 235.5893314051413, "layer3": 540.191927184834, "lr": 0.0029979012520536686}, "datetime": {"datetime": "2022-10-23 18:06:58", "elapsed": 2518.31182, "delta": 55.235712}}
{"target": -0.00011873948920831825, "params": {"alpha": 0.021072435913987064, "batch_size": 38.43282322353852, "drop": 0.5655453685738524, "layer1": 176.05483450685853, "layer2": 350.31604397491856, "layer3": 150.84269725879193, "lr": 0.0010413266689099213}, "datetime": {"datetime": "2022-10-23 18:07:04", "elapsed": 2540.562075, "delta": 85.722779}}
{"target": -3.8583755667787045e-05, "params": {"alpha": 0.2072414506746896, "batch_size": 44.56860418876179, "drop": 0.370247923491162, "layer1": 212.99294140912485, "layer2": 333.17333363011494, "layer3": 186.26838736713057, "lr": 0.01183696437950919}, "datetime": {"datetime": "2022-10-23 18:07:09", "elapsed": 2509.876176, "delta": 64.583476}}
{"target": -0.00026216605176989635, "params": {"alpha": 0.1629372194617118, "batch_size": 149.43524647362477, "drop": 0.1299125568856932, "layer1": 166.61497235708504, "layer2": 131.7842360116846, "layer3": 374.31158965337534, "lr": 0.008374890167125299}, "datetime": {"datetime": "2022-10-23 18:07:44", "elapsed": 2564.214888, "delta": 45.903068}}
{"target": -0.0005163495421846244, "params": {"alpha": 0.739727497914051, "batch_size": 44.80106723265881, "drop": 0.265130416816273, "layer1": 128.41675540971397, "layer2": 96.69393876052953, "layer3": 211.72770773111543, "lr": 0.009732530196141256}, "datetime": {"datetime": "2022-10-23 18:07:57", "elapsed": 2575.614849, "delta": 68.155724}}
{"target": -0.00011821259282469127, "params": {"alpha": 0.02495578911308523, "batch_size": 40.44217926546803, "drop": 0.25621107348868627, "layer1": 236.73115649351612, "layer2": 443.13366270501564, "layer3": 419.4562802106786, "lr": 0.0012174720434204285}, "datetime": {"datetime": "2022-10-23 18:08:11", "elapsed": 2607.453716, "delta": 66.891641}}
{"target": -4.1010993300005794e-05, "params": {"alpha": 0.23666864722206377, "batch_size": 43.04884611519799, "drop": 0.27964392014161604, "layer1": 160.66023335856053, "layer2": 214.0179214809483, "layer3": 51.45500084679534, "lr": 0.013749832780126984}, "datetime": {"datetime": "2022-10-23 18:08:13", "elapsed": 2574.433768, "delta": 64.557592}}
{"target": -0.0001183426150480488, "params": {"alpha": 0.036384256438817736, "batch_size": 85.13533372015614, "drop": 0.7823868711219127, "layer1": 70.77178869576319, "layer2": 338.9396594158377, "layer3": 479.9769909384877, "lr": 0.0010810730234535287}, "datetime": {"datetime": "2022-10-23 18:08:59", "elapsed": 2655.267524, "delta": 47.813808}}
{"target": -3.986748561146669e-05, "params": {"alpha": 0.33139261276520704, "batch_size": 64.76245612561294, "drop": 0.3117575506315816, "layer1": 250.38342752608636, "layer2": 170.35647212494467, "layer3": 115.42977907116628, "lr": 0.00963707044919591}, "datetime": {"datetime": "2022-10-23 18:09:02", "elapsed": 2623.788516, "delta": 49.354748}}
{"target": -0.0003490080049041657, "params": {"alpha": 0.579587217854799, "batch_size": 47.447812583044986, "drop": 0.4481969767725107, "layer1": 277.3666541078771, "layer2": 342.23928413472373, "layer3": 513.5440343457701, "lr": 0.004335551254551947}, "datetime": {"datetime": "2022-10-23 18:09:04", "elapsed": 2644.257882, "delta": 80.042994}}
{"target": -0.0005168525221353573, "params": {"alpha": 0.6094804703185402, "batch_size": 47.97763293172761, "drop": 0.19870715489147595, "layer1": 281.10498243124914, "layer2": 189.77423794238328, "layer3": 307.30107323722973, "lr": 0.007893262665981369}, "datetime": {"datetime": "2022-10-23 18:09:05", "elapsed": 2643.233241, "delta": 67.618392}}
{"target": -0.0038196047225763606, "params": {"alpha": 0.4940406056413805, "batch_size": 13.004404174189194, "drop": 0.12843749809873678, "layer1": 468.5944439313356, "layer2": 106.22956185349958, "layer3": 110.43963228499408, "lr": 0.008306548550448429}, "datetime": {"datetime": "2022-10-23 18:09:09", "elapsed": 2806.806589, "delta": 176.632729}}
{"target": -0.00011881532912150824, "params": {"alpha": 0.03238073113340446, "batch_size": 102.13066204396846, "drop": 0.32223108003608325, "layer1": 131.50910591683976, "layer2": 435.3248912765095, "layer3": 469.09924522666984, "lr": 0.0008548918512320522}, "datetime": {"datetime": "2022-10-23 18:09:42", "elapsed": 2697.951007, "delta": 42.683483}}
{"target": -3.9613034459762275e-05, "params": {"alpha": 0.18739484733773867, "batch_size": 59.94802315095108, "drop": 0.27692730994322534, "layer1": 197.0143177302548, "layer2": 153.41604320885278, "layer3": 121.4401701168555, "lr": 0.015045225859728542}, "datetime": {"datetime": "2022-10-23 18:09:54", "elapsed": 2675.509911, "delta": 51.721395}}
{"target": -0.00027918159337193344, "params": {"alpha": 0.4774781291766693, "batch_size": 50.0729038939721, "drop": 0.16052733016329007, "layer1": 120.78106738817151, "layer2": 319.19952315928725, "layer3": 416.8674543904699, "lr": 0.00489229642369734}, "datetime": {"datetime": "2022-10-23 18:10:22", "elapsed": 2722.262109, "delta": 78.004227}}
{"target": -0.00011845166555042915, "params": {"alpha": 0.03563596669640699, "batch_size": 103.37796170069086, "drop": 0.8344721471744567, "layer1": 259.8736433296161, "layer2": 189.8490927654251, "layer3": 520.9361924935782, "lr": 0.0009522950186839156}, "datetime": {"datetime": "2022-10-23 18:10:24", "elapsed": 2739.974801, "delta": 42.023794}}
{"target": -0.000791975454975016, "params": {"alpha": 0.5509635783552022, "batch_size": 15.098322112163956, "drop": 0.2650064562095758, "layer1": 241.83573909956718, "layer2": 265.7313511487363, "layer3": 213.97507290395697, "lr": 0.007343204209458606}, "datetime": {"datetime": "2022-10-23 18:11:44", "elapsed": 2962.112457, "delta": 155.305868}}
