{"target": -188.1171535221368, "params": {"batch_size": 81.8199186607601, "drop": 0.4188224233524311, "layer1": 103.43431529562235, "layer2": 56.44323824949018}, "datetime": {"datetime": "2022-11-23 12:53:05", "elapsed": 0.0, "delta": 0.0}}
{"target": -145.1337301188384, "params": {"batch_size": 29.670815089283305, "drop": 0.0659292122817492, "layer1": 285.60233895324575, "layer2": 198.69904470488564}, "datetime": {"datetime": "2022-11-23 12:53:25", "elapsed": 20.175347, "delta": 20.175347}}
{"target": -178.6285920980535, "params": {"batch_size": 11.989389471375425, "drop": 0.31605876014319384, "layer1": 345.9830989034744, "layer2": 145.29264429184525}, "datetime": {"datetime": "2022-11-23 12:53:46", "elapsed": 40.974511, "delta": 20.799164}}
{"target": -173.83940555850364, "params": {"batch_size": 44.301037211016286, "drop": 0.3317829682667932, "layer1": 270.4519851422656, "layer2": 143.01965301763877}, "datetime": {"datetime": "2022-11-23 12:54:09", "elapsed": 64.036101, "delta": 23.06159}}
{"target": -169.8100794463917, "params": {"batch_size": 77.39810816895945, "drop": 0.1685210592948187, "layer1": 57.03677095790755, "layer2": 200.08323841923917}, "datetime": {"datetime": "2022-11-23 12:54:32", "elapsed": 87.111116, "delta": 23.075015}}
{"target": -184.0486050738298, "params": {"batch_size": 75.38000569334467, "drop": 0.4970359650916947, "layer1": 327.7884958192548, "layer2": 297.76639241357503}, "datetime": {"datetime": "2022-11-23 12:54:52", "elapsed": 107.109732, "delta": 19.998616}}
{"target": -186.75094400188007, "params": {"batch_size": 118.1304485593735, "drop": 0.35507560224782136, "layer1": 155.11518292546242, "layer2": 173.40622452141275}, "datetime": {"datetime": "2022-11-23 12:55:13", "elapsed": 128.762002, "delta": 21.65227}}
{"target": -289.29659407802524, "params": {"batch_size": 114.649991963503, "drop": 0.05749502263538725, "layer1": 325.36606526849755, "layer2": 124.78980376069339}, "datetime": {"datetime": "2022-11-23 12:55:22", "elapsed": 137.659777, "delta": 8.897775}}
{"target": -177.586889145514, "params": {"batch_size": 17.548981526614707, "drop": 0.23725805328319888, "layer1": 339.1818542633149, "layer2": 99.49838933957794}, "datetime": {"datetime": "2022-11-23 12:55:45", "elapsed": 160.28522, "delta": 22.625443}}
{"target": -199.64608853540727, "params": {"batch_size": 86.39376463713651, "drop": 0.12892418336633965, "layer1": 83.93368235283118, "layer2": 320.99174330438507}, "datetime": {"datetime": "2022-11-23 12:56:05", "elapsed": 180.256978, "delta": 19.971758}}
{"target": -165.5411239050345, "params": {"batch_size": 80.58903148194872, "drop": 0.018396675821548136, "layer1": 114.08390183696902, "layer2": 233.12752529216166}, "datetime": {"datetime": "2022-11-23 12:56:25", "elapsed": 200.312454, "delta": 20.055476}}
{"target": -160.68184676936164, "params": {"batch_size": 74.99908943650593, "drop": 0.17717371077602245, "layer1": 176.33544336334893, "layer2": 112.23398162745937}, "datetime": {"datetime": "2022-11-23 12:56:46", "elapsed": 221.093861, "delta": 20.781407}}
{"target": -156.2909974103546, "params": {"batch_size": 54.85206454531553, "drop": 0.26866297384893073, "layer1": 219.30966854448377, "layer2": 224.91903909879292}, "datetime": {"datetime": "2022-11-23 12:57:04", "elapsed": 239.597899, "delta": 18.504038}}
{"target": -170.98325237981788, "params": {"batch_size": 32.29772408963591, "drop": 0.4861617290445679, "layer1": 222.74899549486184, "layer2": 85.06315293641089}, "datetime": {"datetime": "2022-11-23 12:57:28", "elapsed": 263.119652, "delta": 23.521753}}
{"target": -169.0150381991448, "params": {"batch_size": 54.57192252938421, "drop": 0.47630705156529185, "layer1": 163.8955669452498, "layer2": 216.67525750672107}, "datetime": {"datetime": "2022-11-23 12:57:54", "elapsed": 289.296488, "delta": 26.176836}}
{"target": -193.8663876634247, "params": {"batch_size": 112.34652180985218, "drop": 0.16070339729715083, "layer1": 139.31190670144022, "layer2": 279.2431683954802}, "datetime": {"datetime": "2022-11-23 12:58:10", "elapsed": 305.164554, "delta": 15.868066}}
{"target": -178.85620528242637, "params": {"batch_size": 37.58980397672133, "drop": 0.42189939992182923, "layer1": 237.8992052502493, "layer2": 93.30126949698857}, "datetime": {"datetime": "2022-11-23 12:58:31", "elapsed": 326.348964, "delta": 21.18441}}
{"target": -169.77666162546748, "params": {"batch_size": 101.85970232429072, "drop": 0.07185529508447774, "layer1": 77.10307064850105, "layer2": 50.46870643355502}, "datetime": {"datetime": "2022-11-23 12:59:06", "elapsed": 361.273369, "delta": 34.924405}}
{"target": -190.75322858332416, "params": {"batch_size": 122.71981147982157, "drop": 0.4090065409376549, "layer1": 176.2226563294525, "layer2": 252.46619142887212}, "datetime": {"datetime": "2022-11-23 12:59:32", "elapsed": 387.16927, "delta": 25.895901}}
{"target": -185.11767387915262, "params": {"batch_size": 50.28118533815625, "drop": 0.11309175790695664, "layer1": 290.45311992478537, "layer2": 297.5483878666792}, "datetime": {"datetime": "2022-11-23 12:59:46", "elapsed": 401.778235, "delta": 14.608965}}
{"target": -187.8144051550494, "params": {"batch_size": 78.28352767347077, "drop": 0.050676509057064556, "layer1": 255.34467739336853, "layer2": 297.90622899196273}, "datetime": {"datetime": "2022-11-23 13:00:03", "elapsed": 417.847087, "delta": 16.068852}}
{"target": -195.1564588533409, "params": {"batch_size": 100.20259643428062, "drop": 0.3041427869983291, "layer1": 256.05801189064175, "layer2": 276.0460699182083}, "datetime": {"datetime": "2022-11-23 13:00:21", "elapsed": 436.702164, "delta": 18.855077}}
{"target": -177.90316962340793, "params": {"batch_size": 81.18250264810769, "drop": 0.45757855262241137, "layer1": 122.03022947217409, "layer2": 286.92896732265945}, "datetime": {"datetime": "2022-11-23 13:00:44", "elapsed": 459.131347, "delta": 22.429183}}
{"target": -154.61467192412917, "params": {"batch_size": 26.67353663967775, "drop": 0.47630584865942044, "layer1": 151.5917267368327, "layer2": 74.40940968238858}, "datetime": {"datetime": "2022-11-23 13:01:15", "elapsed": 490.68492, "delta": 31.553573}}
{"target": -177.70779850236846, "params": {"batch_size": 38.15994923323243, "drop": 0.4748217602929132, "layer1": 230.7704915568657, "layer2": 300.56833336893476}, "datetime": {"datetime": "2022-11-23 13:01:34", "elapsed": 509.284183, "delta": 18.599263}}
{"target": -159.77010560300099, "params": {"batch_size": 58.55491788999277, "drop": 0.29614954139258637, "layer1": 99.77654235765831, "layer2": 89.67850077706316}, "datetime": {"datetime": "2022-11-23 13:02:02", "elapsed": 536.894113, "delta": 27.60993}}
{"target": -314.24873747113435, "params": {"batch_size": 114.51162139883392, "drop": 0.0640222699219456, "layer1": 139.24416296801996, "layer2": 120.09484733489334}, "datetime": {"datetime": "2022-11-23 13:02:12", "elapsed": 547.296411, "delta": 10.402298}}
{"target": -190.5392077163178, "params": {"batch_size": 51.16993763275699, "drop": 0.14040613802038776, "layer1": 100.61139492213103, "layer2": 227.4915375774707}, "datetime": {"datetime": "2022-11-23 13:02:30", "elapsed": 565.553384, "delta": 18.256973}}
{"target": -182.02364658092918, "params": {"batch_size": 103.61774832537549, "drop": 0.22944654171119472, "layer1": 178.25333092315063, "layer2": 65.07474217547251}, "datetime": {"datetime": "2022-11-23 13:03:00", "elapsed": 595.028511, "delta": 29.475127}}
{"target": -184.8286941115774, "params": {"batch_size": 121.1125821691077, "drop": 0.17147943223385748, "layer1": 234.49574207837819, "layer2": 140.94059821666048}, "datetime": {"datetime": "2022-11-23 13:03:26", "elapsed": 620.859609, "delta": 25.831098}}
{"target": -153.81715773893598, "params": {"batch_size": 119.5745879276593, "drop": 0.046863425949635995, "layer1": 315.16126205041695, "layer2": 324.07573308435866}, "datetime": {"datetime": "2022-11-23 13:03:46", "elapsed": 641.075813, "delta": 20.216204}}
{"target": -160.59968145287434, "params": {"batch_size": 11.983882391350742, "drop": 0.3345804429145609, "layer1": 184.48496580150336, "layer2": 253.89848164996485}, "datetime": {"datetime": "2022-11-23 13:04:08", "elapsed": 662.984219, "delta": 21.908406}}
{"target": -246.14384820856597, "params": {"batch_size": 85.49438396904183, "drop": 0.3178342663273214, "layer1": 82.27791546039218, "layer2": 174.8369081909127}, "datetime": {"datetime": "2022-11-23 13:04:26", "elapsed": 681.525125, "delta": 18.540906}}
{"target": -159.05381116688866, "params": {"batch_size": 51.98996372997839, "drop": 0.01260243083261936, "layer1": 331.7963636315909, "layer2": 191.77481135790822}, "datetime": {"datetime": "2022-11-23 13:04:43", "elapsed": 698.16713, "delta": 16.642005}}
{"target": -164.54430862141348, "params": {"batch_size": 44.25688741307072, "drop": 0.25653993092299054, "layer1": 335.0774306744224, "layer2": 338.5925890498497}, "datetime": {"datetime": "2022-11-23 13:05:03", "elapsed": 718.764102, "delta": 20.596972}}
{"target": -217.47961621667864, "params": {"batch_size": 125.62549854214674, "drop": 0.3270472755924676, "layer1": 81.65448228505294, "layer2": 86.45671544105315}, "datetime": {"datetime": "2022-11-23 13:05:33", "elapsed": 747.93819, "delta": 29.174088}}
{"target": -156.85010635720053, "params": {"batch_size": 60.63518517131241, "drop": 0.00047312416291206416, "layer1": 138.65350528752418, "layer2": 142.88012657484802}, "datetime": {"datetime": "2022-11-23 13:05:55", "elapsed": 770.756492, "delta": 22.818302}}
{"target": -169.541274425238, "params": {"batch_size": 46.629474985641224, "drop": 0.01435929022759741, "layer1": 127.3234860469883, "layer2": 68.28830965086043}, "datetime": {"datetime": "2022-11-23 13:06:22", "elapsed": 797.386617, "delta": 26.630125}}
{"target": -248.53952189803786, "params": {"batch_size": 57.65708702113622, "drop": 0.1726354529037024, "layer1": 119.14391727375656, "layer2": 307.8332770629652}, "datetime": {"datetime": "2022-11-23 13:06:34", "elapsed": 809.781224, "delta": 12.394607}}
{"target": -179.8363706505718, "params": {"batch_size": 83.25657577238971, "drop": 0.1900485008340222, "layer1": 191.42742616853295, "layer2": 52.842700257917684}, "datetime": {"datetime": "2022-11-23 13:07:01", "elapsed": 835.830606, "delta": 26.049382}}
