{"target": -483.4866502272716, "params": {"ampDecay": 0.9390779357726577, "ampSpread": 0.8779661217175044, "extraPeakProb": 0.6747425848805694, "meanPeakCenter": 0.6340442762609123, "meanPeakWidth": 0.07308024707740936, "stdPeakCenter": 0.3708899674298103, "stdPeakWidth": 0.17627902399126158}, "datetime": {"datetime": "2022-11-16 23:08:41", "elapsed": 3139.962094, "delta": 26.027236}}
{"target": -401.7125733306052, "params": {"ampDecay": 0.8439220279364319, "ampSpread": 0.6737567530127593, "extraPeakProb": 0.7174934070872674, "meanPeakCenter": 0.388246202805435, "meanPeakWidth": 0.06395528198563989, "stdPeakCenter": 0.3108773502352106, "stdPeakWidth": 0.020704713363430546}, "datetime": {"datetime": "2022-11-16 23:09:29", "elapsed": 3188.063884, "delta": 48.10179}}
{"target": -419.18580929685794, "params": {"ampDecay": 0.6697727782825774, "ampSpread": 0.4804145601191564, "extraPeakProb": 0.8698655131297333, "meanPeakCenter": 0.301389107364948, "meanPeakWidth": 0.05238692858261842, "stdPeakCenter": 0.5761329518599505, "stdPeakWidth": 0.038397166331898304}, "datetime": {"datetime": "2022-11-16 23:10:04", "elapsed": 3223.768989, "delta": 35.705105}}
{"target": -434.15912513452855, "params": {"ampDecay": 0.9893830989257479, "ampSpread": 0.14326774902265604, "extraPeakProb": 0.7347740936793797, "meanPeakCenter": 0.4493939091268129, "meanPeakWidth": 0.05423227286538979, "stdPeakCenter": 0.4577869135436654, "stdPeakWidth": 0.07706925417187205}, "datetime": {"datetime": "2022-11-16 23:10:46", "elapsed": 3265.12254, "delta": 41.353551}}
{"target": -451.56735699116024, "params": {"ampDecay": 0.8747329624865657, "ampSpread": 0.6697175362177467, "extraPeakProb": 0.7380275016422351, "meanPeakCenter": 0.3897997101978226, "meanPeakWidth": 0.044492858988582844, "stdPeakCenter": 0.33992184648893975, "stdPeakWidth": 0.001}, "datetime": {"datetime": "2022-11-16 23:11:17", "elapsed": 3296.341268, "delta": 31.218728}}
{"target": -512.0268712456401, "params": {"ampDecay": 0.7396214329944493, "ampSpread": 0.5511608654714589, "extraPeakProb": 0.5453714127434721, "meanPeakCenter": 0.5376418395085247, "meanPeakWidth": 0.1538810845118795, "stdPeakCenter": 0.42165997172645886, "stdPeakWidth": 0.194262090252593}, "datetime": {"datetime": "2022-11-16 23:11:46", "elapsed": 3325.458818, "delta": 29.11755}}
{"target": -489.6853676053171, "params": {"ampDecay": 0.6075073662859951, "ampSpread": 0.19988586091992133, "extraPeakProb": 0.6396483380055292, "meanPeakCenter": 0.7073472414519613, "meanPeakWidth": 0.16085843714361092, "stdPeakCenter": 0.31995297871243455, "stdPeakWidth": 0.14760991329195888}, "datetime": {"datetime": "2022-11-16 23:12:20", "elapsed": 3359.744088, "delta": 34.28527}}
{"target": -565.1672555015425, "params": {"ampDecay": 0.7046252506997096, "ampSpread": 0.2577463713715705, "extraPeakProb": 0.8158109167676291, "meanPeakCenter": 0.429496950845135, "meanPeakWidth": 0.14497507906419224, "stdPeakCenter": 0.33305209770742455, "stdPeakWidth": 0.10088636643915458}, "datetime": {"datetime": "2022-11-16 23:12:37", "elapsed": 3376.451363, "delta": 16.707275}}
{"target": -483.48695785104917, "params": {"ampDecay": 0.6493171389413942, "ampSpread": 0.7784147101031351, "extraPeakProb": 0.8958229099698044, "meanPeakCenter": 0.3804699975560987, "meanPeakWidth": 0.08534917418217483, "stdPeakCenter": 0.36298400117868856, "stdPeakWidth": 0.1230800685202834}, "datetime": {"datetime": "2022-11-16 23:13:00", "elapsed": 3398.788091, "delta": 22.336728}}
{"target": -407.60957703032193, "params": {"ampDecay": 0.8488991937882727, "ampSpread": 0.6645043337852967, "extraPeakProb": 0.7224862962745873, "meanPeakCenter": 0.43052103003094094, "meanPeakWidth": 0.07709697691727004, "stdPeakCenter": 0.3216447709332944, "stdPeakWidth": 0.012271771551768017}, "datetime": {"datetime": "2022-11-16 23:13:37", "elapsed": 3436.408204, "delta": 37.620113}}
{"target": -450.163084636827, "params": {"ampDecay": 0.8109948967648228, "ampSpread": 0.6818844485345402, "extraPeakProb": 0.7647416209000786, "meanPeakCenter": 0.42225474133822966, "meanPeakWidth": 0.09454289309725841, "stdPeakCenter": 0.3555932082135529, "stdPeakWidth": 0.029800552373049956}, "datetime": {"datetime": "2022-11-16 23:14:11", "elapsed": 3469.939109, "delta": 33.530905}}
{"target": -357.09130153333166, "params": {"ampDecay": 0.830094833043978, "ampSpread": 0.6932554001755603, "extraPeakProb": 0.7399687313769346, "meanPeakCenter": 0.41195418552294616, "meanPeakWidth": 0.056959944254266405, "stdPeakCenter": 0.33375791390290893, "stdPeakWidth": 0.007733471740351084}, "datetime": {"datetime": "2022-11-16 23:14:52", "elapsed": 3511.02723, "delta": 41.088121}}
{"target": -434.17758771691035, "params": {"ampDecay": 0.8306264785049989, "ampSpread": 0.43746634933909945, "extraPeakProb": 0.6918000812482082, "meanPeakCenter": 0.3435612497765508, "meanPeakWidth": 0.05824369213990162, "stdPeakCenter": 0.423202776759947, "stdPeakWidth": 0.0381414825817944}, "datetime": {"datetime": "2022-11-16 23:15:41", "elapsed": 3560.117263, "delta": 49.090033}}
{"target": -497.124165555661, "params": {"ampDecay": 0.6334678977738725, "ampSpread": 0.1021923135984033, "extraPeakProb": 0.8217909416936002, "meanPeakCenter": 0.3460772410340972, "meanPeakWidth": 0.16683917121262984, "stdPeakCenter": 0.528323014648638, "stdPeakWidth": 0.10813829746099958}, "datetime": {"datetime": "2022-11-16 23:16:07", "elapsed": 3586.354369, "delta": 26.237106}}
{"target": -490.01691382626433, "params": {"ampDecay": 0.8818055399870381, "ampSpread": 0.6830214129328259, "extraPeakProb": 0.7355337845785307, "meanPeakCenter": 0.4351745558394254, "meanPeakWidth": 0.04740348323191793, "stdPeakCenter": 0.32727030680577146, "stdPeakWidth": 0.07125922996574822}, "datetime": {"datetime": "2022-11-16 23:16:45", "elapsed": 3624.70089, "delta": 38.346521}}
{"target": -488.3453625334367, "params": {"ampDecay": 0.7777146113637361, "ampSpread": 0.6192476628941632, "extraPeakProb": 0.7478469315497174, "meanPeakCenter": 0.3443171425134895, "meanPeakWidth": 0.013433894879985551, "stdPeakCenter": 0.37008011883597447, "stdPeakWidth": 0.04324327588628541}, "datetime": {"datetime": "2022-11-16 23:17:16", "elapsed": 3655.55778, "delta": 30.85689}}
{"target": -423.50792214050296, "params": {"ampDecay": 0.6, "ampSpread": 0.0003726679679709381, "extraPeakProb": 0.7756407140937294, "meanPeakCenter": 0.6731506678705191, "meanPeakWidth": 0.02095746464289302, "stdPeakCenter": 0.4593270991537616, "stdPeakWidth": 0.030967734646181695}, "datetime": {"datetime": "2022-11-16 23:18:01", "elapsed": 3700.505273, "delta": 44.947493}}
{"target": -404.0095815047692, "params": {"ampDecay": 0.8356572353401138, "ampSpread": 0.6743182874774516, "extraPeakProb": 0.7091930681682026, "meanPeakCenter": 0.4191087668595927, "meanPeakWidth": 0.03646966027455008, "stdPeakCenter": 0.3297457015843674, "stdPeakWidth": 0.001}, "datetime": {"datetime": "2022-11-16 23:18:45", "elapsed": 3744.194729, "delta": 43.689456}}
{"target": -525.7901578952955, "params": {"ampDecay": 0.7130972804427143, "ampSpread": 0.6160495844308623, "extraPeakProb": 0.728494620198582, "meanPeakCenter": 0.37003146383376584, "meanPeakWidth": 0.07905154402315817, "stdPeakCenter": 0.3608048288155607, "stdPeakWidth": 0.04272262936736222}, "datetime": {"datetime": "2022-11-16 23:19:15", "elapsed": 3774.73527, "delta": 30.540541}}
{"target": -463.33174608126313, "params": {"ampDecay": 0.6142945519900485, "ampSpread": 0.03577897529333281, "extraPeakProb": 0.7573713886839498, "meanPeakCenter": 0.6932617593309534, "meanPeakWidth": 0.020139834866530083, "stdPeakCenter": 0.48941284000911645, "stdPeakWidth": 0.041420111835890304}, "datetime": {"datetime": "2022-11-16 23:19:57", "elapsed": 3815.814914, "delta": 41.079644}}
{"target": -436.0372807316849, "params": {"ampDecay": 0.6, "ampSpread": 0.0, "extraPeakProb": 0.828749176532819, "meanPeakCenter": 0.6763933928629039, "meanPeakWidth": 0.02308487144836957, "stdPeakCenter": 0.4791939681743275, "stdPeakWidth": 0.033221504962811406}, "datetime": {"datetime": "2022-11-16 23:20:34", "elapsed": 3853.417635, "delta": 37.602721}}
{"target": -406.6344275410437, "params": {"ampDecay": 0.6, "ampSpread": 0.0, "extraPeakProb": 0.7996946246741821, "meanPeakCenter": 0.7111494913194215, "meanPeakWidth": 0.001, "stdPeakCenter": 0.4548288334825299, "stdPeakWidth": 0.06112216599621053}, "datetime": {"datetime": "2022-11-16 23:21:15", "elapsed": 3894.410777, "delta": 40.993142}}
{"target": -408.63948432414196, "params": {"ampDecay": 0.8402844114089713, "ampSpread": 0.6923207401580083, "extraPeakProb": 0.7530382004998204, "meanPeakCenter": 0.39856997015373125, "meanPeakWidth": 0.06655729298219441, "stdPeakCenter": 0.33051700635141285, "stdPeakWidth": 0.03320531909296603}, "datetime": {"datetime": "2022-11-16 23:21:49", "elapsed": 3928.473833, "delta": 34.063056}}
{"target": -397.2283438731028, "params": {"ampDecay": 0.8457806179207867, "ampSpread": 0.6478868642015551, "extraPeakProb": 0.696586489977987, "meanPeakCenter": 0.41351518848804264, "meanPeakWidth": 0.03753945562578377, "stdPeakCenter": 0.3251566437153777, "stdPeakWidth": 0.045833764565132655}, "datetime": {"datetime": "2022-11-16 23:22:29", "elapsed": 3968.704803, "delta": 40.23097}}
{"target": -335.8471519234491, "params": {"ampDecay": 0.744012267848822, "ampSpread": 0.5831956032958351, "extraPeakProb": 0.7949691667692667, "meanPeakCenter": 0.3563794488334712, "meanPeakWidth": 0.052979623684147194, "stdPeakCenter": 0.3816236364561866, "stdPeakWidth": 0.001}, "datetime": {"datetime": "2022-11-16 23:23:14", "elapsed": 4013.474767, "delta": 44.769964}}
{"target": -433.1276482411257, "params": {"ampDecay": 0.7517404887347554, "ampSpread": 0.5912497766050832, "extraPeakProb": 0.7840022596617457, "meanPeakCenter": 0.3302044324229371, "meanPeakWidth": 0.08121285573319591, "stdPeakCenter": 0.3279611359284577, "stdPeakWidth": 0.011956659502178953}, "datetime": {"datetime": "2022-11-16 23:23:50", "elapsed": 4048.92595, "delta": 35.451183}}
{"target": -345.80295867653905, "params": {"ampDecay": 0.73127058243949, "ampSpread": 0.597323282935395, "extraPeakProb": 0.7994947639916145, "meanPeakCenter": 0.3728828887396995, "meanPeakWidth": 0.03634589443278992, "stdPeakCenter": 0.3606212163665432, "stdPeakWidth": 0.001}, "datetime": {"datetime": "2022-11-16 23:24:41", "elapsed": 4100.260322, "delta": 51.334372}}
{"target": -348.83505633431037, "params": {"ampDecay": 0.743005243786188, "ampSpread": 0.5630152054052263, "extraPeakProb": 0.7761038105721255, "meanPeakCenter": 0.3753114858785552, "meanPeakWidth": 0.03891212794200517, "stdPeakCenter": 0.36611249107633437, "stdPeakWidth": 0.001}, "datetime": {"datetime": "2022-11-16 23:25:36", "elapsed": 4155.44826, "delta": 55.187938}}
{"target": -508.4944367085388, "params": {"ampDecay": 0.9577920923293468, "ampSpread": 0.16615355332688053, "extraPeakProb": 0.8327699800740921, "meanPeakCenter": 0.2961533450886097, "meanPeakWidth": 0.09907674287131189, "stdPeakCenter": 0.4865203132755812, "stdPeakWidth": 0.11494053096027901}, "datetime": {"datetime": "2022-11-16 23:26:02", "elapsed": 4181.488228, "delta": 26.039968}}
{"target": -511.7504918419393, "params": {"ampDecay": 0.6537285067063442, "ampSpread": 0.748489039916223, "extraPeakProb": 0.7221450211093068, "meanPeakCenter": 0.4874880701318053, "meanPeakWidth": 0.18836716936308978, "stdPeakCenter": 0.5347577726146142, "stdPeakWidth": 0.05259259191757101}, "datetime": {"datetime": "2022-11-16 23:26:23", "elapsed": 4202.39753, "delta": 20.909302}}
{"target": -440.0318247096213, "params": {"ampDecay": 0.843591665600649, "ampSpread": 0.7064403663654364, "extraPeakProb": 0.7484415701030587, "meanPeakCenter": 0.40251101673351514, "meanPeakWidth": 0.07082490981979557, "stdPeakCenter": 0.3565547402182117, "stdPeakWidth": 0.06287280071962244}, "datetime": {"datetime": "2022-11-16 23:26:56", "elapsed": 4235.189938, "delta": 32.792408}}
{"target": -390.2638249974612, "params": {"ampDecay": 0.7199628468368311, "ampSpread": 0.5803877647916341, "extraPeakProb": 0.7788021880895537, "meanPeakCenter": 0.34203258110116247, "meanPeakWidth": 0.029620408582437984, "stdPeakCenter": 0.3740287560575168, "stdPeakWidth": 0.001}, "datetime": {"datetime": "2022-11-16 23:27:42", "elapsed": 4281.080712, "delta": 45.890774}}
{"target": -325.5209048217083, "params": {"ampDecay": 0.7408622435954987, "ampSpread": 0.5886122062060141, "extraPeakProb": 0.789579270398159, "meanPeakCenter": 0.39546662208747757, "meanPeakWidth": 0.046645563880871384, "stdPeakCenter": 0.3973142937615368, "stdPeakWidth": 0.001}, "datetime": {"datetime": "2022-11-16 23:28:36", "elapsed": 4335.134113, "delta": 54.053401}}
{"target": -460.7992512610079, "params": {"ampDecay": 0.7420515293948585, "ampSpread": 0.5742407885822675, "extraPeakProb": 0.806886479281121, "meanPeakCenter": 0.38944887025453795, "meanPeakWidth": 0.05537635661740128, "stdPeakCenter": 0.3803042672998923, "stdPeakWidth": 0.030380562607709546}, "datetime": {"datetime": "2022-11-16 23:29:05", "elapsed": 4364.32856, "delta": 29.194447}}
{"target": -336.206050236189, "params": {"ampDecay": 0.7554489333829787, "ampSpread": 0.5953871613689125, "extraPeakProb": 0.7816343448820975, "meanPeakCenter": 0.37606357153433895, "meanPeakWidth": 0.023259092864386686, "stdPeakCenter": 0.3939476741241854, "stdPeakWidth": 0.001}, "datetime": {"datetime": "2022-11-16 23:30:23", "elapsed": 4441.908723, "delta": 77.580163}}
{"target": -469.1958881085841, "params": {"ampDecay": 0.6, "ampSpread": 0.0, "extraPeakProb": 0.7950832137806992, "meanPeakCenter": 0.6698674838708357, "meanPeakWidth": 0.001, "stdPeakCenter": 0.4882744721209597, "stdPeakWidth": 0.09991245454969301}, "datetime": {"datetime": "2022-11-16 23:30:54", "elapsed": 4473.266345, "delta": 31.357622}}
{"target": -355.2552646544647, "params": {"ampDecay": 0.7431664774738441, "ampSpread": 0.5817254063484919, "extraPeakProb": 0.761347330029583, "meanPeakCenter": 0.3747958919719771, "meanPeakWidth": 0.05267222451408217, "stdPeakCenter": 0.41173303832035407, "stdPeakWidth": 0.001}, "datetime": {"datetime": "2022-11-16 23:31:40", "elapsed": 4519.572325, "delta": 46.30598}}
{"target": -387.2304214128941, "params": {"ampDecay": 0.7313650511332641, "ampSpread": 0.6202331127317134, "extraPeakProb": 0.7904299617873276, "meanPeakCenter": 0.37542354204354306, "meanPeakWidth": 0.04814333027077737, "stdPeakCenter": 0.4017879564056471, "stdPeakWidth": 0.001}, "datetime": {"datetime": "2022-11-16 23:32:26", "elapsed": 4564.77919, "delta": 45.206865}}
{"target": -1502.2280884903541, "params": {"ampDecay": 0.6, "ampSpread": 0.0, "extraPeakProb": 0.7997507718670747, "meanPeakCenter": 0.7429282437511292, "meanPeakWidth": 0.001, "stdPeakCenter": 0.4773193790677482, "stdPeakWidth": 0.005257188295183069}, "datetime": {"datetime": "2022-11-16 23:33:12", "elapsed": 4611.427651, "delta": 46.648461}}
{"target": -354.1986372481839, "params": {"ampDecay": 0.7670553712697302, "ampSpread": 0.5889027281202112, "extraPeakProb": 0.7762957010166434, "meanPeakCenter": 0.3858940148561121, "meanPeakWidth": 0.053878926532299344, "stdPeakCenter": 0.3810011419334235, "stdPeakWidth": 0.001}, "datetime": {"datetime": "2022-11-16 23:34:06", "elapsed": 4665.097194, "delta": 53.669543}}
{"target": -447.3745300669892, "params": {"ampDecay": 0.615843658844749, "ampSpread": 0.041081653606943824, "extraPeakProb": 0.798480504433951, "meanPeakCenter": 0.6203964537703943, "meanPeakWidth": 0.022032134799319047, "stdPeakCenter": 0.511184576764574, "stdPeakWidth": 0.04772177651004532}, "datetime": {"datetime": "2022-11-16 23:34:39", "elapsed": 4697.922871, "delta": 32.825677}}
{"target": -491.786065057504, "params": {"ampDecay": 0.6640688909585984, "ampSpread": 0.10538282324570425, "extraPeakProb": 0.8784149985152363, "meanPeakCenter": 0.5660974048961416, "meanPeakWidth": 0.0056195189095049475, "stdPeakCenter": 0.5430094938606002, "stdPeakWidth": 0.010117610921300948}, "datetime": {"datetime": "2022-11-16 23:35:03", "elapsed": 4721.961711, "delta": 24.03884}}
{"target": -466.5911380567502, "params": {"ampDecay": 0.8293419622801269, "ampSpread": 0.5743712220235673, "extraPeakProb": 0.5401229163270318, "meanPeakCenter": 0.6623640908684351, "meanPeakWidth": 0.11692630374865245, "stdPeakCenter": 0.3320384534679633, "stdPeakWidth": 0.09763638897620665}, "datetime": {"datetime": "2022-11-16 23:35:35", "elapsed": 4754.246789, "delta": 32.285078}}
{"target": -448.89126071015596, "params": {"ampDecay": 0.8048512087647391, "ampSpread": 0.17265154577248099, "extraPeakProb": 0.6905171979861813, "meanPeakCenter": 0.709772642959908, "meanPeakWidth": 0.053196682561960106, "stdPeakCenter": 0.5475041875431711, "stdPeakWidth": 0.035999286439302135}, "datetime": {"datetime": "2022-11-16 23:36:09", "elapsed": 4788.511423, "delta": 34.264634}}
{"target": -451.7500064753455, "params": {"ampDecay": 0.765216358004152, "ampSpread": 0.5716346935550854, "extraPeakProb": 0.7673795843698179, "meanPeakCenter": 0.3493442560084423, "meanPeakWidth": 0.03800930758462025, "stdPeakCenter": 0.38804283833581565, "stdPeakWidth": 0.001}, "datetime": {"datetime": "2022-11-16 23:36:50", "elapsed": 4829.501201, "delta": 40.989778}}
{"target": -474.92462232809896, "params": {"ampDecay": 0.7172461037881336, "ampSpread": 0.19819842892913186, "extraPeakProb": 0.5444271952008809, "meanPeakCenter": 0.611277497032739, "meanPeakWidth": 0.04112551304186284, "stdPeakCenter": 0.5858070861759775, "stdPeakWidth": 0.1194809038537307}, "datetime": {"datetime": "2022-11-16 23:37:29", "elapsed": 4868.161454, "delta": 38.660253}}
{"target": -338.9280133312969, "params": {"ampDecay": 0.7283650974609885, "ampSpread": 0.5926553410370671, "extraPeakProb": 0.7657563627689763, "meanPeakCenter": 0.3865704785855175, "meanPeakWidth": 0.03674955031179649, "stdPeakCenter": 0.3799020039712912, "stdPeakWidth": 0.001}, "datetime": {"datetime": "2022-11-16 23:38:34", "elapsed": 4933.153116, "delta": 64.991662}}
{"target": -473.32317273684254, "params": {"ampDecay": 0.7815697368911272, "ampSpread": 0.7639437369594713, "extraPeakProb": 0.7561719073306468, "meanPeakCenter": 0.46220348937410394, "meanPeakWidth": 0.10411741198675413, "stdPeakCenter": 0.3792761306336534, "stdPeakWidth": 0.09638501894831168}, "datetime": {"datetime": "2022-11-16 23:39:14", "elapsed": 4972.906858, "delta": 39.753742}}
{"target": -516.4309661976239, "params": {"ampDecay": 0.9777711320950238, "ampSpread": 0.44102546833153666, "extraPeakProb": 0.8089446767676955, "meanPeakCenter": 0.4950847675967142, "meanPeakWidth": 0.08108390664183629, "stdPeakCenter": 0.5931307024307781, "stdPeakWidth": 0.13540505354285795}, "datetime": {"datetime": "2022-11-16 23:39:33", "elapsed": 4992.269016, "delta": 19.362158}}
{"target": -434.0552823032613, "params": {"ampDecay": 0.7211555221435202, "ampSpread": 0.7947456691485365, "extraPeakProb": 0.5849624974937349, "meanPeakCenter": 0.5625301544387997, "meanPeakWidth": 0.00999717662732389, "stdPeakCenter": 0.30697869639739933, "stdPeakWidth": 0.06841044479098628}, "datetime": {"datetime": "2022-11-16 23:40:19", "elapsed": 5038.407999, "delta": 46.138983}}
{"target": -407.0017070174038, "params": {"ampDecay": 0.6094846060096959, "ampSpread": 0.010573544595091069, "extraPeakProb": 0.7970302565228545, "meanPeakCenter": 0.6837309515950706, "meanPeakWidth": 0.028879810500205064, "stdPeakCenter": 0.4662062334564189, "stdPeakWidth": 0.0682095294673702}, "datetime": {"datetime": "2022-11-16 23:41:07", "elapsed": 5086.015552, "delta": 47.607553}}
{"target": -403.8485736746114, "params": {"ampDecay": 0.7511861781721185, "ampSpread": 0.5677330226641188, "extraPeakProb": 0.7724355044189501, "meanPeakCenter": 0.4038806930499584, "meanPeakWidth": 0.019775588507996853, "stdPeakCenter": 0.3733301623550145, "stdPeakWidth": 0.037631839791141215}, "datetime": {"datetime": "2022-11-16 23:41:56", "elapsed": 5135.229593, "delta": 49.214041}}
{"target": -494.6930439187243, "params": {"ampDecay": 0.7182793705686907, "ampSpread": 0.7244784318533528, "extraPeakProb": 0.7495314623633442, "meanPeakCenter": 0.6612757893651371, "meanPeakWidth": 0.06231092062610036, "stdPeakCenter": 0.5249756409040718, "stdPeakWidth": 0.17455965509721832}, "datetime": {"datetime": "2022-11-16 23:42:19", "elapsed": 5158.506883, "delta": 23.27729}}
{"target": -493.9402010110855, "params": {"ampDecay": 0.8757700102716237, "ampSpread": 0.7329470666273741, "extraPeakProb": 0.8136637911311779, "meanPeakCenter": 0.3060870343587332, "meanPeakWidth": 0.025025903616901282, "stdPeakCenter": 0.3369178089761543, "stdPeakWidth": 0.05237787221662343}, "datetime": {"datetime": "2022-11-16 23:42:54", "elapsed": 5193.410523, "delta": 34.90364}}
{"target": -408.73015256196214, "params": {"ampDecay": 0.6, "ampSpread": 0.0, "extraPeakProb": 0.7871730360129348, "meanPeakCenter": 0.6870111051324319, "meanPeakWidth": 0.001, "stdPeakCenter": 0.42884906070936896, "stdPeakWidth": 0.07833718820796498}, "datetime": {"datetime": "2022-11-16 23:43:28", "elapsed": 5227.559135, "delta": 34.148612}}
{"target": -476.193532298416, "params": {"ampDecay": 0.6784695532617537, "ampSpread": 0.8119678303535277, "extraPeakProb": 0.5703288812654501, "meanPeakCenter": 0.6385347991726329, "meanPeakWidth": 0.1252921699154357, "stdPeakCenter": 0.42101523608322755, "stdPeakWidth": 0.08732897256869464}, "datetime": {"datetime": "2022-11-16 23:44:01", "elapsed": 5260.009922, "delta": 32.450787}}
{"target": -371.3314548579, "params": {"ampDecay": 0.8205352322945219, "ampSpread": 0.7474864273266935, "extraPeakProb": 0.7026155974902346, "meanPeakCenter": 0.5775613517752348, "meanPeakWidth": 0.04649793813297819, "stdPeakCenter": 0.4009105594010753, "stdPeakWidth": 0.018417666981244786}, "datetime": {"datetime": "2022-11-16 23:44:46", "elapsed": 5305.116746, "delta": 45.106824}}
