{"target": -441.701317393554, "params": {"ampDecay": 0.7510576442353667, "ampSpread": 0.04836830511749712, "extraPeakProb": 0.6115249526834086, "meanPeakCenter": 0.3383984657039884, "meanPeakWidth": 0.011489879236426536, "stdPeakCenter": 0.538739217373845, "stdPeakWidth": 0.06275415845833698}, "datetime": {"datetime": "2022-11-16 22:16:21", "elapsed": 0.0, "delta": 0.0}}
{"target": -503.4195097875215, "params": {"ampDecay": 0.8652565183044596, "ampSpread": 0.9363621269307475, "extraPeakProb": 0.5740726587415569, "meanPeakCenter": 0.3155581730876332, "meanPeakWidth": 0.15476631852038233, "stdPeakCenter": 0.3437162413381531, "stdPeakWidth": 0.10204830592151896}, "datetime": {"datetime": "2022-11-16 22:16:45", "elapsed": 24.518396, "delta": 24.518396}}
{"target": -469.2945918489094, "params": {"ampDecay": 0.9994070340146992, "ampSpread": 0.8948682729443811, "extraPeakProb": 0.5441537925057598, "meanPeakCenter": 0.4027956430257723, "meanPeakWidth": 0.023713196246373847, "stdPeakCenter": 0.4686143766790797, "stdPeakWidth": 0.1744938562230723}, "datetime": {"datetime": "2022-11-16 22:17:10", "elapsed": 49.075796, "delta": 24.5574}}
{"target": -454.9565967414655, "params": {"ampDecay": 0.847095858687865, "ampSpread": 0.4350978241572434, "extraPeakProb": 0.56659762357446, "meanPeakCenter": 0.5529641528358492, "meanPeakWidth": 0.09076582522994256, "stdPeakCenter": 0.3954226778761772, "stdPeakWidth": 0.13202279015609136}, "datetime": {"datetime": "2022-11-16 22:17:54", "elapsed": 93.409028, "delta": 44.333232}}
{"target": -438.1239474263396, "params": {"ampDecay": 0.7982978701882282, "ampSpread": 0.6766234496615459, "extraPeakProb": 0.5189261582444678, "meanPeakCenter": 0.7326488388180528, "meanPeakWidth": 0.0050709874461867446, "stdPeakCenter": 0.43773905090462284, "stdPeakWidth": 0.12002011759423947}, "datetime": {"datetime": "2022-11-16 22:18:28", "elapsed": 126.871816, "delta": 33.462788}}
{"target": -558.592555551636, "params": {"ampDecay": 0.9449182798996946, "ampSpread": 0.1495193671026065, "extraPeakProb": 0.7061713389806197, "meanPeakCenter": 0.6981544187804447, "meanPeakWidth": 0.17736469374588992, "stdPeakCenter": 0.44349519630751266, "stdPeakWidth": 0.197748050952288}, "datetime": {"datetime": "2022-11-16 22:18:47", "elapsed": 146.282334, "delta": 19.410518}}
{"target": -500.74754661309294, "params": {"ampDecay": 0.6803945451677158, "ampSpread": 0.5392003055882176, "extraPeakProb": 0.5658904071816181, "meanPeakCenter": 0.6467024908305948, "meanPeakWidth": 0.1242592044347944, "stdPeakCenter": 0.3271302103611592, "stdPeakWidth": 0.003544937134235104}, "datetime": {"datetime": "2022-11-16 22:19:08", "elapsed": 167.761202, "delta": 21.478868}}
{"target": -589.8336576959603, "params": {"ampDecay": 0.7311857988978644, "ampSpread": 0.7804291228906675, "extraPeakProb": 0.8112464634791732, "meanPeakCenter": 0.7367575166158489, "meanPeakWidth": 0.1695733092058935, "stdPeakCenter": 0.44006189503267173, "stdPeakWidth": 0.15569304115890983}, "datetime": {"datetime": "2022-11-16 22:19:28", "elapsed": 186.935818, "delta": 19.174616}}
{"target": -460.04061029485445, "params": {"ampDecay": 0.640642583064596, "ampSpread": 0.6173477485013968, "extraPeakProb": 0.8726692383723826, "meanPeakCenter": 0.734234200065555, "meanPeakWidth": 0.04674410889563317, "stdPeakCenter": 0.4234618001764876, "stdPeakWidth": 0.006960864545161016}, "datetime": {"datetime": "2022-11-16 22:20:18", "elapsed": 236.890982, "delta": 49.955164}}
{"target": -537.3964460679983, "params": {"ampDecay": 0.9506295392002148, "ampSpread": 0.9322563810810816, "extraPeakProb": 0.717039462973033, "meanPeakCenter": 0.3556307749293781, "meanPeakWidth": 0.19318349832248632, "stdPeakCenter": 0.377476954061907, "stdPeakWidth": 0.04558978605236689}, "datetime": {"datetime": "2022-11-16 22:20:37", "elapsed": 256.011844, "delta": 19.120862}}
{"target": -477.1955178071793, "params": {"ampDecay": 0.9054213965655096, "ampSpread": 0.0026120255799928493, "extraPeakProb": 0.6472001060968475, "meanPeakCenter": 0.3126317487623418, "meanPeakWidth": 0.13474920313642624, "stdPeakCenter": 0.4118171651169148, "stdPeakWidth": 0.10543432065578848}, "datetime": {"datetime": "2022-11-16 22:21:11", "elapsed": 290.705284, "delta": 34.69344}}
{"target": -447.7460214091275, "params": {"ampDecay": 0.7065180419359749, "ampSpread": 0.3169524266958872, "extraPeakProb": 0.7253511881256318, "meanPeakCenter": 0.42197210063779994, "meanPeakWidth": 0.0921847217160804, "stdPeakCenter": 0.3868670217609129, "stdPeakWidth": 0.06803563086467085}, "datetime": {"datetime": "2022-11-16 22:21:41", "elapsed": 319.819752, "delta": 29.114468}}
{"target": -559.3434751905146, "params": {"ampDecay": 0.8097530511871348, "ampSpread": 0.9862368336471743, "extraPeakProb": 0.8332536053470447, "meanPeakCenter": 0.30387708218578713, "meanPeakWidth": 0.05428802492712485, "stdPeakCenter": 0.5326049238016298, "stdPeakWidth": 0.08052386577136338}, "datetime": {"datetime": "2022-11-16 22:21:57", "elapsed": 336.196963, "delta": 16.377211}}
{"target": -460.5812840605544, "params": {"ampDecay": 0.8120042852585785, "ampSpread": 0.694720114375724, "extraPeakProb": 0.5779988583314848, "meanPeakCenter": 0.5791616512751097, "meanPeakWidth": 0.059892154493512456, "stdPeakCenter": 0.5129970206532133, "stdPeakWidth": 0.021775125259152133}, "datetime": {"datetime": "2022-11-16 22:22:28", "elapsed": 367.615204, "delta": 31.418241}}
{"target": -499.85344266171694, "params": {"ampDecay": 0.9784666634133838, "ampSpread": 0.6616361901611796, "extraPeakProb": 0.7118406861122382, "meanPeakCenter": 0.7124333462714731, "meanPeakWidth": 0.14038802020373195, "stdPeakCenter": 0.4929562042303064, "stdPeakWidth": 0.00804638738590879}, "datetime": {"datetime": "2022-11-16 22:22:49", "elapsed": 388.247103, "delta": 20.631899}}
{"target": -489.1082353082611, "params": {"ampDecay": 0.6006008697024698, "ampSpread": 0.3915157198567425, "extraPeakProb": 0.8510276756711997, "meanPeakCenter": 0.2789114885082889, "meanPeakWidth": 0.041433112817505884, "stdPeakCenter": 0.5504948336986095, "stdPeakWidth": 0.19258506954395757}, "datetime": {"datetime": "2022-11-16 22:23:18", "elapsed": 417.424767, "delta": 29.177664}}
{"target": -499.0602265539499, "params": {"ampDecay": 0.7630276455734929, "ampSpread": 0.7613630742345746, "extraPeakProb": 0.8213700252540208, "meanPeakCenter": 0.6401034388921503, "meanPeakWidth": 0.06633709460606915, "stdPeakCenter": 0.5006991611394397, "stdPeakWidth": 0.16186148022224825}, "datetime": {"datetime": "2022-11-16 22:23:40", "elapsed": 439.272325, "delta": 21.847558}}
{"target": -472.4211057275933, "params": {"ampDecay": 0.8113495208102215, "ampSpread": 0.32796321172101495, "extraPeakProb": 0.5879328872304473, "meanPeakCenter": 0.5278465768376017, "meanPeakWidth": 0.06323748465433204, "stdPeakCenter": 0.3110199051623235, "stdPeakWidth": 0.1048750173617642}, "datetime": {"datetime": "2022-11-16 22:24:12", "elapsed": 471.266176, "delta": 31.993851}}
{"target": -502.74869999688946, "params": {"ampDecay": 0.7460021672078749, "ampSpread": 0.9735826406042025, "extraPeakProb": 0.7294533837789053, "meanPeakCenter": 0.2729960770525271, "meanPeakWidth": 0.03982102446175489, "stdPeakCenter": 0.5937000167116243, "stdPeakWidth": 0.13305218334874008}, "datetime": {"datetime": "2022-11-16 22:24:42", "elapsed": 501.184647, "delta": 29.918471}}
{"target": -421.5777179824602, "params": {"ampDecay": 0.8845118623231654, "ampSpread": 0.5224439121289095, "extraPeakProb": 0.6454636257461679, "meanPeakCenter": 0.5384183558356395, "meanPeakWidth": 0.008355907086626101, "stdPeakCenter": 0.5955558877713741, "stdPeakWidth": 0.041338817524989406}, "datetime": {"datetime": "2022-11-16 22:25:19", "elapsed": 538.07993, "delta": 36.895283}}
{"target": -449.5240514715887, "params": {"ampDecay": 0.674787663423067, "ampSpread": 0.12109551361635107, "extraPeakProb": 0.50003928407092, "meanPeakCenter": 0.3377550848193137, "meanPeakWidth": 0.0661882353784527, "stdPeakCenter": 0.4014574864905084, "stdPeakWidth": 0.16045911236753826}, "datetime": {"datetime": "2022-11-16 22:25:58", "elapsed": 577.563509, "delta": 39.483579}}
{"target": -532.1418327233541, "params": {"ampDecay": 0.6837438625287671, "ampSpread": 0.5777278999020744, "extraPeakProb": 0.6097065320118377, "meanPeakCenter": 0.33092295048845755, "meanPeakWidth": 0.17466733817870084, "stdPeakCenter": 0.5523814921578215, "stdPeakWidth": 0.005400480970356158}, "datetime": {"datetime": "2022-11-16 22:26:21", "elapsed": 600.412795, "delta": 22.849286}}
{"target": -461.7867910092701, "params": {"ampDecay": 0.8901378728836842, "ampSpread": 0.13496353610136558, "extraPeakProb": 0.6580230080594979, "meanPeakCenter": 0.3343216402792154, "meanPeakWidth": 0.02669842221038464, "stdPeakCenter": 0.49296323179723445, "stdPeakWidth": 0.09056051379282522}, "datetime": {"datetime": "2022-11-16 22:26:54", "elapsed": 633.345404, "delta": 32.932609}}
{"target": -469.06728789933106, "params": {"ampDecay": 0.7887299025821362, "ampSpread": 0.46107359245017865, "extraPeakProb": 0.7637230340120118, "meanPeakCenter": 0.6249765752602267, "meanPeakWidth": 0.07495513770509175, "stdPeakCenter": 0.3520313415305632, "stdPeakWidth": 0.07983791063741011}, "datetime": {"datetime": "2022-11-16 22:27:20", "elapsed": 659.758208, "delta": 26.412804}}
{"target": -473.64740133643977, "params": {"ampDecay": 0.609173917087465, "ampSpread": 0.8597880137271289, "extraPeakProb": 0.679593172673738, "meanPeakCenter": 0.5913936288275772, "meanPeakWidth": 0.14131156010874363, "stdPeakCenter": 0.5492070089672482, "stdPeakWidth": 0.1300512755905977}, "datetime": {"datetime": "2022-11-16 22:27:52", "elapsed": 691.066455, "delta": 31.308247}}
{"target": -466.5155341918013, "params": {"ampDecay": 0.993332983567545, "ampSpread": 0.9551646450209894, "extraPeakProb": 0.689769339046665, "meanPeakCenter": 0.41443780557045945, "meanPeakWidth": 0.0950387790011216, "stdPeakCenter": 0.5239425894285262, "stdPeakWidth": 0.01969411794168663}, "datetime": {"datetime": "2022-11-16 22:28:19", "elapsed": 718.434969, "delta": 27.368514}}
{"target": -541.86640639496, "params": {"ampDecay": 0.8023724909011402, "ampSpread": 0.8943763985604557, "extraPeakProb": 0.7968711471902, "meanPeakCenter": 0.27474197219597474, "meanPeakWidth": 0.06140223881594239, "stdPeakCenter": 0.5707049957600918, "stdPeakWidth": 0.1529975157722031}, "datetime": {"datetime": "2022-11-16 22:28:38", "elapsed": 737.559708, "delta": 19.124739}}
{"target": -481.24614777603784, "params": {"ampDecay": 0.6762893176770098, "ampSpread": 0.4711984129112653, "extraPeakProb": 0.5264272077553578, "meanPeakCenter": 0.5059403805435854, "meanPeakWidth": 0.12356576969109286, "stdPeakCenter": 0.462774129320762, "stdPeakWidth": 0.041333360147077794}, "datetime": {"datetime": "2022-11-16 22:29:07", "elapsed": 766.494945, "delta": 28.935237}}
{"target": -460.01797367997636, "params": {"ampDecay": 0.8076878982655347, "ampSpread": 0.25253169062572944, "extraPeakProb": 0.5820776538327553, "meanPeakCenter": 0.6695140929706627, "meanPeakWidth": 0.04786890553738127, "stdPeakCenter": 0.4498622335215551, "stdPeakWidth": 0.12755995989423552}, "datetime": {"datetime": "2022-11-16 22:29:38", "elapsed": 796.94087, "delta": 30.445925}}
{"target": -549.9267709153447, "params": {"ampDecay": 0.827016347205972, "ampSpread": 0.046541298122796504, "extraPeakProb": 0.8713863181214909, "meanPeakCenter": 0.4729310310256184, "meanPeakWidth": 0.04958561999533868, "stdPeakCenter": 0.567196417185357, "stdPeakWidth": 0.17153033658938724}, "datetime": {"datetime": "2022-11-16 22:29:58", "elapsed": 817.467523, "delta": 20.526653}}
{"target": -453.8567130375648, "params": {"ampDecay": 0.7155260639452582, "ampSpread": 0.6234706301800944, "extraPeakProb": 0.7208224124198364, "meanPeakCenter": 0.31446367054076996, "meanPeakWidth": 0.1338348184205631, "stdPeakCenter": 0.570360815069511, "stdPeakWidth": 0.1623031370285946}, "datetime": {"datetime": "2022-11-16 22:30:27", "elapsed": 846.143556, "delta": 28.676033}}
{"target": -467.18144174395417, "params": {"ampDecay": 0.7217218164785594, "ampSpread": 0.41916453558242406, "extraPeakProb": 0.7465011630484435, "meanPeakCenter": 0.7487917048333652, "meanPeakWidth": 0.15290409855973028, "stdPeakCenter": 0.5787619919345838, "stdPeakWidth": 0.11552817729935415}, "datetime": {"datetime": "2022-11-16 22:30:51", "elapsed": 870.128709, "delta": 23.985153}}
{"target": -524.9774120180442, "params": {"ampDecay": 0.7445707682204327, "ampSpread": 0.5937287817249659, "extraPeakProb": 0.8735291510624259, "meanPeakCenter": 0.5603880570488551, "meanPeakWidth": 0.005178151330918681, "stdPeakCenter": 0.47525478192880977, "stdPeakWidth": 0.17737283223037975}, "datetime": {"datetime": "2022-11-16 22:31:15", "elapsed": 893.977683, "delta": 23.848974}}
{"target": -523.9725252486495, "params": {"ampDecay": 0.6308947611907044, "ampSpread": 0.05817535844225086, "extraPeakProb": 0.547526220653474, "meanPeakCenter": 0.43805293249516, "meanPeakWidth": 0.17799889276960826, "stdPeakCenter": 0.3396273762751285, "stdPeakWidth": 0.0693704649208655}, "datetime": {"datetime": "2022-11-16 22:31:39", "elapsed": 918.715263, "delta": 24.73758}}
{"target": -414.875260552778, "params": {"ampDecay": 0.8566962537621152, "ampSpread": 0.49134191192726706, "extraPeakProb": 0.573820155262771, "meanPeakCenter": 0.705158213536816, "meanPeakWidth": 0.05390334958044317, "stdPeakCenter": 0.46493780338851803, "stdPeakWidth": 0.021025791823333445}, "datetime": {"datetime": "2022-11-16 22:32:16", "elapsed": 954.934522, "delta": 36.219259}}
{"target": -502.7050822662356, "params": {"ampDecay": 0.9129501506045418, "ampSpread": 0.8968425516164696, "extraPeakProb": 0.8055397095660902, "meanPeakCenter": 0.7360267253050415, "meanPeakWidth": 0.17416075144072743, "stdPeakCenter": 0.46384960031051425, "stdPeakWidth": 0.11721256878531167}, "datetime": {"datetime": "2022-11-16 22:32:35", "elapsed": 974.282311, "delta": 19.347789}}
{"target": -479.8131807070866, "params": {"ampDecay": 0.9125845551430005, "ampSpread": 0.1193541402210585, "extraPeakProb": 0.6587742500818607, "meanPeakCenter": 0.4441209650287441, "meanPeakWidth": 0.032258916917410806, "stdPeakCenter": 0.5421764099287794, "stdPeakWidth": 0.18789721122403213}, "datetime": {"datetime": "2022-11-16 22:32:57", "elapsed": 996.127486, "delta": 21.845175}}
{"target": -486.8870965182882, "params": {"ampDecay": 0.6599575839102582, "ampSpread": 0.6063817172938528, "extraPeakProb": 0.6562463441436391, "meanPeakCenter": 0.6610174949089198, "meanPeakWidth": 0.08250802466871615, "stdPeakCenter": 0.540569685563178, "stdPeakWidth": 0.11374245439930372}, "datetime": {"datetime": "2022-11-16 22:33:27", "elapsed": 1026.348035, "delta": 30.220549}}
{"target": -657.287153417965, "params": {"ampDecay": 0.9080279646984218, "ampSpread": 0.7916959641412203, "extraPeakProb": 0.6386528207430213, "meanPeakCenter": 0.5525338215317017, "meanPeakWidth": 0.13249625078752592, "stdPeakCenter": 0.5949206840276821, "stdPeakWidth": 0.15075508138749574}, "datetime": {"datetime": "2022-11-16 22:33:43", "elapsed": 1042.300735, "delta": 15.9527}}
{"target": -487.18398367258493, "params": {"ampDecay": 0.8615072497197377, "ampSpread": 0.2704589716085939, "extraPeakProb": 0.6988357582338348, "meanPeakCenter": 0.26001302528623005, "meanPeakWidth": 0.02009765913817739, "stdPeakCenter": 0.582165125567536, "stdPeakWidth": 0.17260600235827256}, "datetime": {"datetime": "2022-11-16 22:34:08", "elapsed": 1067.608767, "delta": 25.308032}}
{"target": -541.2626008003086, "params": {"ampDecay": 0.7847522201869738, "ampSpread": 0.9459704852569607, "extraPeakProb": 0.7851253613480627, "meanPeakCenter": 0.425190539659219, "meanPeakWidth": 0.10360449368287707, "stdPeakCenter": 0.5686884784412576, "stdPeakWidth": 0.029383528803285597}, "datetime": {"datetime": "2022-11-16 22:34:33", "elapsed": 1092.014591, "delta": 24.405824}}
{"target": -641.2554397664336, "params": {"ampDecay": 0.7921755548291941, "ampSpread": 0.1131012275031239, "extraPeakProb": 0.6967220812648557, "meanPeakCenter": 0.48514568155645676, "meanPeakWidth": 0.15952862427608464, "stdPeakCenter": 0.3871082290034888, "stdPeakWidth": 0.19390946029813438}, "datetime": {"datetime": "2022-11-16 22:35:02", "elapsed": 1120.925079, "delta": 28.910488}}
{"target": -531.9519271865478, "params": {"ampDecay": 0.6725981701983114, "ampSpread": 0.8823985809246974, "extraPeakProb": 0.6465122376691239, "meanPeakCenter": 0.42463680314916463, "meanPeakWidth": 0.14762663568124443, "stdPeakCenter": 0.45833220207558245, "stdPeakWidth": 0.05219209991034371}, "datetime": {"datetime": "2022-11-16 22:35:27", "elapsed": 1146.434141, "delta": 25.509062}}
{"target": -466.5521799200177, "params": {"ampDecay": 0.7593879061617405, "ampSpread": 0.801112864347116, "extraPeakProb": 0.8194638268339902, "meanPeakCenter": 0.6973734233103819, "meanPeakWidth": 0.1060531998544982, "stdPeakCenter": 0.4122395692964982, "stdPeakWidth": 0.12095115563720935}, "datetime": {"datetime": "2022-11-16 22:35:54", "elapsed": 1172.877522, "delta": 26.443381}}
{"target": -487.1242596758264, "params": {"ampDecay": 0.6864177608426284, "ampSpread": 0.20420644766223717, "extraPeakProb": 0.6704209402973912, "meanPeakCenter": 0.580514046489274, "meanPeakWidth": 0.13441140947736677, "stdPeakCenter": 0.33994306761115606, "stdPeakWidth": 0.0961157207637743}, "datetime": {"datetime": "2022-11-16 22:36:22", "elapsed": 1201.547119, "delta": 28.669597}}
{"target": -401.877659019439, "params": {"ampDecay": 0.6044676116457341, "ampSpread": 0.005741813498252535, "extraPeakProb": 0.7911631683285028, "meanPeakCenter": 0.6959379008010965, "meanPeakWidth": 0.015103042467685509, "stdPeakCenter": 0.49228716316930193, "stdPeakWidth": 0.044565813562467374}, "datetime": {"datetime": "2022-11-16 22:37:02", "elapsed": 1241.117111, "delta": 39.569992}}
{"target": -510.18019013097273, "params": {"ampDecay": 0.7750086393626692, "ampSpread": 0.9648368258988235, "extraPeakProb": 0.5700556164506194, "meanPeakCenter": 0.7497113774193633, "meanPeakWidth": 0.04077600101656885, "stdPeakCenter": 0.5004898261076961, "stdPeakWidth": 0.1548352056264785}, "datetime": {"datetime": "2022-11-16 22:37:35", "elapsed": 1274.026449, "delta": 32.909338}}
{"target": -456.22656535329907, "params": {"ampDecay": 0.9368141650979736, "ampSpread": 0.28662463961916473, "extraPeakProb": 0.8663296304948058, "meanPeakCenter": 0.6066469961321475, "meanPeakWidth": 0.01624606827452983, "stdPeakCenter": 0.387285373800651, "stdPeakWidth": 0.1182703820931723}, "datetime": {"datetime": "2022-11-16 22:38:14", "elapsed": 1312.945958, "delta": 38.919509}}
{"target": -460.22266361456866, "params": {"ampDecay": 0.8996932560896731, "ampSpread": 0.09368285230757134, "extraPeakProb": 0.723795103126417, "meanPeakCenter": 0.4210482277326022, "meanPeakWidth": 0.021228858335055924, "stdPeakCenter": 0.48354827384500315, "stdPeakWidth": 0.1312507781086598}, "datetime": {"datetime": "2022-11-16 22:38:39", "elapsed": 1338.754076, "delta": 25.808118}}
{"target": -497.7334156447509, "params": {"ampDecay": 0.8444621203124009, "ampSpread": 0.9295902905328634, "extraPeakProb": 0.8489702737836733, "meanPeakCenter": 0.6786416746319418, "meanPeakWidth": 0.12018286000073217, "stdPeakCenter": 0.5902537514210213, "stdPeakWidth": 0.019169681220558996}, "datetime": {"datetime": "2022-11-16 22:39:07", "elapsed": 1366.362953, "delta": 27.608877}}
{"target": -494.3598708174713, "params": {"ampDecay": 0.7815713940771042, "ampSpread": 0.2443360296985282, "extraPeakProb": 0.7396827652729493, "meanPeakCenter": 0.373858497931967, "meanPeakWidth": 0.16619053039507573, "stdPeakCenter": 0.3245484656309263, "stdPeakWidth": 0.1695683885808626}, "datetime": {"datetime": "2022-11-16 22:39:34", "elapsed": 1392.941734, "delta": 26.578781}}
{"target": -496.8603918969368, "params": {"ampDecay": 0.9387329223299002, "ampSpread": 0.9621946131024635, "extraPeakProb": 0.8593877512812114, "meanPeakCenter": 0.6072180164854073, "meanPeakWidth": 0.08111620705328886, "stdPeakCenter": 0.5575543621323089, "stdPeakWidth": 0.1527162004399819}, "datetime": {"datetime": "2022-11-16 22:39:58", "elapsed": 1416.854647, "delta": 23.912913}}
{"target": -537.7502501392858, "params": {"ampDecay": 0.6161226084103487, "ampSpread": 0.7222320080455951, "extraPeakProb": 0.7627170795309786, "meanPeakCenter": 0.6000126766418409, "meanPeakWidth": 0.14835683033045433, "stdPeakCenter": 0.40815294170551775, "stdPeakWidth": 0.1418586017662211}, "datetime": {"datetime": "2022-11-16 22:40:17", "elapsed": 1436.57536, "delta": 19.720713}}
{"target": -545.3918907259495, "params": {"ampDecay": 0.8722627315087966, "ampSpread": 0.8720083966715125, "extraPeakProb": 0.6481695937897214, "meanPeakCenter": 0.628136739642293, "meanPeakWidth": 0.05114622585017083, "stdPeakCenter": 0.5059887640946592, "stdPeakWidth": 0.01932893524998112}, "datetime": {"datetime": "2022-11-16 22:40:38", "elapsed": 1457.215272, "delta": 20.639912}}
{"target": -614.5181530263004, "params": {"ampDecay": 0.6381321108376679, "ampSpread": 0.826939494540675, "extraPeakProb": 0.7656752717053781, "meanPeakCenter": 0.619711767158805, "meanPeakWidth": 0.1769595198502081, "stdPeakCenter": 0.44990220588993435, "stdPeakWidth": 0.1413718905387796}, "datetime": {"datetime": "2022-11-16 22:40:53", "elapsed": 1472.557029, "delta": 15.341757}}
{"target": -594.7475605958425, "params": {"ampDecay": 0.69988399788602, "ampSpread": 0.43824866848854105, "extraPeakProb": 0.6239365665271183, "meanPeakCenter": 0.6892105828481578, "meanPeakWidth": 0.17162874730151625, "stdPeakCenter": 0.35089764601166495, "stdPeakWidth": 0.09989599185017205}, "datetime": {"datetime": "2022-11-16 22:41:14", "elapsed": 1492.840642, "delta": 20.283613}}
