{"target": -511.58558493780725, "params": {"ampDecay": 0.9625963288277788, "ampSpread": 0.5405562073898176, "extraPeakProb": 0.7276128660257504, "meanPeakCenter": 0.5451577964850435, "meanPeakWidth": 0.18988529430241702, "stdPeakCenter": 0.38021613566066553, "stdPeakWidth": 0.07156063647657467}, "datetime": {"datetime": "2022-11-17 00:14:16", "elapsed": 7075.00868, "delta": 21.958888}}
{"target": -443.6088928799686, "params": {"ampDecay": 0.6313573621502736, "ampSpread": 0.01222807500196075, "extraPeakProb": 0.7958638512019522, "meanPeakCenter": 0.673963056115669, "meanPeakWidth": 0.001, "stdPeakCenter": 0.4747979427319285, "stdPeakWidth": 0.053225516455538885}, "datetime": {"datetime": "2022-11-17 00:14:49", "elapsed": 7107.819315, "delta": 32.810635}}
{"target": -413.6871702682665, "params": {"ampDecay": 0.7923961598488499, "ampSpread": 0.7491404711554517, "extraPeakProb": 0.7141373431465424, "meanPeakCenter": 0.5733904546923643, "meanPeakWidth": 0.06289328995039833, "stdPeakCenter": 0.3761503366679605, "stdPeakWidth": 0.001}, "datetime": {"datetime": "2022-11-17 00:15:29", "elapsed": 7147.92066, "delta": 40.101345}}
{"target": -551.878287390392, "params": {"ampDecay": 0.9303501480472207, "ampSpread": 0.013493539135963295, "extraPeakProb": 0.6857756760062848, "meanPeakCenter": 0.48144543575039916, "meanPeakWidth": 0.16829195278844394, "stdPeakCenter": 0.30323196099180016, "stdPeakWidth": 0.15702271296012915}, "datetime": {"datetime": "2022-11-17 00:15:51", "elapsed": 7170.548602, "delta": 22.627942}}
{"target": -398.94888074130915, "params": {"ampDecay": 0.8567847667924815, "ampSpread": 0.698539399723049, "extraPeakProb": 0.7494298725968604, "meanPeakCenter": 0.4249460373717133, "meanPeakWidth": 0.08031516278928207, "stdPeakCenter": 0.359395557921448, "stdPeakWidth": 0.001}, "datetime": {"datetime": "2022-11-17 00:16:29", "elapsed": 7208.696333, "delta": 38.147731}}
{"target": -476.37319568191106, "params": {"ampDecay": 0.8686750092612001, "ampSpread": 0.37414981760916255, "extraPeakProb": 0.5440960043072786, "meanPeakCenter": 0.4692736808501212, "meanPeakWidth": 0.13360527711086032, "stdPeakCenter": 0.4821060059455823, "stdPeakWidth": 0.12315048511709044}, "datetime": {"datetime": "2022-11-17 00:16:54", "elapsed": 7233.165952, "delta": 24.469619}}
{"target": -586.3526988735367, "params": {"ampDecay": 0.7652046248055474, "ampSpread": 0.8760691468806622, "extraPeakProb": 0.5212043922646382, "meanPeakCenter": 0.6244930571234638, "meanPeakWidth": 0.12728104279077376, "stdPeakCenter": 0.5320467254562427, "stdPeakWidth": 0.0456325220346826}, "datetime": {"datetime": "2022-11-17 00:17:10", "elapsed": 7249.300058, "delta": 16.134106}}
{"target": -519.6346294557682, "params": {"ampDecay": 0.9050668776848609, "ampSpread": 0.6495461194019759, "extraPeakProb": 0.500660767144165, "meanPeakCenter": 0.46115145589730006, "meanPeakWidth": 0.05715454897073193, "stdPeakCenter": 0.3432127467183889, "stdPeakWidth": 0.1713585563088756}, "datetime": {"datetime": "2022-11-17 00:17:33", "elapsed": 7271.837313, "delta": 22.537255}}
{"target": -405.92130991913945, "params": {"ampDecay": 0.7518664792663124, "ampSpread": 0.5978872368831445, "extraPeakProb": 0.786784385686482, "meanPeakCenter": 0.4056340615148329, "meanPeakWidth": 0.02218731726711359, "stdPeakCenter": 0.3690368641145437, "stdPeakWidth": 0.001}, "datetime": {"datetime": "2022-11-17 00:18:28", "elapsed": 7326.996322, "delta": 55.159009}}
{"target": -497.7215661412233, "params": {"ampDecay": 0.6474014761796519, "ampSpread": 0.10902502141123505, "extraPeakProb": 0.7146002977124104, "meanPeakCenter": 0.6620774473286646, "meanPeakWidth": 0.15260557472182357, "stdPeakCenter": 0.3635314427784167, "stdPeakWidth": 0.17929157781147909}, "datetime": {"datetime": "2022-11-17 00:18:59", "elapsed": 7358.346889, "delta": 31.350567}}
{"target": -476.4752578081376, "params": {"ampDecay": 0.9404305999764848, "ampSpread": 0.7500908909993242, "extraPeakProb": 0.7182971807291625, "meanPeakCenter": 0.6384185888227123, "meanPeakWidth": 0.0924500444515847, "stdPeakCenter": 0.3709353074281436, "stdPeakWidth": 0.06818706859987293}, "datetime": {"datetime": "2022-11-17 00:19:29", "elapsed": 7388.539216, "delta": 30.192327}}
{"target": -443.9234700452784, "params": {"ampDecay": 0.8140875850656801, "ampSpread": 0.7490777895912533, "extraPeakProb": 0.6806859463555884, "meanPeakCenter": 0.5466362383626532, "meanPeakWidth": 0.0596530879314052, "stdPeakCenter": 0.40299274647740235, "stdPeakWidth": 0.001}, "datetime": {"datetime": "2022-11-17 00:20:12", "elapsed": 7430.85938, "delta": 42.320164}}
{"target": -521.4210687991647, "params": {"ampDecay": 0.8684786086591757, "ampSpread": 0.5213484902494238, "extraPeakProb": 0.5524694420149313, "meanPeakCenter": 0.2563219645661119, "meanPeakWidth": 0.15601283038572403, "stdPeakCenter": 0.3976828675689105, "stdPeakWidth": 0.19394391893289525}, "datetime": {"datetime": "2022-11-17 00:20:42", "elapsed": 7461.507148, "delta": 30.647768}}
{"target": -466.7050192513267, "params": {"ampDecay": 0.8199909460143154, "ampSpread": 0.7301512761731901, "extraPeakProb": 0.6981897083219454, "meanPeakCenter": 0.5756378220711585, "meanPeakWidth": 0.026127943869624973, "stdPeakCenter": 0.366679932927235, "stdPeakWidth": 0.006595203553856613}, "datetime": {"datetime": "2022-11-17 00:21:18", "elapsed": 7497.130594, "delta": 35.623446}}
{"target": -564.9523383311375, "params": {"ampDecay": 0.8957032014073512, "ampSpread": 0.8957685020061084, "extraPeakProb": 0.8046617315677222, "meanPeakCenter": 0.6956473343817697, "meanPeakWidth": 0.195197501948957, "stdPeakCenter": 0.45196243022159377, "stdPeakWidth": 0.06439261128629399}, "datetime": {"datetime": "2022-11-17 00:21:51", "elapsed": 7530.645389, "delta": 33.514795}}
{"target": -469.7139761206884, "params": {"ampDecay": 0.8415907463493704, "ampSpread": 0.5982514024591769, "extraPeakProb": 0.7404267660403331, "meanPeakCenter": 0.5257433882634222, "meanPeakWidth": 0.08108099172222924, "stdPeakCenter": 0.5597370158758251, "stdPeakWidth": 0.10748512729550903}, "datetime": {"datetime": "2022-11-17 00:22:21", "elapsed": 7560.565266, "delta": 29.919877}}
{"target": -395.7787660135175, "params": {"ampDecay": 0.8332616530048921, "ampSpread": 0.6919786046543845, "extraPeakProb": 0.7473157219354298, "meanPeakCenter": 0.44760550027957546, "meanPeakWidth": 0.035163371705956, "stdPeakCenter": 0.34233180852698314, "stdPeakWidth": 0.02040538363219749}, "datetime": {"datetime": "2022-11-17 00:23:02", "elapsed": 7601.546651, "delta": 40.981385}}
{"target": -486.48704948584304, "params": {"ampDecay": 0.6243222776112533, "ampSpread": 0.12997610274319404, "extraPeakProb": 0.5128375980223555, "meanPeakCenter": 0.5499494390596419, "meanPeakWidth": 0.16820694731431, "stdPeakCenter": 0.31178146768444526, "stdPeakWidth": 0.17775485424479578}, "datetime": {"datetime": "2022-11-17 00:23:31", "elapsed": 7630.470646, "delta": 28.923995}}
{"target": -372.9382142534113, "params": {"ampDecay": 0.6051865704612095, "ampSpread": 0.04421371768354099, "extraPeakProb": 0.7892271072723351, "meanPeakCenter": 0.6353981947749479, "meanPeakWidth": 0.03246174978128648, "stdPeakCenter": 0.5289534769598805, "stdPeakWidth": 0.030864804568314638}, "datetime": {"datetime": "2022-11-17 00:24:15", "elapsed": 7674.462132, "delta": 43.991486}}
{"target": -444.0288819361761, "params": {"ampDecay": 0.9982421662112569, "ampSpread": 0.32942274425405216, "extraPeakProb": 0.6079845088982343, "meanPeakCenter": 0.25085239207492405, "meanPeakWidth": 0.07999571112810747, "stdPeakCenter": 0.5470488857218313, "stdPeakWidth": 0.09501941721579324}, "datetime": {"datetime": "2022-11-17 00:24:52", "elapsed": 7711.351473, "delta": 36.889341}}
{"target": -375.2652927529177, "params": {"ampDecay": 0.6251696872492556, "ampSpread": 0.06262695973554731, "extraPeakProb": 0.7925618904888986, "meanPeakCenter": 0.6597125741151912, "meanPeakWidth": 0.048766369765844204, "stdPeakCenter": 0.5182343991208704, "stdPeakWidth": 0.02115832174179064}, "datetime": {"datetime": "2022-11-17 00:25:43", "elapsed": 7762.45781, "delta": 51.106337}}
{"target": -442.344873026689, "params": {"ampDecay": 0.9851019409735454, "ampSpread": 0.027772022230130755, "extraPeakProb": 0.7002743100011313, "meanPeakCenter": 0.5922600358351141, "meanPeakWidth": 0.023282548367576046, "stdPeakCenter": 0.37322440226974946, "stdPeakWidth": 0.009602139240631847}, "datetime": {"datetime": "2022-11-17 00:26:37", "elapsed": 7816.06747, "delta": 53.60966}}
{"target": -407.6712951695755, "params": {"ampDecay": 0.8243207023497512, "ampSpread": 0.7532679686630027, "extraPeakProb": 0.6999818208647834, "meanPeakCenter": 0.5726835686102839, "meanPeakWidth": 0.08133643736000114, "stdPeakCenter": 0.3734218964075874, "stdPeakWidth": 0.03530577997306609}, "datetime": {"datetime": "2022-11-17 00:27:22", "elapsed": 7861.656391, "delta": 45.588921}}
{"target": -349.347384011477, "params": {"ampDecay": 0.750071884955138, "ampSpread": 0.5708687636244009, "extraPeakProb": 0.7615420006795698, "meanPeakCenter": 0.4073556375789611, "meanPeakWidth": 0.03378748532773709, "stdPeakCenter": 0.40296725525517446, "stdPeakWidth": 0.001}, "datetime": {"datetime": "2022-11-17 00:28:13", "elapsed": 7912.715178, "delta": 51.058787}}
{"target": -524.5844409810409, "params": {"ampDecay": 0.8204416347887452, "ampSpread": 0.5818376070056441, "extraPeakProb": 0.5832609667820833, "meanPeakCenter": 0.44620916022345464, "meanPeakWidth": 0.0856211692252096, "stdPeakCenter": 0.3762808105002251, "stdPeakWidth": 0.18592290302125564}, "datetime": {"datetime": "2022-11-17 00:28:31", "elapsed": 7930.447635, "delta": 17.732457}}
