{"target": -471.46768459281145, "params": {"ampDecay": 0.6, "ampSpread": 0.0, "extraPeakProb": 0.7856248181927943, "meanPeakCenter": 0.662316183810469, "meanPeakWidth": 0.025470300396380204, "stdPeakCenter": 0.5058837818159977, "stdPeakWidth": 0.04928263994918429}, "datetime": {"datetime": "2022-11-16 23:45:27", "elapsed": 5346.38449, "delta": 41.267744}}
{"target": -524.074757292857, "params": {"ampDecay": 0.729753251325322, "ampSpread": 0.2649040604678311, "extraPeakProb": 0.7809218708180385, "meanPeakCenter": 0.3810816288799101, "meanPeakWidth": 0.16169053894157878, "stdPeakCenter": 0.3361399593869911, "stdPeakWidth": 0.18551304517156378}, "datetime": {"datetime": "2022-11-16 23:45:52", "elapsed": 5371.115579, "delta": 24.731089}}
{"target": -486.5638138416567, "params": {"ampDecay": 0.6302679196563448, "ampSpread": 0.1888722462389446, "extraPeakProb": 0.5105842608993603, "meanPeakCenter": 0.35216626221267316, "meanPeakWidth": 0.11198165141318243, "stdPeakCenter": 0.4796670723951646, "stdPeakWidth": 0.19493756583475763}, "datetime": {"datetime": "2022-11-16 23:46:25", "elapsed": 5404.656971, "delta": 33.541392}}
{"target": -565.5688835388519, "params": {"ampDecay": 0.6074306744297416, "ampSpread": 0.8966587028685704, "extraPeakProb": 0.5281192918835627, "meanPeakCenter": 0.3208420747339904, "meanPeakWidth": 0.04945474857638788, "stdPeakCenter": 0.44380411100606876, "stdPeakWidth": 0.09915477155977047}, "datetime": {"datetime": "2022-11-16 23:46:54", "elapsed": 5432.886989, "delta": 28.230018}}
{"target": -458.91205126638124, "params": {"ampDecay": 0.941425089146905, "ampSpread": 0.008928670395926153, "extraPeakProb": 0.7608075113290813, "meanPeakCenter": 0.4249776538255778, "meanPeakWidth": 0.01774920167729474, "stdPeakCenter": 0.4404001788552352, "stdPeakWidth": 0.11434635774168524}, "datetime": {"datetime": "2022-11-16 23:47:21", "elapsed": 5460.109572, "delta": 27.222583}}
{"target": -418.65148654201477, "params": {"ampDecay": 0.8292404411296754, "ampSpread": 0.8646138802517167, "extraPeakProb": 0.6382548840344776, "meanPeakCenter": 0.35643716774985423, "meanPeakWidth": 0.07678847541781848, "stdPeakCenter": 0.48084573808332604, "stdPeakWidth": 0.09193369584648746}, "datetime": {"datetime": "2022-11-16 23:47:59", "elapsed": 5498.003074, "delta": 37.893502}}
{"target": -479.69190130071286, "params": {"ampDecay": 0.7378761170024563, "ampSpread": 0.6036916928181038, "extraPeakProb": 0.7536632179019015, "meanPeakCenter": 0.3860961661952996, "meanPeakWidth": 0.052080515066472086, "stdPeakCenter": 0.43515949696046485, "stdPeakWidth": 0.05297327314597614}, "datetime": {"datetime": "2022-11-16 23:48:34", "elapsed": 5533.458469, "delta": 35.455395}}
{"target": -496.13576976973764, "params": {"ampDecay": 0.7772218246618693, "ampSpread": 0.4834196844123517, "extraPeakProb": 0.8404386811937282, "meanPeakCenter": 0.4304134517856769, "meanPeakWidth": 0.1282330182737584, "stdPeakCenter": 0.32774380921991886, "stdPeakWidth": 0.11099522837618482}, "datetime": {"datetime": "2022-11-16 23:48:56", "elapsed": 5555.540541, "delta": 22.082072}}
{"target": -600.1858544190155, "params": {"ampDecay": 0.6267709516389129, "ampSpread": 0.2867200598291614, "extraPeakProb": 0.5376789148043091, "meanPeakCenter": 0.5620016814282889, "meanPeakWidth": 0.15398117964929875, "stdPeakCenter": 0.5281029648976284, "stdPeakWidth": 0.14698379126692016}, "datetime": {"datetime": "2022-11-16 23:49:20", "elapsed": 5579.651455, "delta": 24.110914}}
{"target": -505.6655562541778, "params": {"ampDecay": 0.9089350537546307, "ampSpread": 0.6090466312345133, "extraPeakProb": 0.8505384057763044, "meanPeakCenter": 0.3368125553189835, "meanPeakWidth": 0.05852610806667612, "stdPeakCenter": 0.5624037141393404, "stdPeakWidth": 0.13693799498561077}, "datetime": {"datetime": "2022-11-16 23:49:41", "elapsed": 5600.588894, "delta": 20.937439}}
{"target": -438.02648384088246, "params": {"ampDecay": 0.7797661200926169, "ampSpread": 0.07124799562306094, "extraPeakProb": 0.8185510492918928, "meanPeakCenter": 0.40604364132781384, "meanPeakWidth": 0.0271455782947207, "stdPeakCenter": 0.5841737462373839, "stdPeakWidth": 0.041297919672692585}, "datetime": {"datetime": "2022-11-16 23:50:11", "elapsed": 5630.01302, "delta": 29.424126}}
{"target": -535.1783887166869, "params": {"ampDecay": 0.8051065160127473, "ampSpread": 0.6828371434461683, "extraPeakProb": 0.7086574885516242, "meanPeakCenter": 0.4069823678844596, "meanPeakWidth": 0.05888754365196331, "stdPeakCenter": 0.36253406192271687, "stdPeakWidth": 0.030291116843375727}, "datetime": {"datetime": "2022-11-16 23:50:41", "elapsed": 5660.02603, "delta": 30.01301}}
{"target": -489.5409590770439, "params": {"ampDecay": 0.6325523311395826, "ampSpread": 0.9885619156407633, "extraPeakProb": 0.7464729944312011, "meanPeakCenter": 0.662139362212571, "meanPeakWidth": 0.13680362084013548, "stdPeakCenter": 0.3724957181599313, "stdPeakWidth": 0.06199788653390438}, "datetime": {"datetime": "2022-11-16 23:51:09", "elapsed": 5688.539152, "delta": 28.513122}}
{"target": -382.7984910448525, "params": {"ampDecay": 0.8200991257762512, "ampSpread": 0.736980725700653, "extraPeakProb": 0.7142025601346718, "meanPeakCenter": 0.544708308573955, "meanPeakWidth": 0.05074177808612726, "stdPeakCenter": 0.3817495057962639, "stdPeakWidth": 0.018941506889362626}, "datetime": {"datetime": "2022-11-16 23:51:57", "elapsed": 5735.999623, "delta": 47.460471}}
{"target": -481.52001586836263, "params": {"ampDecay": 0.7378448050450663, "ampSpread": 0.8329056976279942, "extraPeakProb": 0.6570581431119172, "meanPeakCenter": 0.7253655492065674, "meanPeakWidth": 0.06918834550134613, "stdPeakCenter": 0.3936531945307467, "stdPeakWidth": 0.090573297661681}, "datetime": {"datetime": "2022-11-16 23:52:42", "elapsed": 5781.771654, "delta": 45.772031}}
{"target": -377.4662719897563, "params": {"ampDecay": 0.7973243138668973, "ampSpread": 0.7470388588951059, "extraPeakProb": 0.6834778086717133, "meanPeakCenter": 0.5635715743634333, "meanPeakWidth": 0.048284317732802326, "stdPeakCenter": 0.37680183678092466, "stdPeakWidth": 0.02865822933676968}, "datetime": {"datetime": "2022-11-16 23:53:18", "elapsed": 5817.348127, "delta": 35.576473}}
{"target": -482.53928611081415, "params": {"ampDecay": 0.6676196766602077, "ampSpread": 0.7737469750054073, "extraPeakProb": 0.8466239221311583, "meanPeakCenter": 0.6946811155958326, "meanPeakWidth": 0.15493503456622595, "stdPeakCenter": 0.4030278038573712, "stdPeakWidth": 0.05749712876617019}, "datetime": {"datetime": "2022-11-16 23:53:45", "elapsed": 5844.457886, "delta": 27.109759}}
{"target": -497.052606825259, "params": {"ampDecay": 0.7341980374393321, "ampSpread": 0.5774017352566723, "extraPeakProb": 0.8197236727841108, "meanPeakCenter": 0.3832736662715326, "meanPeakWidth": 0.05826431112578516, "stdPeakCenter": 0.3790517968171068, "stdPeakWidth": 0.06422863401420965}, "datetime": {"datetime": "2022-11-16 23:54:13", "elapsed": 5871.903305, "delta": 27.445419}}
{"target": -438.6084472241595, "params": {"ampDecay": 0.8926540995762535, "ampSpread": 0.49872318012396377, "extraPeakProb": 0.8150388739935261, "meanPeakCenter": 0.4712936244679208, "meanPeakWidth": 0.08972374600098178, "stdPeakCenter": 0.5186029470887773, "stdPeakWidth": 0.007103317339287635}, "datetime": {"datetime": "2022-11-16 23:54:42", "elapsed": 5901.077601, "delta": 29.174296}}
{"target": -415.71160101623246, "params": {"ampDecay": 0.6, "ampSpread": 0.0, "extraPeakProb": 0.8303687802241251, "meanPeakCenter": 0.6862038784311546, "meanPeakWidth": 0.001, "stdPeakCenter": 0.4507939190910146, "stdPeakWidth": 0.07614787180206775}, "datetime": {"datetime": "2022-11-16 23:55:13", "elapsed": 5932.757168, "delta": 31.679567}}
{"target": -717.3557399349888, "params": {"ampDecay": 0.8048130884500805, "ampSpread": 0.8473429410486703, "extraPeakProb": 0.6592021111309853, "meanPeakCenter": 0.6052044437954787, "meanPeakWidth": 0.017951361895322766, "stdPeakCenter": 0.3756089092522327, "stdPeakWidth": 0.006221409963401752}, "datetime": {"datetime": "2022-11-16 23:55:49", "elapsed": 5967.979104, "delta": 35.221936}}
{"target": -448.6840318084549, "params": {"ampDecay": 0.8054129138302417, "ampSpread": 0.7122217235868963, "extraPeakProb": 0.6969459136967485, "meanPeakCenter": 0.5694100521213948, "meanPeakWidth": 0.05924774640993528, "stdPeakCenter": 0.39717444619069114, "stdPeakWidth": 0.030880537797180675}, "datetime": {"datetime": "2022-11-16 23:56:17", "elapsed": 5995.822775, "delta": 27.843671}}
{"target": -403.47605673527346, "params": {"ampDecay": 0.6918814116315856, "ampSpread": 0.17039026944622926, "extraPeakProb": 0.5214045317111802, "meanPeakCenter": 0.5593068575579093, "meanPeakWidth": 0.054306610869614046, "stdPeakCenter": 0.49292524952953043, "stdPeakWidth": 0.027914726560802613}, "datetime": {"datetime": "2022-11-16 23:57:04", "elapsed": 6043.254447, "delta": 47.431672}}
{"target": -494.663983891874, "params": {"ampDecay": 0.7732804766487238, "ampSpread": 0.761797921150396, "extraPeakProb": 0.7475286451595801, "meanPeakCenter": 0.4415559968082397, "meanPeakWidth": 0.10523099517959504, "stdPeakCenter": 0.38034038720562774, "stdPeakWidth": 0.10316366910498379}, "datetime": {"datetime": "2022-11-16 23:57:30", "elapsed": 6069.686584, "delta": 26.432137}}
{"target": -507.79539369434116, "params": {"ampDecay": 0.6687995350869428, "ampSpread": 0.5379347591901263, "extraPeakProb": 0.6211747068971626, "meanPeakCenter": 0.6000813156358831, "meanPeakWidth": 0.1544776540585256, "stdPeakCenter": 0.3970834471748515, "stdPeakWidth": 0.14341224747852005}, "datetime": {"datetime": "2022-11-16 23:57:57", "elapsed": 6096.390246, "delta": 26.703662}}
{"target": -604.1411385399, "params": {"ampDecay": 0.7205331491704843, "ampSpread": 0.7384962834278271, "extraPeakProb": 0.8704895865136291, "meanPeakCenter": 0.7240517929510917, "meanPeakWidth": 0.13806850850958796, "stdPeakCenter": 0.5440525680944089, "stdPeakWidth": 0.17915690853556512}, "datetime": {"datetime": "2022-11-16 23:58:14", "elapsed": 6113.500348, "delta": 17.110102}}
{"target": -523.9980530668993, "params": {"ampDecay": 0.974469502505058, "ampSpread": 0.5890879855837067, "extraPeakProb": 0.7840580530948648, "meanPeakCenter": 0.6205362452822303, "meanPeakWidth": 0.12115507234873109, "stdPeakCenter": 0.43981435089808363, "stdPeakWidth": 0.031963870038526014}, "datetime": {"datetime": "2022-11-16 23:58:36", "elapsed": 6135.08845, "delta": 21.588102}}
{"target": -502.030871060055, "params": {"ampDecay": 0.8097547782018375, "ampSpread": 0.7617974182337611, "extraPeakProb": 0.7108376307147719, "meanPeakCenter": 0.5542994647033825, "meanPeakWidth": 0.031211945851370947, "stdPeakCenter": 0.39415578242207855, "stdPeakWidth": 0.04533415933737518}, "datetime": {"datetime": "2022-11-16 23:59:02", "elapsed": 6161.426258, "delta": 26.337808}}
{"target": -373.6671167438206, "params": {"ampDecay": 0.7246896275271569, "ampSpread": 0.5743466767031175, "extraPeakProb": 0.7908530609529222, "meanPeakCenter": 0.37772403289821616, "meanPeakWidth": 0.02452027373459366, "stdPeakCenter": 0.39783261751370586, "stdPeakWidth": 0.001}, "datetime": {"datetime": "2022-11-16 23:59:53", "elapsed": 6211.929384, "delta": 50.503126}}
{"target": -391.4640588098259, "params": {"ampDecay": 0.8179047636276016, "ampSpread": 0.6927118726462321, "extraPeakProb": 0.745412506294517, "meanPeakCenter": 0.42893674511952207, "meanPeakWidth": 0.04467992336602714, "stdPeakCenter": 0.3, "stdPeakWidth": 0.009485164722208122}, "datetime": {"datetime": "2022-11-17 00:00:33", "elapsed": 6252.665853, "delta": 40.736469}}
{"target": -687.9469333684108, "params": {"ampDecay": 0.6937145081129344, "ampSpread": 0.8778149052325862, "extraPeakProb": 0.5198381384814349, "meanPeakCenter": 0.4601680682821083, "meanPeakWidth": 0.020761810567681647, "stdPeakCenter": 0.5803075423774205, "stdPeakWidth": 0.03074606037920573}, "datetime": {"datetime": "2022-11-17 00:01:07", "elapsed": 6286.09346, "delta": 33.427607}}
{"target": -571.2004561934705, "params": {"ampDecay": 0.9235866145366862, "ampSpread": 0.9751499331374403, "extraPeakProb": 0.6071117412540122, "meanPeakCenter": 0.29684246396630504, "meanPeakWidth": 0.05912459464658299, "stdPeakCenter": 0.3801803485492097, "stdPeakWidth": 0.09325328724772819}, "datetime": {"datetime": "2022-11-17 00:01:37", "elapsed": 6316.187565, "delta": 30.094105}}
{"target": -545.5265404731265, "params": {"ampDecay": 0.6971790558437518, "ampSpread": 0.10392030352259907, "extraPeakProb": 0.5462459281382942, "meanPeakCenter": 0.4882105313243478, "meanPeakWidth": 0.1877183393439402, "stdPeakCenter": 0.506357653525204, "stdPeakWidth": 0.00124279119332766}, "datetime": {"datetime": "2022-11-17 00:01:53", "elapsed": 6332.740303, "delta": 16.552738}}
{"target": -437.305503075842, "params": {"ampDecay": 0.6376224847028685, "ampSpread": 0.04110548997021535, "extraPeakProb": 0.7736200282920271, "meanPeakCenter": 0.6921621468837944, "meanPeakWidth": 0.024010173988954883, "stdPeakCenter": 0.4869996200992751, "stdPeakWidth": 0.02267584908727598}, "datetime": {"datetime": "2022-11-17 00:02:39", "elapsed": 6378.258348, "delta": 45.518045}}
{"target": -435.2858214167662, "params": {"ampDecay": 0.8510718505033827, "ampSpread": 0.5142800094565142, "extraPeakProb": 0.5637205894863739, "meanPeakCenter": 0.6883181379264922, "meanPeakWidth": 0.0690296669920157, "stdPeakCenter": 0.42989922077805204, "stdPeakWidth": 0.045691596956970365}, "datetime": {"datetime": "2022-11-17 00:03:16", "elapsed": 6414.845175, "delta": 36.586827}}
{"target": -506.6227005229592, "params": {"ampDecay": 0.7002159990162454, "ampSpread": 0.19503636757470758, "extraPeakProb": 0.5258864555017927, "meanPeakCenter": 0.5715261072832539, "meanPeakWidth": 0.038296262033234094, "stdPeakCenter": 0.5310428309115031, "stdPeakWidth": 0.035991551333808346}, "datetime": {"datetime": "2022-11-17 00:03:58", "elapsed": 6456.944027, "delta": 42.098852}}
{"target": -491.0086711403951, "params": {"ampDecay": 0.7357288109282477, "ampSpread": 0.6103699085300364, "extraPeakProb": 0.8240877541960573, "meanPeakCenter": 0.3337190936947719, "meanPeakWidth": 0.08075679708584181, "stdPeakCenter": 0.41020250402383956, "stdPeakWidth": 0.00673468060760638}, "datetime": {"datetime": "2022-11-17 00:04:26", "elapsed": 6485.279124, "delta": 28.335097}}
{"target": -472.7231294417278, "params": {"ampDecay": 0.9193398189080653, "ampSpread": 0.6945078608227906, "extraPeakProb": 0.77958066953752, "meanPeakCenter": 0.4860962213888721, "meanPeakWidth": 0.15388875297337165, "stdPeakCenter": 0.5688058811858321, "stdPeakWidth": 0.13895879291272356}, "datetime": {"datetime": "2022-11-17 00:04:56", "elapsed": 6515.189863, "delta": 29.910739}}
{"target": -514.165267957205, "params": {"ampDecay": 0.8274266677522523, "ampSpread": 0.8393216977916738, "extraPeakProb": 0.6214444865777198, "meanPeakCenter": 0.36457673737102236, "meanPeakWidth": 0.05810311172278248, "stdPeakCenter": 0.4814342087772868, "stdPeakWidth": 0.06670130154102923}, "datetime": {"datetime": "2022-11-17 00:05:23", "elapsed": 6542.034905, "delta": 26.845042}}
{"target": -487.2186237204745, "params": {"ampDecay": 0.8481287179795347, "ampSpread": 0.9164668073432206, "extraPeakProb": 0.5540003921283612, "meanPeakCenter": 0.5850958923893381, "meanPeakWidth": 0.14593374570112055, "stdPeakCenter": 0.4535938342160828, "stdPeakWidth": 0.11394495522113889}, "datetime": {"datetime": "2022-11-17 00:05:49", "elapsed": 6568.195737, "delta": 26.160832}}
{"target": -434.6526205385994, "params": {"ampDecay": 0.7199772438079278, "ampSpread": 0.5300693036494297, "extraPeakProb": 0.7375041280502209, "meanPeakCenter": 0.37263858301348807, "meanPeakWidth": 0.06865467716819904, "stdPeakCenter": 0.3538311550716685, "stdPeakWidth": 0.015070643240713475}, "datetime": {"datetime": "2022-11-17 00:06:20", "elapsed": 6598.933659, "delta": 30.737922}}
{"target": -549.3284558985989, "params": {"ampDecay": 0.759623253190377, "ampSpread": 0.7554108828749618, "extraPeakProb": 0.6196171183843595, "meanPeakCenter": 0.7302524909135617, "meanPeakWidth": 0.015914705831419473, "stdPeakCenter": 0.3579943267387019, "stdPeakWidth": 0.166936535594601}, "datetime": {"datetime": "2022-11-17 00:06:39", "elapsed": 6618.213962, "delta": 19.280303}}
{"target": -490.14855337983005, "params": {"ampDecay": 0.7362887432082543, "ampSpread": 0.30182538228241806, "extraPeakProb": 0.7278367862058822, "meanPeakCenter": 0.7433036392030439, "meanPeakWidth": 0.11795906529172508, "stdPeakCenter": 0.4711683546709926, "stdPeakWidth": 0.06853801932524728}, "datetime": {"datetime": "2022-11-17 00:07:00", "elapsed": 6639.492006, "delta": 21.278044}}
{"target": -464.02397875252336, "params": {"ampDecay": 0.8731906790452354, "ampSpread": 0.6503591984688507, "extraPeakProb": 0.7330290409188828, "meanPeakCenter": 0.39838598168318956, "meanPeakWidth": 0.0862515127086922, "stdPeakCenter": 0.3312444582026391, "stdPeakWidth": 0.03709250782598133}, "datetime": {"datetime": "2022-11-17 00:07:41", "elapsed": 6679.805124, "delta": 40.313118}}
{"target": -478.9506305207, "params": {"ampDecay": 0.7852817956124886, "ampSpread": 0.48734405037055994, "extraPeakProb": 0.88335489634019, "meanPeakCenter": 0.3858441162209638, "meanPeakWidth": 0.007089094447814845, "stdPeakCenter": 0.41409455126916966, "stdPeakWidth": 0.10419464698954521}, "datetime": {"datetime": "2022-11-17 00:08:06", "elapsed": 6705.43954, "delta": 25.634416}}
{"target": -508.9318887116608, "params": {"ampDecay": 0.8803045861407524, "ampSpread": 0.7072685905601604, "extraPeakProb": 0.798518358420157, "meanPeakCenter": 0.28713766850385186, "meanPeakWidth": 0.11950449038322251, "stdPeakCenter": 0.43977808060779966, "stdPeakWidth": 0.16154366499513123}, "datetime": {"datetime": "2022-11-17 00:08:26", "elapsed": 6725.372959, "delta": 19.933419}}
{"target": -468.64893971788996, "params": {"ampDecay": 0.716298973314363, "ampSpread": 0.9925430885465756, "extraPeakProb": 0.8477441324203282, "meanPeakCenter": 0.36608143093818446, "meanPeakWidth": 0.010637326758718538, "stdPeakCenter": 0.3521323379001726, "stdPeakWidth": 0.0706914115282181}, "datetime": {"datetime": "2022-11-17 00:08:56", "elapsed": 6755.425537, "delta": 30.052578}}
{"target": -548.5536396640119, "params": {"ampDecay": 0.6893771251599491, "ampSpread": 0.6998233243415859, "extraPeakProb": 0.7969718489142985, "meanPeakCenter": 0.3031349088780096, "meanPeakWidth": 0.13736080852301927, "stdPeakCenter": 0.4626661965109297, "stdPeakWidth": 0.1891082816742172}, "datetime": {"datetime": "2022-11-17 00:09:16", "elapsed": 6775.336379, "delta": 19.910842}}
{"target": -468.6303279034709, "params": {"ampDecay": 0.7129082308248232, "ampSpread": 0.9796991334341767, "extraPeakProb": 0.8243205731998258, "meanPeakCenter": 0.3692326964168462, "meanPeakWidth": 0.016639438532812464, "stdPeakCenter": 0.3679304011670241, "stdPeakWidth": 0.042890788179004824}, "datetime": {"datetime": "2022-11-17 00:09:53", "elapsed": 6812.284005, "delta": 36.947626}}
{"target": -340.23217765989045, "params": {"ampDecay": 0.8475368303932929, "ampSpread": 0.687143260324805, "extraPeakProb": 0.761471658566164, "meanPeakCenter": 0.43847179421805466, "meanPeakWidth": 0.058564841153460466, "stdPeakCenter": 0.3390827178621642, "stdPeakWidth": 0.001}, "datetime": {"datetime": "2022-11-17 00:10:46", "elapsed": 6864.911129, "delta": 52.627124}}
{"target": -377.7464799301612, "params": {"ampDecay": 0.8262556817328153, "ampSpread": 0.7460322202009684, "extraPeakProb": 0.6891324485390289, "meanPeakCenter": 0.5694269871608963, "meanPeakWidth": 0.06276886072830998, "stdPeakCenter": 0.37002358457193973, "stdPeakWidth": 0.001}, "datetime": {"datetime": "2022-11-17 00:11:27", "elapsed": 6906.722839, "delta": 41.81171}}
{"target": -505.9965848820162, "params": {"ampDecay": 0.6488589967745103, "ampSpread": 0.9444078115355573, "extraPeakProb": 0.5581050401839542, "meanPeakCenter": 0.7359644313866145, "meanPeakWidth": 0.030471110093114415, "stdPeakCenter": 0.5105515050053081, "stdPeakWidth": 0.10105006368636697}, "datetime": {"datetime": "2022-11-17 00:11:52", "elapsed": 6930.840057, "delta": 24.117218}}
{"target": -488.100731875314, "params": {"ampDecay": 0.9894977758349474, "ampSpread": 0.4640088675112686, "extraPeakProb": 0.6925196760447234, "meanPeakCenter": 0.32426909693430056, "meanPeakWidth": 0.12994395242372417, "stdPeakCenter": 0.4411312079860016, "stdPeakWidth": 0.14033858029789315}, "datetime": {"datetime": "2022-11-17 00:12:22", "elapsed": 6960.926018, "delta": 30.085961}}
{"target": -414.8843301522199, "params": {"ampDecay": 0.782581848131907, "ampSpread": 0.7490057095073507, "extraPeakProb": 0.6745312190261193, "meanPeakCenter": 0.5718200394928048, "meanPeakWidth": 0.08138818389620063, "stdPeakCenter": 0.3318801363029763, "stdPeakWidth": 0.03971039911956822}, "datetime": {"datetime": "2022-11-17 00:12:53", "elapsed": 6992.69151, "delta": 31.765492}}
{"target": -395.2072877703274, "params": {"ampDecay": 0.8497255122926103, "ampSpread": 0.45293394237309004, "extraPeakProb": 0.77108444630239, "meanPeakCenter": 0.42398267480657365, "meanPeakWidth": 0.07182458738347548, "stdPeakCenter": 0.3474482437796274, "stdPeakWidth": 0.017165763538876725}, "datetime": {"datetime": "2022-11-17 00:13:33", "elapsed": 7031.962695, "delta": 39.271185}}
{"target": -534.0532490326585, "params": {"ampDecay": 0.9036178284419816, "ampSpread": 0.43159102305633523, "extraPeakProb": 0.7481109602564177, "meanPeakCenter": 0.6479950787659439, "meanPeakWidth": 0.16237531884148532, "stdPeakCenter": 0.43650495757090313, "stdPeakWidth": 0.18762226983992583}, "datetime": {"datetime": "2022-11-17 00:13:54", "elapsed": 7053.049792, "delta": 21.087097}}
