{"target": -530.815981599029, "params": {"ampDecay": 0.6216672181029086, "ampSpread": 0.615526390203216, "extraPeakProb": 0.8989707481746811, "meanPeakCenter": 0.6839948845419986, "meanPeakWidth": 0.19719603399094038, "stdPeakCenter": 0.33391464898478546, "stdPeakWidth": 0.0866325502883691}, "datetime": {"datetime": "2022-11-16 22:41:34", "elapsed": 1512.78259, "delta": 19.941948}}
{"target": -493.272638296638, "params": {"ampDecay": 0.7427741664707469, "ampSpread": 0.6097039665594106, "extraPeakProb": 0.6285794322670687, "meanPeakCenter": 0.7241506265593334, "meanPeakWidth": 0.08437584299613576, "stdPeakCenter": 0.33387237381228907, "stdPeakWidth": 0.15473268945079302}, "datetime": {"datetime": "2022-11-16 22:41:58", "elapsed": 1536.794229, "delta": 24.011639}}
{"target": -482.83847643976037, "params": {"ampDecay": 0.8468683535321252, "ampSpread": 0.30780921362974756, "extraPeakProb": 0.8172463067539146, "meanPeakCenter": 0.6474175781844294, "meanPeakWidth": 0.10851443950117506, "stdPeakCenter": 0.5033097364583239, "stdPeakWidth": 0.16508134173149608}, "datetime": {"datetime": "2022-11-16 22:42:27", "elapsed": 1566.027804, "delta": 29.233575}}
{"target": -460.586959162396, "params": {"ampDecay": 0.7648749979786497, "ampSpread": 0.7154121296300922, "extraPeakProb": 0.6375001937848014, "meanPeakCenter": 0.708586693971362, "meanPeakWidth": 0.0972361629178174, "stdPeakCenter": 0.48949447589206296, "stdPeakWidth": 0.050980777551178275}, "datetime": {"datetime": "2022-11-16 22:42:53", "elapsed": 1592.513743, "delta": 26.485939}}
{"target": -457.6746184598841, "params": {"ampDecay": 0.8989873937501222, "ampSpread": 0.9445095824690104, "extraPeakProb": 0.6849826768036356, "meanPeakCenter": 0.621878656364317, "meanPeakWidth": 0.019327143219691693, "stdPeakCenter": 0.5406232025382429, "stdPeakWidth": 0.08113545018342098}, "datetime": {"datetime": "2022-11-16 22:43:21", "elapsed": 1619.866262, "delta": 27.352519}}
{"target": -557.0051542430119, "params": {"ampDecay": 0.9473005461846269, "ampSpread": 0.6832571152306824, "extraPeakProb": 0.5791918640732123, "meanPeakCenter": 0.41649439541139155, "meanPeakWidth": 0.125758121770894, "stdPeakCenter": 0.42317120358028615, "stdPeakWidth": 0.002675069674021579}, "datetime": {"datetime": "2022-11-16 22:43:42", "elapsed": 1641.56632, "delta": 21.700058}}
{"target": -478.12670531630783, "params": {"ampDecay": 0.7758340092035435, "ampSpread": 0.21104345635334076, "extraPeakProb": 0.5408700948001701, "meanPeakCenter": 0.49398035726652706, "meanPeakWidth": 0.10175391913481957, "stdPeakCenter": 0.5868888220830847, "stdPeakWidth": 0.03318757258852374}, "datetime": {"datetime": "2022-11-16 22:44:06", "elapsed": 1664.968672, "delta": 23.402352}}
{"target": -492.88922905572474, "params": {"ampDecay": 0.8786623726045709, "ampSpread": 0.728727902570874, "extraPeakProb": 0.7791306450450742, "meanPeakCenter": 0.46149599423022847, "meanPeakWidth": 0.005099675068420596, "stdPeakCenter": 0.5815817441436448, "stdPeakWidth": 0.03538481837240754}, "datetime": {"datetime": "2022-11-16 22:44:36", "elapsed": 1695.234511, "delta": 30.265839}}
{"target": -527.2856404370275, "params": {"ampDecay": 0.9064011902920809, "ampSpread": 0.8853904566224144, "extraPeakProb": 0.7634619153149571, "meanPeakCenter": 0.5228817089674109, "meanPeakWidth": 0.1413085766818664, "stdPeakCenter": 0.5797184837015048, "stdPeakWidth": 0.05431225695543548}, "datetime": {"datetime": "2022-11-16 22:45:02", "elapsed": 1721.542706, "delta": 26.308195}}
{"target": -567.7678877916848, "params": {"ampDecay": 0.6224272805194742, "ampSpread": 0.9063884173244355, "extraPeakProb": 0.5190885429155234, "meanPeakCenter": 0.7362585474726508, "meanPeakWidth": 0.1037621628656862, "stdPeakCenter": 0.5020747403384597, "stdPeakWidth": 0.12026985340711714}, "datetime": {"datetime": "2022-11-16 22:45:18", "elapsed": 1737.229685, "delta": 15.686979}}
{"target": -493.78110630813234, "params": {"ampDecay": 0.7901027687374464, "ampSpread": 0.6718801670950562, "extraPeakProb": 0.8491850945436465, "meanPeakCenter": 0.7227750672595138, "meanPeakWidth": 0.017375511814737083, "stdPeakCenter": 0.5326807374312825, "stdPeakWidth": 0.1450655585784934}, "datetime": {"datetime": "2022-11-16 22:45:39", "elapsed": 1758.754324, "delta": 21.524639}}
{"target": -364.4754659103779, "params": {"ampDecay": 0.7483005772314184, "ampSpread": 0.6041031761291389, "extraPeakProb": 0.7676983090690386, "meanPeakCenter": 0.36047146262948376, "meanPeakWidth": 0.0556133727065341, "stdPeakCenter": 0.37025625622297154, "stdPeakWidth": 0.013928727875609264}, "datetime": {"datetime": "2022-11-16 22:46:22", "elapsed": 1800.805557, "delta": 42.051233}}
{"target": -526.4503216207795, "params": {"ampDecay": 0.6080185815766247, "ampSpread": 0.5500605327625133, "extraPeakProb": 0.5633629362256289, "meanPeakCenter": 0.2823551601636161, "meanPeakWidth": 0.1426823836671106, "stdPeakCenter": 0.40396717515353436, "stdPeakWidth": 0.03949594138310261}, "datetime": {"datetime": "2022-11-16 22:46:40", "elapsed": 1819.757121, "delta": 18.951564}}
{"target": -666.1092103479637, "params": {"ampDecay": 0.71816771995797, "ampSpread": 0.7582236496598415, "extraPeakProb": 0.8105069569998313, "meanPeakCenter": 0.32913126760140127, "meanPeakWidth": 0.017457979379779092, "stdPeakCenter": 0.46669469232786887, "stdPeakWidth": 0.0014127039554277935}, "datetime": {"datetime": "2022-11-16 22:46:52", "elapsed": 1831.028469, "delta": 11.271348}}
{"target": -482.75971514665054, "params": {"ampDecay": 0.6203919606039935, "ampSpread": 0.612662107839679, "extraPeakProb": 0.515665899445196, "meanPeakCenter": 0.5222585826511013, "meanPeakWidth": 0.10746394045424275, "stdPeakCenter": 0.5333198629490692, "stdPeakWidth": 0.17814495671257038}, "datetime": {"datetime": "2022-11-16 22:47:17", "elapsed": 1856.465134, "delta": 25.436665}}
{"target": -468.0504635211611, "params": {"ampDecay": 0.9396059696142094, "ampSpread": 0.44585331317610355, "extraPeakProb": 0.7342771104891082, "meanPeakCenter": 0.379337745551315, "meanPeakWidth": 0.1045560831920328, "stdPeakCenter": 0.39691999383139354, "stdPeakWidth": 0.12894217465854724}, "datetime": {"datetime": "2022-11-16 22:47:51", "elapsed": 1889.912823, "delta": 33.447689}}
{"target": -468.94817987634, "params": {"ampDecay": 0.690830562589026, "ampSpread": 0.14533023647958032, "extraPeakProb": 0.5236996086925906, "meanPeakCenter": 0.5544353928121153, "meanPeakWidth": 0.06992946568555433, "stdPeakCenter": 0.47222553501872766, "stdPeakWidth": 0.04217470955211348}, "datetime": {"datetime": "2022-11-16 22:48:33", "elapsed": 1931.900017, "delta": 41.987194}}
{"target": -488.7530116295919, "params": {"ampDecay": 0.8831332536117472, "ampSpread": 0.5103254087342542, "extraPeakProb": 0.8381387549783672, "meanPeakCenter": 0.6186679324722957, "meanPeakWidth": 0.0721098040509331, "stdPeakCenter": 0.5294131166612875, "stdPeakWidth": 0.09441462090691483}, "datetime": {"datetime": "2022-11-16 22:48:59", "elapsed": 1958.151073, "delta": 26.251056}}
{"target": -526.5405868450905, "params": {"ampDecay": 0.660230870738452, "ampSpread": 0.4656609318910033, "extraPeakProb": 0.6803207372007617, "meanPeakCenter": 0.636484582221243, "meanPeakWidth": 0.15016671798828626, "stdPeakCenter": 0.3147104592724869, "stdPeakWidth": 0.024105294376516904}, "datetime": {"datetime": "2022-11-16 22:49:17", "elapsed": 1976.572057, "delta": 18.420984}}
{"target": -480.22382687295317, "params": {"ampDecay": 0.8542456028616072, "ampSpread": 0.49019287319560256, "extraPeakProb": 0.6321088495405809, "meanPeakCenter": 0.4003172199208662, "meanPeakWidth": 0.15301944799250525, "stdPeakCenter": 0.3288791297212798, "stdPeakWidth": 0.15761421551874016}, "datetime": {"datetime": "2022-11-16 22:49:51", "elapsed": 2009.850678, "delta": 33.278621}}
{"target": -498.94423090999095, "params": {"ampDecay": 0.8560495243951171, "ampSpread": 0.30854813534998193, "extraPeakProb": 0.589814345444276, "meanPeakCenter": 0.6152432516905568, "meanPeakWidth": 0.14452816843257088, "stdPeakCenter": 0.5608584762011783, "stdPeakWidth": 0.016986461998660243}, "datetime": {"datetime": "2022-11-16 22:50:12", "elapsed": 2031.408756, "delta": 21.558078}}
{"target": -685.2168700314853, "params": {"ampDecay": 0.9073870316343128, "ampSpread": 0.8188269431196887, "extraPeakProb": 0.6874636789046064, "meanPeakCenter": 0.6648522685262013, "meanPeakWidth": 0.0012687570685824441, "stdPeakCenter": 0.46647862155284137, "stdPeakWidth": 0.01918708083170752}, "datetime": {"datetime": "2022-11-16 22:50:54", "elapsed": 2073.04932, "delta": 41.640564}}
{"target": -487.79059756118113, "params": {"ampDecay": 0.6346294667265194, "ampSpread": 0.6197906508959165, "extraPeakProb": 0.5512718516811651, "meanPeakCenter": 0.35602024971840435, "meanPeakWidth": 0.14919711905100946, "stdPeakCenter": 0.34515491908014817, "stdPeakWidth": 0.09196144265762375}, "datetime": {"datetime": "2022-11-16 22:51:31", "elapsed": 2110.64677, "delta": 37.59745}}
{"target": -357.0347923156485, "params": {"ampDecay": 0.8611802298328765, "ampSpread": 0.6819348149551566, "extraPeakProb": 0.7402246190999204, "meanPeakCenter": 0.40541340208504956, "meanPeakWidth": 0.07006104035984918, "stdPeakCenter": 0.3261326109143258, "stdPeakWidth": 0.00910723281795979}, "datetime": {"datetime": "2022-11-16 22:52:10", "elapsed": 2148.998423, "delta": 38.351653}}
{"target": -512.0471110687544, "params": {"ampDecay": 0.8370366837896056, "ampSpread": 0.21116757132838815, "extraPeakProb": 0.778976604643107, "meanPeakCenter": 0.4088785298952963, "meanPeakWidth": 0.1271967423454811, "stdPeakCenter": 0.5581267761605778, "stdPeakWidth": 0.17233991445047422}, "datetime": {"datetime": "2022-11-16 22:52:33", "elapsed": 2172.30418, "delta": 23.305757}}
{"target": -494.7509769352616, "params": {"ampDecay": 0.9082644780708465, "ampSpread": 0.3322331315780558, "extraPeakProb": 0.6917871902643618, "meanPeakCenter": 0.49878797330727903, "meanPeakWidth": 0.04312410042211893, "stdPeakCenter": 0.5496437910077852, "stdPeakWidth": 0.15873846780297332}, "datetime": {"datetime": "2022-11-16 22:52:56", "elapsed": 2195.192405, "delta": 22.888225}}
{"target": -472.55696534409094, "params": {"ampDecay": 0.7452057331625123, "ampSpread": 0.7201899372209829, "extraPeakProb": 0.5497085879777707, "meanPeakCenter": 0.5782955388334521, "meanPeakWidth": 0.10496716702177565, "stdPeakCenter": 0.3612264661695934, "stdPeakWidth": 0.04277168533627434}, "datetime": {"datetime": "2022-11-16 22:53:23", "elapsed": 2222.323643, "delta": 27.131238}}
{"target": -586.1353955020134, "params": {"ampDecay": 0.9918092558972796, "ampSpread": 0.7977008043460928, "extraPeakProb": 0.631820308095563, "meanPeakCenter": 0.37856758920821965, "meanPeakWidth": 0.1929874637676878, "stdPeakCenter": 0.5257307527355486, "stdPeakWidth": 0.1387359613678107}, "datetime": {"datetime": "2022-11-16 22:53:47", "elapsed": 2246.12957, "delta": 23.805927}}
{"target": -502.77269578966707, "params": {"ampDecay": 0.628619330963216, "ampSpread": 0.15229023092336602, "extraPeakProb": 0.547546727427162, "meanPeakCenter": 0.27933173275474543, "meanPeakWidth": 0.1828300943079074, "stdPeakCenter": 0.39009704681855867, "stdPeakWidth": 0.18262082043175987}, "datetime": {"datetime": "2022-11-16 22:54:11", "elapsed": 2270.275887, "delta": 24.146317}}
{"target": -517.3488927212717, "params": {"ampDecay": 0.9943147192864359, "ampSpread": 0.30333925755472935, "extraPeakProb": 0.7293907288429798, "meanPeakCenter": 0.6075633880621203, "meanPeakWidth": 0.056961903521164065, "stdPeakCenter": 0.3942830280344075, "stdPeakWidth": 0.13076954385852152}, "datetime": {"datetime": "2022-11-16 22:54:31", "elapsed": 2290.592198, "delta": 20.316311}}
{"target": -486.8837478332456, "params": {"ampDecay": 0.8566486447558939, "ampSpread": 0.47393176482230426, "extraPeakProb": 0.6546085245648077, "meanPeakCenter": 0.48297079877651017, "meanPeakWidth": 0.18477354450471828, "stdPeakCenter": 0.4374167773047787, "stdPeakWidth": 0.1683698431253034}, "datetime": {"datetime": "2022-11-16 22:54:53", "elapsed": 2312.451752, "delta": 21.859554}}
{"target": -528.4983600525255, "params": {"ampDecay": 0.9075514647494839, "ampSpread": 0.2244290209302463, "extraPeakProb": 0.8501080443582318, "meanPeakCenter": 0.26417221958802267, "meanPeakWidth": 0.13556589546096737, "stdPeakCenter": 0.548801610944669, "stdPeakWidth": 0.1271227652735384}, "datetime": {"datetime": "2022-11-16 22:55:13", "elapsed": 2332.745777, "delta": 20.294025}}
{"target": -767.3191892238196, "params": {"ampDecay": 0.6628911811984685, "ampSpread": 0.3100635069572316, "extraPeakProb": 0.6834640425481597, "meanPeakCenter": 0.43294761698020634, "meanPeakWidth": 0.18792899108257896, "stdPeakCenter": 0.4145123918868229, "stdPeakWidth": 0.19508799418687212}, "datetime": {"datetime": "2022-11-16 22:55:33", "elapsed": 2352.500234, "delta": 19.754457}}
{"target": -530.798179311496, "params": {"ampDecay": 0.790137533644203, "ampSpread": 0.8136305400957464, "extraPeakProb": 0.7649056358613586, "meanPeakCenter": 0.254710303206263, "meanPeakWidth": 0.07817902338981543, "stdPeakCenter": 0.5133331916513516, "stdPeakWidth": 0.14036421231622548}, "datetime": {"datetime": "2022-11-16 22:55:57", "elapsed": 2376.610477, "delta": 24.110243}}
{"target": -486.7643037260204, "params": {"ampDecay": 0.6086889867390294, "ampSpread": 0.2918910514943208, "extraPeakProb": 0.5027276122311121, "meanPeakCenter": 0.6405890066738524, "meanPeakWidth": 0.18921428454628403, "stdPeakCenter": 0.5189327924917116, "stdPeakWidth": 0.13004491538217766}, "datetime": {"datetime": "2022-11-16 22:56:36", "elapsed": 2415.235347, "delta": 38.62487}}
{"target": -513.5383121203225, "params": {"ampDecay": 0.648355124759371, "ampSpread": 0.4755950616472595, "extraPeakProb": 0.5146950791061726, "meanPeakCenter": 0.5208585569949113, "meanPeakWidth": 0.193597435297762, "stdPeakCenter": 0.4319781759528696, "stdPeakWidth": 0.1743527081207436}, "datetime": {"datetime": "2022-11-16 22:57:00", "elapsed": 2439.162459, "delta": 23.927112}}
{"target": -555.8071643185656, "params": {"ampDecay": 0.7825569467194715, "ampSpread": 0.621860802749828, "extraPeakProb": 0.8554119604185244, "meanPeakCenter": 0.3317596900785277, "meanPeakWidth": 0.030887808866273663, "stdPeakCenter": 0.37778334073526865, "stdPeakWidth": 0.1617778816982769}, "datetime": {"datetime": "2022-11-16 22:57:29", "elapsed": 2468.209202, "delta": 29.046743}}
{"target": -540.3096344864332, "params": {"ampDecay": 0.8766233050803781, "ampSpread": 0.15629333073880003, "extraPeakProb": 0.5174610634636511, "meanPeakCenter": 0.5971687446129921, "meanPeakWidth": 0.006403922233862242, "stdPeakCenter": 0.5602070222175048, "stdPeakWidth": 0.031988312432447014}, "datetime": {"datetime": "2022-11-16 22:58:34", "elapsed": 2533.525497, "delta": 65.316295}}
{"target": -542.4528579212689, "params": {"ampDecay": 0.8408593033681028, "ampSpread": 0.6587698070936227, "extraPeakProb": 0.7057166106290038, "meanPeakCenter": 0.43565673360616664, "meanPeakWidth": 0.005553527931255903, "stdPeakCenter": 0.46476645390973176, "stdPeakWidth": 0.10755003830977661}, "datetime": {"datetime": "2022-11-16 22:59:05", "elapsed": 2564.119341, "delta": 30.593844}}
{"target": -463.1408070903766, "params": {"ampDecay": 0.6031823843298151, "ampSpread": 0.5945710064275148, "extraPeakProb": 0.7855734347155279, "meanPeakCenter": 0.35785179115824495, "meanPeakWidth": 0.12591344538281316, "stdPeakCenter": 0.5370035168572357, "stdPeakWidth": 0.038857213884227394}, "datetime": {"datetime": "2022-11-16 22:59:30", "elapsed": 2588.783978, "delta": 24.664637}}
{"target": -582.3649539036204, "params": {"ampDecay": 0.9856238642461774, "ampSpread": 0.008835483399764588, "extraPeakProb": 0.8915285701878358, "meanPeakCenter": 0.5640457554686195, "meanPeakWidth": 0.07885014178388998, "stdPeakCenter": 0.448741630810362, "stdPeakWidth": 0.13729736775372414}, "datetime": {"datetime": "2022-11-16 22:59:45", "elapsed": 2604.36024, "delta": 15.576262}}
{"target": -432.9610844787288, "params": {"ampDecay": 0.6998724238345235, "ampSpread": 0.45270046273303666, "extraPeakProb": 0.802162538274113, "meanPeakCenter": 0.5737301874262433, "meanPeakWidth": 0.05801277507638162, "stdPeakCenter": 0.4024960133923188, "stdPeakWidth": 0.035166282166601115}, "datetime": {"datetime": "2022-11-16 23:00:23", "elapsed": 2642.522529, "delta": 38.162289}}
{"target": -449.3831757671495, "params": {"ampDecay": 0.8897873570706192, "ampSpread": 0.9091487910082527, "extraPeakProb": 0.7294358122697763, "meanPeakCenter": 0.5076351718338732, "meanPeakWidth": 0.002870881617327698, "stdPeakCenter": 0.43744490666133773, "stdPeakWidth": 0.06781835785916193}, "datetime": {"datetime": "2022-11-16 23:00:58", "elapsed": 2677.520405, "delta": 34.997876}}
{"target": -495.79308184733134, "params": {"ampDecay": 0.9994819074035103, "ampSpread": 0.10722398592257476, "extraPeakProb": 0.5693147786550105, "meanPeakCenter": 0.3799958644928228, "meanPeakWidth": 0.16861787367064857, "stdPeakCenter": 0.3906668680531022, "stdPeakWidth": 0.0780114233435489}, "datetime": {"datetime": "2022-11-16 23:01:20", "elapsed": 2698.778256, "delta": 21.257851}}
{"target": -503.7162175046194, "params": {"ampDecay": 0.6971966526290826, "ampSpread": 0.19287341579643114, "extraPeakProb": 0.8501714948141699, "meanPeakCenter": 0.6032619915474243, "meanPeakWidth": 0.08023866156486534, "stdPeakCenter": 0.5506144092819569, "stdPeakWidth": 0.12605214071118262}, "datetime": {"datetime": "2022-11-16 23:01:53", "elapsed": 2732.515215, "delta": 33.736959}}
{"target": -480.0671782925763, "params": {"ampDecay": 0.9955966973289847, "ampSpread": 0.03875713626663013, "extraPeakProb": 0.5635243284565137, "meanPeakCenter": 0.5902535657234412, "meanPeakWidth": 0.12413280520864216, "stdPeakCenter": 0.5880108664307047, "stdPeakWidth": 0.015451833694914457}, "datetime": {"datetime": "2022-11-16 23:02:19", "elapsed": 2758.55668, "delta": 26.041465}}
{"target": -487.86034090767, "params": {"ampDecay": 0.8073997148062225, "ampSpread": 0.6370528275459313, "extraPeakProb": 0.751107859601148, "meanPeakCenter": 0.385660394604364, "meanPeakWidth": 0.06700439760452624, "stdPeakCenter": 0.33926988908169115, "stdPeakWidth": 0.0064717624454442525}, "datetime": {"datetime": "2022-11-16 23:02:50", "elapsed": 2789.451183, "delta": 30.894503}}
{"target": -373.3330204387758, "params": {"ampDecay": 0.8336979237840709, "ampSpread": 0.6898977272117774, "extraPeakProb": 0.7152661387628909, "meanPeakCenter": 0.4177029878613764, "meanPeakWidth": 0.042197404777960364, "stdPeakCenter": 0.3250067165898596, "stdPeakWidth": 0.03428718564962244}, "datetime": {"datetime": "2022-11-16 23:03:40", "elapsed": 2839.618223, "delta": 50.16704}}
{"target": -479.52619714226824, "params": {"ampDecay": 0.6501099717165971, "ampSpread": 0.13523060762763328, "extraPeakProb": 0.596805682670882, "meanPeakCenter": 0.2768302010241497, "meanPeakWidth": 0.14853897673662805, "stdPeakCenter": 0.4767787719272484, "stdPeakWidth": 0.13263667048512454}, "datetime": {"datetime": "2022-11-16 23:04:04", "elapsed": 2863.064437, "delta": 23.446214}}
{"target": -555.7390255694471, "params": {"ampDecay": 0.667125307407543, "ampSpread": 0.9430594877025951, "extraPeakProb": 0.7055454648433265, "meanPeakCenter": 0.34213001479555877, "meanPeakWidth": 0.12698547541533547, "stdPeakCenter": 0.4597751141654779, "stdPeakWidth": 0.10559296801712882}, "datetime": {"datetime": "2022-11-16 23:04:22", "elapsed": 2881.100456, "delta": 18.036019}}
{"target": -491.72295134818893, "params": {"ampDecay": 0.6013602753256949, "ampSpread": 0.7599701961275576, "extraPeakProb": 0.509828186531335, "meanPeakCenter": 0.7163731708250138, "meanPeakWidth": 0.042693169821500204, "stdPeakCenter": 0.5013321532054735, "stdPeakWidth": 0.12517292271355973}, "datetime": {"datetime": "2022-11-16 23:04:55", "elapsed": 2914.333526, "delta": 33.23307}}
{"target": -454.93883550561486, "params": {"ampDecay": 0.8699606975534084, "ampSpread": 0.7072497992258042, "extraPeakProb": 0.7250966648289489, "meanPeakCenter": 0.4198990045002076, "meanPeakWidth": 0.05696967647734512, "stdPeakCenter": 0.31627774834407685, "stdPeakWidth": 0.022101765291177872}, "datetime": {"datetime": "2022-11-16 23:05:32", "elapsed": 2951.07996, "delta": 36.746434}}
{"target": -373.22737792419247, "params": {"ampDecay": 0.8724017751865876, "ampSpread": 0.6547092817988143, "extraPeakProb": 0.7113057914277596, "meanPeakCenter": 0.40801203852204654, "meanPeakWidth": 0.05339658127367106, "stdPeakCenter": 0.3209229459156632, "stdPeakWidth": 0.01950449049720761}, "datetime": {"datetime": "2022-11-16 23:06:10", "elapsed": 2989.61523, "delta": 38.53527}}
{"target": -371.9894974193425, "params": {"ampDecay": 0.8500564693259233, "ampSpread": 0.6708613233408125, "extraPeakProb": 0.7208735341013552, "meanPeakCenter": 0.4076284569833269, "meanPeakWidth": 0.06099761902673736, "stdPeakCenter": 0.34699311341775485, "stdPeakWidth": 0.022586044422946257}, "datetime": {"datetime": "2022-11-16 23:06:59", "elapsed": 3038.567686, "delta": 48.952456}}
{"target": -482.00704329527434, "params": {"ampDecay": 0.9781335262580828, "ampSpread": 0.5556903904361772, "extraPeakProb": 0.552204887855877, "meanPeakCenter": 0.5885127064817144, "meanPeakWidth": 0.03345103275254293, "stdPeakCenter": 0.4493898832697513, "stdPeakWidth": 0.11125904794137943}, "datetime": {"datetime": "2022-11-16 23:07:31", "elapsed": 3070.010187, "delta": 31.442501}}
{"target": -378.9260765476806, "params": {"ampDecay": 0.8500793994980119, "ampSpread": 0.6631557766487128, "extraPeakProb": 0.7423558488763401, "meanPeakCenter": 0.41629078421858734, "meanPeakWidth": 0.044561061367423306, "stdPeakCenter": 0.3193946123565139, "stdPeakWidth": 0.021758879180529503}, "datetime": {"datetime": "2022-11-16 23:08:15", "elapsed": 3113.934858, "delta": 43.924671}}
