{"target": -2.3367390103137002, "params": {"alpha": 0.22401039492962369, "batch_size": 69.35940463817025, "drop": 0.07600983272517531, "layer1": 313.8815699859832, "layer2": 172.68981643876967, "layer3": 215.19612452068915}, "datetime": {"datetime": "2022-10-26 12:34:12", "elapsed": 6961.121758, "delta": 116.469671}}
{"target": -2.0424834894829167, "params": {"alpha": 0.19835260694406692, "batch_size": 67.97929171045207, "drop": 0.07940695137936303, "layer1": 285.55791156472344, "layer2": 135.03565218535633, "layer3": 234.49530045947273}, "datetime": {"datetime": "2022-10-26 12:35:36", "elapsed": 7045.563495, "delta": 84.441737}}
{"target": -1.721519591314211, "params": {"alpha": 0.20230633747478918, "batch_size": 80.0119917764783, "drop": 0.07395855767964102, "layer1": 310.25415470820343, "layer2": 146.02483020254638, "layer3": 256.0882885411726}, "datetime": {"datetime": "2022-10-26 12:36:56", "elapsed": 7125.303852, "delta": 79.740357}}
{"target": -1.748146451673676, "params": {"alpha": 0.16612826932022892, "batch_size": 69.92618106472041, "drop": 0.07943210111541713, "layer1": 354.09371900111785, "layer2": 186.25487818865437, "layer3": 220.39442091778363}, "datetime": {"datetime": "2022-10-26 12:38:38", "elapsed": 7227.452015, "delta": 102.148163}}
{"target": -1.8181840200208037, "params": {"alpha": 0.2078271648924499, "batch_size": 81.05601526468422, "drop": 0.08875642863263716, "layer1": 262.01178276842893, "layer2": 165.68530145754465, "layer3": 217.5970291130753}, "datetime": {"datetime": "2022-10-26 12:40:28", "elapsed": 7337.391106, "delta": 109.939091}}
{"target": -1.7798862605300172, "params": {"alpha": 0.21534969790111502, "batch_size": 63.56771500174951, "drop": 0.07253587153092908, "layer1": 322.96480682777013, "layer2": 134.53368058473012, "layer3": 253.7521907161272}, "datetime": {"datetime": "2022-10-26 12:42:50", "elapsed": 7479.485814, "delta": 142.094708}}
{"target": -1.7608435187347862, "params": {"alpha": 0.22104261575918213, "batch_size": 72.44880727308717, "drop": 0.06640645233168538, "layer1": 314.91784370303293, "layer2": 185.5858298536351, "layer3": 234.3823036542417}, "datetime": {"datetime": "2022-10-26 12:45:00", "elapsed": 7609.733444, "delta": 130.24763}}
{"target": -1.919774078173013, "params": {"alpha": 0.22563252939552758, "batch_size": 75.60434651377085, "drop": 0.07857735308056378, "layer1": 310.4503168301071, "layer2": 164.91838307676278, "layer3": 230.85255471562556}, "datetime": {"datetime": "2022-10-26 12:46:15", "elapsed": 7684.424242, "delta": 74.690798}}
{"target": -2.0845789110241673, "params": {"alpha": 0.20575000440706068, "batch_size": 82.32793149802889, "drop": 0.08363849980633574, "layer1": 305.518212661103, "layer2": 135.39755431577024, "layer3": 236.88041422650986}, "datetime": {"datetime": "2022-10-26 12:47:54", "elapsed": 7783.956075, "delta": 99.531833}}
{"target": -2.1708798819229993, "params": {"alpha": 0.17445012278740413, "batch_size": 62.97003095893784, "drop": 0.07539285791164693, "layer1": 265.0033302683785, "layer2": 186.06359984994685, "layer3": 237.09836172038536}, "datetime": {"datetime": "2022-10-26 12:49:19", "elapsed": 7868.467309, "delta": 84.511234}}
{"target": -2.088018411700178, "params": {"alpha": 0.19340178731251742, "batch_size": 81.30229986402665, "drop": 0.07715688245465407, "layer1": 310.917234835583, "layer2": 130.94358120806746, "layer3": 216.67272178362626}, "datetime": {"datetime": "2022-10-26 12:50:43", "elapsed": 7953.0116, "delta": 84.544291}}
{"target": -2.0023866334531837, "params": {"alpha": 0.22967005513224253, "batch_size": 80.44640839213972, "drop": 0.08584645165918586, "layer1": 268.01417346163595, "layer2": 170.9848180665864, "layer3": 216.82569484172552}, "datetime": {"datetime": "2022-10-26 12:52:07", "elapsed": 8036.722465, "delta": 83.710865}}
{"target": -1.915660317995407, "params": {"alpha": 0.23654861540515523, "batch_size": 64.26863030446293, "drop": 0.08855410204613835, "layer1": 342.36156518828193, "layer2": 159.17099842912003, "layer3": 212.62092445628016}, "datetime": {"datetime": "2022-10-26 12:53:38", "elapsed": 8127.562307, "delta": 90.839842}}
{"target": -1.6398936965819475, "params": {"alpha": 0.22023006231570744, "batch_size": 78.08584505411034, "drop": 0.0713120267561804, "layer1": 251.3355877444037, "layer2": 142.0065283129981, "layer3": 261.0349427558476}, "datetime": {"datetime": "2022-10-26 12:55:38", "elapsed": 8247.117253, "delta": 119.554946}}
{"target": -1.7092050464370776, "params": {"alpha": 0.22080369370641487, "batch_size": 65.05548624608984, "drop": 0.07259181232249243, "layer1": 345.93132218818624, "layer2": 177.38220671815822, "layer3": 221.1474019096455}, "datetime": {"datetime": "2022-10-26 12:57:40", "elapsed": 8369.637632, "delta": 122.520379}}
{"target": -1.7448679437604733, "params": {"alpha": 0.20370334581424718, "batch_size": 76.89516893754535, "drop": 0.07644018312918416, "layer1": 339.9353522058649, "layer2": 131.4589721009907, "layer3": 294.22644559208857}, "datetime": {"datetime": "2022-10-26 12:59:31", "elapsed": 8480.7415, "delta": 111.103868}}
{"target": -1.910910114475513, "params": {"alpha": 0.19635506178325543, "batch_size": 82.49795988913323, "drop": 0.08340639501197167, "layer1": 336.1625366565675, "layer2": 179.67664413280397, "layer3": 244.1115386492495}, "datetime": {"datetime": "2022-10-26 13:01:13", "elapsed": 8582.826458, "delta": 102.084958}}
{"target": -1.9860677340000048, "params": {"alpha": 0.17830184166903146, "batch_size": 66.93932708004704, "drop": 0.07951593594890431, "layer1": 358.1704072426063, "layer2": 187.10088911931177, "layer3": 227.57853402986223}, "datetime": {"datetime": "2022-10-26 13:02:37", "elapsed": 8666.901187, "delta": 84.074729}}
{"target": -1.7092499694531291, "params": {"alpha": 0.2263427198669914, "batch_size": 67.7000152772945, "drop": 0.07072154754005248, "layer1": 298.5243269320875, "layer2": 180.86536390731555, "layer3": 290.8579138577657}, "datetime": {"datetime": "2022-10-26 13:04:22", "elapsed": 8771.453626, "delta": 104.552439}}
{"target": -1.892286296196903, "params": {"alpha": 0.18981905602454383, "batch_size": 66.50655391443432, "drop": 0.07866145303032074, "layer1": 314.6170538423956, "layer2": 159.59241162200803, "layer3": 279.43415008373336}, "datetime": {"datetime": "2022-10-26 13:06:04", "elapsed": 8873.842814, "delta": 102.389188}}
{"target": -2.005528831468442, "params": {"alpha": 0.2370062127942022, "batch_size": 64.10333185130656, "drop": 0.09267012088822774, "layer1": 339.0180267497945, "layer2": 163.2600033943895, "layer3": 300.11995719161075}, "datetime": {"datetime": "2022-10-26 13:07:43", "elapsed": 8972.415526, "delta": 98.572712}}
{"target": -1.844700094343368, "params": {"alpha": 0.19776162140853557, "batch_size": 72.81671034946403, "drop": 0.07959890100077528, "layer1": 356.35735442210114, "layer2": 163.95290553303838, "layer3": 255.51172316069247}, "datetime": {"datetime": "2022-10-26 13:09:12", "elapsed": 9061.455159, "delta": 89.039633}}
{"target": -1.9019448699916495, "params": {"alpha": 0.20787079801472846, "batch_size": 83.04172013765593, "drop": 0.07432348070571873, "layer1": 357.5903566468073, "layer2": 138.18377201094475, "layer3": 274.6684520579033}, "datetime": {"datetime": "2022-10-26 13:10:50", "elapsed": 9159.594526, "delta": 98.139367}}
{"target": -1.9154037736249856, "params": {"alpha": 0.1806582033878744, "batch_size": 79.4865249579704, "drop": 0.07589258345864833, "layer1": 296.7977406622028, "layer2": 132.65287248740114, "layer3": 258.7723951942154}, "datetime": {"datetime": "2022-10-26 13:12:05", "elapsed": 9234.375322, "delta": 74.780796}}
{"target": -1.8491231250990792, "params": {"alpha": 0.2143182142560832, "batch_size": 63.51543919254954, "drop": 0.07411247299176728, "layer1": 348.8222361439657, "layer2": 148.60279371122175, "layer3": 215.4665014950799}, "datetime": {"datetime": "2022-10-26 13:14:05", "elapsed": 9354.191677, "delta": 119.816355}}
{"target": -1.9941386716424787, "params": {"alpha": 0.18924437852491507, "batch_size": 62.55910763920882, "drop": 0.07710515070007253, "layer1": 333.63265662826393, "layer2": 154.3110069152674, "layer3": 285.9265529744277}, "datetime": {"datetime": "2022-10-26 13:15:36", "elapsed": 9445.650906, "delta": 91.459229}}
{"target": -2.0572905004190765, "params": {"alpha": 0.1908275767611674, "batch_size": 85.31948866561419, "drop": 0.08397317714533638, "layer1": 342.9029218291363, "layer2": 147.80909431844088, "layer3": 217.3992862888094}, "datetime": {"datetime": "2022-10-26 13:17:28", "elapsed": 9557.685337, "delta": 112.034431}}
{"target": -1.915027840639889, "params": {"alpha": 0.17813140561374127, "batch_size": 81.49321232336136, "drop": 0.07262666533532122, "layer1": 263.0155013777653, "layer2": 186.8963050844108, "layer3": 256.4427373991395}, "datetime": {"datetime": "2022-10-26 13:18:32", "elapsed": 9622.018414, "delta": 64.333077}}
{"target": -1.721066313327548, "params": {"alpha": 0.19782794394492814, "batch_size": 63.44099056216317, "drop": 0.07422306907257273, "layer1": 262.67484068983237, "layer2": 174.85689676640254, "layer3": 259.7173538632466}, "datetime": {"datetime": "2022-10-26 13:20:21", "elapsed": 9730.092673, "delta": 108.074259}}
{"target": -1.9102563350990696, "params": {"alpha": 0.1905424259583455, "batch_size": 61.75545143133489, "drop": 0.08384507552765263, "layer1": 316.0329044465368, "layer2": 130.64621170331716, "layer3": 220.94203011180085}, "datetime": {"datetime": "2022-10-26 13:21:59", "elapsed": 9828.322604, "delta": 98.229931}}
{"target": -1.7421293554839998, "params": {"alpha": 0.21588551345822943, "batch_size": 86.03348573508906, "drop": 0.08760322446442866, "layer1": 273.5975514744404, "layer2": 162.95072982881112, "layer3": 294.65470890638755}, "datetime": {"datetime": "2022-10-26 13:24:08", "elapsed": 9957.117788, "delta": 128.795184}}
{"target": -2.0659216212273424, "params": {"alpha": 0.2125260161836701, "batch_size": 64.13511619958975, "drop": 0.09165558336278103, "layer1": 354.86710781264037, "layer2": 141.13661735564142, "layer3": 269.57359182476563}, "datetime": {"datetime": "2022-10-26 13:25:50", "elapsed": 10059.23977, "delta": 102.121982}}
{"target": -1.6926426647749777, "params": {"alpha": 0.18767124193193993, "batch_size": 64.05985196368209, "drop": 0.07034494716019099, "layer1": 281.2035008603807, "layer2": 159.76637648897687, "layer3": 227.05354233855087}, "datetime": {"datetime": "2022-10-26 13:27:27", "elapsed": 10156.93371, "delta": 97.69394}}
{"target": -1.8508984901268994, "params": {"alpha": 0.2069239808050291, "batch_size": 67.77971789046161, "drop": 0.06551099145791457, "layer1": 350.9917041097643, "layer2": 183.40991859680193, "layer3": 271.14664747541775}, "datetime": {"datetime": "2022-10-26 13:29:05", "elapsed": 10254.698338, "delta": 97.764628}}
{"target": -2.1723040411912673, "params": {"alpha": 0.17819760067062332, "batch_size": 65.31046101539735, "drop": 0.0833524229439324, "layer1": 286.9786636001295, "layer2": 165.87027499037043, "layer3": 238.5623617181565}, "datetime": {"datetime": "2022-10-26 13:30:53", "elapsed": 10362.972303, "delta": 108.273965}}
{"target": -1.863048906698521, "params": {"alpha": 0.23578876927521114, "batch_size": 81.77707748279894, "drop": 0.08303930289833887, "layer1": 322.2232758005721, "layer2": 180.8821721078487, "layer3": 224.7365956943014}, "datetime": {"datetime": "2022-10-26 13:33:01", "elapsed": 10490.254885, "delta": 127.282582}}
{"target": -1.6692473274255069, "params": {"alpha": 0.1766549147615472, "batch_size": 84.77564715699242, "drop": 0.07227347439088087, "layer1": 327.4763082343054, "layer2": 166.66378185882814, "layer3": 213.1539463075713}, "datetime": {"datetime": "2022-10-26 13:35:38", "elapsed": 10647.898074, "delta": 157.643189}}
{"target": -1.7711876384829617, "params": {"alpha": 0.21139370142115463, "batch_size": 79.04556514572893, "drop": 0.06933595221281402, "layer1": 297.59656670005654, "layer2": 138.74470112406843, "layer3": 239.77489455713618}, "datetime": {"datetime": "2022-10-26 13:37:21", "elapsed": 10751.066241, "delta": 103.168167}}
{"target": -1.8811001167645187, "params": {"alpha": 0.2374501182723145, "batch_size": 84.22390442997853, "drop": 0.07081831845794115, "layer1": 293.03006936451084, "layer2": 184.96634406864248, "layer3": 227.16440917009425}, "datetime": {"datetime": "2022-10-26 13:38:47", "elapsed": 10836.399245, "delta": 85.333004}}
{"target": -1.8398090578409139, "params": {"alpha": 0.19981215121924412, "batch_size": 70.35755187764545, "drop": 0.0884679077863321, "layer1": 337.9664430631417, "layer2": 172.48009648939438, "layer3": 264.6958491468833}, "datetime": {"datetime": "2022-10-26 13:40:23", "elapsed": 10932.750331, "delta": 96.351086}}
{"target": -1.9758904889480398, "params": {"alpha": 0.19063057939937567, "batch_size": 83.02217809127745, "drop": 0.08572325142007847, "layer1": 275.8909440406018, "layer2": 168.3882743687384, "layer3": 231.6335180517267}, "datetime": {"datetime": "2022-10-26 13:41:57", "elapsed": 11026.945112, "delta": 94.194781}}
{"target": -1.8277373937888701, "params": {"alpha": 0.23128763464620516, "batch_size": 68.13515547565004, "drop": 0.08461824789361522, "layer1": 266.3151377148467, "layer2": 143.74165022113894, "layer3": 259.6662007762588}, "datetime": {"datetime": "2022-10-26 13:43:56", "elapsed": 11145.130895, "delta": 118.185783}}
{"target": -2.018204638077853, "params": {"alpha": 0.2300077956608361, "batch_size": 62.65959523274548, "drop": 0.07616278730440168, "layer1": 347.0869396966014, "layer2": 142.15044785121228, "layer3": 232.771704471199}, "datetime": {"datetime": "2022-10-26 13:45:21", "elapsed": 11230.333551, "delta": 85.202656}}
{"target": -1.8610358166454457, "params": {"alpha": 0.22716580559701163, "batch_size": 74.63822241995761, "drop": 0.0772554292991056, "layer1": 269.66723089207017, "layer2": 146.9478310970047, "layer3": 240.64997013433225}, "datetime": {"datetime": "2022-10-26 13:47:18", "elapsed": 11347.795982, "delta": 117.462431}}
{"target": -1.937020035310551, "params": {"alpha": 0.18779229796716596, "batch_size": 64.36723283050485, "drop": 0.0650219731796425, "layer1": 293.4475390310048, "layer2": 170.71806453558048, "layer3": 291.97325477424687}, "datetime": {"datetime": "2022-10-26 13:49:06", "elapsed": 11455.752011, "delta": 107.956029}}
{"target": -1.7950602855323765, "params": {"alpha": 0.20507127411268922, "batch_size": 65.09005898078986, "drop": 0.06564897740036853, "layer1": 305.1379124829916, "layer2": 149.08639785417444, "layer3": 237.5057274129055}, "datetime": {"datetime": "2022-10-26 13:50:56", "elapsed": 11565.919722, "delta": 110.167711}}
{"target": -1.8797152081096704, "params": {"alpha": 0.2100952120288888, "batch_size": 84.70677572929762, "drop": 0.06677323792990177, "layer1": 326.81093969182314, "layer2": 166.07812002770612, "layer3": 214.73825913492425}, "datetime": {"datetime": "2022-10-26 13:52:36", "elapsed": 11665.359424, "delta": 99.439702}}
{"target": -1.9702944623517793, "params": {"alpha": 0.23254594286954533, "batch_size": 84.92740597487011, "drop": 0.07626936901415685, "layer1": 326.0410771822129, "layer2": 167.5853809920461, "layer3": 213.44656167769975}, "datetime": {"datetime": "2022-10-26 13:54:06", "elapsed": 11755.472129, "delta": 90.112705}}
{"target": -1.9455595611851413, "params": {"alpha": 0.20392574546865705, "batch_size": 69.1472478345043, "drop": 0.0819523392704718, "layer1": 297.3212573958523, "layer2": 181.7946135107335, "layer3": 291.21740139595465}, "datetime": {"datetime": "2022-10-26 13:55:34", "elapsed": 11843.771683, "delta": 88.299554}}
{"target": -1.7163901291625538, "params": {"alpha": 0.21902211355385826, "batch_size": 69.78672932402124, "drop": 0.09162126042046428, "layer1": 354.51309670622373, "layer2": 187.0131924777556, "layer3": 219.44917585365658}, "datetime": {"datetime": "2022-10-26 13:57:25", "elapsed": 11954.934054, "delta": 111.162371}}
{"target": -1.995546733889658, "params": {"alpha": 0.1682292952588956, "batch_size": 66.09516305333234, "drop": 0.08524151523453355, "layer1": 285.7596335151072, "layer2": 164.4334854640834, "layer3": 224.8730244820721}, "datetime": {"datetime": "2022-10-26 13:58:44", "elapsed": 12033.396338, "delta": 78.462284}}
{"target": -1.8786784837858281, "params": {"alpha": 0.21579835720532783, "batch_size": 68.06988222343983, "drop": 0.08209323814368354, "layer1": 265.497816680731, "layer2": 144.63355727132924, "layer3": 258.5141048387475}, "datetime": {"datetime": "2022-10-26 14:00:10", "elapsed": 12120.046685, "delta": 86.650347}}
{"target": -1.9134257781995117, "params": {"alpha": 0.18721074975021654, "batch_size": 78.65219561307245, "drop": 0.08475796437533487, "layer1": 251.39672779052069, "layer2": 141.38871797593782, "layer3": 260.2781839907161}, "datetime": {"datetime": "2022-10-26 14:01:46", "elapsed": 12215.734363, "delta": 95.687678}}
{"target": -1.771857839441771, "params": {"alpha": 0.21816747425865074, "batch_size": 80.37956666643889, "drop": 0.0661648879090338, "layer1": 262.2570485586168, "layer2": 166.41793826218094, "layer3": 217.75911816997422}, "datetime": {"datetime": "2022-10-26 14:03:11", "elapsed": 12300.369392, "delta": 84.635029}}
{"target": -2.0240182011964865, "params": {"alpha": 0.2292911987117723, "batch_size": 86.5117491343231, "drop": 0.086302856720329, "layer1": 326.5967876623192, "layer2": 181.83161670922806, "layer3": 241.83682814678082}, "datetime": {"datetime": "2022-10-26 14:04:33", "elapsed": 12382.864046, "delta": 82.494654}}
{"target": -1.6685368966550411, "params": {"alpha": 0.16656122760186887, "batch_size": 69.3490282470174, "drop": 0.0808088044599001, "layer1": 274.40858916291853, "layer2": 164.00708534804713, "layer3": 268.0613482360752}, "datetime": {"datetime": "2022-10-26 14:06:28", "elapsed": 12497.539445, "delta": 114.675399}}
{"target": -1.8780554662739317, "params": {"alpha": 0.21637758355904152, "batch_size": 81.1927732649186, "drop": 0.07271962169975636, "layer1": 284.42126013876987, "layer2": 154.1648589985582, "layer3": 237.0804378814625}, "datetime": {"datetime": "2022-10-26 14:08:08", "elapsed": 12597.133315, "delta": 99.59387}}
{"target": -1.6404486481444023, "params": {"alpha": 0.18033803893016642, "batch_size": 63.344117394431585, "drop": 0.0831264956256762, "layer1": 324.7085050030946, "layer2": 133.01459386113993, "layer3": 253.16633120514544}, "datetime": {"datetime": "2022-10-26 14:09:38", "elapsed": 12687.306127, "delta": 90.172812}}
{"target": -1.9413157766613354, "params": {"alpha": 0.2021929853721858, "batch_size": 62.9766180686909, "drop": 0.09317394018690855, "layer1": 324.1971127988574, "layer2": 134.31181279523045, "layer3": 251.60752043484402}, "datetime": {"datetime": "2022-10-26 14:11:46", "elapsed": 12815.699249, "delta": 128.393122}}
{"target": -1.7931372619832004, "params": {"alpha": 0.2205600050915997, "batch_size": 73.7971453894467, "drop": 0.07323704165388395, "layer1": 332.4029353253202, "layer2": 181.61341317081298, "layer3": 211.86567150529876}, "datetime": {"datetime": "2022-10-26 14:13:40", "elapsed": 12929.488365, "delta": 113.789116}}
{"target": -1.9660484910090983, "params": {"alpha": 0.18135461748232182, "batch_size": 62.19076956105262, "drop": 0.09305843735807239, "layer1": 311.9066557380557, "layer2": 182.56701452694952, "layer3": 241.14629655681668}, "datetime": {"datetime": "2022-10-26 14:15:28", "elapsed": 13037.646892, "delta": 108.158527}}
{"target": -1.9281960454658238, "params": {"alpha": 0.18022294791425383, "batch_size": 64.0103343425855, "drop": 0.0709751684091535, "layer1": 346.3755699526055, "layer2": 176.69808221269895, "layer3": 220.68192175870587}, "datetime": {"datetime": "2022-10-26 14:16:59", "elapsed": 13128.888177, "delta": 91.241285}}
{"target": -1.8813859449591541, "params": {"alpha": 0.2258683762861275, "batch_size": 79.95768814821535, "drop": 0.08738046943828787, "layer1": 312.2976959454544, "layer2": 146.21513645907075, "layer3": 256.57961198327047}, "datetime": {"datetime": "2022-10-26 14:18:44", "elapsed": 13233.826491, "delta": 104.938314}}
{"target": -1.8952824989173664, "params": {"alpha": 0.21441995230151734, "batch_size": 73.12767615311434, "drop": 0.08667300285974161, "layer1": 330.6729140701621, "layer2": 181.0558276439418, "layer3": 211.1990265818897}, "datetime": {"datetime": "2022-10-26 14:20:19", "elapsed": 13328.408944, "delta": 94.582453}}
{"target": -2.2301959547510504, "params": {"alpha": 0.2320899688609151, "batch_size": 71.83648615224935, "drop": 0.0910449352800877, "layer1": 358.1451158433679, "layer2": 147.2687215327064, "layer3": 221.99055667439865}, "datetime": {"datetime": "2022-10-26 14:22:00", "elapsed": 13430.030786, "delta": 101.621842}}
{"target": -1.8785060172384902, "params": {"alpha": 0.23343535163223053, "batch_size": 64.12538420687173, "drop": 0.0725958459832515, "layer1": 323.52104779880267, "layer2": 134.31638837886376, "layer3": 253.80541686686075}, "datetime": {"datetime": "2022-10-26 14:23:35", "elapsed": 13524.397935, "delta": 94.367149}}
{"target": -1.9103898549705336, "params": {"alpha": 0.2222240388256912, "batch_size": 61.76107954030726, "drop": 0.08862325301668383, "layer1": 320.41653503332145, "layer2": 165.5948207564856, "layer3": 223.92191067800528}, "datetime": {"datetime": "2022-10-26 14:25:43", "elapsed": 13652.120519, "delta": 127.722584}}
{"target": -1.7012260831095722, "params": {"alpha": 0.23445428597624007, "batch_size": 65.04774381311974, "drop": 0.09154298078513151, "layer1": 282.18676956489645, "layer2": 159.31586151306175, "layer3": 228.76123766100537}, "datetime": {"datetime": "2022-10-26 14:28:23", "elapsed": 13812.369465, "delta": 160.248946}}
{"target": -1.8060952864109936, "params": {"alpha": 0.19130403023880477, "batch_size": 71.30918021402411, "drop": 0.07877874694364533, "layer1": 281.28691757424394, "layer2": 139.03724245118462, "layer3": 227.97604315163352}, "datetime": {"datetime": "2022-10-26 14:30:20", "elapsed": 13929.40987, "delta": 117.040405}}
