{"target": -1.8792607490961486, "params": {"alpha": 0.21991246269968853, "batch_size": 63.27405871346458, "drop": 0.07719391950449463, "layer1": 324.4800253417742, "layer2": 133.10098131705033, "layer3": 255.15150046563224}, "datetime": {"datetime": "2022-10-26 14:32:31", "elapsed": 14060.899219, "delta": 131.489349}}
{"target": -1.9761265318609622, "params": {"alpha": 0.22915778711045326, "batch_size": 63.725609670746714, "drop": 0.0870805888233386, "layer1": 283.33249687617587, "layer2": 158.70937107478775, "layer3": 228.3386913494819}, "datetime": {"datetime": "2022-10-26 14:33:49", "elapsed": 14138.785974, "delta": 77.886755}}
{"target": -2.1372651444037905, "params": {"alpha": 0.16641423113503742, "batch_size": 81.32188367088011, "drop": 0.07822812412632214, "layer1": 283.9767065864768, "layer2": 155.04066987594283, "layer3": 238.60334448070446}, "datetime": {"datetime": "2022-10-26 14:35:12", "elapsed": 14221.24653, "delta": 82.460556}}
{"target": -1.870172026261224, "params": {"alpha": 0.17425253541923305, "batch_size": 80.47136913834511, "drop": 0.06861781135914814, "layer1": 287.1860749548624, "layer2": 182.87044682252335, "layer3": 282.83005798146394}, "datetime": {"datetime": "2022-10-26 14:36:26", "elapsed": 14295.355803, "delta": 74.109273}}
{"target": -1.6614258116467524, "params": {"alpha": 0.22056431177638303, "batch_size": 69.15497856376342, "drop": 0.06965017071823339, "layer1": 271.1820695596952, "layer2": 147.2582349567556, "layer3": 286.10729858779416}, "datetime": {"datetime": "2022-10-26 14:38:29", "elapsed": 14418.359779, "delta": 123.003976}}
{"target": -1.9489931055098548, "params": {"alpha": 0.18621780250767847, "batch_size": 84.72530964945567, "drop": 0.06712284781410663, "layer1": 273.3453440449431, "layer2": 162.4523431501227, "layer3": 294.39616845123015}, "datetime": {"datetime": "2022-10-26 14:39:36", "elapsed": 14485.883482, "delta": 67.523703}}
{"target": -1.812164541018887, "params": {"alpha": 0.18821387178453886, "batch_size": 65.29021237230957, "drop": 0.07990061100068468, "layer1": 282.0748919991678, "layer2": 159.34750504031655, "layer3": 228.73470688672617}, "datetime": {"datetime": "2022-10-26 14:41:51", "elapsed": 14620.948142, "delta": 135.06466}}
{"target": -2.0784609108365593, "params": {"alpha": 0.19762614472374682, "batch_size": 74.76662319427032, "drop": 0.08449498376784684, "layer1": 291.91699721953705, "layer2": 182.84316819345108, "layer3": 263.4495873758791}, "datetime": {"datetime": "2022-10-26 14:43:38", "elapsed": 14727.615864, "delta": 106.667722}}
{"target": -1.7762038584885187, "params": {"alpha": 0.21181045503645707, "batch_size": 69.32386845289201, "drop": 0.08530964736579177, "layer1": 303.70020769772776, "layer2": 134.36526820305968, "layer3": 226.24503141404904}, "datetime": {"datetime": "2022-10-26 14:45:32", "elapsed": 14841.794112, "delta": 114.178248}}
{"target": -1.9839592374192667, "params": {"alpha": 0.17682168448369176, "batch_size": 75.39890522330245, "drop": 0.07258654644229867, "layer1": 270.49248695129415, "layer2": 147.0325727987276, "layer3": 239.87338983733605}, "datetime": {"datetime": "2022-10-26 14:47:32", "elapsed": 14962.065452, "delta": 120.27134}}
{"target": -1.979413778009166, "params": {"alpha": 0.17311654511571625, "batch_size": 63.03054405034609, "drop": 0.08632775607105625, "layer1": 262.0117714855524, "layer2": 173.8379028872651, "layer3": 258.3411403872183}, "datetime": {"datetime": "2022-10-26 14:49:21", "elapsed": 15070.238922, "delta": 108.17347}}
{"target": -1.794281083220219, "params": {"alpha": 0.22216735080813607, "batch_size": 73.30670149682811, "drop": 0.07412265596842092, "layer1": 330.9330479534631, "layer2": 182.935207273196, "layer3": 214.48845708713523}, "datetime": {"datetime": "2022-10-26 14:50:53", "elapsed": 15162.325616, "delta": 92.086694}}
{"target": -1.7728556085482663, "params": {"alpha": 0.18499942592023427, "batch_size": 67.87085598106795, "drop": 0.06921248055230961, "layer1": 260.74064334191013, "layer2": 134.96354433896116, "layer3": 261.8913258886937}, "datetime": {"datetime": "2022-10-26 14:52:52", "elapsed": 15281.755112, "delta": 119.429496}}
{"target": -1.8194745595881374, "params": {"alpha": 0.16622622040879914, "batch_size": 70.13616704228289, "drop": 0.08323349693330026, "layer1": 274.39065795119853, "layer2": 137.39089778636642, "layer3": 221.6446538308353}, "datetime": {"datetime": "2022-10-26 14:54:31", "elapsed": 15380.497477, "delta": 98.742365}}
{"target": -1.7851318038514392, "params": {"alpha": 0.2234994314275606, "batch_size": 84.09508760643683, "drop": 0.07005539617431672, "layer1": 358.98959888415874, "layer2": 135.18660197649686, "layer3": 297.55859792406073}, "datetime": {"datetime": "2022-10-26 14:56:01", "elapsed": 15470.785596, "delta": 90.288119}}
{"target": -1.9040221222000733, "params": {"alpha": 0.2120461275941883, "batch_size": 77.20832473953924, "drop": 0.09225342845538179, "layer1": 340.8043448428117, "layer2": 130.78055352622323, "layer3": 294.9096647885129}, "datetime": {"datetime": "2022-10-26 14:57:23", "elapsed": 15552.347074, "delta": 81.561478}}
{"target": -1.6869351228291936, "params": {"alpha": 0.17916699183334026, "batch_size": 70.10903320007031, "drop": 0.07933469459751265, "layer1": 274.2326827959389, "layer2": 163.74397908299176, "layer3": 268.38563201313366}, "datetime": {"datetime": "2022-10-26 14:58:41", "elapsed": 15630.328089, "delta": 77.981015}}
{"target": -1.990278605990297, "params": {"alpha": 0.18593478645280703, "batch_size": 65.80797394049459, "drop": 0.08969452561482133, "layer1": 344.37590310826624, "layer2": 177.52768474573784, "layer3": 221.5182622839647}, "datetime": {"datetime": "2022-10-26 15:00:39", "elapsed": 15748.39807, "delta": 118.069981}}
{"target": -1.7052122355072126, "params": {"alpha": 0.20567942092865643, "batch_size": 71.11844896104976, "drop": 0.0746992212497901, "layer1": 354.9368153364629, "layer2": 133.1628432197369, "layer3": 208.84217925015997}, "datetime": {"datetime": "2022-10-26 15:03:01", "elapsed": 15890.365506, "delta": 141.967436}}
{"target": -1.826124206412464, "params": {"alpha": 0.2055475638612702, "batch_size": 67.35359712256937, "drop": 0.07537623706408972, "layer1": 281.50670671667405, "layer2": 167.8307493728116, "layer3": 251.96250993802553}, "datetime": {"datetime": "2022-10-26 15:04:53", "elapsed": 16002.979548, "delta": 112.614042}}
{"target": -1.8086212599054319, "params": {"alpha": 0.19740113912983978, "batch_size": 70.70390912380827, "drop": 0.06589773311452121, "layer1": 355.37799306007685, "layer2": 185.85725770556775, "layer3": 220.9152882495594}, "datetime": {"datetime": "2022-10-26 15:06:34", "elapsed": 16103.831006, "delta": 100.851458}}
{"target": -2.206154010355332, "params": {"alpha": 0.20157444278190334, "batch_size": 86.53901787123475, "drop": 0.09299455062877184, "layer1": 274.98053747225134, "layer2": 163.12306099548024, "layer3": 295.73392555157955}, "datetime": {"datetime": "2022-10-26 15:08:11", "elapsed": 16200.115103, "delta": 96.284097}}
{"target": -1.8711030644016609, "params": {"alpha": 0.23148665383173334, "batch_size": 66.35401202180068, "drop": 0.07739692980764921, "layer1": 330.12923615796177, "layer2": 132.46100180502924, "layer3": 284.7605678392594}, "datetime": {"datetime": "2022-10-26 15:10:12", "elapsed": 16321.669833, "delta": 121.55473}}
{"target": -1.9554582871301736, "params": {"alpha": 0.18476712704902942, "batch_size": 68.81435696298921, "drop": 0.07191187324105118, "layer1": 274.77799495914496, "layer2": 164.54585764321536, "layer3": 267.9419772706237}, "datetime": {"datetime": "2022-10-26 15:11:46", "elapsed": 16415.891381, "delta": 94.221548}}
{"target": -1.762169140521264, "params": {"alpha": 0.2073341627813738, "batch_size": 73.4608462747782, "drop": 0.07245355713825365, "layer1": 279.82789785066126, "layer2": 134.7361478397184, "layer3": 274.57003886088165}, "datetime": {"datetime": "2022-10-26 15:13:29", "elapsed": 16518.246469, "delta": 102.355088}}
{"target": -1.9457617756158714, "params": {"alpha": 0.23414976363697004, "batch_size": 61.05342829079462, "drop": 0.08232819518747801, "layer1": 353.8745105127457, "layer2": 158.44383697035457, "layer3": 219.4877455667821}, "datetime": {"datetime": "2022-10-26 15:15:18", "elapsed": 16627.477059, "delta": 109.23059}}
{"target": -1.8364283392527192, "params": {"alpha": 0.22909665714279837, "batch_size": 69.99209589007474, "drop": 0.07506505878043958, "layer1": 337.61938864453606, "layer2": 171.89599848031276, "layer3": 264.810479364063}, "datetime": {"datetime": "2022-10-26 15:17:01", "elapsed": 16730.557568, "delta": 103.080509}}
{"target": -1.809625582493256, "params": {"alpha": 0.18333696512683292, "batch_size": 85.17956814061357, "drop": 0.08023892357384659, "layer1": 280.2331048097795, "layer2": 160.37444077973927, "layer3": 210.2255049331845}, "datetime": {"datetime": "2022-10-26 15:18:53", "elapsed": 16842.751762, "delta": 112.194194}}
{"target": -1.6904228578781806, "params": {"alpha": 0.23648224761090358, "batch_size": 80.2389920673724, "drop": 0.08625617800878621, "layer1": 300.0831456494757, "layer2": 173.66911598906677, "layer3": 209.61649541073066}, "datetime": {"datetime": "2022-10-26 15:20:29", "elapsed": 16938.482585, "delta": 95.730823}}
{"target": -2.1256472026177278, "params": {"alpha": 0.19059546894004997, "batch_size": 64.46341377265037, "drop": 0.07952125266590898, "layer1": 258.47930443511314, "layer2": 146.46642271641053, "layer3": 235.27926540492135}, "datetime": {"datetime": "2022-10-26 15:22:30", "elapsed": 17059.725379, "delta": 121.242794}}
{"target": -1.9012784890455525, "params": {"alpha": 0.1737209564139986, "batch_size": 81.30695691837207, "drop": 0.07140232986582755, "layer1": 291.4426379086361, "layer2": 181.5608810946352, "layer3": 278.0712642880687}, "datetime": {"datetime": "2022-10-26 15:23:50", "elapsed": 17139.90408, "delta": 80.178701}}
{"target": -1.5982588746893212, "params": {"alpha": 0.17409936156572048, "batch_size": 66.04190456458028, "drop": 0.0781339291265914, "layer1": 259.8347835732719, "layer2": 154.1892084651189, "layer3": 277.82882561778166}, "datetime": {"datetime": "2022-10-26 15:25:34", "elapsed": 17243.962809, "delta": 104.058729}}
{"target": -1.9073058291066722, "params": {"alpha": 0.21168116852385702, "batch_size": 84.38462109992659, "drop": 0.08430669287979731, "layer1": 260.47768849576124, "layer2": 154.94410795844388, "layer3": 274.2575447783499}, "datetime": {"datetime": "2022-10-26 15:26:55", "elapsed": 17324.469305, "delta": 80.506496}}
{"target": -2.0315042311579874, "params": {"alpha": 0.22820308285617105, "batch_size": 63.58068938200975, "drop": 0.07757972719975796, "layer1": 320.229921797581, "layer2": 163.94955417210255, "layer3": 222.3520602748814}, "datetime": {"datetime": "2022-10-26 15:28:35", "elapsed": 17424.98877, "delta": 100.519465}}
{"target": -1.605376854952372, "params": {"alpha": 0.23057160977429797, "batch_size": 64.78651602625335, "drop": 0.07339788873968747, "layer1": 254.578617119129, "layer2": 131.17149738125772, "layer3": 248.3470744567898}, "datetime": {"datetime": "2022-10-26 15:30:31", "elapsed": 17540.97977, "delta": 115.991}}
{"target": -2.0611650062155658, "params": {"alpha": 0.17709735279050703, "batch_size": 71.62231610750979, "drop": 0.07502592259799432, "layer1": 260.12557998783615, "layer2": 136.51915611883925, "layer3": 262.74847136481884}, "datetime": {"datetime": "2022-10-26 15:32:05", "elapsed": 17634.973014, "delta": 93.993244}}
{"target": -1.8363662721266678, "params": {"alpha": 0.16630821743925261, "batch_size": 74.50945225977758, "drop": 0.09199835614520613, "layer1": 260.23306887386445, "layer2": 161.10836477268333, "layer3": 229.971406112251}, "datetime": {"datetime": "2022-10-26 15:33:39", "elapsed": 17728.962266, "delta": 93.989252}}
{"target": -1.7997197048013212, "params": {"alpha": 0.2050562494377978, "batch_size": 63.40560259394515, "drop": 0.08621228449881023, "layer1": 323.1687644835581, "layer2": 132.66808316576498, "layer3": 253.88486084030606}, "datetime": {"datetime": "2022-10-26 15:35:18", "elapsed": 17827.463538, "delta": 98.501272}}
{"target": -1.8377498400989332, "params": {"alpha": 0.1886468642423854, "batch_size": 67.26865257710347, "drop": 0.08807149640221555, "layer1": 297.5101511638965, "layer2": 180.5174769702656, "layer3": 290.18414323370445}, "datetime": {"datetime": "2022-10-26 15:37:00", "elapsed": 17929.138704, "delta": 101.675166}}
{"target": -1.8123964907476182, "params": {"alpha": 0.21177547690633056, "batch_size": 65.6334370408984, "drop": 0.07645477426766778, "layer1": 346.5908273836509, "layer2": 178.46054891559285, "layer3": 221.08484762601643}, "datetime": {"datetime": "2022-10-26 15:38:19", "elapsed": 18008.07556, "delta": 78.936856}}
{"target": -1.9301945735720736, "params": {"alpha": 0.22351813610742327, "batch_size": 85.88617848610113, "drop": 0.08927175836786663, "layer1": 263.9008615490151, "layer2": 149.06849623194222, "layer3": 296.57109032588085}, "datetime": {"datetime": "2022-10-26 15:40:01", "elapsed": 18110.646263, "delta": 102.570703}}
{"target": -2.090153097181844, "params": {"alpha": 0.21566127405716196, "batch_size": 78.36409432934842, "drop": 0.0664625201235144, "layer1": 306.0387559755499, "layer2": 160.28984819212366, "layer3": 284.2692601576167}, "datetime": {"datetime": "2022-10-26 15:41:34", "elapsed": 18203.225091, "delta": 92.578828}}
{"target": -2.077881940628361, "params": {"alpha": 0.17001008628134523, "batch_size": 60.751797286872225, "drop": 0.08755449146315941, "layer1": 303.45877523387077, "layer2": 132.30936392645248, "layer3": 264.81953814189023}, "datetime": {"datetime": "2022-10-26 15:43:06", "elapsed": 18295.617505, "delta": 92.392414}}
{"target": -1.7831517245534874, "params": {"alpha": 0.17189657905414624, "batch_size": 76.69263420786606, "drop": 0.07087083602448101, "layer1": 313.9223778648476, "layer2": 163.51476582402114, "layer3": 294.0634613474254}, "datetime": {"datetime": "2022-10-26 15:44:12", "elapsed": 18361.150925, "delta": 65.53342}}
{"target": -1.7273304924134467, "params": {"alpha": 0.22376207512867696, "batch_size": 86.99663757370178, "drop": 0.06644754772118101, "layer1": 263.689355517266, "layer2": 148.18763889054074, "layer3": 296.4078087731732}, "datetime": {"datetime": "2022-10-26 15:45:42", "elapsed": 18451.946642, "delta": 90.795717}}
{"target": -2.0195971462495272, "params": {"alpha": 0.18383177749690974, "batch_size": 69.82845477951946, "drop": 0.08815908957330001, "layer1": 290.8138038054092, "layer2": 168.50990930641768, "layer3": 256.52338173337046}, "datetime": {"datetime": "2022-10-26 15:47:31", "elapsed": 18560.360829, "delta": 108.414187}}
{"target": -1.9637075458636335, "params": {"alpha": 0.23528976592391698, "batch_size": 66.33073182504418, "drop": 0.06524250346445402, "layer1": 264.63716267556197, "layer2": 142.15594434736582, "layer3": 234.32591176769998}, "datetime": {"datetime": "2022-10-26 15:49:53", "elapsed": 18702.535508, "delta": 142.174679}}
{"target": -2.029836647783287, "params": {"alpha": 0.22739565360837097, "batch_size": 65.46671244120301, "drop": 0.0689966056898259, "layer1": 281.4224349773413, "layer2": 158.5086592287411, "layer3": 227.759136132513}, "datetime": {"datetime": "2022-10-26 15:51:25", "elapsed": 18794.155137, "delta": 91.619629}}
{"target": -2.155041643750555, "params": {"alpha": 0.20950403589730257, "batch_size": 79.27296734655964, "drop": 0.08272373385301289, "layer1": 255.790422049559, "layer2": 142.9216644017809, "layer3": 219.85808036323274}, "datetime": {"datetime": "2022-10-26 15:52:38", "elapsed": 18867.532534, "delta": 73.377397}}
{"target": -1.555410131599123, "params": {"alpha": 0.23162167773482023, "batch_size": 68.28868502096428, "drop": 0.08202900295306342, "layer1": 303.1886230032886, "layer2": 168.83872524214465, "layer3": 294.3326460986966}, "datetime": {"datetime": "2022-10-26 15:54:28", "elapsed": 18977.906481, "delta": 110.373947}}
{"target": -2.092908459039159, "params": {"alpha": 0.19271196045399286, "batch_size": 79.48683193563487, "drop": 0.0767351265248752, "layer1": 273.5178899951349, "layer2": 176.26523392904963, "layer3": 235.32444971846843}, "datetime": {"datetime": "2022-10-26 15:56:27", "elapsed": 19096.418064, "delta": 118.511583}}
{"target": -1.6393883207993103, "params": {"alpha": 0.22472481043381376, "batch_size": 82.17067775045172, "drop": 0.07081408940438852, "layer1": 303.10552811493125, "layer2": 136.55413220052165, "layer3": 235.423900526006}, "datetime": {"datetime": "2022-10-26 15:58:18", "elapsed": 19207.879818, "delta": 111.461754}}
{"target": -1.7872437910188341, "params": {"alpha": 0.19527617542597644, "batch_size": 85.67812663857009, "drop": 0.0782574200758685, "layer1": 263.52461105321294, "layer2": 147.772346648198, "layer3": 295.5930804760541}, "datetime": {"datetime": "2022-10-26 15:59:46", "elapsed": 19295.855037, "delta": 87.975219}}
{"target": -2.148419120201514, "params": {"alpha": 0.20889573008959283, "batch_size": 62.896122240000935, "drop": 0.07532177887588319, "layer1": 324.081015887037, "layer2": 133.1250911304328, "layer3": 252.75407264075454}, "datetime": {"datetime": "2022-10-26 16:01:32", "elapsed": 19401.364212, "delta": 105.509175}}
{"target": -1.9538016520243893, "params": {"alpha": 0.23573158607033173, "batch_size": 71.5606111820012, "drop": 0.07846366989847965, "layer1": 272.1512898934288, "layer2": 180.6640022554865, "layer3": 298.85330363974657}, "datetime": {"datetime": "2022-10-26 16:02:59", "elapsed": 19488.95103, "delta": 87.586818}}
{"target": -1.8940110435768907, "params": {"alpha": 0.22629624053909042, "batch_size": 76.2430521104563, "drop": 0.07678349579674786, "layer1": 314.4841860959899, "layer2": 163.45073078112105, "layer3": 292.7443948124991}, "datetime": {"datetime": "2022-10-26 16:05:06", "elapsed": 19615.439923, "delta": 126.488893}}
{"target": -1.9635068968361509, "params": {"alpha": 0.22195653452673486, "batch_size": 68.8132899523107, "drop": 0.07880537769465036, "layer1": 346.51630841192275, "layer2": 170.4000680509955, "layer3": 291.20417242790984}, "datetime": {"datetime": "2022-10-26 16:06:09", "elapsed": 19678.954701, "delta": 63.514778}}
{"target": -1.749501998375965, "params": {"alpha": 0.22893116161923827, "batch_size": 62.56231850147309, "drop": 0.07365014325816438, "layer1": 349.98677067873183, "layer2": 163.97896922936377, "layer3": 276.0926218041973}, "datetime": {"datetime": "2022-10-26 16:08:47", "elapsed": 19836.519352, "delta": 157.564651}}
{"target": -1.9520125038232232, "params": {"alpha": 0.2175477082556022, "batch_size": 81.22420152163049, "drop": 0.08806155179400212, "layer1": 251.38697242891757, "layer2": 184.04853968573343, "layer3": 253.77366704835183}, "datetime": {"datetime": "2022-10-26 16:10:22", "elapsed": 19931.644823, "delta": 95.125471}}
{"target": -2.02517802974923, "params": {"alpha": 0.22352681672973318, "batch_size": 76.75578584404313, "drop": 0.07430685151043252, "layer1": 287.79585141566514, "layer2": 140.66012536649447, "layer3": 288.86027061765105}, "datetime": {"datetime": "2022-10-26 16:12:00", "elapsed": 20029.895231, "delta": 98.250408}}
{"target": -1.9399401210975649, "params": {"alpha": 0.19650131320875072, "batch_size": 78.7681849654802, "drop": 0.07210035081615924, "layer1": 275.89365419113625, "layer2": 166.14399068016394, "layer3": 268.6007229127026}, "datetime": {"datetime": "2022-10-26 16:13:54", "elapsed": 20143.799722, "delta": 113.904491}}
{"target": -2.0077731702203088, "params": {"alpha": 0.16716081506972674, "batch_size": 65.6943961943951, "drop": 0.08260561096959931, "layer1": 268.9465228766786, "layer2": 167.8776179239723, "layer3": 250.32400390189233}, "datetime": {"datetime": "2022-10-26 16:15:23", "elapsed": 20232.690137, "delta": 88.890415}}
