{"target": -1.8152081822628432, "params": {"alpha": 0.2206253922199799, "batch_size": 82.52521571644252, "drop": 0.09317070320565972, "layer1": 256.64687274482026, "layer2": 168.33896462370683, "layer3": 260.3160591834457}, "datetime": {"datetime": "2022-10-26 10:38:10", "elapsed": 0.0, "delta": 0.0}}
{"target": -2.0126628065086396, "params": {"alpha": 0.2057313247105877, "batch_size": 76.978071187616, "drop": 0.06620237819596718, "layer1": 354.67068381995, "layer2": 147.57870178651038, "layer3": 249.67843477279195}, "datetime": {"datetime": "2022-10-26 10:39:24", "elapsed": 73.478902, "delta": 73.478902}}
{"target": -1.9200889231206448, "params": {"alpha": 0.19556517279024102, "batch_size": 80.30980463450129, "drop": 0.0868958142988854, "layer1": 300.2102164552283, "layer2": 160.8771301956762, "layer3": 286.82535231928875}, "datetime": {"datetime": "2022-10-26 10:40:34", "elapsed": 143.283118, "delta": 69.804216}}
{"target": -1.7075660647108573, "params": {"alpha": 0.19196132429162469, "batch_size": 63.16005987612262, "drop": 0.06867274688784268, "layer1": 320.63579204079736, "layer2": 165.24708167891717, "layer3": 222.57895832495345}, "datetime": {"datetime": "2022-10-26 10:42:17", "elapsed": 246.447067, "delta": 103.163949}}
{"target": -2.167719690941272, "params": {"alpha": 0.19702597984102163, "batch_size": 83.60046613382201, "drop": 0.08587712305890781, "layer1": 351.88820067302777, "layer2": 156.32877806577446, "layer3": 249.56911754637673}, "datetime": {"datetime": "2022-10-26 10:44:04", "elapsed": 353.986381, "delta": 107.539314}}
{"target": -1.8668101333630993, "params": {"alpha": 0.21609914992531895, "batch_size": 84.96379182897327, "drop": 0.08891487446493755, "layer1": 294.41627116590803, "layer2": 160.26030168533228, "layer3": 246.63208943034672}, "datetime": {"datetime": "2022-10-26 10:45:47", "elapsed": 456.337869, "delta": 102.351488}}
{"target": -1.730460915365462, "params": {"alpha": 0.18286016112151632, "batch_size": 84.51359133426871, "drop": 0.07250638317576108, "layer1": 285.72504395693056, "layer2": 171.94593284185362, "layer3": 217.6049192593849}, "datetime": {"datetime": "2022-10-26 10:47:12", "elapsed": 541.740138, "delta": 85.402269}}
{"target": -1.7661935900045678, "params": {"alpha": 0.1736255935276051, "batch_size": 72.07993641779908, "drop": 0.06950792777413319, "layer1": 280.3250259952584, "layer2": 138.8147780464872, "layer3": 227.75216091002684}, "datetime": {"datetime": "2022-10-26 10:48:32", "elapsed": 621.669057, "delta": 79.928919}}
{"target": -1.5698077099526755, "params": {"alpha": 0.21482635170250614, "batch_size": 75.63902550428492, "drop": 0.07556830859003794, "layer1": 355.13449494417137, "layer2": 130.03783373030197, "layer3": 232.5566968098819}, "datetime": {"datetime": "2022-10-26 10:49:43", "elapsed": 692.557024, "delta": 70.887967}}
{"target": -2.1756017127355056, "params": {"alpha": 0.17716120835635926, "batch_size": 72.0346021791317, "drop": 0.08337454103775377, "layer1": 325.05847627072, "layer2": 148.6587752819555, "layer3": 233.72752217692195}, "datetime": {"datetime": "2022-10-26 10:51:02", "elapsed": 772.001911, "delta": 79.444887}}
{"target": -1.8753802528738512, "params": {"alpha": 0.23194899770515826, "batch_size": 86.42722431745743, "drop": 0.08504799660204466, "layer1": 357.5348092910963, "layer2": 146.9618223848679, "layer3": 295.93557608390125}, "datetime": {"datetime": "2022-10-26 10:52:43", "elapsed": 872.661429, "delta": 100.659518}}
{"target": -2.0051953893559213, "params": {"alpha": 0.20903683290897912, "batch_size": 63.530820900546686, "drop": 0.09143828184964448, "layer1": 294.44871617179507, "layer2": 171.6073427219618, "layer3": 224.79727819610957}, "datetime": {"datetime": "2022-10-26 10:54:13", "elapsed": 962.400821, "delta": 89.739392}}
{"target": -1.7574956496465444, "params": {"alpha": 0.23533344832981626, "batch_size": 86.36766787854988, "drop": 0.0932504490054149, "layer1": 325.86528171031335, "layer2": 182.3363377314631, "layer3": 243.15261076550166}, "datetime": {"datetime": "2022-10-26 10:55:17", "elapsed": 1026.91768, "delta": 64.516859}}
{"target": -1.6090719528627386, "params": {"alpha": 0.17789928513669648, "batch_size": 80.52132727750626, "drop": 0.0862537939289575, "layer1": 300.95169883904146, "layer2": 172.8838465422652, "layer3": 208.98476543080596}, "datetime": {"datetime": "2022-10-26 10:56:56", "elapsed": 1125.285809, "delta": 98.368129}}
{"target": -1.933134984973696, "params": {"alpha": 0.16963858535572915, "batch_size": 63.23146753936875, "drop": 0.07203217018004575, "layer1": 309.0841037228513, "layer2": 175.91521421016222, "layer3": 220.6828646180469}, "datetime": {"datetime": "2022-10-26 10:58:27", "elapsed": 1216.292696, "delta": 91.006887}}
{"target": -1.8554104439476269, "params": {"alpha": 0.23373869174729084, "batch_size": 67.95129723796015, "drop": 0.09073524887883679, "layer1": 333.33987769847704, "layer2": 142.19689987939378, "layer3": 212.97779495017232}, "datetime": {"datetime": "2022-10-26 11:00:27", "elapsed": 1336.701168, "delta": 120.408472}}
{"target": -1.8701733164358476, "params": {"alpha": 0.20017017479732108, "batch_size": 84.3542723681171, "drop": 0.09219848758909659, "layer1": 341.8332332702566, "layer2": 182.4883194327354, "layer3": 232.57543796355134}, "datetime": {"datetime": "2022-10-26 11:01:55", "elapsed": 1424.344497, "delta": 87.643329}}
{"target": -2.046503882684821, "params": {"alpha": 0.18945363866436496, "batch_size": 78.85214279071526, "drop": 0.07784661110464089, "layer1": 285.82918550827446, "layer2": 138.7037244166366, "layer3": 273.50656850580793}, "datetime": {"datetime": "2022-10-26 11:03:29", "elapsed": 1518.089119, "delta": 93.744622}}
{"target": -2.061477113564968, "params": {"alpha": 0.169994073955516, "batch_size": 78.93392937570005, "drop": 0.06922620973831363, "layer1": 359.94337388527595, "layer2": 141.055660409853, "layer3": 258.20314386983915}, "datetime": {"datetime": "2022-10-26 11:04:48", "elapsed": 1597.191073, "delta": 79.101954}}
{"target": -1.9487915528499409, "params": {"alpha": 0.23018283756799798, "batch_size": 68.07057708665826, "drop": 0.07641050443502423, "layer1": 266.4410982755479, "layer2": 148.54228016591026, "layer3": 215.00001241031129}, "datetime": {"datetime": "2022-10-26 11:06:26", "elapsed": 1695.690679, "delta": 98.499606}}
{"target": -2.09685429668386, "params": {"alpha": 0.21469553731691432, "batch_size": 81.21226815797033, "drop": 0.07384277611099371, "layer1": 340.7095054031592, "layer2": 162.64870129990152, "layer3": 226.29323112407644}, "datetime": {"datetime": "2022-10-26 11:07:54", "elapsed": 1783.86359, "delta": 88.172911}}
{"target": -1.8421051064614993, "params": {"alpha": 0.17841746512416667, "batch_size": 74.03808942877603, "drop": 0.08139051177803072, "layer1": 284.5021479809731, "layer2": 143.75359633913473, "layer3": 299.1393207211216}, "datetime": {"datetime": "2022-10-26 11:09:23", "elapsed": 1872.575017, "delta": 88.711427}}
{"target": -2.075287833902793, "params": {"alpha": 0.19020912321206287, "batch_size": 72.72143815792643, "drop": 0.07289452880070707, "layer1": 351.2395472057643, "layer2": 152.7201915179931, "layer3": 263.2767563392011}, "datetime": {"datetime": "2022-10-26 11:10:38", "elapsed": 1947.839464, "delta": 75.264447}}
{"target": -1.834549513941943, "params": {"alpha": 0.22030835487980405, "batch_size": 83.76263506882003, "drop": 0.08417171593368178, "layer1": 317.1640952421517, "layer2": 172.64478155398976, "layer3": 246.62335223791328}, "datetime": {"datetime": "2022-10-26 11:12:10", "elapsed": 2039.46054, "delta": 91.621076}}
{"target": -1.921832657089943, "params": {"alpha": 0.2131065199826175, "batch_size": 75.87787300570984, "drop": 0.07311427365763873, "layer1": 308.40207696765566, "layer2": 146.36324765024494, "layer3": 279.3598275437673}, "datetime": {"datetime": "2022-10-26 11:13:34", "elapsed": 2123.205962, "delta": 83.745422}}
{"target": -1.9955509511173526, "params": {"alpha": 0.2275152719752832, "batch_size": 68.85766238549428, "drop": 0.0739572408828362, "layer1": 347.63944286110666, "layer2": 168.86421919090517, "layer3": 266.6379052940863}, "datetime": {"datetime": "2022-10-26 11:15:07", "elapsed": 2216.220608, "delta": 93.014646}}
{"target": -1.968307568500586, "params": {"alpha": 0.19686903701860103, "batch_size": 78.00246795558621, "drop": 0.08193332825695956, "layer1": 263.2780241501576, "layer2": 134.29257295343288, "layer3": 213.04654553791684}, "datetime": {"datetime": "2022-10-26 11:17:04", "elapsed": 2333.84025, "delta": 117.619642}}
{"target": -1.9274017433114552, "params": {"alpha": 0.19931793068665807, "batch_size": 61.7775021543508, "drop": 0.0829279393744151, "layer1": 331.3532295558033, "layer2": 182.11998489038626, "layer3": 266.2013306925434}, "datetime": {"datetime": "2022-10-26 11:19:19", "elapsed": 2468.83029, "delta": 134.99004}}
{"target": -1.8823544484731236, "params": {"alpha": 0.23319387344538933, "batch_size": 68.31560867395183, "drop": 0.08788411287463252, "layer1": 352.0552453026706, "layer2": 157.0898676763679, "layer3": 232.588368900825}, "datetime": {"datetime": "2022-10-26 11:21:00", "elapsed": 2569.798951, "delta": 100.968661}}
{"target": -1.8823672675286898, "params": {"alpha": 0.17568461387370166, "batch_size": 62.67840245629273, "drop": 0.08991737441101785, "layer1": 283.6252830164141, "layer2": 130.36980209417226, "layer3": 213.62560443301808}, "datetime": {"datetime": "2022-10-26 11:23:19", "elapsed": 2708.123392, "delta": 138.324441}}
{"target": -2.0664696938362193, "params": {"alpha": 0.2044131028931438, "batch_size": 65.76364808294667, "drop": 0.09280908765564133, "layer1": 316.0430646411652, "layer2": 169.19115469147476, "layer3": 270.0801258769038}, "datetime": {"datetime": "2022-10-26 11:24:41", "elapsed": 2790.488281, "delta": 82.364889}}
{"target": -2.1579756814270703, "params": {"alpha": 0.19496753048634266, "batch_size": 61.521362032204884, "drop": 0.09340028488161356, "layer1": 336.01074646670014, "layer2": 134.10896619971666, "layer3": 271.33179215068253}, "datetime": {"datetime": "2022-10-26 11:26:05", "elapsed": 2875.009054, "delta": 84.520773}}
{"target": -1.7776374360997793, "params": {"alpha": 0.17453259913696126, "batch_size": 82.11708021744916, "drop": 0.08085493273762537, "layer1": 252.01079697008234, "layer2": 183.87401766184038, "layer3": 254.6803914655536}, "datetime": {"datetime": "2022-10-26 11:28:28", "elapsed": 3017.090192, "delta": 142.081138}}
{"target": -1.6847791000195573, "params": {"alpha": 0.23502560559743257, "batch_size": 62.39530517048606, "drop": 0.08328073381510612, "layer1": 312.425311987351, "layer2": 183.8832612303433, "layer3": 241.67440206195636}, "datetime": {"datetime": "2022-10-26 11:30:59", "elapsed": 3168.943695, "delta": 151.853503}}
{"target": -2.015775786709879, "params": {"alpha": 0.1913350259710111, "batch_size": 71.19444222110316, "drop": 0.07416699372349973, "layer1": 286.1075967718222, "layer2": 163.74758367812743, "layer3": 292.2344404283678}, "datetime": {"datetime": "2022-10-26 11:32:13", "elapsed": 3242.836545, "delta": 73.89285}}
{"target": -1.6470287801244927, "params": {"alpha": 0.19135812057830148, "batch_size": 65.53855758853419, "drop": 0.0793727204466585, "layer1": 286.8886564939645, "layer2": 165.54138211224517, "layer3": 223.79834665028554}, "datetime": {"datetime": "2022-10-26 11:34:51", "elapsed": 3401.032013, "delta": 158.195468}}
{"target": -1.8479699980556537, "params": {"alpha": 0.22436402516130566, "batch_size": 65.93015692598415, "drop": 0.07623284710505808, "layer1": 324.8404039373093, "layer2": 151.81493694169268, "layer3": 281.6859629835105}, "datetime": {"datetime": "2022-10-26 11:36:17", "elapsed": 3486.141604, "delta": 85.109591}}
{"target": -1.8995726656324596, "params": {"alpha": 0.19394948857631567, "batch_size": 71.50825430312332, "drop": 0.08164626927579235, "layer1": 279.7115497863926, "layer2": 160.94751382289354, "layer3": 222.5538318775996}, "datetime": {"datetime": "2022-10-26 11:37:51", "elapsed": 3580.800968, "delta": 94.659364}}
{"target": -1.791552105476865, "params": {"alpha": 0.21412931240355348, "batch_size": 70.4928987014146, "drop": 0.0838332456613112, "layer1": 286.8093636515982, "layer2": 181.37902143384986, "layer3": 224.85330144981592}, "datetime": {"datetime": "2022-10-26 11:39:24", "elapsed": 3673.474686, "delta": 92.673718}}
{"target": -1.8792478899986393, "params": {"alpha": 0.21575222471888109, "batch_size": 69.02869842367268, "drop": 0.09032339560027547, "layer1": 285.7125649323012, "layer2": 163.46936081763403, "layer3": 283.5323201246634}, "datetime": {"datetime": "2022-10-26 11:40:54", "elapsed": 3763.347196, "delta": 89.87251}}
{"target": -1.9135861924228075, "params": {"alpha": 0.22485448290599333, "batch_size": 63.15681066671229, "drop": 0.07976798113693154, "layer1": 347.2952005527444, "layer2": 150.49709313579518, "layer3": 272.0579168096421}, "datetime": {"datetime": "2022-10-26 11:42:41", "elapsed": 3870.837797, "delta": 107.490601}}
{"target": -1.8473852158278092, "params": {"alpha": 0.20850454973441856, "batch_size": 72.81405373399046, "drop": 0.08502557858547699, "layer1": 273.3245919832691, "layer2": 181.46695959108717, "layer3": 278.89580823067126}, "datetime": {"datetime": "2022-10-26 11:45:00", "elapsed": 4009.437869, "delta": 138.600072}}
{"target": -2.100118487266856, "params": {"alpha": 0.2310534449237162, "batch_size": 71.54325343229021, "drop": 0.07938269968387163, "layer1": 273.3966552046395, "layer2": 184.5817434125206, "layer3": 222.96499211707905}, "datetime": {"datetime": "2022-10-26 11:46:42", "elapsed": 4111.218456, "delta": 101.780587}}
{"target": -1.8469699033138822, "params": {"alpha": 0.1797583974886158, "batch_size": 86.75770064020767, "drop": 0.09279891966292028, "layer1": 357.43379543542216, "layer2": 182.45905163181993, "layer3": 253.51766261320586}, "datetime": {"datetime": "2022-10-26 11:48:20", "elapsed": 4209.220631, "delta": 98.002175}}
{"target": -2.0190255927708116, "params": {"alpha": 0.22022080310548625, "batch_size": 74.26154531953294, "drop": 0.07183496210234983, "layer1": 264.03239639533297, "layer2": 132.78145934724037, "layer3": 250.79027676471424}, "datetime": {"datetime": "2022-10-26 11:50:10", "elapsed": 4319.578946, "delta": 110.358315}}
{"target": -1.7721110825756876, "params": {"alpha": 0.2210004545715915, "batch_size": 69.3507318075808, "drop": 0.07305246169514854, "layer1": 270.13994860342996, "layer2": 146.67636463328364, "layer3": 285.9209537533336}, "datetime": {"datetime": "2022-10-26 11:51:54", "elapsed": 4423.511419, "delta": 103.932473}}
{"target": -1.8967353206594693, "params": {"alpha": 0.20044408155075752, "batch_size": 73.56909714696096, "drop": 0.06702204713179508, "layer1": 334.20229093407283, "layer2": 158.79595486935554, "layer3": 252.23018678497596}, "datetime": {"datetime": "2022-10-26 11:53:44", "elapsed": 4533.357269, "delta": 109.84585}}
{"target": -1.994811121328777, "params": {"alpha": 0.20816061577643757, "batch_size": 68.98058192891065, "drop": 0.06759354907571724, "layer1": 342.4087795607798, "layer2": 166.90404759326873, "layer3": 296.38144146405443}, "datetime": {"datetime": "2022-10-26 11:55:03", "elapsed": 4612.41597, "delta": 79.058701}}
{"target": -2.0250703956091396, "params": {"alpha": 0.22239938846957355, "batch_size": 81.25484144810892, "drop": 0.0741005070273153, "layer1": 343.4149254806422, "layer2": 185.2062775066244, "layer3": 289.5432114250334}, "datetime": {"datetime": "2022-10-26 11:56:30", "elapsed": 4699.468863, "delta": 87.052893}}
{"target": -2.110780890608093, "params": {"alpha": 0.1678514796723502, "batch_size": 81.06857521635644, "drop": 0.0756165040181688, "layer1": 311.2195907612462, "layer2": 154.79335429034913, "layer3": 258.523356634453}, "datetime": {"datetime": "2022-10-26 11:58:17", "elapsed": 4806.347003, "delta": 106.87814}}
{"target": -1.92917909210923, "params": {"alpha": 0.19717456507216302, "batch_size": 78.17501324870582, "drop": 0.07099855760456945, "layer1": 346.14553760826857, "layer2": 156.96623518921191, "layer3": 235.79022615565586}, "datetime": {"datetime": "2022-10-26 11:59:51", "elapsed": 4900.749402, "delta": 94.402399}}
{"target": -1.9721864223685563, "params": {"alpha": 0.21326264227373215, "batch_size": 76.64302892598349, "drop": 0.08916301830352875, "layer1": 346.9649180070627, "layer2": 160.84506676467018, "layer3": 287.8161871390517}, "datetime": {"datetime": "2022-10-26 12:01:16", "elapsed": 4985.426874, "delta": 84.677472}}
{"target": -1.649292021985941, "params": {"alpha": 0.1915564283165394, "batch_size": 86.57004306055157, "drop": 0.08079622548664397, "layer1": 263.85086767639723, "layer2": 147.46838379446513, "layer3": 296.25229478356243}, "datetime": {"datetime": "2022-10-26 12:03:19", "elapsed": 5108.578371, "delta": 123.151497}}
{"target": -1.8347264497181948, "params": {"alpha": 0.20556468702429667, "batch_size": 63.89881611029313, "drop": 0.0754763814620952, "layer1": 286.99603856921306, "layer2": 166.74607956837713, "layer3": 290.8169932470575}, "datetime": {"datetime": "2022-10-26 12:04:51", "elapsed": 5200.686994, "delta": 92.108623}}
{"target": -1.7297937687592058, "params": {"alpha": 0.1835231186559779, "batch_size": 83.80591192125357, "drop": 0.06774069720510016, "layer1": 303.9424991111588, "layer2": 135.4721212272712, "layer3": 235.36850356291248}, "datetime": {"datetime": "2022-10-26 12:06:48", "elapsed": 5317.644424, "delta": 116.95743}}
{"target": -1.5353556738231844, "params": {"alpha": 0.2158854156409974, "batch_size": 68.82481802297683, "drop": 0.08945169873450566, "layer1": 274.28791494947814, "layer2": 164.73483397812413, "layer3": 267.34038268062676}, "datetime": {"datetime": "2022-10-26 12:08:52", "elapsed": 5441.561205, "delta": 123.916781}}
{"target": -1.7376584988990242, "params": {"alpha": 0.17607806953435579, "batch_size": 86.9567352449147, "drop": 0.08197447397868242, "layer1": 268.455870205143, "layer2": 178.78664644303794, "layer3": 226.16794590420963}, "datetime": {"datetime": "2022-10-26 12:10:35", "elapsed": 5544.127006, "delta": 102.565801}}
{"target": -1.707346742817728, "params": {"alpha": 0.20714103985838486, "batch_size": 70.45436230667964, "drop": 0.07362128184212414, "layer1": 251.90302782031566, "layer2": 137.21422092845535, "layer3": 286.5569059298756}, "datetime": {"datetime": "2022-10-26 12:13:00", "elapsed": 5689.191537, "delta": 145.064531}}
{"target": -1.7371724288392358, "params": {"alpha": 0.2350592545807924, "batch_size": 73.37085043730033, "drop": 0.07082150865791396, "layer1": 332.0223847022988, "layer2": 181.83446401524168, "layer3": 213.50188854370515}, "datetime": {"datetime": "2022-10-26 12:14:41", "elapsed": 5790.322065, "delta": 101.130528}}
{"target": -1.8957604567586863, "params": {"alpha": 0.23062170871786103, "batch_size": 80.81881782478312, "drop": 0.0770001639043764, "layer1": 353.23501939717596, "layer2": 130.5825859199001, "layer3": 249.0923846965632}, "datetime": {"datetime": "2022-10-26 12:16:18", "elapsed": 5887.781283, "delta": 97.459218}}
{"target": -2.0494956525408785, "params": {"alpha": 0.19328569769096912, "batch_size": 83.83270659687741, "drop": 0.08503375640110107, "layer1": 294.2620233708511, "layer2": 170.89076596011216, "layer3": 249.68237826247562}, "datetime": {"datetime": "2022-10-26 12:18:03", "elapsed": 5992.52365, "delta": 104.742367}}
{"target": -1.7587560173217347, "params": {"alpha": 0.17436107512269688, "batch_size": 80.4745575038532, "drop": 0.07725839315366431, "layer1": 283.89945853387104, "layer2": 154.92631714158412, "layer3": 237.89773534914445}, "datetime": {"datetime": "2022-10-26 12:19:17", "elapsed": 6066.62975, "delta": 74.1061}}
{"target": -1.936516961804407, "params": {"alpha": 0.20023242952261786, "batch_size": 69.79361243338445, "drop": 0.07493049830149909, "layer1": 303.16605666760995, "layer2": 131.863187123771, "layer3": 234.62538911288718}, "datetime": {"datetime": "2022-10-26 12:21:18", "elapsed": 6187.372621, "delta": 120.742871}}
{"target": -1.7969374859783518, "params": {"alpha": 0.23572551692010066, "batch_size": 72.08112113278821, "drop": 0.07019685718552687, "layer1": 357.1665050898147, "layer2": 147.724921969084, "layer3": 223.64843524907863}, "datetime": {"datetime": "2022-10-26 12:23:27", "elapsed": 6316.08266, "delta": 128.710039}}
{"target": -2.0123224254292746, "params": {"alpha": 0.2223511509411605, "batch_size": 61.530876328461495, "drop": 0.07149994183419944, "layer1": 282.15675078436306, "layer2": 175.13140275423586, "layer3": 224.70532057894437}, "datetime": {"datetime": "2022-10-26 12:24:50", "elapsed": 6399.728261, "delta": 83.645601}}
{"target": -1.8086489568939628, "params": {"alpha": 0.1925470588397326, "batch_size": 77.82678704362574, "drop": 0.06955827405161813, "layer1": 302.1168490967779, "layer2": 149.5553542595055, "layer3": 258.9727605800503}, "datetime": {"datetime": "2022-10-26 12:26:34", "elapsed": 6503.705182, "delta": 103.976921}}
{"target": -1.7459143276221032, "params": {"alpha": 0.1954106821209443, "batch_size": 64.83115952668614, "drop": 0.06561039341470264, "layer1": 255.29658487482274, "layer2": 131.92821113376874, "layer3": 248.96778940479297}, "datetime": {"datetime": "2022-10-26 12:28:52", "elapsed": 6641.634584, "delta": 137.929402}}
{"target": -1.830758626317552, "params": {"alpha": 0.2123949559169048, "batch_size": 64.6258995804266, "drop": 0.06907371433157505, "layer1": 304.5629024241176, "layer2": 150.216176709867, "layer3": 238.0864274566223}, "datetime": {"datetime": "2022-10-26 12:30:50", "elapsed": 6759.335317, "delta": 117.700733}}
{"target": -1.8191336994864253, "params": {"alpha": 0.22350115005978907, "batch_size": 85.61710086485643, "drop": 0.09241800633927619, "layer1": 306.5740741372015, "layer2": 134.58747628286466, "layer3": 230.2607469975513}, "datetime": {"datetime": "2022-10-26 12:32:15", "elapsed": 6844.652087, "delta": 85.31677}}
