{"target": -0.0007305584721631039, "params": {"alpha": 0.2311155667662315, "batch_size": 155.64276492652175, "drop": 0.1324580821135489, "epochs": 337.5168407338667, "layer1": 128.73239868821844, "layer2": 128.08932720427646, "layer3": 333.31328332297045, "lr": 0.0034565305732053653}, "datetime": {"datetime": "2022-09-22 11:50:12", "elapsed": 5599.574214, "delta": 48.613217}}
{"target": -0.0006669741299597179, "params": {"alpha": 0.23624130816971525, "batch_size": 155.49870521666057, "drop": 0.22350100837293163, "epochs": 342.6101866431886, "layer1": 111.98048654476338, "layer2": 129.93342252803455, "layer3": 333.4811138249681, "lr": 0.0034949484013633444}, "datetime": {"datetime": "2022-09-22 11:51:02", "elapsed": 5649.056238, "delta": 49.482024}}
{"target": -0.0007001949150308647, "params": {"alpha": 0.2621219934553394, "batch_size": 162.5468168352843, "drop": 0.1569440287426086, "epochs": 300.07881143673563, "layer1": 116.90443267537685, "layer2": 114.95208052984371, "layer3": 345.962440380424, "lr": 0.0035128453434358116}, "datetime": {"datetime": "2022-09-22 11:51:52", "elapsed": 5699.444217, "delta": 50.387979}}
{"target": -0.0007364000101416591, "params": {"alpha": 0.2618854488655119, "batch_size": 166.15434156137405, "drop": 0.16306399136937633, "epochs": 327.9242168460134, "layer1": 121.2822909728362, "layer2": 114.69107393960836, "layer3": 340.7208810592119, "lr": 0.003639703448560085}, "datetime": {"datetime": "2022-09-22 11:52:46", "elapsed": 5752.89331, "delta": 53.449093}}
{"target": -0.0008020230589732708, "params": {"alpha": 0.2042119033735653, "batch_size": 179.75467995032466, "drop": 0.18509847658174394, "epochs": 346.21873171292884, "layer1": 119.6291221480034, "layer2": 112.67049458900891, "layer3": 333.9138798189096, "lr": 0.0007040002496486518}, "datetime": {"datetime": "2022-09-22 11:53:36", "elapsed": 5803.552008, "delta": 50.658698}}
{"target": -0.0008445491220732676, "params": {"alpha": 0.23347778233205665, "batch_size": 169.17107764166474, "drop": 0.19820517309697988, "epochs": 342.9995352857796, "layer1": 113.08138091476204, "layer2": 110.71698594130879, "layer3": 348.20854621068816, "lr": 0.002457866059929138}, "datetime": {"datetime": "2022-09-22 11:54:28", "elapsed": 5855.020745, "delta": 51.468737}}
{"target": -0.0008704623841074543, "params": {"alpha": 0.2224811793548786, "batch_size": 162.5874838533239, "drop": 0.23970676226475818, "epochs": 347.9788519573532, "layer1": 126.19116794968447, "layer2": 124.78570638482707, "layer3": 345.2762438147895, "lr": 0.0011508932804529194}, "datetime": {"datetime": "2022-09-22 11:55:23", "elapsed": 5910.606762, "delta": 55.586017}}
{"target": -0.000865018899067932, "params": {"alpha": 0.2601696198081558, "batch_size": 175.57098476953104, "drop": 0.13075345099550678, "epochs": 328.61599751249713, "layer1": 127.66409618194425, "layer2": 114.0888832539234, "layer3": 346.0196513525069, "lr": 0.0013794948576349457}, "datetime": {"datetime": "2022-09-22 11:56:16", "elapsed": 5963.471655, "delta": 52.864893}}
{"target": -0.0007389337660359698, "params": {"alpha": 0.24841438119910964, "batch_size": 164.2490081864423, "drop": 0.23925955059307175, "epochs": 334.99170249851466, "layer1": 115.91614170714753, "layer2": 117.98176117906637, "layer3": 344.57083995082365, "lr": 0.002928343415093953}, "datetime": {"datetime": "2022-09-22 11:57:07", "elapsed": 6014.038202, "delta": 50.566547}}
{"target": -0.0009923284331838094, "params": {"alpha": 0.24535340550474496, "batch_size": 162.75911969036494, "drop": 0.139841943964404, "epochs": 344.6269667022255, "layer1": 121.48429617997428, "layer2": 123.3047448415311, "layer3": 348.6258802380072, "lr": 0.0034367947925821518}, "datetime": {"datetime": "2022-09-22 11:58:01", "elapsed": 6068.741916, "delta": 54.703714}}
{"target": -0.0005797137390666276, "params": {"alpha": 0.24901711384590974, "batch_size": 157.8701023543114, "drop": 0.1287803538583842, "epochs": 335.1142594062951, "layer1": 114.17588163846582, "layer2": 127.55835728381294, "layer3": 344.5155941877374, "lr": 0.0008771884802892658}, "datetime": {"datetime": "2022-09-22 11:58:51", "elapsed": 6117.996884, "delta": 49.254968}}
{"target": -0.0006030409176106357, "params": {"alpha": 0.25883783806768573, "batch_size": 159.0979534618152, "drop": 0.16739198125966026, "epochs": 322.0025446513886, "layer1": 121.97389487485741, "layer2": 113.80263772045285, "layer3": 335.4617017823518, "lr": 0.0034592984405384967}, "datetime": {"datetime": "2022-09-22 11:59:39", "elapsed": 6166.290939, "delta": 48.294055}}
{"target": -0.00802099459980174, "params": {"alpha": 0.31051118489502283, "batch_size": 172.37074535474724, "drop": 0.2325162543808646, "epochs": 331.17397898722226, "layer1": 113.7988482771519, "layer2": 118.60966439092239, "layer3": 330.1312089376273, "lr": 0.004941310844416184}, "datetime": {"datetime": "2022-09-22 12:00:48", "elapsed": 6234.854077, "delta": 68.563138}}
{"target": -0.0007946079699111664, "params": {"alpha": 0.2912629729917979, "batch_size": 164.78791072584826, "drop": 0.16019088338704135, "epochs": 323.65691853860585, "layer1": 123.94657505755083, "layer2": 110.83952421442056, "layer3": 346.12581228799587, "lr": 0.0023190453841613837}, "datetime": {"datetime": "2022-09-22 12:01:39", "elapsed": 6286.295509, "delta": 51.441432}}
{"target": -0.0007590369791466268, "params": {"alpha": 0.29390516578033365, "batch_size": 165.25607502134824, "drop": 0.1351907843255608, "epochs": 330.52970109494856, "layer1": 113.16829177684446, "layer2": 116.74950799871081, "layer3": 342.0070732105273, "lr": 0.003132376716532853}, "datetime": {"datetime": "2022-09-22 12:02:27", "elapsed": 6334.321912, "delta": 48.026403}}
{"target": -0.0008291571391032779, "params": {"alpha": 0.2123859748218903, "batch_size": 185.69089516190598, "drop": 0.22590738359271856, "epochs": 308.79810267403514, "layer1": 117.79235533002509, "layer2": 119.7641361167353, "layer3": 347.7360777199431, "lr": 0.004387253906809795}, "datetime": {"datetime": "2022-09-22 12:03:12", "elapsed": 6379.343094, "delta": 45.021182}}
{"target": -0.0008561217672596447, "params": {"alpha": 0.2539532026557154, "batch_size": 161.65862262537738, "drop": 0.21532042609690005, "epochs": 340.36954983252986, "layer1": 118.10769199763563, "layer2": 112.93225668980905, "layer3": 344.26941646680723, "lr": 0.004579963366860611}, "datetime": {"datetime": "2022-09-22 12:04:02", "elapsed": 6429.39227, "delta": 50.049176}}
{"target": -0.0012280370728209595, "params": {"alpha": 0.20596319930701487, "batch_size": 155.9426843838144, "drop": 0.2133739525155096, "epochs": 302.2753687035066, "layer1": 114.62300174601555, "layer2": 118.09851263714984, "layer3": 347.5977778567746, "lr": 0.0030964280959986453}, "datetime": {"datetime": "2022-09-22 12:04:49", "elapsed": 6476.248241, "delta": 46.855971}}
{"target": -0.0005268494435097499, "params": {"alpha": 0.28231616628177547, "batch_size": 163.63130549683282, "drop": 0.22956707414798416, "epochs": 336.92704574335295, "layer1": 111.10877752968412, "layer2": 120.48704678090253, "layer3": 336.03700547912655, "lr": 0.0016237702453467235}, "datetime": {"datetime": "2022-09-22 12:05:40", "elapsed": 6527.431147, "delta": 51.182906}}
{"target": -0.0005990744029127213, "params": {"alpha": 0.28446262633728386, "batch_size": 158.89569388835488, "drop": 0.14959546600958254, "epochs": 304.49062759808004, "layer1": 123.13069753202069, "layer2": 112.54186509585173, "layer3": 339.95954981900485, "lr": 0.0009607557241120318}, "datetime": {"datetime": "2022-09-22 12:06:26", "elapsed": 6573.446444, "delta": 46.015297}}
{"target": -0.0007728087237180163, "params": {"alpha": 0.3160991428401296, "batch_size": 151.4247178815649, "drop": 0.1652115729050605, "epochs": 349.7273333953777, "layer1": 113.0257404771479, "layer2": 117.55585656980848, "layer3": 342.64683214002747, "lr": 0.0013887970158675718}, "datetime": {"datetime": "2022-09-22 12:07:18", "elapsed": 6625.175274, "delta": 51.72883}}
{"target": -0.0005494496565811309, "params": {"alpha": 0.22777286844883757, "batch_size": 161.85967066698407, "drop": 0.2313066367515077, "epochs": 326.542542569588, "layer1": 128.3495125676528, "layer2": 112.10979339417996, "layer3": 345.74062249716417, "lr": 0.0010704621108242715}, "datetime": {"datetime": "2022-09-22 12:08:07", "elapsed": 6674.061471, "delta": 48.886197}}
{"target": -0.00085392829971212, "params": {"alpha": 0.25093282107783094, "batch_size": 183.07660371980825, "drop": 0.15494860584500847, "epochs": 317.0039149998012, "layer1": 123.8304821107262, "layer2": 120.54399183579187, "layer3": 338.2824350618939, "lr": 0.0015133127025861702}, "datetime": {"datetime": "2022-09-22 12:08:57", "elapsed": 6724.776709, "delta": 50.715238}}
{"target": -0.0008014327221658258, "params": {"alpha": 0.3107940310389882, "batch_size": 185.84251988786576, "drop": 0.20676598083590772, "epochs": 302.46223340813555, "layer1": 123.53983228970898, "layer2": 127.48206093101872, "layer3": 337.9344108262088, "lr": 0.0047250131401027455}, "datetime": {"datetime": "2022-09-22 12:09:45", "elapsed": 6772.758105, "delta": 47.981396}}
{"target": -0.0006647396515627211, "params": {"alpha": 0.23969869343369649, "batch_size": 163.07837341684157, "drop": 0.1388343078618044, "epochs": 340.42096073222217, "layer1": 128.37618612297717, "layer2": 128.11019129912643, "layer3": 336.59248564616166, "lr": 0.002626045970209762}, "datetime": {"datetime": "2022-09-22 12:10:32", "elapsed": 6819.114493, "delta": 46.356388}}
{"target": -0.0008313258927704652, "params": {"alpha": 0.20533553509806257, "batch_size": 158.34024185525988, "drop": 0.2319547474652553, "epochs": 320.2218601015711, "layer1": 125.5792196138824, "layer2": 121.03666397766263, "layer3": 333.3190703963198, "lr": 0.0008948600628847928}, "datetime": {"datetime": "2022-09-22 12:11:19", "elapsed": 6866.602915, "delta": 47.488422}}
{"target": -0.0007596120941836853, "params": {"alpha": 0.2454150142268367, "batch_size": 157.6116722138556, "drop": 0.14076619048014993, "epochs": 314.4445373516211, "layer1": 115.92802454692021, "layer2": 120.93185803517993, "layer3": 340.0067316780376, "lr": 0.0031531336895093097}, "datetime": {"datetime": "2022-09-22 12:12:03", "elapsed": 6910.639685, "delta": 44.03677}}
{"target": -0.0006842243046358065, "params": {"alpha": 0.26889221219972703, "batch_size": 173.26191931464803, "drop": 0.14739919334119322, "epochs": 345.2829935890908, "layer1": 120.39219667127382, "layer2": 116.2103354337344, "layer3": 337.04965071717186, "lr": 0.0007491120104731299}, "datetime": {"datetime": "2022-09-22 12:12:52", "elapsed": 6959.695045, "delta": 49.05536}}
{"target": -0.0006871491990546046, "params": {"alpha": 0.2782585240148744, "batch_size": 170.57673975880334, "drop": 0.1970194066328082, "epochs": 349.45843931000667, "layer1": 117.54569792996998, "layer2": 123.30177606722961, "layer3": 333.66955178415657, "lr": 0.0011883663370115959}, "datetime": {"datetime": "2022-09-22 12:13:43", "elapsed": 7010.595822, "delta": 50.900777}}
{"target": -0.0007606268982914445, "params": {"alpha": 0.2523242487851395, "batch_size": 165.6544256472153, "drop": 0.22436298930321458, "epochs": 310.7188541896268, "layer1": 121.74958556611921, "layer2": 123.07309917401605, "layer3": 334.6496887573692, "lr": 0.003217269008319002}, "datetime": {"datetime": "2022-09-22 12:14:30", "elapsed": 7056.948012, "delta": 46.35219}}
{"target": -0.0008771525108092073, "params": {"alpha": 0.30482589099875945, "batch_size": 161.91080077905093, "drop": 0.1876773565046054, "epochs": 325.56783623975446, "layer1": 118.9590106704765, "layer2": 120.56052819510256, "layer3": 336.81185682232103, "lr": 0.004403787068672279}, "datetime": {"datetime": "2022-09-22 12:15:20", "elapsed": 7107.169067, "delta": 50.221055}}
{"target": -0.0007126466065395022, "params": {"alpha": 0.20659628665146787, "batch_size": 161.18329088137958, "drop": 0.1965691670416275, "epochs": 314.6639651271085, "layer1": 112.12527765549783, "layer2": 122.75908730111408, "layer3": 334.7222223378091, "lr": 0.002668060848754613}, "datetime": {"datetime": "2022-09-22 12:16:06", "elapsed": 7153.600316, "delta": 46.431249}}
{"target": -0.0010983252501570086, "params": {"alpha": 0.2379284102223507, "batch_size": 151.88907258223267, "drop": 0.15297252979829848, "epochs": 302.25625992404656, "layer1": 111.30188635508082, "layer2": 119.44612179770607, "layer3": 346.3242649485961, "lr": 0.0028785144535652036}, "datetime": {"datetime": "2022-09-22 12:16:52", "elapsed": 7198.889687, "delta": 45.289371}}
{"target": -0.0008076362931810212, "params": {"alpha": 0.3117061181082548, "batch_size": 159.34121565414736, "drop": 0.19112305958993742, "epochs": 343.70273608683334, "layer1": 118.11895803138047, "layer2": 110.04070824667026, "layer3": 349.2507162692311, "lr": 0.003153401029981394}, "datetime": {"datetime": "2022-09-22 12:17:38", "elapsed": 7245.661538, "delta": 46.771851}}
{"target": -0.0006981627207067472, "params": {"alpha": 0.22109693968914085, "batch_size": 171.99729442058234, "drop": 0.15298602229138486, "epochs": 314.66539991477816, "layer1": 120.39055107834643, "layer2": 118.16539700418411, "layer3": 338.8158044693968, "lr": 0.00107518663282293}, "datetime": {"datetime": "2022-09-22 12:18:26", "elapsed": 7293.095318, "delta": 47.43378}}
{"target": -0.01637095578443705, "params": {"alpha": 0.20440331325102137, "batch_size": 163.20318593833375, "drop": 0.17620375730276908, "epochs": 334.48756719954054, "layer1": 122.28515142974139, "layer2": 129.83998308567652, "layer3": 331.90798172602297, "lr": 0.004841734344019154}, "datetime": {"datetime": "2022-09-22 12:19:11", "elapsed": 7338.595376, "delta": 45.500058}}
{"target": -0.0006564759830099864, "params": {"alpha": 0.22458801341067713, "batch_size": 160.86995268793123, "drop": 0.2348847293320016, "epochs": 340.3002572153252, "layer1": 119.54739846419328, "layer2": 125.63294221782714, "layer3": 340.6770613478153, "lr": 0.0014236362148347607}, "datetime": {"datetime": "2022-09-22 12:19:57", "elapsed": 7384.79714, "delta": 46.201764}}
{"target": -0.0006055988210530937, "params": {"alpha": 0.20434732170366213, "batch_size": 185.89763856258307, "drop": 0.17475199525062252, "epochs": 325.89077626445476, "layer1": 115.36334910621753, "layer2": 119.96496549873898, "layer3": 338.9131278627167, "lr": 0.0012697199945975709}, "datetime": {"datetime": "2022-09-22 12:20:44", "elapsed": 7431.231646, "delta": 46.434506}}
{"target": -0.0008079222702484998, "params": {"alpha": 0.21577528964165602, "batch_size": 160.78581706976718, "drop": 0.14411362642793424, "epochs": 300.4406536425202, "layer1": 121.29497914390156, "layer2": 110.09438337745523, "layer3": 335.90599104970454, "lr": 0.0016406518026752992}, "datetime": {"datetime": "2022-09-22 12:21:30", "elapsed": 7477.619789, "delta": 46.388143}}
{"target": -0.0006645493802075365, "params": {"alpha": 0.2636496183947745, "batch_size": 178.51823127997247, "drop": 0.2130479836726774, "epochs": 309.9224447434704, "layer1": 112.24435920952466, "layer2": 119.65799579458636, "layer3": 334.8668139718002, "lr": 0.0028852527635050383}, "datetime": {"datetime": "2022-09-22 12:22:17", "elapsed": 7524.229508, "delta": 46.609719}}
{"target": -0.0005107838403051506, "params": {"alpha": 0.3061763139365357, "batch_size": 178.25575698423918, "drop": 0.1426095772001268, "epochs": 346.7566295005612, "layer1": 129.7664513894689, "layer2": 111.60391168886343, "layer3": 343.55773036181085, "lr": 0.0008832758344455537}, "datetime": {"datetime": "2022-09-22 12:23:08", "elapsed": 7575.589859, "delta": 51.360351}}
{"target": -0.0007408709950171761, "params": {"alpha": 0.21192507572829097, "batch_size": 185.2089113847511, "drop": 0.17742909751355176, "epochs": 349.11933955688806, "layer1": 127.72798568528836, "layer2": 125.05731588297493, "layer3": 331.19896100935114, "lr": 0.0007592870881375354}, "datetime": {"datetime": "2022-09-22 12:24:01", "elapsed": 7628.612105, "delta": 53.022246}}
{"target": -0.0006036608347172274, "params": {"alpha": 0.29680505842941296, "batch_size": 167.2194242388294, "drop": 0.21895301369348796, "epochs": 309.68884316119636, "layer1": 116.29854050086719, "layer2": 117.15605904185486, "layer3": 348.76831997522254, "lr": 0.0012191596290830186}, "datetime": {"datetime": "2022-09-22 12:24:54", "elapsed": 7681.159386, "delta": 52.547281}}
{"target": -0.000918487751705585, "params": {"alpha": 0.26879017965220825, "batch_size": 181.21955993017718, "drop": 0.15545710374124588, "epochs": 327.2235406545222, "layer1": 125.99765522753088, "layer2": 122.25697311430937, "layer3": 331.95239099111757, "lr": 0.004645751208915624}, "datetime": {"datetime": "2022-09-22 12:25:41", "elapsed": 7728.728015, "delta": 47.568629}}
{"target": -0.01588000270712987, "params": {"alpha": 0.2274514932394034, "batch_size": 186.1466964155223, "drop": 0.22786644668863115, "epochs": 312.12783375933304, "layer1": 113.05291875874109, "layer2": 110.90201379492225, "layer3": 334.91930294060944, "lr": 0.0048800459150508645}, "datetime": {"datetime": "2022-09-22 12:26:27", "elapsed": 7774.171129, "delta": 45.443114}}
{"target": -0.0008826036283784701, "params": {"alpha": 0.3026676748345404, "batch_size": 179.8946486509421, "drop": 0.20375563959878568, "epochs": 327.20369641133374, "layer1": 111.76368834865208, "layer2": 126.98132792697076, "layer3": 346.09635636915533, "lr": 0.0017435653474590666}, "datetime": {"datetime": "2022-09-22 12:27:16", "elapsed": 7823.666563, "delta": 49.495434}}
{"target": -0.0007512614908027421, "params": {"alpha": 0.2548585604539486, "batch_size": 163.72923120544942, "drop": 0.13858415675186772, "epochs": 331.10591578687297, "layer1": 124.36253692756432, "layer2": 126.57626761648696, "layer3": 340.3448004234531, "lr": 0.0023803057799392444}, "datetime": {"datetime": "2022-09-22 12:28:07", "elapsed": 7873.818776, "delta": 50.152213}}
{"target": -0.001093544283792358, "params": {"alpha": 0.2503772255047329, "batch_size": 189.6018918015923, "drop": 0.1212282116674584, "epochs": 314.4334332028633, "layer1": 122.44604333809498, "layer2": 126.8421387495932, "layer3": 338.4979526315354, "lr": 0.004438486470556519}, "datetime": {"datetime": "2022-09-22 12:28:58", "elapsed": 7924.98389, "delta": 51.165114}}
{"target": -0.0007165537794090391, "params": {"alpha": 0.27272353712634, "batch_size": 180.38098180539885, "drop": 0.14716547884809736, "epochs": 329.22405267171223, "layer1": 111.3945306365159, "layer2": 124.69429294289726, "layer3": 347.29865162168574, "lr": 0.003914677097117569}, "datetime": {"datetime": "2022-09-22 12:29:44", "elapsed": 7971.16024, "delta": 46.17635}}
{"target": -0.0007701888566677287, "params": {"alpha": 0.2763847721009314, "batch_size": 187.7372798550977, "drop": 0.224778250744412, "epochs": 332.4437116334283, "layer1": 110.58276291318478, "layer2": 126.44626431506072, "layer3": 333.6166658381748, "lr": 0.002243647715441132}, "datetime": {"datetime": "2022-09-22 12:30:32", "elapsed": 8019.017152, "delta": 47.856912}}
{"target": -0.0033849273916061154, "params": {"alpha": 0.24312082361757575, "batch_size": 158.3421926482624, "drop": 0.12539038166854927, "epochs": 301.95257354237566, "layer1": 124.41583138017414, "layer2": 129.07210870649237, "layer3": 338.70549847568316, "lr": 0.0044398887414091}, "datetime": {"datetime": "2022-09-22 12:31:31", "elapsed": 8078.006809, "delta": 58.989657}}
{"target": -0.0009712471669895397, "params": {"alpha": 0.23560542021919412, "batch_size": 155.8105035731948, "drop": 0.16597095365272369, "epochs": 339.7704140118252, "layer1": 116.39053475711374, "layer2": 113.95068632935038, "layer3": 346.29848162045795, "lr": 0.0038981289536569905}, "datetime": {"datetime": "2022-09-22 12:32:19", "elapsed": 8126.713423, "delta": 48.706614}}
{"target": -0.0007317251029837435, "params": {"alpha": 0.2624922150862413, "batch_size": 167.55099386525723, "drop": 0.1433119293789097, "epochs": 320.69297932293813, "layer1": 112.17539134488719, "layer2": 115.290804749761, "layer3": 332.8391833761815, "lr": 0.0029941352275252645}, "datetime": {"datetime": "2022-09-22 12:33:04", "elapsed": 8171.694803, "delta": 44.98138}}
{"target": -0.0013567371701744024, "params": {"alpha": 0.23162390452177417, "batch_size": 156.82455682005443, "drop": 0.16956761027795544, "epochs": 325.73383579855897, "layer1": 114.36641620286059, "layer2": 127.8881077684456, "layer3": 344.2987609462237, "lr": 0.004428569117623158}, "datetime": {"datetime": "2022-09-22 12:33:57", "elapsed": 8224.101956, "delta": 52.407153}}
{"target": -0.0007760242524726225, "params": {"alpha": 0.2551983906464159, "batch_size": 157.27230074119737, "drop": 0.19187590305222607, "epochs": 316.04899711270895, "layer1": 128.9856334784427, "layer2": 129.872467206498, "layer3": 333.61749679399475, "lr": 0.0046723663983594226}, "datetime": {"datetime": "2022-09-22 12:34:41", "elapsed": 8268.470464, "delta": 44.368508}}
{"target": -0.0007169371951912237, "params": {"alpha": 0.2776936529924011, "batch_size": 169.91471740604166, "drop": 0.13488687453952167, "epochs": 341.7349902307408, "layer1": 118.27500015796966, "layer2": 121.47963247830772, "layer3": 342.8948879106296, "lr": 0.0014418925196058264}, "datetime": {"datetime": "2022-09-22 12:35:35", "elapsed": 8322.21495, "delta": 53.744486}}
{"target": -0.016037798435899128, "params": {"alpha": 0.3128556050185083, "batch_size": 167.88373546322597, "drop": 0.21041512705232718, "epochs": 305.0339128846746, "layer1": 126.47635569015459, "layer2": 122.65662482615026, "layer3": 345.58550808728563, "lr": 0.004994173171551122}, "datetime": {"datetime": "2022-09-22 12:36:23", "elapsed": 8370.070843, "delta": 47.855893}}
{"target": -0.0007474192236307796, "params": {"alpha": 0.2913394269876912, "batch_size": 158.88113035047817, "drop": 0.20146099421782454, "epochs": 336.90232064766144, "layer1": 128.05521724406424, "layer2": 123.32024763566568, "layer3": 338.9806028004327, "lr": 0.003469358714562577}, "datetime": {"datetime": "2022-09-22 12:37:10", "elapsed": 8417.730221, "delta": 47.659378}}
