{"target": -0.0019667760434501913, "params": {"alpha": 0.32, "batch_size": 161.9478923140943, "drop": 0.2295222601716035, "epochs": 336.5053553067507, "layer1": 116.6856370909985, "layer2": 114.71568622070895, "layer3": 343.9149044635792, "lr": 0.004657170982453522}, "datetime": {"datetime": "2022-09-22 15:11:05", "elapsed": 17652.364589, "delta": 57.275315}}
{"target": -0.0005539742184856346, "params": {"alpha": 0.3075827147959813, "batch_size": 181.76272614640627, "drop": 0.1473044609134329, "epochs": 307.8555729260629, "layer1": 121.38579363674573, "layer2": 122.68636820156512, "layer3": 342.50687991333547, "lr": 0.00084609722257089}, "datetime": {"datetime": "2022-09-22 15:11:57", "elapsed": 17704.075935, "delta": 51.711346}}
{"target": -0.0005793246989615902, "params": {"alpha": 0.24975057858307, "batch_size": 156.5230004019693, "drop": 0.19342426673888152, "epochs": 309.8982179032338, "layer1": 125.36339437965056, "layer2": 110.08874870650334, "layer3": 332.60449545732246, "lr": 0.002115561786409945}, "datetime": {"datetime": "2022-09-22 15:12:50", "elapsed": 17757.57117, "delta": 53.495235}}
{"target": -0.0007473027547610483, "params": {"alpha": 0.25772855801155437, "batch_size": 160.85108089952197, "drop": 0.14343104344521757, "epochs": 322.07447844996784, "layer1": 119.1144635089966, "layer2": 129.22747218793188, "layer3": 345.8158558851224, "lr": 0.0030640940671193056}, "datetime": {"datetime": "2022-09-22 15:13:39", "elapsed": 17806.483804, "delta": 48.912634}}
{"target": -0.0006495955142764425, "params": {"alpha": 0.32, "batch_size": 174.23178309497823, "drop": 0.24, "epochs": 307.72538679321167, "layer1": 120.82565644657784, "layer2": 118.58847654785376, "layer3": 340.32427149455344, "lr": 0.0005}, "datetime": {"datetime": "2022-09-22 15:14:33", "elapsed": 17860.258855, "delta": 53.775051}}
{"target": -0.0015315856831585822, "params": {"alpha": 0.28940422331740295, "batch_size": 163.57817174465185, "drop": 0.18170734720338153, "epochs": 316.9975749532357, "layer1": 120.96185819709915, "layer2": 117.73982160629643, "layer3": 335.6486138601686, "lr": 0.004342284307495715}, "datetime": {"datetime": "2022-09-22 15:15:26", "elapsed": 17913.089231, "delta": 52.830376}}
{"target": -0.0010583559932221085, "params": {"alpha": 0.2975678504801825, "batch_size": 153.51158767467157, "drop": 0.16126459158358847, "epochs": 310.9235867898106, "layer1": 121.63539276220058, "layer2": 113.04200632326744, "layer3": 334.1099362362425, "lr": 0.003751475398635809}, "datetime": {"datetime": "2022-09-22 15:16:21", "elapsed": 17968.213439, "delta": 55.124208}}
{"target": -0.0013077007475349705, "params": {"alpha": 0.2589969481814062, "batch_size": 170.1188197053308, "drop": 0.1919051303787335, "epochs": 305.57312029213983, "layer1": 123.12314331961423, "layer2": 120.06349673203935, "layer3": 337.98328989847533, "lr": 0.0005}, "datetime": {"datetime": "2022-09-22 15:17:12", "elapsed": 18019.608023, "delta": 51.394584}}
{"target": -0.0006389409810342589, "params": {"alpha": 0.21706981219356014, "batch_size": 163.68087935380422, "drop": 0.23997304762685434, "epochs": 346.06128893085406, "layer1": 127.42896085568552, "layer2": 116.40033202510244, "layer3": 344.5886800195087, "lr": 0.0022181287220309027}, "datetime": {"datetime": "2022-09-22 15:18:08", "elapsed": 18075.729628, "delta": 56.121605}}
{"target": -0.0008006191338209139, "params": {"alpha": 0.21439833877022965, "batch_size": 180.2162173714075, "drop": 0.24, "epochs": 311.12251048762477, "layer1": 119.07535749880579, "layer2": 122.20409041385892, "layer3": 341.99559237875934, "lr": 0.0005}, "datetime": {"datetime": "2022-09-22 15:18:58", "elapsed": 18125.24478, "delta": 49.515152}}
{"target": -0.0007749120010538676, "params": {"alpha": 0.2670549477531884, "batch_size": 159.21775757146935, "drop": 0.17839778050272168, "epochs": 320.51011842545364, "layer1": 119.72737829750815, "layer2": 115.96526541211503, "layer3": 337.4453776026734, "lr": 0.002204393515785726}, "datetime": {"datetime": "2022-09-22 15:19:52", "elapsed": 18179.070915, "delta": 53.826135}}
{"target": -0.0006976006894107506, "params": {"alpha": 0.2899984275485616, "batch_size": 167.99498603188172, "drop": 0.23887892192158536, "epochs": 306.46208176640187, "layer1": 118.81788335610091, "layer2": 117.96913023638848, "layer3": 338.7655465439986, "lr": 0.0005}, "datetime": {"datetime": "2022-09-22 15:20:42", "elapsed": 18228.880704, "delta": 49.809789}}
{"target": -0.000775579675566216, "params": {"alpha": 0.20699056309430897, "batch_size": 172.09064532173215, "drop": 0.23941440466262376, "epochs": 307.6443531404162, "layer1": 117.72521751715504, "layer2": 118.79339100959606, "layer3": 342.48015695079283, "lr": 0.0005}, "datetime": {"datetime": "2022-09-22 15:21:33", "elapsed": 18280.129082, "delta": 51.248378}}
{"target": -0.0006417425354052679, "params": {"alpha": 0.2926106637315893, "batch_size": 158.17921515346032, "drop": 0.17241125378402203, "epochs": 311.40419684986, "layer1": 124.76062490403812, "layer2": 111.15759989249429, "layer3": 335.6741407590048, "lr": 0.003911148497435471}, "datetime": {"datetime": "2022-09-22 15:22:31", "elapsed": 18338.37959, "delta": 58.250508}}
{"target": -0.0029623423611932743, "params": {"alpha": 0.27353038450872597, "batch_size": 159.442617735921, "drop": 0.14561260568502743, "epochs": 315.4500308824571, "layer1": 117.59157514355407, "layer2": 118.17787994263257, "layer3": 335.24104359850037, "lr": 0.0037981908094683815}, "datetime": {"datetime": "2022-09-22 15:23:31", "elapsed": 18398.271656, "delta": 59.892066}}
{"target": -0.0006420741129630979, "params": {"alpha": 0.2736075496319627, "batch_size": 159.03951034272967, "drop": 0.15106630859932327, "epochs": 312.8253065230892, "layer1": 123.27121887956902, "layer2": 110.74065633456738, "layer3": 332.2086598105921, "lr": 0.0017786224120935402}, "datetime": {"datetime": "2022-09-22 15:24:29", "elapsed": 18456.376741, "delta": 58.105085}}
{"target": -0.0017517837888159742, "params": {"alpha": 0.2279406353361383, "batch_size": 164.88804259732083, "drop": 0.2239966236934428, "epochs": 313.63723345600584, "layer1": 122.31580621628568, "layer2": 120.38902321265523, "layer3": 333.3962475516506, "lr": 0.003917504334798267}, "datetime": {"datetime": "2022-09-22 15:25:26", "elapsed": 18513.369054, "delta": 56.992313}}
{"target": -0.0006460225182648475, "params": {"alpha": 0.28542133978382744, "batch_size": 155.32084674945767, "drop": 0.1422769483662677, "epochs": 315.1764720251208, "layer1": 115.48138576303359, "layer2": 112.04821947340734, "layer3": 335.70686208035715, "lr": 0.001956282916145002}, "datetime": {"datetime": "2022-09-22 15:26:20", "elapsed": 18566.983451, "delta": 53.614397}}
{"target": -0.0007587245901725563, "params": {"alpha": 0.3041098407726081, "batch_size": 165.97958998579577, "drop": 0.20135112549459885, "epochs": 304.22139461014063, "layer1": 117.92932237277859, "layer2": 120.40524186240376, "layer3": 337.41481415877416, "lr": 0.0006922976163160991}, "datetime": {"datetime": "2022-09-22 15:27:10", "elapsed": 18617.36842, "delta": 50.384969}}
{"target": -0.0010858362246433872, "params": {"alpha": 0.27622449902080265, "batch_size": 185.60277922710603, "drop": 0.12617190911394408, "epochs": 305.5566930829806, "layer1": 117.86919893700178, "layer2": 118.65228425208022, "layer3": 335.7841597747911, "lr": 0.004477326223357359}, "datetime": {"datetime": "2022-09-22 15:28:01", "elapsed": 18668.801419, "delta": 51.432999}}
{"target": -0.0008150551214410086, "params": {"alpha": 0.2844046235416683, "batch_size": 166.73681590738872, "drop": 0.18905959852460696, "epochs": 306.2045513204872, "layer1": 122.61906808446092, "layer2": 121.48977106602298, "layer3": 334.80625185375925, "lr": 0.0030114620889048088}, "datetime": {"datetime": "2022-09-22 15:28:55", "elapsed": 18722.083029, "delta": 53.28161}}
{"target": -0.0006671954292708358, "params": {"alpha": 0.2711741447674932, "batch_size": 152.25133101351398, "drop": 0.1398279749427318, "epochs": 306.0025698477303, "layer1": 126.13758089370494, "layer2": 117.29824510289895, "layer3": 339.6055346672651, "lr": 0.0013729736357000776}, "datetime": {"datetime": "2022-09-22 15:29:46", "elapsed": 18773.749539, "delta": 51.66651}}
{"target": -0.000834961270472964, "params": {"alpha": 0.27178401815929004, "batch_size": 157.2138502568034, "drop": 0.16237509517447127, "epochs": 313.27361556475154, "layer1": 112.66838786193847, "layer2": 113.95565559694138, "layer3": 337.98886896054915, "lr": 0.003826637508082411}, "datetime": {"datetime": "2022-09-22 15:30:45", "elapsed": 18832.130804, "delta": 58.381265}}
{"target": -0.000952539520263641, "params": {"alpha": 0.25837434122240677, "batch_size": 186.66295356765846, "drop": 0.2069847815564831, "epochs": 305.78575375096074, "layer1": 113.35499615020396, "layer2": 120.17527960720842, "layer3": 336.049610093763, "lr": 0.004825858744825799}, "datetime": {"datetime": "2022-09-22 15:31:39", "elapsed": 18886.328864, "delta": 54.19806}}
{"target": -0.0006099881631689756, "params": {"alpha": 0.2786817840606228, "batch_size": 159.52227131392908, "drop": 0.13530726304506635, "epochs": 326.14258056138715, "layer1": 120.62521818316804, "layer2": 128.37166593255176, "layer3": 343.99695791522635, "lr": 0.0008635629465814386}, "datetime": {"datetime": "2022-09-22 15:32:38", "elapsed": 18945.153022, "delta": 58.824158}}
{"target": -0.0006830529592135184, "params": {"alpha": 0.28533503529750537, "batch_size": 157.03501356514602, "drop": 0.2227840547891605, "epochs": 305.8913210485904, "layer1": 125.96402778033533, "layer2": 110.49302368183929, "layer3": 330.74714263340326, "lr": 0.002439446033665608}, "datetime": {"datetime": "2022-09-22 15:33:34", "elapsed": 19001.28117, "delta": 56.128148}}
{"target": -0.0005752630259666389, "params": {"alpha": 0.3150814374080419, "batch_size": 161.33683384034958, "drop": 0.1545841528065368, "epochs": 323.24760093213865, "layer1": 116.69325887469482, "layer2": 129.4385211646144, "layer3": 342.9572118287491, "lr": 0.002042842801498643}, "datetime": {"datetime": "2022-09-22 15:34:38", "elapsed": 19064.998492, "delta": 63.717322}}
{"target": -0.0006992947657328713, "params": {"alpha": 0.20462287581663352, "batch_size": 159.16330672884698, "drop": 0.23119862545349604, "epochs": 321.57080275707295, "layer1": 119.02154025112443, "layer2": 129.17791280936987, "layer3": 340.84298274719885, "lr": 0.000882412236728616}, "datetime": {"datetime": "2022-09-22 15:35:34", "elapsed": 19121.795875, "delta": 56.797383}}
{"target": -0.0011517032852836546, "params": {"alpha": 0.22881410579592537, "batch_size": 162.93390363148984, "drop": 0.18126271583197484, "epochs": 319.1889759680675, "layer1": 119.22310883929252, "layer2": 128.38132029588004, "layer3": 342.0233766070875, "lr": 0.0016414482121864208}, "datetime": {"datetime": "2022-09-22 15:36:31", "elapsed": 19178.796775, "delta": 57.0009}}
{"target": -0.001373282117800586, "params": {"alpha": 0.32, "batch_size": 157.70822459884528, "drop": 0.12, "epochs": 313.3465482442647, "layer1": 115.44534974012196, "layer2": 110.31213846594048, "layer3": 338.35723405006667, "lr": 0.0005}, "datetime": {"datetime": "2022-09-22 15:37:24", "elapsed": 19231.02931, "delta": 52.232535}}
{"target": -0.0010211757504661788, "params": {"alpha": 0.3152460821991979, "batch_size": 164.93379323211846, "drop": 0.138568116579616, "epochs": 302.09427085823944, "layer1": 121.52732984531795, "layer2": 110.67148456831471, "layer3": 337.4631918286702, "lr": 0.004207280064652364}, "datetime": {"datetime": "2022-09-22 15:38:16", "elapsed": 19283.493483, "delta": 52.464173}}
{"target": -0.0005683003050152013, "params": {"alpha": 0.32, "batch_size": 162.19129688974172, "drop": 0.1221815915898932, "epochs": 323.3484978590188, "layer1": 121.65479460515651, "layer2": 130.0, "layer3": 342.8989707119516, "lr": 0.0009189300679442755}, "datetime": {"datetime": "2022-09-22 15:39:11", "elapsed": 19338.036398, "delta": 54.542915}}
{"target": -0.0005711868007482655, "params": {"alpha": 0.29401917108678116, "batch_size": 152.03385536460044, "drop": 0.13210766028806356, "epochs": 308.97063335141434, "layer1": 126.52453112830273, "layer2": 114.85810923852733, "layer3": 336.5581214704815, "lr": 0.00202478447974065}, "datetime": {"datetime": "2022-09-22 15:40:00", "elapsed": 19387.03842, "delta": 49.002022}}
{"target": -0.0005893035502731604, "params": {"alpha": 0.24951244976351294, "batch_size": 162.98679692448965, "drop": 0.14583147545247263, "epochs": 326.31681549573807, "layer1": 117.32893926955029, "layer2": 128.66190220961727, "layer3": 346.9071430687032, "lr": 0.0026316551961324186}, "datetime": {"datetime": "2022-09-22 15:40:59", "elapsed": 19446.136996, "delta": 59.098576}}
{"target": -0.0006405238633065131, "params": {"alpha": 0.259405254574622, "batch_size": 165.59866012628953, "drop": 0.22084094232718213, "epochs": 324.7038754235819, "layer1": 115.0761999334246, "layer2": 126.60438819803741, "layer3": 343.71540256264484, "lr": 0.002330824928851786}, "datetime": {"datetime": "2022-09-22 15:41:52", "elapsed": 19499.059598, "delta": 52.922602}}
{"target": -0.0007609783351252295, "params": {"alpha": 0.22538034023805958, "batch_size": 162.28615947393715, "drop": 0.12794804467933285, "epochs": 321.61434121101996, "layer1": 116.07457260146978, "layer2": 126.06960905841791, "layer3": 345.16934158552294, "lr": 0.0037513692290615025}, "datetime": {"datetime": "2022-09-22 15:42:42", "elapsed": 19549.428185, "delta": 50.368587}}
{"target": -0.014658963313773152, "params": {"alpha": 0.2440172919120324, "batch_size": 167.1547470304348, "drop": 0.14986991939205874, "epochs": 344.5077347660731, "layer1": 128.53130069595898, "layer2": 117.81548685691155, "layer3": 342.3399039856813, "lr": 0.004628075830344473}, "datetime": {"datetime": "2022-09-22 15:43:40", "elapsed": 19607.427719, "delta": 57.999534}}
{"target": -0.0008547729058808944, "params": {"alpha": 0.30697572211658264, "batch_size": 159.54467927140382, "drop": 0.20947932833742067, "epochs": 326.9906709987391, "layer1": 121.4749370501307, "layer2": 128.77096990378442, "layer3": 348.2191525206887, "lr": 0.004571765325402972}, "datetime": {"datetime": "2022-09-22 15:44:30", "elapsed": 19657.084496, "delta": 49.656777}}
{"target": -0.0005824462203842537, "params": {"alpha": 0.2986074348234971, "batch_size": 162.50445712876999, "drop": 0.21933764926852983, "epochs": 326.9306967625795, "layer1": 123.70613220754757, "layer2": 129.59779622668063, "layer3": 345.39670769415426, "lr": 0.0009943075757329754}, "datetime": {"datetime": "2022-09-22 15:45:26", "elapsed": 19712.934513, "delta": 55.850017}}
{"target": -0.0005465936719274933, "params": {"alpha": 0.2015461605586328, "batch_size": 181.17288660337672, "drop": 0.12681743267804743, "epochs": 300.0, "layer1": 111.2695519991923, "layer2": 123.89697336305083, "layer3": 336.5278315353329, "lr": 0.0013509644410766735}, "datetime": {"datetime": "2022-09-22 15:46:15", "elapsed": 19762.435459, "delta": 49.500946}}
{"target": -0.0012527740201372327, "params": {"alpha": 0.26562390226880495, "batch_size": 165.84275335067147, "drop": 0.20367666334314843, "epochs": 321.63640076239244, "layer1": 118.59432749946397, "layer2": 127.70425753504664, "layer3": 344.62288722350746, "lr": 0.00311948322552293}, "datetime": {"datetime": "2022-09-22 15:47:10", "elapsed": 19817.082062, "delta": 54.646603}}
{"target": -0.0009053948257207307, "params": {"alpha": 0.32, "batch_size": 155.25403733804737, "drop": 0.24, "epochs": 308.59620966572896, "layer1": 122.22216125661988, "layer2": 111.5880897316499, "layer3": 330.39003514534573, "lr": 0.0005}, "datetime": {"datetime": "2022-09-22 15:48:05", "elapsed": 19872.373843, "delta": 55.291781}}
{"target": -0.0010193952403328968, "params": {"alpha": 0.25032507646509317, "batch_size": 154.98693184763698, "drop": 0.19937845279954486, "epochs": 309.54828324518246, "layer1": 124.2496045716938, "layer2": 115.67493600608131, "layer3": 339.0133637817157, "lr": 0.0038837045157086515}, "datetime": {"datetime": "2022-09-22 15:49:05", "elapsed": 19931.879408, "delta": 59.505565}}
{"target": -0.0009142641615886007, "params": {"alpha": 0.30062097612788735, "batch_size": 162.77187236840538, "drop": 0.13301325324935245, "epochs": 327.1305208917378, "layer1": 119.36323173067142, "layer2": 129.14109140070363, "layer3": 343.78190394794063, "lr": 0.0028458683440732565}, "datetime": {"datetime": "2022-09-22 15:50:02", "elapsed": 19989.151229, "delta": 57.271821}}
{"target": -0.0005501683260161164, "params": {"alpha": 0.2826952246195446, "batch_size": 168.14511630872659, "drop": 0.22665306834328963, "epochs": 349.20641160536104, "layer1": 128.02026394125298, "layer2": 122.70533157135098, "layer3": 347.81185106982826, "lr": 0.0017622097506240434}, "datetime": {"datetime": "2022-09-22 15:50:57", "elapsed": 20044.626926, "delta": 55.475697}}
{"target": -0.0007644378701811087, "params": {"alpha": 0.32, "batch_size": 157.75039641768993, "drop": 0.12468366597711657, "epochs": 310.2934954422594, "layer1": 114.25725762191968, "layer2": 116.98430920474053, "layer3": 337.07139455581455, "lr": 0.0005}, "datetime": {"datetime": "2022-09-22 15:51:48", "elapsed": 20095.796357, "delta": 51.169431}}
{"target": -0.014713024420804473, "params": {"alpha": 0.28859406715114216, "batch_size": 156.89260113326856, "drop": 0.16337602970921472, "epochs": 324.96223354104524, "layer1": 118.511426462943, "layer2": 129.63358608286492, "layer3": 345.95844092817634, "lr": 0.004938387457170689}, "datetime": {"datetime": "2022-09-22 15:52:37", "elapsed": 20144.716961, "delta": 48.920604}}
{"target": -0.019106825844576094, "params": {"alpha": 0.21387012291429727, "batch_size": 157.80237120050887, "drop": 0.19456994189415688, "epochs": 322.7480279851585, "layer1": 115.93777003628597, "layer2": 125.47221941797787, "layer3": 339.607630687469, "lr": 0.004646125851931481}, "datetime": {"datetime": "2022-09-22 15:53:32", "elapsed": 20198.850126, "delta": 54.133165}}
{"target": -0.0007288071100366588, "params": {"alpha": 0.25420905131900967, "batch_size": 160.14407304453383, "drop": 0.12, "epochs": 328.4859790081848, "layer1": 123.22613909237478, "layer2": 127.6815829236972, "layer3": 343.2938853910449, "lr": 0.0005}, "datetime": {"datetime": "2022-09-22 15:54:27", "elapsed": 20253.873461, "delta": 55.023335}}
{"target": -0.0008472327645569957, "params": {"alpha": 0.32, "batch_size": 157.78002621575757, "drop": 0.13070756423561353, "epochs": 305.5503960192039, "layer1": 122.94246688460028, "layer2": 114.65495270317194, "layer3": 343.71095180507825, "lr": 0.0005}, "datetime": {"datetime": "2022-09-22 15:55:32", "elapsed": 20319.412495, "delta": 65.539034}}
{"target": -0.0006372365964732768, "params": {"alpha": 0.21369257663127664, "batch_size": 162.0574474590399, "drop": 0.14372242239054714, "epochs": 327.79643824002136, "layer1": 121.21424230534467, "layer2": 126.36078343239683, "layer3": 347.0412011240289, "lr": 0.0019600113944531926}, "datetime": {"datetime": "2022-09-22 15:56:25", "elapsed": 20372.564916, "delta": 53.152421}}
