{"target": -0.015998945914982018, "params": {"alpha": 0.291777329037495, "batch_size": 155.4892439879853, "drop": 0.12183149224811406, "epochs": 304.0937669270665, "layer1": 123.16946505912858, "layer2": 110.16776964392922, "layer3": 338.18636309547134, "lr": 0.004556091965704773}, "datetime": {"datetime": "2022-09-22 14:18:10", "elapsed": 14476.941944, "delta": 51.619009}}
{"target": -0.000498515906152332, "params": {"alpha": 0.2810487532076788, "batch_size": 156.06490165907616, "drop": 0.16444646330720852, "epochs": 309.99417895455383, "layer1": 123.16465808226098, "layer2": 115.00138874684122, "layer3": 332.3163034887873, "lr": 0.0006382766133560898}, "datetime": {"datetime": "2022-09-22 14:19:03", "elapsed": 14530.594394, "delta": 53.65245}}
{"target": -0.000783111099699142, "params": {"alpha": 0.2, "batch_size": 159.52204563855173, "drop": 0.24, "epochs": 305.1628458243592, "layer1": 120.87819984751557, "layer2": 115.49760818592742, "layer3": 339.8580119625611, "lr": 0.0005}, "datetime": {"datetime": "2022-09-22 14:19:52", "elapsed": 14578.887119, "delta": 48.292725}}
{"target": -0.0007974380625399764, "params": {"alpha": 0.24837900917072075, "batch_size": 162.29328696078244, "drop": 0.20980469210192926, "epochs": 303.36599924680087, "layer1": 119.11299947190975, "layer2": 112.60000046588256, "layer3": 335.76162429295385, "lr": 0.0008904358174317783}, "datetime": {"datetime": "2022-09-22 14:20:45", "elapsed": 14632.495235, "delta": 53.608116}}
{"target": -0.0007305409913641149, "params": {"alpha": 0.24772551904705292, "batch_size": 162.12248275490225, "drop": 0.12722742437081266, "epochs": 302.81442970241784, "layer1": 122.83871793203433, "layer2": 112.81002441793304, "layer3": 334.00721120036667, "lr": 0.0006173257395176799}, "datetime": {"datetime": "2022-09-22 14:21:36", "elapsed": 14683.67957, "delta": 51.184335}}
{"target": -0.0005010470035234749, "params": {"alpha": 0.27979270519833127, "batch_size": 160.78077523926245, "drop": 0.1256714947573513, "epochs": 307.18462754277164, "layer1": 123.6890739890419, "layer2": 113.68927503778593, "layer3": 341.38176249081397, "lr": 0.0020911502599246495}, "datetime": {"datetime": "2022-09-22 14:22:30", "elapsed": 14737.245586, "delta": 53.566016}}
{"target": -0.000758408149853161, "params": {"alpha": 0.3079618444728126, "batch_size": 162.46497982983496, "drop": 0.18165009953960137, "epochs": 306.6620766871455, "layer1": 119.84752355045103, "layer2": 120.22058241245648, "layer3": 332.59078095672163, "lr": 0.001672557687170574}, "datetime": {"datetime": "2022-09-22 14:23:27", "elapsed": 14794.511482, "delta": 57.265896}}
{"target": -0.0007442074866228944, "params": {"alpha": 0.22422699919481304, "batch_size": 161.42582524823777, "drop": 0.22139825191138182, "epochs": 303.26680944401136, "layer1": 122.41459559366528, "layer2": 114.60546870515425, "layer3": 343.1674587848543, "lr": 0.0024036132325682947}, "datetime": {"datetime": "2022-09-22 14:24:17", "elapsed": 14844.210363, "delta": 49.698881}}
{"target": -0.017269114937542716, "params": {"alpha": 0.2253572986564238, "batch_size": 159.2973630340192, "drop": 0.23183285428911654, "epochs": 306.7968331742715, "layer1": 118.10699534693659, "layer2": 111.63712665931894, "layer3": 335.1210908360092, "lr": 0.004500966150517986}, "datetime": {"datetime": "2022-09-22 14:25:14", "elapsed": 14901.119047, "delta": 56.908684}}
{"target": -0.0005606992627014913, "params": {"alpha": 0.32, "batch_size": 163.6105556891905, "drop": 0.2366874179643953, "epochs": 323.773938972044, "layer1": 117.94164070265663, "layer2": 117.99079002774646, "layer3": 336.01265338250596, "lr": 0.0005}, "datetime": {"datetime": "2022-09-22 14:26:14", "elapsed": 14961.454835, "delta": 60.335788}}
{"target": -0.0010357480620763594, "params": {"alpha": 0.23675880556069231, "batch_size": 160.45385519719912, "drop": 0.1499552903616745, "epochs": 349.80176755254314, "layer1": 127.72740763482777, "layer2": 119.86299633995692, "layer3": 345.7510112736862, "lr": 0.004807244569118704}, "datetime": {"datetime": "2022-09-22 14:27:18", "elapsed": 15025.380691, "delta": 63.925856}}
{"target": -0.000704333933404383, "params": {"alpha": 0.32, "batch_size": 155.82229930218597, "drop": 0.24, "epochs": 308.3469854278076, "layer1": 121.2429742510837, "layer2": 116.05429849031414, "layer3": 334.68526761378087, "lr": 0.0014244000844445463}, "datetime": {"datetime": "2022-09-22 14:28:17", "elapsed": 15083.957975, "delta": 58.577284}}
{"target": -0.000532538544713929, "params": {"alpha": 0.245695786584736, "batch_size": 157.21962165201302, "drop": 0.14567070387652625, "epochs": 312.21993346228606, "layer1": 117.39114686413345, "layer2": 114.61115949240889, "layer3": 336.36841494344907, "lr": 0.0019546364574636282}, "datetime": {"datetime": "2022-09-22 14:29:14", "elapsed": 15141.374929, "delta": 57.416954}}
{"target": -0.0011917666451045348, "params": {"alpha": 0.2110812887884822, "batch_size": 159.1297972032437, "drop": 0.20100975881052335, "epochs": 312.8266564245922, "layer1": 119.47741597127865, "layer2": 112.83469489653285, "layer3": 339.0802893918539, "lr": 0.0032758094853269156}, "datetime": {"datetime": "2022-09-22 14:30:07", "elapsed": 15194.434668, "delta": 53.059739}}
{"target": -0.000721499878130844, "params": {"alpha": 0.32, "batch_size": 160.84801528756364, "drop": 0.12, "epochs": 312.1853446543454, "layer1": 117.49929739549385, "layer2": 115.53991774946935, "layer3": 337.02635405449854, "lr": 0.0012489453463150298}, "datetime": {"datetime": "2022-09-22 14:31:00", "elapsed": 15247.169907, "delta": 52.735239}}
{"target": -0.0014923698080989882, "params": {"alpha": 0.30733632591248394, "batch_size": 163.6568224353649, "drop": 0.21288299752496312, "epochs": 303.086905590108, "layer1": 119.09679883870945, "layer2": 114.9092227341322, "layer3": 339.6490607342435, "lr": 0.004756306758522389}, "datetime": {"datetime": "2022-09-22 14:31:58", "elapsed": 15305.703238, "delta": 58.533331}}
{"target": -0.0007651002154588104, "params": {"alpha": 0.27901902221076225, "batch_size": 156.5411732050002, "drop": 0.14151870616237092, "epochs": 304.8483061767342, "layer1": 128.9007130526661, "layer2": 114.85433246385836, "layer3": 338.4906116169748, "lr": 0.0032645122520094504}, "datetime": {"datetime": "2022-09-22 14:32:47", "elapsed": 15354.632464, "delta": 48.929226}}
{"target": -0.002041286846777487, "params": {"alpha": 0.32, "batch_size": 162.3994386012843, "drop": 0.20392472109492352, "epochs": 310.87792330711, "layer1": 118.88480902730065, "layer2": 119.62225046684911, "layer3": 333.76950667009237, "lr": 0.0005}, "datetime": {"datetime": "2022-09-22 14:33:46", "elapsed": 15413.42098, "delta": 58.788516}}
{"target": -0.0006895168317774305, "params": {"alpha": 0.2501198926133232, "batch_size": 156.5175146131841, "drop": 0.1580934371103787, "epochs": 312.72671638250165, "layer1": 119.56642851571947, "layer2": 113.12713036252605, "layer3": 332.52601358879053, "lr": 0.0020798568239949397}, "datetime": {"datetime": "2022-09-22 14:34:40", "elapsed": 15467.131329, "delta": 53.710349}}
{"target": -0.0005802832086604217, "params": {"alpha": 0.20826081273890157, "batch_size": 157.61558792963848, "drop": 0.23817329128250164, "epochs": 304.8283374744951, "layer1": 125.7062333085875, "layer2": 116.36057603190552, "layer3": 341.29843461288147, "lr": 0.0023649374424061587}, "datetime": {"datetime": "2022-09-22 14:35:30", "elapsed": 15517.171178, "delta": 50.039849}}
{"target": -0.0007177227630828826, "params": {"alpha": 0.24031364993655754, "batch_size": 159.28578578522905, "drop": 0.18330780577462547, "epochs": 302.13268116921694, "layer1": 121.74429448346682, "layer2": 115.18323195932504, "layer3": 334.3655680530801, "lr": 0.000516983995659651}, "datetime": {"datetime": "2022-09-22 14:36:27", "elapsed": 15574.231789, "delta": 57.060611}}
{"target": -0.0010914166258547875, "params": {"alpha": 0.2838713895511679, "batch_size": 154.88698213724862, "drop": 0.21318104614487493, "epochs": 310.83588254902884, "layer1": 118.4346798132145, "layer2": 116.00414138674834, "layer3": 332.5938082072191, "lr": 0.002712757106751268}, "datetime": {"datetime": "2022-09-22 14:37:23", "elapsed": 15629.854897, "delta": 55.623108}}
{"target": -0.001252102747589457, "params": {"alpha": 0.2759025115133739, "batch_size": 155.500317684245, "drop": 0.19511339434662203, "epochs": 321.91354867964134, "layer1": 127.70968754866881, "layer2": 122.37742687939956, "layer3": 334.82078285151334, "lr": 0.0005}, "datetime": {"datetime": "2022-09-22 14:38:12", "elapsed": 15679.228171, "delta": 49.373274}}
{"target": -0.0008276740425669647, "params": {"alpha": 0.2, "batch_size": 159.2483208399653, "drop": 0.17269853859003853, "epochs": 301.4690115520567, "layer1": 126.06125604176925, "layer2": 112.97913503352581, "layer3": 334.3810748012313, "lr": 0.0005}, "datetime": {"datetime": "2022-09-22 14:39:00", "elapsed": 15726.939709, "delta": 47.711538}}
{"target": -0.0007572166244617391, "params": {"alpha": 0.24576586083135088, "batch_size": 160.99291641497462, "drop": 0.1875238357170336, "epochs": 305.0109188530586, "layer1": 120.39905990595358, "layer2": 118.56445524915438, "layer3": 336.28626604722996, "lr": 0.0005}, "datetime": {"datetime": "2022-09-22 14:39:52", "elapsed": 15779.666796, "delta": 52.727087}}
{"target": -0.000764210135612919, "params": {"alpha": 0.30016017868036127, "batch_size": 164.87327856572867, "drop": 0.15692192449132553, "epochs": 346.82236130189517, "layer1": 129.18881384761278, "layer2": 119.98287972708472, "layer3": 347.47800078757194, "lr": 0.0021938840451763844}, "datetime": {"datetime": "2022-09-22 14:40:48", "elapsed": 15835.335958, "delta": 55.669162}}
{"target": -0.0007678389434914714, "params": {"alpha": 0.30265212849495204, "batch_size": 164.27119077903782, "drop": 0.15395656593091178, "epochs": 307.2828800637021, "layer1": 119.92244966783147, "layer2": 118.81937576275533, "layer3": 338.7419415756707, "lr": 0.004635369954626737}, "datetime": {"datetime": "2022-09-22 14:41:38", "elapsed": 15885.262229, "delta": 49.926271}}
{"target": -0.0004951104759203599, "params": {"alpha": 0.2681833717934874, "batch_size": 164.57054850954373, "drop": 0.1711661895123543, "epochs": 309.4477605149555, "layer1": 118.73921013036393, "layer2": 115.64262260050867, "layer3": 339.0741165668613, "lr": 0.001537984109843579}, "datetime": {"datetime": "2022-09-22 14:42:28", "elapsed": 15935.572973, "delta": 50.310744}}
{"target": -0.0013335301971531407, "params": {"alpha": 0.21471936317391074, "batch_size": 164.61482844390932, "drop": 0.1547186067963677, "epochs": 302.88515929818334, "layer1": 119.61421835836501, "layer2": 117.11845040693585, "layer3": 334.04887741941667, "lr": 0.0036390629590997356}, "datetime": {"datetime": "2022-09-22 14:43:21", "elapsed": 15988.354227, "delta": 52.781254}}
{"target": -0.0006655463039000353, "params": {"alpha": 0.2688998720612374, "batch_size": 157.50797524939122, "drop": 0.16999601361047634, "epochs": 308.6745938780157, "layer1": 124.24241711669393, "layer2": 113.78273340188545, "layer3": 340.9760872827897, "lr": 0.003945861492705649}, "datetime": {"datetime": "2022-09-22 14:44:18", "elapsed": 16044.837945, "delta": 56.483718}}
{"target": -0.0007749233826642201, "params": {"alpha": 0.3033709417202344, "batch_size": 183.91817019610625, "drop": 0.22447337591410393, "epochs": 303.31014944916234, "layer1": 115.27071918307466, "layer2": 119.64441421922331, "layer3": 337.7636660175682, "lr": 0.003833022696558628}, "datetime": {"datetime": "2022-09-22 14:45:07", "elapsed": 16094.631213, "delta": 49.793268}}
{"target": -0.0008660156835024734, "params": {"alpha": 0.2982354807706287, "batch_size": 155.63992020588898, "drop": 0.16011621217271388, "epochs": 307.3283425227061, "layer1": 128.00744126158438, "layer2": 113.4861378219414, "layer3": 342.07194707511815, "lr": 0.0028282299061151393}, "datetime": {"datetime": "2022-09-22 14:46:00", "elapsed": 16146.920552, "delta": 52.289339}}
{"target": -0.0008540123722467616, "params": {"alpha": 0.32, "batch_size": 159.4735690241557, "drop": 0.17810815021352766, "epochs": 314.6156903757742, "layer1": 117.44223791629267, "layer2": 112.26381049727544, "layer3": 335.0769940708541, "lr": 0.0034130165691930196}, "datetime": {"datetime": "2022-09-22 14:46:54", "elapsed": 16201.310546, "delta": 54.389994}}
{"target": -0.0006572271037583549, "params": {"alpha": 0.24997571911903732, "batch_size": 159.58245010610148, "drop": 0.17858036046995746, "epochs": 311.4540824227886, "layer1": 115.06235239836964, "layer2": 113.55509609317326, "layer3": 339.33966174112163, "lr": 0.003946023496547384}, "datetime": {"datetime": "2022-09-22 14:47:50", "elapsed": 16256.960354, "delta": 55.649808}}
{"target": -0.0008419438796314801, "params": {"alpha": 0.2, "batch_size": 186.28190023026383, "drop": 0.23694502451737642, "epochs": 306.8120073299959, "layer1": 116.61713059510308, "layer2": 120.59426300941715, "layer3": 339.2866711289177, "lr": 0.0005}, "datetime": {"datetime": "2022-09-22 14:48:39", "elapsed": 16306.606014, "delta": 49.64566}}
{"target": -0.0006333870426196717, "params": {"alpha": 0.32, "batch_size": 175.11047416744685, "drop": 0.21946615660971244, "epochs": 305.0140762197658, "layer1": 118.15268790192455, "layer2": 118.12014356915294, "layer3": 341.5007026881666, "lr": 0.0005}, "datetime": {"datetime": "2022-09-22 14:49:31", "elapsed": 16358.002292, "delta": 51.396278}}
{"target": -0.017908497265121743, "params": {"alpha": 0.2868481227376851, "batch_size": 177.96902939153742, "drop": 0.12571673609563916, "epochs": 300.9067256843928, "layer1": 116.16852516907096, "layer2": 119.9041573961368, "layer3": 337.2065465825892, "lr": 0.004406183740892868}, "datetime": {"datetime": "2022-09-22 14:50:18", "elapsed": 16405.574306, "delta": 47.572014}}
{"target": -0.0006285294126414626, "params": {"alpha": 0.20879682197575342, "batch_size": 167.3841545194254, "drop": 0.23880393439270753, "epochs": 349.5451410006931, "layer1": 128.74261222087046, "layer2": 121.7362002579814, "layer3": 342.9940367145883, "lr": 0.00120763465343169}, "datetime": {"datetime": "2022-09-22 14:51:15", "elapsed": 16462.542883, "delta": 56.968577}}
{"target": -0.0006065579355641529, "params": {"alpha": 0.25684251479193787, "batch_size": 158.56902940629647, "drop": 0.1901367082113425, "epochs": 309.2824921302796, "layer1": 121.27337711090667, "layer2": 117.5588175441617, "layer3": 330.3249542798211, "lr": 0.0011918978937560279}, "datetime": {"datetime": "2022-09-22 14:52:11", "elapsed": 16517.915737, "delta": 55.372854}}
{"target": -0.0007468559245361759, "params": {"alpha": 0.26864202835568696, "batch_size": 161.85996706305983, "drop": 0.1423116986098531, "epochs": 306.1213437547356, "layer1": 120.33337406674656, "layer2": 116.51412335380738, "layer3": 330.23763653342564, "lr": 0.0032582386809186913}, "datetime": {"datetime": "2022-09-22 14:52:59", "elapsed": 16565.977065, "delta": 48.061328}}
{"target": -0.000668521839918829, "params": {"alpha": 0.28554997525995124, "batch_size": 166.92020474780526, "drop": 0.16344859930270947, "epochs": 348.98139279838875, "layer1": 126.69114580565919, "layer2": 121.60067687838263, "layer3": 340.08688495978373, "lr": 0.0015100579832846687}, "datetime": {"datetime": "2022-09-22 14:54:01", "elapsed": 16628.161407, "delta": 62.184342}}
{"target": -0.0007564707613900304, "params": {"alpha": 0.2, "batch_size": 157.2584703927906, "drop": 0.24, "epochs": 306.0131547748406, "layer1": 121.90048607146362, "layer2": 115.89058359584834, "layer3": 331.52704023488656, "lr": 0.0005}, "datetime": {"datetime": "2022-09-22 14:54:53", "elapsed": 16680.427347, "delta": 52.26594}}
{"target": -0.0008543133598941642, "params": {"alpha": 0.2255328702870999, "batch_size": 158.75879012947834, "drop": 0.22462284096480034, "epochs": 314.23026461237845, "layer1": 120.96100197814904, "layer2": 114.7723614059367, "layer3": 334.8607454644905, "lr": 0.0009293280935523782}, "datetime": {"datetime": "2022-09-22 14:55:49", "elapsed": 16736.137392, "delta": 55.710045}}
{"target": -0.0008026834877110539, "params": {"alpha": 0.29853517938873636, "batch_size": 167.65050325947266, "drop": 0.16826134806340384, "epochs": 309.6978608503436, "layer1": 122.24832152534158, "layer2": 119.40674423706994, "layer3": 336.38613669647975, "lr": 0.003220619649050947}, "datetime": {"datetime": "2022-09-22 14:56:41", "elapsed": 16788.439003, "delta": 52.301611}}
{"target": -0.014710997364467219, "params": {"alpha": 0.31894742190660463, "batch_size": 163.41265590833353, "drop": 0.12173270933734791, "epochs": 310.5162797117265, "layer1": 122.13633345479806, "layer2": 119.67296561329657, "layer3": 339.7705647878032, "lr": 0.004688034827617298}, "datetime": {"datetime": "2022-09-22 14:57:34", "elapsed": 16841.164911, "delta": 52.725908}}
{"target": -0.0007125878365759972, "params": {"alpha": 0.25847170218652316, "batch_size": 160.33233488348893, "drop": 0.16552963353936428, "epochs": 310.8120489338672, "layer1": 122.01427993973871, "layer2": 118.65463670071459, "layer3": 333.53593367740405, "lr": 0.004078652781518191}, "datetime": {"datetime": "2022-09-22 14:58:23", "elapsed": 16890.716409, "delta": 49.551498}}
{"target": -0.0006787798634001913, "params": {"alpha": 0.21011824334597767, "batch_size": 164.5527572661659, "drop": 0.19020729409075393, "epochs": 305.6887678879291, "layer1": 119.33738815890095, "layer2": 116.56420465666825, "layer3": 336.3983765740078, "lr": 0.0020153607569034044}, "datetime": {"datetime": "2022-09-22 14:59:18", "elapsed": 16945.098524, "delta": 54.382115}}
{"target": -0.0007649854555700728, "params": {"alpha": 0.2794166532442054, "batch_size": 160.2191465523307, "drop": 0.16253076143434303, "epochs": 308.85819129236756, "layer1": 117.3652100734952, "layer2": 116.04515270555143, "layer3": 339.0500611143991, "lr": 0.003170053333087263}, "datetime": {"datetime": "2022-09-22 15:00:10", "elapsed": 16997.138248, "delta": 52.039724}}
{"target": -0.0010358199990070207, "params": {"alpha": 0.2, "batch_size": 163.24873365792368, "drop": 0.1361279814719823, "epochs": 312.66947906834736, "layer1": 121.63218610010303, "layer2": 116.60889628926357, "layer3": 334.17803558221163, "lr": 0.0005}, "datetime": {"datetime": "2022-09-22 15:01:07", "elapsed": 17054.362686, "delta": 57.224438}}
{"target": -0.0008901412187601413, "params": {"alpha": 0.26644685930416234, "batch_size": 155.7586907454769, "drop": 0.12401012119265141, "epochs": 305.26527073791414, "layer1": 129.4566978940748, "layer2": 111.74750433169189, "layer3": 335.6316631575972, "lr": 0.004433389138424296}, "datetime": {"datetime": "2022-09-22 15:01:57", "elapsed": 17104.773296, "delta": 50.41061}}
{"target": -0.0009567824156115357, "params": {"alpha": 0.2, "batch_size": 159.99431512651663, "drop": 0.12, "epochs": 301.77482653754026, "layer1": 119.56668035568863, "layer2": 115.46382087468464, "layer3": 337.46925663302915, "lr": 0.0005}, "datetime": {"datetime": "2022-09-22 15:02:49", "elapsed": 17156.66292, "delta": 51.889624}}
{"target": -0.014174142063418894, "params": {"alpha": 0.2801675377318663, "batch_size": 183.2256625731122, "drop": 0.13026396697013393, "epochs": 306.6182118205598, "layer1": 115.18725306864879, "layer2": 118.57194887445966, "layer3": 342.53075559388355, "lr": 0.0049164428227373574}, "datetime": {"datetime": "2022-09-22 15:03:38", "elapsed": 17205.201865, "delta": 48.538945}}
{"target": -0.0007614252394586234, "params": {"alpha": 0.2666759143296441, "batch_size": 162.34714644695717, "drop": 0.15535073099173224, "epochs": 307.06037853893514, "layer1": 116.30745239097796, "layer2": 117.73913347881481, "layer3": 337.04750072064826, "lr": 0.004494791367932181}, "datetime": {"datetime": "2022-09-22 15:04:30", "elapsed": 17257.240632, "delta": 52.038767}}
{"target": -0.0008712871532020647, "params": {"alpha": 0.24471225038688105, "batch_size": 162.71965528215904, "drop": 0.24, "epochs": 306.37168337496155, "layer1": 118.34405781487773, "layer2": 116.37857300860138, "layer3": 339.7620541828645, "lr": 0.0005}, "datetime": {"datetime": "2022-09-22 15:05:28", "elapsed": 17315.357686, "delta": 58.117054}}
{"target": -0.0008134826073405559, "params": {"alpha": 0.23406996833597699, "batch_size": 177.34158176924535, "drop": 0.2041701785443395, "epochs": 308.75462549777, "layer1": 118.05067184598428, "layer2": 119.6975761228659, "layer3": 342.32092021061374, "lr": 0.0012856596668779437}, "datetime": {"datetime": "2022-09-22 15:06:22", "elapsed": 17368.848754, "delta": 53.491068}}
{"target": -0.0005431708353784401, "params": {"alpha": 0.31935597907148944, "batch_size": 185.4000325938, "drop": 0.14559896692700594, "epochs": 304.6500902555231, "layer1": 115.90282401530584, "layer2": 122.91301088700915, "layer3": 338.01999178022646, "lr": 0.0013797072688948293}, "datetime": {"datetime": "2022-09-22 15:07:14", "elapsed": 17421.723204, "delta": 52.87445}}
{"target": -0.0006286437662984013, "params": {"alpha": 0.29478819974660264, "batch_size": 183.87944519114023, "drop": 0.15630561377469981, "epochs": 306.096343305441, "layer1": 119.187850070784, "layer2": 120.41884592502667, "layer3": 337.84363612827934, "lr": 0.0028972883031429145}, "datetime": {"datetime": "2022-09-22 15:08:12", "elapsed": 17479.267873, "delta": 57.544669}}
{"target": -0.0007542548307933272, "params": {"alpha": 0.32, "batch_size": 157.98664204795818, "drop": 0.1326168161818945, "epochs": 313.51679722421727, "layer1": 114.95008872467707, "layer2": 114.78741900771206, "layer3": 333.46726506979974, "lr": 0.0027090440897641604}, "datetime": {"datetime": "2022-09-22 15:09:12", "elapsed": 17538.917334, "delta": 59.649461}}
{"target": -0.0010293632494803632, "params": {"alpha": 0.2, "batch_size": 178.2699757194013, "drop": 0.12, "epochs": 307.13367632559664, "layer1": 117.21224405202499, "layer2": 120.58214832268678, "layer3": 339.0905473527798, "lr": 0.0005}, "datetime": {"datetime": "2022-09-22 15:10:08", "elapsed": 17595.089274, "delta": 56.17194}}
