{"target": -0.0760232933316729, "params": {"alpha": 0.12910498202653373, "batch_size": 67.86815354300093, "drop": 0.08402536327006668, "layer1": 219.43560517747846, "layer2": 402.14682269848333, "layer3": 140.06517599944067}, "datetime": {"datetime": "2022-10-26 13:29:52", "elapsed": 10179.396182, "delta": 196.462138}}
{"target": -0.08190270818886347, "params": {"alpha": 0.12968829346296581, "batch_size": 67.3313542366413, "drop": 0.08705363284684095, "layer1": 176.2691353581896, "layer2": 409.0946573069629, "layer3": 126.38723705645747}, "datetime": {"datetime": "2022-10-26 13:31:46", "elapsed": 10293.731102, "delta": 114.33492}}
{"target": -0.08042732588364743, "params": {"alpha": 0.14763923014191435, "batch_size": 60.21136679584192, "drop": 0.09233516614068799, "layer1": 197.07859398596995, "layer2": 345.8319142219187, "layer3": 118.92140092637513}, "datetime": {"datetime": "2022-10-26 13:33:59", "elapsed": 10426.716876, "delta": 132.985774}}
{"target": -0.07477735380234662, "params": {"alpha": 0.14691374677480412, "batch_size": 60.38478348138488, "drop": 0.08050242452174265, "layer1": 223.6329392784908, "layer2": 342.9867847427537, "layer3": 113.40874072929184}, "datetime": {"datetime": "2022-10-26 13:36:34", "elapsed": 10581.30097, "delta": 154.584094}}
{"target": -0.07600654953421326, "params": {"alpha": 0.13113548423767016, "batch_size": 63.20184179593804, "drop": 0.09546184419727036, "layer1": 189.94592492029267, "layer2": 475.9457984494528, "layer3": 114.47813830546215}, "datetime": {"datetime": "2022-10-26 13:39:29", "elapsed": 10756.618479, "delta": 175.317509}}
{"target": -0.08197786883101799, "params": {"alpha": 0.13804074689735002, "batch_size": 65.25088709786003, "drop": 0.08148466553205648, "layer1": 195.4556067263935, "layer2": 367.45414683839624, "layer3": 136.25009068699214}, "datetime": {"datetime": "2022-10-26 13:40:46", "elapsed": 10833.516406, "delta": 76.897927}}
{"target": -0.0790454214438796, "params": {"alpha": 0.12454405247664696, "batch_size": 53.392190838526346, "drop": 0.0953577077378945, "layer1": 171.03403781889983, "layer2": 379.97109418483217, "layer3": 137.3524780265956}, "datetime": {"datetime": "2022-10-26 13:43:39", "elapsed": 11006.117603, "delta": 172.601197}}
{"target": -0.07540204933320638, "params": {"alpha": 0.1716283200599212, "batch_size": 62.85997502130956, "drop": 0.09126132050473074, "layer1": 222.7887460870267, "layer2": 355.55200232115084, "layer3": 109.95859097573143}, "datetime": {"datetime": "2022-10-26 13:46:28", "elapsed": 11175.455969, "delta": 169.338366}}
{"target": -0.0760543252908974, "params": {"alpha": 0.15461050979077368, "batch_size": 63.95575969330507, "drop": 0.0748045038043472, "layer1": 227.6452615112803, "layer2": 363.24416172667776, "layer3": 136.3319292977568}, "datetime": {"datetime": "2022-10-26 13:48:47", "elapsed": 11314.094418, "delta": 138.638449}}
{"target": -0.07701376489421818, "params": {"alpha": 0.16692942974294142, "batch_size": 56.49180448561967, "drop": 0.06844870051137868, "layer1": 185.17967876013623, "layer2": 479.01454103171886, "layer3": 124.85134027874504}, "datetime": {"datetime": "2022-10-26 13:51:35", "elapsed": 11482.622534, "delta": 168.528116}}
{"target": -0.0783299492468359, "params": {"alpha": 0.15417705870414838, "batch_size": 61.11703549569914, "drop": 0.08747106381575061, "layer1": 200.4584870583942, "layer2": 347.8854977198206, "layer3": 115.57035396143148}, "datetime": {"datetime": "2022-10-26 13:54:09", "elapsed": 11636.526728, "delta": 153.904194}}
{"target": -0.07887460014899261, "params": {"alpha": 0.16049367186223368, "batch_size": 66.88511419597023, "drop": 0.08972377361144411, "layer1": 182.27651482927035, "layer2": 372.14376564144925, "layer3": 141.80882116989417}, "datetime": {"datetime": "2022-10-26 13:56:32", "elapsed": 11779.551194, "delta": 143.024466}}
{"target": -0.07549118890892714, "params": {"alpha": 0.15544192692338765, "batch_size": 70.97435949809807, "drop": 0.08400227018790879, "layer1": 210.66136745698458, "layer2": 419.99532054743577, "layer3": 118.51290992791186}, "datetime": {"datetime": "2022-10-26 13:59:20", "elapsed": 11947.68512, "delta": 168.133926}}
{"target": -0.07383577212749515, "params": {"alpha": 0.13741391514449064, "batch_size": 72.59403892453255, "drop": 0.07240850959146132, "layer1": 190.3824896929342, "layer2": 464.69458357262005, "layer3": 108.44157197883881}, "datetime": {"datetime": "2022-10-26 14:01:44", "elapsed": 12091.443462, "delta": 143.758342}}
{"target": -0.07651851774426177, "params": {"alpha": 0.1480868777547375, "batch_size": 65.01131769744372, "drop": 0.0677593242486876, "layer1": 196.53266256024475, "layer2": 418.15735050830335, "layer3": 136.44789030142815}, "datetime": {"datetime": "2022-10-26 14:03:54", "elapsed": 12221.589696, "delta": 130.146234}}
{"target": -0.07785077286825981, "params": {"alpha": 0.1623813165448954, "batch_size": 62.879346664496474, "drop": 0.09553314134386184, "layer1": 198.84113622111278, "layer2": 366.7041857627345, "layer3": 134.09274850855877}, "datetime": {"datetime": "2022-10-26 14:06:28", "elapsed": 12375.523786, "delta": 153.93409}}
{"target": -0.07709088094998151, "params": {"alpha": 0.1680884145119816, "batch_size": 62.46841810435471, "drop": 0.07793496921399849, "layer1": 202.6889884900514, "layer2": 403.25471173696116, "layer3": 147.88148840716696}, "datetime": {"datetime": "2022-10-26 14:08:42", "elapsed": 12509.435305, "delta": 133.911519}}
{"target": -0.08117282050079666, "params": {"alpha": 0.1627077287751829, "batch_size": 54.615300126619175, "drop": 0.07790686056098492, "layer1": 212.05648999479575, "layer2": 372.05821322444456, "layer3": 118.1136777718069}, "datetime": {"datetime": "2022-10-26 14:11:44", "elapsed": 12691.357297, "delta": 181.921992}}
{"target": -0.07592031124659115, "params": {"alpha": 0.1404224735813985, "batch_size": 53.283945370472956, "drop": 0.08514690186883529, "layer1": 177.96839705185377, "layer2": 441.22181382438225, "layer3": 143.45912155448792}, "datetime": {"datetime": "2022-10-26 14:14:28", "elapsed": 12854.965796, "delta": 163.608499}}
{"target": -0.07791867574269418, "params": {"alpha": 0.1362701968565488, "batch_size": 62.73592133466021, "drop": 0.0914500089927354, "layer1": 214.41321417766034, "layer2": 437.2277778487862, "layer3": 120.10940949688899}, "datetime": {"datetime": "2022-10-26 14:16:33", "elapsed": 12980.697921, "delta": 125.732125}}
{"target": -0.07211344382085372, "params": {"alpha": 0.15626371903069622, "batch_size": 73.8234655221311, "drop": 0.06813918953289033, "layer1": 170.62426778873163, "layer2": 474.40209286223035, "layer3": 149.0119221231928}, "datetime": {"datetime": "2022-10-26 14:19:18", "elapsed": 13145.382986, "delta": 164.685065}}
{"target": -0.07610995908180485, "params": {"alpha": 0.13399846675941798, "batch_size": 59.00045031517211, "drop": 0.07347328570240771, "layer1": 215.19632172260737, "layer2": 358.4554256994731, "layer3": 108.47086901917096}, "datetime": {"datetime": "2022-10-26 14:21:56", "elapsed": 13303.136605, "delta": 157.753619}}
{"target": -0.0748790671423194, "params": {"alpha": 0.16245789632884677, "batch_size": 68.37112885848235, "drop": 0.09575249240058853, "layer1": 176.12945446743902, "layer2": 382.71137753429446, "layer3": 115.34257475395636}, "datetime": {"datetime": "2022-10-26 14:25:56", "elapsed": 13543.491186, "delta": 240.354581}}
{"target": -0.08005645213415846, "params": {"alpha": 0.1543561121627762, "batch_size": 53.73459338955848, "drop": 0.0946797481269321, "layer1": 170.9997748541833, "layer2": 475.1163475949231, "layer3": 147.82622550773593}, "datetime": {"datetime": "2022-10-26 14:27:59", "elapsed": 13665.790901, "delta": 122.299715}}
{"target": -0.07620077667525038, "params": {"alpha": 0.17398533957723264, "batch_size": 53.62000630796524, "drop": 0.07296660170420906, "layer1": 160.41385816583798, "layer2": 370.13176261002803, "layer3": 143.79157626832125}, "datetime": {"datetime": "2022-10-26 14:30:37", "elapsed": 13824.112375, "delta": 158.321474}}
{"target": -0.07591143003082834, "params": {"alpha": 0.16754224131656606, "batch_size": 66.41450558494044, "drop": 0.06998969572522908, "layer1": 186.7046785178735, "layer2": 405.3513619366868, "layer3": 108.19732351021696}, "datetime": {"datetime": "2022-10-26 14:33:17", "elapsed": 13983.797308, "delta": 159.684933}}
{"target": -0.08011381396499928, "params": {"alpha": 0.14826140566516655, "batch_size": 61.15854540579651, "drop": 0.09464480241629958, "layer1": 160.67722101544837, "layer2": 341.35374593477786, "layer3": 107.24198138121795}, "datetime": {"datetime": "2022-10-26 14:35:48", "elapsed": 14135.332657, "delta": 151.535349}}
{"target": -0.07823010491847526, "params": {"alpha": 0.15039038502414706, "batch_size": 58.06859824467077, "drop": 0.07886984771809957, "layer1": 161.76722367080066, "layer2": 370.14253443441424, "layer3": 146.64129815433753}, "datetime": {"datetime": "2022-10-26 14:37:51", "elapsed": 14257.942001, "delta": 122.609344}}
{"target": -0.07654612090846058, "params": {"alpha": 0.17434939495099228, "batch_size": 52.62482210198219, "drop": 0.08326638717892154, "layer1": 203.21238427315583, "layer2": 461.13315419948174, "layer3": 121.58624641520385}, "datetime": {"datetime": "2022-10-26 14:41:03", "elapsed": 14450.243019, "delta": 192.301018}}
{"target": -0.07730557626928203, "params": {"alpha": 0.16563854181254578, "batch_size": 58.54693603358447, "drop": 0.09448759275197066, "layer1": 170.29828370006285, "layer2": 369.8984626910345, "layer3": 112.66061725556268}, "datetime": {"datetime": "2022-10-26 14:43:11", "elapsed": 14578.419964, "delta": 128.176945}}
{"target": -0.07394136446237098, "params": {"alpha": 0.1248519970183457, "batch_size": 64.78673270976196, "drop": 0.06707347196337764, "layer1": 193.69882579557884, "layer2": 354.30720865046123, "layer3": 143.1477853175218}, "datetime": {"datetime": "2022-10-26 14:46:37", "elapsed": 14784.097481, "delta": 205.677517}}
{"target": -0.07653893590031657, "params": {"alpha": 0.12297011725860671, "batch_size": 53.00449297663708, "drop": 0.08655287299581302, "layer1": 218.28228265997382, "layer2": 435.14438305843896, "layer3": 134.85593273826277}, "datetime": {"datetime": "2022-10-26 14:49:30", "elapsed": 14957.105748, "delta": 173.008267}}
{"target": -0.07736823135928717, "params": {"alpha": 0.14249653430409684, "batch_size": 54.92429189959405, "drop": 0.07532940721951584, "layer1": 211.16292057405374, "layer2": 385.3468720580273, "layer3": 120.77541282393109}, "datetime": {"datetime": "2022-10-26 14:52:13", "elapsed": 15120.466818, "delta": 163.36107}}
{"target": -0.07516780897276476, "params": {"alpha": 0.1332643823875218, "batch_size": 70.79515339743062, "drop": 0.074685731122771, "layer1": 196.89339948705108, "layer2": 443.2951652882085, "layer3": 129.9926109274119}, "datetime": {"datetime": "2022-10-26 14:54:42", "elapsed": 15269.465704, "delta": 148.998886}}
{"target": -0.0763840762374457, "params": {"alpha": 0.1599667265040977, "batch_size": 66.63763080464663, "drop": 0.072869728310713, "layer1": 185.8517212444097, "layer2": 406.12055538940973, "layer3": 142.83981068365338}, "datetime": {"datetime": "2022-10-26 14:56:43", "elapsed": 15390.579855, "delta": 121.114151}}
{"target": -0.07784099580021575, "params": {"alpha": 0.15644441698384468, "batch_size": 68.01634896807735, "drop": 0.08232406535397337, "layer1": 177.80212871567508, "layer2": 445.40308650107625, "layer3": 146.67542663774205}, "datetime": {"datetime": "2022-10-26 14:58:49", "elapsed": 15516.05248, "delta": 125.472625}}
{"target": -0.07807767360645812, "params": {"alpha": 0.12686811659752664, "batch_size": 68.44699710375643, "drop": 0.09294520113808896, "layer1": 207.01893065020434, "layer2": 378.25224993323747, "layer3": 109.17249901590176}, "datetime": {"datetime": "2022-10-26 15:01:12", "elapsed": 15658.902615, "delta": 142.850135}}
{"target": -0.0721291326044593, "params": {"alpha": 0.12719793437931648, "batch_size": 63.31825326862226, "drop": 0.08442796076875347, "layer1": 209.29905114987463, "layer2": 361.1907680661986, "layer3": 119.2201794739274}, "datetime": {"datetime": "2022-10-26 15:04:35", "elapsed": 15862.315744, "delta": 203.413129}}
{"target": -0.07933756023703609, "params": {"alpha": 0.14421774818618088, "batch_size": 54.4282096465601, "drop": 0.07073509999314269, "layer1": 220.486636361838, "layer2": 470.3878680712378, "layer3": 142.64521377803052}, "datetime": {"datetime": "2022-10-26 15:07:02", "elapsed": 16009.492882, "delta": 147.177138}}
{"target": -0.07479296982637607, "params": {"alpha": 0.17397322600785636, "batch_size": 52.8806101359377, "drop": 0.0792415888310525, "layer1": 181.88854728616258, "layer2": 425.956038936935, "layer3": 115.56982972026174}, "datetime": {"datetime": "2022-10-26 15:10:21", "elapsed": 16207.771492, "delta": 198.27861}}
{"target": -0.07579990779049695, "params": {"alpha": 0.13635460488484788, "batch_size": 66.82256242108119, "drop": 0.08379490751246028, "layer1": 224.96010530176133, "layer2": 414.32885042283993, "layer3": 131.80870077298846}, "datetime": {"datetime": "2022-10-26 15:12:55", "elapsed": 16361.954255, "delta": 154.182763}}
{"target": -0.07572313734272029, "params": {"alpha": 0.16743119249814914, "batch_size": 65.41598402105217, "drop": 0.08145981544870769, "layer1": 202.78305436211372, "layer2": 408.56613560332966, "layer3": 138.75613746246248}, "datetime": {"datetime": "2022-10-26 15:15:25", "elapsed": 16512.552298, "delta": 150.598043}}
{"target": -0.07888293112046085, "params": {"alpha": 0.17307977854647622, "batch_size": 55.65585728573274, "drop": 0.07960742468655561, "layer1": 218.23881735075778, "layer2": 367.11741366394585, "layer3": 107.97567839734782}, "datetime": {"datetime": "2022-10-26 15:17:55", "elapsed": 16662.453618, "delta": 149.90132}}
{"target": -0.07577471478725784, "params": {"alpha": 0.1361392791504325, "batch_size": 66.15258413636737, "drop": 0.09098913001508149, "layer1": 200.241655916706, "layer2": 450.6365239006382, "layer3": 116.16433343335797}, "datetime": {"datetime": "2022-10-26 15:20:15", "elapsed": 16802.273198, "delta": 139.81958}}
{"target": -0.07733817255939357, "params": {"alpha": 0.15704677335616135, "batch_size": 56.440348486640886, "drop": 0.07111706879443819, "layer1": 177.94082899987413, "layer2": 384.1231391932309, "layer3": 105.405739781604}, "datetime": {"datetime": "2022-10-26 15:23:48", "elapsed": 17014.925839, "delta": 212.652641}}
{"target": -0.08019106644496787, "params": {"alpha": 0.12999007895820552, "batch_size": 65.67210533419475, "drop": 0.0938828288030164, "layer1": 199.2678189327252, "layer2": 359.07570039667576, "layer3": 117.1629016982343}, "datetime": {"datetime": "2022-10-26 15:25:31", "elapsed": 17118.228861, "delta": 103.303022}}
{"target": -0.08363424058188684, "params": {"alpha": 0.1404112325669354, "batch_size": 54.97744837583958, "drop": 0.06722493242191403, "layer1": 173.8131519996457, "layer2": 466.6137253224869, "layer3": 129.72786349253897}, "datetime": {"datetime": "2022-10-26 15:27:36", "elapsed": 17243.557368, "delta": 125.328507}}
{"target": -0.07650331099284813, "params": {"alpha": 0.15037214261344758, "batch_size": 62.422770683974235, "drop": 0.07152639997806105, "layer1": 222.36608105231454, "layer2": 388.73892374624694, "layer3": 143.51784397654882}, "datetime": {"datetime": "2022-10-26 15:30:20", "elapsed": 17406.839743, "delta": 163.282375}}
{"target": -0.07910550266387872, "params": {"alpha": 0.1429876052480757, "batch_size": 59.064855736737044, "drop": 0.08447090461027647, "layer1": 174.02806904734845, "layer2": 412.19263687037113, "layer3": 126.68367366873353}, "datetime": {"datetime": "2022-10-26 15:33:13", "elapsed": 17579.784093, "delta": 172.94435}}
{"target": -0.08489461833960377, "params": {"alpha": 0.1357885417862446, "batch_size": 57.47473838585487, "drop": 0.09329174320862893, "layer1": 187.97618593431073, "layer2": 426.3668814921697, "layer3": 113.48309940957704}, "datetime": {"datetime": "2022-10-26 15:34:58", "elapsed": 17684.80381, "delta": 105.019717}}
{"target": -0.08092418283922598, "params": {"alpha": 0.17395639228496543, "batch_size": 61.15376966774348, "drop": 0.079982892491089, "layer1": 218.67796518819262, "layer2": 424.8517408493696, "layer3": 127.22805250211962}, "datetime": {"datetime": "2022-10-26 15:36:50", "elapsed": 17796.754661, "delta": 111.950851}}
{"target": -0.0765069398767082, "params": {"alpha": 0.12455337049181878, "batch_size": 53.5112457255985, "drop": 0.07117356780129398, "layer1": 201.1612685365396, "layer2": 351.75901435403205, "layer3": 128.86474791027692}, "datetime": {"datetime": "2022-10-26 15:39:56", "elapsed": 17983.365491, "delta": 186.61083}}
{"target": -0.07930215360829607, "params": {"alpha": 0.13513299229936257, "batch_size": 60.986096093396284, "drop": 0.07343962176184729, "layer1": 189.36342542140824, "layer2": 393.7470731670983, "layer3": 127.5049447232158}, "datetime": {"datetime": "2022-10-26 15:42:58", "elapsed": 18165.205182, "delta": 181.839691}}
{"target": -0.07775748599669896, "params": {"alpha": 0.12319795371571028, "batch_size": 58.299382479491044, "drop": 0.09288602574715421, "layer1": 163.25239661376213, "layer2": 378.1196299104164, "layer3": 107.74530417594491}, "datetime": {"datetime": "2022-10-26 15:45:35", "elapsed": 18322.449701, "delta": 157.244519}}
{"target": -0.07763929716020357, "params": {"alpha": 0.15162881204572093, "batch_size": 59.07451369102992, "drop": 0.07056250339478756, "layer1": 161.06576846468448, "layer2": 395.76966579041215, "layer3": 107.60779237781364}, "datetime": {"datetime": "2022-10-26 15:48:11", "elapsed": 18478.724037, "delta": 156.274336}}
{"target": -0.07501734216930345, "params": {"alpha": 0.16044658068169834, "batch_size": 54.253098910089506, "drop": 0.09101423361989833, "layer1": 173.84882485880658, "layer2": 376.8322220160239, "layer3": 118.5688216508909}, "datetime": {"datetime": "2022-10-26 15:51:13", "elapsed": 18659.88519, "delta": 181.161153}}
{"target": -0.07592533620481845, "params": {"alpha": 0.13939625786399149, "batch_size": 72.77616352628873, "drop": 0.09281880716947188, "layer1": 198.28054789451053, "layer2": 451.70625667749755, "layer3": 115.95610565130497}, "datetime": {"datetime": "2022-10-26 15:54:03", "elapsed": 18830.35, "delta": 170.46481}}
{"target": -0.0756547569835675, "params": {"alpha": 0.16448767098717174, "batch_size": 69.94023109836536, "drop": 0.07385994222481122, "layer1": 197.97922321810006, "layer2": 373.4071750391782, "layer3": 112.26141987112248}, "datetime": {"datetime": "2022-10-26 15:56:18", "elapsed": 18964.808017, "delta": 134.458017}}
{"target": -0.0808022559795063, "params": {"alpha": 0.14311338084021938, "batch_size": 54.24254050811276, "drop": 0.0824241067241924, "layer1": 175.58718994845785, "layer2": 343.9455229336211, "layer3": 133.3348712267799}, "datetime": {"datetime": "2022-10-26 15:58:37", "elapsed": 19104.033297, "delta": 139.22528}}
{"target": -0.07709765668550972, "params": {"alpha": 0.16484927915735886, "batch_size": 58.057030143032534, "drop": 0.08683199617099945, "layer1": 221.78892664322137, "layer2": 452.3186101672522, "layer3": 104.53553174736417}, "datetime": {"datetime": "2022-10-26 16:01:03", "elapsed": 19250.273526, "delta": 146.240229}}
{"target": -0.08248903213825542, "params": {"alpha": 0.16753827805555704, "batch_size": 54.77284932111467, "drop": 0.07703565183596228, "layer1": 159.85192796846022, "layer2": 448.6877892816142, "layer3": 104.13193642067755}, "datetime": {"datetime": "2022-10-26 16:03:29", "elapsed": 19396.056925, "delta": 145.783399}}
{"target": -0.07986544915183913, "params": {"alpha": 0.16880752058744372, "batch_size": 58.76704626029202, "drop": 0.09210810558507247, "layer1": 168.19857375029463, "layer2": 416.04232825496206, "layer3": 105.70007978067589}, "datetime": {"datetime": "2022-10-26 16:06:11", "elapsed": 19558.694648, "delta": 162.637723}}
{"target": -0.07423657734761946, "params": {"alpha": 0.16883562273233266, "batch_size": 58.31252628037445, "drop": 0.08134133786070705, "layer1": 220.40463247852614, "layer2": 340.64114345470483, "layer3": 144.54139521475255}, "datetime": {"datetime": "2022-10-26 16:08:56", "elapsed": 19722.993727, "delta": 164.299079}}
{"target": -0.07371756055363221, "params": {"alpha": 0.17341996238047158, "batch_size": 68.57014553474755, "drop": 0.07273723495589103, "layer1": 206.63074376951758, "layer2": 363.56365628253263, "layer3": 118.65176786854092}, "datetime": {"datetime": "2022-10-26 16:11:14", "elapsed": 19860.866378, "delta": 137.872651}}
{"target": -0.08010714736883529, "params": {"alpha": 0.12242839496414859, "batch_size": 74.36336045390712, "drop": 0.0851569754390205, "layer1": 179.67097127154645, "layer2": 364.15143538771997, "layer3": 149.20654628918516}, "datetime": {"datetime": "2022-10-26 16:13:31", "elapsed": 19997.910069, "delta": 137.043691}}
{"target": -0.08029503078432754, "params": {"alpha": 0.15864367688260367, "batch_size": 56.85379362812838, "drop": 0.08876969822467042, "layer1": 182.2177042397718, "layer2": 397.1212750383499, "layer3": 128.70420152740093}, "datetime": {"datetime": "2022-10-26 16:16:17", "elapsed": 20164.475476, "delta": 166.565407}}
{"target": -0.07736121006018948, "params": {"alpha": 0.16382824325598522, "batch_size": 72.46741357667482, "drop": 0.0911273388241236, "layer1": 218.56699241524663, "layer2": 434.125364241855, "layer3": 134.6550054273615}, "datetime": {"datetime": "2022-10-26 16:18:15", "elapsed": 20282.637197, "delta": 118.161721}}
{"target": -0.07946777259348892, "params": {"alpha": 0.13095816610966474, "batch_size": 70.83865955964818, "drop": 0.08693659513754817, "layer1": 210.68097690948298, "layer2": 418.58116074707567, "layer3": 147.2008928788862}, "datetime": {"datetime": "2022-10-26 16:20:23", "elapsed": 20410.302718, "delta": 127.665521}}
