{"target": -0.015962905565912556, "params": {"alpha": 0.31930694859059316, "batch_size": 163.84963269663746, "drop": 0.20394810609874195, "epochs": 325.71938825639495, "layer1": 120.75266007186133, "layer2": 121.54093706409266, "layer3": 339.9216981076732, "lr": 0.004731971426130943}, "datetime": {"datetime": "2022-09-22 12:37:59", "elapsed": 8466.065845, "delta": 48.335624}}
{"target": -0.0007165792717780386, "params": {"alpha": 0.23040638382554995, "batch_size": 154.79131021307703, "drop": 0.14290985097099884, "epochs": 334.1673165537599, "layer1": 120.71071002176339, "layer2": 113.36105034966607, "layer3": 334.9365134534132, "lr": 0.0024063760831032196}, "datetime": {"datetime": "2022-09-22 12:38:50", "elapsed": 8517.659024, "delta": 51.593179}}
{"target": -0.0010698526080964524, "params": {"alpha": 0.3176639627095683, "batch_size": 151.5026130056187, "drop": 0.19890675325213236, "epochs": 345.0934785243379, "layer1": 113.04301768646272, "layer2": 111.02956098217625, "layer3": 330.676840310355, "lr": 0.003511081401662732}, "datetime": {"datetime": "2022-09-22 12:39:47", "elapsed": 8574.175372, "delta": 56.516348}}
{"target": -0.000731536633441683, "params": {"alpha": 0.2464848579558725, "batch_size": 186.67102686904732, "drop": 0.16409442109824252, "epochs": 312.0998770995339, "layer1": 113.06462335724203, "layer2": 112.85962132563793, "layer3": 347.7713962759125, "lr": 0.0035236222289244615}, "datetime": {"datetime": "2022-09-22 12:40:35", "elapsed": 8621.833189, "delta": 47.657817}}
{"target": -0.000731910221116033, "params": {"alpha": 0.305415153156094, "batch_size": 180.03973149006893, "drop": 0.12085108233364933, "epochs": 332.61238480614657, "layer1": 120.70484218744659, "layer2": 121.17989680339994, "layer3": 341.01069491636923, "lr": 0.0026131468078233705}, "datetime": {"datetime": "2022-09-22 12:41:32", "elapsed": 8679.528868, "delta": 57.695679}}
{"target": -0.0011036596308663688, "params": {"alpha": 0.22614934818258164, "batch_size": 160.1327866870898, "drop": 0.12379613491659786, "epochs": 300.3847242440861, "layer1": 127.58508408338241, "layer2": 127.8185980719823, "layer3": 336.9950507108045, "lr": 0.003598775814059944}, "datetime": {"datetime": "2022-09-22 12:42:22", "elapsed": 8729.652135, "delta": 50.123267}}
{"target": -0.0007786640889492928, "params": {"alpha": 0.21981656998475455, "batch_size": 167.27801867898444, "drop": 0.23851688193521073, "epochs": 317.6284318767531, "layer1": 121.7119937406701, "layer2": 128.87742980469977, "layer3": 343.2549553023973, "lr": 0.0005533429639664445}, "datetime": {"datetime": "2022-09-22 12:43:07", "elapsed": 8774.26077, "delta": 44.608635}}
{"target": -0.0018079501209967708, "params": {"alpha": 0.2836982408412021, "batch_size": 178.23474528726317, "drop": 0.21059363129419545, "epochs": 326.06889512341763, "layer1": 121.30728223591777, "layer2": 111.16797696796856, "layer3": 343.0982260739349, "lr": 0.0038884153170634077}, "datetime": {"datetime": "2022-09-22 12:44:00", "elapsed": 8827.197711, "delta": 52.936941}}
{"target": -0.0006197302849596763, "params": {"alpha": 0.2674840702563309, "batch_size": 154.6038690976177, "drop": 0.1270598373269072, "epochs": 337.00052967934386, "layer1": 123.91844518487939, "layer2": 122.86064878251656, "layer3": 330.9547694102063, "lr": 0.002230482405917381}, "datetime": {"datetime": "2022-09-22 12:44:52", "elapsed": 8879.01449, "delta": 51.816779}}
{"target": -0.0006267011681308722, "params": {"alpha": 0.30938248343667285, "batch_size": 150.27184517800194, "drop": 0.20935783628221827, "epochs": 308.8792118841782, "layer1": 115.0400499426142, "layer2": 117.51915801571614, "layer3": 336.73344503981593, "lr": 0.0012917451612484208}, "datetime": {"datetime": "2022-09-22 12:45:39", "elapsed": 8925.886346, "delta": 46.871856}}
{"target": -0.0010725427903383363, "params": {"alpha": 0.2862412457061862, "batch_size": 162.42897695446766, "drop": 0.1335769073854195, "epochs": 338.26090156060206, "layer1": 125.49013313387808, "layer2": 112.5634455286778, "layer3": 338.2777134405637, "lr": 0.004964103807078117}, "datetime": {"datetime": "2022-09-22 12:46:32", "elapsed": 8978.903849, "delta": 53.017503}}
{"target": -0.0005120013106653871, "params": {"alpha": 0.3039959520554691, "batch_size": 157.0339591376008, "drop": 0.21126347029937648, "epochs": 334.8541987837872, "layer1": 127.19666951183741, "layer2": 116.87670432583023, "layer3": 334.39316595082323, "lr": 0.000982998821833653}, "datetime": {"datetime": "2022-09-22 12:47:25", "elapsed": 9032.013175, "delta": 53.109326}}
{"target": -0.0008906058774225324, "params": {"alpha": 0.26590333698752716, "batch_size": 152.98958929271083, "drop": 0.2175185569970165, "epochs": 301.83202674240124, "layer1": 117.28546516455789, "layer2": 112.43985702145997, "layer3": 338.45378790756376, "lr": 0.0005803229520777559}, "datetime": {"datetime": "2022-09-22 12:48:11", "elapsed": 9078.429467, "delta": 46.416292}}
{"target": -0.0008602963953887407, "params": {"alpha": 0.2811015427784316, "batch_size": 151.989236965533, "drop": 0.1861713007839148, "epochs": 341.664676752509, "layer1": 123.12264435304903, "layer2": 111.60893555737472, "layer3": 338.3625103439649, "lr": 0.003990223310988014}, "datetime": {"datetime": "2022-09-22 12:49:01", "elapsed": 9128.448207, "delta": 50.01874}}
{"target": -0.0007309765233155384, "params": {"alpha": 0.3043212156422782, "batch_size": 170.79818568429013, "drop": 0.22193450714653062, "epochs": 340.76457231988024, "layer1": 122.60691688385229, "layer2": 111.33637863722026, "layer3": 333.64550000769987, "lr": 0.003360151436142846}, "datetime": {"datetime": "2022-09-22 12:49:50", "elapsed": 9176.822141, "delta": 48.373934}}
{"target": -0.0011349542206908498, "params": {"alpha": 0.2431465201542913, "batch_size": 182.37762520724556, "drop": 0.12663429503862414, "epochs": 339.4696969009991, "layer1": 120.28915705201511, "layer2": 112.72866561469762, "layer3": 331.52650061221163, "lr": 0.0022404865090981203}, "datetime": {"datetime": "2022-09-22 12:50:40", "elapsed": 9227.641959, "delta": 50.819818}}
{"target": -0.0005274176848653273, "params": {"alpha": 0.3197847680846779, "batch_size": 182.1096822686412, "drop": 0.21579964216056394, "epochs": 343.6663759341603, "layer1": 127.6964183299664, "layer2": 126.70139206375336, "layer3": 349.64267562921975, "lr": 0.0008817147582610445}, "datetime": {"datetime": "2022-09-22 12:51:30", "elapsed": 9277.762464, "delta": 50.120505}}
{"target": -0.01225500384887814, "params": {"alpha": 0.20135350357214746, "batch_size": 166.11364336002214, "drop": 0.148734360570099, "epochs": 348.8534850582656, "layer1": 110.07008263506499, "layer2": 113.28180738921112, "layer3": 332.0735663680719, "lr": 0.00440518724417596}, "datetime": {"datetime": "2022-09-22 12:52:18", "elapsed": 9325.677083, "delta": 47.914619}}
{"target": -0.0007864977816228738, "params": {"alpha": 0.249055306093432, "batch_size": 151.1309880898009, "drop": 0.12534595814119773, "epochs": 320.7510214054568, "layer1": 112.50913854057502, "layer2": 113.3436674520917, "layer3": 340.4822460199549, "lr": 0.003908823044707702}, "datetime": {"datetime": "2022-09-22 12:53:03", "elapsed": 9370.082635, "delta": 44.405552}}
{"target": -0.0008932687222650828, "params": {"alpha": 0.3013104351820856, "batch_size": 182.72611993833746, "drop": 0.1687225231297597, "epochs": 310.3494178668265, "layer1": 126.72776133644207, "layer2": 119.13263261217557, "layer3": 348.44233852507193, "lr": 0.004125761766661918}, "datetime": {"datetime": "2022-09-22 12:53:49", "elapsed": 9416.391556, "delta": 46.308921}}
{"target": -0.0007216341774480226, "params": {"alpha": 0.2731457394037553, "batch_size": 185.42819460256766, "drop": 0.2129228379807478, "epochs": 322.52933955525316, "layer1": 113.32370257783941, "layer2": 127.64430049618753, "layer3": 335.3094357161962, "lr": 0.0005235251507833615}, "datetime": {"datetime": "2022-09-22 12:54:36", "elapsed": 9463.669794, "delta": 47.278238}}
{"target": -0.0005028350312829109, "params": {"alpha": 0.25398288025214766, "batch_size": 163.48920144364578, "drop": 0.180883568961389, "epochs": 348.96550959164335, "layer1": 125.03554790513255, "layer2": 120.08212653319308, "layer3": 345.9478566143999, "lr": 0.0044446767762421485}, "datetime": {"datetime": "2022-09-22 12:55:25", "elapsed": 9512.392048, "delta": 48.722254}}
{"target": -0.01643211366066667, "params": {"alpha": 0.31753953348811775, "batch_size": 161.07232533258517, "drop": 0.22277400234438477, "epochs": 313.6916340363027, "layer1": 117.92263160947041, "layer2": 116.3566807875821, "layer3": 346.3837970452862, "lr": 0.004837611692169981}, "datetime": {"datetime": "2022-09-22 12:56:10", "elapsed": 9557.187417, "delta": 44.795369}}
{"target": -0.0007093263244382532, "params": {"alpha": 0.25432128009078625, "batch_size": 172.78913284364327, "drop": 0.2109729305924406, "epochs": 318.00228684204495, "layer1": 115.40143532108219, "layer2": 127.38819996906514, "layer3": 333.12301092688455, "lr": 0.0048743553608584424}, "datetime": {"datetime": "2022-09-22 12:56:57", "elapsed": 9603.862686, "delta": 46.675269}}
{"target": -0.017482772626990398, "params": {"alpha": 0.2527538618717991, "batch_size": 167.0084168972206, "drop": 0.12296350267866835, "epochs": 309.58430812854266, "layer1": 114.20129898304556, "layer2": 114.65275021887473, "layer3": 332.1360995503219, "lr": 0.004882549988133108}, "datetime": {"datetime": "2022-09-22 12:57:41", "elapsed": 9648.197543, "delta": 44.334857}}
{"target": -0.0006249812357183841, "params": {"alpha": 0.2768039495755766, "batch_size": 169.38982143676486, "drop": 0.21384042332041936, "epochs": 306.6487791893908, "layer1": 121.03153588245763, "layer2": 111.38115828109507, "layer3": 349.68960452648867, "lr": 0.0032498814289376996}, "datetime": {"datetime": "2022-09-22 12:58:27", "elapsed": 9693.999556, "delta": 45.802013}}
{"target": -0.0007950831461138049, "params": {"alpha": 0.2906837539393757, "batch_size": 176.38939197669265, "drop": 0.23653750373634136, "epochs": 315.6863106742448, "layer1": 127.54388634223785, "layer2": 126.56937412803677, "layer3": 339.60771860489285, "lr": 0.0014262961087871699}, "datetime": {"datetime": "2022-09-22 12:59:20", "elapsed": 9746.810563, "delta": 52.811007}}
{"target": -0.0008244065561492329, "params": {"alpha": 0.2015852516488926, "batch_size": 166.36694179140432, "drop": 0.19109682975527884, "epochs": 348.3460662330162, "layer1": 125.32486585522396, "layer2": 125.40709902959497, "layer3": 342.12452424473145, "lr": 0.004891495916942854}, "datetime": {"datetime": "2022-09-22 13:00:15", "elapsed": 9802.094824, "delta": 55.284261}}
{"target": -0.015334355533787888, "params": {"alpha": 0.2699907779771043, "batch_size": 162.84164673330872, "drop": 0.1954767577569716, "epochs": 347.35723379163375, "layer1": 122.48664069095939, "layer2": 121.4193019374478, "layer3": 346.31257234134785, "lr": 0.0045341079086962215}, "datetime": {"datetime": "2022-09-22 13:01:14", "elapsed": 9861.188046, "delta": 59.093222}}
{"target": -0.0006931315829848296, "params": {"alpha": 0.28812812171716806, "batch_size": 157.12241742109347, "drop": 0.12870005214566843, "epochs": 306.2613250133806, "layer1": 124.01897696481345, "layer2": 114.65389359089531, "layer3": 334.95144255663547, "lr": 0.0015341262644224835}, "datetime": {"datetime": "2022-09-22 13:02:01", "elapsed": 9908.741977, "delta": 47.553931}}
{"target": -0.0006933605909378531, "params": {"alpha": 0.25913577439861585, "batch_size": 164.73818922419278, "drop": 0.2090141537923745, "epochs": 346.4788046857363, "layer1": 125.39997204746035, "layer2": 126.00934241531249, "layer3": 342.40773021301146, "lr": 0.0016228786992583024}, "datetime": {"datetime": "2022-09-22 13:02:56", "elapsed": 9963.754758, "delta": 55.012781}}
{"target": -0.0011458133578074352, "params": {"alpha": 0.31218807843832963, "batch_size": 158.7280427385625, "drop": 0.1613212899851022, "epochs": 320.7863600148331, "layer1": 128.85567693418488, "layer2": 121.1942972998269, "layer3": 332.1599273002576, "lr": 0.0031196395704849774}, "datetime": {"datetime": "2022-09-22 13:03:46", "elapsed": 10013.539707, "delta": 49.784949}}
{"target": -0.0007563785688371099, "params": {"alpha": 0.2713731905281786, "batch_size": 155.8610006436279, "drop": 0.18163606372601895, "epochs": 307.69059468596475, "layer1": 124.57636689411332, "layer2": 116.84381238340745, "layer3": 335.28151822753887, "lr": 0.0019708695058645574}, "datetime": {"datetime": "2022-09-22 13:04:36", "elapsed": 10063.468315, "delta": 49.928608}}
{"target": -0.0010758407231111144, "params": {"alpha": 0.25955656520750836, "batch_size": 164.18128920255828, "drop": 0.19763970602778663, "epochs": 345.4291828397414, "layer1": 127.94964391211579, "layer2": 125.0032287131263, "layer3": 344.3064696542591, "lr": 0.004772579729523463}, "datetime": {"datetime": "2022-09-22 13:05:29", "elapsed": 10116.321495, "delta": 52.85318}}
{"target": -0.0006001252918696737, "params": {"alpha": 0.20540479778133258, "batch_size": 158.95461491669786, "drop": 0.22029229564427866, "epochs": 308.8268767316672, "layer1": 124.05213956609569, "layer2": 114.54731108096908, "layer3": 334.1949264509746, "lr": 0.0021161331258995495}, "datetime": {"datetime": "2022-09-22 13:06:17", "elapsed": 10164.713069, "delta": 48.391574}}
{"target": -0.0007061042875398331, "params": {"alpha": 0.27773521225304165, "batch_size": 164.2550908703758, "drop": 0.19817629303069056, "epochs": 345.4851889482557, "layer1": 125.06904634681919, "layer2": 123.48832068809855, "layer3": 341.0071562538678, "lr": 0.001266885103999712}, "datetime": {"datetime": "2022-09-22 13:07:08", "elapsed": 10215.229318, "delta": 50.516249}}
{"target": -0.0006594565816378912, "params": {"alpha": 0.26751994801487433, "batch_size": 163.63884552491035, "drop": 0.18551374610336036, "epochs": 345.8323662305335, "layer1": 126.9620442034647, "layer2": 125.47860882118137, "layer3": 340.6399595984094, "lr": 0.002450323058552374}, "datetime": {"datetime": "2022-09-22 13:08:03", "elapsed": 10270.514558, "delta": 55.28524}}
{"target": -0.0007534398977683092, "params": {"alpha": 0.31563728829013693, "batch_size": 166.51358165416238, "drop": 0.22863903747690456, "epochs": 347.33251494355926, "layer1": 128.16393209362454, "layer2": 125.05254959729893, "layer3": 340.7713168130509, "lr": 0.0027466895629529925}, "datetime": {"datetime": "2022-09-22 13:08:59", "elapsed": 10326.328037, "delta": 55.813479}}
{"target": -0.0010823225971981541, "params": {"alpha": 0.21417724294648874, "batch_size": 165.69437738358266, "drop": 0.131587494346933, "epochs": 344.1797390327345, "layer1": 124.97178007966012, "layer2": 125.7106006013839, "layer3": 339.5808539935223, "lr": 0.000977516816507856}, "datetime": {"datetime": "2022-09-22 13:09:54", "elapsed": 10381.680088, "delta": 55.352051}}
{"target": -0.0006692023651238523, "params": {"alpha": 0.26456361026247455, "batch_size": 162.85653086925012, "drop": 0.1396521402360305, "epochs": 349.7289025587102, "layer1": 126.69282556517649, "layer2": 118.43733027314745, "layer3": 347.5390468074803, "lr": 0.0036881831328567224}, "datetime": {"datetime": "2022-09-22 13:10:47", "elapsed": 10433.86659, "delta": 52.186502}}
{"target": -0.001046744335603054, "params": {"alpha": 0.294518830637292, "batch_size": 161.90921393073822, "drop": 0.12878076178960246, "epochs": 348.1619801329105, "layer1": 127.41965592598783, "layer2": 123.55566905452827, "layer3": 342.08467307177045, "lr": 0.002587626307974093}, "datetime": {"datetime": "2022-09-22 13:11:40", "elapsed": 10487.486839, "delta": 53.620249}}
{"target": -0.0005930504439544606, "params": {"alpha": 0.27471518117029176, "batch_size": 164.1821085573113, "drop": 0.1745485926735557, "epochs": 349.49685199023105, "layer1": 127.81632658120182, "layer2": 122.11862491438106, "layer3": 345.4963007058693, "lr": 0.0015977441193460297}, "datetime": {"datetime": "2022-09-22 13:12:35", "elapsed": 10542.550025, "delta": 55.063186}}
{"target": -0.00045564826013349456, "params": {"alpha": 0.22613897091663196, "batch_size": 158.44193357461057, "drop": 0.185998669822297, "epochs": 323.4523844008047, "layer1": 126.0161939406077, "layer2": 121.11253652935217, "layer3": 335.1733869543103, "lr": 0.0015585212191041493}, "datetime": {"datetime": "2022-09-22 13:13:28", "elapsed": 10594.934999, "delta": 52.384974}}
{"target": -0.0006129036404155593, "params": {"alpha": 0.28826768361919064, "batch_size": 177.52918919722882, "drop": 0.1886535167728684, "epochs": 308.16777928894254, "layer1": 115.54651185991162, "layer2": 121.92486435183204, "layer3": 337.1782601190231, "lr": 0.000540500817327833}, "datetime": {"datetime": "2022-09-22 13:14:28", "elapsed": 10654.811257, "delta": 59.876258}}
{"target": -0.0007576815076654574, "params": {"alpha": 0.24300980822603135, "batch_size": 163.75839479366533, "drop": 0.22994734229186337, "epochs": 346.7879399251075, "layer1": 128.68211878994973, "layer2": 120.91021264918551, "layer3": 343.1156551036627, "lr": 0.0037317777002508676}, "datetime": {"datetime": "2022-09-22 13:15:21", "elapsed": 10708.669754, "delta": 53.858497}}
{"target": -0.0007765577027883988, "params": {"alpha": 0.2600395379662467, "batch_size": 179.0389126025428, "drop": 0.23919520520067286, "epochs": 308.19800794582295, "layer1": 118.56270367286467, "layer2": 119.77946802499885, "layer3": 336.72952209491064, "lr": 0.0006531656714889872}, "datetime": {"datetime": "2022-09-22 13:16:10", "elapsed": 10757.619342, "delta": 48.949588}}
{"target": -0.0018601976925418154, "params": {"alpha": 0.24962347128232695, "batch_size": 158.03419198447895, "drop": 0.12718803174773172, "epochs": 322.038214848468, "layer1": 126.18502419919255, "layer2": 117.27909887635118, "layer3": 334.91477171123773, "lr": 0.00458005811317848}, "datetime": {"datetime": "2022-09-22 13:17:28", "elapsed": 10834.980698, "delta": 77.361356}}
{"target": -0.0006665990655225018, "params": {"alpha": 0.2735881472574024, "batch_size": 163.67920644766406, "drop": 0.1490929199813525, "epochs": 349.2704233374984, "layer1": 129.3578837518716, "layer2": 118.84573858319489, "layer3": 344.437194483507, "lr": 0.001615281905541606}, "datetime": {"datetime": "2022-09-22 13:18:26", "elapsed": 10893.477954, "delta": 58.497256}}
{"target": -0.0006057960032399786, "params": {"alpha": 0.24346722162992762, "batch_size": 167.77255877417997, "drop": 0.14800596120676396, "epochs": 347.64582230116946, "layer1": 126.82506635199942, "layer2": 119.52118254475589, "layer3": 345.53311395845446, "lr": 0.0016303394779593405}, "datetime": {"datetime": "2022-09-22 13:19:20", "elapsed": 10947.525028, "delta": 54.047074}}
{"target": -0.0005569322545786009, "params": {"alpha": 0.256320656066708, "batch_size": 165.27248211871122, "drop": 0.21640972533112, "epochs": 348.70463786813525, "layer1": 126.46390784256249, "layer2": 119.0806986408723, "layer3": 343.13242137789086, "lr": 0.001725492924329662}, "datetime": {"datetime": "2022-09-22 13:20:11", "elapsed": 10998.692185, "delta": 51.167157}}
{"target": -0.0013946231040879084, "params": {"alpha": 0.29467976587055655, "batch_size": 162.494970318738, "drop": 0.12230613154954986, "epochs": 342.6677069056975, "layer1": 122.9780266107233, "layer2": 126.15177464954714, "layer3": 349.1986767254581, "lr": 0.004283842061265258}, "datetime": {"datetime": "2022-09-22 13:21:06", "elapsed": 11052.839381, "delta": 54.147196}}
{"target": -0.000745799323797586, "params": {"alpha": 0.28491005226258836, "batch_size": 162.2905964089343, "drop": 0.16460062276001658, "epochs": 323.8972994678332, "layer1": 119.4128633394898, "layer2": 119.76239355552029, "layer3": 333.27984262744627, "lr": 0.0043172050683412035}, "datetime": {"datetime": "2022-09-22 13:21:55", "elapsed": 11101.968768, "delta": 49.129387}}
{"target": -0.0009712529237475923, "params": {"alpha": 0.2946234285907492, "batch_size": 159.34362978530115, "drop": 0.2250154743298552, "epochs": 323.10475806846057, "layer1": 118.69069164458102, "layer2": 118.96466165448366, "layer3": 336.467718377808, "lr": 0.002787770592474828}, "datetime": {"datetime": "2022-09-22 13:22:51", "elapsed": 11158.601302, "delta": 56.632534}}
{"target": -0.0007219388158249328, "params": {"alpha": 0.2926559919831931, "batch_size": 161.50220464191096, "drop": 0.22014596733756142, "epochs": 324.9096435535608, "layer1": 115.77180029112797, "layer2": 119.23027442725531, "layer3": 336.06982426524706, "lr": 0.0024625495491052652}, "datetime": {"datetime": "2022-09-22 13:23:42", "elapsed": 11209.357488, "delta": 50.756186}}
{"target": -0.0005996755041382005, "params": {"alpha": 0.26596726940611004, "batch_size": 160.0759513095766, "drop": 0.13882181174627498, "epochs": 307.99743677129686, "layer1": 120.33191830390359, "layer2": 116.67713652528495, "layer3": 333.76387866415587, "lr": 0.0013336904731644501}, "datetime": {"datetime": "2022-09-22 13:24:30", "elapsed": 11257.609988, "delta": 48.2525}}
{"target": -0.016647743551939858, "params": {"alpha": 0.2087809173943402, "batch_size": 158.44996626950342, "drop": 0.21003486702814375, "epochs": 326.19901647758667, "layer1": 120.39932420266885, "layer2": 119.43352806559773, "layer3": 334.38836543574047, "lr": 0.004491293201227211}, "datetime": {"datetime": "2022-09-22 13:25:18", "elapsed": 11305.674799, "delta": 48.064811}}
{"target": -0.00100652092252883, "params": {"alpha": 0.21629096924890473, "batch_size": 161.9349395207336, "drop": 0.15253293059273376, "epochs": 322.21131303473123, "layer1": 117.86669614020352, "layer2": 121.21139805189503, "layer3": 335.73891232063227, "lr": 0.0011521076256384229}, "datetime": {"datetime": "2022-09-22 13:26:08", "elapsed": 11355.754516, "delta": 50.079717}}
{"target": -0.000791615479450481, "params": {"alpha": 0.3131077859571004, "batch_size": 180.0700705218806, "drop": 0.2030655212889524, "epochs": 308.64726264501815, "layer1": 115.78101633194723, "layer2": 119.80532520507491, "layer3": 339.95785341206994, "lr": 0.0021771110815828974}, "datetime": {"datetime": "2022-09-22 13:26:54", "elapsed": 11401.611934, "delta": 45.857418}}
