{"target": -0.0009589965418211249, "params": {"alpha": 0.22784864974102192, "batch_size": 178.936936796316, "drop": 0.16984111221619075, "epochs": 304.6092896407184, "layer1": 115.94948856851154, "layer2": 121.94489780926644, "layer3": 338.21219945285236, "lr": 0.0039673727284278626}, "datetime": {"datetime": "2022-09-22 13:27:42", "elapsed": 11449.801919, "delta": 48.189985}}
{"target": -0.0014182234911253823, "params": {"alpha": 0.2544864812557018, "batch_size": 163.53061915850563, "drop": 0.1510709737837469, "epochs": 323.5743088080874, "layer1": 116.33196521588044, "layer2": 118.06556042762051, "layer3": 332.37506530459314, "lr": 0.004570642281403595}, "datetime": {"datetime": "2022-09-22 13:28:39", "elapsed": 11506.435532, "delta": 56.633613}}
{"target": -0.0005241429512559409, "params": {"alpha": 0.23481821758511467, "batch_size": 180.71347937811228, "drop": 0.1408040625845558, "epochs": 308.432287760795, "layer1": 118.93396805258035, "layer2": 122.59718601741623, "layer3": 339.08105456263064, "lr": 0.001196088264180137}, "datetime": {"datetime": "2022-09-22 13:29:31", "elapsed": 11557.995214, "delta": 51.559682}}
{"target": -0.000738320408526142, "params": {"alpha": 0.3021146266197404, "batch_size": 159.70715197442507, "drop": 0.15979995896298466, "epochs": 308.5507824040935, "layer1": 122.32997873392792, "layer2": 113.74251043495839, "layer3": 337.52172029769883, "lr": 0.0026575906404161694}, "datetime": {"datetime": "2022-09-22 13:30:22", "elapsed": 11608.916359, "delta": 50.921145}}
{"target": -0.01385895610889607, "params": {"alpha": 0.2585989402270824, "batch_size": 180.67187913118133, "drop": 0.12336615935210332, "epochs": 309.6196030733377, "layer1": 118.71188600438796, "layer2": 123.91106393696678, "layer3": 335.80599031942387, "lr": 0.004321160601901875}, "datetime": {"datetime": "2022-09-22 13:31:08", "elapsed": 11655.475445, "delta": 46.559086}}
{"target": -0.0005222349478821512, "params": {"alpha": 0.31650107739632893, "batch_size": 179.95387806155338, "drop": 0.22485794594765357, "epochs": 308.27707231737475, "layer1": 119.49776383919458, "layer2": 119.25071502320118, "layer3": 339.0650253489537, "lr": 0.001189842349260813}, "datetime": {"datetime": "2022-09-22 13:31:58", "elapsed": 11705.659562, "delta": 50.184117}}
{"target": -0.0008542939467376478, "params": {"alpha": 0.24210704251962387, "batch_size": 157.4950641464906, "drop": 0.23283870770790588, "epochs": 307.06105764433573, "layer1": 122.82171024367555, "layer2": 116.81385149943571, "layer3": 337.6701219603483, "lr": 0.0007315726662530377}, "datetime": {"datetime": "2022-09-22 13:32:53", "elapsed": 11760.742969, "delta": 55.083407}}
{"target": -0.0007644295578857239, "params": {"alpha": 0.31887308725203267, "batch_size": 165.37215648636504, "drop": 0.18655125322435934, "epochs": 349.90473127047477, "layer1": 125.96456344802593, "layer2": 116.9979800093334, "layer3": 345.94216823780255, "lr": 0.003606314598864722}, "datetime": {"datetime": "2022-09-22 13:33:52", "elapsed": 11818.807568, "delta": 58.064599}}
{"target": -0.0008154055700373728, "params": {"alpha": 0.2123063565636498, "batch_size": 178.98264426928932, "drop": 0.2056817852954707, "epochs": 305.7571970204936, "layer1": 119.30329728653308, "layer2": 120.47040401509713, "layer3": 341.2026640050607, "lr": 0.004494809410331847}, "datetime": {"datetime": "2022-09-22 13:34:44", "elapsed": 11871.349068, "delta": 52.5415}}
{"target": -0.0008691236698207756, "params": {"alpha": 0.2642650401236527, "batch_size": 182.798085486281, "drop": 0.13777802123075597, "epochs": 306.41801568158206, "layer1": 116.76305457811006, "layer2": 117.69579317776008, "layer3": 338.36405969104504, "lr": 0.002470006662529467}, "datetime": {"datetime": "2022-09-22 13:35:35", "elapsed": 11922.365411, "delta": 51.016343}}
{"target": -0.0007547909704253103, "params": {"alpha": 0.2817438110217829, "batch_size": 178.15337482304238, "drop": 0.21329134958844456, "epochs": 305.54128598140943, "layer1": 115.68813864675823, "layer2": 118.11309304978377, "layer3": 338.5567454987257, "lr": 0.0005110144628965705}, "datetime": {"datetime": "2022-09-22 13:36:22", "elapsed": 11969.275839, "delta": 46.910428}}
{"target": -0.0007969072958410353, "params": {"alpha": 0.26856336822139276, "batch_size": 182.1005732671511, "drop": 0.1911516450597108, "epochs": 308.6949165781531, "layer1": 118.3467230092017, "layer2": 120.38514598855005, "layer3": 341.4784785928512, "lr": 0.0013228411603858998}, "datetime": {"datetime": "2022-09-22 13:37:15", "elapsed": 12021.843492, "delta": 52.567653}}
{"target": -0.0007182560890033003, "params": {"alpha": 0.22887364945240007, "batch_size": 160.91217135853535, "drop": 0.13139970436628112, "epochs": 321.51290889277794, "layer1": 116.42222078152146, "layer2": 117.8622905316126, "layer3": 337.39012524998924, "lr": 0.003822970983053468}, "datetime": {"datetime": "2022-09-22 13:38:06", "elapsed": 12073.450948, "delta": 51.607456}}
{"target": -0.0007445370647544904, "params": {"alpha": 0.3080612341533404, "batch_size": 179.07242071472766, "drop": 0.2153297706417393, "epochs": 307.606571036562, "layer1": 118.88818186195121, "layer2": 123.00307426469587, "layer3": 343.1729046283327, "lr": 0.0008638397390267065}, "datetime": {"datetime": "2022-09-22 13:38:58", "elapsed": 12125.761627, "delta": 52.310679}}
{"target": -0.0008089013345184765, "params": {"alpha": 0.21325383182933763, "batch_size": 183.067396038362, "drop": 0.17497299984320142, "epochs": 306.2876628671984, "layer1": 114.16839165208418, "layer2": 121.47796303482703, "layer3": 339.73543675412753, "lr": 0.003917270305144289}, "datetime": {"datetime": "2022-09-22 13:39:48", "elapsed": 12175.313218, "delta": 49.551591}}
{"target": -0.000624929478867768, "params": {"alpha": 0.32, "batch_size": 162.32711310589588, "drop": 0.24, "epochs": 321.15686227929575, "layer1": 119.46017486629579, "layer2": 117.0943575024022, "layer3": 335.077505639659, "lr": 0.000505542173027237}, "datetime": {"datetime": "2022-09-22 13:40:38", "elapsed": 12225.066369, "delta": 49.753151}}
{"target": -0.0008580325420141712, "params": {"alpha": 0.22269080745028264, "batch_size": 182.35630803061397, "drop": 0.15673378964086032, "epochs": 305.40532034170144, "layer1": 118.2679391612742, "layer2": 122.36240457973969, "layer3": 340.2767067762124, "lr": 0.0005}, "datetime": {"datetime": "2022-09-22 13:41:29", "elapsed": 12276.691748, "delta": 51.625379}}
{"target": -0.0005433128490114473, "params": {"alpha": 0.2516221825777961, "batch_size": 175.21800360952233, "drop": 0.2321092251161843, "epochs": 308.3088677192985, "layer1": 116.96734182196738, "layer2": 119.4243725702249, "layer3": 340.0798356009471, "lr": 0.00100116729859603}, "datetime": {"datetime": "2022-09-22 13:42:19", "elapsed": 12326.105388, "delta": 49.41364}}
{"target": -0.016800165778210738, "params": {"alpha": 0.2615390803947485, "batch_size": 176.6763127312721, "drop": 0.1815035605918196, "epochs": 311.37478509002716, "layer1": 115.5212428658526, "layer2": 117.52633560033716, "layer3": 337.0614330907931, "lr": 0.004937263119052149}, "datetime": {"datetime": "2022-09-22 13:43:06", "elapsed": 12373.704458, "delta": 47.59907}}
{"target": -0.0008655692485177254, "params": {"alpha": 0.269054748919259, "batch_size": 174.73090916476352, "drop": 0.23235162036330384, "epochs": 308.3627147106225, "layer1": 119.08421162399854, "layer2": 122.24057626443103, "layer3": 341.04160899513914, "lr": 0.0006921476863169067}, "datetime": {"datetime": "2022-09-22 13:43:58", "elapsed": 12425.539243, "delta": 51.834785}}
{"target": -0.018233326144224866, "params": {"alpha": 0.23579872549789563, "batch_size": 178.29642019596474, "drop": 0.20733890824033963, "epochs": 306.3998360184383, "layer1": 111.35669424582738, "layer2": 122.20718735391993, "layer3": 338.14491529177883, "lr": 0.004750934314217917}, "datetime": {"datetime": "2022-09-22 13:44:45", "elapsed": 12472.174711, "delta": 46.635468}}
{"target": -0.0005827085495742388, "params": {"alpha": 0.23000045432047725, "batch_size": 176.3557621905448, "drop": 0.18519468817197562, "epochs": 305.9129452131488, "layer1": 119.70585794184515, "layer2": 120.4968356897106, "layer3": 338.18287504104745, "lr": 0.0016966125777564459}, "datetime": {"datetime": "2022-09-22 13:45:39", "elapsed": 12526.676802, "delta": 54.502091}}
{"target": -0.000692299393178271, "params": {"alpha": 0.32, "batch_size": 180.30457068038797, "drop": 0.23522116323753972, "epochs": 305.0882300917629, "layer1": 118.26149556198274, "layer2": 119.79129641185908, "layer3": 337.9210183787563, "lr": 0.0005}, "datetime": {"datetime": "2022-09-22 13:46:28", "elapsed": 12575.591184, "delta": 48.914382}}
{"target": -0.0007116580451139347, "params": {"alpha": 0.29324352240834783, "batch_size": 161.52377616607743, "drop": 0.14313574662888917, "epochs": 349.7855780240395, "layer1": 126.73723506809664, "layer2": 116.99071423452608, "layer3": 344.3622942030296, "lr": 0.0017410717408914897}, "datetime": {"datetime": "2022-09-22 13:47:24", "elapsed": 12631.450696, "delta": 55.859512}}
{"target": -0.001305646237330087, "params": {"alpha": 0.2330877412395941, "batch_size": 177.57365107076916, "drop": 0.22562662069900583, "epochs": 306.19931263200584, "layer1": 118.66856431870542, "layer2": 122.72901599936458, "layer3": 340.1221814597521, "lr": 0.004763861084608738}, "datetime": {"datetime": "2022-09-22 13:48:19", "elapsed": 12686.690581, "delta": 55.239885}}
{"target": -0.0010787598883132386, "params": {"alpha": 0.2059189451552836, "batch_size": 177.6358394215094, "drop": 0.12826169590702316, "epochs": 309.45074114651885, "layer1": 121.92371974813979, "layer2": 121.07683563066054, "layer3": 341.5611745873372, "lr": 0.003938145303850019}, "datetime": {"datetime": "2022-09-22 13:49:13", "elapsed": 12740.540525, "delta": 53.849944}}
{"target": -0.0007495543877013375, "params": {"alpha": 0.20812759030395214, "batch_size": 158.67495728546484, "drop": 0.1542611584735743, "epochs": 304.4734673930365, "layer1": 121.40373721485459, "layer2": 112.8064726101574, "layer3": 336.6974593703191, "lr": 0.002332276282311755}, "datetime": {"datetime": "2022-09-22 13:50:02", "elapsed": 12789.069353, "delta": 48.528828}}
{"target": -0.0007562089448226164, "params": {"alpha": 0.2281256335509776, "batch_size": 162.1051498477188, "drop": 0.23676501232879427, "epochs": 306.9220487052058, "layer1": 121.4017860406689, "layer2": 113.96146421832246, "layer3": 332.8585689751142, "lr": 0.004771570686357512}, "datetime": {"datetime": "2022-09-22 13:50:52", "elapsed": 12838.912744, "delta": 49.843391}}
{"target": -0.0005331106227902667, "params": {"alpha": 0.21851232527772288, "batch_size": 160.1585410487308, "drop": 0.21658276621408612, "epochs": 305.8149839087655, "layer1": 125.95292377988451, "layer2": 113.21257177169014, "layer3": 338.0709725735585, "lr": 0.0016926699438641964}, "datetime": {"datetime": "2022-09-22 13:51:41", "elapsed": 12888.220117, "delta": 49.307373}}
{"target": -0.0006389075343353753, "params": {"alpha": 0.20217669605275257, "batch_size": 159.43750773258708, "drop": 0.18677815383770136, "epochs": 305.6300906168504, "layer1": 126.08283894202548, "layer2": 111.99909813237257, "layer3": 334.1286710053494, "lr": 0.002249061009008031}, "datetime": {"datetime": "2022-09-22 13:52:33", "elapsed": 12940.206844, "delta": 51.986727}}
{"target": -0.0010081791748112001, "params": {"alpha": 0.23537910692121664, "batch_size": 162.84084922401559, "drop": 0.22680634519193082, "epochs": 305.53362497029093, "layer1": 124.4930043865712, "layer2": 110.95010518021743, "layer3": 336.8603201672703, "lr": 0.0041853792462586935}, "datetime": {"datetime": "2022-09-22 13:53:29", "elapsed": 12995.860784, "delta": 55.65394}}
{"target": -0.0005774980527820774, "params": {"alpha": 0.24754000352155003, "batch_size": 159.4128648322363, "drop": 0.17447289234415678, "epochs": 302.16109744005496, "layer1": 124.52822052051293, "layer2": 110.92076698577375, "layer3": 336.914341430136, "lr": 0.002040597277105612}, "datetime": {"datetime": "2022-09-22 13:54:24", "elapsed": 13051.660549, "delta": 55.799765}}
{"target": -0.0007877760275756414, "params": {"alpha": 0.2808635095817418, "batch_size": 157.0697223047306, "drop": 0.21053608941202057, "epochs": 308.7659948944702, "layer1": 119.4094874494958, "layer2": 114.02731788042877, "layer3": 333.3702764588755, "lr": 0.002176288335873836}, "datetime": {"datetime": "2022-09-22 13:55:16", "elapsed": 13102.966349, "delta": 51.3058}}
{"target": -0.0007402049588277894, "params": {"alpha": 0.280227965138892, "batch_size": 162.9319768170539, "drop": 0.13846005841461198, "epochs": 305.5789677456343, "layer1": 121.84380290114989, "layer2": 115.45486347510297, "layer3": 338.075935515518, "lr": 0.0008635999975812048}, "datetime": {"datetime": "2022-09-22 13:56:10", "elapsed": 13157.683235, "delta": 54.716886}}
{"target": -0.0007554926633586506, "params": {"alpha": 0.21531234577100888, "batch_size": 161.9683259845033, "drop": 0.16534025642085182, "epochs": 309.4687799337998, "layer1": 123.06039268037918, "layer2": 117.9997762186411, "layer3": 336.8042737765495, "lr": 0.0021675420706544065}, "datetime": {"datetime": "2022-09-22 13:57:04", "elapsed": 13210.806554, "delta": 53.123319}}
{"target": -0.0005598868273691179, "params": {"alpha": 0.23607480744237602, "batch_size": 163.37870978211197, "drop": 0.21167037950811923, "epochs": 310.1528549181482, "layer1": 121.41716451408814, "layer2": 118.49875018215167, "layer3": 331.5277063719326, "lr": 0.001191972461429673}, "datetime": {"datetime": "2022-09-22 13:57:57", "elapsed": 13263.871188, "delta": 53.064634}}
{"target": -0.0005537617197374059, "params": {"alpha": 0.2053713751714642, "batch_size": 160.12217563061225, "drop": 0.1585188946724499, "epochs": 308.25129067412786, "layer1": 122.3442428905561, "layer2": 110.16702446665465, "layer3": 333.7791145677174, "lr": 0.0021733156981321817}, "datetime": {"datetime": "2022-09-22 13:58:48", "elapsed": 13315.206933, "delta": 51.335745}}
{"target": -0.0009508540381519059, "params": {"alpha": 0.2633226800499143, "batch_size": 158.65641101839879, "drop": 0.16892995122738758, "epochs": 321.01321568001055, "layer1": 127.27237761063398, "layer2": 124.04961046802826, "layer3": 337.1892234179596, "lr": 0.0040067070050114634}, "datetime": {"datetime": "2022-09-22 13:59:40", "elapsed": 13367.098116, "delta": 51.891183}}
{"target": -0.000910786895393996, "params": {"alpha": 0.2521354388759352, "batch_size": 157.95427910412175, "drop": 0.12, "epochs": 311.17640810576864, "layer1": 121.68243298683278, "layer2": 117.18572844555858, "layer3": 335.2896499663913, "lr": 0.0005}, "datetime": {"datetime": "2022-09-22 14:00:37", "elapsed": 13424.801999, "delta": 57.703883}}
{"target": -0.016847548727673228, "params": {"alpha": 0.2336455836350842, "batch_size": 161.56777591976666, "drop": 0.1548203814805045, "epochs": 308.0505282807593, "layer1": 126.56055531072121, "layer2": 115.59549386835765, "layer3": 335.21691659866036, "lr": 0.004655139090162378}, "datetime": {"datetime": "2022-09-22 14:01:26", "elapsed": 13473.120917, "delta": 48.318918}}
{"target": -0.0007372996796102281, "params": {"alpha": 0.22431387783119391, "batch_size": 161.1602482256095, "drop": 0.19760682022479384, "epochs": 302.6571102210716, "layer1": 123.00123165355043, "layer2": 113.84819051716825, "layer3": 338.07510650067366, "lr": 0.0006783973938639262}, "datetime": {"datetime": "2022-09-22 14:02:16", "elapsed": 13522.996546, "delta": 49.875629}}
{"target": -0.0005817689989224324, "params": {"alpha": 0.2048811001931068, "batch_size": 161.200640009558, "drop": 0.19620173388825396, "epochs": 309.6759184520928, "layer1": 119.93495727373941, "layer2": 117.93090230893449, "layer3": 336.7160352619203, "lr": 0.00225803117713443}, "datetime": {"datetime": "2022-09-22 14:03:08", "elapsed": 13574.970015, "delta": 51.973469}}
{"target": -0.0007316135211731662, "params": {"alpha": 0.20891644664129772, "batch_size": 160.18746550224776, "drop": 0.2394907344751276, "epochs": 312.11625094258324, "layer1": 119.10976148896964, "layer2": 115.99376071733695, "layer3": 332.93940642726284, "lr": 0.003323121335684149}, "datetime": {"datetime": "2022-09-22 14:03:58", "elapsed": 13625.603374, "delta": 50.633359}}
{"target": -0.0014749512603776246, "params": {"alpha": 0.2263743234497889, "batch_size": 159.5581027314925, "drop": 0.19973835914003854, "epochs": 308.50204056767046, "layer1": 123.31914622681235, "layer2": 113.28464416156336, "layer3": 330.8057380225708, "lr": 0.0045406627217370755}, "datetime": {"datetime": "2022-09-22 14:04:53", "elapsed": 13680.224799, "delta": 54.621425}}
{"target": -0.0012883917245625613, "params": {"alpha": 0.2641479573587081, "batch_size": 157.55398679432764, "drop": 0.19154616157437038, "epochs": 305.87714743372135, "layer1": 122.24791979806834, "layer2": 111.61909777563903, "layer3": 333.7096143399027, "lr": 0.004851593147273901}, "datetime": {"datetime": "2022-09-22 14:05:41", "elapsed": 13728.592955, "delta": 48.368156}}
{"target": -0.0006807601643730819, "params": {"alpha": 0.3056730201618194, "batch_size": 158.4400062085311, "drop": 0.1823435102171471, "epochs": 310.5527925484341, "layer1": 121.21108391233479, "layer2": 112.9724343975131, "layer3": 334.4735381714496, "lr": 0.001970175962331824}, "datetime": {"datetime": "2022-09-22 14:06:37", "elapsed": 13784.216728, "delta": 55.623773}}
{"target": -0.0009760986505348212, "params": {"alpha": 0.31185982179721555, "batch_size": 162.58148569328574, "drop": 0.2315088610330478, "epochs": 310.5569089151095, "layer1": 120.53580276561294, "layer2": 113.68379370254627, "layer3": 335.61207206327356, "lr": 0.0033301614326869586}, "datetime": {"datetime": "2022-09-22 14:07:30", "elapsed": 13837.325869, "delta": 53.109141}}
{"target": -0.0008685146631617608, "params": {"alpha": 0.24368089170814866, "batch_size": 161.34505327002051, "drop": 0.17882132066147743, "epochs": 305.92200585954174, "layer1": 118.71746885935113, "layer2": 115.3736291817027, "layer3": 336.097777651257, "lr": 0.0008969369559603457}, "datetime": {"datetime": "2022-09-22 14:08:23", "elapsed": 13890.650653, "delta": 53.324784}}
{"target": -0.0007811263838022558, "params": {"alpha": 0.23314520463255303, "batch_size": 161.90870272020004, "drop": 0.21451739148582355, "epochs": 305.8240798846364, "layer1": 120.19261199472918, "layer2": 112.1603645196386, "layer3": 339.94252206481787, "lr": 0.002720029517127068}, "datetime": {"datetime": "2022-09-22 14:09:11", "elapsed": 13938.623795, "delta": 47.973142}}
{"target": -0.0006728560697883767, "params": {"alpha": 0.20354030065742112, "batch_size": 162.74870227946957, "drop": 0.1556253408389401, "epochs": 310.6693064967598, "layer1": 122.52078999997, "layer2": 121.02567857512174, "layer3": 335.6060943898601, "lr": 0.0011818720326871395}, "datetime": {"datetime": "2022-09-22 14:10:02", "elapsed": 13989.232501, "delta": 50.608706}}
{"target": -0.0005436858698301149, "params": {"alpha": 0.2728699278877248, "batch_size": 158.46811540510384, "drop": 0.157501788010384, "epochs": 306.60979862733546, "layer1": 125.97664153831074, "layer2": 110.48155717152677, "layer3": 336.85677690076335, "lr": 0.0012152984262962662}, "datetime": {"datetime": "2022-09-22 14:10:52", "elapsed": 14039.79047, "delta": 50.557969}}
{"target": -0.0006850690419794641, "params": {"alpha": 0.2808606259771306, "batch_size": 159.34702352469427, "drop": 0.16327068712634465, "epochs": 310.0100389151267, "layer1": 117.05166074524256, "layer2": 113.0723754480613, "layer3": 337.476503554333, "lr": 0.0039560491617485006}, "datetime": {"datetime": "2022-09-22 14:11:45", "elapsed": 14092.671766, "delta": 52.881296}}
{"target": -0.000543635773389524, "params": {"alpha": 0.25044598342730195, "batch_size": 156.9968548807768, "drop": 0.14594145966345473, "epochs": 303.54420919342675, "layer1": 127.57300648367321, "layer2": 111.53311198549936, "layer3": 338.6348317473981, "lr": 0.0010251816100073198}, "datetime": {"datetime": "2022-09-22 14:12:37", "elapsed": 14144.444486, "delta": 51.77272}}
{"target": -0.0006177013864550023, "params": {"alpha": 0.28459687006029544, "batch_size": 163.8451753910447, "drop": 0.1203681106894142, "epochs": 312.59178084978265, "layer1": 120.74782096781331, "layer2": 118.20504877291361, "layer3": 336.9111459744955, "lr": 0.001568903366631763}, "datetime": {"datetime": "2022-09-22 14:13:32", "elapsed": 14199.232515, "delta": 54.788029}}
{"target": -0.0006481494976571765, "params": {"alpha": 0.25633608097222316, "batch_size": 154.6151702346916, "drop": 0.21452366448707233, "epochs": 306.0775506345913, "layer1": 125.3397811815976, "layer2": 113.94771935083253, "layer3": 339.0244454788221, "lr": 0.002474839175368615}, "datetime": {"datetime": "2022-09-22 14:14:21", "elapsed": 14248.086039, "delta": 48.853524}}
{"target": -0.0006340911805320472, "params": {"alpha": 0.2816195957742247, "batch_size": 164.9505603204642, "drop": 0.1428460047442345, "epochs": 308.4108233537916, "layer1": 120.55180639222247, "layer2": 118.01602056872375, "layer3": 334.47703886616125, "lr": 0.000608552415494684}, "datetime": {"datetime": "2022-09-22 14:15:17", "elapsed": 14304.105095, "delta": 56.019056}}
{"target": -0.0009004910351988379, "params": {"alpha": 0.2, "batch_size": 157.00767114283374, "drop": 0.24, "epochs": 302.6284272929431, "layer1": 125.03558848320408, "layer2": 114.6047496538776, "layer3": 337.7981045584947, "lr": 0.0005}, "datetime": {"datetime": "2022-09-22 14:16:07", "elapsed": 14354.114283, "delta": 50.009188}}
{"target": -0.0024911403723717313, "params": {"alpha": 0.21732204713820913, "batch_size": 160.4578558468969, "drop": 0.1412195313465163, "epochs": 303.6735536872514, "layer1": 126.7678523741919, "layer2": 110.63593481056023, "layer3": 339.74338353046596, "lr": 0.0037009152338932966}, "datetime": {"datetime": "2022-09-22 14:17:18", "elapsed": 14425.322935, "delta": 71.208652}}
