{"target": -0.0007855485509861959, "params": {"alpha": 0.26001527379085143, "batch_size": 171.7425914488581, "drop": 0.1306398631742172, "epochs": 317.40553017536246, "layer1": 118.89188657642364, "layer2": 123.6366713669253, "layer3": 337.71780514864696, "lr": 0.001233858452384958}, "datetime": {"datetime": "2022-09-22 11:03:21", "elapsed": 2788.357268, "delta": 49.029113}}
{"target": -0.0008366823088196217, "params": {"alpha": 0.22852276328102192, "batch_size": 156.95565031780546, "drop": 0.22260980101272804, "epochs": 329.15092551245345, "layer1": 113.88906384863479, "layer2": 121.14504893097336, "layer3": 348.36142463116863, "lr": 0.0023218797218265783}, "datetime": {"datetime": "2022-09-22 11:04:10", "elapsed": 2837.262952, "delta": 48.905684}}
{"target": -0.0020560063982416233, "params": {"alpha": 0.3151805181307091, "batch_size": 165.5368480308918, "drop": 0.22849048800624366, "epochs": 320.27957031346324, "layer1": 124.27695992513222, "layer2": 114.77560143451932, "layer3": 334.33052392125217, "lr": 0.004336738753255759}, "datetime": {"datetime": "2022-09-22 11:05:00", "elapsed": 2887.401273, "delta": 50.138321}}
{"target": -0.0006946430454941478, "params": {"alpha": 0.25755067822559485, "batch_size": 181.5830336847244, "drop": 0.23536509911313203, "epochs": 305.7934323123704, "layer1": 120.88545070024286, "layer2": 110.35820998121069, "layer3": 332.37688692820666, "lr": 0.0012068858283751996}, "datetime": {"datetime": "2022-09-22 11:05:46", "elapsed": 2933.266008, "delta": 45.864735}}
{"target": -0.0007039910567532905, "params": {"alpha": 0.26404098987641095, "batch_size": 163.71510870701965, "drop": 0.17999191101719708, "epochs": 317.22412711731835, "layer1": 120.99968371479645, "layer2": 114.92864969993728, "layer3": 349.3787296095022, "lr": 0.0032852815505352447}, "datetime": {"datetime": "2022-09-22 11:06:32", "elapsed": 2979.049378, "delta": 45.78337}}
{"target": -0.0008070235845619884, "params": {"alpha": 0.2564689622346215, "batch_size": 175.53670461862737, "drop": 0.22095518117270216, "epochs": 336.5479548680475, "layer1": 126.35120273040661, "layer2": 112.52917959373072, "layer3": 342.5490273475647, "lr": 0.0036331013486345046}, "datetime": {"datetime": "2022-09-22 11:07:29", "elapsed": 3036.660857, "delta": 57.611479}}
{"target": -0.0007499427576789893, "params": {"alpha": 0.2747999588319018, "batch_size": 188.14685576161952, "drop": 0.16260554706374017, "epochs": 306.98262689280205, "layer1": 121.10151495850711, "layer2": 114.21293882206695, "layer3": 337.0262666361441, "lr": 0.0017740907552615673}, "datetime": {"datetime": "2022-09-22 11:08:20", "elapsed": 3087.178063, "delta": 50.517206}}
{"target": -0.0005335320660786387, "params": {"alpha": 0.24915038747627627, "batch_size": 159.4785768716878, "drop": 0.1603514598091877, "epochs": 321.4896453851736, "layer1": 127.57814316843266, "layer2": 122.80837440299018, "layer3": 331.81516450244817, "lr": 0.001160369978760603}, "datetime": {"datetime": "2022-09-22 11:09:07", "elapsed": 3134.29106, "delta": 47.112997}}
{"target": -0.015696350954478116, "params": {"alpha": 0.22891527256130006, "batch_size": 182.86555702237294, "drop": 0.16660417218045973, "epochs": 313.8637510114197, "layer1": 127.40128872173763, "layer2": 115.77808564937845, "layer3": 348.49230477509445, "lr": 0.004675180512938396}, "datetime": {"datetime": "2022-09-22 11:09:53", "elapsed": 3180.786676, "delta": 46.495616}}
{"target": -0.0009690258873544478, "params": {"alpha": 0.2557207800245902, "batch_size": 155.50027860333475, "drop": 0.15605386323994289, "epochs": 331.56534629713497, "layer1": 111.09977314186696, "layer2": 117.9939308907396, "layer3": 335.3121503489751, "lr": 0.0030940451702846598}, "datetime": {"datetime": "2022-09-22 11:10:42", "elapsed": 3228.92668, "delta": 48.140004}}
{"target": -0.0006931297362542803, "params": {"alpha": 0.2353284754005985, "batch_size": 182.58272972266013, "drop": 0.16951371501198664, "epochs": 306.932941773302, "layer1": 116.31499988456547, "layer2": 121.21161092668257, "layer3": 336.83504032895405, "lr": 0.0011397057235919706}, "datetime": {"datetime": "2022-09-22 11:11:28", "elapsed": 3275.645058, "delta": 46.718378}}
{"target": -0.0007658076345908861, "params": {"alpha": 0.3106711730389938, "batch_size": 158.39366050887412, "drop": 0.23017073141281846, "epochs": 325.12453724699947, "layer1": 125.12551874702817, "layer2": 126.4646847527031, "layer3": 344.49274363531316, "lr": 0.0029986824949646954}, "datetime": {"datetime": "2022-09-22 11:12:13", "elapsed": 3320.161604, "delta": 44.516546}}
{"target": -0.0008120801090038453, "params": {"alpha": 0.2928423851155432, "batch_size": 165.07232274804986, "drop": 0.15350329342007482, "epochs": 327.05577729400886, "layer1": 129.5773789874947, "layer2": 119.22171886511984, "layer3": 331.5908819495019, "lr": 0.002915690995400992}, "datetime": {"datetime": "2022-09-22 11:13:00", "elapsed": 3367.077201, "delta": 46.915597}}
{"target": -0.016148395691171876, "params": {"alpha": 0.25379949125999235, "batch_size": 155.21216508926705, "drop": 0.21114212679871708, "epochs": 321.88630441804014, "layer1": 119.06031330440777, "layer2": 121.3745846052572, "layer3": 348.6605781024088, "lr": 0.0047316534236919415}, "datetime": {"datetime": "2022-09-22 11:13:45", "elapsed": 3412.328779, "delta": 45.251578}}
{"target": -0.0005530182190954087, "params": {"alpha": 0.23360024675106858, "batch_size": 161.1016963247124, "drop": 0.1749558099756594, "epochs": 329.1571923072268, "layer1": 126.58240149315088, "layer2": 118.24334796372327, "layer3": 338.6155998650969, "lr": 0.001190778750448933}, "datetime": {"datetime": "2022-09-22 11:14:32", "elapsed": 3459.630832, "delta": 47.302053}}
{"target": -0.0007834772226153206, "params": {"alpha": 0.3195554870479775, "batch_size": 160.48739483104572, "drop": 0.16330680366428305, "epochs": 300.73600034160705, "layer1": 121.62046423361078, "layer2": 111.42176208666686, "layer3": 348.313101716001, "lr": 0.0036085613369031297}, "datetime": {"datetime": "2022-09-22 11:15:15", "elapsed": 3502.368461, "delta": 42.737629}}
{"target": -0.0007686594666883492, "params": {"alpha": 0.2725369563909486, "batch_size": 164.85279144991398, "drop": 0.13251981734207777, "epochs": 346.80353129658505, "layer1": 111.32937535925105, "layer2": 120.7036885043668, "layer3": 344.9368808132146, "lr": 0.003412912648734482}, "datetime": {"datetime": "2022-09-22 11:16:01", "elapsed": 3547.885241, "delta": 45.51678}}
{"target": -0.0011700203596726902, "params": {"alpha": 0.2695883557949324, "batch_size": 166.86774251363963, "drop": 0.2173097101733676, "epochs": 320.0173422361835, "layer1": 115.9306699873589, "layer2": 122.11955816542348, "layer3": 343.368444894803, "lr": 0.004095290906301936}, "datetime": {"datetime": "2022-09-22 11:16:47", "elapsed": 3594.636819, "delta": 46.751578}}
{"target": -0.0006279105788514033, "params": {"alpha": 0.23602836397350557, "batch_size": 158.71759076118192, "drop": 0.23445268960543963, "epochs": 337.90522056951124, "layer1": 116.12992305057773, "layer2": 115.1690473428197, "layer3": 346.35803039854363, "lr": 0.0020405144233962445}, "datetime": {"datetime": "2022-09-22 11:17:40", "elapsed": 3647.629128, "delta": 52.992309}}
{"target": -0.0005868625588444902, "params": {"alpha": 0.2528107134609974, "batch_size": 177.8717838506177, "drop": 0.1450791306644364, "epochs": 310.1122835147395, "layer1": 118.68838483014706, "layer2": 121.3504947354949, "layer3": 338.93374226138457, "lr": 0.0012189689571002952}, "datetime": {"datetime": "2022-09-22 11:18:27", "elapsed": 3694.066655, "delta": 46.437527}}
{"target": -0.0006272567573521878, "params": {"alpha": 0.26347043086306476, "batch_size": 171.42028302510454, "drop": 0.231750263078439, "epochs": 335.8513831743337, "layer1": 111.29039200567351, "layer2": 111.61165326471914, "layer3": 335.69026679484193, "lr": 0.003570725897731054}, "datetime": {"datetime": "2022-09-22 11:19:15", "elapsed": 3742.525001, "delta": 48.458346}}
{"target": -0.0007777586774834329, "params": {"alpha": 0.20249617125260094, "batch_size": 152.735223081085, "drop": 0.14561132019070555, "epochs": 326.04633504699893, "layer1": 118.00376652742335, "layer2": 128.2442042201688, "layer3": 335.80840990948315, "lr": 0.004317560255157444}, "datetime": {"datetime": "2022-09-22 11:19:59", "elapsed": 3786.560047, "delta": 44.035046}}
{"target": -0.0009632104778883335, "params": {"alpha": 0.31125410283451815, "batch_size": 167.45604567311395, "drop": 0.23749263303404977, "epochs": 340.1030141449203, "layer1": 124.33392285954832, "layer2": 122.91445265182102, "layer3": 336.3293663532802, "lr": 0.0041268454028263735}, "datetime": {"datetime": "2022-09-22 11:20:50", "elapsed": 3836.995371, "delta": 50.435324}}
{"target": -0.0015885976909120736, "params": {"alpha": 0.26741979465970883, "batch_size": 174.72647357554592, "drop": 0.1607535105609298, "epochs": 306.41928276806254, "layer1": 126.2444336732099, "layer2": 129.9504676451955, "layer3": 343.075192935919, "lr": 0.0037256876436850867}, "datetime": {"datetime": "2022-09-22 11:21:41", "elapsed": 3888.266357, "delta": 51.270986}}
{"target": -0.0006619753852379202, "params": {"alpha": 0.2496997556089175, "batch_size": 184.57813735904995, "drop": 0.14660333344937465, "epochs": 329.487109114463, "layer1": 114.45926203418276, "layer2": 118.60550457821122, "layer3": 334.9144606831493, "lr": 0.0027827603410679924}, "datetime": {"datetime": "2022-09-22 11:22:28", "elapsed": 3935.427483, "delta": 47.161126}}
{"target": -0.0006549906601877993, "params": {"alpha": 0.2868061553450184, "batch_size": 165.8208543907457, "drop": 0.2213798596012469, "epochs": 329.22880970329555, "layer1": 113.13648196961172, "layer2": 127.8112070840881, "layer3": 348.03234818720483, "lr": 0.0031400498710882113}, "datetime": {"datetime": "2022-09-22 11:23:16", "elapsed": 3982.978913, "delta": 47.55143}}
{"target": -0.000928556807013208, "params": {"alpha": 0.20338241556810094, "batch_size": 184.86203462592786, "drop": 0.23008622125730283, "epochs": 307.1387490245344, "layer1": 114.01335647613507, "layer2": 127.41791159389523, "layer3": 347.2683040764221, "lr": 0.004116798890837443}, "datetime": {"datetime": "2022-09-22 11:24:09", "elapsed": 4036.71284, "delta": 53.733927}}
{"target": -0.0005927003598324546, "params": {"alpha": 0.23869986124068332, "batch_size": 178.84823317489926, "drop": 0.13534108492362198, "epochs": 300.07867515155004, "layer1": 112.9278747505819, "layer2": 122.1419134718074, "layer3": 337.1620571081741, "lr": 0.004129306445465738}, "datetime": {"datetime": "2022-09-22 11:24:55", "elapsed": 4082.659064, "delta": 45.946224}}
{"target": -0.0008003422169335066, "params": {"alpha": 0.2646759423976882, "batch_size": 168.79989153236846, "drop": 0.19541862327103243, "epochs": 340.36179743694623, "layer1": 117.24681323560091, "layer2": 113.86661812968012, "layer3": 344.2042745094369, "lr": 0.002255998862883763}, "datetime": {"datetime": "2022-09-22 11:25:45", "elapsed": 4132.618769, "delta": 49.959705}}
{"target": -0.0007018836543763629, "params": {"alpha": 0.28370894328994023, "batch_size": 150.6241850621996, "drop": 0.1882445713468434, "epochs": 329.41609546750135, "layer1": 124.22223879919797, "layer2": 126.43938401049287, "layer3": 345.0201866520374, "lr": 0.004526185993288275}, "datetime": {"datetime": "2022-09-22 11:26:32", "elapsed": 4178.911366, "delta": 46.292597}}
{"target": -0.0008379416036720863, "params": {"alpha": 0.283028753000401, "batch_size": 178.54101428844007, "drop": 0.19128801425091324, "epochs": 349.2964500478414, "layer1": 128.1558329003109, "layer2": 125.54527603912373, "layer3": 331.8155363579263, "lr": 0.0034360070369839563}, "datetime": {"datetime": "2022-09-22 11:27:24", "elapsed": 4231.323825, "delta": 52.412459}}
{"target": -0.001979570835867462, "params": {"alpha": 0.30038690462361944, "batch_size": 167.16170915508872, "drop": 0.2366240416447155, "epochs": 342.0284926272539, "layer1": 111.830396408304, "layer2": 115.72762603445612, "layer3": 339.5415409511164, "lr": 0.004859482486483924}, "datetime": {"datetime": "2022-09-22 11:28:17", "elapsed": 4284.121022, "delta": 52.797197}}
{"target": -0.0008602129760455018, "params": {"alpha": 0.24225752950112114, "batch_size": 173.8519037234647, "drop": 0.20067057402902486, "epochs": 325.43843448106657, "layer1": 114.48045369899965, "layer2": 129.2512111491618, "layer3": 337.05957109184146, "lr": 0.004798567316924348}, "datetime": {"datetime": "2022-09-22 11:29:04", "elapsed": 4330.852639, "delta": 46.731617}}
{"target": -0.0007779648627978404, "params": {"alpha": 0.2473015608946538, "batch_size": 178.40521409280313, "drop": 0.17324229958437226, "epochs": 342.7094525209327, "layer1": 112.99233322459173, "layer2": 111.06162384452752, "layer3": 337.8118790431288, "lr": 0.00300601863255607}, "datetime": {"datetime": "2022-09-22 11:29:57", "elapsed": 4384.01178, "delta": 53.159141}}
{"target": -0.01400818083790579, "params": {"alpha": 0.2923846649476152, "batch_size": 169.21362921922037, "drop": 0.1419420525459434, "epochs": 344.4937722044056, "layer1": 115.93026565883541, "layer2": 124.49501734474391, "layer3": 338.76763313212945, "lr": 0.004530322866470527}, "datetime": {"datetime": "2022-09-22 11:30:44", "elapsed": 4431.24194, "delta": 47.23016}}
{"target": -0.0007452329727828526, "params": {"alpha": 0.280413886877944, "batch_size": 183.81670771509135, "drop": 0.23807285857068544, "epochs": 307.02075607079513, "layer1": 122.56435164715165, "layer2": 127.78428623377891, "layer3": 339.01460795428864, "lr": 0.003770258948392607}, "datetime": {"datetime": "2022-09-22 11:31:28", "elapsed": 4475.15226, "delta": 43.91032}}
{"target": -0.0010748669608562618, "params": {"alpha": 0.25285775206564987, "batch_size": 164.8291037768734, "drop": 0.17767629923232803, "epochs": 333.6180435423167, "layer1": 120.73607980925028, "layer2": 129.75830536850702, "layer3": 335.9974700509688, "lr": 0.0036227840982270177}, "datetime": {"datetime": "2022-09-22 11:32:17", "elapsed": 4524.618549, "delta": 49.466289}}
{"target": -0.001193957305625573, "params": {"alpha": 0.2967374905538671, "batch_size": 182.98909025660862, "drop": 0.15317818557269364, "epochs": 311.9611016662591, "layer1": 112.99800100743374, "layer2": 115.69765878800878, "layer3": 342.82260298351616, "lr": 0.0022248049171012547}, "datetime": {"datetime": "2022-09-22 11:33:08", "elapsed": 4574.963396, "delta": 50.344847}}
{"target": -0.000650983621212822, "params": {"alpha": 0.2599798368718922, "batch_size": 164.4376463250302, "drop": 0.21737176258982902, "epochs": 345.0112752297658, "layer1": 128.63781782682702, "layer2": 114.29386771900755, "layer3": 337.6847049976686, "lr": 0.0005965053168284452}, "datetime": {"datetime": "2022-09-22 11:33:55", "elapsed": 4622.54062, "delta": 47.577224}}
{"target": -0.0006660685671718743, "params": {"alpha": 0.23193626537201606, "batch_size": 176.5464405722091, "drop": 0.13095417109091415, "epochs": 311.1716887899549, "layer1": 124.45718908199217, "layer2": 114.57107062146086, "layer3": 331.6057083485018, "lr": 0.002212750669852344}, "datetime": {"datetime": "2022-09-22 11:34:41", "elapsed": 4668.648322, "delta": 46.107702}}
{"target": -0.0007261763332133682, "params": {"alpha": 0.26998296362718033, "batch_size": 173.48587157432576, "drop": 0.22025752340452293, "epochs": 315.2292645435267, "layer1": 126.88620242307802, "layer2": 119.71199895328927, "layer3": 332.39485549285223, "lr": 0.002945632427572201}, "datetime": {"datetime": "2022-09-22 11:35:30", "elapsed": 4717.207942, "delta": 48.55962}}
{"target": -0.0006487507428838164, "params": {"alpha": 0.22008609013327754, "batch_size": 186.31273258176694, "drop": 0.17575394256428642, "epochs": 317.3278776752548, "layer1": 113.31739226642875, "layer2": 110.60163842302792, "layer3": 337.4334225575878, "lr": 0.0029300436641958934}, "datetime": {"datetime": "2022-09-22 11:36:19", "elapsed": 4766.705108, "delta": 49.497166}}
{"target": -0.0011279917340276113, "params": {"alpha": 0.31526248235628096, "batch_size": 171.6923485648242, "drop": 0.15907969552850376, "epochs": 305.0805029460116, "layer1": 116.40616118140215, "layer2": 120.52939070573981, "layer3": 339.1695670626382, "lr": 0.003707691763013924}, "datetime": {"datetime": "2022-09-22 11:37:08", "elapsed": 4815.694848, "delta": 48.98974}}
{"target": -0.0005819396242083694, "params": {"alpha": 0.24821239769258358, "batch_size": 166.75860487031966, "drop": 0.2124527527999333, "epochs": 346.2676436314367, "layer1": 126.54308898675144, "layer2": 122.76844376909735, "layer3": 342.9729019447931, "lr": 0.002818282597875167}, "datetime": {"datetime": "2022-09-22 11:38:00", "elapsed": 4866.929739, "delta": 51.234891}}
{"target": -0.000550542253836603, "params": {"alpha": 0.24051656815724876, "batch_size": 157.24538901510016, "drop": 0.1668807253119983, "epochs": 322.4876764250344, "layer1": 116.51261902434653, "layer2": 127.61340455634837, "layer3": 343.76667056730497, "lr": 0.0011663239776406016}, "datetime": {"datetime": "2022-09-22 11:38:46", "elapsed": 4913.53078, "delta": 46.601041}}
{"target": -0.0007413704746960151, "params": {"alpha": 0.2900121003311599, "batch_size": 173.51299697434027, "drop": 0.13215123315739455, "epochs": 327.4510382938337, "layer1": 120.38331280542721, "layer2": 115.66132167243603, "layer3": 330.36136906397553, "lr": 0.0019529523662713618}, "datetime": {"datetime": "2022-09-22 11:39:36", "elapsed": 4963.362673, "delta": 49.831893}}
{"target": -0.0006506359807897672, "params": {"alpha": 0.2748351770308142, "batch_size": 168.83613692158625, "drop": 0.1755021056154084, "epochs": 304.54658669599223, "layer1": 126.23606291697136, "layer2": 121.01883584229469, "layer3": 340.4527580850164, "lr": 0.0007627280583786584}, "datetime": {"datetime": "2022-09-22 11:40:24", "elapsed": 5010.876291, "delta": 47.513618}}
{"target": -0.000744296534380286, "params": {"alpha": 0.2939928469966485, "batch_size": 156.5357625953798, "drop": 0.17313103277181016, "epochs": 321.6365161278672, "layer1": 125.22977819871213, "layer2": 120.78095347184608, "layer3": 338.11968015087353, "lr": 0.0022531858759786893}, "datetime": {"datetime": "2022-09-22 11:41:12", "elapsed": 5058.881375, "delta": 48.005084}}
{"target": -0.0009288350303419383, "params": {"alpha": 0.2491680140459906, "batch_size": 165.4279550286699, "drop": 0.12197482594906549, "epochs": 307.82773354289367, "layer1": 126.62800678950052, "layer2": 128.84088998379366, "layer3": 338.8302610372345, "lr": 0.002704420157983336}, "datetime": {"datetime": "2022-09-22 11:42:00", "elapsed": 5107.413423, "delta": 48.532048}}
{"target": -0.0013027465363304542, "params": {"alpha": 0.2863424450768855, "batch_size": 184.23135368651566, "drop": 0.12681814774093333, "epochs": 322.92624603733424, "layer1": 113.82054112456123, "layer2": 117.90449545489182, "layer3": 345.11957990289966, "lr": 0.0040406386206048965}, "datetime": {"datetime": "2022-09-22 11:42:49", "elapsed": 5155.959162, "delta": 48.545739}}
{"target": -0.0017330834061517937, "params": {"alpha": 0.23349960568243067, "batch_size": 169.23347380390285, "drop": 0.16165645246525373, "epochs": 336.62228447229506, "layer1": 116.95131694054544, "layer2": 129.65160039289952, "layer3": 344.6808418674391, "lr": 0.004698110527484209}, "datetime": {"datetime": "2022-09-22 11:43:42", "elapsed": 5209.01307, "delta": 53.053908}}
{"target": -0.0009374771743944067, "params": {"alpha": 0.20593275216974533, "batch_size": 186.36564840985574, "drop": 0.2337470745093787, "epochs": 301.12298282521306, "layer1": 129.0355546315278, "layer2": 117.55306941052598, "layer3": 332.4678322270854, "lr": 0.002919128083744913}, "datetime": {"datetime": "2022-09-22 11:44:30", "elapsed": 5257.31556, "delta": 48.30249}}
{"target": -0.0008772125726587136, "params": {"alpha": 0.22784884233479996, "batch_size": 163.58516287836122, "drop": 0.19948837421645227, "epochs": 325.82754898169367, "layer1": 113.34797360041034, "layer2": 115.16895219493512, "layer3": 331.26904890847385, "lr": 0.002679173787566283}, "datetime": {"datetime": "2022-09-22 11:45:18", "elapsed": 5305.545707, "delta": 48.230147}}
{"target": -0.0006958853531202859, "params": {"alpha": 0.297621648682349, "batch_size": 180.15315727002906, "drop": 0.1307811210452185, "epochs": 339.84849895901647, "layer1": 129.89503383304154, "layer2": 113.58732371916399, "layer3": 341.1114675607785, "lr": 0.0026187999896695193}, "datetime": {"datetime": "2022-09-22 11:46:09", "elapsed": 5356.126775, "delta": 50.581068}}
{"target": -0.0004976230156553467, "params": {"alpha": 0.2879435484621368, "batch_size": 186.76148358618042, "drop": 0.2168783410842267, "epochs": 310.4840961571428, "layer1": 111.48266550644874, "layer2": 128.07924936525075, "layer3": 340.68243009648387, "lr": 0.0010458706331713595}, "datetime": {"datetime": "2022-09-22 11:46:54", "elapsed": 5401.754527, "delta": 45.627752}}
{"target": -0.0008407400524607505, "params": {"alpha": 0.3044661670966087, "batch_size": 173.1025707703324, "drop": 0.18974961061324241, "epochs": 335.56180388006965, "layer1": 123.89306633251836, "layer2": 126.40593487284363, "layer3": 335.5841816136368, "lr": 0.003272410269958548}, "datetime": {"datetime": "2022-09-22 11:47:42", "elapsed": 5449.353912, "delta": 47.599385}}
{"target": -0.0011947208130734667, "params": {"alpha": 0.23619663257159107, "batch_size": 162.59904438910638, "drop": 0.1610509816340691, "epochs": 346.96942844857637, "layer1": 128.11202662500017, "layer2": 127.00802887598854, "layer3": 333.28086230794503, "lr": 0.0017971240251232954}, "datetime": {"datetime": "2022-09-22 11:48:33", "elapsed": 5500.725759, "delta": 51.371847}}
{"target": -0.0010997892883837332, "params": {"alpha": 0.28014858106478, "batch_size": 157.76936111126614, "drop": 0.1203175727061506, "epochs": 333.93743549866264, "layer1": 116.24726986744541, "layer2": 114.70073640786106, "layer3": 344.40016424142345, "lr": 0.0043620617076890866}, "datetime": {"datetime": "2022-09-22 11:49:24", "elapsed": 5550.960997, "delta": 50.235238}}
