{"target": -0.07549042948085116, "params": {"alpha": 0.1384165699826849, "batch_size": 64.08681512449726, "drop": 0.07883808670095546, "layer1": 221.88704123716212, "layer2": 339.69247653680605, "layer3": 145.55584180916853}, "datetime": {"datetime": "2022-10-26 10:40:13", "elapsed": 0.0, "delta": 0.0}}
{"target": -0.07538914815086173, "params": {"alpha": 0.15010463895489987, "batch_size": 65.31512565726635, "drop": 0.08139458720455309, "layer1": 199.76077715942688, "layer2": 359.0897434934204, "layer3": 116.15192940951205}, "datetime": {"datetime": "2022-10-26 10:43:12", "elapsed": 179.636614, "delta": 179.636614}}
{"target": -0.07868029570090584, "params": {"alpha": 0.13089874149343747, "batch_size": 69.04611860567806, "drop": 0.08309558763875116, "layer1": 167.31466402471474, "layer2": 468.133758675908, "layer3": 107.23259472900794}, "datetime": {"datetime": "2022-10-26 10:45:31", "elapsed": 318.632578, "delta": 138.995964}}
{"target": -0.07868916327424813, "params": {"alpha": 0.15536642394925032, "batch_size": 62.899109739342, "drop": 0.08670947767329203, "layer1": 220.4530381523744, "layer2": 364.4072970503146, "layer3": 118.33753554034226}, "datetime": {"datetime": "2022-10-26 10:48:09", "elapsed": 476.315308, "delta": 157.68273}}
{"target": -0.0796289441495901, "params": {"alpha": 0.13685681001986238, "batch_size": 68.40895944132194, "drop": 0.08272916434510905, "layer1": 164.33586852507403, "layer2": 353.68899691029503, "layer3": 135.0474629886793}, "datetime": {"datetime": "2022-10-26 10:50:12", "elapsed": 599.665539, "delta": 123.350231}}
{"target": -0.07524040483986028, "params": {"alpha": 0.1417096975332466, "batch_size": 56.42667513082646, "drop": 0.0900769265507866, "layer1": 224.79067020315554, "layer2": 346.8927171062791, "layer3": 115.2789206657262}, "datetime": {"datetime": "2022-10-26 10:53:20", "elapsed": 787.648635, "delta": 187.983096}}
{"target": -0.08020496352401096, "params": {"alpha": 0.1701491142792273, "batch_size": 52.32737838658533, "drop": 0.08615090533916589, "layer1": 168.65155645313712, "layer2": 461.0384174123163, "layer3": 149.21428321864826}, "datetime": {"datetime": "2022-10-26 10:55:44", "elapsed": 931.107714, "delta": 143.459079}}
{"target": -0.08180049917427823, "params": {"alpha": 0.14568202931369004, "batch_size": 59.4475421619759, "drop": 0.0736577818833194, "layer1": 210.71807826809223, "layer2": 384.5499027404028, "layer3": 118.45133254753674}, "datetime": {"datetime": "2022-10-26 10:57:36", "elapsed": 1043.51636, "delta": 112.408646}}
{"target": -0.0771720806369558, "params": {"alpha": 0.17254119309754218, "batch_size": 52.36695172649676, "drop": 0.08410114650695585, "layer1": 167.3232248295176, "layer2": 478.8124156659144, "layer3": 139.54255670738854}, "datetime": {"datetime": "2022-10-26 11:00:05", "elapsed": 1191.796556, "delta": 148.280196}}
{"target": -0.07573559742013458, "params": {"alpha": 0.15436257946812335, "batch_size": 63.11660455956771, "drop": 0.08200753972343532, "layer1": 166.55903433077472, "layer2": 440.9999183428711, "layer3": 109.00447183418233}, "datetime": {"datetime": "2022-10-26 11:02:17", "elapsed": 1324.574567, "delta": 132.778011}}
{"target": -0.0788274519436527, "params": {"alpha": 0.13316410955344699, "batch_size": 61.98001539562052, "drop": 0.07495184342600388, "layer1": 210.09177734115295, "layer2": 440.3125622483798, "layer3": 110.13018322828918}, "datetime": {"datetime": "2022-10-26 11:04:44", "elapsed": 1471.334946, "delta": 146.760379}}
{"target": -0.07722736881987657, "params": {"alpha": 0.14347065455058494, "batch_size": 61.6888230502001, "drop": 0.08205328813728782, "layer1": 224.94801806585642, "layer2": 372.06769497038965, "layer3": 129.70732199660907}, "datetime": {"datetime": "2022-10-26 11:06:52", "elapsed": 1599.510138, "delta": 128.175192}}
{"target": -0.07849851499486249, "params": {"alpha": 0.13563043632146313, "batch_size": 54.403449344536455, "drop": 0.07265810034284167, "layer1": 208.58845901420707, "layer2": 404.2897826478841, "layer3": 143.701175428901}, "datetime": {"datetime": "2022-10-26 11:09:29", "elapsed": 1756.619915, "delta": 157.109777}}
{"target": -0.08082215572358109, "params": {"alpha": 0.14445138564142807, "batch_size": 67.76957676250001, "drop": 0.08197123201700708, "layer1": 195.1465328902576, "layer2": 398.1152172893327, "layer3": 126.88879404879252}, "datetime": {"datetime": "2022-10-26 11:11:20", "elapsed": 1867.39976, "delta": 110.779845}}
{"target": -0.07483918125217315, "params": {"alpha": 0.13905452481546274, "batch_size": 61.386213880404746, "drop": 0.08039873215304809, "layer1": 184.88051517812437, "layer2": 479.02456189577725, "layer3": 144.83459214888805}, "datetime": {"datetime": "2022-10-26 11:13:24", "elapsed": 1991.232268, "delta": 123.832508}}
{"target": -0.07482290584448492, "params": {"alpha": 0.1493400085482064, "batch_size": 63.413192125868754, "drop": 0.06774895809201623, "layer1": 215.99579363404675, "layer2": 477.43969160199504, "layer3": 122.5243786327543}, "datetime": {"datetime": "2022-10-26 11:15:28", "elapsed": 2114.849208, "delta": 123.61694}}
{"target": -0.07965816621435806, "params": {"alpha": 0.1534313863739475, "batch_size": 74.05725669186359, "drop": 0.08171588254278382, "layer1": 194.76669855000648, "layer2": 419.22413423355215, "layer3": 146.1778185930058}, "datetime": {"datetime": "2022-10-26 11:17:32", "elapsed": 2239.394058, "delta": 124.54485}}
{"target": -0.0743093914934434, "params": {"alpha": 0.14040215301602715, "batch_size": 67.30255039119726, "drop": 0.07143130698451858, "layer1": 179.44960439446658, "layer2": 432.72854297128174, "layer3": 139.71972664980473}, "datetime": {"datetime": "2022-10-26 11:20:09", "elapsed": 2395.96361, "delta": 156.569552}}
{"target": -0.07172544428613037, "params": {"alpha": 0.1433276812695311, "batch_size": 55.759482765501005, "drop": 0.09026134692568258, "layer1": 211.7522540790714, "layer2": 428.75223619883815, "layer3": 142.5069162129666}, "datetime": {"datetime": "2022-10-26 11:23:51", "elapsed": 2617.94399, "delta": 221.98038}}
{"target": -0.0800873567641247, "params": {"alpha": 0.14211406940774415, "batch_size": 59.84324912621421, "drop": 0.08282636158309775, "layer1": 191.8895596139352, "layer2": 417.9540296667392, "layer3": 136.91579229783005}, "datetime": {"datetime": "2022-10-26 11:26:25", "elapsed": 2772.712437, "delta": 154.768447}}
{"target": -0.07755776096018963, "params": {"alpha": 0.1721648127392575, "batch_size": 64.5486818582026, "drop": 0.08002852505088981, "layer1": 160.48124434303833, "layer2": 475.12990612322074, "layer3": 126.43683702369218}, "datetime": {"datetime": "2022-10-26 11:29:18", "elapsed": 2944.985194, "delta": 172.272757}}
{"target": -0.07793703844072297, "params": {"alpha": 0.14281164523857018, "batch_size": 70.48625614776559, "drop": 0.06824948298743894, "layer1": 205.15557277789603, "layer2": 442.82368474496957, "layer3": 125.5384868592637}, "datetime": {"datetime": "2022-10-26 11:31:25", "elapsed": 3072.043793, "delta": 127.058599}}
{"target": -0.074424865488254, "params": {"alpha": 0.1549342324859661, "batch_size": 68.37603401576803, "drop": 0.08040663377593385, "layer1": 222.37656985916823, "layer2": 462.96950806980846, "layer3": 134.67195107549622}, "datetime": {"datetime": "2022-10-26 11:34:44", "elapsed": 3270.946619, "delta": 198.902826}}
{"target": -0.07797663784003817, "params": {"alpha": 0.1273357940361959, "batch_size": 66.937896813604, "drop": 0.07143762965734836, "layer1": 200.3751936214049, "layer2": 346.48417343370505, "layer3": 139.09041282541835}, "datetime": {"datetime": "2022-10-26 11:36:48", "elapsed": 3395.095459, "delta": 124.14884}}
{"target": -0.07748873031232506, "params": {"alpha": 0.15545901706117451, "batch_size": 58.48383380714266, "drop": 0.09441489467422451, "layer1": 199.01643790229176, "layer2": 391.1416944765345, "layer3": 116.96316404966399}, "datetime": {"datetime": "2022-10-26 11:39:47", "elapsed": 3573.940839, "delta": 178.84538}}
{"target": -0.08018801054276992, "params": {"alpha": 0.16050012276113004, "batch_size": 61.89909163767358, "drop": 0.07967773202100822, "layer1": 195.2855088580616, "layer2": 381.9898771425502, "layer3": 125.8583107218528}, "datetime": {"datetime": "2022-10-26 11:42:19", "elapsed": 3725.838797, "delta": 151.897958}}
{"target": -0.07819094207661692, "params": {"alpha": 0.13114658042417535, "batch_size": 64.89692065915271, "drop": 0.09208230891019926, "layer1": 165.6177367665345, "layer2": 417.7490865709323, "layer3": 134.74285526627438}, "datetime": {"datetime": "2022-10-26 11:44:28", "elapsed": 3855.508296, "delta": 129.669499}}
{"target": -0.07735223334748298, "params": {"alpha": 0.15051408979784944, "batch_size": 72.77331960107408, "drop": 0.08390159194389185, "layer1": 221.49208827162803, "layer2": 391.4183094095408, "layer3": 141.022259970932}, "datetime": {"datetime": "2022-10-26 11:46:22", "elapsed": 3969.184252, "delta": 113.675956}}
{"target": -0.07982215720403474, "params": {"alpha": 0.16918932503322717, "batch_size": 60.94842718850253, "drop": 0.09557112302221127, "layer1": 191.53119967465025, "layer2": 442.18181099199654, "layer3": 148.522794373883}, "datetime": {"datetime": "2022-10-26 11:48:58", "elapsed": 4125.424421, "delta": 156.240169}}
{"target": -0.07538190402556211, "params": {"alpha": 0.1738157136482967, "batch_size": 73.5199497415117, "drop": 0.07677208047870483, "layer1": 185.13650416594464, "layer2": 342.0595271362744, "layer3": 128.37012440119446}, "datetime": {"datetime": "2022-10-26 11:51:46", "elapsed": 4293.145555, "delta": 167.721134}}
{"target": -0.07544503205281217, "params": {"alpha": 0.1265996185184347, "batch_size": 62.67109860729974, "drop": 0.07221928817491084, "layer1": 222.42424409998628, "layer2": 444.3346500455803, "layer3": 145.90202501116892}, "datetime": {"datetime": "2022-10-26 11:54:24", "elapsed": 4451.021109, "delta": 157.875554}}
{"target": -0.07364064003922977, "params": {"alpha": 0.13786887082848331, "batch_size": 69.24562343781487, "drop": 0.08325397596529474, "layer1": 186.38994931599382, "layer2": 444.5639026242227, "layer3": 114.13024492721563}, "datetime": {"datetime": "2022-10-26 11:56:54", "elapsed": 4601.36527, "delta": 150.344161}}
{"target": -0.07989572623046115, "params": {"alpha": 0.15113172707544442, "batch_size": 65.97074864123893, "drop": 0.09002643402712274, "layer1": 211.08566912886928, "layer2": 411.15514592035925, "layer3": 132.6778123701534}, "datetime": {"datetime": "2022-10-26 11:58:54", "elapsed": 4721.184751, "delta": 119.819481}}
{"target": -0.07777575774525758, "params": {"alpha": 0.17029639589628193, "batch_size": 71.0704380398616, "drop": 0.07858014478574947, "layer1": 209.35634953481383, "layer2": 342.24877894484473, "layer3": 137.24629614188427}, "datetime": {"datetime": "2022-10-26 12:01:26", "elapsed": 4873.610035, "delta": 152.425284}}
{"target": -0.08069550858635921, "params": {"alpha": 0.15119340225077255, "batch_size": 69.6476691239197, "drop": 0.08130963707580066, "layer1": 206.936566251393, "layer2": 485.69701293225205, "layer3": 121.11585357425511}, "datetime": {"datetime": "2022-10-26 12:03:27", "elapsed": 4994.067134, "delta": 120.457099}}
{"target": -0.08119144695228897, "params": {"alpha": 0.13227941364319062, "batch_size": 64.72168909191734, "drop": 0.09423179447183741, "layer1": 196.07960451587093, "layer2": 454.795681709195, "layer3": 105.98689425818549}, "datetime": {"datetime": "2022-10-26 12:05:39", "elapsed": 5126.456286, "delta": 132.389152}}
{"target": -0.07515912784583634, "params": {"alpha": 0.16168511792178286, "batch_size": 72.5426172329837, "drop": 0.06903588777279622, "layer1": 189.29912527055018, "layer2": 424.2966572958028, "layer3": 112.5093466457013}, "datetime": {"datetime": "2022-10-26 12:08:21", "elapsed": 5288.565917, "delta": 162.109631}}
{"target": -0.07527743491664296, "params": {"alpha": 0.1260006360887352, "batch_size": 70.24535467758527, "drop": 0.08121804532195999, "layer1": 218.67546732571364, "layer2": 362.57278735482913, "layer3": 112.41215051010866}, "datetime": {"datetime": "2022-10-26 12:10:24", "elapsed": 5411.723955, "delta": 123.158038}}
{"target": -0.0767409619584214, "params": {"alpha": 0.1649299267404223, "batch_size": 71.68318313084157, "drop": 0.07311201483980165, "layer1": 176.36431462825988, "layer2": 362.5056752986929, "layer3": 118.17445154342184}, "datetime": {"datetime": "2022-10-26 12:12:50", "elapsed": 5557.664312, "delta": 145.940357}}
{"target": -0.07362832548096776, "params": {"alpha": 0.14967533805859518, "batch_size": 55.29536309722697, "drop": 0.09245532777398621, "layer1": 226.81707769923898, "layer2": 481.25035629450565, "layer3": 145.0272433552691}, "datetime": {"datetime": "2022-10-26 12:15:22", "elapsed": 5709.543598, "delta": 151.879286}}
{"target": -0.07790631570969708, "params": {"alpha": 0.15367888154303874, "batch_size": 71.89107168385873, "drop": 0.07250959083021591, "layer1": 205.55030670652906, "layer2": 361.5632771330188, "layer3": 104.11904708776396}, "datetime": {"datetime": "2022-10-26 12:17:56", "elapsed": 5863.745393, "delta": 154.201795}}
{"target": -0.07502718744945014, "params": {"alpha": 0.155987582064037, "batch_size": 68.90707636272165, "drop": 0.08851142767569307, "layer1": 214.92522739793586, "layer2": 427.1646044784917, "layer3": 124.22037597776801}, "datetime": {"datetime": "2022-10-26 12:20:29", "elapsed": 6015.761594, "delta": 152.016201}}
{"target": -0.07458941581717227, "params": {"alpha": 0.13235817296139676, "batch_size": 63.65453844511836, "drop": 0.08585192156400864, "layer1": 200.09268917668788, "layer2": 425.66148927775384, "layer3": 128.87417064930005}, "datetime": {"datetime": "2022-10-26 12:23:38", "elapsed": 6205.246076, "delta": 189.484482}}
{"target": -0.07853149327274878, "params": {"alpha": 0.14863700313812064, "batch_size": 60.1822180689513, "drop": 0.0918026984081846, "layer1": 182.25704263456393, "layer2": 403.7673702912459, "layer3": 139.86414187804206}, "datetime": {"datetime": "2022-10-26 12:25:52", "elapsed": 6338.881609, "delta": 133.635533}}
{"target": -0.08011758836801164, "params": {"alpha": 0.13199734957964404, "batch_size": 53.8188855852124, "drop": 0.0956588871295195, "layer1": 221.52717190342085, "layer2": 340.5084785351023, "layer3": 121.37535354198235}, "datetime": {"datetime": "2022-10-26 12:28:33", "elapsed": 6500.503672, "delta": 161.622063}}
{"target": -0.0772771909396397, "params": {"alpha": 0.1504570099587217, "batch_size": 68.84678806741508, "drop": 0.08759066995027387, "layer1": 187.34651538705748, "layer2": 391.491557621878, "layer3": 141.39046683467203}, "datetime": {"datetime": "2022-10-26 12:31:20", "elapsed": 6667.242713, "delta": 166.739041}}
{"target": -0.07458896106982138, "params": {"alpha": 0.15397188037502219, "batch_size": 66.40886163655331, "drop": 0.07589034042970416, "layer1": 226.67046089437184, "layer2": 385.0586640967573, "layer3": 117.29227078528125}, "datetime": {"datetime": "2022-10-26 12:34:12", "elapsed": 6839.707874, "delta": 172.465161}}
{"target": -0.0763416028348729, "params": {"alpha": 0.14257104834272022, "batch_size": 67.07994483152248, "drop": 0.07735949648723743, "layer1": 221.68229203841412, "layer2": 427.44627572333553, "layer3": 106.88167367711381}, "datetime": {"datetime": "2022-10-26 12:36:57", "elapsed": 7003.882099, "delta": 164.174225}}
{"target": -0.08212426109821536, "params": {"alpha": 0.14668520709489694, "batch_size": 74.60261319434804, "drop": 0.07271022029253528, "layer1": 209.5864837235062, "layer2": 420.28712918901743, "layer3": 115.90789414870139}, "datetime": {"datetime": "2022-10-26 12:38:52", "elapsed": 7119.414085, "delta": 115.531986}}
{"target": -0.08208008694055025, "params": {"alpha": 0.1716483815392453, "batch_size": 74.73752634446025, "drop": 0.07992623028729957, "layer1": 172.2690048782099, "layer2": 372.4812458271899, "layer3": 132.54730062886497}, "datetime": {"datetime": "2022-10-26 12:40:42", "elapsed": 7229.614107, "delta": 110.200022}}
{"target": -0.07424532668665051, "params": {"alpha": 0.125954420977958, "batch_size": 58.476682481410165, "drop": 0.07339544570182273, "layer1": 173.7441951213479, "layer2": 479.28265781797575, "layer3": 111.37346593976226}, "datetime": {"datetime": "2022-10-26 12:43:25", "elapsed": 7392.201071, "delta": 162.586964}}
{"target": -0.07972587809490506, "params": {"alpha": 0.16369130184641167, "batch_size": 53.48295520428887, "drop": 0.07649342060683109, "layer1": 173.38974537545153, "layer2": 414.427452403728, "layer3": 139.76615825970117}, "datetime": {"datetime": "2022-10-26 12:46:03", "elapsed": 7549.788765, "delta": 157.587694}}
{"target": -0.07599463060614653, "params": {"alpha": 0.14310937184378414, "batch_size": 67.76889556300868, "drop": 0.08741914667655831, "layer1": 200.57691067001386, "layer2": 439.0754482128988, "layer3": 129.9012320701645}, "datetime": {"datetime": "2022-10-26 12:48:25", "elapsed": 7691.868265, "delta": 142.0795}}
{"target": -0.07564863153675105, "params": {"alpha": 0.16922846643697587, "batch_size": 68.47683053214753, "drop": 0.0818765313434166, "layer1": 191.19787851676938, "layer2": 382.1511185946754, "layer3": 140.18195442128751}, "datetime": {"datetime": "2022-10-26 12:50:45", "elapsed": 7832.21993, "delta": 140.351665}}
{"target": -0.07689084668527357, "params": {"alpha": 0.13636342350822858, "batch_size": 52.616988339259656, "drop": 0.07783740011949236, "layer1": 160.58127274257492, "layer2": 346.7226825983598, "layer3": 121.44999639598946}, "datetime": {"datetime": "2022-10-26 12:54:09", "elapsed": 8036.176739, "delta": 203.956809}}
{"target": -0.0837849347590236, "params": {"alpha": 0.12314867014434187, "batch_size": 74.33599623071538, "drop": 0.09189605060192901, "layer1": 190.87362392258683, "layer2": 393.15581532080347, "layer3": 135.99222019559684}, "datetime": {"datetime": "2022-10-26 12:55:53", "elapsed": 8140.305477, "delta": 104.128738}}
{"target": -0.07410782927763648, "params": {"alpha": 0.1305848114028042, "batch_size": 67.04994066490265, "drop": 0.07747215563182505, "layer1": 206.10045907551742, "layer2": 487.66677329112326, "layer3": 136.29656155309783}, "datetime": {"datetime": "2022-10-26 12:58:01", "elapsed": 8267.956089, "delta": 127.650612}}
{"target": -0.07289285349543206, "params": {"alpha": 0.1740912112314253, "batch_size": 72.6063218119663, "drop": 0.08158477816332074, "layer1": 219.86545083414717, "layer2": 461.44791387761035, "layer3": 115.74907552204492}, "datetime": {"datetime": "2022-10-26 13:00:11", "elapsed": 8397.948081, "delta": 129.991992}}
{"target": -0.07583581464132294, "params": {"alpha": 0.1443138780348898, "batch_size": 51.96716316572037, "drop": 0.07950271945799763, "layer1": 209.41491450760554, "layer2": 468.1567163378579, "layer3": 118.20878653587476}, "datetime": {"datetime": "2022-10-26 13:02:55", "elapsed": 8562.643995, "delta": 164.695914}}
{"target": -0.0750427079765359, "params": {"alpha": 0.1366865995404926, "batch_size": 69.9758674425788, "drop": 0.0689162500877931, "layer1": 165.85521979118482, "layer2": 473.94477889385405, "layer3": 132.4754258238196}, "datetime": {"datetime": "2022-10-26 13:05:25", "elapsed": 8712.174472, "delta": 149.530477}}
{"target": -0.07558423476439202, "params": {"alpha": 0.1307627695211379, "batch_size": 73.61944429393871, "drop": 0.07724874383078659, "layer1": 212.13941420559274, "layer2": 443.8118859545526, "layer3": 115.14301508437161}, "datetime": {"datetime": "2022-10-26 13:07:27", "elapsed": 8834.371288, "delta": 122.196816}}
{"target": -0.07751665179966949, "params": {"alpha": 0.1399980653747269, "batch_size": 71.72365425319728, "drop": 0.07617476764740232, "layer1": 201.88508068481894, "layer2": 360.1386110804343, "layer3": 109.52822818846863}, "datetime": {"datetime": "2022-10-26 13:09:46", "elapsed": 8972.951858, "delta": 138.58057}}
{"target": -0.07801609172020108, "params": {"alpha": 0.14216193477634875, "batch_size": 65.30496687755179, "drop": 0.07857133313517342, "layer1": 174.98894088196852, "layer2": 388.30862448356527, "layer3": 122.22409814617541}, "datetime": {"datetime": "2022-10-26 13:11:58", "elapsed": 9105.170039, "delta": 132.218181}}
{"target": -0.07389369329757756, "params": {"alpha": 0.1403530424603992, "batch_size": 73.12711889223755, "drop": 0.06837209285513778, "layer1": 185.0677039687345, "layer2": 454.69406464566754, "layer3": 114.2389812279475}, "datetime": {"datetime": "2022-10-26 13:14:28", "elapsed": 9255.30598, "delta": 150.135941}}
{"target": -0.0745740453567123, "params": {"alpha": 0.12423649622113872, "batch_size": 63.913273264935825, "drop": 0.08401955376513957, "layer1": 216.74106951779487, "layer2": 370.9024710113175, "layer3": 147.560593580993}, "datetime": {"datetime": "2022-10-26 13:17:53", "elapsed": 9460.224447, "delta": 204.918467}}
{"target": -0.0769963298807852, "params": {"alpha": 0.14573267357171574, "batch_size": 68.56056107571753, "drop": 0.09329541725443422, "layer1": 169.84523837483184, "layer2": 349.27744848880934, "layer3": 127.53744430667925}, "datetime": {"datetime": "2022-10-26 13:20:18", "elapsed": 9605.507418, "delta": 145.282971}}
{"target": -0.07698672561673447, "params": {"alpha": 0.14392727165909786, "batch_size": 68.38544777770542, "drop": 0.08787760713854467, "layer1": 161.4004162519334, "layer2": 430.6840782870574, "layer3": 142.19398668953892}, "datetime": {"datetime": "2022-10-26 13:22:33", "elapsed": 9740.166146, "delta": 134.658728}}
{"target": -0.07940610885270871, "params": {"alpha": 0.16592286043996346, "batch_size": 68.5544653455475, "drop": 0.07967920057878242, "layer1": 202.60017177490926, "layer2": 412.21368602275516, "layer3": 114.04947340147045}, "datetime": {"datetime": "2022-10-26 13:24:26", "elapsed": 9852.870705, "delta": 112.704559}}
{"target": -0.07640473995706998, "params": {"alpha": 0.16209442800658957, "batch_size": 73.536248039897, "drop": 0.09472076659526643, "layer1": 159.25850673778328, "layer2": 403.21701962344645, "layer3": 117.0245328592528}, "datetime": {"datetime": "2022-10-26 13:26:36", "elapsed": 9982.934044, "delta": 130.063339}}
