{"target": -0.07603758604091126, "params": {"alpha": 0.1473463171230175, "batch_size": 63.2643859733117, "drop": 0.082475265279934, "layer1": 205.12954823521696, "layer2": 444.7534585371825, "layer3": 136.37403532721498}, "datetime": {"datetime": "2022-10-26 16:23:13", "elapsed": 20580.481059, "delta": 170.178341}}
{"target": -0.0760780767450342, "params": {"alpha": 0.12276413256329906, "batch_size": 61.019991357236975, "drop": 0.0720487921244579, "layer1": 172.4943711228307, "layer2": 488.5069761430612, "layer3": 112.65786735678047}, "datetime": {"datetime": "2022-10-26 16:25:44", "elapsed": 20731.610083, "delta": 151.129024}}
{"target": -0.07229372386063915, "params": {"alpha": 0.13727713940847214, "batch_size": 67.68974473079491, "drop": 0.07595158920740373, "layer1": 173.54526621247993, "layer2": 474.9428652439, "layer3": 123.87593274047134}, "datetime": {"datetime": "2022-10-26 16:28:39", "elapsed": 20906.491379, "delta": 174.881296}}
{"target": -0.07827160516171716, "params": {"alpha": 0.16549362763654005, "batch_size": 71.93048279112577, "drop": 0.07592050095182092, "layer1": 206.52290591241686, "layer2": 421.1875231504021, "layer3": 127.28840549775404}, "datetime": {"datetime": "2022-10-26 16:31:25", "elapsed": 21071.791077, "delta": 165.299698}}
{"target": -0.0718283172318479, "params": {"alpha": 0.13070937624798185, "batch_size": 71.95619727287375, "drop": 0.08716933605321875, "layer1": 216.93974283669363, "layer2": 376.92617527051266, "layer3": 143.43214686106194}, "datetime": {"datetime": "2022-10-26 16:34:19", "elapsed": 21246.081933, "delta": 174.290856}}
{"target": -0.07745545190118719, "params": {"alpha": 0.16744832061127526, "batch_size": 52.66849198140713, "drop": 0.09571898196714318, "layer1": 191.5338055742327, "layer2": 381.74290355115323, "layer3": 142.34873603198687}, "datetime": {"datetime": "2022-10-26 16:37:28", "elapsed": 21435.209504, "delta": 189.127571}}
{"target": -0.07583827027701773, "params": {"alpha": 0.1437238523213821, "batch_size": 52.429702693363744, "drop": 0.0895184198788355, "layer1": 159.57361505101446, "layer2": 397.11365604238966, "layer3": 119.43774607742917}, "datetime": {"datetime": "2022-10-26 16:40:51", "elapsed": 21638.076194, "delta": 202.86669}}
{"target": -0.07556741365988273, "params": {"alpha": 0.17007830456856315, "batch_size": 62.71313641933116, "drop": 0.06787580084768347, "layer1": 190.03166675491505, "layer2": 354.1840585438141, "layer3": 123.00148252162468}, "datetime": {"datetime": "2022-10-26 16:42:58", "elapsed": 21764.846644, "delta": 126.77045}}
{"target": -0.07754660146019887, "params": {"alpha": 0.16462536137594747, "batch_size": 53.83410388361677, "drop": 0.09257230944609025, "layer1": 226.7700894512039, "layer2": 410.83898000734985, "layer3": 114.81591406778318}, "datetime": {"datetime": "2022-10-26 16:45:28", "elapsed": 21915.526131, "delta": 150.679487}}
{"target": -0.07751540579192806, "params": {"alpha": 0.13558822442914562, "batch_size": 52.96635768654891, "drop": 0.0819908505287186, "layer1": 222.79830782774093, "layer2": 383.1647898395091, "layer3": 136.19190634952642}, "datetime": {"datetime": "2022-10-26 16:48:25", "elapsed": 22092.097074, "delta": 176.570943}}
{"target": -0.07542183993791696, "params": {"alpha": 0.1569942070247839, "batch_size": 67.05316842179393, "drop": 0.07369625312021591, "layer1": 166.73395968675192, "layer2": 391.42052164421324, "layer3": 129.00904045499996}, "datetime": {"datetime": "2022-10-26 16:51:16", "elapsed": 22263.239552, "delta": 171.142478}}
{"target": -0.07748667485429905, "params": {"alpha": 0.14712075617137424, "batch_size": 52.84662544951059, "drop": 0.081135799879686, "layer1": 180.06880287647846, "layer2": 401.437740575385, "layer3": 112.6334839986031}, "datetime": {"datetime": "2022-10-26 16:53:50", "elapsed": 22417.546875, "delta": 154.307323}}
{"target": -0.0754240681999363, "params": {"alpha": 0.14017885444753603, "batch_size": 74.41393448845304, "drop": 0.06709213223654763, "layer1": 227.68820438861394, "layer2": 388.3638990957485, "layer3": 105.38096859487287}, "datetime": {"datetime": "2022-10-26 16:55:57", "elapsed": 22543.933119, "delta": 126.386244}}
{"target": -0.08076702215475962, "params": {"alpha": 0.16206363889106534, "batch_size": 60.65214765039241, "drop": 0.07452448404377542, "layer1": 203.18126126348253, "layer2": 360.3849195438013, "layer3": 123.56266891636304}, "datetime": {"datetime": "2022-10-26 16:57:21", "elapsed": 22628.124277, "delta": 84.191158}}
{"target": -0.0757738780521322, "params": {"alpha": 0.13301541887573684, "batch_size": 74.29769523941312, "drop": 0.07549606072782254, "layer1": 226.90499065277325, "layer2": 447.7273469240401, "layer3": 138.20483597240786}, "datetime": {"datetime": "2022-10-26 16:59:21", "elapsed": 22748.65779, "delta": 120.533513}}
{"target": -0.08026685463846661, "params": {"alpha": 0.15198327547039422, "batch_size": 71.05296262860332, "drop": 0.08133254981560849, "layer1": 208.19523895217458, "layer2": 394.53998960793604, "layer3": 137.8208968305208}, "datetime": {"datetime": "2022-10-26 17:01:28", "elapsed": 22874.786334, "delta": 126.128544}}
{"target": -0.08012963007786311, "params": {"alpha": 0.12830630095364237, "batch_size": 70.34600850706966, "drop": 0.06696052486325688, "layer1": 184.5514109964815, "layer2": 388.4061462169974, "layer3": 134.95962535793475}, "datetime": {"datetime": "2022-10-26 17:03:15", "elapsed": 22982.050805, "delta": 107.264471}}
{"target": -0.0745639863453107, "params": {"alpha": 0.13346164345151865, "batch_size": 70.01609022868789, "drop": 0.07164191174619647, "layer1": 192.10284669356105, "layer2": 353.75245506834307, "layer3": 147.61675585736498}, "datetime": {"datetime": "2022-10-26 17:06:13", "elapsed": 23159.876662, "delta": 177.825857}}
{"target": -0.07983437171787955, "params": {"alpha": 0.14459796220571752, "batch_size": 60.72665636762637, "drop": 0.07773964843121758, "layer1": 200.76812458715332, "layer2": 448.7130658366424, "layer3": 139.3945262190195}, "datetime": {"datetime": "2022-10-26 17:08:21", "elapsed": 23287.849015, "delta": 127.972353}}
{"target": -0.07525243745476473, "params": {"alpha": 0.13849557229529505, "batch_size": 71.63061126037513, "drop": 0.09389518849908685, "layer1": 179.72433621511095, "layer2": 451.43580807243603, "layer3": 123.74922638792818}, "datetime": {"datetime": "2022-10-26 17:10:47", "elapsed": 23433.839844, "delta": 145.990829}}
{"target": -0.0782947063271422, "params": {"alpha": 0.13941980519548447, "batch_size": 53.484075992776624, "drop": 0.09344541605492768, "layer1": 194.039077964183, "layer2": 341.6583585542562, "layer3": 118.41143437835218}, "datetime": {"datetime": "2022-10-26 17:13:19", "elapsed": 23586.53125, "delta": 152.691406}}
{"target": -0.07491917585866759, "params": {"alpha": 0.16320557931836932, "batch_size": 61.47408948249759, "drop": 0.08000132252411257, "layer1": 175.5927859530205, "layer2": 371.79076247057867, "layer3": 118.7467552851011}, "datetime": {"datetime": "2022-10-26 17:15:29", "elapsed": 23715.91819, "delta": 129.38694}}
{"target": -0.07611447472299915, "params": {"alpha": 0.12562053997227712, "batch_size": 70.92824322213144, "drop": 0.08332377595929741, "layer1": 200.53043496004858, "layer2": 428.0978093020516, "layer3": 105.21899642211403}, "datetime": {"datetime": "2022-10-26 17:18:04", "elapsed": 23871.23984, "delta": 155.32165}}
{"target": -0.07856006959627848, "params": {"alpha": 0.12374050052316707, "batch_size": 52.379643360630794, "drop": 0.087567450553356, "layer1": 227.76809958517515, "layer2": 436.9934291072381, "layer3": 128.7961628805752}, "datetime": {"datetime": "2022-10-26 17:21:08", "elapsed": 24054.953274, "delta": 183.713434}}
{"target": -0.07770398951834068, "params": {"alpha": 0.1535868691472867, "batch_size": 59.97461724497491, "drop": 0.07710921168900639, "layer1": 215.79685221474915, "layer2": 370.9247557362718, "layer3": 137.07115413030988}, "datetime": {"datetime": "2022-10-26 17:24:04", "elapsed": 24231.071092, "delta": 176.117818}}
{"target": -0.08014673767320346, "params": {"alpha": 0.17413226771106555, "batch_size": 68.73810747258173, "drop": 0.08630848327601573, "layer1": 169.71448909399663, "layer2": 393.07913683239366, "layer3": 146.02069074946064}, "datetime": {"datetime": "2022-10-26 17:25:47", "elapsed": 24334.118216, "delta": 103.047124}}
{"target": -0.07804703272995539, "params": {"alpha": 0.14848457311426078, "batch_size": 62.97883988602048, "drop": 0.07963547246674822, "layer1": 167.91858958629783, "layer2": 400.43364944558573, "layer3": 114.85682279991343}, "datetime": {"datetime": "2022-10-26 17:28:17", "elapsed": 24483.773214, "delta": 149.654998}}
{"target": -0.07694266059843358, "params": {"alpha": 0.16052350744434013, "batch_size": 73.94602797495006, "drop": 0.08567140711984732, "layer1": 161.07163458327233, "layer2": 376.2705527118391, "layer3": 147.58979448223673}, "datetime": {"datetime": "2022-10-26 17:30:21", "elapsed": 24608.05566, "delta": 124.282446}}
{"target": -0.0736164474801626, "params": {"alpha": 0.14793132075587334, "batch_size": 55.61134396692346, "drop": 0.07150504340477502, "layer1": 206.5796075083694, "layer2": 358.9896189206081, "layer3": 148.36280142078166}, "datetime": {"datetime": "2022-10-26 17:33:17", "elapsed": 24784.070228, "delta": 176.014568}}
{"target": -0.07557021035609068, "params": {"alpha": 0.1451447898051883, "batch_size": 72.97355454667758, "drop": 0.08635930755785147, "layer1": 188.91909836193886, "layer2": 436.7676010749697, "layer3": 106.97859161617646}, "datetime": {"datetime": "2022-10-26 17:35:50", "elapsed": 24937.028339, "delta": 152.958111}}
{"target": -0.07768713658151682, "params": {"alpha": 0.12991845432226112, "batch_size": 59.265566416511774, "drop": 0.08139677746815817, "layer1": 163.47729913148552, "layer2": 430.31044543027707, "layer3": 127.68402956720459}, "datetime": {"datetime": "2022-10-26 17:38:43", "elapsed": 25109.793135, "delta": 172.764796}}
{"target": -0.07927266779006459, "params": {"alpha": 0.1337844482584328, "batch_size": 60.36065213076759, "drop": 0.07337099238526963, "layer1": 204.5796730167654, "layer2": 374.9288325277179, "layer3": 144.45485640428402}, "datetime": {"datetime": "2022-10-26 17:40:43", "elapsed": 25230.371617, "delta": 120.578482}}
{"target": -0.08107127541734371, "params": {"alpha": 0.16167819312039733, "batch_size": 56.00964243086343, "drop": 0.0715477202306219, "layer1": 193.9852765036852, "layer2": 436.55498957847374, "layer3": 107.9693853940338}, "datetime": {"datetime": "2022-10-26 17:42:23", "elapsed": 25330.391177, "delta": 100.01956}}
{"target": -0.07661832569283433, "params": {"alpha": 0.14976314757599438, "batch_size": 52.82853619244392, "drop": 0.06990013032644815, "layer1": 203.92758836241524, "layer2": 442.8078596147604, "layer3": 107.50730548275789}, "datetime": {"datetime": "2022-10-26 17:44:57", "elapsed": 25484.735253, "delta": 154.344076}}
{"target": -0.07798484148224816, "params": {"alpha": 0.16785075736316307, "batch_size": 68.05735270470198, "drop": 0.08330600150233328, "layer1": 191.433554408296, "layer2": 483.01211484294697, "layer3": 143.28587678360947}, "datetime": {"datetime": "2022-10-26 17:47:06", "elapsed": 25613.442982, "delta": 128.707729}}
{"target": -0.07734490282018669, "params": {"alpha": 0.14787124692039094, "batch_size": 69.51324679709535, "drop": 0.08699347077423746, "layer1": 180.6328428414175, "layer2": 394.0634117082496, "layer3": 147.8708890390851}, "datetime": {"datetime": "2022-10-26 17:49:38", "elapsed": 25765.651506, "delta": 152.208524}}
{"target": -0.07848064342397265, "params": {"alpha": 0.13267823306094098, "batch_size": 53.23051086718769, "drop": 0.0918289208426978, "layer1": 198.54614678235924, "layer2": 447.3138697655744, "layer3": 142.68127934335016}, "datetime": {"datetime": "2022-10-26 17:52:57", "elapsed": 25964.197464, "delta": 198.545958}}
{"target": -0.07177862244134303, "params": {"alpha": 0.13303261708950154, "batch_size": 61.3689593087614, "drop": 0.08977715304871761, "layer1": 180.80497677452652, "layer2": 478.449341110692, "layer3": 119.930702807628}, "datetime": {"datetime": "2022-10-26 17:56:20", "elapsed": 26166.970154, "delta": 202.77269}}
{"target": -0.07627618742844788, "params": {"alpha": 0.15485649699816653, "batch_size": 59.45732557536827, "drop": 0.09145050815757422, "layer1": 213.4830881275367, "layer2": 411.000541079104, "layer3": 119.33516254006597}, "datetime": {"datetime": "2022-10-26 17:59:10", "elapsed": 26337.698441, "delta": 170.728287}}
{"target": -0.07854730938561261, "params": {"alpha": 0.17285298660466888, "batch_size": 66.84420248631807, "drop": 0.09065300662365808, "layer1": 173.89066086305908, "layer2": 368.0006138772813, "layer3": 127.15445374043479}, "datetime": {"datetime": "2022-10-26 18:01:22", "elapsed": 26469.656421, "delta": 131.95798}}
{"target": -0.08175557013601065, "params": {"alpha": 0.1520057463188591, "batch_size": 53.86380436188015, "drop": 0.09215111053338312, "layer1": 203.33806994557042, "layer2": 408.68459626405433, "layer3": 108.53586936527654}, "datetime": {"datetime": "2022-10-26 18:03:46", "elapsed": 26613.674188, "delta": 144.017767}}
{"target": -0.07490336429327726, "params": {"alpha": 0.14952899114152227, "batch_size": 72.57935168111663, "drop": 0.06766406323744173, "layer1": 200.96175859562845, "layer2": 375.8897644050927, "layer3": 148.4790757930667}, "datetime": {"datetime": "2022-10-26 18:05:53", "elapsed": 26739.830523, "delta": 126.156335}}
{"target": -0.07525084583903663, "params": {"alpha": 0.1374703674730061, "batch_size": 68.79835103730197, "drop": 0.07209181118365714, "layer1": 162.28117746824418, "layer2": 356.6495970067415, "layer3": 120.50894554587504}, "datetime": {"datetime": "2022-10-26 18:08:52", "elapsed": 26919.305732, "delta": 179.475209}}
{"target": -0.07627240847796202, "params": {"alpha": 0.13100076820304832, "batch_size": 66.54801775259438, "drop": 0.08378015236009995, "layer1": 166.09406330695853, "layer2": 447.7691476126624, "layer3": 147.03744110297322}, "datetime": {"datetime": "2022-10-26 18:11:53", "elapsed": 27099.930765, "delta": 180.625033}}
{"target": -0.07553403975180117, "params": {"alpha": 0.15522131203499084, "batch_size": 67.3302896547097, "drop": 0.09325808901733168, "layer1": 218.20876258044035, "layer2": 415.25816375187924, "layer3": 126.96146219220628}, "datetime": {"datetime": "2022-10-26 18:14:40", "elapsed": 27267.373209, "delta": 167.442444}}
{"target": -0.07598583124490688, "params": {"alpha": 0.12180402451581464, "batch_size": 59.434058716191835, "drop": 0.06984169127916098, "layer1": 176.5723354534043, "layer2": 426.75064499549325, "layer3": 133.70326052455982}, "datetime": {"datetime": "2022-10-26 18:17:11", "elapsed": 27418.027789, "delta": 150.65458}}
{"target": -0.07805521818227135, "params": {"alpha": 0.15069933266669006, "batch_size": 70.78960048084996, "drop": 0.09432368193245864, "layer1": 189.95397054055354, "layer2": 419.01971550412964, "layer3": 130.38072965941353}, "datetime": {"datetime": "2022-10-26 18:19:51", "elapsed": 27578.485539, "delta": 160.45775}}
{"target": -0.07587931577290874, "params": {"alpha": 0.15101060872848082, "batch_size": 55.10418663636325, "drop": 0.09550204878250457, "layer1": 179.0846311197471, "layer2": 441.41631198786183, "layer3": 137.45251948211944}, "datetime": {"datetime": "2022-10-26 18:22:51", "elapsed": 27758.36839, "delta": 179.882851}}
{"target": -0.07647284292033873, "params": {"alpha": 0.16824861144615372, "batch_size": 58.94669710202551, "drop": 0.07913758236388482, "layer1": 169.38349948249615, "layer2": 366.6247109664044, "layer3": 121.97679688606513}, "datetime": {"datetime": "2022-10-26 18:25:40", "elapsed": 27926.871471, "delta": 168.503081}}
{"target": -0.07588531843794044, "params": {"alpha": 0.1567906816952172, "batch_size": 68.89485675428531, "drop": 0.08217239761991028, "layer1": 174.47169205340472, "layer2": 434.56375700592076, "layer3": 121.50732345543287}, "datetime": {"datetime": "2022-10-26 18:29:07", "elapsed": 28134.126684, "delta": 207.255213}}
{"target": -0.07898995136201847, "params": {"alpha": 0.1461558960415178, "batch_size": 52.495005337723256, "drop": 0.09449996159564278, "layer1": 180.62144692203412, "layer2": 364.51278682827933, "layer3": 138.6291828240846}, "datetime": {"datetime": "2022-10-26 18:31:50", "elapsed": 28297.580626, "delta": 163.453942}}
{"target": -0.07660213668714277, "params": {"alpha": 0.16768971903910085, "batch_size": 63.96138684684364, "drop": 0.06705318015623528, "layer1": 213.49408776235822, "layer2": 373.8011529732739, "layer3": 113.68022885517053}, "datetime": {"datetime": "2022-10-26 18:33:50", "elapsed": 28417.071441, "delta": 119.490815}}
{"target": -0.0797126176621532, "params": {"alpha": 0.1539131710464535, "batch_size": 67.00513782062644, "drop": 0.07320477945614476, "layer1": 174.42907195864257, "layer2": 479.93087647236536, "layer3": 110.45291793331229}, "datetime": {"datetime": "2022-10-26 18:36:01", "elapsed": 28548.567864, "delta": 131.496423}}
{"target": -0.07562310202047229, "params": {"alpha": 0.15473223997837543, "batch_size": 62.8913975299939, "drop": 0.06890696511877643, "layer1": 194.10004504441082, "layer2": 382.0883744426347, "layer3": 112.09178310568798}, "datetime": {"datetime": "2022-10-26 18:39:09", "elapsed": 28736.589978, "delta": 188.022114}}
{"target": -0.07411328624584712, "params": {"alpha": 0.1353245978495412, "batch_size": 57.4674887878135, "drop": 0.07043331472569696, "layer1": 188.97744690386241, "layer2": 442.7401864311658, "layer3": 124.32926607169057}, "datetime": {"datetime": "2022-10-26 18:42:19", "elapsed": 28925.822793, "delta": 189.232815}}
{"target": -0.07778741746733431, "params": {"alpha": 0.158730965135063, "batch_size": 60.12115748830334, "drop": 0.092984309581084, "layer1": 198.6673032605883, "layer2": 345.24351993745796, "layer3": 136.87439374128076}, "datetime": {"datetime": "2022-10-26 18:44:32", "elapsed": 29058.921152, "delta": 133.098359}}
{"target": -0.07697328328504227, "params": {"alpha": 0.1424968537268295, "batch_size": 63.085097906239476, "drop": 0.08409930963473806, "layer1": 166.47135173101617, "layer2": 359.8354973310365, "layer3": 109.47522891818306}, "datetime": {"datetime": "2022-10-26 18:47:36", "elapsed": 29243.459623, "delta": 184.538471}}
{"target": -0.07727594493189827, "params": {"alpha": 0.14666230883173703, "batch_size": 60.86980353200478, "drop": 0.07197464301548862, "layer1": 194.25003116653812, "layer2": 459.95907163982037, "layer3": 115.6967899627751}, "datetime": {"datetime": "2022-10-26 18:49:35", "elapsed": 29362.207551, "delta": 118.747928}}
{"target": -0.07267540240718517, "params": {"alpha": 0.15395938218844307, "batch_size": 65.0820141779727, "drop": 0.07365784978586774, "layer1": 206.65338352073297, "layer2": 424.3217932704398, "layer3": 127.6748948797817}, "datetime": {"datetime": "2022-10-26 18:51:45", "elapsed": 29492.055105, "delta": 129.847554}}
{"target": -0.08068007446127012, "params": {"alpha": 0.14048892726547202, "batch_size": 57.78569766851943, "drop": 0.07035177863572166, "layer1": 216.4913177558612, "layer2": 472.96712579066514, "layer3": 136.18492800087517}, "datetime": {"datetime": "2022-10-26 18:54:06", "elapsed": 29632.893652, "delta": 140.838547}}
