{"target": -0.0007901727875622515, "params": {"alpha": 0.2613607431573724, "batch_size": 151.66254111509247, "drop": 0.21016996003214633, "epochs": 317.3195425825467, "layer1": 111.98449162217501, "layer2": 118.02643720564978, "layer3": 345.282895174249, "lr": 0.0011458300911801373}, "datetime": {"datetime": "2022-09-22 10:16:53", "elapsed": 0.0, "delta": 0.0}}
{"target": -0.0016230727665669058, "params": {"alpha": 0.30298694000624715, "batch_size": 189.09593445093705, "drop": 0.16422439242949544, "epochs": 325.3689308731276, "layer1": 111.55391695907798, "layer2": 127.72243693169004, "layer3": 336.51797725077756, "lr": 0.004717941645325106}, "datetime": {"datetime": "2022-09-22 10:17:40", "elapsed": 47.484352, "delta": 47.484352}}
{"target": -0.0007223941142952584, "params": {"alpha": 0.28794842477765126, "batch_size": 157.21359991702403, "drop": 0.12648599333394747, "epochs": 300.55707412677464, "layer1": 125.69246400319686, "layer2": 125.82871492132314, "layer3": 335.8385776185568, "lr": 0.003144340220921748}, "datetime": {"datetime": "2022-09-22 10:18:24", "elapsed": 91.654096, "delta": 44.169744}}
{"target": -0.001472249763820666, "params": {"alpha": 0.22021873706222517, "batch_size": 182.51857541903325, "drop": 0.12165006626276419, "epochs": 349.3615983732345, "layer1": 116.00211966630592, "layer2": 117.69018806081777, "layer3": 341.76992083412443, "lr": 0.0033494680942904075}, "datetime": {"datetime": "2022-09-22 10:19:15", "elapsed": 142.400431, "delta": 50.746335}}
{"target": -0.0006802819477057433, "params": {"alpha": 0.22322144555441467, "batch_size": 150.98502333502034, "drop": 0.149812884352578, "epochs": 321.64627229205587, "layer1": 119.81747662980614, "layer2": 128.9533429034708, "layer3": 330.43116010107644, "lr": 0.0020578884805858236}, "datetime": {"datetime": "2022-09-22 10:20:02", "elapsed": 189.755597, "delta": 47.355166}}
{"target": -0.0007262734068467725, "params": {"alpha": 0.22816941325230589, "batch_size": 173.24110179340383, "drop": 0.18256056588257336, "epochs": 323.78784158675745, "layer1": 126.61826457548425, "layer2": 125.5585433198434, "layer3": 342.75328568167913, "lr": 0.002949784369202733}, "datetime": {"datetime": "2022-09-22 10:20:49", "elapsed": 236.596717, "delta": 46.84112}}
{"target": -0.0010622692166608408, "params": {"alpha": 0.2963478753832558, "batch_size": 150.72393598449705, "drop": 0.1778848782433735, "epochs": 314.3587921745746, "layer1": 128.00910501216305, "layer2": 120.20638073146179, "layer3": 335.0578832821914, "lr": 0.003181633337253339}, "datetime": {"datetime": "2022-09-22 10:21:36", "elapsed": 283.751366, "delta": 47.154649}}
{"target": -0.0006436648482399567, "params": {"alpha": 0.22358588157571768, "batch_size": 181.89773764498528, "drop": 0.2386468057137085, "epochs": 318.97821145444027, "layer1": 126.59426029002502, "layer2": 112.93785572090914, "layer3": 330.8901970670021, "lr": 0.0027680423739605393}, "datetime": {"datetime": "2022-09-22 10:22:23", "elapsed": 330.034509, "delta": 46.283143}}
{"target": -0.018858759294225143, "params": {"alpha": 0.2081193517127405, "batch_size": 153.84684968519912, "drop": 0.15711139940182386, "epochs": 319.0982648143525, "layer1": 122.79327708767363, "layer2": 115.4994601315666, "layer3": 345.9401648861201, "lr": 0.004927253446434847}, "datetime": {"datetime": "2022-09-22 10:23:08", "elapsed": 375.37529, "delta": 45.340781}}
{"target": -0.0025546011088455815, "params": {"alpha": 0.22677699520544242, "batch_size": 160.68312345462283, "drop": 0.17455081051259258, "epochs": 311.8564107693265, "layer1": 114.18614638154526, "layer2": 127.53874722364505, "layer3": 349.76183024046185, "lr": 0.004402895764299502}, "datetime": {"datetime": "2022-09-22 10:23:58", "elapsed": 425.158254, "delta": 49.782964}}
{"target": -0.0008604122410567891, "params": {"alpha": 0.26903643718685327, "batch_size": 165.9132876677835, "drop": 0.14121226919480462, "epochs": 326.0487350366167, "layer1": 115.32096443731163, "layer2": 122.77886001578466, "layer3": 341.45057728544725, "lr": 0.004071505072135729}, "datetime": {"datetime": "2022-09-22 10:24:47", "elapsed": 474.247655, "delta": 49.089401}}
{"target": -0.0011959335822659502, "params": {"alpha": 0.3088424014261128, "batch_size": 178.45149177028432, "drop": 0.1225685208932158, "epochs": 317.9818620386499, "layer1": 123.75137951008888, "layer2": 113.06857846808, "layer3": 339.57226987034625, "lr": 0.0006233191930879244}, "datetime": {"datetime": "2022-09-22 10:25:36", "elapsed": 523.478608, "delta": 49.230953}}
{"target": -0.0008031065969366659, "params": {"alpha": 0.22637989276532816, "batch_size": 182.28267335594504, "drop": 0.22191873251584898, "epochs": 301.2012174272068, "layer1": 128.4240766679385, "layer2": 117.38661204499583, "layer3": 341.1058638748203, "lr": 0.004315918855383722}, "datetime": {"datetime": "2022-09-22 10:26:23", "elapsed": 570.167509, "delta": 46.688901}}
{"target": -0.0006953401589444713, "params": {"alpha": 0.25838998292471754, "batch_size": 152.2462527564135, "drop": 0.20483412567906156, "epochs": 331.76142464662695, "layer1": 113.57919676759471, "layer2": 125.0014091337147, "layer3": 334.20494628822973, "lr": 0.0008986589831816228}, "datetime": {"datetime": "2022-09-22 10:27:11", "elapsed": 618.087864, "delta": 47.920355}}
{"target": -0.0005082706799904965, "params": {"alpha": 0.2937939533951862, "batch_size": 151.71752036755223, "drop": 0.22483413225571236, "epochs": 339.6100850128629, "layer1": 127.32963732187716, "layer2": 124.59184544946785, "layer3": 347.26928650905575, "lr": 0.0016241073824670928}, "datetime": {"datetime": "2022-09-22 10:28:01", "elapsed": 668.153088, "delta": 50.065224}}
{"target": -0.0005522565117375105, "params": {"alpha": 0.29382989960953376, "batch_size": 158.95482183446362, "drop": 0.18326925995418217, "epochs": 312.06401124446364, "layer1": 113.93990712560755, "layer2": 111.39687818716914, "layer3": 334.9990708445697, "lr": 0.0015231003369281584}, "datetime": {"datetime": "2022-09-22 10:28:47", "elapsed": 714.106975, "delta": 45.953887}}
{"target": -0.0008311789381291627, "params": {"alpha": 0.21755439933251064, "batch_size": 185.2238391418289, "drop": 0.19383160271334934, "epochs": 341.87149734661665, "layer1": 127.71849740506079, "layer2": 126.87961896706548, "layer3": 333.04858003401125, "lr": 0.00316924582061337}, "datetime": {"datetime": "2022-09-22 10:29:38", "elapsed": 765.001079, "delta": 50.894104}}
{"target": -0.0005992424295239996, "params": {"alpha": 0.208495065664289, "batch_size": 150.46152942546757, "drop": 0.12123869389565584, "epochs": 349.5060805413554, "layer1": 119.09285905158126, "layer2": 117.18623301074565, "layer3": 331.272439888226, "lr": 0.0027190505980720643}, "datetime": {"datetime": "2022-09-22 10:30:28", "elapsed": 815.606291, "delta": 50.605212}}
{"target": -0.001304708468406069, "params": {"alpha": 0.3067075289024159, "batch_size": 176.8387334416751, "drop": 0.13182061184539906, "epochs": 322.92008730386567, "layer1": 129.24911282309424, "layer2": 115.19032719994038, "layer3": 330.1155449308948, "lr": 0.003931178354115482}, "datetime": {"datetime": "2022-09-22 10:31:17", "elapsed": 863.996639, "delta": 48.390348}}
{"target": -0.0007379383399229978, "params": {"alpha": 0.23736340441045206, "batch_size": 177.60799021445007, "drop": 0.12638748969473546, "epochs": 324.99032362865694, "layer1": 117.37518286925598, "layer2": 110.70717973388459, "layer3": 340.8418282179184, "lr": 0.0008220439627183464}, "datetime": {"datetime": "2022-09-22 10:32:01", "elapsed": 908.388487, "delta": 44.391848}}
{"target": -0.0005264941119472985, "params": {"alpha": 0.31538062220885144, "batch_size": 178.14616924734165, "drop": 0.16641384684403757, "epochs": 344.9527630775993, "layer1": 112.78856391659482, "layer2": 121.25997617314779, "layer3": 333.9600093589134, "lr": 0.0019973939325666906}, "datetime": {"datetime": "2022-09-22 10:32:48", "elapsed": 954.950889, "delta": 46.562402}}
{"target": -0.0008847100199329492, "params": {"alpha": 0.21555813774721505, "batch_size": 162.41338172441337, "drop": 0.1873678081186153, "epochs": 316.36722394119613, "layer1": 115.8624448257056, "layer2": 129.5403374608136, "layer3": 339.8172379571217, "lr": 0.004450134409114228}, "datetime": {"datetime": "2022-09-22 10:33:34", "elapsed": 1000.808516, "delta": 45.857627}}
{"target": -0.001635128305642571, "params": {"alpha": 0.2799615279406936, "batch_size": 155.266767069041, "drop": 0.19291697757691045, "epochs": 339.2215859036771, "layer1": 128.5045358325651, "layer2": 118.6446419956163, "layer3": 334.3078052334881, "lr": 0.0035829970662474703}, "datetime": {"datetime": "2022-09-22 10:34:23", "elapsed": 1050.00166, "delta": 49.193144}}
{"target": -0.0006482302807990081, "params": {"alpha": 0.2159871822172424, "batch_size": 182.39611229691016, "drop": 0.15852926874530893, "epochs": 345.80641518429775, "layer1": 120.08153057201429, "layer2": 118.69326412078702, "layer3": 347.5723867025924, "lr": 0.0028499278468358145}, "datetime": {"datetime": "2022-09-22 10:35:12", "elapsed": 1098.820407, "delta": 48.818747}}
{"target": -0.00086789125177363, "params": {"alpha": 0.2875469776350312, "batch_size": 187.52495496292482, "drop": 0.1351565593237378, "epochs": 333.16037854407307, "layer1": 126.90512157447566, "layer2": 110.09902756788135, "layer3": 344.14290865124525, "lr": 0.001934371030158016}, "datetime": {"datetime": "2022-09-22 10:35:58", "elapsed": 1145.018934, "delta": 46.198527}}
{"target": -0.0005867909486630246, "params": {"alpha": 0.20264488151743193, "batch_size": 176.63392151755852, "drop": 0.14195280284184708, "epochs": 314.58380503307734, "layer1": 127.2587580710201, "layer2": 126.18036149606911, "layer3": 340.27025877708667, "lr": 0.0026666475429262784}, "datetime": {"datetime": "2022-09-22 10:36:45", "elapsed": 1192.244113, "delta": 47.225179}}
{"target": -0.0007337238359128518, "params": {"alpha": 0.306017692473886, "batch_size": 162.6085208854436, "drop": 0.20628049365173906, "epochs": 349.5804163896362, "layer1": 115.00648112847888, "layer2": 126.07099174601595, "layer3": 333.7163791850873, "lr": 0.002486040896528822}, "datetime": {"datetime": "2022-09-22 10:37:35", "elapsed": 1242.366685, "delta": 50.122572}}
{"target": -0.0007186427316482214, "params": {"alpha": 0.2628548179121273, "batch_size": 175.15380059404504, "drop": 0.22325258698118658, "epochs": 345.9135579417763, "layer1": 113.01363922319632, "layer2": 119.70734706141549, "layer3": 337.25217256235976, "lr": 0.0006431207306277941}, "datetime": {"datetime": "2022-09-22 10:38:25", "elapsed": 1292.733818, "delta": 50.367133}}
{"target": -0.0010436749524005563, "params": {"alpha": 0.28230259495705845, "batch_size": 177.50892717227555, "drop": 0.12859107733113648, "epochs": 326.3341792144129, "layer1": 122.0108560506794, "layer2": 119.27249560838203, "layer3": 349.917919140855, "lr": 0.00396166598429924}, "datetime": {"datetime": "2022-09-22 10:39:13", "elapsed": 1339.89164, "delta": 47.157822}}
{"target": -0.0008470340948882643, "params": {"alpha": 0.3053914616614519, "batch_size": 163.68970610261366, "drop": 0.18484501794791636, "epochs": 309.0805281927287, "layer1": 118.34386645853493, "layer2": 116.22048331994846, "layer3": 331.5086135722863, "lr": 0.003350582888300461}, "datetime": {"datetime": "2022-09-22 10:40:04", "elapsed": 1390.892709, "delta": 51.001069}}
{"target": -0.001004803633276866, "params": {"alpha": 0.2638983556684894, "batch_size": 162.41450419427122, "drop": 0.1562870930887678, "epochs": 322.4434695463582, "layer1": 118.91907873952778, "layer2": 126.27893667271884, "layer3": 341.38845040700096, "lr": 0.0035052403850631066}, "datetime": {"datetime": "2022-09-22 10:40:56", "elapsed": 1443.163985, "delta": 52.271276}}
{"target": -0.0006798655332954903, "params": {"alpha": 0.22475043685750878, "batch_size": 185.98807051784325, "drop": 0.19365491311448027, "epochs": 330.5850019447241, "layer1": 124.16247964863273, "layer2": 120.43633229260713, "layer3": 338.56527748004424, "lr": 0.0023569610227184585}, "datetime": {"datetime": "2022-09-22 10:41:42", "elapsed": 1489.282745, "delta": 46.11876}}
{"target": -0.000655690120126646, "params": {"alpha": 0.3154799764670069, "batch_size": 155.16521892543736, "drop": 0.19246795686067053, "epochs": 341.47236484651916, "layer1": 120.39261982994233, "layer2": 123.87913823550365, "layer3": 333.02933896722817, "lr": 0.0010190418057657437}, "datetime": {"datetime": "2022-09-22 10:42:29", "elapsed": 1536.106546, "delta": 46.823801}}
{"target": -0.0007667847709283622, "params": {"alpha": 0.29474876772943354, "batch_size": 185.78071718166078, "drop": 0.12354251722680284, "epochs": 339.49529325242463, "layer1": 127.32366599459363, "layer2": 129.8316424309896, "layer3": 337.09530618948685, "lr": 0.003929887119393108}, "datetime": {"datetime": "2022-09-22 10:43:19", "elapsed": 1586.271572, "delta": 50.165026}}
{"target": -0.001907100748867882, "params": {"alpha": 0.2142458179804275, "batch_size": 156.38706698881478, "drop": 0.16105357459357117, "epochs": 325.76438725537133, "layer1": 112.89808850308363, "layer2": 124.92449652080127, "layer3": 345.5988872586764, "lr": 0.0005549695487325505}, "datetime": {"datetime": "2022-09-22 10:44:06", "elapsed": 1633.393248, "delta": 47.121676}}
{"target": -0.0006822856235355052, "params": {"alpha": 0.29202281962234095, "batch_size": 163.2303720156761, "drop": 0.15097438586027884, "epochs": 347.84136526400255, "layer1": 124.34987006512506, "layer2": 125.45064219233728, "layer3": 340.9840288618266, "lr": 0.0026767703397626514}, "datetime": {"datetime": "2022-09-22 10:44:54", "elapsed": 1681.316993, "delta": 47.923745}}
{"target": -0.0005552590637230179, "params": {"alpha": 0.2236100975877087, "batch_size": 156.42049365758166, "drop": 0.20883498590763236, "epochs": 308.2890872795466, "layer1": 124.45066449110945, "layer2": 113.97881371811073, "layer3": 335.3483625985535, "lr": 0.0013036051581527084}, "datetime": {"datetime": "2022-09-22 10:45:40", "elapsed": 1727.271608, "delta": 45.954615}}
{"target": -0.0006857626353221104, "params": {"alpha": 0.27138909641292086, "batch_size": 185.93509864186677, "drop": 0.13290501229229063, "epochs": 301.5439708616047, "layer1": 110.6312084545417, "layer2": 118.35071157342684, "layer3": 340.0254103577352, "lr": 0.0014709571850447557}, "datetime": {"datetime": "2022-09-22 10:46:33", "elapsed": 1780.217426, "delta": 52.945818}}
{"target": -0.0007878974243299602, "params": {"alpha": 0.3005679611901523, "batch_size": 173.49021357713804, "drop": 0.1709861382808116, "epochs": 325.5979886251008, "layer1": 113.36587817080212, "layer2": 119.39006834592439, "layer3": 336.7150975989809, "lr": 0.004279793652642373}, "datetime": {"datetime": "2022-09-22 10:47:17", "elapsed": 1824.347196, "delta": 44.12977}}
{"target": -0.0006973191173941165, "params": {"alpha": 0.2820350318432465, "batch_size": 155.29719178902332, "drop": 0.12151027144447214, "epochs": 334.5196407908152, "layer1": 129.05388023409347, "layer2": 111.62571661205557, "layer3": 342.36451072588847, "lr": 0.003534922569024682}, "datetime": {"datetime": "2022-09-22 10:48:11", "elapsed": 1878.117885, "delta": 53.770689}}
{"target": -0.016417349894781427, "params": {"alpha": 0.316258973916488, "batch_size": 174.46486161406636, "drop": 0.23341417410769078, "epochs": 324.9960071795301, "layer1": 129.15638691543805, "layer2": 121.82332744072808, "layer3": 348.2738117224518, "lr": 0.004881852371880343}, "datetime": {"datetime": "2022-09-22 10:48:56", "elapsed": 1923.080388, "delta": 44.962503}}
{"target": -0.0006494624779219039, "params": {"alpha": 0.30815194682544605, "batch_size": 151.51606716046396, "drop": 0.22242270867363062, "epochs": 342.9082180345806, "layer1": 125.03886865687485, "layer2": 110.8124276261682, "layer3": 332.340090367818, "lr": 0.0022559087710780582}, "datetime": {"datetime": "2022-09-22 10:49:44", "elapsed": 1971.547122, "delta": 48.466734}}
{"target": -0.0009626830069187502, "params": {"alpha": 0.2595880372067991, "batch_size": 183.48134338455571, "drop": 0.2209212241314473, "epochs": 332.8580200432019, "layer1": 125.96906365071244, "layer2": 127.934809998389, "layer3": 333.31560987622134, "lr": 0.0035383712608858925}, "datetime": {"datetime": "2022-09-22 10:50:35", "elapsed": 2021.839629, "delta": 50.292507}}
{"target": -0.0008780186728435181, "params": {"alpha": 0.28965941678467033, "batch_size": 159.9485652189596, "drop": 0.17259882197209533, "epochs": 337.1281678959101, "layer1": 115.10611961311913, "layer2": 116.09787229169198, "layer3": 330.79384518485796, "lr": 0.0014317116725346846}, "datetime": {"datetime": "2022-09-22 10:51:25", "elapsed": 2071.911324, "delta": 50.071695}}
{"target": -0.0005750184716243681, "params": {"alpha": 0.21106921496950368, "batch_size": 163.85519764938994, "drop": 0.22202642686266544, "epochs": 323.7230096600249, "layer1": 121.01119822460855, "layer2": 129.14376728353022, "layer3": 347.41003363285876, "lr": 0.000813974674281381}, "datetime": {"datetime": "2022-09-22 10:52:11", "elapsed": 2118.639076, "delta": 46.727752}}
{"target": -0.018066382198031836, "params": {"alpha": 0.31053366154142814, "batch_size": 151.57092466668814, "drop": 0.1776557966983621, "epochs": 333.31883423094916, "layer1": 112.19088711069715, "layer2": 128.1648815246755, "layer3": 344.3216740419559, "lr": 0.0049342649389435556}, "datetime": {"datetime": "2022-09-22 10:52:56", "elapsed": 2163.207246, "delta": 44.56817}}
{"target": -0.0007235914536041589, "params": {"alpha": 0.31591936491813916, "batch_size": 167.0989078350485, "drop": 0.12973923572740206, "epochs": 342.85250342538046, "layer1": 111.53904773262325, "layer2": 117.95097183123903, "layer3": 335.18051207370837, "lr": 0.003213083915759033}, "datetime": {"datetime": "2022-09-22 10:53:44", "elapsed": 2211.406493, "delta": 48.199247}}
{"target": -0.0006287462017815351, "params": {"alpha": 0.3111575516442017, "batch_size": 156.70641897363362, "drop": 0.17631520012540036, "epochs": 309.8591668526738, "layer1": 113.6873656202597, "layer2": 120.5771248739834, "layer3": 346.9436286980052, "lr": 0.0025247394217626966}, "datetime": {"datetime": "2022-09-22 10:54:30", "elapsed": 2256.983797, "delta": 45.577304}}
{"target": -0.000491120612478866, "params": {"alpha": 0.2914756776911904, "batch_size": 186.10438207556518, "drop": 0.14727538651675803, "epochs": 347.46131257534586, "layer1": 116.78918097038857, "layer2": 114.26144235544652, "layer3": 349.10157290561074, "lr": 0.0012076098094439451}, "datetime": {"datetime": "2022-09-22 10:55:22", "elapsed": 2309.218793, "delta": 52.234996}}
{"target": -0.0018528755751277862, "params": {"alpha": 0.26447636638913463, "batch_size": 188.45283967301702, "drop": 0.20457803493191667, "epochs": 339.06396181248283, "layer1": 117.41460669281268, "layer2": 126.04046057549797, "layer3": 337.6592225034493, "lr": 0.004199307342275161}, "datetime": {"datetime": "2022-09-22 10:56:12", "elapsed": 2359.26251, "delta": 50.043717}}
{"target": -0.0009123180948586853, "params": {"alpha": 0.2659177451553857, "batch_size": 180.20781711066667, "drop": 0.21933163417609308, "epochs": 318.17372666081764, "layer1": 125.89382098355217, "layer2": 120.91719570884524, "layer3": 343.7899928954515, "lr": 0.0034676615451162667}, "datetime": {"datetime": "2022-09-22 10:57:02", "elapsed": 2409.641867, "delta": 50.379357}}
{"target": -0.0006695386700705224, "params": {"alpha": 0.2026682116629746, "batch_size": 155.2237545309482, "drop": 0.1330873610139425, "epochs": 328.58126764865807, "layer1": 119.19121344942934, "layer2": 127.88648515731506, "layer3": 347.61081245104657, "lr": 0.0009488463219371856}, "datetime": {"datetime": "2022-09-22 10:57:50", "elapsed": 2457.390052, "delta": 47.748185}}
{"target": -0.0008222561960530966, "params": {"alpha": 0.2859022206093202, "batch_size": 171.68846113643022, "drop": 0.2228081553573124, "epochs": 300.61942444810893, "layer1": 114.00997285787864, "layer2": 123.15169294200004, "layer3": 337.4965581575637, "lr": 0.0041967372284555104}, "datetime": {"datetime": "2022-09-22 10:58:34", "elapsed": 2501.0072, "delta": 43.617148}}
{"target": -0.014512227003452907, "params": {"alpha": 0.24515289575973276, "batch_size": 170.3351415905683, "drop": 0.14391794454834872, "epochs": 327.1702757599327, "layer1": 124.92553170903815, "layer2": 127.2572756980776, "layer3": 338.04161375482613, "lr": 0.004503643218956764}, "datetime": {"datetime": "2022-09-22 10:59:19", "elapsed": 2546.327233, "delta": 45.320033}}
{"target": -0.0006689313662609852, "params": {"alpha": 0.22688446645891788, "batch_size": 189.18330206794195, "drop": 0.21977423491742326, "epochs": 342.13086583040996, "layer1": 114.02601488506355, "layer2": 129.042638494403, "layer3": 340.9154702861166, "lr": 0.003024293359563791}, "datetime": {"datetime": "2022-09-22 11:00:10", "elapsed": 2597.659033, "delta": 51.3318}}
{"target": -0.0007375153092939575, "params": {"alpha": 0.2749129370133801, "batch_size": 179.25914098713835, "drop": 0.2125437726337956, "epochs": 321.33896131819245, "layer1": 110.438947697444, "layer2": 113.63622086162376, "layer3": 349.895045966544, "lr": 0.0038238292915324813}, "datetime": {"datetime": "2022-09-22 11:00:57", "elapsed": 2644.649336, "delta": 46.990303}}
{"target": -0.0008839942373016835, "params": {"alpha": 0.2070444775283625, "batch_size": 183.88855645347246, "drop": 0.14124397035776928, "epochs": 321.3153130923611, "layer1": 123.59028633527741, "layer2": 127.71497527622114, "layer3": 330.5805906743237, "lr": 0.004837590876262739}, "datetime": {"datetime": "2022-09-22 11:01:45", "elapsed": 2691.919426, "delta": 47.27009}}
{"target": -0.0006676998810086573, "params": {"alpha": 0.27039167114193374, "batch_size": 184.09623134471246, "drop": 0.1978627995125899, "epochs": 317.3941264008135, "layer1": 113.11026665290834, "layer2": 116.34229419404114, "layer3": 334.89924446439625, "lr": 0.0005241130879725907}, "datetime": {"datetime": "2022-09-22 11:02:32", "elapsed": 2739.328155, "delta": 47.408729}}
