{"target": -1.2430986568255236, "params": {"alpha": 0.27467980179273593, "batch_size": 168.42583854592306, "drop": 0.20956392408565497, "layer1": 257.99062089136675, "layer2": 177.58028608286403, "layer3": 328.0634499168363}, "datetime": {"datetime": "2022-10-26 12:08:33", "elapsed": 5385.957603, "delta": 65.755097}}
{"target": -1.4095252444030812, "params": {"alpha": 0.2220364423646759, "batch_size": 199.72198751382652, "drop": 0.1798679482542472, "layer1": 248.639643564151, "layer2": 131.7035516869008, "layer3": 277.0796185124681}, "datetime": {"datetime": "2022-10-26 12:09:36", "elapsed": 5449.329859, "delta": 63.372256}}
{"target": -1.5060688959878257, "params": {"alpha": 0.2669316432251732, "batch_size": 184.8909427175022, "drop": 0.1994408946427426, "layer1": 256.48729746930485, "layer2": 162.93812720770168, "layer3": 253.3538925083776}, "datetime": {"datetime": "2022-10-26 12:10:40", "elapsed": 5513.474642, "delta": 64.144783}}
{"target": -1.4522658839330616, "params": {"alpha": 0.23035663751844399, "batch_size": 228.69205701294203, "drop": 0.19327478751257765, "layer1": 236.94602483974325, "layer2": 149.00766419882476, "layer3": 268.66706318135925}, "datetime": {"datetime": "2022-10-26 12:11:59", "elapsed": 5592.767493, "delta": 79.292851}}
{"target": -1.5359228777833058, "params": {"alpha": 0.24687226987541097, "batch_size": 167.5938747891721, "drop": 0.16676691580364497, "layer1": 318.4929565540797, "layer2": 144.97258819094654, "layer3": 303.0705815775559}, "datetime": {"datetime": "2022-10-26 12:13:03", "elapsed": 5656.548299, "delta": 63.780806}}
{"target": -1.2657245908760497, "params": {"alpha": 0.2848357463445155, "batch_size": 180.36454932629698, "drop": 0.21807952925875335, "layer1": 238.48672948393263, "layer2": 188.12705836527164, "layer3": 312.45782762700503}, "datetime": {"datetime": "2022-10-26 12:14:28", "elapsed": 5740.839076, "delta": 84.290777}}
{"target": -1.4676415676478103, "params": {"alpha": 0.21934535730255983, "batch_size": 205.4820255979094, "drop": 0.21758234855617237, "layer1": 333.50153639445654, "layer2": 180.07478154727488, "layer3": 342.504274674275}, "datetime": {"datetime": "2022-10-26 12:15:38", "elapsed": 5811.165623, "delta": 70.326547}}
{"target": -1.6345510401046102, "params": {"alpha": 0.2247703701044078, "batch_size": 183.14030360614498, "drop": 0.17528517785081038, "layer1": 276.9532579904687, "layer2": 136.9523952098538, "layer3": 289.3365203420393}, "datetime": {"datetime": "2022-10-26 12:17:01", "elapsed": 5894.310254, "delta": 83.144631}}
{"target": -1.5136269087419547, "params": {"alpha": 0.23319334262700692, "batch_size": 211.2427291896903, "drop": 0.20471454785549834, "layer1": 290.80251293779247, "layer2": 163.19297709315958, "layer3": 327.39978864541473}, "datetime": {"datetime": "2022-10-26 12:18:04", "elapsed": 5957.099491, "delta": 62.789237}}
{"target": -1.4905879414012029, "params": {"alpha": 0.2480724342244372, "batch_size": 227.5933486795551, "drop": 0.2055168840034696, "layer1": 247.44649216298149, "layer2": 173.84735994867452, "layer3": 243.6565358091571}, "datetime": {"datetime": "2022-10-26 12:19:20", "elapsed": 6033.68038, "delta": 76.580889}}
{"target": -1.3787998638442467, "params": {"alpha": 0.2409045435399296, "batch_size": 199.71077259465886, "drop": 0.1910883854107351, "layer1": 260.0744259696924, "layer2": 144.93037386297448, "layer3": 340.8996794095104}, "datetime": {"datetime": "2022-10-26 12:20:29", "elapsed": 6102.31976, "delta": 68.63938}}
{"target": -1.4123834527393544, "params": {"alpha": 0.27742465088154855, "batch_size": 177.2781537799888, "drop": 0.16977474381469987, "layer1": 258.75167461168985, "layer2": 185.70352596126355, "layer3": 264.0284820442902}, "datetime": {"datetime": "2022-10-26 12:21:49", "elapsed": 6182.426251, "delta": 80.106491}}
{"target": -1.6691762392538112, "params": {"alpha": 0.2310418889779196, "batch_size": 222.11915716865087, "drop": 0.20692316547821676, "layer1": 240.80836470927707, "layer2": 136.59263210396668, "layer3": 333.65786069069554}, "datetime": {"datetime": "2022-10-26 12:22:37", "elapsed": 6230.533829, "delta": 48.107578}}
{"target": -1.3472872090940953, "params": {"alpha": 0.22049104836224978, "batch_size": 207.40244989969742, "drop": 0.17185464447632615, "layer1": 241.16974440975287, "layer2": 166.13642594211157, "layer3": 344.4648069008561}, "datetime": {"datetime": "2022-10-26 12:24:14", "elapsed": 6327.176714, "delta": 96.642885}}
{"target": -1.2890853237277018, "params": {"alpha": 0.2549009426387327, "batch_size": 199.34198688360001, "drop": 0.22360908709249877, "layer1": 277.53330051581776, "layer2": 132.66597709218976, "layer3": 269.6826972726152}, "datetime": {"datetime": "2022-10-26 12:25:19", "elapsed": 6392.511624, "delta": 65.33491}}
{"target": -1.4927566019936016, "params": {"alpha": 0.25234486237661097, "batch_size": 169.89600055010408, "drop": 0.17839655679001767, "layer1": 319.01275855845523, "layer2": 149.71459112448423, "layer3": 290.8034684822977}, "datetime": {"datetime": "2022-10-26 12:26:38", "elapsed": 6471.453808, "delta": 78.942184}}
{"target": -1.4869247079421317, "params": {"alpha": 0.24186652845536122, "batch_size": 223.4369136824319, "drop": 0.21925672191866702, "layer1": 264.51227698328665, "layer2": 150.01732375591018, "layer3": 311.538851518075}, "datetime": {"datetime": "2022-10-26 12:28:03", "elapsed": 6556.142892, "delta": 84.689084}}
{"target": -1.1473593585101542, "params": {"alpha": 0.2552927486798498, "batch_size": 176.01165977453365, "drop": 0.20034070797015757, "layer1": 244.59488825151237, "layer2": 156.02163702888674, "layer3": 259.12870334158964}, "datetime": {"datetime": "2022-10-26 12:29:35", "elapsed": 6648.357485, "delta": 92.214593}}
{"target": -1.5277883742147171, "params": {"alpha": 0.20163646682289477, "batch_size": 175.6484237452969, "drop": 0.18918459115592864, "layer1": 300.2698299293744, "layer2": 156.57679416676208, "layer3": 275.73615029877976}, "datetime": {"datetime": "2022-10-26 12:30:46", "elapsed": 6719.388767, "delta": 71.031282}}
{"target": -1.6312967821791458, "params": {"alpha": 0.23946146391879974, "batch_size": 173.94992384856928, "drop": 0.18640800454137724, "layer1": 323.9668368308732, "layer2": 166.91236770025796, "layer3": 296.53450033275624}, "datetime": {"datetime": "2022-10-26 12:32:01", "elapsed": 6794.53933, "delta": 75.150563}}
{"target": -1.4058218925628185, "params": {"alpha": 0.25831318320244223, "batch_size": 213.1283467523082, "drop": 0.21240428212608675, "layer1": 315.13742264820166, "layer2": 156.39317972092687, "layer3": 277.26337263111316}, "datetime": {"datetime": "2022-10-26 12:33:20", "elapsed": 6873.48172, "delta": 78.94239}}
{"target": -1.5200276730585698, "params": {"alpha": 0.27987798323811625, "batch_size": 165.88183298648428, "drop": 0.2083026143207654, "layer1": 294.02797229128737, "layer2": 173.69538033173026, "layer3": 244.89913709472535}, "datetime": {"datetime": "2022-10-26 12:34:40", "elapsed": 6953.267462, "delta": 79.785742}}
{"target": -1.4238958430427058, "params": {"alpha": 0.25744159717528337, "batch_size": 172.45132071643434, "drop": 0.17995290827110066, "layer1": 243.588722185483, "layer2": 136.2060442236075, "layer3": 269.0523471575125}, "datetime": {"datetime": "2022-10-26 12:36:29", "elapsed": 7062.433191, "delta": 109.165729}}
{"target": -1.1667599726209972, "params": {"alpha": 0.279325549577551, "batch_size": 235.1998417484125, "drop": 0.16892121789103093, "layer1": 268.81075544855753, "layer2": 168.63780598853123, "layer3": 297.17482850791856}, "datetime": {"datetime": "2022-10-26 12:38:05", "elapsed": 7158.648557, "delta": 96.215366}}
{"target": -1.4413785743091059, "params": {"alpha": 0.275891899396709, "batch_size": 189.04985674234305, "drop": 0.2030960553990991, "layer1": 254.31153545195173, "layer2": 150.09928520188473, "layer3": 263.86869707525074}, "datetime": {"datetime": "2022-10-26 12:39:21", "elapsed": 7234.355891, "delta": 75.707334}}
{"target": -1.4905909294333906, "params": {"alpha": 0.22689108911221834, "batch_size": 182.28817321033225, "drop": 0.17108050413506032, "layer1": 239.9454013482495, "layer2": 184.8948693353299, "layer3": 248.1666441056379}, "datetime": {"datetime": "2022-10-26 12:40:35", "elapsed": 7308.19672, "delta": 73.840829}}
{"target": -1.405683687388123, "params": {"alpha": 0.22673243776274654, "batch_size": 206.8620645349854, "drop": 0.21711678075529905, "layer1": 247.18870344173394, "layer2": 167.06488896749732, "layer3": 280.11726872390585}, "datetime": {"datetime": "2022-10-26 12:41:54", "elapsed": 7387.657727, "delta": 79.461007}}
{"target": -2.026916187056043, "params": {"alpha": 0.2836368086480984, "batch_size": 168.08301090440415, "drop": 0.18462271252464166, "layer1": 269.3663310668552, "layer2": 152.9339096390204, "layer3": 257.8705522488976}, "datetime": {"datetime": "2022-10-26 12:43:23", "elapsed": 7476.72484, "delta": 89.067113}}
{"target": -1.1103112963367212, "params": {"alpha": 0.2016446864052663, "batch_size": 227.52966896920077, "drop": 0.17581672359691916, "layer1": 290.77363995733793, "layer2": 177.75524307570277, "layer3": 290.940448934999}, "datetime": {"datetime": "2022-10-26 12:44:42", "elapsed": 7554.930881, "delta": 78.206041}}
{"target": -0.991945526160403, "params": {"alpha": 0.2551073263621655, "batch_size": 170.04387809692628, "drop": 0.22212983833026984, "layer1": 237.73508935899764, "layer2": 143.44428471582773, "layer3": 245.77771036775593}, "datetime": {"datetime": "2022-10-26 12:46:18", "elapsed": 7651.10325, "delta": 96.172369}}
{"target": -1.3561737439567945, "params": {"alpha": 0.27722066285953484, "batch_size": 213.6252683596248, "drop": 0.18409634456486795, "layer1": 237.9166915417506, "layer2": 136.4511335342394, "layer3": 301.87382773250755}, "datetime": {"datetime": "2022-10-26 12:47:28", "elapsed": 7721.352987, "delta": 70.249737}}
{"target": -1.408958046342969, "params": {"alpha": 0.27720043175535375, "batch_size": 170.2755222768551, "drop": 0.21834279899145512, "layer1": 237.02133656601686, "layer2": 142.4272548035203, "layer3": 249.5160399552626}, "datetime": {"datetime": "2022-10-26 12:49:01", "elapsed": 7814.604251, "delta": 93.251264}}
{"target": -1.3057885539410643, "params": {"alpha": 0.19891142943425702, "batch_size": 165.99654438993005, "drop": 0.19697449063587932, "layer1": 278.5797206096495, "layer2": 141.06862196325716, "layer3": 340.23120814222455}, "datetime": {"datetime": "2022-10-26 12:50:31", "elapsed": 7904.052899, "delta": 89.448648}}
{"target": -1.3354108941340348, "params": {"alpha": 0.27181181775818597, "batch_size": 193.62169661160877, "drop": 0.21807017253699773, "layer1": 262.19436637837, "layer2": 139.80863055909822, "layer3": 333.09191533680814}, "datetime": {"datetime": "2022-10-26 12:51:39", "elapsed": 7972.732477, "delta": 68.679578}}
{"target": -1.666484212511971, "params": {"alpha": 0.21986829994134105, "batch_size": 226.390477232164, "drop": 0.208108965333272, "layer1": 290.94196933480043, "layer2": 180.55998811208968, "layer3": 291.07028596152963}, "datetime": {"datetime": "2022-10-26 12:52:28", "elapsed": 8021.599788, "delta": 48.867311}}
{"target": -1.4801553101556089, "params": {"alpha": 0.2811816679883874, "batch_size": 168.6582922409258, "drop": 0.19394486273371098, "layer1": 257.0712405602391, "layer2": 176.49862164940805, "layer3": 327.35890158386974}, "datetime": {"datetime": "2022-10-26 12:53:52", "elapsed": 8105.402471, "delta": 83.802683}}
{"target": -1.703458962817667, "params": {"alpha": 0.21666360528783296, "batch_size": 223.9502367170818, "drop": 0.18363403708343456, "layer1": 235.33816584589488, "layer2": 171.92589591354835, "layer3": 334.29188132351277}, "datetime": {"datetime": "2022-10-26 12:55:28", "elapsed": 8201.483022, "delta": 96.080551}}
{"target": -1.3201113222110734, "params": {"alpha": 0.2275553561088222, "batch_size": 165.9721535219262, "drop": 0.202404636682256, "layer1": 288.0426120974904, "layer2": 185.87401000256813, "layer3": 280.0924051247488}, "datetime": {"datetime": "2022-10-26 12:56:51", "elapsed": 8284.736305, "delta": 83.253283}}
{"target": -1.6564260079096742, "params": {"alpha": 0.2812074727718109, "batch_size": 192.1177397053478, "drop": 0.2098531004644525, "layer1": 260.0493854221843, "layer2": 140.43881646224327, "layer3": 332.37956312271217}, "datetime": {"datetime": "2022-10-26 12:58:05", "elapsed": 8358.565151, "delta": 73.828846}}
{"target": -1.6891163848092858, "params": {"alpha": 0.28399814631624154, "batch_size": 212.7173074120203, "drop": 0.16885608931220952, "layer1": 283.9836851862735, "layer2": 144.5390170069191, "layer3": 286.04919522664454}, "datetime": {"datetime": "2022-10-26 12:59:22", "elapsed": 8435.044178, "delta": 76.479027}}
{"target": -1.2553793787070227, "params": {"alpha": 0.282165484113939, "batch_size": 214.17657959557272, "drop": 0.18666590594466245, "layer1": 314.300611582078, "layer2": 155.50545851716447, "layer3": 277.89230322386356}, "datetime": {"datetime": "2022-10-26 13:00:36", "elapsed": 8509.606596, "delta": 74.562418}}
{"target": -1.346091273051514, "params": {"alpha": 0.2665988698333453, "batch_size": 196.3330112568994, "drop": 0.2171444913839041, "layer1": 314.0665501631512, "layer2": 172.04203699188906, "layer3": 292.7286071336681}, "datetime": {"datetime": "2022-10-26 13:01:53", "elapsed": 8586.684522, "delta": 77.077926}}
{"target": -1.0925747554939544, "params": {"alpha": 0.20429574734248077, "batch_size": 233.41274979198784, "drop": 0.1846698801839121, "layer1": 232.34597406886954, "layer2": 171.63948964252154, "layer3": 256.3346429166991}, "datetime": {"datetime": "2022-10-26 13:03:19", "elapsed": 8672.689537, "delta": 86.005015}}
{"target": -1.29984450355444, "params": {"alpha": 0.20148082116549648, "batch_size": 231.51215675027123, "drop": 0.16499000134262568, "layer1": 284.0760520302458, "layer2": 178.62401286805797, "layer3": 306.0936781719223}, "datetime": {"datetime": "2022-10-26 13:04:56", "elapsed": 8769.813406, "delta": 97.123869}}
{"target": -1.4683355676024825, "params": {"alpha": 0.2743780877878364, "batch_size": 233.58226548738958, "drop": 0.16568858915613208, "layer1": 233.52320600536348, "layer2": 147.45478735170684, "layer3": 316.24823484095975}, "datetime": {"datetime": "2022-10-26 13:06:22", "elapsed": 8855.385673, "delta": 85.572267}}
{"target": -1.3629166303887426, "params": {"alpha": 0.22739103296324192, "batch_size": 229.5350198952814, "drop": 0.21037094367007989, "layer1": 273.38380561232253, "layer2": 182.94123253303184, "layer3": 269.039466224788}, "datetime": {"datetime": "2022-10-26 13:07:54", "elapsed": 8947.160217, "delta": 91.774544}}
{"target": -1.2324188025366782, "params": {"alpha": 0.2638557089876871, "batch_size": 219.02428292502194, "drop": 0.1709049411239494, "layer1": 236.98771066553053, "layer2": 141.02736800544565, "layer3": 246.53813960635958}, "datetime": {"datetime": "2022-10-26 13:09:27", "elapsed": 9040.753263, "delta": 93.593046}}
{"target": -1.3298768077031387, "params": {"alpha": 0.2651884826374663, "batch_size": 193.67881940214164, "drop": 0.2250692669898433, "layer1": 277.3986116502594, "layer2": 187.9136267979213, "layer3": 271.1827256669456}, "datetime": {"datetime": "2022-10-26 13:10:55", "elapsed": 9128.454239, "delta": 87.700976}}
{"target": -1.3560170532565319, "params": {"alpha": 0.26600136839519944, "batch_size": 227.49445009470094, "drop": 0.18531465703058436, "layer1": 290.1670130221553, "layer2": 177.61501411366874, "layer3": 291.2176813222266}, "datetime": {"datetime": "2022-10-26 13:11:55", "elapsed": 9188.385514, "delta": 59.931275}}
{"target": -1.593995777849817, "params": {"alpha": 0.2561771989511251, "batch_size": 170.5584809953489, "drop": 0.19444707955771826, "layer1": 297.32326916055587, "layer2": 160.32068310633687, "layer3": 329.7289583905059}, "datetime": {"datetime": "2022-10-26 13:13:27", "elapsed": 9279.945862, "delta": 91.560348}}
{"target": -1.0745662133954648, "params": {"alpha": 0.2701247919883763, "batch_size": 178.7586721400272, "drop": 0.19619264999150765, "layer1": 302.64045917907976, "layer2": 153.6318555466491, "layer3": 267.04032550954065}, "datetime": {"datetime": "2022-10-26 13:14:29", "elapsed": 9342.354772, "delta": 62.40891}}
{"target": -1.3476406905546754, "params": {"alpha": 0.22702191140144265, "batch_size": 191.20497783376118, "drop": 0.21690029546609932, "layer1": 280.70011536263684, "layer2": 155.6050649989313, "layer3": 246.70180822838165}, "datetime": {"datetime": "2022-10-26 13:15:51", "elapsed": 9424.6983, "delta": 82.343528}}
{"target": -1.2134083708843961, "params": {"alpha": 0.2753328671278024, "batch_size": 201.34596417925687, "drop": 0.1881064702185458, "layer1": 327.2213617729539, "layer2": 152.3320096616011, "layer3": 243.77976946800055}, "datetime": {"datetime": "2022-10-26 13:17:13", "elapsed": 9506.572987, "delta": 81.874687}}
{"target": -1.3585125121884785, "params": {"alpha": 0.28532782811406004, "batch_size": 172.58054500902438, "drop": 0.22753701941371784, "layer1": 252.3077652023439, "layer2": 177.17189182542958, "layer3": 308.4369139920975}, "datetime": {"datetime": "2022-10-26 13:18:27", "elapsed": 9580.088172, "delta": 73.515185}}
{"target": -1.3018926443330248, "params": {"alpha": 0.2851633088138609, "batch_size": 203.0619928858043, "drop": 0.18251391334772912, "layer1": 252.9594685569588, "layer2": 172.2647453156197, "layer3": 340.0465042978371}, "datetime": {"datetime": "2022-10-26 13:19:54", "elapsed": 9667.029807, "delta": 86.941635}}
{"target": -1.355963119149367, "params": {"alpha": 0.2346667955930219, "batch_size": 228.9492146273605, "drop": 0.16277677838644927, "layer1": 274.38064178842177, "layer2": 177.7155810931227, "layer3": 285.6840624199817}, "datetime": {"datetime": "2022-10-26 13:20:58", "elapsed": 9731.326652, "delta": 64.296845}}
{"target": -1.2283407473227657, "params": {"alpha": 0.20841603933747815, "batch_size": 203.10092405368889, "drop": 0.20318652520996733, "layer1": 250.66426687071475, "layer2": 176.9647757473466, "layer3": 341.8773331777885}, "datetime": {"datetime": "2022-10-26 13:22:23", "elapsed": 9816.332247, "delta": 85.005595}}
{"target": -1.1818088900103139, "params": {"alpha": 0.23373499426014233, "batch_size": 215.15695271979178, "drop": 0.16421978879671018, "layer1": 312.958345429908, "layer2": 154.8262802049525, "layer3": 276.3545922991945}, "datetime": {"datetime": "2022-10-26 13:23:39", "elapsed": 9892.410655, "delta": 76.078408}}
{"target": -1.63166403962621, "params": {"alpha": 0.2780258015645628, "batch_size": 192.3762757206281, "drop": 0.20615015858118266, "layer1": 249.62555399795417, "layer2": 159.76965191603458, "layer3": 292.1296155600733}, "datetime": {"datetime": "2022-10-26 13:25:03", "elapsed": 9976.552459, "delta": 84.141804}}
{"target": -1.4519668879434968, "params": {"alpha": 0.19831596177481592, "batch_size": 201.18896685245957, "drop": 0.2014196508586312, "layer1": 318.73141357295395, "layer2": 147.0571762986675, "layer3": 321.7210878867137}, "datetime": {"datetime": "2022-10-26 13:26:41", "elapsed": 10074.759495, "delta": 98.207036}}
{"target": -1.2337386739622818, "params": {"alpha": 0.24257606929260359, "batch_size": 188.1025911579975, "drop": 0.17234296079012737, "layer1": 306.98631282509064, "layer2": 143.2171031657404, "layer3": 255.536029758348}, "datetime": {"datetime": "2022-10-26 13:28:16", "elapsed": 10168.82457, "delta": 94.065075}}
{"target": -1.5976631262916603, "params": {"alpha": 0.2687719847144479, "batch_size": 197.82396938464285, "drop": 0.18218267449571085, "layer1": 318.4306751978542, "layer2": 145.17733775823623, "layer3": 302.391257683558}, "datetime": {"datetime": "2022-10-26 13:29:10", "elapsed": 10223.196347, "delta": 54.371777}}
{"target": -1.49404968044392, "params": {"alpha": 0.2364020530067773, "batch_size": 217.02199037945255, "drop": 0.18492559048423357, "layer1": 321.8878512876243, "layer2": 180.99522087143762, "layer3": 261.43471900821925}, "datetime": {"datetime": "2022-10-26 13:30:38", "elapsed": 10311.361327, "delta": 88.16498}}
{"target": -1.3363490082390648, "params": {"alpha": 0.2209685679378186, "batch_size": 179.63337796507415, "drop": 0.19919308221506168, "layer1": 310.8294332435738, "layer2": 133.88115557465403, "layer3": 270.43910025784277}, "datetime": {"datetime": "2022-10-26 13:31:46", "elapsed": 10379.262588, "delta": 67.901261}}
{"target": -1.2788325424210998, "params": {"alpha": 0.2772037219014064, "batch_size": 202.7955505559795, "drop": 0.18372362980754878, "layer1": 233.40895171435002, "layer2": 187.83255803698205, "layer3": 301.51985708331773}, "datetime": {"datetime": "2022-10-26 13:32:37", "elapsed": 10430.144556, "delta": 50.881968}}
{"target": -1.5045645658164333, "params": {"alpha": 0.2828470646353799, "batch_size": 217.47329890414701, "drop": 0.19981206708116064, "layer1": 233.32839982103178, "layer2": 138.91168971269786, "layer3": 250.28894935048183}, "datetime": {"datetime": "2022-10-26 13:33:59", "elapsed": 10512.622844, "delta": 82.478288}}
{"target": -1.3235411959153947, "params": {"alpha": 0.23736326660260623, "batch_size": 230.11038270300452, "drop": 0.1820147772245802, "layer1": 251.9082892990887, "layer2": 166.75279878811847, "layer3": 306.8671285749231}, "datetime": {"datetime": "2022-10-26 13:35:26", "elapsed": 10599.542671, "delta": 86.919827}}
{"target": -1.4188330371191114, "params": {"alpha": 0.25858226469871237, "batch_size": 230.10211109700478, "drop": 0.20266946490560067, "layer1": 327.2519442696712, "layer2": 168.99352856740182, "layer3": 335.59646453815776}, "datetime": {"datetime": "2022-10-26 13:36:50", "elapsed": 10683.081629, "delta": 83.538958}}
{"target": -1.2409880319456115, "params": {"alpha": 0.19990543347614276, "batch_size": 167.39188010795732, "drop": 0.20435030328361092, "layer1": 239.874455627855, "layer2": 188.4811246080254, "layer3": 344.94715162590603}, "datetime": {"datetime": "2022-10-26 13:38:09", "elapsed": 10762.733055, "delta": 79.651426}}
