{"target": -2462.932843081934, "params": {"alpha": 0.11250949171494656, "batch_size": 209.32366364165875, "drop": 0.28691666737623045, "layer1": 436.3906497891185, "layer2": 224.885128657075, "layer3": 194.47231957594892}, "datetime": {"datetime": "2022-11-17 00:54:34", "elapsed": 0.0, "delta": 0.0}}
{"target": -1890.8577535314635, "params": {"alpha": 0.10980468882870884, "batch_size": 191.78612214614097, "drop": 0.32824481370942815, "layer1": 427.2375082837402, "layer2": 218.9285298386883, "layer3": 147.78658478781182}, "datetime": {"datetime": "2022-11-17 00:55:26", "elapsed": 52.240696, "delta": 52.240696}}
{"target": -2105.224669017376, "params": {"alpha": 0.12260034261314402, "batch_size": 227.06619593587726, "drop": 0.3117414692952251, "layer1": 335.0098171628368, "layer2": 280.8718181940296, "layer3": 203.6936641534784}, "datetime": {"datetime": "2022-11-17 00:56:00", "elapsed": 86.606401, "delta": 34.365705}}
{"target": -1585.1520741500863, "params": {"alpha": 0.1386623161772133, "batch_size": 207.97488461515832, "drop": 0.25101977129416697, "layer1": 390.38566993223, "layer2": 235.8246338786605, "layer3": 151.62136884427593}, "datetime": {"datetime": "2022-11-17 00:56:51", "elapsed": 137.159993, "delta": 50.553592}}
{"target": -1730.4362315995083, "params": {"alpha": 0.1253854745536706, "batch_size": 221.92920975871314, "drop": 0.32936737813943734, "layer1": 326.62455013598924, "layer2": 236.95023675324268, "layer3": 181.08021258028486}, "datetime": {"datetime": "2022-11-17 00:57:36", "elapsed": 182.718789, "delta": 45.558796}}
{"target": -1573.1117635375824, "params": {"alpha": 0.15142072678256102, "batch_size": 254.27760217827455, "drop": 0.2346456472939501, "layer1": 398.3020167885708, "layer2": 249.84234951901126, "layer3": 165.69039367068558}, "datetime": {"datetime": "2022-11-17 00:58:30", "elapsed": 236.708275, "delta": 53.989486}}
{"target": -54688.41285652257, "params": {"alpha": 0.1063110110232658, "batch_size": 223.7957460007401, "drop": 0.2417367519205506, "layer1": 357.5763961554421, "layer2": 227.5485120465093, "layer3": 164.1256621329824}, "datetime": {"datetime": "2022-11-17 00:59:10", "elapsed": 276.569099, "delta": 39.860824}}
{"target": -2036.4087551344758, "params": {"alpha": 0.10905191683101048, "batch_size": 238.97207588092442, "drop": 0.2902965327302246, "layer1": 405.7726666529192, "layer2": 242.12787308248954, "layer3": 180.5386452333624}, "datetime": {"datetime": "2022-11-17 00:59:55", "elapsed": 321.262935, "delta": 44.693836}}
{"target": -1711.911846536614, "params": {"alpha": 0.11470192891009634, "batch_size": 247.1547363997195, "drop": 0.32057542197163796, "layer1": 422.7302403773159, "layer2": 251.79089249854118, "layer3": 144.98951575702029}, "datetime": {"datetime": "2022-11-17 01:00:49", "elapsed": 375.687488, "delta": 54.424553}}
{"target": -1740.3449438210312, "params": {"alpha": 0.11786182021048909, "batch_size": 202.04592286387086, "drop": 0.32922655596366013, "layer1": 455.3232901689882, "layer2": 261.4998478865865, "layer3": 186.53105950775836}, "datetime": {"datetime": "2022-11-17 01:01:36", "elapsed": 422.715122, "delta": 47.027634}}
{"target": -1692.2367759869921, "params": {"alpha": 0.12417830890902534, "batch_size": 229.28276348989507, "drop": 0.33212361076680685, "layer1": 407.7065948451168, "layer2": 250.22422139094866, "layer3": 144.82971912348103}, "datetime": {"datetime": "2022-11-17 01:02:26", "elapsed": 472.556054, "delta": 49.840932}}
{"target": -1781.1063068223368, "params": {"alpha": 0.11225318207569553, "batch_size": 207.62512433328916, "drop": 0.24926936385272655, "layer1": 323.55183558714623, "layer2": 233.08607960931948, "layer3": 199.449085467351}, "datetime": {"datetime": "2022-11-17 01:03:19", "elapsed": 525.209023, "delta": 52.652969}}
{"target": -1755.005115429649, "params": {"alpha": 0.11554230108916243, "batch_size": 211.855494913226, "drop": 0.2877860016996531, "layer1": 451.7115339978981, "layer2": 256.1076619364506, "layer3": 176.36606427509892}, "datetime": {"datetime": "2022-11-17 01:04:06", "elapsed": 572.654824, "delta": 47.445801}}
{"target": -1698.2476915747905, "params": {"alpha": 0.13905476035162445, "batch_size": 209.7829046991984, "drop": 0.2933785476975962, "layer1": 395.49685740032254, "layer2": 229.39290882364696, "layer3": 164.9439061447429}, "datetime": {"datetime": "2022-11-17 01:04:51", "elapsed": 616.888133, "delta": 44.233309}}
{"target": -1919.196845429052, "params": {"alpha": 0.14280135765696103, "batch_size": 235.4215249952673, "drop": 0.256675872004121, "layer1": 332.1600316926568, "layer2": 220.67993006551865, "layer3": 183.6358215864508}, "datetime": {"datetime": "2022-11-17 01:05:36", "elapsed": 662.715897, "delta": 45.827764}}
{"target": -1820.0116171602642, "params": {"alpha": 0.14355136560752396, "batch_size": 194.69194339400337, "drop": 0.29575243293646136, "layer1": 386.26576096579686, "layer2": 206.2841951498984, "layer3": 189.748700421978}, "datetime": {"datetime": "2022-11-17 01:06:16", "elapsed": 702.620605, "delta": 39.904708}}
{"target": -1739.6618204645472, "params": {"alpha": 0.1296029871381737, "batch_size": 249.5326611388454, "drop": 0.30268525026123266, "layer1": 382.6035052119893, "layer2": 288.41734282992917, "layer3": 187.7932503695297}, "datetime": {"datetime": "2022-11-17 01:07:01", "elapsed": 747.451681, "delta": 44.831076}}
{"target": -6191.316888357643, "params": {"alpha": 0.13223580600825155, "batch_size": 185.79672181413818, "drop": 0.29300102697713604, "layer1": 384.5567295509087, "layer2": 287.5073618635853, "layer3": 182.61054227916705}, "datetime": {"datetime": "2022-11-17 01:07:46", "elapsed": 792.337381, "delta": 44.8857}}
{"target": -1823.8073141382652, "params": {"alpha": 0.14201586090128823, "batch_size": 204.018302116526, "drop": 0.24212726641622231, "layer1": 451.6276590756431, "layer2": 210.82349396434276, "layer3": 143.1939254280823}, "datetime": {"datetime": "2022-11-17 01:08:36", "elapsed": 842.729066, "delta": 50.391685}}
{"target": -1897.153063633117, "params": {"alpha": 0.13521366855399242, "batch_size": 183.60428643075576, "drop": 0.2412731239256602, "layer1": 463.92452016000675, "layer2": 232.93734698049457, "layer3": 196.54653580172928}, "datetime": {"datetime": "2022-11-17 01:09:16", "elapsed": 882.190568, "delta": 39.461502}}
{"target": -1623.6439100563748, "params": {"alpha": 0.1099823258171314, "batch_size": 235.0464549918426, "drop": 0.3049219622269732, "layer1": 348.08833851727996, "layer2": 272.6801451789918, "layer3": 160.89204980060785}, "datetime": {"datetime": "2022-11-17 01:10:11", "elapsed": 937.164085, "delta": 54.973517}}
{"target": -1609.4620491798223, "params": {"alpha": 0.13754871674237396, "batch_size": 218.73535128757848, "drop": 0.26024863736459924, "layer1": 380.0242479801237, "layer2": 289.35016518540084, "layer3": 203.26622683220276}, "datetime": {"datetime": "2022-11-17 01:11:01", "elapsed": 987.441982, "delta": 50.277897}}
{"target": -1636.443859128288, "params": {"alpha": 0.1488894716989882, "batch_size": 244.49577298915665, "drop": 0.2422612688718088, "layer1": 323.67405916570846, "layer2": 237.3092334243978, "layer3": 150.02578046511545}, "datetime": {"datetime": "2022-11-17 01:11:54", "elapsed": 1040.702891, "delta": 53.260909}}
{"target": -2000.2295785033182, "params": {"alpha": 0.14992982309783293, "batch_size": 203.81256334824926, "drop": 0.2776588156027285, "layer1": 436.9009063953441, "layer2": 253.20607885155965, "layer3": 151.62675855936905}, "datetime": {"datetime": "2022-11-17 01:12:38", "elapsed": 1084.344294, "delta": 43.641403}}
{"target": -1724.5194482223194, "params": {"alpha": 0.14160009776180607, "batch_size": 253.08156927901928, "drop": 0.33207481721716214, "layer1": 462.46586701004037, "layer2": 253.5866038861865, "layer3": 189.16286517048385}, "datetime": {"datetime": "2022-11-17 01:13:28", "elapsed": 1134.262327, "delta": 49.918033}}
{"target": -4305.900744891811, "params": {"alpha": 0.11288088643223168, "batch_size": 207.29584286925822, "drop": 0.3001668033359992, "layer1": 334.2849897751283, "layer2": 274.5992251416375, "layer3": 189.1292112971406}, "datetime": {"datetime": "2022-11-17 01:14:17", "elapsed": 1183.114275, "delta": 48.851948}}
{"target": -2273586.678511077, "params": {"alpha": 0.11449401698377305, "batch_size": 212.3936651778944, "drop": 0.29827547184419245, "layer1": 446.6288488037652, "layer2": 231.53535155030247, "layer3": 143.78585914646692}, "datetime": {"datetime": "2022-11-17 01:14:53", "elapsed": 1219.762854, "delta": 36.648579}}
{"target": -1637.6887534480536, "params": {"alpha": 0.12077179697401572, "batch_size": 183.29389739488687, "drop": 0.2536570980290158, "layer1": 323.3216098605582, "layer2": 267.6525565934813, "layer3": 194.66348013080545}, "datetime": {"datetime": "2022-11-17 01:15:42", "elapsed": 1268.593286, "delta": 48.830432}}
{"target": -1919.0605702811224, "params": {"alpha": 0.11410309235616396, "batch_size": 225.31465059136426, "drop": 0.3186388107187439, "layer1": 379.15736370263755, "layer2": 251.08416971474742, "layer3": 199.77456023525087}, "datetime": {"datetime": "2022-11-17 01:16:28", "elapsed": 1314.690564, "delta": 46.097278}}
{"target": -1715.3261772991311, "params": {"alpha": 0.13801419017854102, "batch_size": 187.2366558235006, "drop": 0.24625348086316418, "layer1": 379.3777383014601, "layer2": 236.9355966348656, "layer3": 145.7788817431734}, "datetime": {"datetime": "2022-11-17 01:17:20", "elapsed": 1366.223343, "delta": 51.532779}}
{"target": -1694.8799413287966, "params": {"alpha": 0.11769975414982767, "batch_size": 203.12884140866078, "drop": 0.3283347566193232, "layer1": 351.8850998282136, "layer2": 217.5045472477807, "layer3": 172.30170897145146}, "datetime": {"datetime": "2022-11-17 01:18:08", "elapsed": 1413.882828, "delta": 47.659485}}
{"target": -1732.32125473406, "params": {"alpha": 0.14226552607455994, "batch_size": 251.9321301070234, "drop": 0.24464315019502653, "layer1": 375.5383049181833, "layer2": 234.8312097941278, "layer3": 150.44046288750687}, "datetime": {"datetime": "2022-11-17 01:18:54", "elapsed": 1459.984979, "delta": 46.102151}}
{"target": -1691.7618408644269, "params": {"alpha": 0.1168389716228607, "batch_size": 251.92730104850114, "drop": 0.3176150997906884, "layer1": 433.3889908791886, "layer2": 273.0144797367922, "layer3": 153.18710809584002}, "datetime": {"datetime": "2022-11-17 01:19:41", "elapsed": 1507.141562, "delta": 47.156583}}
{"target": -2353.6164863269155, "params": {"alpha": 0.11712329635198493, "batch_size": 227.85111399078937, "drop": 0.307407412078917, "layer1": 355.6014755106153, "layer2": 225.16241323361348, "layer3": 185.9633607591574}, "datetime": {"datetime": "2022-11-17 01:20:13", "elapsed": 1539.61236, "delta": 32.470798}}
{"target": -1647.50960332964, "params": {"alpha": 0.1478496890159016, "batch_size": 242.24508022378785, "drop": 0.2404994926591662, "layer1": 412.75461821667386, "layer2": 220.90971213890114, "layer3": 155.7014694220847}, "datetime": {"datetime": "2022-11-17 01:21:01", "elapsed": 1587.20686, "delta": 47.5945}}
{"target": -1647.9602337824554, "params": {"alpha": 0.13244450000406852, "batch_size": 242.50037099863528, "drop": 0.2482753294119469, "layer1": 412.02357368390335, "layer2": 210.8785919735051, "layer3": 176.59265606568408}, "datetime": {"datetime": "2022-11-17 01:21:48", "elapsed": 1634.724912, "delta": 47.518052}}
{"target": -2161.557762639257, "params": {"alpha": 0.1259567330319221, "batch_size": 245.90696793723853, "drop": 0.2562596644460782, "layer1": 420.7358120010018, "layer2": 240.12995622378145, "layer3": 153.03783145125104}, "datetime": {"datetime": "2022-11-17 01:22:27", "elapsed": 1672.960375, "delta": 38.235463}}
{"target": -1780.634861846142, "params": {"alpha": 0.12641406833012767, "batch_size": 185.50299514671514, "drop": 0.3304940738504897, "layer1": 456.5024415198851, "layer2": 210.23836552182433, "layer3": 165.36849850274916}, "datetime": {"datetime": "2022-11-17 01:23:19", "elapsed": 1724.857848, "delta": 51.897473}}
{"target": -1724.0794005632088, "params": {"alpha": 0.13875801869791476, "batch_size": 246.85530935930768, "drop": 0.23336360527152622, "layer1": 411.957806128376, "layer2": 247.24137985004108, "layer3": 182.256882084273}, "datetime": {"datetime": "2022-11-17 01:24:04", "elapsed": 1770.419738, "delta": 45.56189}}
