{"target": -1.344930418294302, "params": {"alpha": 0.2458342492070013, "batch_size": 222.58399815930943, "drop": 0.18084073458332386, "layer1": 267.1390663624647, "layer2": 169.18004755769638, "layer3": 269.23043417662944}, "datetime": {"datetime": "2022-10-26 10:38:47", "elapsed": 0.0, "delta": 0.0}}
{"target": -1.3328803570166305, "params": {"alpha": 0.2846153342810464, "batch_size": 184.40070785405695, "drop": 0.21902273400965755, "layer1": 251.24403080807932, "layer2": 142.00693220820295, "layer3": 287.37925979926723}, "datetime": {"datetime": "2022-10-26 10:40:13", "elapsed": 86.737539, "delta": 86.737539}}
{"target": -1.3600861489370748, "params": {"alpha": 0.21330794019263383, "batch_size": 167.15995953336585, "drop": 0.20532654820221297, "layer1": 242.47875469510726, "layer2": 151.28511825884004, "layer3": 301.79259377382675}, "datetime": {"datetime": "2022-10-26 10:41:51", "elapsed": 184.415094, "delta": 97.677555}}
{"target": -1.651628906726691, "params": {"alpha": 0.2569852071165912, "batch_size": 190.98725007703948, "drop": 0.18508203529731057, "layer1": 298.5930316240832, "layer2": 132.3850658892889, "layer3": 308.5900633051078}, "datetime": {"datetime": "2022-10-26 10:42:36", "elapsed": 229.438907, "delta": 45.023813}}
{"target": -1.632417214405978, "params": {"alpha": 0.22232524825212868, "batch_size": 219.05699143042168, "drop": 0.19516715350386815, "layer1": 269.078734105446, "layer2": 163.8166074702198, "layer3": 253.85535096265167}, "datetime": {"datetime": "2022-10-26 10:43:39", "elapsed": 292.368239, "delta": 62.929332}}
{"target": -1.522557750515987, "params": {"alpha": 0.24370749491084648, "batch_size": 164.35490084388937, "drop": 0.22658846460380844, "layer1": 330.1572845750829, "layer2": 134.8552191546515, "layer3": 272.5691413045612}, "datetime": {"datetime": "2022-10-26 10:45:10", "elapsed": 383.148838, "delta": 90.780599}}
{"target": -1.232932192550889, "params": {"alpha": 0.24085383668357419, "batch_size": 192.2669823287419, "drop": 0.17232228357970258, "layer1": 281.5072285538383, "layer2": 155.4824716343091, "layer3": 247.7862735066674}, "datetime": {"datetime": "2022-10-26 10:46:33", "elapsed": 466.314265, "delta": 83.165427}}
{"target": -1.4892030091620783, "params": {"alpha": 0.27715225988706327, "batch_size": 220.06847473565404, "drop": 0.20240370882465866, "layer1": 242.6655511398941, "layer2": 144.02043075601125, "layer3": 318.98454327986695}, "datetime": {"datetime": "2022-10-26 10:47:56", "elapsed": 549.221519, "delta": 82.907254}}
{"target": -1.2883753975613168, "params": {"alpha": 0.2719038683633992, "batch_size": 178.66425618497206, "drop": 0.181345487515961, "layer1": 263.4316393619298, "layer2": 154.5666172949636, "layer3": 262.5535502730117}, "datetime": {"datetime": "2022-10-26 10:49:41", "elapsed": 654.759198, "delta": 105.537679}}
{"target": -1.4520075451638585, "params": {"alpha": 0.26120997921959194, "batch_size": 179.72983459090057, "drop": 0.21994813570508387, "layer1": 243.43721531617564, "layer2": 131.76522253937546, "layer3": 277.5290298378088}, "datetime": {"datetime": "2022-10-26 10:51:12", "elapsed": 745.502487, "delta": 90.743289}}
{"target": -1.2271308644298347, "params": {"alpha": 0.250891244085429, "batch_size": 171.85168674373085, "drop": 0.17140605922078203, "layer1": 245.73457951481822, "layer2": 131.61069614355262, "layer3": 346.64622841073714}, "datetime": {"datetime": "2022-10-26 10:52:29", "elapsed": 822.169858, "delta": 76.667371}}
{"target": -1.274392878080427, "params": {"alpha": 0.28182604839144076, "batch_size": 230.71828642672287, "drop": 0.1775446563440884, "layer1": 283.01013665982777, "layer2": 179.13990958328196, "layer3": 307.03390558321377}, "datetime": {"datetime": "2022-10-26 10:53:54", "elapsed": 907.512821, "delta": 85.342963}}
{"target": -1.1928449575532194, "params": {"alpha": 0.28085564894390913, "batch_size": 199.81196381084885, "drop": 0.18904514900490113, "layer1": 296.928915798637, "layer2": 183.92253444403843, "layer3": 294.0344278830384}, "datetime": {"datetime": "2022-10-26 10:55:33", "elapsed": 1006.167613, "delta": 98.654792}}
{"target": -1.5475349077838911, "params": {"alpha": 0.2105716457588123, "batch_size": 212.720408549464, "drop": 0.18643087730674698, "layer1": 265.04546356515004, "layer2": 145.46326793483271, "layer3": 258.9323842392249}, "datetime": {"datetime": "2022-10-26 10:56:44", "elapsed": 1077.147877, "delta": 70.980264}}
{"target": -1.245873455298299, "params": {"alpha": 0.2305712116259523, "batch_size": 192.30629770064027, "drop": 0.1733954294803367, "layer1": 253.60134231105766, "layer2": 178.80362737483688, "layer3": 296.1879019684224}, "datetime": {"datetime": "2022-10-26 10:58:11", "elapsed": 1164.415586, "delta": 87.267709}}
{"target": -1.5369656463538317, "params": {"alpha": 0.19979085134626123, "batch_size": 189.02972284698308, "drop": 0.17996425469830432, "layer1": 307.0880923354231, "layer2": 144.05741193631067, "layer3": 276.3881647731014}, "datetime": {"datetime": "2022-10-26 10:59:25", "elapsed": 1238.36992, "delta": 73.954334}}
{"target": -1.434246220484206, "params": {"alpha": 0.2543878200771463, "batch_size": 170.39230954081, "drop": 0.20804869755935346, "layer1": 300.8764782162896, "layer2": 165.44489797086473, "layer3": 251.6290310079967}, "datetime": {"datetime": "2022-10-26 11:00:40", "elapsed": 1313.34151, "delta": 74.97159}}
{"target": -1.198809615856446, "params": {"alpha": 0.20513231887354977, "batch_size": 202.29279444401155, "drop": 0.1743714193982123, "layer1": 251.60237626175694, "layer2": 172.80300486199596, "layer3": 341.2621221704717}, "datetime": {"datetime": "2022-10-26 11:01:46", "elapsed": 1379.519973, "delta": 66.178463}}
{"target": -1.236504956574148, "params": {"alpha": 0.24210496684012056, "batch_size": 234.98827039956944, "drop": 0.17700440513260998, "layer1": 260.1833700838616, "layer2": 167.33359127044855, "layer3": 329.1014181258446}, "datetime": {"datetime": "2022-10-26 11:02:55", "elapsed": 1447.851204, "delta": 68.331231}}
{"target": -1.7388649018679814, "params": {"alpha": 0.2779414699311723, "batch_size": 200.34951786755306, "drop": 0.16689639450231447, "layer1": 308.15170968453276, "layer2": 137.98557376479945, "layer3": 266.61335153308204}, "datetime": {"datetime": "2022-10-26 11:03:55", "elapsed": 1508.21448, "delta": 60.363276}}
{"target": -1.386839948553984, "params": {"alpha": 0.25399044210145394, "batch_size": 223.51462041917543, "drop": 0.2235198398966292, "layer1": 267.36919614332095, "layer2": 138.92366837068877, "layer3": 281.2275936028606}, "datetime": {"datetime": "2022-10-26 11:05:15", "elapsed": 1588.479777, "delta": 80.265297}}
{"target": -1.5451756571998687, "params": {"alpha": 0.2555736691034071, "batch_size": 233.39941946269713, "drop": 0.17269955858114913, "layer1": 303.96734836264596, "layer2": 143.45159511041177, "layer3": 287.1591001103943}, "datetime": {"datetime": "2022-10-26 11:06:36", "elapsed": 1669.181014, "delta": 80.701237}}
{"target": -1.329867969486727, "params": {"alpha": 0.20976424347847364, "batch_size": 194.9087786345993, "drop": 0.19547924410062253, "layer1": 305.1447330778095, "layer2": 142.02803003751495, "layer3": 297.2521048791936}, "datetime": {"datetime": "2022-10-26 11:07:56", "elapsed": 1749.555993, "delta": 80.374979}}
{"target": -1.2119638285198604, "params": {"alpha": 0.26067922083798123, "batch_size": 182.9937843481722, "drop": 0.21815851953645002, "layer1": 321.5049352902631, "layer2": 159.71336656731418, "layer3": 326.62794420164397}, "datetime": {"datetime": "2022-10-26 11:09:13", "elapsed": 1826.289315, "delta": 76.733322}}
{"target": -1.2939169627708647, "params": {"alpha": 0.2410329917935535, "batch_size": 224.42611883135436, "drop": 0.2075936407289709, "layer1": 327.53241309057455, "layer2": 169.39529320209436, "layer3": 262.70130699160234}, "datetime": {"datetime": "2022-10-26 11:10:24", "elapsed": 1896.990376, "delta": 70.701061}}
{"target": -1.319060543460151, "params": {"alpha": 0.21382886926843403, "batch_size": 174.2522623197374, "drop": 0.20484845169467203, "layer1": 322.40092754400825, "layer2": 168.9985200241001, "layer3": 326.6773827837937}, "datetime": {"datetime": "2022-10-26 11:11:40", "elapsed": 1973.416392, "delta": 76.426016}}
{"target": -1.484369892161551, "params": {"alpha": 0.21723567286067585, "batch_size": 218.5954656386595, "drop": 0.18019822470489263, "layer1": 256.59378686172755, "layer2": 169.93758595962694, "layer3": 277.23114371075985}, "datetime": {"datetime": "2022-10-26 11:12:43", "elapsed": 2036.792932, "delta": 63.37654}}
{"target": -1.526156589701915, "params": {"alpha": 0.27379770831086575, "batch_size": 190.25333451543182, "drop": 0.20210562957634828, "layer1": 313.39057598143194, "layer2": 163.81986706410368, "layer3": 263.2967595290812}, "datetime": {"datetime": "2022-10-26 11:13:42", "elapsed": 2095.551825, "delta": 58.758893}}
{"target": -1.5150601900742184, "params": {"alpha": 0.2554735250049367, "batch_size": 175.03800475629797, "drop": 0.16975645842868017, "layer1": 299.28992028529984, "layer2": 156.59962255093058, "layer3": 275.57812370481787}, "datetime": {"datetime": "2022-10-26 11:14:52", "elapsed": 2165.160185, "delta": 69.60836}}
{"target": -1.2649231418651277, "params": {"alpha": 0.2120935490853952, "batch_size": 187.63587715101897, "drop": 0.16323133623887595, "layer1": 271.76240973546555, "layer2": 132.01422158059592, "layer3": 243.7140959684131}, "datetime": {"datetime": "2022-10-26 11:16:20", "elapsed": 2253.705277, "delta": 88.545092}}
{"target": -1.1496840353992153, "params": {"alpha": 0.25761639110649404, "batch_size": 179.64427680651406, "drop": 0.22659878257213, "layer1": 311.79708706880496, "layer2": 166.05592432324946, "layer3": 335.0900746333122}, "datetime": {"datetime": "2022-10-26 11:17:29", "elapsed": 2322.797816, "delta": 69.092539}}
{"target": -1.4526179762957045, "params": {"alpha": 0.23771837694558728, "batch_size": 188.3642170701902, "drop": 0.19642751675843495, "layer1": 333.592875632194, "layer2": 186.81506827355298, "layer3": 242.82466967997436}, "datetime": {"datetime": "2022-10-26 11:18:57", "elapsed": 2410.490603, "delta": 87.692787}}
{"target": -1.6601934386376698, "params": {"alpha": 0.28393780566099414, "batch_size": 224.7365005954628, "drop": 0.19875340156316465, "layer1": 286.8739419038268, "layer2": 136.2993187284757, "layer3": 282.2942095778268}, "datetime": {"datetime": "2022-10-26 11:20:08", "elapsed": 2481.760403, "delta": 71.2698}}
{"target": -1.195208456085273, "params": {"alpha": 0.20010568891581443, "batch_size": 224.0284816197464, "drop": 0.21741078037523584, "layer1": 279.3797000173268, "layer2": 175.90093077603382, "layer3": 286.60052371180507}, "datetime": {"datetime": "2022-10-26 11:21:29", "elapsed": 2561.890402, "delta": 80.129999}}
{"target": -1.1098869581983444, "params": {"alpha": 0.2727165031031732, "batch_size": 191.5276865532149, "drop": 0.1926666796371699, "layer1": 260.32895913282533, "layer2": 139.9374850643911, "layer3": 333.71030944860524}, "datetime": {"datetime": "2022-10-26 11:22:49", "elapsed": 2642.792131, "delta": 80.901729}}
{"target": -1.3712814573421601, "params": {"alpha": 0.26812173041562, "batch_size": 180.26917864719567, "drop": 0.17306678607374798, "layer1": 300.7886066464742, "layer2": 141.0842318075855, "layer3": 253.32145115205898}, "datetime": {"datetime": "2022-10-26 11:24:10", "elapsed": 2723.08621, "delta": 80.294079}}
{"target": -1.520611636160924, "params": {"alpha": 0.22371033941385188, "batch_size": 226.6546583951888, "drop": 0.19506912813572858, "layer1": 244.7232651562737, "layer2": 154.05201469095962, "layer3": 260.3254204469745}, "datetime": {"datetime": "2022-10-26 11:25:29", "elapsed": 2802.4402, "delta": 79.35399}}
{"target": -1.1116467607537783, "params": {"alpha": 0.2725444163219216, "batch_size": 234.25053938408843, "drop": 0.17827471501686815, "layer1": 233.21209893903716, "layer2": 148.3301450723782, "layer3": 315.8431658216218}, "datetime": {"datetime": "2022-10-26 11:27:03", "elapsed": 2895.941502, "delta": 93.501302}}
{"target": -1.117666962884472, "params": {"alpha": 0.25587493072977086, "batch_size": 196.17381374254018, "drop": 0.15888075681998304, "layer1": 287.60904862405033, "layer2": 132.3672075665145, "layer3": 321.18483422370826}, "datetime": {"datetime": "2022-10-26 11:28:35", "elapsed": 2988.753928, "delta": 92.812426}}
{"target": -1.3101808961946604, "params": {"alpha": 0.23205984817327485, "batch_size": 194.22593359709873, "drop": 0.1599561990259385, "layer1": 252.672690266034, "layer2": 173.08386161024654, "layer3": 340.66469173323355}, "datetime": {"datetime": "2022-10-26 11:29:46", "elapsed": 3059.361798, "delta": 70.60787}}
{"target": -1.6217871197777596, "params": {"alpha": 0.21431691219497126, "batch_size": 186.82508476211987, "drop": 0.19313413414074715, "layer1": 331.0960776612451, "layer2": 170.2939810532272, "layer3": 313.00048286211637}, "datetime": {"datetime": "2022-10-26 11:30:56", "elapsed": 3129.128894, "delta": 69.767096}}
{"target": -1.6321760141611334, "params": {"alpha": 0.2172079393959815, "batch_size": 186.8509208846192, "drop": 0.1760847924427878, "layer1": 262.85276378987754, "layer2": 165.18778905585697, "layer3": 287.7029242859144}, "datetime": {"datetime": "2022-10-26 11:32:30", "elapsed": 3223.450857, "delta": 94.321963}}
{"target": -1.709649191060454, "params": {"alpha": 0.2220329616866946, "batch_size": 187.82405370783496, "drop": 0.17319121408330057, "layer1": 281.9206890982989, "layer2": 133.372329007728, "layer3": 335.33150192211417}, "datetime": {"datetime": "2022-10-26 11:33:58", "elapsed": 3311.324838, "delta": 87.873981}}
{"target": -1.430733824048251, "params": {"alpha": 0.23577934074688559, "batch_size": 205.2951502110842, "drop": 0.22754237024868296, "layer1": 269.0227249373361, "layer2": 168.0268162855398, "layer3": 299.99496056419247}, "datetime": {"datetime": "2022-10-26 11:35:10", "elapsed": 3383.727387, "delta": 72.402549}}
{"target": -1.218061050819704, "params": {"alpha": 0.23238273206225973, "batch_size": 216.82160932844647, "drop": 0.16846727739334272, "layer1": 322.0357433337669, "layer2": 181.47023507635362, "layer3": 261.5649226270893}, "datetime": {"datetime": "2022-10-26 11:36:39", "elapsed": 3472.243094, "delta": 88.515707}}
{"target": -1.3172854655485906, "params": {"alpha": 0.21452341483468032, "batch_size": 171.47083448024154, "drop": 0.18092876918395548, "layer1": 270.12319653832685, "layer2": 142.43720361754188, "layer3": 309.9845680900154}, "datetime": {"datetime": "2022-10-26 11:37:48", "elapsed": 3541.489544, "delta": 69.24645}}
{"target": -1.1539037587186918, "params": {"alpha": 0.23504021018347898, "batch_size": 164.51007700307738, "drop": 0.17599477745011732, "layer1": 276.329956667253, "layer2": 131.6259600519223, "layer3": 240.92344215959008}, "datetime": {"datetime": "2022-10-26 11:39:23", "elapsed": 3636.356568, "delta": 94.867024}}
{"target": -1.4881607287042933, "params": {"alpha": 0.2703663662543735, "batch_size": 190.38198003900555, "drop": 0.20428986414736122, "layer1": 238.23283170023353, "layer2": 131.91069039281558, "layer3": 258.61032268278024}, "datetime": {"datetime": "2022-10-26 11:40:45", "elapsed": 3718.005769, "delta": 81.649201}}
{"target": -1.4395707632840475, "params": {"alpha": 0.23718950411620215, "batch_size": 205.7270538676374, "drop": 0.1904137717863394, "layer1": 238.8210986761556, "layer2": 160.55844597062173, "layer3": 248.68555999142785}, "datetime": {"datetime": "2022-10-26 11:42:02", "elapsed": 3795.470064, "delta": 77.464295}}
{"target": -1.9582380105109403, "params": {"alpha": 0.20707308964287754, "batch_size": 191.0921982717994, "drop": 0.20841532895898704, "layer1": 260.18172960576067, "layer2": 145.04639692868642, "layer3": 336.30185970905745}, "datetime": {"datetime": "2022-10-26 11:43:11", "elapsed": 3864.38417, "delta": 68.914106}}
{"target": -1.3087061761746, "params": {"alpha": 0.20591591458611164, "batch_size": 181.50265941464625, "drop": 0.21562618533516942, "layer1": 268.2390699541555, "layer2": 154.5616647585678, "layer3": 297.7865328611761}, "datetime": {"datetime": "2022-10-26 11:44:33", "elapsed": 3946.799153, "delta": 82.414983}}
{"target": -1.5132537081376338, "params": {"alpha": 0.26736752511720996, "batch_size": 175.48819528406335, "drop": 0.18634538803198086, "layer1": 238.27708706636434, "layer2": 141.26346001429982, "layer3": 320.46923599897315}, "datetime": {"datetime": "2022-10-26 11:45:41", "elapsed": 4014.147799, "delta": 67.348646}}
{"target": -1.3342112506478319, "params": {"alpha": 0.23098603699264175, "batch_size": 192.60471447957738, "drop": 0.19209811661107934, "layer1": 278.64773071677575, "layer2": 134.26116149658054, "layer3": 304.20611911852995}, "datetime": {"datetime": "2022-10-26 11:46:51", "elapsed": 4084.806042, "delta": 70.658243}}
{"target": -1.4388605411059276, "params": {"alpha": 0.23189279504108412, "batch_size": 202.79138121014827, "drop": 0.1800494853281858, "layer1": 237.03202353369142, "layer2": 148.12173013258473, "layer3": 309.1131927420239}, "datetime": {"datetime": "2022-10-26 11:48:09", "elapsed": 4162.781167, "delta": 77.975125}}
{"target": -1.1784263411794476, "params": {"alpha": 0.28530857449836916, "batch_size": 168.0738069297016, "drop": 0.1869763123289319, "layer1": 279.1251008398163, "layer2": 142.72407502984237, "layer3": 338.9792377254879}, "datetime": {"datetime": "2022-10-26 11:49:28", "elapsed": 4241.75384, "delta": 78.972673}}
{"target": -1.5682416087550233, "params": {"alpha": 0.22419609716551311, "batch_size": 181.70223997594368, "drop": 0.17013556516061873, "layer1": 258.6605912318332, "layer2": 141.06450449151282, "layer3": 261.2675507454223}, "datetime": {"datetime": "2022-10-26 11:50:39", "elapsed": 4312.25676, "delta": 70.50292}}
{"target": -1.2693266812522253, "params": {"alpha": 0.21091603803871722, "batch_size": 168.2837703761979, "drop": 0.21785049139732438, "layer1": 286.85053571193663, "layer2": 184.8807504009681, "layer3": 280.0288451854073}, "datetime": {"datetime": "2022-10-26 11:52:07", "elapsed": 4400.493296, "delta": 88.236536}}
{"target": -1.387444886937853, "params": {"alpha": 0.22458177595853593, "batch_size": 213.90632510078146, "drop": 0.19598073693013401, "layer1": 254.10072594327022, "layer2": 167.32956778179746, "layer3": 241.30457814637484}, "datetime": {"datetime": "2022-10-26 11:53:22", "elapsed": 4475.3089, "delta": 74.815604}}
{"target": -1.1810129968402465, "params": {"alpha": 0.20724362918407316, "batch_size": 207.50955306656013, "drop": 0.20617843575788797, "layer1": 265.20349656801733, "layer2": 135.11077315455032, "layer3": 300.0441649738549}, "datetime": {"datetime": "2022-10-26 11:54:27", "elapsed": 4540.611246, "delta": 65.302346}}
{"target": -1.316885513937332, "params": {"alpha": 0.2139404041904615, "batch_size": 232.02871432565811, "drop": 0.17703651926507719, "layer1": 253.11890063364888, "layer2": 132.89924260869842, "layer3": 258.78341734509223}, "datetime": {"datetime": "2022-10-26 11:55:49", "elapsed": 4622.375604, "delta": 81.764358}}
{"target": -1.0598333365266042, "params": {"alpha": 0.2438237455709448, "batch_size": 224.6407697100483, "drop": 0.20806913369330635, "layer1": 233.68150504200042, "layer2": 171.1842291662183, "layer3": 332.43196109292296}, "datetime": {"datetime": "2022-10-26 11:57:07", "elapsed": 4700.231716, "delta": 77.856112}}
{"target": -1.2562351127039109, "params": {"alpha": 0.22310671048457018, "batch_size": 220.5067452581389, "drop": 0.18504907450063834, "layer1": 263.07957200332277, "layer2": 167.5474248108515, "layer3": 301.73325555997474}, "datetime": {"datetime": "2022-10-26 11:58:47", "elapsed": 4799.971697, "delta": 99.739981}}
{"target": -1.81985556384572, "params": {"alpha": 0.20639554466927695, "batch_size": 187.71969832495725, "drop": 0.22486091271742908, "layer1": 267.6730388664449, "layer2": 145.5867658753664, "layer3": 297.16624726843895}, "datetime": {"datetime": "2022-10-26 11:59:57", "elapsed": 4870.159944, "delta": 70.188247}}
{"target": -1.6097403393949405, "params": {"alpha": 0.21581479851655966, "batch_size": 233.37172538787496, "drop": 0.1593981930114092, "layer1": 282.2196232463948, "layer2": 144.79364931345947, "layer3": 269.34287600430935}, "datetime": {"datetime": "2022-10-26 12:01:01", "elapsed": 4934.036934, "delta": 63.87699}}
{"target": -1.4457864682407982, "params": {"alpha": 0.2821440256644203, "batch_size": 176.52146646654475, "drop": 0.20656042282202114, "layer1": 320.36002736046004, "layer2": 137.05331526105948, "layer3": 257.0766312805856}, "datetime": {"datetime": "2022-10-26 12:02:10", "elapsed": 5003.59925, "delta": 69.562316}}
{"target": -1.3987270760062467, "params": {"alpha": 0.27942703546226005, "batch_size": 232.48209530611143, "drop": 0.16508448206668636, "layer1": 280.8567013373587, "layer2": 186.3091028203705, "layer3": 296.9018157908213}, "datetime": {"datetime": "2022-10-26 12:03:29", "elapsed": 5082.158155, "delta": 78.558905}}
{"target": -1.7172366454529182, "params": {"alpha": 0.24172566289270841, "batch_size": 181.23517275223756, "drop": 0.17434042563535398, "layer1": 285.48109815156164, "layer2": 144.56717046318448, "layer3": 305.38236993055216}, "datetime": {"datetime": "2022-10-26 12:04:22", "elapsed": 5135.450595, "delta": 53.29244}}
{"target": -1.4366012370495385, "params": {"alpha": 0.23931128819598585, "batch_size": 184.8510901549884, "drop": 0.19946739854955223, "layer1": 243.66986635119446, "layer2": 173.94773824068332, "layer3": 314.7843142342398}, "datetime": {"datetime": "2022-10-26 12:06:12", "elapsed": 5244.999455, "delta": 109.54886}}
{"target": -1.278248046630703, "params": {"alpha": 0.21840994442856826, "batch_size": 223.88943902586556, "drop": 0.17722021080621658, "layer1": 311.88440258526026, "layer2": 147.5119936170791, "layer3": 337.09514517833657}, "datetime": {"datetime": "2022-10-26 12:07:27", "elapsed": 5320.202506, "delta": 75.203051}}
