{"target": -1.3297498509456853, "params": {"alpha": 0.22973154105993102, "batch_size": 174.41340834610747, "drop": 0.19942283726121257, "layer1": 246.62007909369305, "layer2": 139.60275269740094, "layer3": 337.4758420883092}, "datetime": {"datetime": "2022-10-26 13:39:19", "elapsed": 10832.089081, "delta": 69.356026}}
{"target": -1.391656957881199, "params": {"alpha": 0.20308124611994374, "batch_size": 230.12035874487574, "drop": 0.2067281999792572, "layer1": 263.1716693563848, "layer2": 185.8686074966544, "layer3": 346.3966332200812}, "datetime": {"datetime": "2022-10-26 13:40:32", "elapsed": 10905.68791, "delta": 73.598829}}
{"target": -1.7563093409752872, "params": {"alpha": 0.229324572567244, "batch_size": 173.42522936504764, "drop": 0.19912352456194451, "layer1": 326.33230940073145, "layer2": 135.73925835553624, "layer3": 312.0782282176615}, "datetime": {"datetime": "2022-10-26 13:42:03", "elapsed": 10995.950501, "delta": 90.262591}}
{"target": -1.5611493603235578, "params": {"alpha": 0.20855207831087963, "batch_size": 220.4458328301372, "drop": 0.22134979614425032, "layer1": 330.24409943772486, "layer2": 131.39501620943187, "layer3": 338.131619773402}, "datetime": {"datetime": "2022-10-26 13:43:09", "elapsed": 11061.825858, "delta": 65.875357}}
{"target": -1.8080863891086472, "params": {"alpha": 0.24516222659962544, "batch_size": 222.91808829174528, "drop": 0.19255515509002585, "layer1": 279.0871083593931, "layer2": 154.06616588926408, "layer3": 293.6899051404536}, "datetime": {"datetime": "2022-10-26 13:44:06", "elapsed": 11119.175716, "delta": 57.349858}}
{"target": -1.2294163936681581, "params": {"alpha": 0.22804095497742505, "batch_size": 211.10098534644172, "drop": 0.20482851468646154, "layer1": 290.7070379116433, "layer2": 161.45641469822647, "layer3": 245.10362741185196}, "datetime": {"datetime": "2022-10-26 13:45:22", "elapsed": 11195.305861, "delta": 76.130145}}
{"target": -1.3323168457068528, "params": {"alpha": 0.26628226598830945, "batch_size": 179.8896921626254, "drop": 0.20812470217752, "layer1": 322.6059006481443, "layer2": 167.19012936328298, "layer3": 252.0108571133695}, "datetime": {"datetime": "2022-10-26 13:46:45", "elapsed": 11278.130752, "delta": 82.824891}}
{"target": -1.4676022614161521, "params": {"alpha": 0.19834266018119434, "batch_size": 169.090280144831, "drop": 0.17060055100623836, "layer1": 313.32970231243917, "layer2": 155.19453733205987, "layer3": 290.3578626456733}, "datetime": {"datetime": "2022-10-26 13:47:38", "elapsed": 11331.134527, "delta": 53.003775}}
{"target": -1.4866766024507811, "params": {"alpha": 0.21886909333395504, "batch_size": 174.77391216900253, "drop": 0.1689459026796885, "layer1": 251.3149186194164, "layer2": 185.34224185866648, "layer3": 345.8043719496053}, "datetime": {"datetime": "2022-10-26 13:48:42", "elapsed": 11395.284582, "delta": 64.150055}}
{"target": -1.852585683410261, "params": {"alpha": 0.2368408722686153, "batch_size": 233.2120253455856, "drop": 0.21760849900616, "layer1": 292.1805849491601, "layer2": 167.32408245547117, "layer3": 257.8815500069941}, "datetime": {"datetime": "2022-10-26 13:49:37", "elapsed": 11450.566972, "delta": 55.28239}}
{"target": -1.066330947796645, "params": {"alpha": 0.24662903256729593, "batch_size": 215.6522158004505, "drop": 0.2201486585622258, "layer1": 246.47640537898067, "layer2": 166.06994033048036, "layer3": 265.34752623814734}, "datetime": {"datetime": "2022-10-26 13:50:53", "elapsed": 11526.821499, "delta": 76.254527}}
{"target": -1.044280018783157, "params": {"alpha": 0.2229471419454032, "batch_size": 188.3604862883811, "drop": 0.17112566503535528, "layer1": 298.3742869460061, "layer2": 139.90797295258693, "layer3": 324.60197602236326}, "datetime": {"datetime": "2022-10-26 13:52:16", "elapsed": 11609.533796, "delta": 82.712297}}
{"target": -1.8685021858568034, "params": {"alpha": 0.28153626633620354, "batch_size": 204.75919810472317, "drop": 0.21737651539911096, "layer1": 246.4126586776373, "layer2": 172.14414962685052, "layer3": 265.9030094586819}, "datetime": {"datetime": "2022-10-26 13:54:13", "elapsed": 11726.035031, "delta": 116.501235}}
{"target": -1.3165676042028833, "params": {"alpha": 0.27136635590692393, "batch_size": 233.45071937092018, "drop": 0.1852623136665643, "layer1": 233.6241826762918, "layer2": 136.41072988527327, "layer3": 329.77432788338564}, "datetime": {"datetime": "2022-10-26 13:55:38", "elapsed": 11811.091156, "delta": 85.056125}}
{"target": -1.5124811926556534, "params": {"alpha": 0.22175987737447422, "batch_size": 179.35288971143106, "drop": 0.1600074908867996, "layer1": 244.84631564959966, "layer2": 186.56593648556793, "layer3": 276.53248388938476}, "datetime": {"datetime": "2022-10-26 13:57:24", "elapsed": 11916.827872, "delta": 105.736716}}
{"target": -1.8015978278003524, "params": {"alpha": 0.26603201038201446, "batch_size": 164.4778519463531, "drop": 0.22012113714782416, "layer1": 247.62541524030703, "layer2": 160.3514709258566, "layer3": 287.55576940736034}, "datetime": {"datetime": "2022-10-26 13:58:38", "elapsed": 11991.063668, "delta": 74.235796}}
{"target": -1.7230533184634091, "params": {"alpha": 0.25993056709362383, "batch_size": 168.0120399398208, "drop": 0.17563845926812074, "layer1": 270.3489981274672, "layer2": 161.13240466444455, "layer3": 334.4748988284654}, "datetime": {"datetime": "2022-10-26 13:59:36", "elapsed": 12048.887454, "delta": 57.823786}}
{"target": -1.2462947031679055, "params": {"alpha": 0.24167287530882733, "batch_size": 184.27379602884213, "drop": 0.19419297299935792, "layer1": 288.0163192474245, "layer2": 174.29002275044462, "layer3": 281.2413693426258}, "datetime": {"datetime": "2022-10-26 14:01:03", "elapsed": 12135.967693, "delta": 87.080239}}
{"target": -1.5225648379977008, "params": {"alpha": 0.24224897771065773, "batch_size": 182.20794509364057, "drop": 0.16882425063135217, "layer1": 232.6431035643749, "layer2": 183.69258948819564, "layer3": 334.26212240128854}, "datetime": {"datetime": "2022-10-26 14:02:21", "elapsed": 12214.801774, "delta": 78.834081}}
{"target": -1.3131670822455792, "params": {"alpha": 0.25016264088015533, "batch_size": 187.05456049614966, "drop": 0.22445178515531122, "layer1": 330.9926768055688, "layer2": 173.68292994325165, "layer3": 326.1316945846298}, "datetime": {"datetime": "2022-10-26 14:04:00", "elapsed": 12312.987863, "delta": 98.186089}}
{"target": -1.8026299556655063, "params": {"alpha": 0.2519200692107529, "batch_size": 193.76092768490753, "drop": 0.18159223252444978, "layer1": 312.8364662579911, "layer2": 180.20430506451234, "layer3": 258.8393687067645}, "datetime": {"datetime": "2022-10-26 14:05:26", "elapsed": 12399.218496, "delta": 86.230633}}
{"target": -1.3501883114109554, "params": {"alpha": 0.21649883487903754, "batch_size": 204.0376120634096, "drop": 0.2243197251711983, "layer1": 328.681318278675, "layer2": 141.13808953104981, "layer3": 297.3121045230886}, "datetime": {"datetime": "2022-10-26 14:06:51", "elapsed": 12484.357198, "delta": 85.138702}}
{"target": -1.1856062094616688, "params": {"alpha": 0.26798069756676596, "batch_size": 207.5528363936373, "drop": 0.2127803905555541, "layer1": 270.69992316606005, "layer2": 177.10423870650772, "layer3": 279.54541918874787}, "datetime": {"datetime": "2022-10-26 14:08:09", "elapsed": 12562.707892, "delta": 78.350694}}
{"target": -1.3103355031708386, "params": {"alpha": 0.21492732905991763, "batch_size": 209.2255021464548, "drop": 0.17939583220054844, "layer1": 242.78659825898453, "layer2": 161.33044317329342, "layer3": 326.0754015958372}, "datetime": {"datetime": "2022-10-26 14:09:48", "elapsed": 12661.19878, "delta": 98.490888}}
{"target": -1.3346924247477168, "params": {"alpha": 0.25861309286910006, "batch_size": 164.94333032618192, "drop": 0.1908960265168347, "layer1": 272.7496374662986, "layer2": 153.8994424363301, "layer3": 245.6041893561829}, "datetime": {"datetime": "2022-10-26 14:11:29", "elapsed": 12762.256565, "delta": 101.057785}}
{"target": -1.4245629385065703, "params": {"alpha": 0.2581257938153714, "batch_size": 192.32280655541007, "drop": 0.17606333903418916, "layer1": 327.5674676720967, "layer2": 188.51528092756465, "layer3": 312.67033457938595}, "datetime": {"datetime": "2022-10-26 14:12:48", "elapsed": 12841.191014, "delta": 78.934449}}
{"target": -1.1296203111688805, "params": {"alpha": 0.20690955036675637, "batch_size": 232.38472186346024, "drop": 0.16425251952489356, "layer1": 253.06455598126954, "layer2": 186.06543551236146, "layer3": 256.4453962144107}, "datetime": {"datetime": "2022-10-26 14:14:07", "elapsed": 12920.327493, "delta": 79.136479}}
{"target": -1.671169246079996, "params": {"alpha": 0.23765440378631209, "batch_size": 210.64434325403397, "drop": 0.19087386870145676, "layer1": 306.3000536752533, "layer2": 155.63737160175003, "layer3": 302.2318642295085}, "datetime": {"datetime": "2022-10-26 14:15:00", "elapsed": 12973.145401, "delta": 52.817908}}
{"target": -1.1889419495211537, "params": {"alpha": 0.2795225321334586, "batch_size": 191.86303710835176, "drop": 0.19079510678245254, "layer1": 268.2624059652634, "layer2": 152.71583746218553, "layer3": 346.6008941058886}, "datetime": {"datetime": "2022-10-26 14:16:05", "elapsed": 13038.375875, "delta": 65.230474}}
{"target": -1.449193954320952, "params": {"alpha": 0.20714975002882619, "batch_size": 181.78375686473547, "drop": 0.22084010560583983, "layer1": 327.20277725645235, "layer2": 159.59220184924936, "layer3": 264.80044151837114}, "datetime": {"datetime": "2022-10-26 14:17:18", "elapsed": 13111.666436, "delta": 73.290561}}
{"target": -1.6173507305891102, "params": {"alpha": 0.2176427638980577, "batch_size": 169.44376924651925, "drop": 0.19597672745811953, "layer1": 331.13815203021704, "layer2": 165.23814304623107, "layer3": 274.71172714332965}, "datetime": {"datetime": "2022-10-26 14:18:34", "elapsed": 13187.308023, "delta": 75.641587}}
{"target": -1.1984640622595195, "params": {"alpha": 0.21865866068908202, "batch_size": 202.0691095421905, "drop": 0.17374289001131227, "layer1": 308.47261922143804, "layer2": 136.10615955289086, "layer3": 322.368305274464}, "datetime": {"datetime": "2022-10-26 14:19:43", "elapsed": 13256.09221, "delta": 68.784187}}
{"target": -1.590148165509862, "params": {"alpha": 0.253973633146032, "batch_size": 221.84076287332897, "drop": 0.19077918037913513, "layer1": 308.4946626943358, "layer2": 182.14281564606895, "layer3": 320.3309925616872}, "datetime": {"datetime": "2022-10-26 14:20:47", "elapsed": 13320.151588, "delta": 64.059378}}
{"target": -1.4580270333356797, "params": {"alpha": 0.23262855785832331, "batch_size": 169.19626541646258, "drop": 0.21518588370161257, "layer1": 292.64721253495577, "layer2": 155.5449518079229, "layer3": 340.4046350784933}, "datetime": {"datetime": "2022-10-26 14:22:08", "elapsed": 13400.8627, "delta": 80.711112}}
{"target": -1.4375059568535242, "params": {"alpha": 0.257811856079147, "batch_size": 234.5902038286306, "drop": 0.21688544208395694, "layer1": 328.9047478351614, "layer2": 144.63721802593935, "layer3": 314.2876640932369}, "datetime": {"datetime": "2022-10-26 14:23:14", "elapsed": 13467.297596, "delta": 66.434896}}
{"target": -1.5799709695005622, "params": {"alpha": 0.2553399507430233, "batch_size": 166.12460066730034, "drop": 0.1868879741371663, "layer1": 303.2808506280745, "layer2": 182.5358583676528, "layer3": 328.02330165841363}, "datetime": {"datetime": "2022-10-26 14:24:43", "elapsed": 13556.002132, "delta": 88.704536}}
{"target": -1.3867580097031105, "params": {"alpha": 0.2598810868543465, "batch_size": 194.98600498395638, "drop": 0.21121230635589355, "layer1": 284.1970637134661, "layer2": 171.79207744038655, "layer3": 244.87641998261253}, "datetime": {"datetime": "2022-10-26 14:25:51", "elapsed": 13624.596481, "delta": 68.594349}}
{"target": -1.5540896423213277, "params": {"alpha": 0.2605191851010832, "batch_size": 206.37002460508134, "drop": 0.20683611849412817, "layer1": 249.27662917400093, "layer2": 174.8390240940871, "layer3": 331.871306626789}, "datetime": {"datetime": "2022-10-26 14:26:47", "elapsed": 13680.333014, "delta": 55.736533}}
{"target": -0.9965649417536583, "params": {"alpha": 0.2725476069118123, "batch_size": 209.62949553496867, "drop": 0.19934049729986822, "layer1": 300.44756121695445, "layer2": 183.2122961481691, "layer3": 314.7054308841483}, "datetime": {"datetime": "2022-10-26 14:28:16", "elapsed": 13769.652683, "delta": 89.319669}}
{"target": -1.4545055037423114, "params": {"alpha": 0.277268151039363, "batch_size": 220.51936087782792, "drop": 0.19510300438529585, "layer1": 255.5187773894594, "layer2": 131.5186617901254, "layer3": 332.6576815725663}, "datetime": {"datetime": "2022-10-26 14:29:48", "elapsed": 13861.416388, "delta": 91.763705}}
{"target": -2.0336608525094024, "params": {"alpha": 0.23708329556933894, "batch_size": 165.0014712050731, "drop": 0.2156250488844439, "layer1": 291.19309935445136, "layer2": 184.9121218099653, "layer3": 246.84537746519564}, "datetime": {"datetime": "2022-10-26 14:31:06", "elapsed": 13939.193189, "delta": 77.776801}}
{"target": -1.4735354508826937, "params": {"alpha": 0.2474951679074185, "batch_size": 176.83108761603924, "drop": 0.18262762297160767, "layer1": 290.79456872553374, "layer2": 172.98143985702123, "layer3": 306.4907755043547}, "datetime": {"datetime": "2022-10-26 14:32:30", "elapsed": 14022.993097, "delta": 83.799908}}
{"target": -1.2289325750293212, "params": {"alpha": 0.24278954846890485, "batch_size": 170.0933295159505, "drop": 0.17299722467116563, "layer1": 299.00071248300986, "layer2": 134.19289353394066, "layer3": 261.19097104732305}, "datetime": {"datetime": "2022-10-26 14:34:00", "elapsed": 14113.330824, "delta": 90.337727}}
{"target": -1.3461305237392192, "params": {"alpha": 0.23427984528492685, "batch_size": 171.5072703772552, "drop": 0.19988130577028904, "layer1": 308.0569672517893, "layer2": 136.24637260485216, "layer3": 300.16524807267893}, "datetime": {"datetime": "2022-10-26 14:35:16", "elapsed": 14189.310837, "delta": 75.980013}}
{"target": -1.5198439324682957, "params": {"alpha": 0.20444795434117133, "batch_size": 210.9867260028589, "drop": 0.20302252482658975, "layer1": 298.4074727036725, "layer2": 141.30671959601892, "layer3": 330.3674002141066}, "datetime": {"datetime": "2022-10-26 14:36:55", "elapsed": 14288.424889, "delta": 99.114052}}
{"target": -1.1522357751626218, "params": {"alpha": 0.203440107800985, "batch_size": 192.58835676067463, "drop": 0.22525157879521296, "layer1": 240.80052137509887, "layer2": 148.4062551788377, "layer3": 279.67557349738433}, "datetime": {"datetime": "2022-10-26 14:38:26", "elapsed": 14379.222859, "delta": 90.79797}}
{"target": -1.3089924871768235, "params": {"alpha": 0.24030481855232877, "batch_size": 166.84669744699065, "drop": 0.16149249954985037, "layer1": 285.2778602541566, "layer2": 173.58719738348196, "layer3": 275.04995806139374}, "datetime": {"datetime": "2022-10-26 14:39:34", "elapsed": 14446.950937, "delta": 67.728078}}
{"target": -1.2746396429356914, "params": {"alpha": 0.253718782052864, "batch_size": 219.13394614288885, "drop": 0.16605458700387055, "layer1": 319.29885794590126, "layer2": 169.12287393220157, "layer3": 320.78323118634506}, "datetime": {"datetime": "2022-10-26 14:40:39", "elapsed": 14511.917204, "delta": 64.966267}}
{"target": -1.666139341494188, "params": {"alpha": 0.28139875811651266, "batch_size": 172.06612690561155, "drop": 0.19439838883702998, "layer1": 306.1202315248057, "layer2": 179.5679951507198, "layer3": 286.41292201036595}, "datetime": {"datetime": "2022-10-26 14:41:44", "elapsed": 14577.438006, "delta": 65.520802}}
{"target": -1.4414857539243828, "params": {"alpha": 0.2583001476284881, "batch_size": 175.00292053712482, "drop": 0.19273821487875156, "layer1": 272.9477763658536, "layer2": 157.93529852253118, "layer3": 268.7752222594906}, "datetime": {"datetime": "2022-10-26 14:43:09", "elapsed": 14662.390018, "delta": 84.952012}}
{"target": -1.2887603083343324, "params": {"alpha": 0.21380461124112757, "batch_size": 201.71301043948029, "drop": 0.18503296468236535, "layer1": 328.1730729438479, "layer2": 145.26905941853036, "layer3": 293.5373173345729}, "datetime": {"datetime": "2022-10-26 14:44:36", "elapsed": 14749.200235, "delta": 86.810217}}
{"target": -1.3500110856816134, "params": {"alpha": 0.22750400355665543, "batch_size": 199.5857841433117, "drop": 0.21651628501923526, "layer1": 307.87217746247336, "layer2": 131.66679314765437, "layer3": 263.0212226201696}, "datetime": {"datetime": "2022-10-26 14:45:59", "elapsed": 14832.242811, "delta": 83.042576}}
{"target": -1.2647388112998825, "params": {"alpha": 0.21286545346145613, "batch_size": 168.6308557905872, "drop": 0.19470289496034973, "layer1": 322.89591896364914, "layer2": 150.82833614921847, "layer3": 256.7457506059067}, "datetime": {"datetime": "2022-10-26 14:47:20", "elapsed": 14913.073031, "delta": 80.83022}}
{"target": -1.4744044579339226, "params": {"alpha": 0.2578798714690229, "batch_size": 169.77932115821042, "drop": 0.19789601046432695, "layer1": 261.3179855203981, "layer2": 133.74605998188878, "layer3": 309.0883196071618}, "datetime": {"datetime": "2022-10-26 14:48:39", "elapsed": 14992.273425, "delta": 79.200394}}
{"target": -1.339387976783926, "params": {"alpha": 0.2711086473745006, "batch_size": 195.75423658689965, "drop": 0.18426417191441935, "layer1": 239.95087465569344, "layer2": 175.59754831981257, "layer3": 330.6054655406294}, "datetime": {"datetime": "2022-10-26 14:49:55", "elapsed": 15068.577051, "delta": 76.303626}}
{"target": -1.293878133622832, "params": {"alpha": 0.2663468449181774, "batch_size": 182.98307194918468, "drop": 0.21329985007242816, "layer1": 329.9992800480989, "layer2": 161.63026462103343, "layer3": 322.52115151639737}, "datetime": {"datetime": "2022-10-26 14:51:38", "elapsed": 15171.26933, "delta": 102.692279}}
{"target": -1.1374440011114415, "params": {"alpha": 0.20043901853621257, "batch_size": 231.23320409091625, "drop": 0.1805632958485012, "layer1": 291.16110373342076, "layer2": 188.57051535704096, "layer3": 270.4344866623547}, "datetime": {"datetime": "2022-10-26 14:52:58", "elapsed": 15251.808009, "delta": 80.538679}}
{"target": -1.2069787125289688, "params": {"alpha": 0.28033797097541213, "batch_size": 185.24427586447317, "drop": 0.17086977390074076, "layer1": 280.89873021001796, "layer2": 164.57932844895888, "layer3": 314.209936586781}, "datetime": {"datetime": "2022-10-26 14:54:20", "elapsed": 15333.819981, "delta": 82.011972}}
{"target": -1.2558270594313907, "params": {"alpha": 0.28429591216603645, "batch_size": 171.66062875437527, "drop": 0.17094713985341373, "layer1": 238.55011657281338, "layer2": 143.2290685872583, "layer3": 282.82634194781673}, "datetime": {"datetime": "2022-10-26 14:55:35", "elapsed": 15408.302165, "delta": 74.482184}}
{"target": -1.2974237193283853, "params": {"alpha": 0.22585308600790624, "batch_size": 191.25848142543168, "drop": 0.1830384096581137, "layer1": 268.1737802979304, "layer2": 169.2929154892671, "layer3": 301.24376215681605}, "datetime": {"datetime": "2022-10-26 14:57:01", "elapsed": 15493.830534, "delta": 85.528369}}
{"target": -1.552664792483228, "params": {"alpha": 0.2816810728683369, "batch_size": 175.02088563736328, "drop": 0.17592655463495893, "layer1": 250.1679347076269, "layer2": 163.53773740631286, "layer3": 264.7873412831659}, "datetime": {"datetime": "2022-10-26 14:58:10", "elapsed": 15563.658724, "delta": 69.82819}}
{"target": -1.344687927724214, "params": {"alpha": 0.23714028574825552, "batch_size": 211.39343822013058, "drop": 0.21859756355432147, "layer1": 319.11339651712285, "layer2": 140.995212877669, "layer3": 286.0516822269412}, "datetime": {"datetime": "2022-10-26 14:59:40", "elapsed": 15653.613657, "delta": 89.954933}}
