{"target": -2715.113983647923, "params": {"alpha": 0.14135597097104996, "batch_size": 172.14039315709533, "drop": 0.40107786096970854, "layer1": 255.70824204000365, "layer2": 197.41177587589257, "layer3": 462.1482016516611}, "datetime": {"datetime": "2022-11-17 00:54:48", "elapsed": 0.0, "delta": 0.0}}
{"target": -2071.7284050871626, "params": {"alpha": 0.1513142629931108, "batch_size": 198.91900227043237, "drop": 0.3677327815239795, "layer1": 270.1165692590097, "layer2": 166.34491637895516, "layer3": 368.71364822907634}, "datetime": {"datetime": "2022-11-17 00:55:26", "elapsed": 37.538915, "delta": 37.538915}}
{"target": -1681.71029788254, "params": {"alpha": 0.12999957793180011, "batch_size": 190.1936208179106, "drop": 0.38569382263441826, "layer1": 198.90415915984383, "layer2": 197.54559881786952, "layer3": 357.5360211640862}, "datetime": {"datetime": "2022-11-17 00:56:15", "elapsed": 86.7906, "delta": 49.251685}}
{"target": -1899.8998706067655, "params": {"alpha": 0.12456100183021819, "batch_size": 188.22979681731826, "drop": 0.40544874379272144, "layer1": 227.65796593873193, "layer2": 188.75905097954168, "layer3": 439.8221435128681}, "datetime": {"datetime": "2022-11-17 00:57:01", "elapsed": 133.110836, "delta": 46.320236}}
{"target": -1881.7245319843885, "params": {"alpha": 0.15053712042733547, "batch_size": 192.73330180142273, "drop": 0.42650446468486514, "layer1": 217.41182325606022, "layer2": 161.18199332480904, "layer3": 423.5466578634919}, "datetime": {"datetime": "2022-11-17 00:57:50", "elapsed": 181.424309, "delta": 48.313473}}
{"target": -1819.0314001317797, "params": {"alpha": 0.12680659619697468, "batch_size": 205.57854406530146, "drop": 0.42853830955611055, "layer1": 213.504186928112, "layer2": 185.96531340107282, "layer3": 447.59703275589027}, "datetime": {"datetime": "2022-11-17 00:58:41", "elapsed": 232.494994, "delta": 51.070685}}
{"target": -1852.7412118568848, "params": {"alpha": 0.11836034685533076, "batch_size": 200.94145761131662, "drop": 0.41897301780063545, "layer1": 245.5688216569606, "layer2": 175.76631383916177, "layer3": 349.8366141468706}, "datetime": {"datetime": "2022-11-17 00:59:39", "elapsed": 290.989235, "delta": 58.494241}}
{"target": -2307.0935901291646, "params": {"alpha": 0.13659074324167778, "batch_size": 206.99670216214935, "drop": 0.38286069267355033, "layer1": 209.16456652108536, "layer2": 155.22973452139837, "layer3": 390.3511809067185}, "datetime": {"datetime": "2022-11-17 01:00:23", "elapsed": 335.182589, "delta": 44.193354}}
{"target": -1777.6951029077266, "params": {"alpha": 0.13073540763066158, "batch_size": 205.78725340469276, "drop": 0.3501502108587993, "layer1": 250.21972730042444, "layer2": 152.50291341551642, "layer3": 418.8626487747067}, "datetime": {"datetime": "2022-11-17 01:01:10", "elapsed": 381.4059, "delta": 46.223311}}
{"target": -1720.2466524641663, "params": {"alpha": 0.12315858376510473, "batch_size": 205.5600238162852, "drop": 0.39926839665779934, "layer1": 259.47714642254186, "layer2": 154.4103005080425, "layer3": 407.2556149934119}, "datetime": {"datetime": "2022-11-17 01:01:58", "elapsed": 429.760855, "delta": 48.354955}}
{"target": -2017.9608323861094, "params": {"alpha": 0.15375103849568994, "batch_size": 225.9000310604024, "drop": 0.41527045971133075, "layer1": 255.91588693432604, "layer2": 170.67833299381635, "layer3": 457.3623471748802}, "datetime": {"datetime": "2022-11-17 01:02:39", "elapsed": 471.190629, "delta": 41.429774}}
{"target": -1832.7073944086596, "params": {"alpha": 0.14640980748403645, "batch_size": 172.43276229197633, "drop": 0.3578485065756092, "layer1": 201.24346343044027, "layer2": 167.10722909897822, "layer3": 400.9668449139972}, "datetime": {"datetime": "2022-11-17 01:03:26", "elapsed": 517.565078, "delta": 46.374449}}
{"target": -1820.2546549815793, "params": {"alpha": 0.1253233982512594, "batch_size": 217.50033680706986, "drop": 0.40126646731744237, "layer1": 195.20961677135077, "layer2": 162.53286171869203, "layer3": 333.4475171429223}, "datetime": {"datetime": "2022-11-17 01:04:20", "elapsed": 571.76667, "delta": 54.201592}}
{"target": -2041.6043281602847, "params": {"alpha": 0.15020412995252977, "batch_size": 226.17909142408206, "drop": 0.35330962560763696, "layer1": 230.62850774949595, "layer2": 152.64838731183082, "layer3": 334.0948660553267}, "datetime": {"datetime": "2022-11-17 01:04:57", "elapsed": 609.274734, "delta": 37.508064}}
{"target": -1740.1816171943908, "params": {"alpha": 0.1382882707784113, "batch_size": 175.5067086184245, "drop": 0.4628456712584865, "layer1": 192.57371213878199, "layer2": 191.17116847691562, "layer3": 382.4969294685684}, "datetime": {"datetime": "2022-11-17 01:05:50", "elapsed": 661.996283, "delta": 52.721549}}
{"target": -1954.1477160275354, "params": {"alpha": 0.11512841373868542, "batch_size": 175.02410008315994, "drop": 0.39684680753936025, "layer1": 269.53859855160573, "layer2": 177.47294794207153, "layer3": 331.94143086372605}, "datetime": {"datetime": "2022-11-17 01:06:34", "elapsed": 705.448416, "delta": 43.452133}}
{"target": -1759.9831925744586, "params": {"alpha": 0.15290012964158145, "batch_size": 179.667020438504, "drop": 0.34026888569433983, "layer1": 231.88288252096498, "layer2": 181.33611437893552, "layer3": 475.3465517697882}, "datetime": {"datetime": "2022-11-17 01:07:26", "elapsed": 757.575067, "delta": 52.126651}}
{"target": -1787.2785520418997, "params": {"alpha": 0.12965538275533572, "batch_size": 219.98512642313622, "drop": 0.3895267671325431, "layer1": 219.74384413012098, "layer2": 183.17143735307295, "layer3": 389.18107773950055}, "datetime": {"datetime": "2022-11-17 01:08:27", "elapsed": 819.265075, "delta": 61.690008}}
{"target": -2063.411671196871, "params": {"alpha": 0.13371907104598138, "batch_size": 173.27039833190975, "drop": 0.43587521141299185, "layer1": 265.5494073267349, "layer2": 152.0561018797781, "layer3": 376.55221968520357}, "datetime": {"datetime": "2022-11-17 01:09:16", "elapsed": 867.582268, "delta": 48.317193}}
{"target": -1853.2075745926466, "params": {"alpha": 0.14804137435713127, "batch_size": 212.3685961579332, "drop": 0.3531722605396252, "layer1": 225.34543790685905, "layer2": 202.5485358976657, "layer3": 463.5879039250458}, "datetime": {"datetime": "2022-11-17 01:10:03", "elapsed": 914.555387, "delta": 46.973119}}
{"target": -1659.5470953087884, "params": {"alpha": 0.12469763515298593, "batch_size": 214.79401544346206, "drop": 0.35359328609575325, "layer1": 240.5763421276831, "layer2": 197.460898592086, "layer3": 345.3095118259194}, "datetime": {"datetime": "2022-11-17 01:10:54", "elapsed": 965.443892, "delta": 50.888505}}
{"target": -1732.5870358118927, "params": {"alpha": 0.14818526714756347, "batch_size": 219.98674280783874, "drop": 0.3904454149674841, "layer1": 208.57117830349168, "layer2": 195.76649826868652, "layer3": 361.5933507562681}, "datetime": {"datetime": "2022-11-17 01:11:47", "elapsed": 1018.819669, "delta": 53.375777}}
{"target": -1763.552154109165, "params": {"alpha": 0.12179364247466269, "batch_size": 171.16108071807983, "drop": 0.35325055663331145, "layer1": 201.68424896922468, "layer2": 189.0034000626785, "layer3": 433.00126750844026}, "datetime": {"datetime": "2022-11-17 01:12:39", "elapsed": 1070.978911, "delta": 52.159242}}
{"target": -1807.3514817698024, "params": {"alpha": 0.13832863606501683, "batch_size": 234.93719812976803, "drop": 0.37287961668971464, "layer1": 203.54951266501712, "layer2": 179.4190129673227, "layer3": 453.90613681176904}, "datetime": {"datetime": "2022-11-17 01:13:35", "elapsed": 1126.646646, "delta": 55.667735}}
{"target": -1987.1716359758314, "params": {"alpha": 0.12065034150706075, "batch_size": 184.00805425251426, "drop": 0.4339417727755083, "layer1": 207.70829918990813, "layer2": 192.3491605069546, "layer3": 356.65747691504055}, "datetime": {"datetime": "2022-11-17 01:14:28", "elapsed": 1179.525931, "delta": 52.879285}}
{"target": -2096.1016723667594, "params": {"alpha": 0.15422672110652622, "batch_size": 197.16191183377637, "drop": 0.4400995492746154, "layer1": 198.69827744915403, "layer2": 147.78622814773323, "layer3": 436.3494227280878}, "datetime": {"datetime": "2022-11-17 01:15:11", "elapsed": 1222.378168, "delta": 42.852237}}
{"target": -1987.0414066221008, "params": {"alpha": 0.11476384572211853, "batch_size": 176.20560303273808, "drop": 0.41314655709440723, "layer1": 195.69362663396043, "layer2": 145.1089917787003, "layer3": 355.4446222244289}, "datetime": {"datetime": "2022-11-17 01:15:53", "elapsed": 1264.968906, "delta": 42.590738}}
{"target": -3469.1224101310895, "params": {"alpha": 0.11484778696377582, "batch_size": 200.77660862316455, "drop": 0.3265823920936963, "layer1": 209.44627926633183, "layer2": 195.22793575381746, "layer3": 455.4185731544951}, "datetime": {"datetime": "2022-11-17 01:16:35", "elapsed": 1307.068001, "delta": 42.099095}}
{"target": -1649.8227212653746, "params": {"alpha": 0.1445733315298446, "batch_size": 185.85216506194317, "drop": 0.39651492762351526, "layer1": 196.2566440155992, "layer2": 199.52383239732612, "layer3": 414.26643747330047}, "datetime": {"datetime": "2022-11-17 01:17:31", "elapsed": 1362.571863, "delta": 55.503862}}
{"target": -1924.2496678761588, "params": {"alpha": 0.14440040536362542, "batch_size": 223.16970966485695, "drop": 0.41729297669911214, "layer1": 214.44080530754974, "layer2": 170.03918318695835, "layer3": 405.0563001068417}, "datetime": {"datetime": "2022-11-17 01:18:17", "elapsed": 1408.75286, "delta": 46.180997}}
{"target": -1768.6887493056324, "params": {"alpha": 0.13266195506671227, "batch_size": 201.68351626377842, "drop": 0.37881120401935703, "layer1": 203.92224337048563, "layer2": 174.8107402395346, "layer3": 461.7738851063954}, "datetime": {"datetime": "2022-11-17 01:19:10", "elapsed": 1461.519981, "delta": 52.767121}}
{"target": -2835.199031180846, "params": {"alpha": 0.10812006518227431, "batch_size": 227.73929534076598, "drop": 0.3974919887569771, "layer1": 209.14488857719368, "layer2": 206.13063197021467, "layer3": 391.4666897651147}, "datetime": {"datetime": "2022-11-17 01:19:40", "elapsed": 1491.677135, "delta": 30.157154}}
{"target": -1760.1847448374706, "params": {"alpha": 0.1309906298428014, "batch_size": 197.02696272819304, "drop": 0.3397600846770593, "layer1": 215.29972025107134, "layer2": 204.78529786744207, "layer3": 341.16651031071314}, "datetime": {"datetime": "2022-11-17 01:20:24", "elapsed": 1536.036408, "delta": 44.359273}}
{"target": -2012.6931523510098, "params": {"alpha": 0.14673956451041706, "batch_size": 245.56275897851867, "drop": 0.41726852979069173, "layer1": 195.18931334205973, "layer2": 161.97486946705064, "layer3": 378.5865232939307}, "datetime": {"datetime": "2022-11-17 01:21:17", "elapsed": 1589.081751, "delta": 53.045343}}
{"target": -1621.2881090755054, "params": {"alpha": 0.12412649759344416, "batch_size": 205.3755855944133, "drop": 0.39381951789951486, "layer1": 218.18350933387393, "layer2": 171.52257526263114, "layer3": 435.70083651414313}, "datetime": {"datetime": "2022-11-17 01:22:09", "elapsed": 1640.509368, "delta": 51.427617}}
{"target": -1764.310587371586, "params": {"alpha": 0.13433171951359069, "batch_size": 184.79985027523935, "drop": 0.4241899707191117, "layer1": 232.02618942661655, "layer2": 199.05447272968942, "layer3": 418.4470400436353}, "datetime": {"datetime": "2022-11-17 01:23:00", "elapsed": 1691.648112, "delta": 51.138744}}
{"target": -2158.242645134666, "params": {"alpha": 0.11705251491315469, "batch_size": 177.1499468070412, "drop": 0.3390244898190087, "layer1": 207.71584418303638, "layer2": 152.73388004036718, "layer3": 413.7955128991424}, "datetime": {"datetime": "2022-11-17 01:23:34", "elapsed": 1725.786246, "delta": 34.138134}}
{"target": -1862.9669562343113, "params": {"alpha": 0.14541989591770785, "batch_size": 233.50581892381683, "drop": 0.38791584055962874, "layer1": 205.8114960936791, "layer2": 163.5349287570082, "layer3": 335.11137587131657}, "datetime": {"datetime": "2022-11-17 01:24:27", "elapsed": 1778.41886, "delta": 52.632614}}
