{"target": -2271.959668797842, "params": {"alpha": 0.11201564097512678, "batch_size": 177.14247230764946, "drop": 0.4435897540137401, "layer1": 238.70313675343826, "layer2": 180.81193471106033, "layer3": 428.0034434340273}, "datetime": {"datetime": "2022-11-17 00:54:52", "elapsed": 0.0, "delta": 0.0}}
{"target": -1656.226192535052, "params": {"alpha": 0.13627892875377026, "batch_size": 184.06099669808123, "drop": 0.3378431579496049, "layer1": 239.88857480307774, "layer2": 157.5131224449636, "layer3": 349.1909267537627}, "datetime": {"datetime": "2022-11-17 00:55:38", "elapsed": 46.317454, "delta": 46.317454}}
{"target": -2075.1038243358894, "params": {"alpha": 0.1433802483289693, "batch_size": 233.6539076576318, "drop": 0.3750889963994295, "layer1": 207.29951821039435, "layer2": 194.67005015883245, "layer3": 396.9654634911749}, "datetime": {"datetime": "2022-11-17 00:56:19", "elapsed": 86.59606, "delta": 40.278606}}
{"target": -1949.990575311484, "params": {"alpha": 0.1320453957313724, "batch_size": 186.71267891595417, "drop": 0.4652086094244068, "layer1": 265.568545973565, "layer2": 171.48753799888397, "layer3": 450.6097423628254}, "datetime": {"datetime": "2022-11-17 00:57:09", "elapsed": 137.154283, "delta": 50.558223}}
{"target": -1801.0205008272485, "params": {"alpha": 0.1175964154229463, "batch_size": 234.1374676120774, "drop": 0.4278842719894566, "layer1": 256.6205319370133, "layer2": 147.77326857241997, "layer3": 461.5125618684906}, "datetime": {"datetime": "2022-11-17 00:57:58", "elapsed": 186.452278, "delta": 49.297995}}
{"target": -1799.2837606228993, "params": {"alpha": 0.12075880631559538, "batch_size": 240.66524688388535, "drop": 0.3491872339442035, "layer1": 192.04909877285579, "layer2": 148.5597577409746, "layer3": 374.8389795694937}, "datetime": {"datetime": "2022-11-17 00:58:53", "elapsed": 241.421312, "delta": 54.969034}}
{"target": -2154.692253988414, "params": {"alpha": 0.13123701052135212, "batch_size": 244.72003329179873, "drop": 0.448978268269882, "layer1": 266.9976965503231, "layer2": 143.92732362448393, "layer3": 338.22560054502}, "datetime": {"datetime": "2022-11-17 00:59:51", "elapsed": 298.72202, "delta": 57.300708}}
{"target": -1842.6428882401196, "params": {"alpha": 0.13655562169646907, "batch_size": 182.16340761612017, "drop": 0.3520904372302123, "layer1": 190.22831007625356, "layer2": 189.36914349325502, "layer3": 360.70910113249664}, "datetime": {"datetime": "2022-11-17 01:00:39", "elapsed": 347.162958, "delta": 48.440938}}
{"target": -2045.4628129221073, "params": {"alpha": 0.13375221531588594, "batch_size": 207.32760099229105, "drop": 0.3371173203791328, "layer1": 266.3626831225884, "layer2": 168.5643270566942, "layer3": 346.2646158237531}, "datetime": {"datetime": "2022-11-17 01:01:26", "elapsed": 394.036711, "delta": 46.873753}}
{"target": -1750.2935935572837, "params": {"alpha": 0.109001865901685, "batch_size": 207.3580626172178, "drop": 0.4516152551026994, "layer1": 245.84081796572227, "layer2": 183.53931965722583, "layer3": 429.02872020996875}, "datetime": {"datetime": "2022-11-17 01:02:09", "elapsed": 437.259124, "delta": 43.222413}}
{"target": -1869.4356274121287, "params": {"alpha": 0.1486452369761392, "batch_size": 193.47218733868385, "drop": 0.3319225541037308, "layer1": 224.75916310247908, "layer2": 151.80477713832477, "layer3": 410.18689164894334}, "datetime": {"datetime": "2022-11-17 01:02:49", "elapsed": 476.688112, "delta": 39.428988}}
{"target": -2295.6101498666835, "params": {"alpha": 0.12428780832271465, "batch_size": 227.87331649660175, "drop": 0.3332202586847644, "layer1": 214.53986146142745, "layer2": 200.12052792699058, "layer3": 475.9515264318243}, "datetime": {"datetime": "2022-11-17 01:03:27", "elapsed": 514.648203, "delta": 37.960091}}
{"target": -1851.5083546170727, "params": {"alpha": 0.12335052042555408, "batch_size": 172.61163324892806, "drop": 0.459243449887786, "layer1": 237.64222847758737, "layer2": 198.95863680613417, "layer3": 350.1490677763676}, "datetime": {"datetime": "2022-11-17 01:04:19", "elapsed": 567.094588, "delta": 52.446385}}
{"target": -1960.6835251257553, "params": {"alpha": 0.14749910666962324, "batch_size": 239.0180045894817, "drop": 0.42344526148280814, "layer1": 241.48590346854132, "layer2": 155.65464841896423, "layer3": 430.84169139037374}, "datetime": {"datetime": "2022-11-17 01:05:12", "elapsed": 619.630184, "delta": 52.535596}}
{"target": -1894.5904738240677, "params": {"alpha": 0.12005718224540819, "batch_size": 208.1015646146006, "drop": 0.3954115428197315, "layer1": 251.1612414498178, "layer2": 166.05366284609093, "layer3": 473.7320698022305}, "datetime": {"datetime": "2022-11-17 01:05:59", "elapsed": 667.347359, "delta": 47.717175}}
{"target": -1905.4022247081996, "params": {"alpha": 0.13319201933761687, "batch_size": 217.12140284088727, "drop": 0.46149236533660876, "layer1": 212.7876476180693, "layer2": 180.74766443377698, "layer3": 360.90955416016675}, "datetime": {"datetime": "2022-11-17 01:06:50", "elapsed": 717.933452, "delta": 50.586093}}
{"target": -1830.5063636984107, "params": {"alpha": 0.12253106883001966, "batch_size": 194.18776803847175, "drop": 0.4012253523256854, "layer1": 264.6274219929582, "layer2": 152.80044550199307, "layer3": 461.2478434756446}, "datetime": {"datetime": "2022-11-17 01:07:35", "elapsed": 762.806422, "delta": 44.87297}}
{"target": -1694.936198392569, "params": {"alpha": 0.14811856014839683, "batch_size": 234.13671656583233, "drop": 0.45293020589954563, "layer1": 257.0503721283892, "layer2": 185.9546965179359, "layer3": 339.54117903142145}, "datetime": {"datetime": "2022-11-17 01:08:28", "elapsed": 815.727289, "delta": 52.920867}}
{"target": -1600.2485602628176, "params": {"alpha": 0.13084662174429157, "batch_size": 228.94662751203924, "drop": 0.3408710505479296, "layer1": 193.19756000907526, "layer2": 177.9656975491458, "layer3": 370.6370758428412}, "datetime": {"datetime": "2022-11-17 01:09:16", "elapsed": 863.59441, "delta": 47.867121}}
{"target": -1877.515606296848, "params": {"alpha": 0.14090608245214253, "batch_size": 233.9829499741161, "drop": 0.37329067409113614, "layer1": 209.45169175056128, "layer2": 174.5548014127511, "layer3": 418.05579820914073}, "datetime": {"datetime": "2022-11-17 01:10:09", "elapsed": 916.810857, "delta": 53.216447}}
{"target": -1879.1793427008433, "params": {"alpha": 0.14130171657879273, "batch_size": 193.10598457187334, "drop": 0.3503967545869965, "layer1": 223.65258197120863, "layer2": 191.23885676489, "layer3": 378.74080108395515}, "datetime": {"datetime": "2022-11-17 01:10:53", "elapsed": 960.674792, "delta": 43.863935}}
{"target": -2891.684714047063, "params": {"alpha": 0.1370648483384669, "batch_size": 180.47131236164725, "drop": 0.35201547491329965, "layer1": 265.7920341686141, "layer2": 158.29470794067046, "layer3": 414.09139289050063}, "datetime": {"datetime": "2022-11-17 01:11:30", "elapsed": 997.895405, "delta": 37.220613}}
{"target": -2141.4039902951986, "params": {"alpha": 0.1476683814192233, "batch_size": 199.32509924633382, "drop": 0.39008929053212316, "layer1": 235.23877645839573, "layer2": 178.1133755026439, "layer3": 367.875632777742}, "datetime": {"datetime": "2022-11-17 01:12:08", "elapsed": 1036.402805, "delta": 38.5074}}
{"target": -1908.5728658009816, "params": {"alpha": 0.1497516528963802, "batch_size": 190.76447589696318, "drop": 0.4610000052518438, "layer1": 194.87257360377734, "layer2": 195.09952302632706, "layer3": 431.81769116127725}, "datetime": {"datetime": "2022-11-17 01:12:55", "elapsed": 1082.73174, "delta": 46.328935}}
{"target": -3822.483377643127, "params": {"alpha": 0.12551877730245245, "batch_size": 235.15929223028462, "drop": 0.38275503049955173, "layer1": 255.21442896068447, "layer2": 180.93815658092407, "layer3": 333.82549628850165}, "datetime": {"datetime": "2022-11-17 01:13:49", "elapsed": 1137.29319, "delta": 54.56145}}
{"target": -1853.9559977926488, "params": {"alpha": 0.1548872858839413, "batch_size": 194.95302452912827, "drop": 0.3473579076252001, "layer1": 198.6681723033146, "layer2": 157.38015406192713, "layer3": 425.8855600696514}, "datetime": {"datetime": "2022-11-17 01:14:33", "elapsed": 1180.744762, "delta": 43.451572}}
{"target": -2143.1641252784984, "params": {"alpha": 0.10989946187251655, "batch_size": 198.92926946412257, "drop": 0.429563424288092, "layer1": 209.7190087135937, "layer2": 155.0968090334454, "layer3": 345.5971098324685}, "datetime": {"datetime": "2022-11-17 01:15:11", "elapsed": 1219.395752, "delta": 38.65099}}
{"target": -1724.0497055707556, "params": {"alpha": 0.14736806001794314, "batch_size": 229.98222283141388, "drop": 0.40321892712081864, "layer1": 222.99307599919672, "layer2": 196.97785446262046, "layer3": 397.98279573436935}, "datetime": {"datetime": "2022-11-17 01:16:01", "elapsed": 1268.951319, "delta": 49.555567}}
{"target": -1912.2542922666323, "params": {"alpha": 0.1253789204629027, "batch_size": 212.90183617034225, "drop": 0.4479185476286935, "layer1": 269.47758886952, "layer2": 200.32153913854597, "layer3": 332.4952719908757}, "datetime": {"datetime": "2022-11-17 01:16:44", "elapsed": 1312.178897, "delta": 43.227578}}
{"target": -2144.9431747127574, "params": {"alpha": 0.14010952675022015, "batch_size": 199.1877779901618, "drop": 0.4165513646870652, "layer1": 248.55648644233924, "layer2": 197.36889637240193, "layer3": 440.22325105895584}, "datetime": {"datetime": "2022-11-17 01:17:20", "elapsed": 1347.790068, "delta": 35.611171}}
{"target": -1770.5646421906754, "params": {"alpha": 0.12076294013964123, "batch_size": 218.1518286841727, "drop": 0.4245452246365129, "layer1": 216.00030788199356, "layer2": 150.95062131830056, "layer3": 362.753011375496}, "datetime": {"datetime": "2022-11-17 01:18:15", "elapsed": 1403.277154, "delta": 55.487086}}
{"target": -1697.1883335766502, "params": {"alpha": 0.1111216734951718, "batch_size": 215.1794557956967, "drop": 0.4313187250517514, "layer1": 265.3632503872138, "layer2": 202.00904689020703, "layer3": 398.72256581182046}, "datetime": {"datetime": "2022-11-17 01:19:11", "elapsed": 1458.599723, "delta": 55.322569}}
{"target": -3964.0738394271175, "params": {"alpha": 0.13552037652020074, "batch_size": 192.8984374877029, "drop": 0.46417189212246657, "layer1": 204.50713989719458, "layer2": 190.64344294157547, "layer3": 467.072624723612}, "datetime": {"datetime": "2022-11-17 01:20:05", "elapsed": 1512.619277, "delta": 54.019554}}
{"target": -1822.9879303826615, "params": {"alpha": 0.11708348812911051, "batch_size": 241.7256136461878, "drop": 0.35971023570277144, "layer1": 225.41677655709927, "layer2": 157.25700448602709, "layer3": 439.6056336552092}, "datetime": {"datetime": "2022-11-17 01:20:57", "elapsed": 1565.334958, "delta": 52.715681}}
{"target": -1905.792611439005, "params": {"alpha": 0.14511987567413304, "batch_size": 223.3140160148503, "drop": 0.4482143100740734, "layer1": 204.56193753774355, "layer2": 205.1930418149695, "layer3": 470.08848333127776}, "datetime": {"datetime": "2022-11-17 01:21:47", "elapsed": 1615.397992, "delta": 50.063034}}
{"target": -1938.719515377242, "params": {"alpha": 0.133242285075169, "batch_size": 173.36763885300914, "drop": 0.4065919008915342, "layer1": 221.7292750896411, "layer2": 189.0250874944043, "layer3": 461.3814395974721}, "datetime": {"datetime": "2022-11-17 01:22:33", "elapsed": 1661.410417, "delta": 46.012425}}
{"target": -2363.436697209242, "params": {"alpha": 0.12478849378224041, "batch_size": 184.86286638915982, "drop": 0.4193594020475311, "layer1": 223.07540397707615, "layer2": 161.11116072873764, "layer3": 345.75840789322524}, "datetime": {"datetime": "2022-11-17 01:23:21", "elapsed": 1709.136144, "delta": 47.725727}}
