{"target": -0.0006149739879907478, "params": {"ampDecay": 0.45745172096064424, "extraPeakProb": 0.34940710127714103, "meanPeakCenter": -15.0, "meanPeakWidth": 5.797310315548389, "noise": 0.0, "stdPeakCenter": 6.452526489458437, "stdPeakWidth": 1.7953160867948914}, "datetime": {"datetime": "2022-09-22 23:35:10", "elapsed": 23576.084975, "delta": 33.366625}}
{"target": -0.0007394631981679788, "params": {"ampDecay": 0.6450832243554805, "extraPeakProb": 0.3960888296000601, "meanPeakCenter": -15.0, "meanPeakWidth": 4.410986042680721, "noise": 0.0, "stdPeakCenter": 7.558268989575687, "stdPeakWidth": 1.3766725169691822}, "datetime": {"datetime": "2022-09-22 23:35:48", "elapsed": 23613.834298, "delta": 37.749323}}
{"target": -0.0006503943539762955, "params": {"ampDecay": 0.7211082423129441, "extraPeakProb": 0.5049650030599028, "meanPeakCenter": -15.0, "meanPeakWidth": 4.456380273910485, "noise": 0.0, "stdPeakCenter": 7.336864966127811, "stdPeakWidth": 2.008212387392968}, "datetime": {"datetime": "2022-09-22 23:36:20", "elapsed": 23646.785575, "delta": 32.951277}}
{"target": -0.0006354709114617762, "params": {"ampDecay": 0.5832446175513121, "extraPeakProb": 0.8563192268207885, "meanPeakCenter": -15.0, "meanPeakWidth": 4.527409824280016, "noise": 0.0, "stdPeakCenter": 7.2376250248009, "stdPeakWidth": 0.11762964174646173}, "datetime": {"datetime": "2022-09-22 23:36:55", "elapsed": 23681.354535, "delta": 34.56896}}
{"target": -0.0007110537173560948, "params": {"ampDecay": 0.2702012437583481, "extraPeakProb": 0.3554301926439698, "meanPeakCenter": -15.0, "meanPeakWidth": 4.620508598881996, "noise": 0.0, "stdPeakCenter": 7.5338204154150015, "stdPeakWidth": 1.8154758090235856}, "datetime": {"datetime": "2022-09-22 23:37:38", "elapsed": 23724.132536, "delta": 42.778001}}
{"target": -0.0007578690897973576, "params": {"ampDecay": 0.5698054608451976, "extraPeakProb": 0.4570648165609773, "meanPeakCenter": -15.0, "meanPeakWidth": 4.280296689466757, "noise": 0.0, "stdPeakCenter": 7.879425517524229, "stdPeakWidth": 1.5952631631332799}, "datetime": {"datetime": "2022-09-22 23:38:14", "elapsed": 23760.027517, "delta": 35.894981}}
{"target": -0.0006094051786089157, "params": {"ampDecay": 0.43479632478278274, "extraPeakProb": 0.35682940489745574, "meanPeakCenter": -15.0, "meanPeakWidth": 4.92521765601182, "noise": 0.0, "stdPeakCenter": 6.769220963649322, "stdPeakWidth": 1.6787854236660076}, "datetime": {"datetime": "2022-09-22 23:38:44", "elapsed": 23790.518871, "delta": 30.491354}}
{"target": -0.0008825356153714566, "params": {"ampDecay": 0.45236175562344905, "extraPeakProb": 0.47483241255402386, "meanPeakCenter": -15.0, "meanPeakWidth": 4.211686465469532, "noise": 0.0, "stdPeakCenter": 7.407209904537908, "stdPeakWidth": 1.8822755812967835}, "datetime": {"datetime": "2022-09-22 23:39:18", "elapsed": 23823.965655, "delta": 33.446784}}
{"target": -0.0012132701105048696, "params": {"ampDecay": 0.6022306151494943, "extraPeakProb": 0.5752837561520673, "meanPeakCenter": -15.0, "meanPeakWidth": 4.013033717307957, "noise": 0.0, "stdPeakCenter": 7.652573939225854, "stdPeakWidth": 1.4274308550819952}, "datetime": {"datetime": "2022-09-22 23:39:58", "elapsed": 23864.137014, "delta": 40.171359}}
{"target": -0.0006270275216533096, "params": {"ampDecay": 0.423838165432449, "extraPeakProb": 0.885919475975079, "meanPeakCenter": -15.0, "meanPeakWidth": 3.58298830970744, "noise": 0.0, "stdPeakCenter": 8.271284329855105, "stdPeakWidth": 1.0526219860710417}, "datetime": {"datetime": "2022-09-22 23:40:41", "elapsed": 23907.394712, "delta": 43.257698}}
{"target": -0.0011259445227562162, "params": {"ampDecay": 0.1940074320379983, "extraPeakProb": 0.15493172093057944, "meanPeakCenter": -15.0, "meanPeakWidth": 4.785353869757435, "noise": 0.0, "stdPeakCenter": 6.219090155559877, "stdPeakWidth": 2.0662652538223147}, "datetime": {"datetime": "2022-09-22 23:41:30", "elapsed": 23956.303386, "delta": 48.908674}}
{"target": -0.0006217206947076685, "params": {"ampDecay": 0.6072941874849274, "extraPeakProb": 0.6151440617721879, "meanPeakCenter": -15.0, "meanPeakWidth": 4.445642857656336, "noise": 0.0, "stdPeakCenter": 7.583888990643281, "stdPeakWidth": 1.404337912194552}, "datetime": {"datetime": "2022-09-22 23:42:02", "elapsed": 23988.714346, "delta": 32.41096}}
{"target": -0.0006403929596685196, "params": {"ampDecay": 0.20557195081989335, "extraPeakProb": 0.8419537502770431, "meanPeakCenter": -15.0, "meanPeakWidth": 3.8913975881865537, "noise": 0.0, "stdPeakCenter": 6.727723771216083, "stdPeakWidth": 0.5903129895234188}, "datetime": {"datetime": "2022-09-22 23:42:32", "elapsed": 24018.435392, "delta": 29.721046}}
{"target": -0.000662143401454735, "params": {"ampDecay": 0.7489059772956101, "extraPeakProb": 0.7969838958705534, "meanPeakCenter": -15.0, "meanPeakWidth": 4.154328204546389, "noise": 0.0, "stdPeakCenter": 6.788458001227681, "stdPeakWidth": 1.5773399461414055}, "datetime": {"datetime": "2022-09-22 23:43:09", "elapsed": 24055.019291, "delta": 36.583899}}
{"target": -0.0007905964853715878, "params": {"ampDecay": 0.12739947671469923, "extraPeakProb": 0.463552607385591, "meanPeakCenter": -15.0, "meanPeakWidth": 5.075990586342053, "noise": 0.0, "stdPeakCenter": 6.626109024114254, "stdPeakWidth": 2.563552247774732}, "datetime": {"datetime": "2022-09-22 23:43:55", "elapsed": 24101.50513, "delta": 46.485839}}
{"target": -0.0006060451341582932, "params": {"ampDecay": 0.5399848991773392, "extraPeakProb": 0.8150419064876825, "meanPeakCenter": -15.0, "meanPeakWidth": 4.251720140854367, "noise": 0.0, "stdPeakCenter": 7.3338458766938475, "stdPeakWidth": 1.1927750853215036}, "datetime": {"datetime": "2022-09-22 23:44:29", "elapsed": 24135.405894, "delta": 33.900764}}
{"target": -0.0006212046234245148, "params": {"ampDecay": 0.25080686267463925, "extraPeakProb": 0.4304758171173616, "meanPeakCenter": -15.0, "meanPeakWidth": 4.941716877453361, "noise": 0.0, "stdPeakCenter": 6.153298981942955, "stdPeakWidth": 1.7656126635647496}, "datetime": {"datetime": "2022-09-22 23:45:04", "elapsed": 24170.240388, "delta": 34.834494}}
{"target": -0.0008141039203612947, "params": {"ampDecay": 0.36125787847736646, "extraPeakProb": 0.2235390366658445, "meanPeakCenter": -15.0, "meanPeakWidth": 4.263927193348094, "noise": 0.0, "stdPeakCenter": 7.192979445609118, "stdPeakWidth": 1.5515572032619969}, "datetime": {"datetime": "2022-09-22 23:45:37", "elapsed": 24203.492351, "delta": 33.251963}}
{"target": -0.0008040734363259147, "params": {"ampDecay": 0.6734178555943349, "extraPeakProb": 0.343538918718129, "meanPeakCenter": -15.0, "meanPeakWidth": 4.436191490787893, "noise": 0.0, "stdPeakCenter": 6.506594900206006, "stdPeakWidth": 1.4717782122287393}, "datetime": {"datetime": "2022-09-22 23:46:13", "elapsed": 24239.294126, "delta": 35.801775}}
{"target": -0.0006015025467429981, "params": {"ampDecay": 0.31499612931908094, "extraPeakProb": 0.46191674249779613, "meanPeakCenter": -15.0, "meanPeakWidth": 4.233146063611746, "noise": 0.0, "stdPeakCenter": 7.581686447407854, "stdPeakWidth": 1.2131940620740267}, "datetime": {"datetime": "2022-09-22 23:46:44", "elapsed": 24269.957586, "delta": 30.66346}}
{"target": -0.0009147638271597867, "params": {"ampDecay": 0.25078726789622224, "extraPeakProb": 0.448872916950669, "meanPeakCenter": -15.0, "meanPeakWidth": 4.18375174285369, "noise": 0.0, "stdPeakCenter": 7.083189530670005, "stdPeakWidth": 1.5151045209220575}, "datetime": {"datetime": "2022-09-22 23:47:21", "elapsed": 24307.645687, "delta": 37.688101}}
{"target": -0.0006777467910517187, "params": {"ampDecay": 0.6573120521156437, "extraPeakProb": 0.6620671729129202, "meanPeakCenter": -15.0, "meanPeakWidth": 5.08795748803953, "noise": 0.0, "stdPeakCenter": 6.3664983313475965, "stdPeakWidth": 1.7662771523217162}, "datetime": {"datetime": "2022-09-22 23:48:02", "elapsed": 24348.658253, "delta": 41.012566}}
{"target": -0.0005928549539487894, "params": {"ampDecay": 0.5569790095681001, "extraPeakProb": 0.5352598840938161, "meanPeakCenter": -15.0, "meanPeakWidth": 4.212844744771771, "noise": 0.0, "stdPeakCenter": 7.454987348892028, "stdPeakWidth": 0.983591663258892}, "datetime": {"datetime": "2022-09-22 23:48:34", "elapsed": 24380.042962, "delta": 31.384709}}
{"target": -0.0007753350459716765, "params": {"ampDecay": 0.5159955056215644, "extraPeakProb": 0.19826505739493863, "meanPeakCenter": -15.0, "meanPeakWidth": 4.470482208627599, "noise": 0.0, "stdPeakCenter": 7.752637574523811, "stdPeakWidth": 1.9692196595106581}, "datetime": {"datetime": "2022-09-22 23:49:16", "elapsed": 24422.796309, "delta": 42.753347}}
{"target": -0.0006857560787968458, "params": {"ampDecay": 0.16559704857594876, "extraPeakProb": 0.4677382714158219, "meanPeakCenter": -15.0, "meanPeakWidth": 4.434663623234795, "noise": 0.0, "stdPeakCenter": 6.711594719308139, "stdPeakWidth": 1.4534166895979805}, "datetime": {"datetime": "2022-09-22 23:49:49", "elapsed": 24454.980675, "delta": 32.184366}}
{"target": -0.000687023155605885, "params": {"ampDecay": 0.82190095523844, "extraPeakProb": 0.31807917560047044, "meanPeakCenter": -15.0, "meanPeakWidth": 4.171862163673668, "noise": 0.0, "stdPeakCenter": 7.280904008112616, "stdPeakWidth": 1.27605486922992}, "datetime": {"datetime": "2022-09-22 23:50:29", "elapsed": 24495.307513, "delta": 40.326838}}
{"target": -0.0008698506062612232, "params": {"ampDecay": 0.28625011851685433, "extraPeakProb": 0.6278799728118043, "meanPeakCenter": -15.0, "meanPeakWidth": 5.024633020697537, "noise": 0.0, "stdPeakCenter": 6.399907512822438, "stdPeakWidth": 2.6615761818072037}, "datetime": {"datetime": "2022-09-22 23:51:06", "elapsed": 24532.317922, "delta": 37.010409}}
{"target": -0.0009253263150810653, "params": {"ampDecay": 0.2556979519538921, "extraPeakProb": 0.530646069295212, "meanPeakCenter": -15.0, "meanPeakWidth": 4.098603561892602, "noise": 0.0, "stdPeakCenter": 7.756448783349099, "stdPeakWidth": 1.56074814219255}, "datetime": {"datetime": "2022-09-22 23:51:43", "elapsed": 24569.113262, "delta": 36.79534}}
{"target": -0.0006787045601542238, "params": {"ampDecay": 0.8217865990601755, "extraPeakProb": 0.6097557823889699, "meanPeakCenter": -15.0, "meanPeakWidth": 4.455787071329436, "noise": 0.0, "stdPeakCenter": 7.032686638657207, "stdPeakWidth": 1.7835274246860648}, "datetime": {"datetime": "2022-09-22 23:52:29", "elapsed": 24614.844899, "delta": 45.731637}}
{"target": -0.0007304456179714737, "params": {"ampDecay": 0.673352014841101, "extraPeakProb": 0.6115476148175595, "meanPeakCenter": -15.0, "meanPeakWidth": 4.9754407392475155, "noise": 0.0, "stdPeakCenter": 6.249703926216358, "stdPeakWidth": 2.312017191044581}, "datetime": {"datetime": "2022-09-22 23:53:08", "elapsed": 24654.0394, "delta": 39.194501}}
{"target": -0.0008292304425492254, "params": {"ampDecay": 0.591049995825996, "extraPeakProb": 0.1230263460337091, "meanPeakCenter": -15.0, "meanPeakWidth": 4.8402028786033435, "noise": 0.0, "stdPeakCenter": 6.440043198940131, "stdPeakWidth": 2.98137202530542}, "datetime": {"datetime": "2022-09-22 23:53:58", "elapsed": 24704.656891, "delta": 50.617491}}
{"target": -0.0006871692304406613, "params": {"ampDecay": 0.3264338820301942, "extraPeakProb": 0.387771555553302, "meanPeakCenter": -15.0, "meanPeakWidth": 6.196724592068733, "noise": 0.0, "stdPeakCenter": 5.925933932265179, "stdPeakWidth": 1.7705296750131954}, "datetime": {"datetime": "2022-09-22 23:54:36", "elapsed": 24742.643366, "delta": 37.986475}}
{"target": -0.0016032474851875268, "params": {"ampDecay": 0.4073363485338205, "extraPeakProb": 0.1116205412162996, "meanPeakCenter": -15.0, "meanPeakWidth": 5.255724111939838, "noise": 0.0, "stdPeakCenter": 6.341812153878412, "stdPeakWidth": 2.2462173723767243}, "datetime": {"datetime": "2022-09-22 23:55:32", "elapsed": 24798.595675, "delta": 55.952309}}
{"target": -0.0008345080498282472, "params": {"ampDecay": 0.5861446990969104, "extraPeakProb": 0.5837906568621675, "meanPeakCenter": -15.0, "meanPeakWidth": 3.93174228801949, "noise": 0.0, "stdPeakCenter": 7.686416711724025, "stdPeakWidth": 1.610494033054937}, "datetime": {"datetime": "2022-09-22 23:56:14", "elapsed": 24840.393025, "delta": 41.79735}}
{"target": -0.0010115744326230976, "params": {"ampDecay": 0.8713293345556928, "extraPeakProb": 0.453910267123129, "meanPeakCenter": -15.0, "meanPeakWidth": 1.9783008593059814, "noise": 0.0, "stdPeakCenter": 0.44719144901248287, "stdPeakWidth": 1.6991002731725713}, "datetime": {"datetime": "2022-09-22 23:57:01", "elapsed": 24886.821627, "delta": 46.428602}}
{"target": -0.001206105731447894, "params": {"ampDecay": 0.7542352320337654, "extraPeakProb": 0.7483167453249975, "meanPeakCenter": -15.0, "meanPeakWidth": 3.2147890199223426, "noise": 0.0, "stdPeakCenter": 3.704375183665146, "stdPeakWidth": 2.6622040417071045}, "datetime": {"datetime": "2022-09-22 23:57:37", "elapsed": 24923.081405, "delta": 36.259778}}
{"target": -0.000792588483202085, "params": {"ampDecay": 0.1962225345658123, "extraPeakProb": 0.5160891621561597, "meanPeakCenter": -15.0, "meanPeakWidth": 8.865275836888259, "noise": 0.0, "stdPeakCenter": 1.7669014407619232, "stdPeakWidth": 2.482893932816714}, "datetime": {"datetime": "2022-09-22 23:58:01", "elapsed": 24946.829247, "delta": 23.747842}}
{"target": -0.0007936523234670593, "params": {"ampDecay": 0.580125793067719, "extraPeakProb": 0.6772874192502684, "meanPeakCenter": -15.0, "meanPeakWidth": 4.862776742056777, "noise": 0.0, "stdPeakCenter": 5.921437717755311, "stdPeakWidth": 2.139852562221109}, "datetime": {"datetime": "2022-09-22 23:58:40", "elapsed": 24985.994076, "delta": 39.164829}}
{"target": -0.0007020908201961049, "params": {"ampDecay": 0.3708750731323641, "extraPeakProb": 0.35324364487895743, "meanPeakCenter": -15.0, "meanPeakWidth": 4.718863281910872, "noise": 0.0, "stdPeakCenter": 7.609278531637347, "stdPeakWidth": 1.535679470664229}, "datetime": {"datetime": "2022-09-22 23:59:23", "elapsed": 25029.542977, "delta": 43.548901}}
{"target": -0.0009110593122220257, "params": {"ampDecay": 0.7734683547358518, "extraPeakProb": 0.5003656222840978, "meanPeakCenter": -15.0, "meanPeakWidth": 3.964350960463946, "noise": 0.0, "stdPeakCenter": 7.386757491932291, "stdPeakWidth": 1.2719220297531293}, "datetime": {"datetime": "2022-09-23 00:00:12", "elapsed": 25078.567921, "delta": 49.024944}}
{"target": -0.0007772804394142962, "params": {"ampDecay": 0.3600824195533362, "extraPeakProb": 0.32251144953898636, "meanPeakCenter": -15.0, "meanPeakWidth": 4.925597223717145, "noise": 0.0, "stdPeakCenter": 6.098112280213256, "stdPeakWidth": 2.4527009181063724}, "datetime": {"datetime": "2022-09-23 00:00:53", "elapsed": 25119.294087, "delta": 40.726166}}
{"target": -0.0007046149698210387, "params": {"ampDecay": 0.3492302325387113, "extraPeakProb": 0.36587824810235225, "meanPeakCenter": -15.0, "meanPeakWidth": 4.934122116152489, "noise": 0.0, "stdPeakCenter": 7.422952214874937, "stdPeakWidth": 1.7652207543576626}, "datetime": {"datetime": "2022-09-23 00:01:46", "elapsed": 25172.392618, "delta": 53.098531}}
{"target": -0.0007725877914817641, "params": {"ampDecay": 0.8606260048849889, "extraPeakProb": 0.5439441460131711, "meanPeakCenter": -15.0, "meanPeakWidth": 3.302970584038291, "noise": 0.0, "stdPeakCenter": 6.686519406088446, "stdPeakWidth": 1.3987255876190219}, "datetime": {"datetime": "2022-09-23 00:02:37", "elapsed": 25223.548525, "delta": 51.155907}}
{"target": -0.0008528262945481636, "params": {"ampDecay": 0.693278646664342, "extraPeakProb": 0.664453235189071, "meanPeakCenter": -15.0, "meanPeakWidth": 4.798407933892445, "noise": 0.0, "stdPeakCenter": 6.006949737434319, "stdPeakWidth": 2.235112448934582}, "datetime": {"datetime": "2022-09-23 00:03:15", "elapsed": 25260.959029, "delta": 37.410504}}
{"target": -0.002357842966179961, "params": {"ampDecay": 0.18587388243332337, "extraPeakProb": 0.5154788251769699, "meanPeakCenter": -15.0, "meanPeakWidth": 7.0971457880794775, "noise": 0.0, "stdPeakCenter": 3.0118604186834066, "stdPeakWidth": 4.479065947081595}, "datetime": {"datetime": "2022-09-23 00:03:55", "elapsed": 25301.111519, "delta": 40.15249}}
{"target": -0.0006843446165000806, "params": {"ampDecay": 0.28407121676316227, "extraPeakProb": 0.3173861859947237, "meanPeakCenter": -15.0, "meanPeakWidth": 9.442963220096232, "noise": 0.0, "stdPeakCenter": 8.549870024310465, "stdPeakWidth": 1.180258405893685}, "datetime": {"datetime": "2022-09-23 00:04:23", "elapsed": 25329.596408, "delta": 28.484889}}
{"target": -0.0007659437388551504, "params": {"ampDecay": 0.2961231899116248, "extraPeakProb": 0.1335498848702229, "meanPeakCenter": -15.0, "meanPeakWidth": 5.263420181139523, "noise": 0.0, "stdPeakCenter": 6.410740807508003, "stdPeakWidth": 2.109045283865432}, "datetime": {"datetime": "2022-09-23 00:05:06", "elapsed": 25372.612371, "delta": 43.015963}}
{"target": -0.000866618607988766, "params": {"ampDecay": 0.5819738089058867, "extraPeakProb": 0.5183041111253719, "meanPeakCenter": -15.0, "meanPeakWidth": 4.452382633016311, "noise": 0.0, "stdPeakCenter": 6.829507687466538, "stdPeakWidth": 2.14056313631426}, "datetime": {"datetime": "2022-09-23 00:05:52", "elapsed": 25417.882993, "delta": 45.270622}}
{"target": -0.0008094183542724267, "params": {"ampDecay": 0.47305021807600856, "extraPeakProb": 0.16951209992222172, "meanPeakCenter": -15.0, "meanPeakWidth": 4.814303585499541, "noise": 0.0, "stdPeakCenter": 6.411249909844105, "stdPeakWidth": 2.861860482350509}, "datetime": {"datetime": "2022-09-23 00:06:37", "elapsed": 25463.450062, "delta": 45.567069}}
{"target": -0.0016498453857538835, "params": {"ampDecay": 0.6213488846859682, "extraPeakProb": 0.6352740465330322, "meanPeakCenter": -15.0, "meanPeakWidth": 5.075866034310913, "noise": 0.0, "stdPeakCenter": 6.290201774052266, "stdPeakWidth": 3.81681795382041}, "datetime": {"datetime": "2022-09-23 00:07:15", "elapsed": 25501.141045, "delta": 37.690983}}
{"target": -0.0006646816453832368, "params": {"ampDecay": 0.6076038464234721, "extraPeakProb": 0.5835196327455823, "meanPeakCenter": -15.0, "meanPeakWidth": 4.265070471757847, "noise": 0.0, "stdPeakCenter": 7.22012852197167, "stdPeakWidth": 1.1932638655943544}, "datetime": {"datetime": "2022-09-23 00:07:51", "elapsed": 25537.10544, "delta": 35.964395}}
{"target": -0.0010303941124779523, "params": {"ampDecay": 0.6983284984689611, "extraPeakProb": 0.6063023174714621, "meanPeakCenter": -15.0, "meanPeakWidth": 4.785993428067224, "noise": 0.0, "stdPeakCenter": 6.495005706035427, "stdPeakWidth": 2.874464662680898}, "datetime": {"datetime": "2022-09-23 00:08:36", "elapsed": 25582.051778, "delta": 44.946338}}
{"target": -0.0007207752029381809, "params": {"ampDecay": 0.6329145326087603, "extraPeakProb": 0.7007430461739154, "meanPeakCenter": -15.0, "meanPeakWidth": 8.126362578326267, "noise": 0.0, "stdPeakCenter": 0.1905575920460556, "stdPeakWidth": 3.574625904583338}, "datetime": {"datetime": "2022-09-23 00:09:04", "elapsed": 25610.191243, "delta": 28.139465}}
{"target": -0.0006360643617284391, "params": {"ampDecay": 0.5721588892617974, "extraPeakProb": 0.11573062598728595, "meanPeakCenter": -15.0, "meanPeakWidth": 4.877417323395742, "noise": 0.0, "stdPeakCenter": 7.292094818605386, "stdPeakWidth": 1.5761131623229985}, "datetime": {"datetime": "2022-09-23 00:09:38", "elapsed": 25644.454439, "delta": 34.263196}}
{"target": -0.0006174415426347728, "params": {"ampDecay": 0.34848887946033963, "extraPeakProb": 0.304451044477782, "meanPeakCenter": -15.0, "meanPeakWidth": 8.2701452949164, "noise": 0.0, "stdPeakCenter": 7.134090129471669, "stdPeakWidth": 3.1987687781044265}, "datetime": {"datetime": "2022-09-23 00:10:04", "elapsed": 25670.486002, "delta": 26.031563}}
{"target": -0.0006023171436977204, "params": {"ampDecay": 0.185848047186291, "extraPeakProb": 0.532884636908144, "meanPeakCenter": -15.0, "meanPeakWidth": 5.072918328023021, "noise": 0.0, "stdPeakCenter": 7.78421050679615, "stdPeakWidth": 0.8909962964316842}, "datetime": {"datetime": "2022-09-23 00:10:35", "elapsed": 25701.250065, "delta": 30.764063}}
{"target": -0.001155128774997821, "params": {"ampDecay": 0.89033855186199, "extraPeakProb": 0.3890868915872191, "meanPeakCenter": -15.0, "meanPeakWidth": 5.859868769915829, "noise": 0.0, "stdPeakCenter": 7.339437234236267, "stdPeakWidth": 2.7186497597510746}, "datetime": {"datetime": "2022-09-23 00:11:15", "elapsed": 25741.800668, "delta": 40.550603}}
{"target": -0.0009200384319209622, "params": {"ampDecay": 0.4655484820890692, "extraPeakProb": 0.8362319305890803, "meanPeakCenter": -15.0, "meanPeakWidth": 5.176177704770818, "noise": 0.0, "stdPeakCenter": 1.7412719895580964, "stdPeakWidth": 0.09223225328171547}, "datetime": {"datetime": "2022-09-23 00:11:41", "elapsed": 25767.019859, "delta": 25.219191}}
{"target": -0.0007676770063893314, "params": {"ampDecay": 0.6728360221346309, "extraPeakProb": 0.22986375358859137, "meanPeakCenter": -15.0, "meanPeakWidth": 4.896339287049393, "noise": 0.0, "stdPeakCenter": 6.157636941186438, "stdPeakWidth": 2.284022713444932}, "datetime": {"datetime": "2022-09-23 00:12:22", "elapsed": 25808.733876, "delta": 41.714017}}
{"target": -0.0006091190156597316, "params": {"ampDecay": 0.49945557729374657, "extraPeakProb": 0.14871799126460142, "meanPeakCenter": -15.0, "meanPeakWidth": 5.071065360207502, "noise": 0.0, "stdPeakCenter": 8.005326521673028, "stdPeakWidth": 0.8063129002684155}, "datetime": {"datetime": "2022-09-23 00:12:53", "elapsed": 25839.604009, "delta": 30.870133}}
{"target": -0.0007974928089734481, "params": {"ampDecay": 0.6212113185229655, "extraPeakProb": 0.36519660465208137, "meanPeakCenter": -15.0, "meanPeakWidth": 4.326494830370084, "noise": 0.0, "stdPeakCenter": 7.589918343197962, "stdPeakWidth": 1.6914998683045241}, "datetime": {"datetime": "2022-09-23 00:13:41", "elapsed": 25887.132232, "delta": 47.528223}}
