{"target": -0.0007190543823948099, "params": {"ampDecay": 0.503862782954938, "extraPeakProb": 0.49716304982629544, "meanPeakCenter": -15.0, "meanPeakWidth": 4.987836237616672, "noise": 0.0, "stdPeakCenter": 6.367679216532618, "stdPeakWidth": 2.52912800625952}, "datetime": {"datetime": "2022-09-23 00:14:24", "elapsed": 25930.408932, "delta": 43.2767}}
{"target": -0.0006657104515360985, "params": {"ampDecay": 0.8673767200787015, "extraPeakProb": 0.24914463101632542, "meanPeakCenter": -15.0, "meanPeakWidth": 7.30676654895727, "noise": 0.0, "stdPeakCenter": 3.9841915983565346, "stdPeakWidth": 3.1878760485752426}, "datetime": {"datetime": "2022-09-23 00:14:51", "elapsed": 25957.117236, "delta": 26.708304}}
{"target": -0.005796039050087183, "params": {"ampDecay": 0.518239476528465, "extraPeakProb": 0.1245354327176636, "meanPeakCenter": -15.0, "meanPeakWidth": 2.010863578347768, "noise": 0.0, "stdPeakCenter": 3.8173725393386704, "stdPeakWidth": 1.9662817158426005}, "datetime": {"datetime": "2022-09-23 00:15:38", "elapsed": 26003.985344, "delta": 46.868108}}
{"target": -0.0006706269862721525, "params": {"ampDecay": 0.5795320207284654, "extraPeakProb": 0.46819966708700933, "meanPeakCenter": -15.0, "meanPeakWidth": 4.600571376575285, "noise": 0.0, "stdPeakCenter": 6.293239615986378, "stdPeakWidth": 3.7126885159832472}, "datetime": {"datetime": "2022-09-23 00:16:19", "elapsed": 26045.70486, "delta": 41.719516}}
{"target": -0.0009592002993339897, "params": {"ampDecay": 0.6002167891695996, "extraPeakProb": 0.28862765735161455, "meanPeakCenter": -15.0, "meanPeakWidth": 4.168125003251867, "noise": 0.0, "stdPeakCenter": 7.3852584055521495, "stdPeakWidth": 2.0690216516741677}, "datetime": {"datetime": "2022-09-23 00:17:03", "elapsed": 26089.09116, "delta": 43.3863}}
{"target": -0.000740984430895979, "params": {"ampDecay": 0.6094749755110677, "extraPeakProb": 0.31142827868181877, "meanPeakCenter": -15.0, "meanPeakWidth": 4.467139022020912, "noise": 0.0, "stdPeakCenter": 7.683579566985175, "stdPeakWidth": 1.5324847547706233}, "datetime": {"datetime": "2022-09-23 00:17:46", "elapsed": 26132.239373, "delta": 43.148213}}
{"target": -0.0007954252681667602, "params": {"ampDecay": 0.819033631364979, "extraPeakProb": 0.8806539405599219, "meanPeakCenter": -15.0, "meanPeakWidth": 9.011247003525124, "noise": 0.0, "stdPeakCenter": 5.153766129005783, "stdPeakWidth": 4.103332449659329}, "datetime": {"datetime": "2022-09-23 00:18:21", "elapsed": 26167.742574, "delta": 35.503201}}
{"target": -0.0006247156095256607, "params": {"ampDecay": 0.6974481337596652, "extraPeakProb": 0.6541416660808707, "meanPeakCenter": -15.0, "meanPeakWidth": 4.275440114297777, "noise": 0.0, "stdPeakCenter": 7.65803439524976, "stdPeakWidth": 1.2840675432851607}, "datetime": {"datetime": "2022-09-23 00:18:58", "elapsed": 26203.997231, "delta": 36.254657}}
{"target": -0.0006409570310968465, "params": {"ampDecay": 0.6189216328918932, "extraPeakProb": 0.45713767183254495, "meanPeakCenter": -15.0, "meanPeakWidth": 6.67576909206565, "noise": 0.0, "stdPeakCenter": 9.537231419033782, "stdPeakWidth": 2.183190017575922}, "datetime": {"datetime": "2022-09-23 00:19:23", "elapsed": 26229.226347, "delta": 25.229116}}
{"target": -0.0005869878469922978, "params": {"ampDecay": 0.6780692392547365, "extraPeakProb": 0.4714591181174662, "meanPeakCenter": -15.0, "meanPeakWidth": 4.544679763878399, "noise": 0.0, "stdPeakCenter": 7.7122742569697635, "stdPeakWidth": 1.5758720043589154}, "datetime": {"datetime": "2022-09-23 00:19:58", "elapsed": 26264.774143, "delta": 35.547796}}
{"target": -0.000602571837585135, "params": {"ampDecay": 0.1518272675806337, "extraPeakProb": 0.43893093821242546, "meanPeakCenter": -15.0, "meanPeakWidth": 4.321287004603254, "noise": 0.0, "stdPeakCenter": 7.2871764922755125, "stdPeakWidth": 1.090564834641028}, "datetime": {"datetime": "2022-09-23 00:20:35", "elapsed": 26301.437108, "delta": 36.662965}}
{"target": -0.0006701636540253041, "params": {"ampDecay": 0.4172123015604593, "extraPeakProb": 0.7424736510527727, "meanPeakCenter": -15.0, "meanPeakWidth": 2.1640390858732896, "noise": 0.0, "stdPeakCenter": 9.043079715315889, "stdPeakWidth": 2.9761591319725635}, "datetime": {"datetime": "2022-09-23 00:21:22", "elapsed": 26347.960341, "delta": 46.523233}}
{"target": -0.017473738175596127, "params": {"ampDecay": 0.4787748996265274, "extraPeakProb": 0.42969166654983126, "meanPeakCenter": -15.0, "meanPeakWidth": 0.0349056383467905, "noise": 0.0, "stdPeakCenter": 0.9082519564911096, "stdPeakWidth": 0.0943464784136161}, "datetime": {"datetime": "2022-09-23 00:22:15", "elapsed": 26400.895484, "delta": 52.935143}}
{"target": -0.00066870091108361, "params": {"ampDecay": 0.7368495880099797, "extraPeakProb": 0.4978409622060651, "meanPeakCenter": -15.0, "meanPeakWidth": 4.927759487552614, "noise": 0.0, "stdPeakCenter": 6.267803735226851, "stdPeakWidth": 2.108070165892755}, "datetime": {"datetime": "2022-09-23 00:22:47", "elapsed": 26433.488452, "delta": 32.592968}}
{"target": -0.0017575358251182636, "params": {"ampDecay": 0.3239809076363971, "extraPeakProb": 0.4391429121855642, "meanPeakCenter": -15.0, "meanPeakWidth": 4.051024704669994, "noise": 0.0, "stdPeakCenter": 6.937672068147314, "stdPeakWidth": 1.600048038728592}, "datetime": {"datetime": "2022-09-23 00:23:26", "elapsed": 26472.020919, "delta": 38.532467}}
{"target": -0.0006655012179160599, "params": {"ampDecay": 0.3809040911516157, "extraPeakProb": 0.7173998424083308, "meanPeakCenter": -15.0, "meanPeakWidth": 4.416284890924626, "noise": 0.0, "stdPeakCenter": 7.435103004014161, "stdPeakWidth": 1.5949697499136795}, "datetime": {"datetime": "2022-09-23 00:24:04", "elapsed": 26509.915793, "delta": 37.894874}}
{"target": -0.0006738281583976483, "params": {"ampDecay": 0.6407886761716038, "extraPeakProb": 0.5285546811172885, "meanPeakCenter": -15.0, "meanPeakWidth": 4.368616962398258, "noise": 0.0, "stdPeakCenter": 6.9725378837743825, "stdPeakWidth": 1.132392430098823}, "datetime": {"datetime": "2022-09-23 00:24:36", "elapsed": 26542.415119, "delta": 32.499326}}
{"target": -0.0007601521393695423, "params": {"ampDecay": 0.6596901606576531, "extraPeakProb": 0.5580993074607424, "meanPeakCenter": -15.0, "meanPeakWidth": 4.542960134102321, "noise": 0.0, "stdPeakCenter": 6.734506365355132, "stdPeakWidth": 1.9696760001480007}, "datetime": {"datetime": "2022-09-23 00:25:14", "elapsed": 26580.311384, "delta": 37.896265}}
{"target": -0.0007361663777453671, "params": {"ampDecay": 0.3696436461820499, "extraPeakProb": 0.4467897440840778, "meanPeakCenter": -15.0, "meanPeakWidth": 5.341716371141036, "noise": 0.0, "stdPeakCenter": 6.2782116535998185, "stdPeakWidth": 2.0825223829649477}, "datetime": {"datetime": "2022-09-23 00:25:48", "elapsed": 26614.353869, "delta": 34.042485}}
{"target": -0.0009357900046978348, "params": {"ampDecay": 0.21489603323863166, "extraPeakProb": 0.7658383177521512, "meanPeakCenter": -15.0, "meanPeakWidth": 4.839734722976416, "noise": 0.0, "stdPeakCenter": 6.220922644679007, "stdPeakWidth": 2.4316544793668955}, "datetime": {"datetime": "2022-09-23 00:26:27", "elapsed": 26653.509387, "delta": 39.155518}}
{"target": -0.0006361450980874108, "params": {"ampDecay": 0.7080431430318227, "extraPeakProb": 0.7735749328405962, "meanPeakCenter": -15.0, "meanPeakWidth": 4.123185186440277, "noise": 0.0, "stdPeakCenter": 7.3317979214888895, "stdPeakWidth": 1.168346704620475}, "datetime": {"datetime": "2022-09-23 00:27:06", "elapsed": 26692.261953, "delta": 38.752566}}
