{"target": -0.0008832543399008268, "params": {"ampDecay": 0.5537951680363958, "extraPeakProb": 0.2704877144069543, "meanPeakCenter": -15.0, "meanPeakWidth": 4.1467755879322, "noise": 0.0, "stdPeakCenter": 1.8826818607704099, "stdPeakWidth": 1.1377711253802847}, "datetime": {"datetime": "2022-09-22 21:44:31", "elapsed": 16937.352415, "delta": 31.394729}}
{"target": -0.0018102231834175697, "params": {"ampDecay": 0.10035958930789422, "extraPeakProb": 0.7951093552552592, "meanPeakCenter": -15.0, "meanPeakWidth": 6.782959246218062, "noise": 0.0, "stdPeakCenter": 3.665774631220925, "stdPeakWidth": 3.4879379069819705}, "datetime": {"datetime": "2022-09-22 21:45:14", "elapsed": 16980.170469, "delta": 42.818054}}
{"target": -0.0006366273541474851, "params": {"ampDecay": 0.13637646888200125, "extraPeakProb": 0.7212132275492795, "meanPeakCenter": -15.0, "meanPeakWidth": 7.359861778332569, "noise": 0.0, "stdPeakCenter": 3.37455216259144, "stdPeakWidth": 3.8394308089838307}, "datetime": {"datetime": "2022-09-22 21:45:46", "elapsed": 17012.20322, "delta": 32.032751}}
{"target": -0.0016595904240532921, "params": {"ampDecay": 0.14435614769173075, "extraPeakProb": 0.6197507256958725, "meanPeakCenter": -15.0, "meanPeakWidth": 6.864704143062315, "noise": 0.0, "stdPeakCenter": 3.956646411993453, "stdPeakWidth": 3.305953565827643}, "datetime": {"datetime": "2022-09-22 21:46:22", "elapsed": 17047.990904, "delta": 35.787684}}
{"target": -0.000857537296478528, "params": {"ampDecay": 0.38521714354822223, "extraPeakProb": 0.4914312802539409, "meanPeakCenter": -15.0, "meanPeakWidth": 6.975889981522839, "noise": 0.0, "stdPeakCenter": 4.322669914356183, "stdPeakWidth": 3.416641110804959}, "datetime": {"datetime": "2022-09-22 21:46:47", "elapsed": 17073.672353, "delta": 25.681449}}
{"target": -0.0008637332122334399, "params": {"ampDecay": 0.8157158182854328, "extraPeakProb": 0.4029237486009878, "meanPeakCenter": -15.0, "meanPeakWidth": 4.233686276397853, "noise": 0.0, "stdPeakCenter": 1.5029198247548647, "stdPeakWidth": 0.9698759130140944}, "datetime": {"datetime": "2022-09-22 21:47:13", "elapsed": 17099.40178, "delta": 25.729427}}
{"target": -0.0008801968884611902, "params": {"ampDecay": 0.8099079690701934, "extraPeakProb": 0.2678132378620146, "meanPeakCenter": -15.0, "meanPeakWidth": 4.105950620789114, "noise": 0.0, "stdPeakCenter": 2.3806508906485533, "stdPeakWidth": 1.2863303826478907}, "datetime": {"datetime": "2022-09-22 21:47:44", "elapsed": 17130.721971, "delta": 31.320191}}
{"target": -0.0009682789699106631, "params": {"ampDecay": 0.8731829779064288, "extraPeakProb": 0.11478734306999644, "meanPeakCenter": -15.0, "meanPeakWidth": 3.476570235064652, "noise": 0.0, "stdPeakCenter": 2.0332778695904197, "stdPeakWidth": 0.27511883285697536}, "datetime": {"datetime": "2022-09-22 21:48:14", "elapsed": 17160.634565, "delta": 29.912594}}
{"target": -0.0007626362602082092, "params": {"ampDecay": 0.1876082351011526, "extraPeakProb": 0.864697396633196, "meanPeakCenter": -15.0, "meanPeakWidth": 2.4875368769416752, "noise": 0.0, "stdPeakCenter": 6.935141379339153, "stdPeakWidth": 0.10244195585974669}, "datetime": {"datetime": "2022-09-22 21:48:51", "elapsed": 17197.042547, "delta": 36.407982}}
{"target": -0.000980933665935599, "params": {"ampDecay": 0.8113642986246535, "extraPeakProb": 0.18917271680571687, "meanPeakCenter": -15.0, "meanPeakWidth": 4.2719524256583465, "noise": 0.0, "stdPeakCenter": 2.085226687964361, "stdPeakWidth": 1.4935799326661792}, "datetime": {"datetime": "2022-09-22 21:49:36", "elapsed": 17242.715918, "delta": 45.673371}}
{"target": -0.0006678454068513813, "params": {"ampDecay": 0.3899508197215361, "extraPeakProb": 0.768002662007073, "meanPeakCenter": -15.0, "meanPeakWidth": 2.989171273299366, "noise": 0.0, "stdPeakCenter": 6.957185544594607, "stdPeakWidth": 0.0978164565791162}, "datetime": {"datetime": "2022-09-22 21:50:13", "elapsed": 17278.91588, "delta": 36.199962}}
{"target": -0.0007875426514500418, "params": {"ampDecay": 0.6771694597183644, "extraPeakProb": 0.7704866182624983, "meanPeakCenter": -15.0, "meanPeakWidth": 7.132071425170725, "noise": 0.0, "stdPeakCenter": 3.939647964934946, "stdPeakWidth": 2.804049908750741}, "datetime": {"datetime": "2022-09-22 21:50:38", "elapsed": 17304.784165, "delta": 25.868285}}
{"target": -0.0007357023425833795, "params": {"ampDecay": 0.8422340349703193, "extraPeakProb": 0.8013380413563181, "meanPeakCenter": -15.0, "meanPeakWidth": 4.237025807546356, "noise": 0.0, "stdPeakCenter": 0.10813161352015044, "stdPeakWidth": 4.780590108323692}, "datetime": {"datetime": "2022-09-22 21:51:08", "elapsed": 17334.785366, "delta": 30.001201}}
{"target": -0.0008976097450452119, "params": {"ampDecay": 0.4785157381013708, "extraPeakProb": 0.2525373414818802, "meanPeakCenter": -15.0, "meanPeakWidth": 3.714541202896596, "noise": 0.0, "stdPeakCenter": 1.7048493508529217, "stdPeakWidth": 0.8121862663923629}, "datetime": {"datetime": "2022-09-22 21:51:36", "elapsed": 17362.040343, "delta": 27.254977}}
{"target": -0.0007442025891603161, "params": {"ampDecay": 0.18095623144186615, "extraPeakProb": 0.8907702904752662, "meanPeakCenter": -15.0, "meanPeakWidth": 7.579557756988457, "noise": 0.0, "stdPeakCenter": 3.097203578370883, "stdPeakWidth": 3.074493825776682}, "datetime": {"datetime": "2022-09-22 21:52:05", "elapsed": 17391.203749, "delta": 29.163406}}
{"target": -0.0008290656161185567, "params": {"ampDecay": 0.5816719571904486, "extraPeakProb": 0.48588894569362506, "meanPeakCenter": -15.0, "meanPeakWidth": 2.29933621632736, "noise": 0.0, "stdPeakCenter": 6.840137462147196, "stdPeakWidth": 0.1267918884630409}, "datetime": {"datetime": "2022-09-22 21:52:45", "elapsed": 17431.589884, "delta": 40.386135}}
{"target": -0.0007797762280697507, "params": {"ampDecay": 0.8117032531892402, "extraPeakProb": 0.6803480486654411, "meanPeakCenter": -15.0, "meanPeakWidth": 4.386832847060443, "noise": 0.0, "stdPeakCenter": 0.24206642029416026, "stdPeakWidth": 4.257281780785747}, "datetime": {"datetime": "2022-09-22 21:53:20", "elapsed": 17466.125043, "delta": 34.535159}}
{"target": -0.0008136932462853951, "params": {"ampDecay": 0.11398703947586367, "extraPeakProb": 0.7687010789734549, "meanPeakCenter": -15.0, "meanPeakWidth": 6.860264579930223, "noise": 0.0, "stdPeakCenter": 3.9884298244464844, "stdPeakWidth": 3.4946750869319043}, "datetime": {"datetime": "2022-09-22 21:53:48", "elapsed": 17494.024076, "delta": 27.899033}}
{"target": -0.0007413129698828493, "params": {"ampDecay": 0.12999422055701235, "extraPeakProb": 0.8956607394641604, "meanPeakCenter": -15.0, "meanPeakWidth": 6.378529609895322, "noise": 0.0, "stdPeakCenter": 5.373294523043145, "stdPeakWidth": 4.590517961005508}, "datetime": {"datetime": "2022-09-22 21:54:23", "elapsed": 17529.336211, "delta": 35.312135}}
{"target": -0.0008015218426804567, "params": {"ampDecay": 0.129237032845701, "extraPeakProb": 0.7096574730709787, "meanPeakCenter": -15.0, "meanPeakWidth": 7.229929461571592, "noise": 0.0, "stdPeakCenter": 3.5952025093644813, "stdPeakWidth": 2.9554066395927143}, "datetime": {"datetime": "2022-09-22 21:54:56", "elapsed": 17561.884533, "delta": 32.548322}}
{"target": -0.0006781283203831473, "params": {"ampDecay": 0.7180242650648646, "extraPeakProb": 0.7767269693670742, "meanPeakCenter": -15.0, "meanPeakWidth": 2.9360369054737054, "noise": 0.0, "stdPeakCenter": 7.054499811388658, "stdPeakWidth": 0.2931616225983763}, "datetime": {"datetime": "2022-09-22 21:55:29", "elapsed": 17595.714009, "delta": 33.829476}}
{"target": -0.0007859641290884649, "params": {"ampDecay": 0.7580263985076113, "extraPeakProb": 0.8957471102938444, "meanPeakCenter": -15.0, "meanPeakWidth": 7.611847977025349, "noise": 0.0, "stdPeakCenter": 4.370514773225755, "stdPeakWidth": 3.946515719639338}, "datetime": {"datetime": "2022-09-22 21:55:57", "elapsed": 17623.362517, "delta": 27.648508}}
{"target": -0.0011701528996053625, "params": {"ampDecay": 0.466729817152999, "extraPeakProb": 0.7165867395172595, "meanPeakCenter": -15.0, "meanPeakWidth": 6.866148529172919, "noise": 0.0, "stdPeakCenter": 3.9906963086293734, "stdPeakWidth": 3.485264938101307}, "datetime": {"datetime": "2022-09-22 21:56:29", "elapsed": 17655.475627, "delta": 32.11311}}
{"target": -0.0007365392977802583, "params": {"ampDecay": 0.6928240928732659, "extraPeakProb": 0.6160855091055304, "meanPeakCenter": -15.0, "meanPeakWidth": 2.7563956632299993, "noise": 0.0, "stdPeakCenter": 6.977319490677404, "stdPeakWidth": 0.5324242599175344}, "datetime": {"datetime": "2022-09-22 21:57:13", "elapsed": 17699.037848, "delta": 43.562221}}
{"target": -0.0007310710485345811, "params": {"ampDecay": 0.8712865438456386, "extraPeakProb": 0.5251342955790629, "meanPeakCenter": -15.0, "meanPeakWidth": 4.322194513222878, "noise": 0.0, "stdPeakCenter": 0.6095700295247597, "stdPeakWidth": 4.424676137565436}, "datetime": {"datetime": "2022-09-22 21:57:42", "elapsed": 17728.437733, "delta": 29.399885}}
{"target": -0.0006651550740364677, "params": {"ampDecay": 0.36716479893121834, "extraPeakProb": 0.8372378218899182, "meanPeakCenter": -15.0, "meanPeakWidth": 6.863717198134578, "noise": 0.0, "stdPeakCenter": 3.842866431442152, "stdPeakWidth": 3.580165117077261}, "datetime": {"datetime": "2022-09-22 21:58:16", "elapsed": 17762.472764, "delta": 34.035031}}
{"target": -0.0008380736376844882, "params": {"ampDecay": 0.5993259257888065, "extraPeakProb": 0.7823134114340491, "meanPeakCenter": -15.0, "meanPeakWidth": 7.256754914559286, "noise": 0.0, "stdPeakCenter": 3.6440121628068436, "stdPeakWidth": 3.4964466821132927}, "datetime": {"datetime": "2022-09-22 21:58:46", "elapsed": 17792.530848, "delta": 30.058084}}
{"target": -0.0007324368012737192, "params": {"ampDecay": 0.23261739296226358, "extraPeakProb": 0.7807727901415097, "meanPeakCenter": -15.0, "meanPeakWidth": 6.942261845850095, "noise": 0.0, "stdPeakCenter": 3.4188187909363723, "stdPeakWidth": 3.1448259128509988}, "datetime": {"datetime": "2022-09-22 21:59:21", "elapsed": 17827.474194, "delta": 34.943346}}
{"target": -0.00077927164746011, "params": {"ampDecay": 0.5562140575074589, "extraPeakProb": 0.8321542181632343, "meanPeakCenter": -15.0, "meanPeakWidth": 7.480428097731621, "noise": 0.0, "stdPeakCenter": 3.125430485367949, "stdPeakWidth": 3.441366367806215}, "datetime": {"datetime": "2022-09-22 21:59:46", "elapsed": 17852.305225, "delta": 24.831031}}
{"target": -0.0008344014802428275, "params": {"ampDecay": 0.6458133014261229, "extraPeakProb": 0.7422671181868532, "meanPeakCenter": -15.0, "meanPeakWidth": 2.515901168360296, "noise": 0.0, "stdPeakCenter": 7.151679127455061, "stdPeakWidth": 0.39850738216462345}, "datetime": {"datetime": "2022-09-22 22:00:23", "elapsed": 17888.848329, "delta": 36.543104}}
{"target": -0.0006872824482689411, "params": {"ampDecay": 0.5757386044421771, "extraPeakProb": 0.6440624346220246, "meanPeakCenter": -15.0, "meanPeakWidth": 4.482864464091082, "noise": 0.0, "stdPeakCenter": 0.3655083497192668, "stdPeakWidth": 4.361237760713072}, "datetime": {"datetime": "2022-09-22 22:01:00", "elapsed": 17926.161397, "delta": 37.313068}}
{"target": -0.0005717639324697912, "params": {"ampDecay": 0.878237438872427, "extraPeakProb": 0.6365342476242138, "meanPeakCenter": -15.0, "meanPeakWidth": 4.549057395557562, "noise": 0.0, "stdPeakCenter": 0.5313090223123995, "stdPeakWidth": 4.30442984441867}, "datetime": {"datetime": "2022-09-22 22:01:48", "elapsed": 17974.571812, "delta": 48.410415}}
{"target": -0.0007856999672204826, "params": {"ampDecay": 0.4485238407915614, "extraPeakProb": 0.8857095516428798, "meanPeakCenter": -15.0, "meanPeakWidth": 6.287943503337563, "noise": 0.0, "stdPeakCenter": 4.367627743243615, "stdPeakWidth": 3.8206934144732396}, "datetime": {"datetime": "2022-09-22 22:02:27", "elapsed": 18013.591193, "delta": 39.019381}}
{"target": -0.0015257676357146044, "params": {"ampDecay": 0.18054829323742966, "extraPeakProb": 0.8498324092811228, "meanPeakCenter": -15.0, "meanPeakWidth": 7.071134044678207, "noise": 0.0, "stdPeakCenter": 4.630475464911839, "stdPeakWidth": 4.486790612188817}, "datetime": {"datetime": "2022-09-22 22:03:05", "elapsed": 18050.874001, "delta": 37.282808}}
{"target": -0.0017742758290149208, "params": {"ampDecay": 0.3815730595317126, "extraPeakProb": 0.6499007762599922, "meanPeakCenter": -15.0, "meanPeakWidth": 7.159032100682378, "noise": 0.0, "stdPeakCenter": 4.098108922979982, "stdPeakWidth": 3.2361204501878693}, "datetime": {"datetime": "2022-09-22 22:03:39", "elapsed": 18085.52488, "delta": 34.650879}}
{"target": -0.0012311727250726454, "params": {"ampDecay": 0.6011920736546923, "extraPeakProb": 0.7304006615554149, "meanPeakCenter": -15.0, "meanPeakWidth": 4.234667447652495, "noise": 0.0, "stdPeakCenter": 2.8545906867775606, "stdPeakWidth": 3.994744944458437}, "datetime": {"datetime": "2022-09-22 22:04:24", "elapsed": 18130.784587, "delta": 45.259707}}
{"target": -0.000721744148132357, "params": {"ampDecay": 0.8357895942384389, "extraPeakProb": 0.8579372250039512, "meanPeakCenter": -15.0, "meanPeakWidth": 2.5627677645974156, "noise": 0.0, "stdPeakCenter": 7.234463525845001, "stdPeakWidth": 0.22916043303057743}, "datetime": {"datetime": "2022-09-22 22:05:03", "elapsed": 18169.396025, "delta": 38.611438}}
{"target": -0.0006689346274676922, "params": {"ampDecay": 0.2998432294856075, "extraPeakProb": 0.8096347559513795, "meanPeakCenter": -15.0, "meanPeakWidth": 7.098150421958058, "noise": 0.0, "stdPeakCenter": 3.7473151738992705, "stdPeakWidth": 3.5381454049808836}, "datetime": {"datetime": "2022-09-22 22:05:41", "elapsed": 18206.876703, "delta": 37.480678}}
{"target": -0.0007647054003141518, "params": {"ampDecay": 0.34724683146432844, "extraPeakProb": 0.892134160258795, "meanPeakCenter": -15.0, "meanPeakWidth": 2.5475726974267197, "noise": 0.0, "stdPeakCenter": 7.1310041769986, "stdPeakWidth": 0.25120610611538474}, "datetime": {"datetime": "2022-09-22 22:06:24", "elapsed": 18249.894727, "delta": 43.018024}}
{"target": -0.0009205215634674408, "params": {"ampDecay": 0.6194041031656723, "extraPeakProb": 0.21648061793402348, "meanPeakCenter": -15.0, "meanPeakWidth": 3.948895552297711, "noise": 0.0, "stdPeakCenter": 2.0143604941454987, "stdPeakWidth": 1.137849284775701}, "datetime": {"datetime": "2022-09-22 22:06:56", "elapsed": 18281.863652, "delta": 31.968925}}
{"target": -0.0007248033788121649, "params": {"ampDecay": 0.5269629226945253, "extraPeakProb": 0.7632962062329824, "meanPeakCenter": -15.0, "meanPeakWidth": 2.594620655733686, "noise": 0.0, "stdPeakCenter": 6.822110537415146, "stdPeakWidth": 0.03205671867226867}, "datetime": {"datetime": "2022-09-22 22:07:31", "elapsed": 18317.036505, "delta": 35.172853}}
{"target": -0.0010858851775125014, "params": {"ampDecay": 0.13978737245805073, "extraPeakProb": 0.2684713912746849, "meanPeakCenter": -15.0, "meanPeakWidth": 6.847837644445325, "noise": 0.0, "stdPeakCenter": 4.996413069145348, "stdPeakWidth": 3.854083865978381}, "datetime": {"datetime": "2022-09-22 22:08:07", "elapsed": 18353.634395, "delta": 36.59789}}
{"target": -0.0007814247162140691, "params": {"ampDecay": 0.7951290483799552, "extraPeakProb": 0.8526964192158734, "meanPeakCenter": -15.0, "meanPeakWidth": 2.3924514372032935, "noise": 0.0, "stdPeakCenter": 6.978156640136341, "stdPeakWidth": 0.48951379349001456}, "datetime": {"datetime": "2022-09-22 22:08:47", "elapsed": 18393.784958, "delta": 40.150563}}
{"target": -0.0007480876973080343, "params": {"ampDecay": 0.8743580133846208, "extraPeakProb": 0.5984535242133358, "meanPeakCenter": -15.0, "meanPeakWidth": 2.7573634279234502, "noise": 0.0, "stdPeakCenter": 7.298171521201197, "stdPeakWidth": 0.11343772254957751}, "datetime": {"datetime": "2022-09-22 22:09:22", "elapsed": 18428.774547, "delta": 34.989589}}
{"target": -0.002980144765201304, "params": {"ampDecay": 0.29152601427572283, "extraPeakProb": 0.6148321563635808, "meanPeakCenter": -15.0, "meanPeakWidth": 6.926842817059786, "noise": 0.0, "stdPeakCenter": 4.050414046382421, "stdPeakWidth": 3.769326350110936}, "datetime": {"datetime": "2022-09-22 22:09:54", "elapsed": 18459.984984, "delta": 31.210437}}
{"target": -0.0006510634804954087, "params": {"ampDecay": 0.6736333113569952, "extraPeakProb": 0.1264007152443349, "meanPeakCenter": -15.0, "meanPeakWidth": 6.715756360514921, "noise": 0.0, "stdPeakCenter": 4.598883778019082, "stdPeakWidth": 2.921553480808019}, "datetime": {"datetime": "2022-09-22 22:10:27", "elapsed": 18493.561521, "delta": 33.576537}}
{"target": -0.0007410717852919242, "params": {"ampDecay": 0.615005680102287, "extraPeakProb": 0.8802212688516617, "meanPeakCenter": -15.0, "meanPeakWidth": 6.4824283645586025, "noise": 0.0, "stdPeakCenter": 4.698654076215611, "stdPeakWidth": 3.4234635979138566}, "datetime": {"datetime": "2022-09-22 22:11:00", "elapsed": 18526.250879, "delta": 32.689358}}
{"target": -0.0007423211158715942, "params": {"ampDecay": 0.5994107261824163, "extraPeakProb": 0.8523787549394514, "meanPeakCenter": -15.0, "meanPeakWidth": 6.740445258544958, "noise": 0.0, "stdPeakCenter": 4.32764991783415, "stdPeakWidth": 3.691722065276161}, "datetime": {"datetime": "2022-09-22 22:11:36", "elapsed": 18561.853349, "delta": 35.60247}}
{"target": -0.0008142427110460988, "params": {"ampDecay": 0.17415281619790246, "extraPeakProb": 0.7888840411511241, "meanPeakCenter": -15.0, "meanPeakWidth": 7.375364205633222, "noise": 0.0, "stdPeakCenter": 4.7204511533540385, "stdPeakWidth": 3.8034078303757877}, "datetime": {"datetime": "2022-09-22 22:12:16", "elapsed": 18602.080854, "delta": 40.227505}}
{"target": -0.0007788501886022607, "params": {"ampDecay": 0.5827417256323669, "extraPeakProb": 0.507654449067576, "meanPeakCenter": -15.0, "meanPeakWidth": 7.089813747467079, "noise": 0.0, "stdPeakCenter": 4.096793082933613, "stdPeakWidth": 3.690377903300768}, "datetime": {"datetime": "2022-09-22 22:12:45", "elapsed": 18630.894597, "delta": 28.813743}}
{"target": -0.0006608869579615861, "params": {"ampDecay": 0.5231543376474936, "extraPeakProb": 0.11261319439578195, "meanPeakCenter": -15.0, "meanPeakWidth": 8.034124533429651, "noise": 0.0, "stdPeakCenter": 4.056463052864684, "stdPeakWidth": 3.1918621237092952}, "datetime": {"datetime": "2022-09-22 22:13:19", "elapsed": 18665.003995, "delta": 34.109398}}
{"target": -0.0007130030277328424, "params": {"ampDecay": 0.1489650696412742, "extraPeakProb": 0.13553835930832625, "meanPeakCenter": -15.0, "meanPeakWidth": 4.219090776264753, "noise": 0.0, "stdPeakCenter": 7.728391096409282, "stdPeakWidth": 1.8208530610725482}, "datetime": {"datetime": "2022-09-22 22:14:05", "elapsed": 18711.444859, "delta": 46.440864}}
{"target": -0.0006338102462439889, "params": {"ampDecay": 0.7345922733834382, "extraPeakProb": 0.6845156648754023, "meanPeakCenter": -15.0, "meanPeakWidth": 4.354360319232921, "noise": 0.0, "stdPeakCenter": 7.281027105674223, "stdPeakWidth": 1.4656145822896693}, "datetime": {"datetime": "2022-09-22 22:14:42", "elapsed": 18748.521022, "delta": 37.076163}}
{"target": -0.0006026901009049944, "params": {"ampDecay": 0.2962481018179968, "extraPeakProb": 0.5799643295009729, "meanPeakCenter": -15.0, "meanPeakWidth": 5.123434412921499, "noise": 0.0, "stdPeakCenter": 6.678474946271702, "stdPeakWidth": 1.6325849017477752}, "datetime": {"datetime": "2022-09-22 22:15:22", "elapsed": 18788.469201, "delta": 39.948179}}
{"target": -0.0006291735990172463, "params": {"ampDecay": 0.42722748138723154, "extraPeakProb": 0.8616546430140333, "meanPeakCenter": -15.0, "meanPeakWidth": 4.790280673575678, "noise": 0.0, "stdPeakCenter": 7.386105049569187, "stdPeakWidth": 1.6586432684750436}, "datetime": {"datetime": "2022-09-22 22:15:59", "elapsed": 18825.068436, "delta": 36.599235}}
{"target": -0.0006719251845486259, "params": {"ampDecay": 0.3178813674373291, "extraPeakProb": 0.41300324443594116, "meanPeakCenter": -15.0, "meanPeakWidth": 5.1177455338564535, "noise": 0.0, "stdPeakCenter": 6.744363196004892, "stdPeakWidth": 1.830463899984343}, "datetime": {"datetime": "2022-09-22 22:16:37", "elapsed": 18863.816879, "delta": 38.748443}}
{"target": -0.0008166756489846718, "params": {"ampDecay": 0.36534061442135335, "extraPeakProb": 0.20149570606406897, "meanPeakCenter": -15.0, "meanPeakWidth": 4.989468648969536, "noise": 0.0, "stdPeakCenter": 6.8608599824194085, "stdPeakWidth": 2.0725834473481664}, "datetime": {"datetime": "2022-09-22 22:17:16", "elapsed": 18902.293712, "delta": 38.476833}}
{"target": -0.0008688407368341282, "params": {"ampDecay": 0.615378481365981, "extraPeakProb": 0.26100683195952296, "meanPeakCenter": -15.0, "meanPeakWidth": 5.55077079798758, "noise": 0.0, "stdPeakCenter": 6.332629553441502, "stdPeakWidth": 2.0990315992060276}, "datetime": {"datetime": "2022-09-22 22:17:48", "elapsed": 18934.648562, "delta": 32.35485}}
{"target": -0.0007852624837889922, "params": {"ampDecay": 0.7684771834995028, "extraPeakProb": 0.3596304671301912, "meanPeakCenter": -15.0, "meanPeakWidth": 5.174344388099863, "noise": 0.0, "stdPeakCenter": 6.4215161270006496, "stdPeakWidth": 1.6968993077837906}, "datetime": {"datetime": "2022-09-22 22:18:27", "elapsed": 18973.433799, "delta": 38.785237}}
{"target": -0.001854273791273721, "params": {"ampDecay": 0.8168665537713491, "extraPeakProb": 0.10198371463484524, "meanPeakCenter": -15.0, "meanPeakWidth": 7.362604969518872, "noise": 0.0, "stdPeakCenter": 4.075742719742751, "stdPeakWidth": 3.152293134344015}, "datetime": {"datetime": "2022-09-22 22:19:11", "elapsed": 19017.244174, "delta": 43.810375}}
{"target": -0.000627564901563549, "params": {"ampDecay": 0.8681861970189412, "extraPeakProb": 0.7376097458824146, "meanPeakCenter": -15.0, "meanPeakWidth": 4.437253426919447, "noise": 0.0, "stdPeakCenter": 7.548034191415784, "stdPeakWidth": 1.6105849949338147}, "datetime": {"datetime": "2022-09-22 22:19:47", "elapsed": 19053.689533, "delta": 36.445359}}
