{"target": -0.0005313237257524518, "params": {"ampDecay": 0.1412158653345522, "extraPeakProb": 0.7817517278444686, "meanPeakCenter": -1.3630373865066032, "meanPeakWidth": 2.083621772074388, "noise": 0.23895723075287306, "stdPeakCenter": 6.256319493594817, "stdPeakWidth": 5.647258311195122}, "datetime": {"datetime": "2022-09-22 17:38:57", "elapsed": 6211.506135, "delta": 35.487815}}
{"target": -0.0005817458249247992, "params": {"ampDecay": 0.16285289430766714, "extraPeakProb": 0.7742319585767989, "meanPeakCenter": -1.0070176846431924, "meanPeakWidth": 2.1977459320808963, "noise": 0.2864253980262247, "stdPeakCenter": 6.735439823240936, "stdPeakWidth": 6.058338400368757}, "datetime": {"datetime": "2022-09-22 17:39:29", "elapsed": 6244.278535, "delta": 32.7724}}
{"target": -0.0005398054649091889, "params": {"ampDecay": 0.1633148665523246, "extraPeakProb": 0.7732240833361197, "meanPeakCenter": -1.3437086110275538, "meanPeakWidth": 2.1950370175358507, "noise": 0.3, "stdPeakCenter": 6.723481538942292, "stdPeakWidth": 6.029909840969767}, "datetime": {"datetime": "2022-09-22 17:40:09", "elapsed": 6284.364357, "delta": 40.085822}}
{"target": -0.0005115072545382439, "params": {"ampDecay": 0.16798533373703914, "extraPeakProb": 0.7722024794937594, "meanPeakCenter": -1.26467858278158, "meanPeakWidth": 2.1126369677384487, "noise": 0.2934393489221304, "stdPeakCenter": 6.712064179443994, "stdPeakWidth": 6.053131514659694}, "datetime": {"datetime": "2022-09-22 17:40:46", "elapsed": 6321.208651, "delta": 36.844294}}
{"target": -0.0005817550310371957, "params": {"ampDecay": 0.14792668296263745, "extraPeakProb": 0.8332906028136216, "meanPeakCenter": -1.1234823102966713, "meanPeakWidth": 2.2262349000857413, "noise": 0.2031027012269515, "stdPeakCenter": 6.304265919003998, "stdPeakWidth": 5.781050019855449}, "datetime": {"datetime": "2022-09-22 17:41:20", "elapsed": 6355.073238, "delta": 33.864587}}
{"target": -0.0005481589624271147, "params": {"ampDecay": 0.14361150841305337, "extraPeakProb": 0.7992186725314928, "meanPeakCenter": -1.283561622135982, "meanPeakWidth": 2.3760976786892853, "noise": 0.28993969539724984, "stdPeakCenter": 6.026467899713302, "stdPeakWidth": 6.1191897520987775}, "datetime": {"datetime": "2022-09-22 17:41:59", "elapsed": 6393.780905, "delta": 38.707667}}
{"target": -0.0006022173244818973, "params": {"ampDecay": 0.16426912067103722, "extraPeakProb": 0.813022861937901, "meanPeakCenter": -1.0776470389171868, "meanPeakWidth": 2.2468672100412896, "noise": 0.2, "stdPeakCenter": 6.205150296531559, "stdPeakWidth": 5.496036844760954}, "datetime": {"datetime": "2022-09-22 17:42:38", "elapsed": 6433.223481, "delta": 39.442576}}
{"target": -0.0005121591481402138, "params": {"ampDecay": 0.14331518033241006, "extraPeakProb": 0.8154362393843052, "meanPeakCenter": -1.3025236260384816, "meanPeakWidth": 2.09025081388664, "noise": 0.2555627801936727, "stdPeakCenter": 6.256171925629731, "stdPeakWidth": 5.596678981535558}, "datetime": {"datetime": "2022-09-22 17:43:20", "elapsed": 6475.399125, "delta": 42.175644}}
{"target": -0.0005882432441236082, "params": {"ampDecay": 0.14838625945442993, "extraPeakProb": 0.8277076482014832, "meanPeakCenter": -1.3383650756253611, "meanPeakWidth": 2.1226658510967273, "noise": 0.24996237214682926, "stdPeakCenter": 6.21800746142607, "stdPeakWidth": 5.636232314081529}, "datetime": {"datetime": "2022-09-22 17:43:53", "elapsed": 6507.484833, "delta": 32.085708}}
{"target": -0.0004781874628278677, "params": {"ampDecay": 0.12, "extraPeakProb": 0.76, "meanPeakCenter": -1.3012721701960381, "meanPeakWidth": 2.0809527742103784, "noise": 0.23732409239601604, "stdPeakCenter": 6.250500095022487, "stdPeakWidth": 5.612269458883027}, "datetime": {"datetime": "2022-09-22 17:44:33", "elapsed": 6548.280257, "delta": 40.795424}}
{"target": -0.0007611821505196723, "params": {"ampDecay": 0.15896319126144678, "extraPeakProb": 0.7896010146883797, "meanPeakCenter": -1.1860185708142492, "meanPeakWidth": 2.3078088033964246, "noise": 0.26823858449493054, "stdPeakCenter": 6.404434864746987, "stdPeakWidth": 6.176939657363893}, "datetime": {"datetime": "2022-09-22 17:45:10", "elapsed": 6585.126399, "delta": 36.846142}}
{"target": -0.0005354939138244594, "params": {"ampDecay": 0.12343234159650811, "extraPeakProb": 0.8200878538517716, "meanPeakCenter": -1.1965487647498596, "meanPeakWidth": 2.0435038790910105, "noise": 0.23780463847155003, "stdPeakCenter": 6.078265247114157, "stdPeakWidth": 5.966592183241218}, "datetime": {"datetime": "2022-09-22 17:45:51", "elapsed": 6625.660932, "delta": 40.534533}}
{"target": -0.0005417910071055735, "params": {"ampDecay": 0.14989030775710188, "extraPeakProb": 0.772216873712774, "meanPeakCenter": -1.1477058239863895, "meanPeakWidth": 2.15389949445208, "noise": 0.26582414071434723, "stdPeakCenter": 6.4177959864193594, "stdPeakWidth": 6.180899222655387}, "datetime": {"datetime": "2022-09-22 17:46:30", "elapsed": 6665.183361, "delta": 39.522429}}
{"target": -0.0005644638991723126, "params": {"ampDecay": 0.14888396634578552, "extraPeakProb": 0.7787826229734189, "meanPeakCenter": -1.3486831250932902, "meanPeakWidth": 2.34031961701817, "noise": 0.21523278405211682, "stdPeakCenter": 6.205749171857196, "stdPeakWidth": 6.003265390020088}, "datetime": {"datetime": "2022-09-22 17:47:02", "elapsed": 6696.685371, "delta": 31.50201}}
{"target": -0.0006455534238840707, "params": {"ampDecay": 0.17910093168278232, "extraPeakProb": 0.790742266186572, "meanPeakCenter": -1.2364592437738988, "meanPeakWidth": 2.269246839344634, "noise": 0.2802266468215027, "stdPeakCenter": 6.70897118619891, "stdPeakWidth": 5.674605390428904}, "datetime": {"datetime": "2022-09-22 17:47:40", "elapsed": 6735.033174, "delta": 38.347803}}
{"target": -0.0005524064055689393, "params": {"ampDecay": 0.15139100358738947, "extraPeakProb": 0.7909870210919693, "meanPeakCenter": -1.07358269259949, "meanPeakWidth": 2.2785642038215084, "noise": 0.2275360722316865, "stdPeakCenter": 6.160778841795429, "stdPeakWidth": 5.867009295672799}, "datetime": {"datetime": "2022-09-22 17:48:12", "elapsed": 6766.983946, "delta": 31.950772}}
{"target": -0.0005313739434659644, "params": {"ampDecay": 0.17617968125429578, "extraPeakProb": 0.7701452162619228, "meanPeakCenter": -1.1333109132874049, "meanPeakWidth": 2.130343760376839, "noise": 0.28193278741648137, "stdPeakCenter": 6.606709511004945, "stdPeakWidth": 5.809276417173141}, "datetime": {"datetime": "2022-09-22 17:48:48", "elapsed": 6802.569045, "delta": 35.585099}}
{"target": -0.0006552040276713153, "params": {"ampDecay": 0.1775661501306305, "extraPeakProb": 0.7946004107704686, "meanPeakCenter": -1.1849860360312483, "meanPeakWidth": 2.0340141385679535, "noise": 0.2382918631093769, "stdPeakCenter": 6.206175210481233, "stdPeakWidth": 5.424549462051692}, "datetime": {"datetime": "2022-09-22 17:49:15", "elapsed": 6830.425613, "delta": 27.856568}}
{"target": -0.0005035040183605932, "params": {"ampDecay": 0.15334116106977602, "extraPeakProb": 0.8067955372853037, "meanPeakCenter": -1.1605643747241376, "meanPeakWidth": 2.250795524073951, "noise": 0.21325948046578244, "stdPeakCenter": 6.024836513978607, "stdPeakWidth": 6.072298599400508}, "datetime": {"datetime": "2022-09-22 17:50:10", "elapsed": 6885.363811, "delta": 54.938198}}
{"target": -0.0005695707461485169, "params": {"ampDecay": 0.1240521800216502, "extraPeakProb": 0.7891934706912584, "meanPeakCenter": -1.280567802024347, "meanPeakWidth": 2.1081577945236334, "noise": 0.22061879651313712, "stdPeakCenter": 6.298831070503863, "stdPeakWidth": 5.591287181128136}, "datetime": {"datetime": "2022-09-22 17:50:50", "elapsed": 6924.852188, "delta": 39.488377}}
{"target": -0.0005216002956927085, "params": {"ampDecay": 0.15911624786244674, "extraPeakProb": 0.8323915423875538, "meanPeakCenter": -1.1842278716300823, "meanPeakWidth": 2.053136719179029, "noise": 0.25568664260447127, "stdPeakCenter": 6.371051144938684, "stdPeakWidth": 5.620077802983751}, "datetime": {"datetime": "2022-09-22 17:51:24", "elapsed": 6959.400744, "delta": 34.548556}}
{"target": -0.0005296821720505439, "params": {"ampDecay": 0.12666827399970176, "extraPeakProb": 0.7834667640453981, "meanPeakCenter": -1.260107974606129, "meanPeakWidth": 2.064656573151956, "noise": 0.21738070204332632, "stdPeakCenter": 6.242147041698314, "stdPeakWidth": 5.62733744052006}, "datetime": {"datetime": "2022-09-22 17:51:57", "elapsed": 6992.251388, "delta": 32.850644}}
{"target": -0.0005526617954053998, "params": {"ampDecay": 0.1332530941322552, "extraPeakProb": 0.7983508533165289, "meanPeakCenter": -1.2305037928443265, "meanPeakWidth": 2.141836267019822, "noise": 0.24739937851927074, "stdPeakCenter": 6.432941212027547, "stdPeakWidth": 5.502852742955137}, "datetime": {"datetime": "2022-09-22 17:52:35", "elapsed": 7029.528066, "delta": 37.276678}}
{"target": -0.0005831320363276658, "params": {"ampDecay": 0.12295035105181261, "extraPeakProb": 0.810825734617899, "meanPeakCenter": -1.3274221230302266, "meanPeakWidth": 2.240749984549362, "noise": 0.26078321004248106, "stdPeakCenter": 6.485440863894807, "stdPeakWidth": 6.044110705716042}, "datetime": {"datetime": "2022-09-22 17:53:08", "elapsed": 7062.662117, "delta": 33.134051}}
{"target": -0.0007677431156740216, "params": {"ampDecay": 0.14167314185082164, "extraPeakProb": 0.7735106332556576, "meanPeakCenter": -1.371029186861773, "meanPeakWidth": 2.219589185006153, "noise": 0.24520046387184502, "stdPeakCenter": 6.6941721884418035, "stdPeakWidth": 6.0259964498339444}, "datetime": {"datetime": "2022-09-22 17:53:44", "elapsed": 7099.360593, "delta": 36.698476}}
{"target": -0.0005567204204431139, "params": {"ampDecay": 0.1442301278532474, "extraPeakProb": 0.8163090919574546, "meanPeakCenter": -1.1838131841497173, "meanPeakWidth": 2.3337632023083854, "noise": 0.29557669233895206, "stdPeakCenter": 6.253245454370027, "stdPeakWidth": 5.643702121151395}, "datetime": {"datetime": "2022-09-22 17:54:21", "elapsed": 7135.712791, "delta": 36.352198}}
{"target": -0.0005261990548000162, "params": {"ampDecay": 0.17893886213836704, "extraPeakProb": 0.7809634212365705, "meanPeakCenter": -1.0197076489486605, "meanPeakWidth": 2.0887948916223067, "noise": 0.2698781339062289, "stdPeakCenter": 6.750082742284517, "stdPeakWidth": 5.947045880027962}, "datetime": {"datetime": "2022-09-22 17:54:56", "elapsed": 7170.793471, "delta": 35.08068}}
{"target": -0.0004936767427359661, "params": {"ampDecay": 0.1514351926670138, "extraPeakProb": 0.8111465240789185, "meanPeakCenter": -1.059792751065833, "meanPeakWidth": 2.142517066900934, "noise": 0.22908287740637526, "stdPeakCenter": 6.213926662671908, "stdPeakWidth": 6.190021356185057}, "datetime": {"datetime": "2022-09-22 17:55:31", "elapsed": 7205.881863, "delta": 35.088392}}
{"target": -0.000530374868622079, "params": {"ampDecay": 0.13440429797674527, "extraPeakProb": 0.8332425712171654, "meanPeakCenter": -1.2126039561790698, "meanPeakWidth": 2.179158753847305, "noise": 0.25271201671055193, "stdPeakCenter": 6.140266455404555, "stdPeakWidth": 5.892347167569808}, "datetime": {"datetime": "2022-09-22 17:56:07", "elapsed": 7241.729778, "delta": 35.847915}}
