{"target": -0.0009239411920235933, "params": {"ampDecay": 0.719921293283103, "extraPeakProb": 0.18547294949680826, "meanPeakCenter": -15.0, "meanPeakWidth": 4.678416137243163, "noise": 0.0, "stdPeakCenter": 6.913442169821979, "stdPeakWidth": 1.8343042691730782}, "datetime": {"datetime": "2022-09-22 22:20:34", "elapsed": 19100.748375, "delta": 47.058842}}
{"target": -0.000765770919863395, "params": {"ampDecay": 0.2900900534658385, "extraPeakProb": 0.45898498107178465, "meanPeakCenter": -15.0, "meanPeakWidth": 4.692907836823059, "noise": 0.0, "stdPeakCenter": 7.7227004509239645, "stdPeakWidth": 1.835365949439085}, "datetime": {"datetime": "2022-09-22 22:21:15", "elapsed": 19141.508774, "delta": 40.760399}}
{"target": -0.0006549014678356818, "params": {"ampDecay": 0.40991703887929176, "extraPeakProb": 0.5818719167449478, "meanPeakCenter": -15.0, "meanPeakWidth": 5.596301820737347, "noise": 0.0, "stdPeakCenter": 6.072998495143892, "stdPeakWidth": 1.909179738377249}, "datetime": {"datetime": "2022-09-22 22:21:50", "elapsed": 19175.920397, "delta": 34.411623}}
{"target": -0.0007782578360900899, "params": {"ampDecay": 0.6386186495562477, "extraPeakProb": 0.5301011172261078, "meanPeakCenter": -15.0, "meanPeakWidth": 4.381278039557871, "noise": 0.0, "stdPeakCenter": 7.1160410472724624, "stdPeakWidth": 1.5826970571200794}, "datetime": {"datetime": "2022-09-22 22:22:27", "elapsed": 19213.116599, "delta": 37.196202}}
{"target": -0.0009053719835969727, "params": {"ampDecay": 0.15446720790486498, "extraPeakProb": 0.4821326359029783, "meanPeakCenter": -15.0, "meanPeakWidth": 4.962304036066132, "noise": 0.0, "stdPeakCenter": 5.997503992650129, "stdPeakWidth": 4.148130739735539}, "datetime": {"datetime": "2022-09-22 22:23:04", "elapsed": 19249.867236, "delta": 36.750637}}
{"target": -0.0007016844704866133, "params": {"ampDecay": 0.4684141028426039, "extraPeakProb": 0.5005272675256148, "meanPeakCenter": -15.0, "meanPeakWidth": 4.40471179841261, "noise": 0.0, "stdPeakCenter": 7.449881161686228, "stdPeakWidth": 1.604758644764512}, "datetime": {"datetime": "2022-09-22 22:23:40", "elapsed": 19286.12187, "delta": 36.254634}}
{"target": -0.0007429903616970619, "params": {"ampDecay": 0.356931166198059, "extraPeakProb": 0.19727148558920515, "meanPeakCenter": -15.0, "meanPeakWidth": 4.570998867986017, "noise": 0.0, "stdPeakCenter": 7.1962673787545235, "stdPeakWidth": 1.748263621552621}, "datetime": {"datetime": "2022-09-22 22:24:15", "elapsed": 19321.178533, "delta": 35.056663}}
{"target": -0.0006282877720391345, "params": {"ampDecay": 0.5556754568644833, "extraPeakProb": 0.49519782273183144, "meanPeakCenter": -15.0, "meanPeakWidth": 4.535060603840682, "noise": 0.0, "stdPeakCenter": 7.777340874291051, "stdPeakWidth": 1.7240622357534274}, "datetime": {"datetime": "2022-09-22 22:24:54", "elapsed": 19360.661425, "delta": 39.482892}}
{"target": -0.0006352013592934089, "params": {"ampDecay": 0.8521244736236592, "extraPeakProb": 0.3986158859346237, "meanPeakCenter": -15.0, "meanPeakWidth": 4.465890652777916, "noise": 0.0, "stdPeakCenter": 7.466261417457587, "stdPeakWidth": 1.2917610244681865}, "datetime": {"datetime": "2022-09-22 22:25:20", "elapsed": 19386.248502, "delta": 25.587077}}
{"target": -0.0007081537499352796, "params": {"ampDecay": 0.5101225323395313, "extraPeakProb": 0.3887072417821097, "meanPeakCenter": -15.0, "meanPeakWidth": 4.6803077306582965, "noise": 0.0, "stdPeakCenter": 7.312098727502914, "stdPeakWidth": 2.201229238863118}, "datetime": {"datetime": "2022-09-22 22:25:55", "elapsed": 19421.519635, "delta": 35.271133}}
{"target": -0.0006131710256768982, "params": {"ampDecay": 0.4435774270719669, "extraPeakProb": 0.8915592087831398, "meanPeakCenter": -15.0, "meanPeakWidth": 4.132514388361887, "noise": 0.0, "stdPeakCenter": 7.386955615864473, "stdPeakWidth": 1.5831930693140124}, "datetime": {"datetime": "2022-09-22 22:26:27", "elapsed": 19453.113656, "delta": 31.594021}}
{"target": -0.0005895334515517327, "params": {"ampDecay": 0.6578871007229539, "extraPeakProb": 0.8525849469323407, "meanPeakCenter": -15.0, "meanPeakWidth": 4.7957152773301015, "noise": 0.0, "stdPeakCenter": 6.682725967569021, "stdPeakWidth": 1.7131840519985801}, "datetime": {"datetime": "2022-09-22 22:27:00", "elapsed": 19486.086668, "delta": 32.973012}}
{"target": -0.0006092702233338202, "params": {"ampDecay": 0.4741149194566818, "extraPeakProb": 0.8535590431703446, "meanPeakCenter": -15.0, "meanPeakWidth": 4.230629640697053, "noise": 0.0, "stdPeakCenter": 7.452064819482485, "stdPeakWidth": 1.6284512721247584}, "datetime": {"datetime": "2022-09-22 22:27:32", "elapsed": 19518.312437, "delta": 32.225769}}
{"target": -0.0006602068045044796, "params": {"ampDecay": 0.6514355383875298, "extraPeakProb": 0.8043322034191084, "meanPeakCenter": -15.0, "meanPeakWidth": 5.148235524637469, "noise": 0.0, "stdPeakCenter": 6.521035799488057, "stdPeakWidth": 2.2693988131292437}, "datetime": {"datetime": "2022-09-22 22:28:06", "elapsed": 19551.862011, "delta": 33.549574}}
{"target": -0.0006134821361444741, "params": {"ampDecay": 0.4329145715087792, "extraPeakProb": 0.4249211963655237, "meanPeakCenter": -15.0, "meanPeakWidth": 4.840158776985081, "noise": 0.0, "stdPeakCenter": 7.535603200046404, "stdPeakWidth": 1.671578600175228}, "datetime": {"datetime": "2022-09-22 22:28:33", "elapsed": 19579.817847, "delta": 27.955836}}
{"target": -0.000616974354231268, "params": {"ampDecay": 0.3683118266716886, "extraPeakProb": 0.36170659291036145, "meanPeakCenter": -15.0, "meanPeakWidth": 4.051331224729911, "noise": 0.0, "stdPeakCenter": 7.34313425840549, "stdPeakWidth": 1.176565493852647}, "datetime": {"datetime": "2022-09-22 22:29:09", "elapsed": 19615.758738, "delta": 35.940891}}
{"target": -0.0006456485269730726, "params": {"ampDecay": 0.5466285299760464, "extraPeakProb": 0.6817420471280118, "meanPeakCenter": -15.0, "meanPeakWidth": 4.94016026338821, "noise": 0.0, "stdPeakCenter": 7.52986386014022, "stdPeakWidth": 1.6461001308869179}, "datetime": {"datetime": "2022-09-22 22:29:43", "elapsed": 19649.365117, "delta": 33.606379}}
{"target": -0.0006060528771424642, "params": {"ampDecay": 0.18887756644077527, "extraPeakProb": 0.41050160859923646, "meanPeakCenter": -15.0, "meanPeakWidth": 4.222323799296738, "noise": 0.0, "stdPeakCenter": 7.5025632068064905, "stdPeakWidth": 1.138659757397228}, "datetime": {"datetime": "2022-09-22 22:30:15", "elapsed": 19680.979366, "delta": 31.614249}}
{"target": -0.0006162532664033177, "params": {"ampDecay": 0.22878708521757618, "extraPeakProb": 0.7996748117981041, "meanPeakCenter": -15.0, "meanPeakWidth": 4.687363757147277, "noise": 0.0, "stdPeakCenter": 7.439954325605479, "stdPeakWidth": 1.4861139198611122}, "datetime": {"datetime": "2022-09-22 22:30:52", "elapsed": 19718.818995, "delta": 37.839629}}
{"target": -0.0005945609247350131, "params": {"ampDecay": 0.40410238673747023, "extraPeakProb": 0.3355700579961355, "meanPeakCenter": -15.0, "meanPeakWidth": 5.216922790452853, "noise": 0.0, "stdPeakCenter": 6.204178096235275, "stdPeakWidth": 1.839185050081709}, "datetime": {"datetime": "2022-09-22 22:31:23", "elapsed": 19749.144491, "delta": 30.325496}}
{"target": -0.0006088279752361576, "params": {"ampDecay": 0.63933800729729, "extraPeakProb": 0.8327575384952203, "meanPeakCenter": -15.0, "meanPeakWidth": 5.127478462192137, "noise": 0.0, "stdPeakCenter": 6.371755731567652, "stdPeakWidth": 1.5806119520985673}, "datetime": {"datetime": "2022-09-22 22:32:02", "elapsed": 19788.607401, "delta": 39.46291}}
{"target": -0.0006477833209689559, "params": {"ampDecay": 0.5466927315428581, "extraPeakProb": 0.6891010123639564, "meanPeakCenter": -15.0, "meanPeakWidth": 5.227423867883446, "noise": 0.0, "stdPeakCenter": 6.116304445128671, "stdPeakWidth": 2.1999447777024557}, "datetime": {"datetime": "2022-09-22 22:32:38", "elapsed": 19824.233063, "delta": 35.625662}}
{"target": -0.0009039240017192639, "params": {"ampDecay": 0.7744779676404167, "extraPeakProb": 0.2928288264517538, "meanPeakCenter": -15.0, "meanPeakWidth": 4.094373608201546, "noise": 0.0, "stdPeakCenter": 7.218082069256322, "stdPeakWidth": 1.5000919032320303}, "datetime": {"datetime": "2022-09-22 22:33:13", "elapsed": 19859.355487, "delta": 35.122424}}
{"target": -0.0007288143092214746, "params": {"ampDecay": 0.2927177474142638, "extraPeakProb": 0.29797340733026045, "meanPeakCenter": -15.0, "meanPeakWidth": 4.883385899459414, "noise": 0.0, "stdPeakCenter": 6.952682041845387, "stdPeakWidth": 1.7825095760701144}, "datetime": {"datetime": "2022-09-22 22:33:55", "elapsed": 19901.105154, "delta": 41.749667}}
{"target": -0.0006406270754865623, "params": {"ampDecay": 0.46688852386229973, "extraPeakProb": 0.4943574475514504, "meanPeakCenter": -15.0, "meanPeakWidth": 5.47484417788064, "noise": 0.0, "stdPeakCenter": 6.267619214621667, "stdPeakWidth": 1.6616483843029373}, "datetime": {"datetime": "2022-09-22 22:34:26", "elapsed": 19932.563819, "delta": 31.458665}}
{"target": -0.0009313964346194667, "params": {"ampDecay": 0.32102054850052114, "extraPeakProb": 0.5082912620700183, "meanPeakCenter": -15.0, "meanPeakWidth": 3.9772771538853813, "noise": 0.0, "stdPeakCenter": 7.645779281324665, "stdPeakWidth": 1.7127562823272373}, "datetime": {"datetime": "2022-09-22 22:35:02", "elapsed": 19968.112232, "delta": 35.548413}}
{"target": -0.000874577589542748, "params": {"ampDecay": 0.121559094219612, "extraPeakProb": 0.4366019253859029, "meanPeakCenter": -15.0, "meanPeakWidth": 4.958987477275974, "noise": 0.0, "stdPeakCenter": 6.573510902586638, "stdPeakWidth": 2.0737263994604294}, "datetime": {"datetime": "2022-09-22 22:35:37", "elapsed": 20003.063072, "delta": 34.95084}}
{"target": -0.001054761103927018, "params": {"ampDecay": 0.6433312722641477, "extraPeakProb": 0.5581545473893165, "meanPeakCenter": -15.0, "meanPeakWidth": 4.235824709620878, "noise": 0.0, "stdPeakCenter": 6.783889764853466, "stdPeakWidth": 1.4977453966703458}, "datetime": {"datetime": "2022-09-22 22:36:15", "elapsed": 20041.49858, "delta": 38.435508}}
{"target": -0.0006669417612099175, "params": {"ampDecay": 0.2841463233551328, "extraPeakProb": 0.7722367237478238, "meanPeakCenter": -15.0, "meanPeakWidth": 5.389782531765129, "noise": 0.0, "stdPeakCenter": 6.488865632779039, "stdPeakWidth": 1.8805128617205673}, "datetime": {"datetime": "2022-09-22 22:36:55", "elapsed": 20081.254833, "delta": 39.756253}}
{"target": -0.000781421182800177, "params": {"ampDecay": 0.7517691436119794, "extraPeakProb": 0.5940644292613008, "meanPeakCenter": -15.0, "meanPeakWidth": 4.375858313602928, "noise": 0.0, "stdPeakCenter": 7.774189501937665, "stdPeakWidth": 1.7927785335566897}, "datetime": {"datetime": "2022-09-22 22:37:35", "elapsed": 20121.063907, "delta": 39.809074}}
{"target": -0.001011688773618177, "params": {"ampDecay": 0.5303578875050182, "extraPeakProb": 0.8341238834046224, "meanPeakCenter": -15.0, "meanPeakWidth": 4.146756161965609, "noise": 0.0, "stdPeakCenter": 7.102939822433357, "stdPeakWidth": 1.8928779603964618}, "datetime": {"datetime": "2022-09-22 22:38:12", "elapsed": 20157.853744, "delta": 36.789837}}
{"target": -0.0007776772667547634, "params": {"ampDecay": 0.5466122697249411, "extraPeakProb": 0.5705292203502232, "meanPeakCenter": -15.0, "meanPeakWidth": 4.861918707295643, "noise": 0.0, "stdPeakCenter": 7.405592950602829, "stdPeakWidth": 1.9625411300910782}, "datetime": {"datetime": "2022-09-22 22:38:46", "elapsed": 20192.617495, "delta": 34.763751}}
{"target": -0.0007389621561255136, "params": {"ampDecay": 0.36511243743615207, "extraPeakProb": 0.7385174060871658, "meanPeakCenter": -15.0, "meanPeakWidth": 3.999209621964569, "noise": 0.0, "stdPeakCenter": 7.579428146649496, "stdPeakWidth": 1.5065386181256712}, "datetime": {"datetime": "2022-09-22 22:39:23", "elapsed": 20229.384732, "delta": 36.767237}}
{"target": -0.0005914947982019924, "params": {"ampDecay": 0.5030557338450911, "extraPeakProb": 0.854486506474624, "meanPeakCenter": -15.0, "meanPeakWidth": 4.750380947477452, "noise": 0.0, "stdPeakCenter": 6.549875931727621, "stdPeakWidth": 1.8838857747420545}, "datetime": {"datetime": "2022-09-22 22:40:03", "elapsed": 20269.434443, "delta": 40.049711}}
{"target": -0.000647721303431466, "params": {"ampDecay": 0.5031630537897006, "extraPeakProb": 0.6886491499322588, "meanPeakCenter": -15.0, "meanPeakWidth": 4.470357103562489, "noise": 0.0, "stdPeakCenter": 6.973695360634421, "stdPeakWidth": 1.9868675863381047}, "datetime": {"datetime": "2022-09-22 22:40:34", "elapsed": 20300.185412, "delta": 30.750969}}
{"target": -0.0010114135152442315, "params": {"ampDecay": 0.6494635598507912, "extraPeakProb": 0.610858567082068, "meanPeakCenter": -15.0, "meanPeakWidth": 4.985766658089506, "noise": 0.0, "stdPeakCenter": 7.540680127237071, "stdPeakWidth": 2.0195721592157523}, "datetime": {"datetime": "2022-09-22 22:41:07", "elapsed": 20333.224739, "delta": 33.039327}}
{"target": -0.0009805779320920997, "params": {"ampDecay": 0.5036303479073347, "extraPeakProb": 0.3307369918177069, "meanPeakCenter": -15.0, "meanPeakWidth": 4.552647491534158, "noise": 0.0, "stdPeakCenter": 7.57666935765977, "stdPeakWidth": 1.7601326639135495}, "datetime": {"datetime": "2022-09-22 22:41:45", "elapsed": 20371.161004, "delta": 37.936265}}
{"target": -0.0006624797594867978, "params": {"ampDecay": 0.5979363645098837, "extraPeakProb": 0.1418831935639145, "meanPeakCenter": -15.0, "meanPeakWidth": 4.976829133395459, "noise": 0.0, "stdPeakCenter": 7.784516329510089, "stdPeakWidth": 2.127246895366763}, "datetime": {"datetime": "2022-09-22 22:42:16", "elapsed": 20402.248116, "delta": 31.087112}}
{"target": -0.0010683566631824034, "params": {"ampDecay": 0.20064278097354127, "extraPeakProb": 0.38102914771315133, "meanPeakCenter": -15.0, "meanPeakWidth": 4.60047219722682, "noise": 0.0, "stdPeakCenter": 6.494485852641452, "stdPeakWidth": 3.2448383121665483}, "datetime": {"datetime": "2022-09-22 22:43:00", "elapsed": 20446.337714, "delta": 44.089598}}
{"target": -0.0008084216653866834, "params": {"ampDecay": 0.6488074310949521, "extraPeakProb": 0.4780758504995243, "meanPeakCenter": -15.0, "meanPeakWidth": 4.822621675392565, "noise": 0.0, "stdPeakCenter": 7.123495717122202, "stdPeakWidth": 2.36507356579109}, "datetime": {"datetime": "2022-09-22 22:43:45", "elapsed": 20490.946708, "delta": 44.608994}}
{"target": -0.0005937217163575304, "params": {"ampDecay": 0.23870410919055107, "extraPeakProb": 0.28243672308973644, "meanPeakCenter": -15.0, "meanPeakWidth": 4.80507628880399, "noise": 0.0, "stdPeakCenter": 8.694413232391708, "stdPeakWidth": 1.001792083770332}, "datetime": {"datetime": "2022-09-22 22:44:15", "elapsed": 20521.596621, "delta": 30.649913}}
{"target": -0.0006755497240147473, "params": {"ampDecay": 0.6765758793410594, "extraPeakProb": 0.23073581069697166, "meanPeakCenter": -15.0, "meanPeakWidth": 5.12714014152202, "noise": 0.0, "stdPeakCenter": 6.44894259074545, "stdPeakWidth": 1.8513557914252454}, "datetime": {"datetime": "2022-09-22 22:44:48", "elapsed": 20554.294784, "delta": 32.698163}}
{"target": -0.0006281327078887414, "params": {"ampDecay": 0.3822911945874091, "extraPeakProb": 0.894212516324865, "meanPeakCenter": -15.0, "meanPeakWidth": 4.561877065242309, "noise": 0.0, "stdPeakCenter": 6.845091026693843, "stdPeakWidth": 1.7057267024476848}, "datetime": {"datetime": "2022-09-22 22:45:19", "elapsed": 20585.734457, "delta": 31.439673}}
{"target": -0.0006217953863924821, "params": {"ampDecay": 0.7942844341571839, "extraPeakProb": 0.490410497679708, "meanPeakCenter": -15.0, "meanPeakWidth": 4.430321971917141, "noise": 0.0, "stdPeakCenter": 7.316748180401622, "stdPeakWidth": 1.6446172285153522}, "datetime": {"datetime": "2022-09-22 22:45:55", "elapsed": 20620.830349, "delta": 35.095892}}
{"target": -0.0006720114964010302, "params": {"ampDecay": 0.6168001923372831, "extraPeakProb": 0.8290514654341842, "meanPeakCenter": -15.0, "meanPeakWidth": 4.186622296420165, "noise": 0.0, "stdPeakCenter": 7.5395281622195665, "stdPeakWidth": 1.4506022337028768}, "datetime": {"datetime": "2022-09-22 22:46:25", "elapsed": 20651.182274, "delta": 30.351925}}
{"target": -0.0007111370694610886, "params": {"ampDecay": 0.2703627649206205, "extraPeakProb": 0.22151953154392665, "meanPeakCenter": -15.0, "meanPeakWidth": 5.467096112366639, "noise": 0.0, "stdPeakCenter": 6.893257218050256, "stdPeakWidth": 1.9342747270293552}, "datetime": {"datetime": "2022-09-22 22:47:00", "elapsed": 20686.441379, "delta": 35.259105}}
{"target": -0.0008970858050108532, "params": {"ampDecay": 0.33635310778776994, "extraPeakProb": 0.5766919003770394, "meanPeakCenter": -15.0, "meanPeakWidth": 4.3828285960471005, "noise": 0.0, "stdPeakCenter": 7.3921617225094005, "stdPeakWidth": 1.554452414348535}, "datetime": {"datetime": "2022-09-22 22:47:36", "elapsed": 20722.125064, "delta": 35.683685}}
{"target": -0.000687083002800903, "params": {"ampDecay": 0.13707567693418615, "extraPeakProb": 0.5657534871681164, "meanPeakCenter": -15.0, "meanPeakWidth": 4.433300693811781, "noise": 0.0, "stdPeakCenter": 7.509248000980539, "stdPeakWidth": 1.6006156078248996}, "datetime": {"datetime": "2022-09-22 22:48:18", "elapsed": 20764.117245, "delta": 41.992181}}
{"target": -0.0006027972683824097, "params": {"ampDecay": 0.541946918655655, "extraPeakProb": 0.7188210222694453, "meanPeakCenter": -15.0, "meanPeakWidth": 4.421705187178655, "noise": 0.0, "stdPeakCenter": 6.967549789061897, "stdPeakWidth": 1.2667283829944664}, "datetime": {"datetime": "2022-09-22 22:48:51", "elapsed": 20796.965431, "delta": 32.848186}}
{"target": -0.0006368429758977359, "params": {"ampDecay": 0.6818282961779484, "extraPeakProb": 0.791673645965743, "meanPeakCenter": -15.0, "meanPeakWidth": 4.806114610568524, "noise": 0.0, "stdPeakCenter": 6.6188319675035565, "stdPeakWidth": 1.8263794651759873}, "datetime": {"datetime": "2022-09-22 22:49:22", "elapsed": 20828.343373, "delta": 31.377942}}
{"target": -0.0008484866463840129, "params": {"ampDecay": 0.28795021001987264, "extraPeakProb": 0.3756177334715123, "meanPeakCenter": -15.0, "meanPeakWidth": 4.623423775389819, "noise": 0.0, "stdPeakCenter": 7.663571254485274, "stdPeakWidth": 1.7583029768615854}, "datetime": {"datetime": "2022-09-22 22:49:54", "elapsed": 20860.703869, "delta": 32.360496}}
{"target": -0.0006780418371909072, "params": {"ampDecay": 0.11661595555831755, "extraPeakProb": 0.7444687499243343, "meanPeakCenter": -15.0, "meanPeakWidth": 5.09943896962958, "noise": 0.0, "stdPeakCenter": 6.322864867111173, "stdPeakWidth": 2.8817341662963063}, "datetime": {"datetime": "2022-09-22 22:50:32", "elapsed": 20898.807309, "delta": 38.10344}}
{"target": -0.0006316566552782146, "params": {"ampDecay": 0.5947033233211916, "extraPeakProb": 0.44390440608544046, "meanPeakCenter": -15.0, "meanPeakWidth": 5.297107007086428, "noise": 0.0, "stdPeakCenter": 7.315490237961365, "stdPeakWidth": 2.1373741768515635}, "datetime": {"datetime": "2022-09-22 22:51:12", "elapsed": 20937.904862, "delta": 39.097553}}
{"target": -0.0005875425855068117, "params": {"ampDecay": 0.10210109226511746, "extraPeakProb": 0.24649541323184831, "meanPeakCenter": -15.0, "meanPeakWidth": 5.0687858539718285, "noise": 0.0, "stdPeakCenter": 7.716846406752489, "stdPeakWidth": 1.3110435265319609}, "datetime": {"datetime": "2022-09-22 22:51:42", "elapsed": 20968.530777, "delta": 30.625915}}
{"target": -0.0005972002014940726, "params": {"ampDecay": 0.11778618790720669, "extraPeakProb": 0.8407255228993994, "meanPeakCenter": -15.0, "meanPeakWidth": 4.53066698335726, "noise": 0.0, "stdPeakCenter": 7.991040461568564, "stdPeakWidth": 1.3307927879779113}, "datetime": {"datetime": "2022-09-22 22:52:22", "elapsed": 21007.853842, "delta": 39.323065}}
{"target": -0.0006530677725181566, "params": {"ampDecay": 0.49309698654366974, "extraPeakProb": 0.7728440470365414, "meanPeakCenter": -15.0, "meanPeakWidth": 4.323090300195226, "noise": 0.0, "stdPeakCenter": 7.6722676161481465, "stdPeakWidth": 1.5573790269091403}, "datetime": {"datetime": "2022-09-22 22:52:59", "elapsed": 21044.897274, "delta": 37.043432}}
{"target": -0.0009457443723746864, "params": {"ampDecay": 0.5257513769781331, "extraPeakProb": 0.37349273570376096, "meanPeakCenter": -15.0, "meanPeakWidth": 4.445976040478809, "noise": 0.0, "stdPeakCenter": 7.24080676354741, "stdPeakWidth": 1.9218888783222803}, "datetime": {"datetime": "2022-09-22 22:53:33", "elapsed": 21079.795435, "delta": 34.898161}}
{"target": -0.0009764033175378145, "params": {"ampDecay": 0.4921301531436638, "extraPeakProb": 0.635097331422507, "meanPeakCenter": -15.0, "meanPeakWidth": 4.219193835869194, "noise": 0.0, "stdPeakCenter": 7.498316214332295, "stdPeakWidth": 1.9555811171183946}, "datetime": {"datetime": "2022-09-22 22:54:15", "elapsed": 21121.739845, "delta": 41.94441}}
{"target": -0.0008621190680585221, "params": {"ampDecay": 0.4643572793864349, "extraPeakProb": 0.37266653642296943, "meanPeakCenter": -15.0, "meanPeakWidth": 5.132764881448945, "noise": 0.0, "stdPeakCenter": 6.66000562145729, "stdPeakWidth": 3.0176789333372285}, "datetime": {"datetime": "2022-09-22 22:54:57", "elapsed": 21163.60879, "delta": 41.868945}}
{"target": -0.0006886780365039508, "params": {"ampDecay": 0.6639588350597769, "extraPeakProb": 0.7032460621382891, "meanPeakCenter": -15.0, "meanPeakWidth": 5.727307096816748, "noise": 0.0, "stdPeakCenter": 6.4241661444892175, "stdPeakWidth": 2.587376057002695}, "datetime": {"datetime": "2022-09-22 22:55:33", "elapsed": 21199.573768, "delta": 35.964978}}
{"target": -0.0007218287064145157, "params": {"ampDecay": 0.6871516350272227, "extraPeakProb": 0.46106162046670285, "meanPeakCenter": -15.0, "meanPeakWidth": 4.827619020684778, "noise": 0.0, "stdPeakCenter": 6.708948752923282, "stdPeakWidth": 2.6696533468271717}, "datetime": {"datetime": "2022-09-22 22:56:08", "elapsed": 21234.240424, "delta": 34.666656}}
