{"target": -0.0010372260080345852, "params": {"ampDecay": 0.14737622496334735, "extraPeakProb": 0.82335526168341, "meanPeakCenter": -1.241188984805802, "meanPeakWidth": 2.3074327544437665, "noise": 0.20514208175358734, "stdPeakCenter": 6.718706482949824, "stdPeakWidth": 5.4841147781285455}, "datetime": {"datetime": "2022-09-22 16:29:03", "elapsed": 2018.108359, "delta": 36.344105}}
{"target": -0.0005414161251735655, "params": {"ampDecay": 0.17581450227387713, "extraPeakProb": 0.8000904571207448, "meanPeakCenter": -1.12048413984605, "meanPeakWidth": 2.16299847184239, "noise": 0.25556275311042487, "stdPeakCenter": 6.213374225760199, "stdPeakWidth": 5.794094773052707}, "datetime": {"datetime": "2022-09-22 16:29:36", "elapsed": 2050.691923, "delta": 32.583564}}
{"target": -0.0005533545830510333, "params": {"ampDecay": 0.1284344180145099, "extraPeakProb": 0.7802341443259342, "meanPeakCenter": -1.164913728489178, "meanPeakWidth": 2.314164610460831, "noise": 0.2843867330806658, "stdPeakCenter": 6.48697327118324, "stdPeakWidth": 5.949768903923005}, "datetime": {"datetime": "2022-09-22 16:30:09", "elapsed": 2084.292607, "delta": 33.600684}}
{"target": -0.0005020224577798186, "params": {"ampDecay": 0.14916114543621026, "extraPeakProb": 0.8215348541677836, "meanPeakCenter": -1.0881193484737381, "meanPeakWidth": 2.1637864249060765, "noise": 0.2938029874705926, "stdPeakCenter": 6.481184705959681, "stdPeakWidth": 6.077789109582185}, "datetime": {"datetime": "2022-09-22 16:30:52", "elapsed": 2126.450963, "delta": 42.158356}}
{"target": -0.0005588989940160887, "params": {"ampDecay": 0.12239905370940987, "extraPeakProb": 0.8061707858765816, "meanPeakCenter": -1.135496159344759, "meanPeakWidth": 2.051948877434851, "noise": 0.27470816821918026, "stdPeakCenter": 6.5655944196645, "stdPeakWidth": 5.433851824711369}, "datetime": {"datetime": "2022-09-22 16:31:24", "elapsed": 2159.011516, "delta": 32.560553}}
{"target": -0.0005319948081633914, "params": {"ampDecay": 0.15360085067386875, "extraPeakProb": 0.7756292759782794, "meanPeakCenter": -1.1206379256523582, "meanPeakWidth": 2.101313854435164, "noise": 0.22804973858499264, "stdPeakCenter": 6.556623912300239, "stdPeakWidth": 5.799819828182347}, "datetime": {"datetime": "2022-09-22 16:32:04", "elapsed": 2199.295633, "delta": 40.284117}}
{"target": -0.0005012672147531103, "params": {"ampDecay": 0.1409971995356777, "extraPeakProb": 0.7896793541161242, "meanPeakCenter": -1.2519897259749209, "meanPeakWidth": 2.318175801110413, "noise": 0.2532127439946573, "stdPeakCenter": 6.597728682456291, "stdPeakWidth": 5.626038784006264}, "datetime": {"datetime": "2022-09-22 16:32:44", "elapsed": 2239.081659, "delta": 39.786026}}
{"target": -0.0005855401329906374, "params": {"ampDecay": 0.16534516678855998, "extraPeakProb": 0.8197626012138245, "meanPeakCenter": -1.2559543477693274, "meanPeakWidth": 2.36707513646843, "noise": 0.20489144325544456, "stdPeakCenter": 6.229409374706038, "stdPeakWidth": 5.571362478616028}, "datetime": {"datetime": "2022-09-22 16:33:25", "elapsed": 2280.190998, "delta": 41.109339}}
{"target": -0.0005718181180924988, "params": {"ampDecay": 0.12192277104904778, "extraPeakProb": 0.819712139147466, "meanPeakCenter": -1.145110808056349, "meanPeakWidth": 2.203142279349349, "noise": 0.2945168745364813, "stdPeakCenter": 6.179089320359669, "stdPeakWidth": 5.943160803105556}, "datetime": {"datetime": "2022-09-22 16:34:04", "elapsed": 2318.984896, "delta": 38.793898}}
{"target": -0.000509596829233158, "params": {"ampDecay": 0.1263721720667939, "extraPeakProb": 0.7719698407319555, "meanPeakCenter": -1.0570264549870312, "meanPeakWidth": 2.1583750936742225, "noise": 0.261975227635801, "stdPeakCenter": 6.633055756889233, "stdPeakWidth": 5.410663230550338}, "datetime": {"datetime": "2022-09-22 16:34:44", "elapsed": 2358.915456, "delta": 39.93056}}
{"target": -0.0005179901100788755, "params": {"ampDecay": 0.14352140116462608, "extraPeakProb": 0.796897752915304, "meanPeakCenter": -1.117483678585254, "meanPeakWidth": 2.0335771278115615, "noise": 0.20846779683826674, "stdPeakCenter": 6.609846283133675, "stdPeakWidth": 6.067788659146439}, "datetime": {"datetime": "2022-09-22 16:35:22", "elapsed": 2396.486822, "delta": 37.571366}}
{"target": -0.000549891154723624, "params": {"ampDecay": 0.12405472743121825, "extraPeakProb": 0.7935398389557762, "meanPeakCenter": -1.0148939089779043, "meanPeakWidth": 2.338012196986633, "noise": 0.23518956720030446, "stdPeakCenter": 6.096764605578729, "stdPeakWidth": 5.571530465742797}, "datetime": {"datetime": "2022-09-22 16:35:57", "elapsed": 2431.811508, "delta": 35.324686}}
{"target": -0.0005724951008203924, "params": {"ampDecay": 0.14590112870651042, "extraPeakProb": 0.8070348567603092, "meanPeakCenter": -1.0950033427544485, "meanPeakWidth": 2.3538089198755237, "noise": 0.2109697460720523, "stdPeakCenter": 6.343334860636051, "stdPeakWidth": 6.080784575423819}, "datetime": {"datetime": "2022-09-22 16:36:34", "elapsed": 2468.761398, "delta": 36.94989}}
{"target": -0.0005807611081746496, "params": {"ampDecay": 0.1417893391777697, "extraPeakProb": 0.7869291126522329, "meanPeakCenter": -1.1415277030616062, "meanPeakWidth": 2.103371456556036, "noise": 0.23672441004963313, "stdPeakCenter": 6.516570987324805, "stdPeakWidth": 6.179508344176651}, "datetime": {"datetime": "2022-09-22 16:37:03", "elapsed": 2498.261665, "delta": 29.500267}}
{"target": -0.000694792870657999, "params": {"ampDecay": 0.17090773648233412, "extraPeakProb": 0.7923725501995259, "meanPeakCenter": -1.0247711685935839, "meanPeakWidth": 2.2654493879902957, "noise": 0.20916684712991704, "stdPeakCenter": 6.6537137810923355, "stdPeakWidth": 5.599680177866135}, "datetime": {"datetime": "2022-09-22 16:37:40", "elapsed": 2534.49183, "delta": 36.230165}}
{"target": -0.0005396875943570897, "params": {"ampDecay": 0.14215414125896353, "extraPeakProb": 0.8198988189948285, "meanPeakCenter": -1.0429845528614003, "meanPeakWidth": 2.271785843390149, "noise": 0.2173595641748473, "stdPeakCenter": 6.76834255237208, "stdPeakWidth": 5.923110968482876}, "datetime": {"datetime": "2022-09-22 16:38:18", "elapsed": 2573.072297, "delta": 38.580467}}
{"target": -0.0004980267051635246, "params": {"ampDecay": 0.15493059285281272, "extraPeakProb": 0.8161255466528337, "meanPeakCenter": -1.1345155642803773, "meanPeakWidth": 2.0746697726270362, "noise": 0.21759923256863933, "stdPeakCenter": 6.354782858613678, "stdPeakWidth": 5.738847399350513}, "datetime": {"datetime": "2022-09-22 16:39:00", "elapsed": 2614.648808, "delta": 41.576511}}
{"target": -0.0005205362205181945, "params": {"ampDecay": 0.15465199482982897, "extraPeakProb": 0.8015767841658955, "meanPeakCenter": -1.1743811949520562, "meanPeakWidth": 2.060500039577072, "noise": 0.2669927704259663, "stdPeakCenter": 6.376855489215242, "stdPeakWidth": 5.856756331157459}, "datetime": {"datetime": "2022-09-22 16:39:56", "elapsed": 2670.719667, "delta": 56.070859}}
{"target": -0.0005548086549852735, "params": {"ampDecay": 0.17453637129648408, "extraPeakProb": 0.8371972332934301, "meanPeakCenter": -1.1535608001221949, "meanPeakWidth": 2.1045108212631285, "noise": 0.2764186063137021, "stdPeakCenter": 6.51001717286564, "stdPeakWidth": 5.494198848972248}, "datetime": {"datetime": "2022-09-22 16:40:34", "elapsed": 2709.024799, "delta": 38.305132}}
{"target": -0.0005215238016743005, "params": {"ampDecay": 0.17195870080979883, "extraPeakProb": 0.7904504311674923, "meanPeakCenter": -1.395332744931733, "meanPeakWidth": 2.19469727368373, "noise": 0.23901728857525906, "stdPeakCenter": 6.771483122394074, "stdPeakWidth": 5.739906525770886}, "datetime": {"datetime": "2022-09-22 16:41:08", "elapsed": 2742.453953, "delta": 33.429154}}
{"target": -0.0005679439074532604, "params": {"ampDecay": 0.17362984856487118, "extraPeakProb": 0.7954751223964136, "meanPeakCenter": -1.1410369859087284, "meanPeakWidth": 2.042793064322699, "noise": 0.26965031327233596, "stdPeakCenter": 6.06902664392992, "stdPeakWidth": 5.951887359840841}, "datetime": {"datetime": "2022-09-22 16:41:42", "elapsed": 2776.615401, "delta": 34.161448}}
{"target": -0.000603487855647807, "params": {"ampDecay": 0.1416323185435452, "extraPeakProb": 0.7852717126144152, "meanPeakCenter": -1.185372779881647, "meanPeakWidth": 2.3215824189975405, "noise": 0.21395128907479033, "stdPeakCenter": 6.779327638484082, "stdPeakWidth": 5.566881108518297}, "datetime": {"datetime": "2022-09-22 16:42:16", "elapsed": 2811.13793, "delta": 34.522529}}
{"target": -0.0005373902698808545, "params": {"ampDecay": 0.1248708281597204, "extraPeakProb": 0.828286550043993, "meanPeakCenter": -1.0676744006829912, "meanPeakWidth": 2.18260014182281, "noise": 0.2746755883215889, "stdPeakCenter": 6.541597997897692, "stdPeakWidth": 6.187448572431946}, "datetime": {"datetime": "2022-09-22 16:42:52", "elapsed": 2846.909998, "delta": 35.772068}}
{"target": -0.0005359539042146706, "params": {"ampDecay": 0.16958733966418896, "extraPeakProb": 0.8156678856424584, "meanPeakCenter": -1.0705530149917792, "meanPeakWidth": 2.3906472550769573, "noise": 0.28984662376292997, "stdPeakCenter": 6.0965526336413305, "stdPeakWidth": 5.533142122991783}, "datetime": {"datetime": "2022-09-22 16:43:30", "elapsed": 2884.452204, "delta": 37.542206}}
{"target": -0.0005436093356540984, "params": {"ampDecay": 0.1375134608202621, "extraPeakProb": 0.7622166077004113, "meanPeakCenter": -1.3960082028030707, "meanPeakWidth": 2.0165402789096754, "noise": 0.23566586122850508, "stdPeakCenter": 6.411815255699509, "stdPeakWidth": 6.108360135791962}, "datetime": {"datetime": "2022-09-22 16:44:03", "elapsed": 2918.059373, "delta": 33.607169}}
{"target": -0.00048088290901951306, "params": {"ampDecay": 0.13973761608249444, "extraPeakProb": 0.8286253376294851, "meanPeakCenter": -1.0408639945997804, "meanPeakWidth": 2.0017597873192785, "noise": 0.2813235292796543, "stdPeakCenter": 6.6505659626853575, "stdPeakWidth": 5.87225323644853}, "datetime": {"datetime": "2022-09-22 16:44:38", "elapsed": 2953.09145, "delta": 35.032077}}
{"target": -0.0005484900304701363, "params": {"ampDecay": 0.13272181981632125, "extraPeakProb": 0.7842947271388773, "meanPeakCenter": -1.1306621392698095, "meanPeakWidth": 2.176000229530442, "noise": 0.22891918701071046, "stdPeakCenter": 6.176616381502948, "stdPeakWidth": 5.796507066312984}, "datetime": {"datetime": "2022-09-22 16:45:09", "elapsed": 2984.389569, "delta": 31.298119}}
{"target": -0.0005243320553822327, "params": {"ampDecay": 0.12583828001609496, "extraPeakProb": 0.8206743638244784, "meanPeakCenter": -1.1892174052452964, "meanPeakWidth": 2.3693578512652933, "noise": 0.28790589272608363, "stdPeakCenter": 6.2000484104527835, "stdPeakWidth": 6.051477738334357}, "datetime": {"datetime": "2022-09-22 16:45:48", "elapsed": 3022.901772, "delta": 38.512203}}
{"target": -0.0005890550720568271, "params": {"ampDecay": 0.14544689402171745, "extraPeakProb": 0.7874805288330645, "meanPeakCenter": -1.1848142910279542, "meanPeakWidth": 2.1064607409532754, "noise": 0.2242330269995499, "stdPeakCenter": 6.192401748925221, "stdPeakWidth": 6.005567795585444}, "datetime": {"datetime": "2022-09-22 16:46:18", "elapsed": 3052.472237, "delta": 29.570465}}
{"target": -0.0005011886764488735, "params": {"ampDecay": 0.154783841362993, "extraPeakProb": 0.8017474075497827, "meanPeakCenter": -1.2884320589591423, "meanPeakWidth": 2.058625451461001, "noise": 0.29185867785634606, "stdPeakCenter": 6.396877795635767, "stdPeakWidth": 6.140059960223997}, "datetime": {"datetime": "2022-09-22 16:46:51", "elapsed": 3086.222149, "delta": 33.749912}}
{"target": -0.000592483376276892, "params": {"ampDecay": 0.12890959871998925, "extraPeakProb": 0.798440277627641, "meanPeakCenter": -1.07124583714669, "meanPeakWidth": 2.1176272758152552, "noise": 0.22534010100274762, "stdPeakCenter": 6.193723649276964, "stdPeakWidth": 5.52691302212477}, "datetime": {"datetime": "2022-09-22 16:47:29", "elapsed": 3124.372718, "delta": 38.150569}}
{"target": -0.0005416248226687755, "params": {"ampDecay": 0.1716944385203732, "extraPeakProb": 0.8196729946257721, "meanPeakCenter": -1.3406000556600906, "meanPeakWidth": 2.2214780589069725, "noise": 0.20625080378084032, "stdPeakCenter": 6.448756188336862, "stdPeakWidth": 5.473594160137441}, "datetime": {"datetime": "2022-09-22 16:48:09", "elapsed": 3163.964901, "delta": 39.592183}}
{"target": -0.0005569221040116801, "params": {"ampDecay": 0.1252236115642432, "extraPeakProb": 0.7833597229365726, "meanPeakCenter": -1.0992446744292188, "meanPeakWidth": 2.3626784217732886, "noise": 0.2599894251059095, "stdPeakCenter": 6.676388800351733, "stdPeakWidth": 5.660318862157601}, "datetime": {"datetime": "2022-09-22 16:48:44", "elapsed": 3198.888602, "delta": 34.923701}}
{"target": -0.0005510626782510712, "params": {"ampDecay": 0.15383318049165895, "extraPeakProb": 0.76973973279877, "meanPeakCenter": -1.365943711466531, "meanPeakWidth": 2.262997064340105, "noise": 0.2215402394394038, "stdPeakCenter": 6.39083228141582, "stdPeakWidth": 6.08581863132336}, "datetime": {"datetime": "2022-09-22 16:49:22", "elapsed": 3236.466187, "delta": 37.577585}}
{"target": -0.0005290850035196835, "params": {"ampDecay": 0.14805121843786453, "extraPeakProb": 0.7670248105702384, "meanPeakCenter": -1.346097303751538, "meanPeakWidth": 2.303982458448129, "noise": 0.23956021103463315, "stdPeakCenter": 6.155890090669935, "stdPeakWidth": 5.981638878905497}, "datetime": {"datetime": "2022-09-22 16:49:51", "elapsed": 3265.983471, "delta": 29.517284}}
{"target": -0.0005620261957742064, "params": {"ampDecay": 0.16859019444128906, "extraPeakProb": 0.8068268957919343, "meanPeakCenter": -1.33399889285981, "meanPeakWidth": 2.253053844407793, "noise": 0.22784228975349555, "stdPeakCenter": 6.568424039009782, "stdPeakWidth": 5.932095350217346}, "datetime": {"datetime": "2022-09-22 16:50:25", "elapsed": 3300.25041, "delta": 34.266939}}
{"target": -0.0005308411494158747, "params": {"ampDecay": 0.1257490578865022, "extraPeakProb": 0.7876035920019214, "meanPeakCenter": -1.226644402970713, "meanPeakWidth": 2.06692043386969, "noise": 0.2322550893397659, "stdPeakCenter": 6.14615796192812, "stdPeakWidth": 5.616598400405595}, "datetime": {"datetime": "2022-09-22 16:50:59", "elapsed": 3334.068662, "delta": 33.818252}}
{"target": -0.0005357590376890577, "params": {"ampDecay": 0.16771438779810763, "extraPeakProb": 0.7837737766040603, "meanPeakCenter": -1.3059129226166755, "meanPeakWidth": 2.192102772857842, "noise": 0.28844028175323994, "stdPeakCenter": 6.618697879801428, "stdPeakWidth": 5.873163943772998}, "datetime": {"datetime": "2022-09-22 16:51:31", "elapsed": 3365.471508, "delta": 31.402846}}
{"target": -0.0005983415179467477, "params": {"ampDecay": 0.17771673316883935, "extraPeakProb": 0.7616547630520994, "meanPeakCenter": -1.267928462774093, "meanPeakWidth": 2.1261014239986187, "noise": 0.25093327970795953, "stdPeakCenter": 6.680336910034378, "stdPeakWidth": 5.453136800319404}, "datetime": {"datetime": "2022-09-22 16:51:59", "elapsed": 3393.980602, "delta": 28.509094}}
{"target": -0.0005458721065334255, "params": {"ampDecay": 0.16986201038870102, "extraPeakProb": 0.8070122988834652, "meanPeakCenter": -1.273638885522521, "meanPeakWidth": 2.1126509860066887, "noise": 0.2761819230098828, "stdPeakCenter": 6.148107239764166, "stdPeakWidth": 5.615202452464343}, "datetime": {"datetime": "2022-09-22 16:52:39", "elapsed": 3433.775075, "delta": 39.794473}}
{"target": -0.000522256818565616, "params": {"ampDecay": 0.12005277660625592, "extraPeakProb": 0.7758327886666291, "meanPeakCenter": -1.3336017783814278, "meanPeakWidth": 2.148120668609648, "noise": 0.2879924460329639, "stdPeakCenter": 6.402523020309819, "stdPeakWidth": 5.7875949585710185}, "datetime": {"datetime": "2022-09-22 16:53:15", "elapsed": 3469.876767, "delta": 36.101692}}
{"target": -0.0006313258644810349, "params": {"ampDecay": 0.12759397293794034, "extraPeakProb": 0.8148380421393276, "meanPeakCenter": -1.1557533586401014, "meanPeakWidth": 2.254250852084773, "noise": 0.23182629301830213, "stdPeakCenter": 6.3334800791042, "stdPeakWidth": 6.062462500945248}, "datetime": {"datetime": "2022-09-22 16:53:49", "elapsed": 3504.142879, "delta": 34.266112}}
{"target": -0.0004955517825985155, "params": {"ampDecay": 0.12286766216442188, "extraPeakProb": 0.7675598318609133, "meanPeakCenter": -1.360175163861264, "meanPeakWidth": 2.179618121698502, "noise": 0.24132339457318175, "stdPeakCenter": 6.569186801756145, "stdPeakWidth": 5.936651703795763}, "datetime": {"datetime": "2022-09-22 16:54:25", "elapsed": 3539.567553, "delta": 35.424674}}
{"target": -0.0004951365552738511, "params": {"ampDecay": 0.12426837819355965, "extraPeakProb": 0.8295925882545483, "meanPeakCenter": -1.2114333375187603, "meanPeakWidth": 2.196201046415133, "noise": 0.2821256144814638, "stdPeakCenter": 6.241515391510817, "stdPeakWidth": 5.477484767394432}, "datetime": {"datetime": "2022-09-22 16:55:01", "elapsed": 3575.709732, "delta": 36.142179}}
{"target": -0.000627629373074794, "params": {"ampDecay": 0.13025115123704267, "extraPeakProb": 0.7868438151762651, "meanPeakCenter": -1.0238278495113404, "meanPeakWidth": 2.3677709319287055, "noise": 0.2658931678680309, "stdPeakCenter": 6.5572528128480485, "stdPeakWidth": 5.425427392812981}, "datetime": {"datetime": "2022-09-22 16:55:37", "elapsed": 3611.811994, "delta": 36.102262}}
{"target": -0.0009833225517670201, "params": {"ampDecay": 0.17586164260129683, "extraPeakProb": 0.8089968526558476, "meanPeakCenter": -1.1017415898229341, "meanPeakWidth": 2.187469098554367, "noise": 0.2571648331422864, "stdPeakCenter": 6.4251790217063744, "stdPeakWidth": 5.634005314984684}, "datetime": {"datetime": "2022-09-22 16:56:21", "elapsed": 3656.348069, "delta": 44.536075}}
{"target": -0.0005098561305663415, "params": {"ampDecay": 0.15159742816165406, "extraPeakProb": 0.7728260478155302, "meanPeakCenter": -1.0774062920225198, "meanPeakWidth": 2.382658643065395, "noise": 0.2381587097722291, "stdPeakCenter": 6.258413357092651, "stdPeakWidth": 5.667258327247791}, "datetime": {"datetime": "2022-09-22 16:56:57", "elapsed": 3691.886531, "delta": 35.538462}}
{"target": -0.00047541242926880446, "params": {"ampDecay": 0.1584325026088847, "extraPeakProb": 0.779748533372853, "meanPeakCenter": -1.35179216020169, "meanPeakWidth": 2.2350254908466027, "noise": 0.29439207848192, "stdPeakCenter": 6.719927326224323, "stdPeakWidth": 6.062675223924707}, "datetime": {"datetime": "2022-09-22 16:57:39", "elapsed": 3733.790311, "delta": 41.90378}}
{"target": -0.0005731966075073032, "params": {"ampDecay": 0.12522622486472687, "extraPeakProb": 0.8162384829407653, "meanPeakCenter": -1.2676339812448199, "meanPeakWidth": 2.3677730119091325, "noise": 0.22620780050749864, "stdPeakCenter": 6.228752509817355, "stdPeakWidth": 5.408297595846166}, "datetime": {"datetime": "2022-09-22 16:58:11", "elapsed": 3766.075173, "delta": 32.284862}}
{"target": -0.000544994909583612, "params": {"ampDecay": 0.15062019034172855, "extraPeakProb": 0.7814418998488112, "meanPeakCenter": -1.376962429992623, "meanPeakWidth": 2.325421139041326, "noise": 0.22345606333782822, "stdPeakCenter": 6.596942231569895, "stdPeakWidth": 6.115563241740875}, "datetime": {"datetime": "2022-09-22 16:58:43", "elapsed": 3797.712875, "delta": 31.637702}}
{"target": -0.0005359944832922557, "params": {"ampDecay": 0.14221873704121718, "extraPeakProb": 0.8365877456220534, "meanPeakCenter": -1.3481120486052525, "meanPeakWidth": 2.122052282469112, "noise": 0.2281181479710566, "stdPeakCenter": 6.654380371545698, "stdPeakWidth": 5.557318242653912}, "datetime": {"datetime": "2022-09-22 16:59:15", "elapsed": 3830.422465, "delta": 32.70959}}
{"target": -0.0005245884460137748, "params": {"ampDecay": 0.1588029098984442, "extraPeakProb": 0.7840313968939604, "meanPeakCenter": -1.1805823091987229, "meanPeakWidth": 2.0404286093479764, "noise": 0.2878053982007959, "stdPeakCenter": 6.3299787156425165, "stdPeakWidth": 5.744749562806894}, "datetime": {"datetime": "2022-09-22 16:59:57", "elapsed": 3872.193726, "delta": 41.771261}}
{"target": -0.0005021120794950845, "params": {"ampDecay": 0.17919917091290563, "extraPeakProb": 0.8157535489203078, "meanPeakCenter": -1.1579742792014038, "meanPeakWidth": 2.223593693429429, "noise": 0.2534279239777823, "stdPeakCenter": 6.784605097780468, "stdPeakWidth": 5.408621860713686}, "datetime": {"datetime": "2022-09-22 17:00:39", "elapsed": 3913.950472, "delta": 41.756746}}
{"target": -0.0005896475939170518, "params": {"ampDecay": 0.141267403759545, "extraPeakProb": 0.7848648653546813, "meanPeakCenter": -1.2147358430171475, "meanPeakWidth": 2.3762818089179256, "noise": 0.20292707167872345, "stdPeakCenter": 6.419318729353757, "stdPeakWidth": 6.119995327266758}, "datetime": {"datetime": "2022-09-22 17:01:11", "elapsed": 3946.242697, "delta": 32.292225}}
{"target": -0.0005511934401469955, "params": {"ampDecay": 0.17578502027668946, "extraPeakProb": 0.8001868205675947, "meanPeakCenter": -1.2573511778624635, "meanPeakWidth": 2.0026574262160857, "noise": 0.21060676508965698, "stdPeakCenter": 6.581137591627329, "stdPeakWidth": 6.188993345241773}, "datetime": {"datetime": "2022-09-22 17:01:51", "elapsed": 3985.519953, "delta": 39.277256}}
{"target": -0.0005666477416911305, "params": {"ampDecay": 0.15011683616187124, "extraPeakProb": 0.8072226800900635, "meanPeakCenter": -1.099515759685188, "meanPeakWidth": 2.2348150143856587, "noise": 0.26230272223165874, "stdPeakCenter": 6.26649046522939, "stdPeakWidth": 5.951909988506638}, "datetime": {"datetime": "2022-09-22 17:02:25", "elapsed": 4020.131207, "delta": 34.611254}}
{"target": -0.0005805046746052206, "params": {"ampDecay": 0.1372954433578914, "extraPeakProb": 0.7750843622210177, "meanPeakCenter": -1.3281859997796357, "meanPeakWidth": 2.342226966493929, "noise": 0.2775940171226269, "stdPeakCenter": 6.529917198228451, "stdPeakWidth": 5.473766396530375}, "datetime": {"datetime": "2022-09-22 17:02:57", "elapsed": 4051.611874, "delta": 31.480667}}
