{"target": -0.0007935310005664228, "params": {"ampDecay": 0.5845432611120044, "extraPeakProb": 0.6377166936828982, "meanPeakCenter": -12.88676758573098, "meanPeakWidth": 6.362637204799448, "noise": 0.0, "stdPeakCenter": 2.832476493851538, "stdPeakWidth": 3.655795459628621}, "datetime": {"datetime": "2022-09-22 20:11:43", "elapsed": 11368.829456, "delta": 27.18025}}
{"target": -0.0006579992229365448, "params": {"ampDecay": 0.8189526381150823, "extraPeakProb": 0.7900723276008415, "meanPeakCenter": -7.801073402169513, "meanPeakWidth": 8.085413776840229, "noise": 0.0, "stdPeakCenter": 8.370347325841353, "stdPeakWidth": 4.195504997052945}, "datetime": {"datetime": "2022-09-22 20:12:07", "elapsed": 11393.724762, "delta": 24.895306}}
{"target": -0.0006311948652841858, "params": {"ampDecay": 0.1921856817600431, "extraPeakProb": 0.13669651091892154, "meanPeakCenter": -8.430101671589817, "meanPeakWidth": 9.80984500467835, "noise": 0.0, "stdPeakCenter": 7.967187948050304, "stdPeakWidth": 3.163644838415184}, "datetime": {"datetime": "2022-09-22 20:12:31", "elapsed": 11416.966473, "delta": 23.241711}}
{"target": -0.0007223421919316315, "params": {"ampDecay": 0.7346539843295632, "extraPeakProb": 0.8013508537098508, "meanPeakCenter": -9.95043187191611, "meanPeakWidth": 1.6318183236327466, "noise": 0.0, "stdPeakCenter": 7.822408548021153, "stdPeakWidth": 0.37204068977408966}, "datetime": {"datetime": "2022-09-22 20:13:11", "elapsed": 11456.904397, "delta": 39.937924}}
{"target": -0.0006364967879603506, "params": {"ampDecay": 0.25135868664757965, "extraPeakProb": 0.7125262396759257, "meanPeakCenter": -13.340732509257988, "meanPeakWidth": 6.526186720965884, "noise": 0.0, "stdPeakCenter": 7.5036945680875835, "stdPeakWidth": 0.9286351226965056}, "datetime": {"datetime": "2022-09-22 20:13:33", "elapsed": 11479.580332, "delta": 22.675935}}
{"target": -0.000649330526948295, "params": {"ampDecay": 0.2853138897304735, "extraPeakProb": 0.8994274241325447, "meanPeakCenter": -10.767330822432225, "meanPeakWidth": 6.409331490512997, "noise": 0.0, "stdPeakCenter": 3.532740893840148, "stdPeakWidth": 4.567747884465001}, "datetime": {"datetime": "2022-09-22 20:14:03", "elapsed": 11509.028246, "delta": 29.447914}}
{"target": -0.0007482238014487556, "params": {"ampDecay": 0.3928639751941502, "extraPeakProb": 0.7782580042795678, "meanPeakCenter": -9.79505889080638, "meanPeakWidth": 9.730616879578855, "noise": 0.0, "stdPeakCenter": 4.121102181306484, "stdPeakWidth": 1.8943112660195176}, "datetime": {"datetime": "2022-09-22 20:14:24", "elapsed": 11530.115107, "delta": 21.086861}}
{"target": -0.000789260060809175, "params": {"ampDecay": 0.13450532723252737, "extraPeakProb": 0.8014845120879882, "meanPeakCenter": -7.529330780275312, "meanPeakWidth": 8.546867403643999, "noise": 0.0, "stdPeakCenter": 0.10427936129601023, "stdPeakWidth": 0.15231406667424896}, "datetime": {"datetime": "2022-09-22 20:14:41", "elapsed": 11547.033467, "delta": 16.91836}}
{"target": -0.0006493268161749456, "params": {"ampDecay": 0.12788237485179882, "extraPeakProb": 0.7563081092044249, "meanPeakCenter": -14.628041849628623, "meanPeakWidth": 8.349049878352258, "noise": 0.0, "stdPeakCenter": 8.497345654343864, "stdPeakWidth": 4.283499789289924}, "datetime": {"datetime": "2022-09-22 20:15:10", "elapsed": 11576.26991, "delta": 29.236443}}
{"target": -0.0010189370143758177, "params": {"ampDecay": 0.6054097160252867, "extraPeakProb": 0.3734321276240492, "meanPeakCenter": -9.081673345405367, "meanPeakWidth": 1.927229199571745, "noise": 0.0, "stdPeakCenter": 9.801025205201796, "stdPeakWidth": 0.11834498976055707}, "datetime": {"datetime": "2022-09-22 20:15:46", "elapsed": 11611.994179, "delta": 35.724269}}
{"target": -0.0007831702969632111, "params": {"ampDecay": 0.8943195866107172, "extraPeakProb": 0.5014978457560012, "meanPeakCenter": -9.536648848182644, "meanPeakWidth": 8.967223629249952, "noise": 0.0, "stdPeakCenter": 1.3087944579844402, "stdPeakWidth": 2.9613243504632702}, "datetime": {"datetime": "2022-09-22 20:16:10", "elapsed": 11636.127067, "delta": 24.132888}}
{"target": -0.0005963830923658487, "params": {"ampDecay": 0.8148751589033791, "extraPeakProb": 0.7477076436881934, "meanPeakCenter": -11.731349064407699, "meanPeakWidth": 3.519049482676242, "noise": 0.0, "stdPeakCenter": 5.060422940306049, "stdPeakWidth": 1.1501606358427996}, "datetime": {"datetime": "2022-09-22 20:16:39", "elapsed": 11665.24274, "delta": 29.115673}}
{"target": -0.0007348981380138875, "params": {"ampDecay": 0.731209685822296, "extraPeakProb": 0.4841891900214722, "meanPeakCenter": -8.500356547395663, "meanPeakWidth": 2.1524573996821794, "noise": 0.0, "stdPeakCenter": 3.60163617557808, "stdPeakWidth": 0.8904710051788878}, "datetime": {"datetime": "2022-09-22 20:17:20", "elapsed": 11706.284307, "delta": 41.041567}}
{"target": -0.000604751377807996, "params": {"ampDecay": 0.6565133885760901, "extraPeakProb": 0.5039096361371832, "meanPeakCenter": -8.56493772221024, "meanPeakWidth": 7.1384989862209105, "noise": 0.0, "stdPeakCenter": 7.966214805914889, "stdPeakWidth": 2.2191585425100264}, "datetime": {"datetime": "2022-09-22 20:17:47", "elapsed": 11733.439083, "delta": 27.154776}}
{"target": -0.0012117445141934756, "params": {"ampDecay": 0.6388148545013685, "extraPeakProb": 0.13469996393377617, "meanPeakCenter": -8.112486164566462, "meanPeakWidth": 3.217503930389821, "noise": 0.0, "stdPeakCenter": 0.9298780351607561, "stdPeakWidth": 1.8832104511911179}, "datetime": {"datetime": "2022-09-22 20:18:32", "elapsed": 11778.696822, "delta": 45.257739}}
{"target": -0.0005753538683309756, "params": {"ampDecay": 0.7062325912408042, "extraPeakProb": 0.49080535407636683, "meanPeakCenter": -8.355105167570626, "meanPeakWidth": 5.41017099024666, "noise": 0.0, "stdPeakCenter": 4.898046190159034, "stdPeakWidth": 4.979625672578772}, "datetime": {"datetime": "2022-09-22 20:19:07", "elapsed": 11812.937568, "delta": 34.240746}}
{"target": -0.0007360306220277063, "params": {"ampDecay": 0.598542122809674, "extraPeakProb": 0.4695710774591705, "meanPeakCenter": -12.509681556680107, "meanPeakWidth": 8.829916852200325, "noise": 0.0, "stdPeakCenter": 2.1307878695619675, "stdPeakWidth": 2.931359767198383}, "datetime": {"datetime": "2022-09-22 20:19:32", "elapsed": 11838.415617, "delta": 25.478049}}
{"target": -0.0006124017235057143, "params": {"ampDecay": 0.35105871085892404, "extraPeakProb": 0.12750278537976883, "meanPeakCenter": -10.049088968374797, "meanPeakWidth": 5.8390394699397605, "noise": 0.0, "stdPeakCenter": 8.183712069568104, "stdPeakWidth": 0.9567507291952193}, "datetime": {"datetime": "2022-09-22 20:19:55", "elapsed": 11861.583646, "delta": 23.168029}}
{"target": -0.0007822074472962022, "params": {"ampDecay": 0.7503015301454411, "extraPeakProb": 0.5600249585795875, "meanPeakCenter": -9.429101488023704, "meanPeakWidth": 7.692456078019384, "noise": 0.0, "stdPeakCenter": 1.5920930518178367, "stdPeakWidth": 3.1125805221725686}, "datetime": {"datetime": "2022-09-22 20:20:19", "elapsed": 11885.129233, "delta": 23.545587}}
{"target": -0.0011896123919044154, "params": {"ampDecay": 0.5337631022990339, "extraPeakProb": 0.4639389713053709, "meanPeakCenter": -8.244294198228946, "meanPeakWidth": 0.9101368559765277, "noise": 0.0, "stdPeakCenter": 8.590547404969694, "stdPeakWidth": 3.122405204793897}, "datetime": {"datetime": "2022-09-22 20:21:03", "elapsed": 11928.888358, "delta": 43.759125}}
{"target": -0.0006110527182627072, "params": {"ampDecay": 0.6105513661577328, "extraPeakProb": 0.3845376187995728, "meanPeakCenter": -10.906676376292019, "meanPeakWidth": 5.633190591582228, "noise": 0.0, "stdPeakCenter": 7.21534312588049, "stdPeakWidth": 1.9076382412712578}, "datetime": {"datetime": "2022-09-22 20:21:30", "elapsed": 11956.73728, "delta": 27.848922}}
{"target": -0.0007251365947311444, "params": {"ampDecay": 0.5143359921926762, "extraPeakProb": 0.6490304726407349, "meanPeakCenter": -7.676069544921082, "meanPeakWidth": 2.237011150124143, "noise": 0.0, "stdPeakCenter": 4.563200932583966, "stdPeakWidth": 1.7819460028995848}, "datetime": {"datetime": "2022-09-22 20:22:11", "elapsed": 11997.593338, "delta": 40.856058}}
{"target": -0.006956111622884564, "params": {"ampDecay": 0.7691020638093934, "extraPeakProb": 0.36181036101156216, "meanPeakCenter": -8.728757606825237, "meanPeakWidth": 3.24617126481211, "noise": 0.0, "stdPeakCenter": 0.19818362116335697, "stdPeakWidth": 3.1335429569490216}, "datetime": {"datetime": "2022-09-22 20:22:49", "elapsed": 12035.04682, "delta": 37.453482}}
{"target": -0.0007902963589554703, "params": {"ampDecay": 0.6883782358307224, "extraPeakProb": 0.6673839373318563, "meanPeakCenter": -12.8897152236532, "meanPeakWidth": 5.289133556664738, "noise": 0.0, "stdPeakCenter": 9.048727633489579, "stdPeakWidth": 2.3472860920675505}, "datetime": {"datetime": "2022-09-22 20:23:16", "elapsed": 12062.560639, "delta": 27.513819}}
{"target": -0.0009007744394518546, "params": {"ampDecay": 0.36182144945103234, "extraPeakProb": 0.5628971093592868, "meanPeakCenter": -14.691054221152491, "meanPeakWidth": 0.3758348942921108, "noise": 0.0, "stdPeakCenter": 0.8923919996072072, "stdPeakWidth": 3.6914535477420047}, "datetime": {"datetime": "2022-09-22 20:23:50", "elapsed": 12096.282584, "delta": 33.721945}}
{"target": -0.0006359375224629546, "params": {"ampDecay": 0.24990191650573756, "extraPeakProb": 0.2537934430605481, "meanPeakCenter": -8.437506415531736, "meanPeakWidth": 8.300896857978197, "noise": 0.0, "stdPeakCenter": 7.140642211770335, "stdPeakWidth": 3.1714779902816232}, "datetime": {"datetime": "2022-09-22 20:24:12", "elapsed": 12117.963127, "delta": 21.680543}}
{"target": -0.003741759735564695, "params": {"ampDecay": 0.752969250058998, "extraPeakProb": 0.1270835411945874, "meanPeakCenter": -10.354905058672948, "meanPeakWidth": 1.5026055318996312, "noise": 0.0, "stdPeakCenter": 4.281537825944612, "stdPeakWidth": 1.780555459312121}, "datetime": {"datetime": "2022-09-22 20:24:56", "elapsed": 12161.96298, "delta": 43.999853}}
{"target": -0.0006507917196282481, "params": {"ampDecay": 0.3537950113178504, "extraPeakProb": 0.751743062122648, "meanPeakCenter": -11.575101065047981, "meanPeakWidth": 3.20392545537295, "noise": 0.0, "stdPeakCenter": 8.421246086974643, "stdPeakWidth": 0.2566530392415767}, "datetime": {"datetime": "2022-09-22 20:25:21", "elapsed": 12187.699457, "delta": 25.736477}}
{"target": -0.0020612551773407, "params": {"ampDecay": 0.6742081411479958, "extraPeakProb": 0.3207542523520692, "meanPeakCenter": -8.282660096591695, "meanPeakWidth": 9.476303802131756, "noise": 0.0, "stdPeakCenter": 0.4594473089591511, "stdPeakWidth": 4.649596834014991}, "datetime": {"datetime": "2022-09-22 20:25:49", "elapsed": 12215.170123, "delta": 27.470666}}
{"target": -0.0006199551962733119, "params": {"ampDecay": 0.32932510956691613, "extraPeakProb": 0.1703707863629762, "meanPeakCenter": -10.272599907790674, "meanPeakWidth": 8.663282703666649, "noise": 0.0, "stdPeakCenter": 2.8599296969130727, "stdPeakWidth": 3.087467269787825}, "datetime": {"datetime": "2022-09-22 20:26:15", "elapsed": 12241.334559, "delta": 26.164436}}
{"target": -0.0005819105896518231, "params": {"ampDecay": 0.5714770201504789, "extraPeakProb": 0.7066505325571281, "meanPeakCenter": -7.727251620478655, "meanPeakWidth": 2.703664965268535, "noise": 0.0, "stdPeakCenter": 4.928334000467634, "stdPeakWidth": 2.8638341379785297}, "datetime": {"datetime": "2022-09-22 20:26:47", "elapsed": 12273.441049, "delta": 32.10649}}
{"target": -0.0008397973549866109, "params": {"ampDecay": 0.8082241963366117, "extraPeakProb": 0.28846471284670716, "meanPeakCenter": -7.45230068007115, "meanPeakWidth": 8.118372364049948, "noise": 0.0, "stdPeakCenter": 7.282991134839449, "stdPeakWidth": 3.2159978636555113}, "datetime": {"datetime": "2022-09-22 20:27:19", "elapsed": 12305.543395, "delta": 32.102346}}
{"target": -0.0006944553199607533, "params": {"ampDecay": 0.38177632586104404, "extraPeakProb": 0.5731824539702819, "meanPeakCenter": -12.633714311734538, "meanPeakWidth": 9.42901694153593, "noise": 0.0, "stdPeakCenter": 5.675549502296363, "stdPeakWidth": 2.3332233604246793}, "datetime": {"datetime": "2022-09-22 20:27:41", "elapsed": 12327.200138, "delta": 21.656743}}
{"target": -0.0009010073435430578, "params": {"ampDecay": 0.6239897842047264, "extraPeakProb": 0.16497196396617966, "meanPeakCenter": -7.53280978953984, "meanPeakWidth": 1.9762493566668593, "noise": 0.0, "stdPeakCenter": 7.3735752568658475, "stdPeakWidth": 1.8604407388507072}, "datetime": {"datetime": "2022-09-22 20:28:30", "elapsed": 12376.162296, "delta": 48.962158}}
{"target": -0.0011724254094869293, "params": {"ampDecay": 0.5720339209822265, "extraPeakProb": 0.6666018065657856, "meanPeakCenter": -11.766547636999949, "meanPeakWidth": 0.4335988983106609, "noise": 0.0, "stdPeakCenter": 8.1774375204031, "stdPeakWidth": 3.1259158021773636}, "datetime": {"datetime": "2022-09-22 20:29:09", "elapsed": 12415.092509, "delta": 38.930213}}
{"target": -0.0008603434031564878, "params": {"ampDecay": 0.8894821321731983, "extraPeakProb": 0.1427157018067031, "meanPeakCenter": -13.724457551147575, "meanPeakWidth": 3.000461987099049, "noise": 0.0, "stdPeakCenter": 6.476302673378185, "stdPeakWidth": 1.4897854571215148}, "datetime": {"datetime": "2022-09-22 20:29:42", "elapsed": 12448.636622, "delta": 33.544113}}
{"target": -0.0016807174495680653, "params": {"ampDecay": 0.6505308026059144, "extraPeakProb": 0.6125737009273086, "meanPeakCenter": -7.670202995893413, "meanPeakWidth": 4.293562460765491, "noise": 0.0, "stdPeakCenter": 0.2614983780258795, "stdPeakWidth": 3.226401262055534}, "datetime": {"datetime": "2022-09-22 20:30:14", "elapsed": 12480.020798, "delta": 31.384176}}
{"target": -0.0016787426737808447, "params": {"ampDecay": 0.6397813280456602, "extraPeakProb": 0.23736928924624792, "meanPeakCenter": -10.284812727102251, "meanPeakWidth": 2.0283190585828814, "noise": 0.0, "stdPeakCenter": 3.8619054705050058, "stdPeakWidth": 1.4162047983349275}, "datetime": {"datetime": "2022-09-22 20:30:56", "elapsed": 12522.518424, "delta": 42.497626}}
{"target": -0.0006010966211220135, "params": {"ampDecay": 0.7436592425564755, "extraPeakProb": 0.21934626792052897, "meanPeakCenter": -14.121512024357443, "meanPeakWidth": 5.796808754477282, "noise": 0.0, "stdPeakCenter": 8.569607292695045, "stdPeakWidth": 1.513914146401056}, "datetime": {"datetime": "2022-09-22 20:31:23", "elapsed": 12548.892354, "delta": 26.37393}}
{"target": -0.0006061433510199465, "params": {"ampDecay": 0.6565616316865053, "extraPeakProb": 0.5253973155195502, "meanPeakCenter": -8.556171548566432, "meanPeakWidth": 5.350019875854057, "noise": 0.0, "stdPeakCenter": 5.181577105887481, "stdPeakWidth": 3.172766845796631}, "datetime": {"datetime": "2022-09-22 20:31:52", "elapsed": 12577.972053, "delta": 29.079699}}
{"target": -0.006975544280462581, "params": {"ampDecay": 0.8011961543340155, "extraPeakProb": 0.5822471057358242, "meanPeakCenter": -12.290124988108285, "meanPeakWidth": 1.7843395644356008, "noise": 0.0, "stdPeakCenter": 1.1541254943919887, "stdPeakWidth": 1.926304416886227}, "datetime": {"datetime": "2022-09-22 20:32:28", "elapsed": 12613.912539, "delta": 35.940486}}
{"target": -0.0006708880218426015, "params": {"ampDecay": 0.7048984468340316, "extraPeakProb": 0.12511613693794957, "meanPeakCenter": -14.98977564933228, "meanPeakWidth": 8.74683591398666, "noise": 0.0, "stdPeakCenter": 7.6348535332961545, "stdPeakWidth": 0.17730656558547608}, "datetime": {"datetime": "2022-09-22 20:32:48", "elapsed": 12634.610839, "delta": 20.6983}}
{"target": -0.000680918859788294, "params": {"ampDecay": 0.5194577111346902, "extraPeakProb": 0.6870051617846064, "meanPeakCenter": -7.854389292161529, "meanPeakWidth": 3.0015242793367114, "noise": 0.0, "stdPeakCenter": 3.3237331213622023, "stdPeakWidth": 4.845133329741145}, "datetime": {"datetime": "2022-09-22 20:33:27", "elapsed": 12672.936894, "delta": 38.326055}}
{"target": -0.0032638545275922915, "params": {"ampDecay": 0.803379117638814, "extraPeakProb": 0.3542174120747651, "meanPeakCenter": -14.21400906608509, "meanPeakWidth": 0.7355574153329181, "noise": 0.0, "stdPeakCenter": 9.809946735786518, "stdPeakWidth": 1.905813270845872}, "datetime": {"datetime": "2022-09-22 20:34:13", "elapsed": 12718.859554, "delta": 45.92266}}
{"target": -0.0015532263470187675, "params": {"ampDecay": 0.6681466124221143, "extraPeakProb": 0.8639655375948977, "meanPeakCenter": -8.034301489691359, "meanPeakWidth": 0.04155159328745772, "noise": 0.0, "stdPeakCenter": 6.823277139364673, "stdPeakWidth": 2.2233403714394346}, "datetime": {"datetime": "2022-09-22 20:34:53", "elapsed": 12759.028431, "delta": 40.168877}}
{"target": -0.0008165861818927935, "params": {"ampDecay": 0.8535868119237254, "extraPeakProb": 0.6334013233805329, "meanPeakCenter": -14.828411822264897, "meanPeakWidth": 7.538910166288748, "noise": 0.0, "stdPeakCenter": 2.739849064639135, "stdPeakWidth": 1.6109838769384799}, "datetime": {"datetime": "2022-09-22 20:35:13", "elapsed": 12779.478149, "delta": 20.449718}}
{"target": -0.0008914644136811487, "params": {"ampDecay": 0.8854288063438396, "extraPeakProb": 0.3782240619650207, "meanPeakCenter": -15.0, "meanPeakWidth": 4.164702853501932, "noise": 0.0, "stdPeakCenter": 0.9754989585869933, "stdPeakWidth": 0.4338347156980177}, "datetime": {"datetime": "2022-09-22 20:35:40", "elapsed": 12806.45011, "delta": 26.971961}}
{"target": -0.0008914268180185712, "params": {"ampDecay": 0.11360794447967085, "extraPeakProb": 0.6619378649421425, "meanPeakCenter": -15.0, "meanPeakWidth": 2.908771729601074, "noise": 0.0, "stdPeakCenter": 2.975463113473472, "stdPeakWidth": 0.57758242119619}, "datetime": {"datetime": "2022-09-22 20:36:11", "elapsed": 12836.961534, "delta": 30.511424}}
{"target": -0.0007233861758028383, "params": {"ampDecay": 0.812889826077559, "extraPeakProb": 0.6084016098342009, "meanPeakCenter": -15.0, "meanPeakWidth": 4.205218280981976, "noise": 0.0, "stdPeakCenter": 0.2150491932735199, "stdPeakWidth": 4.6204061934508776}, "datetime": {"datetime": "2022-09-22 20:36:44", "elapsed": 12870.151525, "delta": 33.189991}}
{"target": -0.0007981789220958474, "params": {"ampDecay": 0.2015206373940709, "extraPeakProb": 0.7163384395167575, "meanPeakCenter": -15.0, "meanPeakWidth": 2.993923036571534, "noise": 0.0, "stdPeakCenter": 3.153085424658925, "stdPeakWidth": 0.5625564389944715}, "datetime": {"datetime": "2022-09-22 20:37:13", "elapsed": 12899.507649, "delta": 29.356124}}
{"target": -0.0008094792407361463, "params": {"ampDecay": 0.8037838669790199, "extraPeakProb": 0.1692897809074766, "meanPeakCenter": -15.0, "meanPeakWidth": 4.0117278831416705, "noise": 0.0, "stdPeakCenter": 1.7061323140632345, "stdPeakWidth": 1.4332926848994902}, "datetime": {"datetime": "2022-09-22 20:37:48", "elapsed": 12934.33869, "delta": 34.831041}}
{"target": -0.000789859310531479, "params": {"ampDecay": 0.887366733077222, "extraPeakProb": 0.10077578546146491, "meanPeakCenter": -15.0, "meanPeakWidth": 4.331896099753277, "noise": 0.0, "stdPeakCenter": 2.1530834200162543, "stdPeakWidth": 1.791203462355217}, "datetime": {"datetime": "2022-09-22 20:38:21", "elapsed": 12967.513541, "delta": 33.174851}}
{"target": -0.001031349493481474, "params": {"ampDecay": 0.12498998543987652, "extraPeakProb": 0.8102365146927931, "meanPeakCenter": -15.0, "meanPeakWidth": 2.999303452335104, "noise": 0.0, "stdPeakCenter": 2.8780107637846686, "stdPeakWidth": 0.2663674906054714}, "datetime": {"datetime": "2022-09-22 20:38:50", "elapsed": 12996.146494, "delta": 28.632953}}
{"target": -0.0007296565025888863, "params": {"ampDecay": 0.8316046501358477, "extraPeakProb": 0.7279994866905464, "meanPeakCenter": -15.0, "meanPeakWidth": 4.197849309543149, "noise": 0.0, "stdPeakCenter": 0.09146792696658856, "stdPeakWidth": 4.895087681220424}, "datetime": {"datetime": "2022-09-22 20:39:21", "elapsed": 13026.840865, "delta": 30.694371}}
{"target": -0.000877732711746789, "params": {"ampDecay": 0.6209547174153383, "extraPeakProb": 0.11461048791697453, "meanPeakCenter": -15.0, "meanPeakWidth": 3.847541503350148, "noise": 0.0, "stdPeakCenter": 1.166218720126283, "stdPeakWidth": 0.009932705275753628}, "datetime": {"datetime": "2022-09-22 20:39:50", "elapsed": 13056.688902, "delta": 29.848037}}
{"target": -0.0009538444888052506, "params": {"ampDecay": 0.8477622821726666, "extraPeakProb": 0.19543703485367364, "meanPeakCenter": -15.0, "meanPeakWidth": 3.993447670051087, "noise": 0.0, "stdPeakCenter": 1.9550145055877977, "stdPeakWidth": 1.2573576344342208}, "datetime": {"datetime": "2022-09-22 20:40:19", "elapsed": 13085.384894, "delta": 28.695992}}
{"target": -0.0010754695598890424, "params": {"ampDecay": 0.24970912278976787, "extraPeakProb": 0.24137480091665822, "meanPeakCenter": -15.0, "meanPeakWidth": 2.8158103169099813, "noise": 0.0, "stdPeakCenter": 2.2396312547805852, "stdPeakWidth": 0.10776661939089993}, "datetime": {"datetime": "2022-09-22 20:40:47", "elapsed": 13113.215926, "delta": 27.831032}}
{"target": -0.0008391594359902993, "params": {"ampDecay": 0.6833163266746465, "extraPeakProb": 0.21215092448398548, "meanPeakCenter": -15.0, "meanPeakWidth": 4.223000969117746, "noise": 0.0, "stdPeakCenter": 1.7666665670539827, "stdPeakWidth": 1.6459192689077584}, "datetime": {"datetime": "2022-09-22 20:41:16", "elapsed": 13142.76944, "delta": 29.553514}}
{"target": -0.0007135727275438718, "params": {"ampDecay": 0.7287975642727312, "extraPeakProb": 0.6456341622117503, "meanPeakCenter": -15.0, "meanPeakWidth": 4.286392624844736, "noise": 0.0, "stdPeakCenter": 0.4082704500212053, "stdPeakWidth": 4.3616971258766295}, "datetime": {"datetime": "2022-09-22 20:41:47", "elapsed": 13173.122656, "delta": 30.353216}}
