{"target": -0.000632364315741763, "params": {"ampDecay": 0.1921859585287823, "extraPeakProb": 0.8367083299388914, "meanPeakCenter": -11.379498591001903, "meanPeakWidth": 7.367786436050084, "noise": 0.0, "stdPeakCenter": 5.7257416807877295, "stdPeakWidth": 3.0150897411982713}, "datetime": {"datetime": "2022-09-22 17:02:14", "elapsed": 0.0, "delta": 0.0}}
{"target": -0.0006154519140491298, "params": {"ampDecay": 0.640823210603805, "extraPeakProb": 0.6974840423909318, "meanPeakCenter": -13.597769811586083, "meanPeakWidth": 5.37163454776887, "noise": 0.0, "stdPeakCenter": 9.816344166125722, "stdPeakWidth": 0.7117275208680085}, "datetime": {"datetime": "2022-09-22 17:02:38", "elapsed": 24.494474, "delta": 24.494474}}
{"target": -0.001300235420152302, "params": {"ampDecay": 0.321483110057297, "extraPeakProb": 0.428347573596929, "meanPeakCenter": -12.608592568063589, "meanPeakWidth": 1.6414827988781266, "noise": 0.0, "stdPeakCenter": 5.8687900464502505, "stdPeakWidth": 2.2469499459910063}, "datetime": {"datetime": "2022-09-22 17:03:24", "elapsed": 70.219744, "delta": 45.72527}}
{"target": -0.0006504369405827477, "params": {"ampDecay": 0.3240149887527317, "extraPeakProb": 0.4509122853823573, "meanPeakCenter": -13.692069511402652, "meanPeakWidth": 5.1539190809493585, "noise": 0.0, "stdPeakCenter": 6.132736318826602, "stdPeakWidth": 1.4884710351214654}, "datetime": {"datetime": "2022-09-22 17:03:48", "elapsed": 94.249226, "delta": 24.029482}}
{"target": -0.000651940780157198, "params": {"ampDecay": 0.5535350169698955, "extraPeakProb": 0.29271234706059046, "meanPeakCenter": -14.489988161009041, "meanPeakWidth": 6.4056927819511085, "noise": 0.0, "stdPeakCenter": 8.227914000390196, "stdPeakWidth": 2.2568287166128527}, "datetime": {"datetime": "2022-09-22 17:04:17", "elapsed": 123.419216, "delta": 29.16999}}
{"target": -0.0006048024246272076, "params": {"ampDecay": 0.3093636132054106, "extraPeakProb": 0.7950424731331325, "meanPeakCenter": -9.983072246217096, "meanPeakWidth": 4.976466422405715, "noise": 0.0, "stdPeakCenter": 9.41519646753135, "stdPeakWidth": 4.0477700872890034}, "datetime": {"datetime": "2022-09-22 17:04:47", "elapsed": 152.85347, "delta": 29.434254}}
{"target": -0.003967274105123584, "params": {"ampDecay": 0.5915569966140852, "extraPeakProb": 0.6200677881959918, "meanPeakCenter": -14.759553772108212, "meanPeakWidth": 2.3932451884542214, "noise": 0.0, "stdPeakCenter": 2.7365856633705654, "stdPeakWidth": 2.4618080411744843}, "datetime": {"datetime": "2022-09-22 17:05:25", "elapsed": 191.423737, "delta": 38.570267}}
{"target": -0.0006094588758781961, "params": {"ampDecay": 0.7298548505788082, "extraPeakProb": 0.45279101157335644, "meanPeakCenter": -11.926098399602395, "meanPeakWidth": 5.253552301160842, "noise": 0.0, "stdPeakCenter": 8.628944371593514, "stdPeakWidth": 1.308022132426661}, "datetime": {"datetime": "2022-09-22 17:05:48", "elapsed": 214.663472, "delta": 23.239735}}
{"target": -0.0006138868458826067, "params": {"ampDecay": 0.6404734993698893, "extraPeakProb": 0.781288696192849, "meanPeakCenter": -13.842952208939531, "meanPeakWidth": 3.3979819980461667, "noise": 0.0, "stdPeakCenter": 8.789455968638592, "stdPeakWidth": 2.056808617649561}, "datetime": {"datetime": "2022-09-22 17:06:20", "elapsed": 246.183099, "delta": 31.519627}}
{"target": -0.0006925815413700676, "params": {"ampDecay": 0.15619367626878322, "extraPeakProb": 0.5648869252323555, "meanPeakCenter": -13.25494582351689, "meanPeakWidth": 9.543181067035663, "noise": 0.0, "stdPeakCenter": 5.787993002458796, "stdPeakWidth": 2.4187046121363975}, "datetime": {"datetime": "2022-09-22 17:06:41", "elapsed": 267.472271, "delta": 21.289172}}
{"target": -0.0008160509676032584, "params": {"ampDecay": 0.7255350384325376, "extraPeakProb": 0.1509176247742329, "meanPeakCenter": -7.119282566712134, "meanPeakWidth": 7.930839336085434, "noise": 0.0, "stdPeakCenter": 1.0947128539951445, "stdPeakWidth": 3.0071123927058596}, "datetime": {"datetime": "2022-09-22 17:07:06", "elapsed": 292.746822, "delta": 25.274551}}
{"target": -0.0006197148837145173, "params": {"ampDecay": 0.37924605576374804, "extraPeakProb": 0.13507635799139672, "meanPeakCenter": -11.552966747417413, "meanPeakWidth": 6.897912513140648, "noise": 0.0, "stdPeakCenter": 7.099643804156628, "stdPeakWidth": 2.191214712158917}, "datetime": {"datetime": "2022-09-22 17:07:30", "elapsed": 316.300349, "delta": 23.553527}}
{"target": -0.0008152950559107285, "params": {"ampDecay": 0.33550999632567746, "extraPeakProb": 0.1899034932976682, "meanPeakCenter": -11.740277577376503, "meanPeakWidth": 7.181963459249596, "noise": 0.0, "stdPeakCenter": 9.726376026716142, "stdPeakWidth": 4.2975822768425544}, "datetime": {"datetime": "2022-09-22 17:08:13", "elapsed": 359.381181, "delta": 43.080832}}
{"target": -0.0006470426714275623, "params": {"ampDecay": 0.4141161835420225, "extraPeakProb": 0.801100492498021, "meanPeakCenter": -9.092912413834728, "meanPeakWidth": 8.771397280556847, "noise": 0.0, "stdPeakCenter": 3.8408979815087507, "stdPeakWidth": 3.1862335001618014}, "datetime": {"datetime": "2022-09-22 17:08:38", "elapsed": 384.727743, "delta": 25.346562}}
{"target": -0.0008404297140723864, "params": {"ampDecay": 0.6349044004890173, "extraPeakProb": 0.5185345943857341, "meanPeakCenter": -13.553826709645215, "meanPeakWidth": 9.883723383572194, "noise": 0.0, "stdPeakCenter": 3.023534160673691, "stdPeakWidth": 0.20968210483487237}, "datetime": {"datetime": "2022-09-22 17:08:56", "elapsed": 402.317396, "delta": 17.589653}}
{"target": -0.0008352534510502081, "params": {"ampDecay": 0.8150307710045666, "extraPeakProb": 0.7281022756986667, "meanPeakCenter": -13.916155314156144, "meanPeakWidth": 1.7054012354968373, "noise": 0.0, "stdPeakCenter": 9.260263907117178, "stdPeakWidth": 4.421621138875593}, "datetime": {"datetime": "2022-09-22 17:09:43", "elapsed": 449.503633, "delta": 47.186237}}
{"target": -0.0005775749020415936, "params": {"ampDecay": 0.6512192418123335, "extraPeakProb": 0.44280182943959756, "meanPeakCenter": -7.8321146167720475, "meanPeakWidth": 3.785538753486244, "noise": 0.0, "stdPeakCenter": 7.688597321589958, "stdPeakWidth": 1.6266810465746735}, "datetime": {"datetime": "2022-09-22 17:10:18", "elapsed": 483.996162, "delta": 34.492529}}
{"target": -0.0008199923900347972, "params": {"ampDecay": 0.3762037994354823, "extraPeakProb": 0.8330179933530729, "meanPeakCenter": -14.67768755426168, "meanPeakWidth": 3.167169817208996, "noise": 0.0, "stdPeakCenter": 4.8876637204744435, "stdPeakWidth": 2.8944113991986202}, "datetime": {"datetime": "2022-09-22 17:10:50", "elapsed": 516.442599, "delta": 32.446437}}
{"target": -0.0007108608574540378, "params": {"ampDecay": 0.7013845858978788, "extraPeakProb": 0.6521050855219171, "meanPeakCenter": -14.734129568578272, "meanPeakWidth": 9.717781463014434, "noise": 0.0, "stdPeakCenter": 6.212224408960129, "stdPeakWidth": 3.0757157856837685}, "datetime": {"datetime": "2022-09-22 17:11:13", "elapsed": 539.02266, "delta": 22.580061}}
{"target": -0.001318660486163108, "params": {"ampDecay": 0.8311294540080979, "extraPeakProb": 0.40184220900407475, "meanPeakCenter": -9.778688952288093, "meanPeakWidth": 3.405687703302027, "noise": 0.0, "stdPeakCenter": 4.719112962800699, "stdPeakWidth": 2.2816794973996672}, "datetime": {"datetime": "2022-09-22 17:11:55", "elapsed": 581.71391, "delta": 42.69125}}
{"target": -0.0006153642481577295, "params": {"ampDecay": 0.7790340207101667, "extraPeakProb": 0.12720829924435195, "meanPeakCenter": -8.98010796577745, "meanPeakWidth": 6.953520091747141, "noise": 0.0, "stdPeakCenter": 9.515227848075625, "stdPeakWidth": 3.4895027493892656}, "datetime": {"datetime": "2022-09-22 17:12:27", "elapsed": 613.453388, "delta": 31.739478}}
{"target": -0.0024993260368285156, "params": {"ampDecay": 0.7256884369603606, "extraPeakProb": 0.37548816793733686, "meanPeakCenter": -13.56746452798435, "meanPeakWidth": 1.7775532506538139, "noise": 0.0, "stdPeakCenter": 2.179263474202414, "stdPeakWidth": 2.2701375067478997}, "datetime": {"datetime": "2022-09-22 17:13:08", "elapsed": 654.789057, "delta": 41.335669}}
{"target": -0.0008342914056765988, "params": {"ampDecay": 0.22568247850321985, "extraPeakProb": 0.319487350342093, "meanPeakCenter": -10.793232938854922, "meanPeakWidth": 9.535933808470512, "noise": 0.0, "stdPeakCenter": 0.702553800475697, "stdPeakWidth": 1.5458511006607396}, "datetime": {"datetime": "2022-09-22 17:13:27", "elapsed": 673.09621, "delta": 18.307153}}
{"target": -0.0006753252939833222, "params": {"ampDecay": 0.8053751862406453, "extraPeakProb": 0.29641426341024246, "meanPeakCenter": -12.034797623051363, "meanPeakWidth": 9.842771645124898, "noise": 0.0, "stdPeakCenter": 9.982020411713627, "stdPeakWidth": 1.8207825422524782}, "datetime": {"datetime": "2022-09-22 17:13:56", "elapsed": 702.13709, "delta": 29.04088}}
{"target": -0.0007645706106813309, "params": {"ampDecay": 0.7846303158692569, "extraPeakProb": 0.8501944940109492, "meanPeakCenter": -12.15051821934837, "meanPeakWidth": 5.9273164191646615, "noise": 0.0, "stdPeakCenter": 3.2509573454070892, "stdPeakWidth": 4.791646385667424}, "datetime": {"datetime": "2022-09-22 17:14:25", "elapsed": 731.481063, "delta": 29.343973}}
{"target": -0.0024007156778833396, "params": {"ampDecay": 0.4558347662602169, "extraPeakProb": 0.4049794782345807, "meanPeakCenter": -12.909958082531059, "meanPeakWidth": 6.674163669861583, "noise": 0.0, "stdPeakCenter": 0.2744157000219305, "stdPeakWidth": 4.578877801581733}, "datetime": {"datetime": "2022-09-22 17:15:00", "elapsed": 766.173042, "delta": 34.691979}}
{"target": -0.0009469145476286512, "params": {"ampDecay": 0.7526052568591272, "extraPeakProb": 0.5492981675349101, "meanPeakCenter": -10.516214439047356, "meanPeakWidth": 4.041743831621646, "noise": 0.0, "stdPeakCenter": 1.0599489599854384, "stdPeakWidth": 1.1642340134879596}, "datetime": {"datetime": "2022-09-22 17:15:25", "elapsed": 791.55893, "delta": 25.385888}}
{"target": -0.0011476815714284534, "params": {"ampDecay": 0.6314386696788757, "extraPeakProb": 0.5490090332936207, "meanPeakCenter": -9.861645478197918, "meanPeakWidth": 1.305134595914793, "noise": 0.0, "stdPeakCenter": 5.382600077095374, "stdPeakWidth": 0.6933883319738765}, "datetime": {"datetime": "2022-09-22 17:16:08", "elapsed": 834.817291, "delta": 43.258361}}
{"target": -0.0006554405746024339, "params": {"ampDecay": 0.45277530248682885, "extraPeakProb": 0.7125433856655404, "meanPeakCenter": -9.82255813456893, "meanPeakWidth": 9.129109688422133, "noise": 0.0, "stdPeakCenter": 9.917280352389142, "stdPeakWidth": 2.6811939053605487}, "datetime": {"datetime": "2022-09-22 17:16:30", "elapsed": 856.709296, "delta": 21.892005}}
{"target": -0.00061878165920369, "params": {"ampDecay": 0.6299631580677735, "extraPeakProb": 0.6084097166232325, "meanPeakCenter": -14.55808569567319, "meanPeakWidth": 5.849505912991076, "noise": 0.0, "stdPeakCenter": 8.50871134099339, "stdPeakWidth": 0.09224533991806283}, "datetime": {"datetime": "2022-09-22 17:16:52", "elapsed": 878.704288, "delta": 21.994992}}
{"target": -0.000722821393496977, "params": {"ampDecay": 0.5304947703038353, "extraPeakProb": 0.3185569919964695, "meanPeakCenter": -10.050181377296738, "meanPeakWidth": 9.674783754684897, "noise": 0.0, "stdPeakCenter": 2.2148633817584953, "stdPeakWidth": 3.7686032390944564}, "datetime": {"datetime": "2022-09-22 17:17:18", "elapsed": 904.600643, "delta": 25.896355}}
{"target": -0.0006257662070588843, "params": {"ampDecay": 0.8619723530567607, "extraPeakProb": 0.38892778513520343, "meanPeakCenter": -8.571532077287031, "meanPeakWidth": 6.149037168411537, "noise": 0.0, "stdPeakCenter": 3.633175227167057, "stdPeakWidth": 4.150032171257182}, "datetime": {"datetime": "2022-09-22 17:17:47", "elapsed": 933.024374, "delta": 28.423731}}
{"target": -0.000916079721671237, "params": {"ampDecay": 0.26239285443266336, "extraPeakProb": 0.7479714243689394, "meanPeakCenter": -9.953302271062018, "meanPeakWidth": 5.1276156228541625, "noise": 0.0, "stdPeakCenter": 1.2952738550788712, "stdPeakWidth": 0.12000850907837424}, "datetime": {"datetime": "2022-09-22 17:18:10", "elapsed": 955.82826, "delta": 22.803886}}
{"target": -0.0007677254788490026, "params": {"ampDecay": 0.2457264708138328, "extraPeakProb": 0.7195095803162341, "meanPeakCenter": -7.828114925260988, "meanPeakWidth": 8.468656389149368, "noise": 0.0, "stdPeakCenter": 2.1243049615057363, "stdPeakWidth": 1.7737274199794306}, "datetime": {"datetime": "2022-09-22 17:18:31", "elapsed": 977.707075, "delta": 21.878815}}
{"target": -0.0006207431888914, "params": {"ampDecay": 0.6897474679540938, "extraPeakProb": 0.35808922173251523, "meanPeakCenter": -12.536286292405848, "meanPeakWidth": 5.757789960913068, "noise": 0.0, "stdPeakCenter": 8.22868055065265, "stdPeakWidth": 2.3926922328199343}, "datetime": {"datetime": "2022-09-22 17:19:02", "elapsed": 1008.681956, "delta": 30.974881}}
{"target": -0.0010275395230106594, "params": {"ampDecay": 0.14058600590477743, "extraPeakProb": 0.7085365524528037, "meanPeakCenter": -13.317816186394154, "meanPeakWidth": 2.828433165973019, "noise": 0.0, "stdPeakCenter": 0.35328918431914436, "stdPeakWidth": 0.16379046798857044}, "datetime": {"datetime": "2022-09-22 17:19:25", "elapsed": 1031.619291, "delta": 22.937335}}
{"target": -0.0007393603445082979, "params": {"ampDecay": 0.5617214074904945, "extraPeakProb": 0.6911043839557873, "meanPeakCenter": -7.5208527728079275, "meanPeakWidth": 2.7641898632542548, "noise": 0.0, "stdPeakCenter": 2.403436098170324, "stdPeakWidth": 2.8494252032961516}, "datetime": {"datetime": "2022-09-22 17:20:08", "elapsed": 1074.249032, "delta": 42.629741}}
{"target": -0.0006131151341761055, "params": {"ampDecay": 0.17561656929037178, "extraPeakProb": 0.454931670587284, "meanPeakCenter": -11.773390389177564, "meanPeakWidth": 4.718142361350955, "noise": 0.0, "stdPeakCenter": 9.77184116366371, "stdPeakWidth": 0.0682038305377064}, "datetime": {"datetime": "2022-09-22 17:20:31", "elapsed": 1097.541933, "delta": 23.292901}}
{"target": -0.0005954806170305844, "params": {"ampDecay": 0.3839946463267727, "extraPeakProb": 0.32874446306051497, "meanPeakCenter": -8.616420762465701, "meanPeakWidth": 6.305182449264949, "noise": 0.0, "stdPeakCenter": 5.337243882635645, "stdPeakWidth": 3.9591459605149097}, "datetime": {"datetime": "2022-09-22 17:21:09", "elapsed": 1135.415418, "delta": 37.873485}}
{"target": -0.0027217784117776205, "params": {"ampDecay": 0.6312111177104265, "extraPeakProb": 0.3804832505305068, "meanPeakCenter": -14.967931255781894, "meanPeakWidth": 2.4216546789085127, "noise": 0.0, "stdPeakCenter": 1.982844715104003, "stdPeakWidth": 4.802846239927066}, "datetime": {"datetime": "2022-09-22 17:21:42", "elapsed": 1167.992797, "delta": 32.577379}}
{"target": -0.0010985831285926224, "params": {"ampDecay": 0.11130692291026012, "extraPeakProb": 0.3606993563706754, "meanPeakCenter": -13.08601789128506, "meanPeakWidth": 1.19973975579578, "noise": 0.0, "stdPeakCenter": 6.0918962415417806, "stdPeakWidth": 2.198790145696635}, "datetime": {"datetime": "2022-09-22 17:22:26", "elapsed": 1212.15268, "delta": 44.159883}}
{"target": -0.0005965290969336639, "params": {"ampDecay": 0.3283063645504952, "extraPeakProb": 0.3838755925461216, "meanPeakCenter": -8.489913386572676, "meanPeakWidth": 3.506005047847738, "noise": 0.0, "stdPeakCenter": 6.749347769690809, "stdPeakWidth": 0.49822637659124425}, "datetime": {"datetime": "2022-09-22 17:22:50", "elapsed": 1236.071819, "delta": 23.919139}}
{"target": -0.0009319048365746034, "params": {"ampDecay": 0.822347459946844, "extraPeakProb": 0.5315884039438791, "meanPeakCenter": -12.356710990064556, "meanPeakWidth": 3.305079915359647, "noise": 0.0, "stdPeakCenter": 7.852098910615655, "stdPeakWidth": 4.0472201625059165}, "datetime": {"datetime": "2022-09-22 17:23:25", "elapsed": 1271.755204, "delta": 35.683385}}
{"target": -0.000896915031336893, "params": {"ampDecay": 0.5679307930475653, "extraPeakProb": 0.8478622716550518, "meanPeakCenter": -14.2590701233705, "meanPeakWidth": 2.268760054948956, "noise": 0.0, "stdPeakCenter": 2.2542289546119387, "stdPeakWidth": 4.937502468834424}, "datetime": {"datetime": "2022-09-22 17:23:58", "elapsed": 1304.543759, "delta": 32.788555}}
{"target": -0.003091259985338549, "params": {"ampDecay": 0.10474398813237978, "extraPeakProb": 0.5892037171530876, "meanPeakCenter": -14.354817297165862, "meanPeakWidth": 0.833956224302359, "noise": 0.0, "stdPeakCenter": 1.1968856619138502, "stdPeakWidth": 2.5186373478314694}, "datetime": {"datetime": "2022-09-22 17:24:39", "elapsed": 1345.011924, "delta": 40.468165}}
{"target": -0.0008230113506447217, "params": {"ampDecay": 0.4842772725846448, "extraPeakProb": 0.1658673240555399, "meanPeakCenter": -14.358624893464103, "meanPeakWidth": 4.938122027361277, "noise": 0.0, "stdPeakCenter": 1.1839136862490218, "stdPeakWidth": 2.07702099227395}, "datetime": {"datetime": "2022-09-22 17:25:08", "elapsed": 1374.65578, "delta": 29.643856}}
{"target": -0.006379592671635882, "params": {"ampDecay": 0.20559157065813763, "extraPeakProb": 0.6786673875225371, "meanPeakCenter": -10.728626287716422, "meanPeakWidth": 3.0337354783817094, "noise": 0.0, "stdPeakCenter": 0.7585318803055641, "stdPeakWidth": 2.797673060264179}, "datetime": {"datetime": "2022-09-22 17:25:39", "elapsed": 1405.623843, "delta": 30.968063}}
{"target": -0.0012248092295545495, "params": {"ampDecay": 0.5545175621450452, "extraPeakProb": 0.25776643783700137, "meanPeakCenter": -13.129916753023627, "meanPeakWidth": 1.951462374002969, "noise": 0.0, "stdPeakCenter": 3.845921126741173, "stdPeakWidth": 1.5156266007731445}, "datetime": {"datetime": "2022-09-22 17:26:26", "elapsed": 1451.972529, "delta": 46.348686}}
{"target": -0.0007486373802060233, "params": {"ampDecay": 0.4757653660593798, "extraPeakProb": 0.2591750903454669, "meanPeakCenter": -7.307936712555303, "meanPeakWidth": 7.230434584670737, "noise": 0.0, "stdPeakCenter": 2.213920236942469, "stdPeakWidth": 3.7094855214628444}, "datetime": {"datetime": "2022-09-22 17:26:54", "elapsed": 1480.25227, "delta": 28.279741}}
{"target": -0.0058406680872749, "params": {"ampDecay": 0.8718284345601085, "extraPeakProb": 0.1560394592239822, "meanPeakCenter": -13.83252984430927, "meanPeakWidth": 6.041511028728218, "noise": 0.0, "stdPeakCenter": 1.9836453087093098, "stdPeakWidth": 3.5014986836910222}, "datetime": {"datetime": "2022-09-22 17:27:33", "elapsed": 1519.802999, "delta": 39.550729}}
{"target": -0.0008283171694098045, "params": {"ampDecay": 0.8971320207495265, "extraPeakProb": 0.665698663404719, "meanPeakCenter": -11.255167903817561, "meanPeakWidth": 8.817943871505737, "noise": 0.0, "stdPeakCenter": 0.297770601494709, "stdPeakWidth": 4.71722436155932}, "datetime": {"datetime": "2022-09-22 17:27:54", "elapsed": 1540.035323, "delta": 20.232324}}
{"target": -0.0007487250115466932, "params": {"ampDecay": 0.17068749479768064, "extraPeakProb": 0.18429009694949594, "meanPeakCenter": -12.23134761683459, "meanPeakWidth": 7.893143346126399, "noise": 0.0, "stdPeakCenter": 9.72588315475623, "stdPeakWidth": 4.216345386882351}, "datetime": {"datetime": "2022-09-22 17:28:28", "elapsed": 1574.507953, "delta": 34.47263}}
{"target": -0.005327755977693217, "params": {"ampDecay": 0.7386588385480304, "extraPeakProb": 0.32371162015014954, "meanPeakCenter": -9.893007346995883, "meanPeakWidth": 2.5466783611997412, "noise": 0.0, "stdPeakCenter": 0.6994793204413363, "stdPeakWidth": 3.926616578994189}, "datetime": {"datetime": "2022-09-22 17:29:00", "elapsed": 1606.645648, "delta": 32.137695}}
{"target": -0.0015420549555094053, "params": {"ampDecay": 0.23419428359193467, "extraPeakProb": 0.8802453940678899, "meanPeakCenter": -10.931058118696807, "meanPeakWidth": 6.421281978812288, "noise": 0.0, "stdPeakCenter": 1.7531048563698237, "stdPeakWidth": 4.741161574792904}, "datetime": {"datetime": "2022-09-22 17:29:32", "elapsed": 1638.552751, "delta": 31.907103}}
{"target": -0.0007130959987874415, "params": {"ampDecay": 0.30598248291063845, "extraPeakProb": 0.48906620193969397, "meanPeakCenter": -13.761739454703989, "meanPeakWidth": 3.7177698199200657, "noise": 0.0, "stdPeakCenter": 4.17683529315509, "stdPeakWidth": 0.23115807350286566}, "datetime": {"datetime": "2022-09-22 17:29:58", "elapsed": 1664.050556, "delta": 25.497805}}
{"target": -0.0006781575165660697, "params": {"ampDecay": 0.5181000878580913, "extraPeakProb": 0.5663177789177163, "meanPeakCenter": -12.375557679623299, "meanPeakWidth": 9.895767804553465, "noise": 0.0, "stdPeakCenter": 6.130471380447579, "stdPeakWidth": 2.1184341493614016}, "datetime": {"datetime": "2022-09-22 17:30:20", "elapsed": 1686.355901, "delta": 22.305345}}
{"target": -0.0010828588969582307, "params": {"ampDecay": 0.42751985040398777, "extraPeakProb": 0.6950918426975786, "meanPeakCenter": -11.152857271582448, "meanPeakWidth": 4.016870491489106, "noise": 0.0, "stdPeakCenter": 1.3013053076800696, "stdPeakWidth": 2.8664524926101977}, "datetime": {"datetime": "2022-09-22 17:30:57", "elapsed": 1723.030945, "delta": 36.675044}}
{"target": -0.0006484584514738012, "params": {"ampDecay": 0.3971135691063298, "extraPeakProb": 0.271426319360875, "meanPeakCenter": -11.943404694099913, "meanPeakWidth": 5.557893151434049, "noise": 0.0, "stdPeakCenter": 9.933813550019117, "stdPeakWidth": 2.1512681324596272}, "datetime": {"datetime": "2022-09-22 17:31:27", "elapsed": 1753.296596, "delta": 30.265651}}
{"target": -0.0006036206195456111, "params": {"ampDecay": 0.5523920179735676, "extraPeakProb": 0.3460859636467094, "meanPeakCenter": -10.325701354572317, "meanPeakWidth": 5.114744152832033, "noise": 0.0, "stdPeakCenter": 7.325535062143482, "stdPeakWidth": 0.7826010866044586}, "datetime": {"datetime": "2022-09-22 17:31:52", "elapsed": 1778.072118, "delta": 24.775522}}
