{"target": -0.0029144410905345744, "params": {"ampDecay": 0.6931523459357454, "extraPeakProb": 0.35981550657670447, "meanPeakCenter": -8.842490230017054, "meanPeakWidth": 2.1271354454459668, "noise": 0.0, "stdPeakCenter": 0.9807390556793116, "stdPeakWidth": 3.8913627489510887}, "datetime": {"datetime": "2022-09-22 19:40:21", "elapsed": 9487.231566, "delta": 35.039785}}
{"target": -0.0006618429626877408, "params": {"ampDecay": 0.16318807707809418, "extraPeakProb": 0.19271916073554982, "meanPeakCenter": -9.767419529174827, "meanPeakWidth": 5.204766936262319, "noise": 0.0, "stdPeakCenter": 5.0877626595222605, "stdPeakWidth": 2.666856501976524}, "datetime": {"datetime": "2022-09-22 19:40:55", "elapsed": 9520.846897, "delta": 33.615331}}
{"target": -0.000775613846799823, "params": {"ampDecay": 0.1537310126552736, "extraPeakProb": 0.5390673719008688, "meanPeakCenter": -11.111759089605759, "meanPeakWidth": 6.9494917716060725, "noise": 0.0, "stdPeakCenter": 1.3169276270201913, "stdPeakWidth": 2.2944893314694186}, "datetime": {"datetime": "2022-09-22 19:41:20", "elapsed": 9546.130015, "delta": 25.283118}}
{"target": -0.0007789334715263084, "params": {"ampDecay": 0.30189605336653436, "extraPeakProb": 0.4937721883395271, "meanPeakCenter": -14.41175573443645, "meanPeakWidth": 8.279862277352485, "noise": 0.0, "stdPeakCenter": 3.4299612488312614, "stdPeakWidth": 0.9340249012092572}, "datetime": {"datetime": "2022-09-22 19:41:41", "elapsed": 9567.141644, "delta": 21.011629}}
{"target": -0.0007074878324056155, "params": {"ampDecay": 0.7435159715380392, "extraPeakProb": 0.23534944407105424, "meanPeakCenter": -10.4430126711103, "meanPeakWidth": 5.559978869487797, "noise": 0.0, "stdPeakCenter": 3.6353378667933853, "stdPeakWidth": 0.9660673015010007}, "datetime": {"datetime": "2022-09-22 19:42:02", "elapsed": 9588.596885, "delta": 21.455241}}
{"target": -0.0008336909943872303, "params": {"ampDecay": 0.7681326860376766, "extraPeakProb": 0.8966421576741896, "meanPeakCenter": -12.748451012733241, "meanPeakWidth": 9.753107978275018, "noise": 0.0, "stdPeakCenter": 2.471800021408672, "stdPeakWidth": 0.30028705159397373}, "datetime": {"datetime": "2022-09-22 19:42:20", "elapsed": 9606.755054, "delta": 18.158169}}
{"target": -0.0011840537029351968, "params": {"ampDecay": 0.6447017934525988, "extraPeakProb": 0.21967697536849962, "meanPeakCenter": -12.327137973265508, "meanPeakWidth": 3.921260696319914, "noise": 0.0, "stdPeakCenter": 3.528559668559587, "stdPeakWidth": 2.931062513128081}, "datetime": {"datetime": "2022-09-22 19:43:08", "elapsed": 9654.061506, "delta": 47.306452}}
{"target": -0.0006876770431790664, "params": {"ampDecay": 0.2540152357282567, "extraPeakProb": 0.24148491245523626, "meanPeakCenter": -8.83153997577543, "meanPeakWidth": 9.338302829702199, "noise": 0.0, "stdPeakCenter": 7.700877248857757, "stdPeakWidth": 0.31605951850710357}, "datetime": {"datetime": "2022-09-22 19:43:27", "elapsed": 9673.37127, "delta": 19.309764}}
{"target": -0.000614097429821225, "params": {"ampDecay": 0.4430236959466337, "extraPeakProb": 0.4682245343658056, "meanPeakCenter": -7.209517573395292, "meanPeakWidth": 8.575548343389746, "noise": 0.0, "stdPeakCenter": 4.089783525621039, "stdPeakWidth": 3.419755827194875}, "datetime": {"datetime": "2022-09-22 19:43:53", "elapsed": 9699.252068, "delta": 25.880798}}
{"target": -0.0008020365066001129, "params": {"ampDecay": 0.7541271944315674, "extraPeakProb": 0.35319749798224764, "meanPeakCenter": -14.145245373590305, "meanPeakWidth": 6.823999249576959, "noise": 0.0, "stdPeakCenter": 4.293693267386844, "stdPeakWidth": 4.105921274978594}, "datetime": {"datetime": "2022-09-22 19:44:22", "elapsed": 9728.129865, "delta": 28.877797}}
{"target": -0.0005786390899280504, "params": {"ampDecay": 0.7715271407085862, "extraPeakProb": 0.5041465676729, "meanPeakCenter": -12.715171165994596, "meanPeakWidth": 5.946970220473956, "noise": 0.0, "stdPeakCenter": 8.493287471157906, "stdPeakWidth": 2.434792194435938}, "datetime": {"datetime": "2022-09-22 19:44:50", "elapsed": 9756.205236, "delta": 28.075371}}
{"target": -0.0008332653804987361, "params": {"ampDecay": 0.32572396053014785, "extraPeakProb": 0.5836479903283858, "meanPeakCenter": -14.839269107729304, "meanPeakWidth": 2.7606180585595763, "noise": 0.0, "stdPeakCenter": 5.802459123280917, "stdPeakWidth": 0.6719125412763155}, "datetime": {"datetime": "2022-09-22 19:45:21", "elapsed": 9787.450053, "delta": 31.244817}}
{"target": -0.0006335478837127483, "params": {"ampDecay": 0.5589159053748366, "extraPeakProb": 0.8354884868611591, "meanPeakCenter": -9.374196778050234, "meanPeakWidth": 4.733145556923114, "noise": 0.0, "stdPeakCenter": 4.196629557635513, "stdPeakWidth": 0.2790576269395001}, "datetime": {"datetime": "2022-09-22 19:45:45", "elapsed": 9811.128316, "delta": 23.678263}}
{"target": -0.0006615737423125856, "params": {"ampDecay": 0.10938091104400627, "extraPeakProb": 0.6446253887070477, "meanPeakCenter": -13.892859684013256, "meanPeakWidth": 9.627509468485012, "noise": 0.0, "stdPeakCenter": 9.188873573288838, "stdPeakWidth": 0.8138633532647438}, "datetime": {"datetime": "2022-09-22 19:46:06", "elapsed": 9831.875705, "delta": 20.747389}}
{"target": -0.0007942999758671645, "params": {"ampDecay": 0.8802437743330468, "extraPeakProb": 0.410407755040454, "meanPeakCenter": -9.854264891011894, "meanPeakWidth": 9.19590871732781, "noise": 0.0, "stdPeakCenter": 1.496504363240374, "stdPeakWidth": 3.071235667792993}, "datetime": {"datetime": "2022-09-22 19:46:27", "elapsed": 9853.680177, "delta": 21.804472}}
{"target": -0.000700501296544147, "params": {"ampDecay": 0.4771603104383897, "extraPeakProb": 0.7211876158019493, "meanPeakCenter": -10.597483171165951, "meanPeakWidth": 7.586428440296281, "noise": 0.0, "stdPeakCenter": 4.422416728082233, "stdPeakWidth": 1.7109812639151856}, "datetime": {"datetime": "2022-09-22 19:46:50", "elapsed": 9875.937676, "delta": 22.257499}}
{"target": -0.0009705494050207169, "params": {"ampDecay": 0.3490441877468332, "extraPeakProb": 0.48892113326788755, "meanPeakCenter": -11.407724954920354, "meanPeakWidth": 1.7253138912699162, "noise": 0.0, "stdPeakCenter": 2.9094046816896144, "stdPeakWidth": 3.122164131550627}, "datetime": {"datetime": "2022-09-22 19:47:26", "elapsed": 9912.591644, "delta": 36.653968}}
{"target": -0.0032008491209594976, "params": {"ampDecay": 0.4313674969222332, "extraPeakProb": 0.7468893575648844, "meanPeakCenter": -7.623772979873941, "meanPeakWidth": 0.04579402506973751, "noise": 0.0, "stdPeakCenter": 7.878448443857219, "stdPeakWidth": 0.738280357307593}, "datetime": {"datetime": "2022-09-22 19:48:17", "elapsed": 9963.296511, "delta": 50.704867}}
{"target": -0.000584050042247236, "params": {"ampDecay": 0.22054107257385383, "extraPeakProb": 0.8249998020984707, "meanPeakCenter": -10.505174209298808, "meanPeakWidth": 3.943726900020863, "noise": 0.0, "stdPeakCenter": 8.265220287177096, "stdPeakWidth": 0.3039635199506724}, "datetime": {"datetime": "2022-09-22 19:48:44", "elapsed": 9990.741989, "delta": 27.445478}}
{"target": -0.0007985622998091689, "params": {"ampDecay": 0.3305659176120942, "extraPeakProb": 0.5715432242106507, "meanPeakCenter": -11.934650706298282, "meanPeakWidth": 4.713092266357161, "noise": 0.0, "stdPeakCenter": 2.1595288775334485, "stdPeakWidth": 2.7522027056310434}, "datetime": {"datetime": "2022-09-22 19:49:17", "elapsed": 10023.535011, "delta": 32.793022}}
{"target": -0.0006393824568195676, "params": {"ampDecay": 0.8589090299232048, "extraPeakProb": 0.8986973396871671, "meanPeakCenter": -13.736914472430318, "meanPeakWidth": 5.204991927130781, "noise": 0.0, "stdPeakCenter": 8.889963684992903, "stdPeakWidth": 0.6430870440284725}, "datetime": {"datetime": "2022-09-22 19:49:40", "elapsed": 10046.687837, "delta": 23.152826}}
{"target": -0.0009982828298543789, "params": {"ampDecay": 0.6159402588011804, "extraPeakProb": 0.3547457005949549, "meanPeakCenter": -13.028818770798605, "meanPeakWidth": 5.156943391313095, "noise": 0.0, "stdPeakCenter": 1.1464836586929106, "stdPeakWidth": 3.2365663291339946}, "datetime": {"datetime": "2022-09-22 19:50:14", "elapsed": 10080.529151, "delta": 33.841314}}
{"target": -0.0008123453741422215, "params": {"ampDecay": 0.6962732112320397, "extraPeakProb": 0.28136893328739143, "meanPeakCenter": -12.162589758171306, "meanPeakWidth": 2.272021044543533, "noise": 0.0, "stdPeakCenter": 5.206242479479, "stdPeakWidth": 0.974782939966678}, "datetime": {"datetime": "2022-09-22 19:50:53", "elapsed": 10119.041273, "delta": 38.512122}}
{"target": -0.0007818620769829624, "params": {"ampDecay": 0.4552640723160316, "extraPeakProb": 0.35337092989970686, "meanPeakCenter": -10.285846720783093, "meanPeakWidth": 4.257229507619948, "noise": 0.0, "stdPeakCenter": 7.1675254589523885, "stdPeakWidth": 2.7887146541419883}, "datetime": {"datetime": "2022-09-22 19:51:27", "elapsed": 10153.058973, "delta": 34.0177}}
{"target": -0.0006063390232910848, "params": {"ampDecay": 0.1871314976784836, "extraPeakProb": 0.7006338227833725, "meanPeakCenter": -10.592946816962762, "meanPeakWidth": 2.2482238569998825, "noise": 0.0, "stdPeakCenter": 5.856193607122407, "stdPeakWidth": 2.1830470353375753}, "datetime": {"datetime": "2022-09-22 19:52:15", "elapsed": 10201.381941, "delta": 48.322968}}
{"target": -0.0008973494649768413, "params": {"ampDecay": 0.3391395714268579, "extraPeakProb": 0.3976529812162135, "meanPeakCenter": -13.493554720641669, "meanPeakWidth": 4.997211520958063, "noise": 0.0, "stdPeakCenter": 1.0705311676160534, "stdPeakWidth": 0.8739613895065634}, "datetime": {"datetime": "2022-09-22 19:52:37", "elapsed": 10222.907617, "delta": 21.525676}}
{"target": -0.0006180148008934004, "params": {"ampDecay": 0.511245914466752, "extraPeakProb": 0.720493295194847, "meanPeakCenter": -13.347209942979, "meanPeakWidth": 4.443422709238863, "noise": 0.0, "stdPeakCenter": 7.726226502133989, "stdPeakWidth": 0.14210432985246824}, "datetime": {"datetime": "2022-09-22 19:53:03", "elapsed": 10249.025877, "delta": 26.11826}}
{"target": -0.0007972527746412786, "params": {"ampDecay": 0.5285247976258672, "extraPeakProb": 0.8322824520750995, "meanPeakCenter": -9.674638162690531, "meanPeakWidth": 2.2528656717024487, "noise": 0.0, "stdPeakCenter": 6.030622636305752, "stdPeakWidth": 2.5034685039181657}, "datetime": {"datetime": "2022-09-22 19:53:42", "elapsed": 10288.162067, "delta": 39.13619}}
{"target": -0.0009146431163246728, "params": {"ampDecay": 0.653901983531376, "extraPeakProb": 0.18070498335969643, "meanPeakCenter": -8.84178554873359, "meanPeakWidth": 6.894814277891269, "noise": 0.0, "stdPeakCenter": 2.4636517845793406, "stdPeakWidth": 3.699863509797556}, "datetime": {"datetime": "2022-09-22 19:54:18", "elapsed": 10323.943263, "delta": 35.781196}}
{"target": -0.0006948562566667834, "params": {"ampDecay": 0.3312750366521908, "extraPeakProb": 0.6890656678134206, "meanPeakCenter": -11.08895613145021, "meanPeakWidth": 2.9736260282897007, "noise": 0.0, "stdPeakCenter": 9.15353831279685, "stdPeakWidth": 1.7841074631231697}, "datetime": {"datetime": "2022-09-22 19:54:53", "elapsed": 10359.53634, "delta": 35.593077}}
{"target": -0.0006032585963732694, "params": {"ampDecay": 0.3355939042247239, "extraPeakProb": 0.5807855889096669, "meanPeakCenter": -7.264648774350506, "meanPeakWidth": 9.269350160213024, "noise": 0.0, "stdPeakCenter": 4.126256658090353, "stdPeakWidth": 3.691935778313585}, "datetime": {"datetime": "2022-09-22 19:55:19", "elapsed": 10384.955138, "delta": 25.418798}}
{"target": -0.0007633222117224462, "params": {"ampDecay": 0.270717924060886, "extraPeakProb": 0.47546858360159483, "meanPeakCenter": -12.094072574419751, "meanPeakWidth": 8.289920309295294, "noise": 0.0, "stdPeakCenter": 3.4338868227167954, "stdPeakWidth": 0.46613328153467026}, "datetime": {"datetime": "2022-09-22 19:55:39", "elapsed": 10405.732388, "delta": 20.77725}}
{"target": -0.0019428683415647601, "params": {"ampDecay": 0.7637623066209422, "extraPeakProb": 0.22779361518397084, "meanPeakCenter": -8.363805023640188, "meanPeakWidth": 6.303278406362823, "noise": 0.0, "stdPeakCenter": 0.8520307788297654, "stdPeakWidth": 4.694482200311746}, "datetime": {"datetime": "2022-09-22 19:56:14", "elapsed": 10440.430225, "delta": 34.697837}}
{"target": -0.0006357634678737878, "params": {"ampDecay": 0.7495978043185356, "extraPeakProb": 0.7738961702563568, "meanPeakCenter": -13.527244852358631, "meanPeakWidth": 8.5325497286342, "noise": 0.0, "stdPeakCenter": 7.581621367343876, "stdPeakWidth": 4.014561354969969}, "datetime": {"datetime": "2022-09-22 19:56:44", "elapsed": 10470.431725, "delta": 30.0015}}
{"target": -0.0006176939218300817, "params": {"ampDecay": 0.7912324510455451, "extraPeakProb": 0.651331373121826, "meanPeakCenter": -11.174814901869071, "meanPeakWidth": 8.467493135326189, "noise": 0.0, "stdPeakCenter": 8.863638209019319, "stdPeakWidth": 3.70813202754771}, "datetime": {"datetime": "2022-09-22 19:57:10", "elapsed": 10496.357597, "delta": 25.925872}}
{"target": -0.0005326914341945162, "params": {"ampDecay": 0.5848543131362111, "extraPeakProb": 0.8996884178976274, "meanPeakCenter": -11.444385892373703, "meanPeakWidth": 0.6625850726639437, "noise": 0.0, "stdPeakCenter": 7.198002806592848, "stdPeakWidth": 3.3767925939750443}, "datetime": {"datetime": "2022-09-22 19:58:00", "elapsed": 10546.258751, "delta": 49.901154}}
{"target": -0.0030343024619391775, "params": {"ampDecay": 0.6333623520640992, "extraPeakProb": 0.3384299846543066, "meanPeakCenter": -11.821496805580487, "meanPeakWidth": 4.224703301143595, "noise": 0.0, "stdPeakCenter": 1.6417633398279152, "stdPeakWidth": 2.554304483797736}, "datetime": {"datetime": "2022-09-22 19:58:29", "elapsed": 10574.83249, "delta": 28.573739}}
{"target": -0.0016949974791112723, "params": {"ampDecay": 0.3721450265379329, "extraPeakProb": 0.2228791910320319, "meanPeakCenter": -12.649488401596491, "meanPeakWidth": 3.4085361864270936, "noise": 0.0, "stdPeakCenter": 2.1833522424743257, "stdPeakWidth": 4.521548026162806}, "datetime": {"datetime": "2022-09-22 19:59:14", "elapsed": 10620.538274, "delta": 45.705784}}
{"target": -0.002072460129946219, "params": {"ampDecay": 0.6612792304677548, "extraPeakProb": 0.4805322047002155, "meanPeakCenter": -12.638856987376043, "meanPeakWidth": 3.3818177948922825, "noise": 0.0, "stdPeakCenter": 1.827712630685765, "stdPeakWidth": 2.73101770373791}, "datetime": {"datetime": "2022-09-22 19:59:42", "elapsed": 10648.370747, "delta": 27.832473}}
{"target": -0.0009121553566218714, "params": {"ampDecay": 0.10769231721235394, "extraPeakProb": 0.7185213332970871, "meanPeakCenter": -10.592460369025748, "meanPeakWidth": 4.984205323215772, "noise": 0.0, "stdPeakCenter": 1.3290219707799877, "stdPeakWidth": 3.8513989273726046}, "datetime": {"datetime": "2022-09-22 20:00:15", "elapsed": 10681.582796, "delta": 33.212049}}
{"target": -0.0006490405937320241, "params": {"ampDecay": 0.8680348402910715, "extraPeakProb": 0.6519211167645774, "meanPeakCenter": -13.765846599225906, "meanPeakWidth": 7.455426970756846, "noise": 0.0, "stdPeakCenter": 8.406378469323577, "stdPeakWidth": 1.4213671182038463}, "datetime": {"datetime": "2022-09-22 20:00:40", "elapsed": 10705.914382, "delta": 24.331586}}
{"target": -0.0006338325517673613, "params": {"ampDecay": 0.23741153095200565, "extraPeakProb": 0.5593521994116137, "meanPeakCenter": -9.390404146422943, "meanPeakWidth": 8.183999421093185, "noise": 0.0, "stdPeakCenter": 3.3760981576897, "stdPeakWidth": 2.175868987840364}, "datetime": {"datetime": "2022-09-22 20:01:05", "elapsed": 10730.876679, "delta": 24.962297}}
{"target": -0.0006361474988465698, "params": {"ampDecay": 0.6836698727551449, "extraPeakProb": 0.76633216185542, "meanPeakCenter": -7.243905833804284, "meanPeakWidth": 7.580802185555125, "noise": 0.0, "stdPeakCenter": 9.672829324912687, "stdPeakWidth": 2.988237600650099}, "datetime": {"datetime": "2022-09-22 20:01:28", "elapsed": 10754.078684, "delta": 23.202005}}
{"target": -0.0014255814630854352, "params": {"ampDecay": 0.2663398350424657, "extraPeakProb": 0.26854062200147755, "meanPeakCenter": -8.788954393184264, "meanPeakWidth": 0.4847905451794643, "noise": 0.0, "stdPeakCenter": 1.1670118707007138, "stdPeakWidth": 4.90921273580545}, "datetime": {"datetime": "2022-09-22 20:02:14", "elapsed": 10800.271521, "delta": 46.192837}}
{"target": -0.0005895323361144226, "params": {"ampDecay": 0.8368175106709231, "extraPeakProb": 0.3545070883487883, "meanPeakCenter": -11.109029888316734, "meanPeakWidth": 7.282647315323349, "noise": 0.0, "stdPeakCenter": 7.9243261465401975, "stdPeakWidth": 3.5344812656501423}, "datetime": {"datetime": "2022-09-22 20:02:44", "elapsed": 10830.085582, "delta": 29.814061}}
{"target": -0.0006626960373379265, "params": {"ampDecay": 0.8194857203374977, "extraPeakProb": 0.7719224511887631, "meanPeakCenter": -7.343679075350856, "meanPeakWidth": 6.9472971192681285, "noise": 0.0, "stdPeakCenter": 5.305469223186423, "stdPeakWidth": 1.0549608186293746}, "datetime": {"datetime": "2022-09-22 20:03:06", "elapsed": 10851.910605, "delta": 21.825023}}
{"target": -0.00210811485692947, "params": {"ampDecay": 0.7604578334621909, "extraPeakProb": 0.3252413076300476, "meanPeakCenter": -13.554794840562128, "meanPeakWidth": 0.5574501943274923, "noise": 0.0, "stdPeakCenter": 2.723576893695924, "stdPeakWidth": 2.2279695003953597}, "datetime": {"datetime": "2022-09-22 20:03:47", "elapsed": 10892.838281, "delta": 40.927676}}
{"target": -0.0019595772320776654, "params": {"ampDecay": 0.4782420541833575, "extraPeakProb": 0.639879895263294, "meanPeakCenter": -10.630485445468228, "meanPeakWidth": 0.6394106867427896, "noise": 0.0, "stdPeakCenter": 8.90066375214096, "stdPeakWidth": 0.8790082616834027}, "datetime": {"datetime": "2022-09-22 20:04:41", "elapsed": 10947.084822, "delta": 54.246541}}
{"target": -0.0014105348436812026, "params": {"ampDecay": 0.65267992966374, "extraPeakProb": 0.11081781935731955, "meanPeakCenter": -12.534978343835952, "meanPeakWidth": 0.5658962700536752, "noise": 0.0, "stdPeakCenter": 5.347732909181973, "stdPeakWidth": 3.1465455997765206}, "datetime": {"datetime": "2022-09-22 20:05:26", "elapsed": 10992.803002, "delta": 45.71818}}
{"target": -0.0007570388920189779, "params": {"ampDecay": 0.5997918614695658, "extraPeakProb": 0.7144305358759929, "meanPeakCenter": -14.961744379880626, "meanPeakWidth": 9.704376855661735, "noise": 0.0, "stdPeakCenter": 6.37364423073968, "stdPeakWidth": 0.7450580180765021}, "datetime": {"datetime": "2022-09-22 20:05:47", "elapsed": 11012.921127, "delta": 20.118125}}
{"target": -0.004729745185082087, "params": {"ampDecay": 0.856795068950816, "extraPeakProb": 0.28150733304090036, "meanPeakCenter": -12.915227295671295, "meanPeakWidth": 0.7637099386378832, "noise": 0.0, "stdPeakCenter": 4.0930681766856045, "stdPeakWidth": 0.8137011640704478}, "datetime": {"datetime": "2022-09-22 20:06:39", "elapsed": 11065.731796, "delta": 52.810669}}
{"target": -0.0005077421986884595, "params": {"ampDecay": 0.1437695199362871, "extraPeakProb": 0.5531364603997712, "meanPeakCenter": -10.14405191192117, "meanPeakWidth": 5.581988348236929, "noise": 0.0, "stdPeakCenter": 6.090651088299297, "stdPeakWidth": 3.2523490689161276}, "datetime": {"datetime": "2022-09-22 20:07:16", "elapsed": 11102.206174, "delta": 36.474378}}
{"target": -0.0008750081735730445, "params": {"ampDecay": 0.20147181614391957, "extraPeakProb": 0.33474826689232035, "meanPeakCenter": -11.999544623148545, "meanPeakWidth": 7.132971461624638, "noise": 0.0, "stdPeakCenter": 1.1568804091040041, "stdPeakWidth": 3.9554059865155855}, "datetime": {"datetime": "2022-09-22 20:07:48", "elapsed": 11134.141415, "delta": 31.935241}}
{"target": -0.0005538760668406303, "params": {"ampDecay": 0.851044759826143, "extraPeakProb": 0.49543192269017144, "meanPeakCenter": -7.516960000020391, "meanPeakWidth": 6.141881254167406, "noise": 0.0, "stdPeakCenter": 9.286772122254982, "stdPeakWidth": 4.44963217026689}, "datetime": {"datetime": "2022-09-22 20:08:17", "elapsed": 11163.73137, "delta": 29.589955}}
{"target": -0.0007257837468820579, "params": {"ampDecay": 0.6371816781459516, "extraPeakProb": 0.5153204458657775, "meanPeakCenter": -7.984077351243301, "meanPeakWidth": 4.3361678958751035, "noise": 0.0, "stdPeakCenter": 7.972291742716541, "stdPeakWidth": 4.669054640008375}, "datetime": {"datetime": "2022-09-22 20:08:54", "elapsed": 11200.074478, "delta": 36.343108}}
{"target": -0.001239366534267708, "params": {"ampDecay": 0.8514635294115339, "extraPeakProb": 0.5534309344089383, "meanPeakCenter": -9.384390632159324, "meanPeakWidth": 0.8950195786747905, "noise": 0.0, "stdPeakCenter": 3.1703517599929754, "stdPeakWidth": 0.008978751605263624}, "datetime": {"datetime": "2022-09-22 20:09:40", "elapsed": 11245.873565, "delta": 45.799087}}
{"target": -0.0011313805217389708, "params": {"ampDecay": 0.8682534928983668, "extraPeakProb": 0.1528099188903158, "meanPeakCenter": -9.08354642619471, "meanPeakWidth": 1.6596281714805594, "noise": 0.0, "stdPeakCenter": 1.0482601785826429, "stdPeakWidth": 0.5200450773297322}, "datetime": {"datetime": "2022-09-22 20:10:25", "elapsed": 11291.593582, "delta": 45.720017}}
{"target": -0.0006326985605651898, "params": {"ampDecay": 0.8353648341790904, "extraPeakProb": 0.4294779245733905, "meanPeakCenter": -8.34931436084349, "meanPeakWidth": 7.663296084993255, "noise": 0.0, "stdPeakCenter": 6.793068194187813, "stdPeakWidth": 1.4125151371180533}, "datetime": {"datetime": "2022-09-22 20:10:46", "elapsed": 11312.669123, "delta": 21.075541}}
{"target": -0.0005771973279508404, "params": {"ampDecay": 0.14635736472282243, "extraPeakProb": 0.37780866835969684, "meanPeakCenter": -11.873422524011831, "meanPeakWidth": 5.812823549576509, "noise": 0.0, "stdPeakCenter": 6.938591390035871, "stdPeakWidth": 1.8105997506251947}, "datetime": {"datetime": "2022-09-22 20:11:15", "elapsed": 11341.649206, "delta": 28.980083}}
