{"target": -0.0005620825932359809, "params": {"ampDecay": 0.17986753354398696, "extraPeakProb": 0.7984436792608685, "meanPeakCenter": -1.0529787725387005, "meanPeakWidth": 2.005535866410489, "noise": 0.23089806072210406, "stdPeakCenter": 6.473497691335901, "stdPeakWidth": 5.490146406207863}, "datetime": {"datetime": "2022-09-22 15:55:25", "elapsed": 0.0, "delta": 0.0}}
{"target": -0.0005522570179213973, "params": {"ampDecay": 0.16582948654559881, "extraPeakProb": 0.8080804239968133, "meanPeakCenter": -1.1191008628324957, "meanPeakWidth": 2.081870165884284, "noise": 0.28624969506911346, "stdPeakCenter": 6.051228278596277, "stdPeakWidth": 6.024148596882264}, "datetime": {"datetime": "2022-09-22 15:55:53", "elapsed": 28.077896, "delta": 28.077896}}
{"target": -0.0005032290123725494, "params": {"ampDecay": 0.15041059286550396, "extraPeakProb": 0.7744612298049384, "meanPeakCenter": -1.1254384632633903, "meanPeakWidth": 2.0996323175195024, "noise": 0.23889600556770602, "stdPeakCenter": 6.583004103422951, "stdPeakWidth": 5.6243388541488875}, "datetime": {"datetime": "2022-09-22 15:56:27", "elapsed": 61.739236, "delta": 33.66134}}
{"target": -0.0005354580990156989, "params": {"ampDecay": 0.15813468314199777, "extraPeakProb": 0.8192862016435212, "meanPeakCenter": -1.335956618979566, "meanPeakWidth": 2.230360162527929, "noise": 0.2324555609713982, "stdPeakCenter": 6.588758486641819, "stdPeakWidth": 5.726012885955156}, "datetime": {"datetime": "2022-09-22 15:56:58", "elapsed": 93.235402, "delta": 31.496166}}
{"target": -0.0006565545546109412, "params": {"ampDecay": 0.17963949855103414, "extraPeakProb": 0.8285953116193243, "meanPeakCenter": -1.2040925260377455, "meanPeakWidth": 2.0338710791178896, "noise": 0.22664666049366086, "stdPeakCenter": 6.084092344693841, "stdPeakWidth": 5.716009617579727}, "datetime": {"datetime": "2022-09-22 15:57:38", "elapsed": 133.239853, "delta": 40.004451}}
{"target": -0.0006127869640465203, "params": {"ampDecay": 0.14302547887037217, "extraPeakProb": 0.830887325307392, "meanPeakCenter": -1.3597515919972074, "meanPeakWidth": 2.0474530969906373, "noise": 0.276343271512933, "stdPeakCenter": 6.585817820415368, "stdPeakWidth": 5.771516993545442}, "datetime": {"datetime": "2022-09-22 15:58:15", "elapsed": 170.209372, "delta": 36.969519}}
{"target": -0.0005309218779631512, "params": {"ampDecay": 0.12306714643673544, "extraPeakProb": 0.7796413817111192, "meanPeakCenter": -1.3597662586453187, "meanPeakWidth": 2.158800844846996, "noise": 0.25971841792674943, "stdPeakCenter": 6.677141859558683, "stdPeakWidth": 5.966879563637368}, "datetime": {"datetime": "2022-09-22 15:58:48", "elapsed": 202.758361, "delta": 32.548989}}
{"target": -0.0005425026100790675, "params": {"ampDecay": 0.14653199644241885, "extraPeakProb": 0.7833256339908229, "meanPeakCenter": -1.0294610818534724, "meanPeakWidth": 2.1667870237592166, "noise": 0.28585086113799285, "stdPeakCenter": 6.16654422800316, "stdPeakWidth": 5.68633317975785}, "datetime": {"datetime": "2022-09-22 15:59:21", "elapsed": 235.738858, "delta": 32.980497}}
{"target": -0.001198991453853059, "params": {"ampDecay": 0.15267990952911611, "extraPeakProb": 0.7760855253256511, "meanPeakCenter": -1.1132108036504393, "meanPeakWidth": 2.1829875215714107, "noise": 0.2834137146024897, "stdPeakCenter": 6.24174280979164, "stdPeakWidth": 5.52480342909503}, "datetime": {"datetime": "2022-09-22 15:59:55", "elapsed": 270.361996, "delta": 34.623138}}
{"target": -0.0005511597366937977, "params": {"ampDecay": 0.14353034545283203, "extraPeakProb": 0.7762428706262355, "meanPeakCenter": -1.2366484394459758, "meanPeakWidth": 2.078713919390982, "noise": 0.29900269861758055, "stdPeakCenter": 6.149394798757928, "stdPeakWidth": 5.848132290348486}, "datetime": {"datetime": "2022-09-22 16:00:32", "elapsed": 307.070137, "delta": 36.708141}}
{"target": -0.0005269873121112566, "params": {"ampDecay": 0.173204764830844, "extraPeakProb": 0.8222951863243579, "meanPeakCenter": -1.0702535948816174, "meanPeakWidth": 2.3097553706935328, "noise": 0.27782446828598617, "stdPeakCenter": 6.293211892651943, "stdPeakWidth": 5.753534550904394}, "datetime": {"datetime": "2022-09-22 16:01:05", "elapsed": 339.430861, "delta": 32.360724}}
{"target": -0.0005742843637413096, "params": {"ampDecay": 0.134106820983842, "extraPeakProb": 0.7853388732514065, "meanPeakCenter": -1.360445807066969, "meanPeakWidth": 2.224944602002151, "noise": 0.24855704880352542, "stdPeakCenter": 6.206709465998606, "stdPeakWidth": 5.772195710212161}, "datetime": {"datetime": "2022-09-22 16:01:35", "elapsed": 370.223056, "delta": 30.792195}}
{"target": -0.0005813165761600695, "params": {"ampDecay": 0.15754333836882348, "extraPeakProb": 0.7851471699680789, "meanPeakCenter": -1.1523995162718608, "meanPeakWidth": 2.3460523747258994, "noise": 0.28037768075577835, "stdPeakCenter": 6.555907895760426, "stdPeakWidth": 6.131930471908793}, "datetime": {"datetime": "2022-09-22 16:02:10", "elapsed": 404.853274, "delta": 34.630218}}
{"target": -0.0005241018127566177, "params": {"ampDecay": 0.1597204966571397, "extraPeakProb": 0.7966404717509328, "meanPeakCenter": -1.0934402689963985, "meanPeakWidth": 2.218276872756425, "noise": 0.23198338644319194, "stdPeakCenter": 6.222346751265095, "stdPeakWidth": 5.5081546673724775}, "datetime": {"datetime": "2022-09-22 16:02:45", "elapsed": 440.337517, "delta": 35.484243}}
{"target": -0.0006043705188130631, "params": {"ampDecay": 0.1399436176595188, "extraPeakProb": 0.8054985361500047, "meanPeakCenter": -1.0970349431362958, "meanPeakWidth": 2.3585191360339346, "noise": 0.2137828173944043, "stdPeakCenter": 6.0001326414320895, "stdPeakWidth": 5.7529517817726274}, "datetime": {"datetime": "2022-09-22 16:03:21", "elapsed": 475.531007, "delta": 35.19349}}
{"target": -0.0008768159066870323, "params": {"ampDecay": 0.16663575812942105, "extraPeakProb": 0.8287976942877837, "meanPeakCenter": -1.1239189981570923, "meanPeakWidth": 2.2499798958657733, "noise": 0.2833956866121948, "stdPeakCenter": 6.506645702092509, "stdPeakWidth": 5.873428968331029}, "datetime": {"datetime": "2022-09-22 16:03:53", "elapsed": 507.521556, "delta": 31.990549}}
{"target": -0.0005208923836795876, "params": {"ampDecay": 0.14919266452324967, "extraPeakProb": 0.7645682795739556, "meanPeakCenter": -1.0108983427514318, "meanPeakWidth": 2.113173600322106, "noise": 0.2062442326549116, "stdPeakCenter": 6.7090742124994565, "stdPeakWidth": 5.728292683174755}, "datetime": {"datetime": "2022-09-22 16:04:22", "elapsed": 537.092866, "delta": 29.57131}}
{"target": -0.0005035636746742668, "params": {"ampDecay": 0.16641518939559094, "extraPeakProb": 0.7719781502163403, "meanPeakCenter": -1.291312512762986, "meanPeakWidth": 2.078593006180477, "noise": 0.21391642627784732, "stdPeakCenter": 6.739079811378699, "stdPeakWidth": 5.612892047029709}, "datetime": {"datetime": "2022-09-22 16:05:00", "elapsed": 575.289728, "delta": 38.196862}}
{"target": -0.0005014192051070381, "params": {"ampDecay": 0.176242987233518, "extraPeakProb": 0.7776937099258792, "meanPeakCenter": -1.184388129789985, "meanPeakWidth": 2.3421473599808103, "noise": 0.2697911584622561, "stdPeakCenter": 6.306041387959657, "stdPeakWidth": 5.794801180956789}, "datetime": {"datetime": "2022-09-22 16:05:40", "elapsed": 615.131866, "delta": 39.842138}}
{"target": -0.000580815573262729, "params": {"ampDecay": 0.16659916760542837, "extraPeakProb": 0.8097951333206096, "meanPeakCenter": -1.3277081371409576, "meanPeakWidth": 2.356144620522967, "noise": 0.21197680462173304, "stdPeakCenter": 6.617475859155579, "stdPeakWidth": 5.620428632141806}, "datetime": {"datetime": "2022-09-22 16:06:11", "elapsed": 645.796638, "delta": 30.664772}}
{"target": -0.0005573086273904399, "params": {"ampDecay": 0.16380937019632125, "extraPeakProb": 0.7916240544685368, "meanPeakCenter": -1.0511952523190577, "meanPeakWidth": 2.2200742070816792, "noise": 0.2525685609965282, "stdPeakCenter": 6.694018309491286, "stdPeakWidth": 5.740074918734531}, "datetime": {"datetime": "2022-09-22 16:06:52", "elapsed": 687.083912, "delta": 41.287274}}
{"target": -0.0005418946627298358, "params": {"ampDecay": 0.15485806159160928, "extraPeakProb": 0.78026330893372, "meanPeakCenter": -1.0844829028474283, "meanPeakWidth": 2.2241646245588886, "noise": 0.29170558549722336, "stdPeakCenter": 6.758816556696642, "stdPeakWidth": 5.488931567311299}, "datetime": {"datetime": "2022-09-22 16:07:28", "elapsed": 723.256415, "delta": 36.172503}}
{"target": -0.0005762525615065367, "params": {"ampDecay": 0.16823692415484587, "extraPeakProb": 0.8132443573884758, "meanPeakCenter": -1.2398487604340644, "meanPeakWidth": 2.1522155670389282, "noise": 0.2686310452053163, "stdPeakCenter": 6.2946254081065085, "stdPeakWidth": 5.653037006730174}, "datetime": {"datetime": "2022-09-22 16:08:13", "elapsed": 767.831593, "delta": 44.575178}}
{"target": -0.0007231958816146254, "params": {"ampDecay": 0.16303192796601468, "extraPeakProb": 0.7780272546928253, "meanPeakCenter": -1.321077361206823, "meanPeakWidth": 2.0649195434196015, "noise": 0.20545286180207667, "stdPeakCenter": 6.73073965017317, "stdPeakWidth": 5.805119807775809}, "datetime": {"datetime": "2022-09-22 16:08:54", "elapsed": 808.684521, "delta": 40.852928}}
{"target": -0.0005170922964539362, "params": {"ampDecay": 0.1678740088807556, "extraPeakProb": 0.7831400765686873, "meanPeakCenter": -1.1089602852808906, "meanPeakWidth": 2.27446692053828, "noise": 0.2132349066351601, "stdPeakCenter": 6.466074197777397, "stdPeakWidth": 5.436418648873199}, "datetime": {"datetime": "2022-09-22 16:09:31", "elapsed": 845.917448, "delta": 37.232927}}
{"target": -0.0005410032552264249, "params": {"ampDecay": 0.16482068927569704, "extraPeakProb": 0.7992101082557739, "meanPeakCenter": -1.2241281065542349, "meanPeakWidth": 2.2326005615127498, "noise": 0.28539130192587286, "stdPeakCenter": 6.782312155750173, "stdPeakWidth": 5.610631982795568}, "datetime": {"datetime": "2022-09-22 16:10:01", "elapsed": 875.903832, "delta": 29.986384}}
{"target": -0.0005648822012587482, "params": {"ampDecay": 0.15678271260112905, "extraPeakProb": 0.7793384057931256, "meanPeakCenter": -1.1984020165983247, "meanPeakWidth": 2.0693617677877136, "noise": 0.2607501349606698, "stdPeakCenter": 6.517212095065835, "stdPeakWidth": 5.813670561872159}, "datetime": {"datetime": "2022-09-22 16:10:33", "elapsed": 907.853168, "delta": 31.949336}}
{"target": -0.0005314595770646918, "params": {"ampDecay": 0.17603367059696468, "extraPeakProb": 0.8024502725188305, "meanPeakCenter": -1.0401432587098314, "meanPeakWidth": 2.1145369855380682, "noise": 0.2912072735552998, "stdPeakCenter": 6.076217220474859, "stdPeakWidth": 5.794169222370553}, "datetime": {"datetime": "2022-09-22 16:11:08", "elapsed": 943.401072, "delta": 35.547904}}
{"target": -0.0005589000955984433, "params": {"ampDecay": 0.1546319239934642, "extraPeakProb": 0.7965047544226574, "meanPeakCenter": -1.0185170182606036, "meanPeakWidth": 2.1367479980552786, "noise": 0.262598685729697, "stdPeakCenter": 6.534920813817193, "stdPeakWidth": 5.796513841076604}, "datetime": {"datetime": "2022-09-22 16:11:41", "elapsed": 975.718176, "delta": 32.317104}}
{"target": -0.0005231702224341508, "params": {"ampDecay": 0.15446347390765153, "extraPeakProb": 0.8071771713480078, "meanPeakCenter": -1.038330459580525, "meanPeakWidth": 2.137881193860008, "noise": 0.24096432414223706, "stdPeakCenter": 6.655306023764093, "stdPeakWidth": 5.792506649314237}, "datetime": {"datetime": "2022-09-22 16:12:18", "elapsed": 1012.57352, "delta": 36.855344}}
{"target": -0.0005150765412521945, "params": {"ampDecay": 0.15649040621762766, "extraPeakProb": 0.832838811793215, "meanPeakCenter": -1.1651186243804095, "meanPeakWidth": 2.3432686692184728, "noise": 0.22426895055090892, "stdPeakCenter": 6.476980707154005, "stdPeakWidth": 5.4949346790402815}, "datetime": {"datetime": "2022-09-22 16:13:06", "elapsed": 1061.144184, "delta": 48.570664}}
{"target": -0.0005753581723317962, "params": {"ampDecay": 0.15275269010576056, "extraPeakProb": 0.7649974476464473, "meanPeakCenter": -1.3796885437289712, "meanPeakWidth": 2.2217760332802725, "noise": 0.29181555358772865, "stdPeakCenter": 6.340555308279705, "stdPeakWidth": 6.070856560198605}, "datetime": {"datetime": "2022-09-22 16:13:43", "elapsed": 1097.837533, "delta": 36.693349}}
{"target": -0.0005563677104775554, "params": {"ampDecay": 0.12231962144121034, "extraPeakProb": 0.8148572937647056, "meanPeakCenter": -1.3051773362712025, "meanPeakWidth": 2.26769753575736, "noise": 0.23175767236493294, "stdPeakCenter": 6.668756778448449, "stdPeakWidth": 5.469720333928601}, "datetime": {"datetime": "2022-09-22 16:14:20", "elapsed": 1134.482711, "delta": 36.645178}}
{"target": -0.0005293370414962596, "params": {"ampDecay": 0.16483725677399236, "extraPeakProb": 0.8255143952558617, "meanPeakCenter": -1.3882309287572885, "meanPeakWidth": 2.1772832392107913, "noise": 0.2383827833718223, "stdPeakCenter": 6.358057489925828, "stdPeakWidth": 5.8581168673331865}, "datetime": {"datetime": "2022-09-22 16:14:50", "elapsed": 1165.381132, "delta": 30.898421}}
{"target": -0.0005469892944885418, "params": {"ampDecay": 0.1445445059948319, "extraPeakProb": 0.8194145296534316, "meanPeakCenter": -1.3538929591091697, "meanPeakWidth": 2.1839869205260936, "noise": 0.28398568305990457, "stdPeakCenter": 6.30965063116736, "stdPeakWidth": 5.5982301064056825}, "datetime": {"datetime": "2022-09-22 16:15:24", "elapsed": 1198.628108, "delta": 33.246976}}
{"target": -0.0006096829165096277, "params": {"ampDecay": 0.1378742476741564, "extraPeakProb": 0.761561946451573, "meanPeakCenter": -1.1849793680940763, "meanPeakWidth": 2.3262509449212514, "noise": 0.2536804674650162, "stdPeakCenter": 6.038262714252893, "stdPeakWidth": 5.435152765465755}, "datetime": {"datetime": "2022-09-22 16:15:54", "elapsed": 1229.229531, "delta": 30.601423}}
{"target": -0.0005287369381977459, "params": {"ampDecay": 0.17594229261918304, "extraPeakProb": 0.7641071745006678, "meanPeakCenter": -1.2944956262456517, "meanPeakWidth": 2.192678534823199, "noise": 0.28748013024168423, "stdPeakCenter": 6.144619866107943, "stdPeakWidth": 5.969357370960808}, "datetime": {"datetime": "2022-09-22 16:16:34", "elapsed": 1268.601609, "delta": 39.372078}}
{"target": -0.00048612958582145213, "params": {"ampDecay": 0.13065094834558, "extraPeakProb": 0.7846164211436086, "meanPeakCenter": -1.3003887775168648, "meanPeakWidth": 2.0124307476268175, "noise": 0.22109978656011592, "stdPeakCenter": 6.4901513617001045, "stdPeakWidth": 5.551156703218273}, "datetime": {"datetime": "2022-09-22 16:17:11", "elapsed": 1305.627384, "delta": 37.025775}}
{"target": -0.0005229049817860786, "params": {"ampDecay": 0.1718480423616482, "extraPeakProb": 0.7885021259631397, "meanPeakCenter": -1.3357614287956927, "meanPeakWidth": 2.1006005901125984, "noise": 0.2266388193883537, "stdPeakCenter": 6.545168334797734, "stdPeakWidth": 5.41297555130616}, "datetime": {"datetime": "2022-09-22 16:17:52", "elapsed": 1346.638569, "delta": 41.011185}}
{"target": -0.0005947453894434319, "params": {"ampDecay": 0.1793328477450929, "extraPeakProb": 0.7880991632872445, "meanPeakCenter": -1.2833976810595897, "meanPeakWidth": 2.148785414670008, "noise": 0.20582975760752184, "stdPeakCenter": 6.519724754508669, "stdPeakWidth": 6.049276555439496}, "datetime": {"datetime": "2022-09-22 16:18:25", "elapsed": 1379.998318, "delta": 33.359749}}
{"target": -0.0005672820819488671, "params": {"ampDecay": 0.1413770032361887, "extraPeakProb": 0.7953804167367517, "meanPeakCenter": -1.2557536167259424, "meanPeakWidth": 2.137145825543408, "noise": 0.28619452763208836, "stdPeakCenter": 6.188644117585699, "stdPeakWidth": 5.584611538236926}, "datetime": {"datetime": "2022-09-22 16:18:57", "elapsed": 1411.481026, "delta": 31.482708}}
{"target": -0.0010300498266093978, "params": {"ampDecay": 0.12773837679509203, "extraPeakProb": 0.8054488679810236, "meanPeakCenter": -1.145682781467493, "meanPeakWidth": 2.324528194264373, "noise": 0.23272210780848943, "stdPeakCenter": 6.423069167351999, "stdPeakWidth": 5.534331786561177}, "datetime": {"datetime": "2022-09-22 16:19:31", "elapsed": 1446.423001, "delta": 34.941975}}
{"target": -0.000495055313596362, "params": {"ampDecay": 0.1436389840230486, "extraPeakProb": 0.8180105514534527, "meanPeakCenter": -1.1427023066454987, "meanPeakWidth": 2.169869149765337, "noise": 0.2786929587967947, "stdPeakCenter": 6.356576412452999, "stdPeakWidth": 5.797474795328908}, "datetime": {"datetime": "2022-09-22 16:20:09", "elapsed": 1484.200846, "delta": 37.777845}}
{"target": -0.0006179199609131178, "params": {"ampDecay": 0.14132453845636467, "extraPeakProb": 0.7962785921213038, "meanPeakCenter": -1.276626535845786, "meanPeakWidth": 2.260159512842893, "noise": 0.2093282083393704, "stdPeakCenter": 6.213610673076753, "stdPeakWidth": 5.418190804108701}, "datetime": {"datetime": "2022-09-22 16:20:46", "elapsed": 1520.481477, "delta": 36.280631}}
{"target": -0.0005462082130130912, "params": {"ampDecay": 0.1567658042149396, "extraPeakProb": 0.8015526542245822, "meanPeakCenter": -1.067678084942975, "meanPeakWidth": 2.304475781936454, "noise": 0.2320515960754973, "stdPeakCenter": 6.048871012348036, "stdPeakWidth": 5.880836937143133}, "datetime": {"datetime": "2022-09-22 16:21:26", "elapsed": 1561.278038, "delta": 40.796561}}
{"target": -0.0005930743893949192, "params": {"ampDecay": 0.1540006440536992, "extraPeakProb": 0.8014415915182637, "meanPeakCenter": -1.0064488906135405, "meanPeakWidth": 2.1172444687758496, "noise": 0.258189375386181, "stdPeakCenter": 6.116819363787519, "stdPeakWidth": 5.897393438449704}, "datetime": {"datetime": "2022-09-22 16:22:04", "elapsed": 1599.407827, "delta": 38.129789}}
{"target": -0.0005584853820127831, "params": {"ampDecay": 0.12086635266264749, "extraPeakProb": 0.7788161530399416, "meanPeakCenter": -1.3951939388111856, "meanPeakWidth": 2.297241212068868, "noise": 0.2240454578094581, "stdPeakCenter": 6.284635018719637, "stdPeakWidth": 5.604063105229668}, "datetime": {"datetime": "2022-09-22 16:22:38", "elapsed": 1632.750613, "delta": 33.342786}}
{"target": -0.0005394269893075901, "params": {"ampDecay": 0.13098090947785385, "extraPeakProb": 0.8008628621706726, "meanPeakCenter": -1.0477740445878798, "meanPeakWidth": 2.3729661361289063, "noise": 0.23048926931981328, "stdPeakCenter": 6.360769322673656, "stdPeakWidth": 5.423610039965185}, "datetime": {"datetime": "2022-09-22 16:23:12", "elapsed": 1667.09982, "delta": 34.349207}}
{"target": -0.0005135961138655122, "params": {"ampDecay": 0.17912936482501182, "extraPeakProb": 0.8130445123318415, "meanPeakCenter": -1.3543794249310865, "meanPeakWidth": 2.0517266658386673, "noise": 0.2820113052953096, "stdPeakCenter": 6.70131873079115, "stdPeakWidth": 5.634101201053485}, "datetime": {"datetime": "2022-09-22 16:23:49", "elapsed": 1704.10069, "delta": 37.00087}}
{"target": -0.0005193191102985545, "params": {"ampDecay": 0.12203517522021089, "extraPeakProb": 0.8167629431623086, "meanPeakCenter": -1.304961466915886, "meanPeakWidth": 2.037396250854328, "noise": 0.2735851227078218, "stdPeakCenter": 6.3857990813463985, "stdPeakWidth": 5.865745924782891}, "datetime": {"datetime": "2022-09-22 16:24:29", "elapsed": 1744.120577, "delta": 40.019887}}
{"target": -0.0006171699155856117, "params": {"ampDecay": 0.1692780813978645, "extraPeakProb": 0.7907999597540668, "meanPeakCenter": -1.0951276925707796, "meanPeakWidth": 2.0594627649761397, "noise": 0.28602418045153644, "stdPeakCenter": 6.600479167027732, "stdPeakWidth": 5.829556652338146}, "datetime": {"datetime": "2022-09-22 16:25:00", "elapsed": 1774.970523, "delta": 30.849946}}
{"target": -0.0004739635845116367, "params": {"ampDecay": 0.1570723233087606, "extraPeakProb": 0.8164523412089489, "meanPeakCenter": -1.2519252039847508, "meanPeakWidth": 2.2578320353404453, "noise": 0.2637456032974397, "stdPeakCenter": 6.704430051488086, "stdPeakWidth": 5.640752447598011}, "datetime": {"datetime": "2022-09-22 16:25:37", "elapsed": 1812.194102, "delta": 37.223579}}
{"target": -0.0005529580687070246, "params": {"ampDecay": 0.13248020941340397, "extraPeakProb": 0.8333747306888981, "meanPeakCenter": -1.3917844484953226, "meanPeakWidth": 2.3755161667280316, "noise": 0.21417612162725283, "stdPeakCenter": 6.571157825751585, "stdPeakWidth": 5.988979608857821}, "datetime": {"datetime": "2022-09-22 16:26:12", "elapsed": 1846.631601, "delta": 34.437499}}
{"target": -0.0005199933049977566, "params": {"ampDecay": 0.14459763246483143, "extraPeakProb": 0.8194828988866355, "meanPeakCenter": -1.0279782716674144, "meanPeakWidth": 2.2469049042582014, "noise": 0.24717221223856695, "stdPeakCenter": 6.188712844962315, "stdPeakWidth": 5.633838488256121}, "datetime": {"datetime": "2022-09-22 16:26:48", "elapsed": 1883.208442, "delta": 36.576841}}
{"target": -0.0004872957803009493, "params": {"ampDecay": 0.126129380214949, "extraPeakProb": 0.8160826540056808, "meanPeakCenter": -1.2342492082904155, "meanPeakWidth": 2.3475143535346357, "noise": 0.20461339641035034, "stdPeakCenter": 6.297943395984221, "stdPeakWidth": 6.0347816849000875}, "datetime": {"datetime": "2022-09-22 16:27:24", "elapsed": 1918.46138, "delta": 35.252938}}
{"target": -0.0005988753846166767, "params": {"ampDecay": 0.15010882193069738, "extraPeakProb": 0.7995759233407033, "meanPeakCenter": -1.328863354621677, "meanPeakWidth": 2.127974391122426, "noise": 0.2655686265560598, "stdPeakCenter": 6.693732336294609, "stdPeakWidth": 5.720344898649997}, "datetime": {"datetime": "2022-09-22 16:27:55", "elapsed": 1950.239761, "delta": 31.778381}}
{"target": -0.0005856448123451436, "params": {"ampDecay": 0.16530519104085148, "extraPeakProb": 0.7682395243261015, "meanPeakCenter": -1.0453841735464888, "meanPeakWidth": 2.0440374280972713, "noise": 0.20198948109091222, "stdPeakCenter": 6.2024512854445195, "stdPeakWidth": 6.141573831411232}, "datetime": {"datetime": "2022-09-22 16:28:27", "elapsed": 1981.764254, "delta": 31.524493}}
