{"target": -0.00064373813417476, "params": {"ampDecay": 0.4683065276364715, "extraPeakProb": 0.38316372322642867, "meanPeakCenter": -15.0, "meanPeakWidth": 5.552108865344576, "noise": 0.0, "stdPeakCenter": 6.073766764004911, "stdPeakWidth": 1.6129609831647769}, "datetime": {"datetime": "2022-09-22 22:56:42", "elapsed": 21268.186718, "delta": 33.946294}}
{"target": -0.000624439387544692, "params": {"ampDecay": 0.7285654523066702, "extraPeakProb": 0.8085644791139929, "meanPeakCenter": -15.0, "meanPeakWidth": 4.373605411397477, "noise": 0.0, "stdPeakCenter": 7.447618352001174, "stdPeakWidth": 1.556380218972346}, "datetime": {"datetime": "2022-09-22 22:57:26", "elapsed": 21312.190366, "delta": 44.003648}}
{"target": -0.000584996762351564, "params": {"ampDecay": 0.622533726337878, "extraPeakProb": 0.18922778148392638, "meanPeakCenter": -15.0, "meanPeakWidth": 4.576202803011901, "noise": 0.0, "stdPeakCenter": 7.052832719855607, "stdPeakWidth": 1.4038186548155518}, "datetime": {"datetime": "2022-09-22 22:58:02", "elapsed": 21348.789754, "delta": 36.599388}}
{"target": -0.0006281123216203587, "params": {"ampDecay": 0.3325306078236261, "extraPeakProb": 0.30236398019816146, "meanPeakCenter": -15.0, "meanPeakWidth": 4.635567442202646, "noise": 0.0, "stdPeakCenter": 7.200861894760174, "stdPeakWidth": 1.5697739131387811}, "datetime": {"datetime": "2022-09-22 22:58:38", "elapsed": 21384.340896, "delta": 35.551142}}
{"target": -0.00084522012354516, "params": {"ampDecay": 0.7261195697576979, "extraPeakProb": 0.39552230086487716, "meanPeakCenter": -15.0, "meanPeakWidth": 5.192144936111499, "noise": 0.0, "stdPeakCenter": 6.631842614528524, "stdPeakWidth": 2.5259376436986756}, "datetime": {"datetime": "2022-09-22 22:59:20", "elapsed": 21425.996293, "delta": 41.655397}}
{"target": -0.0005989014622029761, "params": {"ampDecay": 0.38918797205552647, "extraPeakProb": 0.20324121765319492, "meanPeakCenter": -15.0, "meanPeakWidth": 4.6597717674887935, "noise": 0.0, "stdPeakCenter": 6.668486534445953, "stdPeakWidth": 1.5545623923574936}, "datetime": {"datetime": "2022-09-22 22:59:53", "elapsed": 21459.724852, "delta": 33.728559}}
{"target": -0.00064556580894975, "params": {"ampDecay": 0.6519315042251388, "extraPeakProb": 0.5321692834789821, "meanPeakCenter": -15.0, "meanPeakWidth": 4.098500204168218, "noise": 0.0, "stdPeakCenter": 7.228399529561172, "stdPeakWidth": 1.3636628923115635}, "datetime": {"datetime": "2022-09-22 23:00:30", "elapsed": 21496.23153, "delta": 36.506678}}
{"target": -0.0010590219239254377, "params": {"ampDecay": 0.7549712157541086, "extraPeakProb": 0.6960477933666981, "meanPeakCenter": -15.0, "meanPeakWidth": 4.05059643266478, "noise": 0.0, "stdPeakCenter": 7.3510805444540095, "stdPeakWidth": 1.5263906503431186}, "datetime": {"datetime": "2022-09-22 23:01:04", "elapsed": 21530.265422, "delta": 34.033892}}
{"target": -0.0006383235894812979, "params": {"ampDecay": 0.41633346251267955, "extraPeakProb": 0.8114964366127695, "meanPeakCenter": -15.0, "meanPeakWidth": 4.132662119252127, "noise": 0.0, "stdPeakCenter": 7.193741145213775, "stdPeakWidth": 1.7102167864819562}, "datetime": {"datetime": "2022-09-22 23:01:35", "elapsed": 21561.546191, "delta": 31.280769}}
{"target": -0.0006074090327503225, "params": {"ampDecay": 0.3988233222362497, "extraPeakProb": 0.19376723755229597, "meanPeakCenter": -15.0, "meanPeakWidth": 5.377264715396698, "noise": 0.0, "stdPeakCenter": 6.439475102864333, "stdPeakWidth": 1.8791643867292807}, "datetime": {"datetime": "2022-09-22 23:02:10", "elapsed": 21595.899073, "delta": 34.352882}}
{"target": -0.0008944309491577263, "params": {"ampDecay": 0.5637311234452568, "extraPeakProb": 0.490350527557905, "meanPeakCenter": -15.0, "meanPeakWidth": 3.7615202947650737, "noise": 0.0, "stdPeakCenter": 7.422833448534194, "stdPeakWidth": 1.5330091879327483}, "datetime": {"datetime": "2022-09-22 23:02:50", "elapsed": 21636.440395, "delta": 40.541322}}
{"target": -0.0006874220226827102, "params": {"ampDecay": 0.29622721134235597, "extraPeakProb": 0.17711740849018948, "meanPeakCenter": -15.0, "meanPeakWidth": 4.548764813704799, "noise": 0.0, "stdPeakCenter": 6.3582009266369175, "stdPeakWidth": 3.1985001604444276}, "datetime": {"datetime": "2022-09-22 23:03:29", "elapsed": 21675.05436, "delta": 38.613965}}
{"target": -0.0007024474924113435, "params": {"ampDecay": 0.5289945400701381, "extraPeakProb": 0.7209480545360863, "meanPeakCenter": -15.0, "meanPeakWidth": 3.9474936012690587, "noise": 0.0, "stdPeakCenter": 7.652839039100377, "stdPeakWidth": 1.3776669633788092}, "datetime": {"datetime": "2022-09-22 23:04:12", "elapsed": 21718.385403, "delta": 43.331043}}
{"target": -0.0006410673589908257, "params": {"ampDecay": 0.2878320974969085, "extraPeakProb": 0.3710979448981191, "meanPeakCenter": -15.0, "meanPeakWidth": 4.6433520218482185, "noise": 0.0, "stdPeakCenter": 6.894799654755452, "stdPeakWidth": 1.2299500394577156}, "datetime": {"datetime": "2022-09-22 23:04:45", "elapsed": 21750.997405, "delta": 32.612002}}
{"target": -0.0006208047220135218, "params": {"ampDecay": 0.1770124860356555, "extraPeakProb": 0.6481218579050159, "meanPeakCenter": -15.0, "meanPeakWidth": 5.3671834384866095, "noise": 0.0, "stdPeakCenter": 6.402791739800921, "stdPeakWidth": 1.8692941008693431}, "datetime": {"datetime": "2022-09-22 23:05:21", "elapsed": 21787.581874, "delta": 36.584469}}
{"target": -0.0006834848365527145, "params": {"ampDecay": 0.1581905340632128, "extraPeakProb": 0.6490681557290576, "meanPeakCenter": -15.0, "meanPeakWidth": 5.2056662786968255, "noise": 0.0, "stdPeakCenter": 5.624917170778939, "stdPeakWidth": 1.5495201202004445}, "datetime": {"datetime": "2022-09-22 23:05:51", "elapsed": 21816.895116, "delta": 29.313242}}
{"target": -0.000758213479113098, "params": {"ampDecay": 0.3989523984545418, "extraPeakProb": 0.17995235159524292, "meanPeakCenter": -15.0, "meanPeakWidth": 4.832650679020954, "noise": 0.0, "stdPeakCenter": 6.666276196677997, "stdPeakWidth": 2.3393196938150873}, "datetime": {"datetime": "2022-09-22 23:06:31", "elapsed": 21857.81063, "delta": 40.915514}}
{"target": -0.0007166889851053841, "params": {"ampDecay": 0.5718189075117217, "extraPeakProb": 0.12488110070449575, "meanPeakCenter": -15.0, "meanPeakWidth": 4.943327720888861, "noise": 0.0, "stdPeakCenter": 7.039299068590404, "stdPeakWidth": 2.5106990457149907}, "datetime": {"datetime": "2022-09-22 23:07:22", "elapsed": 21908.311403, "delta": 50.500773}}
{"target": -0.0006370675067939957, "params": {"ampDecay": 0.11498170786331877, "extraPeakProb": 0.35961929173359264, "meanPeakCenter": -15.0, "meanPeakWidth": 4.417188029471317, "noise": 0.0, "stdPeakCenter": 6.824561337061901, "stdPeakWidth": 1.6501919499060846}, "datetime": {"datetime": "2022-09-22 23:07:56", "elapsed": 21942.644793, "delta": 34.33339}}
{"target": -0.0009701531088959916, "params": {"ampDecay": 0.39381791168039404, "extraPeakProb": 0.5533460743985629, "meanPeakCenter": -15.0, "meanPeakWidth": 4.232581242168348, "noise": 0.0, "stdPeakCenter": 7.918352833592302, "stdPeakWidth": 1.9707357006600095}, "datetime": {"datetime": "2022-09-22 23:08:41", "elapsed": 21987.498552, "delta": 44.853759}}
{"target": -0.0010543860289202612, "params": {"ampDecay": 0.4087268172001636, "extraPeakProb": 0.5835330468078138, "meanPeakCenter": -15.0, "meanPeakWidth": 4.474771029280255, "noise": 0.0, "stdPeakCenter": 7.378283183410393, "stdPeakWidth": 2.068390017256823}, "datetime": {"datetime": "2022-09-22 23:09:19", "elapsed": 22025.754184, "delta": 38.255632}}
{"target": -0.0006707603978825515, "params": {"ampDecay": 0.7661230658355163, "extraPeakProb": 0.592311283543622, "meanPeakCenter": -15.0, "meanPeakWidth": 4.0806855964562505, "noise": 0.0, "stdPeakCenter": 7.592271818176929, "stdPeakWidth": 1.635535994213474}, "datetime": {"datetime": "2022-09-22 23:10:05", "elapsed": 22071.675934, "delta": 45.92175}}
{"target": -0.000983474372056378, "params": {"ampDecay": 0.417002732705571, "extraPeakProb": 0.32817675268406293, "meanPeakCenter": -15.0, "meanPeakWidth": 4.1236825367592855, "noise": 0.0, "stdPeakCenter": 7.794021808153737, "stdPeakWidth": 1.679078154857676}, "datetime": {"datetime": "2022-09-22 23:10:52", "elapsed": 22118.453939, "delta": 46.778005}}
{"target": -0.0006034099980655721, "params": {"ampDecay": 0.32193828211025877, "extraPeakProb": 0.5229683833314848, "meanPeakCenter": -15.0, "meanPeakWidth": 4.621529332814742, "noise": 0.0, "stdPeakCenter": 7.147670827232493, "stdPeakWidth": 1.6476749185907553}, "datetime": {"datetime": "2022-09-22 23:11:27", "elapsed": 22153.4377, "delta": 34.983761}}
{"target": -0.0006048769491736108, "params": {"ampDecay": 0.39784604483775665, "extraPeakProb": 0.5601134378823904, "meanPeakCenter": -15.0, "meanPeakWidth": 4.755341823249573, "noise": 0.0, "stdPeakCenter": 6.519530631363757, "stdPeakWidth": 1.3415988666416456}, "datetime": {"datetime": "2022-09-22 23:11:57", "elapsed": 22183.609803, "delta": 30.172103}}
{"target": -0.0008010996572096694, "params": {"ampDecay": 0.16644891660716654, "extraPeakProb": 0.15429471038799206, "meanPeakCenter": -15.0, "meanPeakWidth": 4.785228213838307, "noise": 0.0, "stdPeakCenter": 6.535943882187791, "stdPeakWidth": 2.0610552111601232}, "datetime": {"datetime": "2022-09-22 23:12:31", "elapsed": 22217.813654, "delta": 34.203851}}
{"target": -0.0007031166360837122, "params": {"ampDecay": 0.49825860413481593, "extraPeakProb": 0.6392516509651227, "meanPeakCenter": -15.0, "meanPeakWidth": 4.4820597002907565, "noise": 0.0, "stdPeakCenter": 7.2035813665981525, "stdPeakWidth": 1.754730239879585}, "datetime": {"datetime": "2022-09-22 23:13:05", "elapsed": 22251.625821, "delta": 33.812167}}
{"target": -0.0008872964104267694, "params": {"ampDecay": 0.5555134258949905, "extraPeakProb": 0.2061895906043498, "meanPeakCenter": -15.0, "meanPeakWidth": 4.44522191382866, "noise": 0.0, "stdPeakCenter": 7.12808452933909, "stdPeakWidth": 1.6540039004001483}, "datetime": {"datetime": "2022-09-22 23:13:46", "elapsed": 22292.107738, "delta": 40.481917}}
{"target": -0.0007094268264831286, "params": {"ampDecay": 0.1543839284492642, "extraPeakProb": 0.4075883152268378, "meanPeakCenter": -15.0, "meanPeakWidth": 5.14711208938912, "noise": 0.0, "stdPeakCenter": 6.422405886057271, "stdPeakWidth": 1.923784341338835}, "datetime": {"datetime": "2022-09-22 23:14:23", "elapsed": 22329.087556, "delta": 36.979818}}
{"target": -0.0006019271808866119, "params": {"ampDecay": 0.8759356770500143, "extraPeakProb": 0.24217683694706427, "meanPeakCenter": -15.0, "meanPeakWidth": 4.518017237016279, "noise": 0.0, "stdPeakCenter": 7.084569063296078, "stdPeakWidth": 1.4672209695916771}, "datetime": {"datetime": "2022-09-22 23:15:04", "elapsed": 22370.615297, "delta": 41.527741}}
{"target": -0.0007972265481663238, "params": {"ampDecay": 0.14905550768879197, "extraPeakProb": 0.20742165787240074, "meanPeakCenter": -15.0, "meanPeakWidth": 4.145132563274268, "noise": 0.0, "stdPeakCenter": 7.441492666084174, "stdPeakWidth": 1.5936098835329764}, "datetime": {"datetime": "2022-09-22 23:15:50", "elapsed": 22416.133631, "delta": 45.518334}}
{"target": -0.0007322897680289026, "params": {"ampDecay": 0.48319814358124125, "extraPeakProb": 0.19673051663732866, "meanPeakCenter": -15.0, "meanPeakWidth": 4.406335353324536, "noise": 0.0, "stdPeakCenter": 6.942349365025393, "stdPeakWidth": 1.4267620580038942}, "datetime": {"datetime": "2022-09-22 23:16:25", "elapsed": 22450.852293, "delta": 34.718662}}
{"target": -0.0009818450270785508, "params": {"ampDecay": 0.19580967042583836, "extraPeakProb": 0.22810451102541088, "meanPeakCenter": -15.0, "meanPeakWidth": 4.50788635394786, "noise": 0.0, "stdPeakCenter": 7.634456497084592, "stdPeakWidth": 1.916302253147154}, "datetime": {"datetime": "2022-09-22 23:17:01", "elapsed": 22487.708499, "delta": 36.856206}}
{"target": -0.0006424157836624503, "params": {"ampDecay": 0.18157735014792753, "extraPeakProb": 0.3506659894054751, "meanPeakCenter": -15.0, "meanPeakWidth": 5.149759610594947, "noise": 0.0, "stdPeakCenter": 6.457525900653467, "stdPeakWidth": 2.2289777417977454}, "datetime": {"datetime": "2022-09-22 23:17:41", "elapsed": 22527.286865, "delta": 39.578366}}
{"target": -0.0005950063082789522, "params": {"ampDecay": 0.18347006604608548, "extraPeakProb": 0.6342042388882876, "meanPeakCenter": -15.0, "meanPeakWidth": 4.523668659382196, "noise": 0.0, "stdPeakCenter": 7.162131044281782, "stdPeakWidth": 1.3062333401695958}, "datetime": {"datetime": "2022-09-22 23:18:16", "elapsed": 22561.849404, "delta": 34.562539}}
{"target": -0.0007988639949919805, "params": {"ampDecay": 0.8948434370835359, "extraPeakProb": 0.35098200582582495, "meanPeakCenter": -15.0, "meanPeakWidth": 4.044314772635655, "noise": 0.0, "stdPeakCenter": 7.152186427648369, "stdPeakWidth": 1.548994432828783}, "datetime": {"datetime": "2022-09-22 23:19:01", "elapsed": 22606.957072, "delta": 45.107668}}
{"target": -0.0015907566780351398, "params": {"ampDecay": 0.8268114768524021, "extraPeakProb": 0.2136472125384625, "meanPeakCenter": -15.0, "meanPeakWidth": 7.3912202431639695, "noise": 0.0, "stdPeakCenter": 4.56579987727978, "stdPeakWidth": 3.9117155767145246}, "datetime": {"datetime": "2022-09-22 23:19:50", "elapsed": 22656.089632, "delta": 49.13256}}
{"target": -0.0007403353366198091, "params": {"ampDecay": 0.8599410607786329, "extraPeakProb": 0.197936695366176, "meanPeakCenter": -15.0, "meanPeakWidth": 4.378873944062114, "noise": 0.0, "stdPeakCenter": 6.998988549273379, "stdPeakWidth": 1.691488243750241}, "datetime": {"datetime": "2022-09-22 23:20:33", "elapsed": 22698.981188, "delta": 42.891556}}
{"target": -0.0006350328908574967, "params": {"ampDecay": 0.30522565751256536, "extraPeakProb": 0.32059061099044406, "meanPeakCenter": -15.0, "meanPeakWidth": 5.312186057159907, "noise": 0.0, "stdPeakCenter": 6.611928759591023, "stdPeakWidth": 1.8194639442919358}, "datetime": {"datetime": "2022-09-22 23:21:07", "elapsed": 22733.769476, "delta": 34.788288}}
{"target": -0.0009033228593044615, "params": {"ampDecay": 0.6509074099166128, "extraPeakProb": 0.7367386294932694, "meanPeakCenter": -15.0, "meanPeakWidth": 4.3255233777305175, "noise": 0.0, "stdPeakCenter": 7.0380702336894245, "stdPeakWidth": 1.7638876054057029}, "datetime": {"datetime": "2022-09-22 23:21:48", "elapsed": 22773.850024, "delta": 40.080548}}
{"target": -0.0009065374407868625, "params": {"ampDecay": 0.5023357572445378, "extraPeakProb": 0.5799774620936973, "meanPeakCenter": -15.0, "meanPeakWidth": 4.0319899536895765, "noise": 0.0, "stdPeakCenter": 7.391066669719929, "stdPeakWidth": 1.8215849841462195}, "datetime": {"datetime": "2022-09-22 23:22:22", "elapsed": 22807.933128, "delta": 34.083104}}
{"target": -0.0007135517195033877, "params": {"ampDecay": 0.38096732210528317, "extraPeakProb": 0.2764362414365701, "meanPeakCenter": -15.0, "meanPeakWidth": 4.979486252409072, "noise": 0.0, "stdPeakCenter": 6.628269679581178, "stdPeakWidth": 1.66205908262397}, "datetime": {"datetime": "2022-09-22 23:22:55", "elapsed": 22841.032655, "delta": 33.099527}}
{"target": -0.0005957436248770374, "params": {"ampDecay": 0.22707978943693785, "extraPeakProb": 0.5455477405674504, "meanPeakCenter": -15.0, "meanPeakWidth": 5.294256492293982, "noise": 0.0, "stdPeakCenter": 6.136724112961898, "stdPeakWidth": 1.9979969876394377}, "datetime": {"datetime": "2022-09-22 23:23:33", "elapsed": 22878.91723, "delta": 37.884575}}
{"target": -0.0006675143898381211, "params": {"ampDecay": 0.7922758067290966, "extraPeakProb": 0.5279875800896595, "meanPeakCenter": -15.0, "meanPeakWidth": 5.391585504074374, "noise": 0.0, "stdPeakCenter": 6.788556215316316, "stdPeakWidth": 2.6069294107048933}, "datetime": {"datetime": "2022-09-22 23:24:08", "elapsed": 22914.058182, "delta": 35.140952}}
{"target": -0.0006326289585523496, "params": {"ampDecay": 0.675444798312864, "extraPeakProb": 0.8561283297572627, "meanPeakCenter": -15.0, "meanPeakWidth": 4.279382584997865, "noise": 0.0, "stdPeakCenter": 6.995358885928333, "stdPeakWidth": 1.9179030213562949}, "datetime": {"datetime": "2022-09-22 23:24:40", "elapsed": 22946.284984, "delta": 32.226802}}
{"target": -0.0006808763091692309, "params": {"ampDecay": 0.7020669457040913, "extraPeakProb": 0.8198177776849476, "meanPeakCenter": -15.0, "meanPeakWidth": 4.432813842993534, "noise": 0.0, "stdPeakCenter": 7.646212246762949, "stdPeakWidth": 1.874373304887134}, "datetime": {"datetime": "2022-09-22 23:25:18", "elapsed": 22983.97222, "delta": 37.687236}}
{"target": -0.0009728134364801259, "params": {"ampDecay": 0.7648711031387809, "extraPeakProb": 0.42895947808795454, "meanPeakCenter": -15.0, "meanPeakWidth": 3.883282629145267, "noise": 0.0, "stdPeakCenter": 7.098115921845315, "stdPeakWidth": 1.7171320988301597}, "datetime": {"datetime": "2022-09-22 23:25:58", "elapsed": 23024.476208, "delta": 40.503988}}
{"target": -0.0011789923055279886, "params": {"ampDecay": 0.7072567893508785, "extraPeakProb": 0.2878508428991924, "meanPeakCenter": -15.0, "meanPeakWidth": 4.65308997571575, "noise": 0.0, "stdPeakCenter": 6.250003718696259, "stdPeakWidth": 2.400136451927967}, "datetime": {"datetime": "2022-09-22 23:26:40", "elapsed": 23066.370646, "delta": 41.894438}}
{"target": -0.0008270396613493928, "params": {"ampDecay": 0.5456235464551316, "extraPeakProb": 0.36432342311009824, "meanPeakCenter": -15.0, "meanPeakWidth": 5.146619982975097, "noise": 0.0, "stdPeakCenter": 6.9536813122612, "stdPeakWidth": 2.074702047915016}, "datetime": {"datetime": "2022-09-22 23:27:16", "elapsed": 23102.457509, "delta": 36.086863}}
{"target": -0.000771209637901875, "params": {"ampDecay": 0.6128440896982174, "extraPeakProb": 0.3525082977291759, "meanPeakCenter": -15.0, "meanPeakWidth": 4.357245735138172, "noise": 0.0, "stdPeakCenter": 6.851547433216911, "stdPeakWidth": 1.7861251249708592}, "datetime": {"datetime": "2022-09-22 23:28:03", "elapsed": 23149.683592, "delta": 47.226083}}
{"target": -0.0009268148899305087, "params": {"ampDecay": 0.5476816833559677, "extraPeakProb": 0.17604826019971087, "meanPeakCenter": -15.0, "meanPeakWidth": 4.041904855096422, "noise": 0.0, "stdPeakCenter": 6.905833083625823, "stdPeakWidth": 1.5131019505847476}, "datetime": {"datetime": "2022-09-22 23:28:38", "elapsed": 23184.77445, "delta": 35.090858}}
{"target": -0.0006013009232550791, "params": {"ampDecay": 0.5769775992998071, "extraPeakProb": 0.8305194754546666, "meanPeakCenter": -15.0, "meanPeakWidth": 4.455902633410741, "noise": 0.0, "stdPeakCenter": 6.66308641440901, "stdPeakWidth": 1.2237937126747207}, "datetime": {"datetime": "2022-09-22 23:29:20", "elapsed": 23226.782554, "delta": 42.008104}}
{"target": -0.0006801743235512956, "params": {"ampDecay": 0.5846614647529251, "extraPeakProb": 0.11838502351843738, "meanPeakCenter": -15.0, "meanPeakWidth": 5.255339505296103, "noise": 0.0, "stdPeakCenter": 6.360045899812744, "stdPeakWidth": 2.360933475166637}, "datetime": {"datetime": "2022-09-22 23:30:09", "elapsed": 23275.799374, "delta": 49.01682}}
{"target": -0.000632964353620523, "params": {"ampDecay": 0.3796024764955922, "extraPeakProb": 0.8751690104536541, "meanPeakCenter": -15.0, "meanPeakWidth": 5.367630725481406, "noise": 0.0, "stdPeakCenter": 6.290315872003243, "stdPeakWidth": 1.8494216539373487}, "datetime": {"datetime": "2022-09-22 23:30:44", "elapsed": 23309.98002, "delta": 34.180646}}
{"target": -0.0010064356263696395, "params": {"ampDecay": 0.4952431131940688, "extraPeakProb": 0.41816178789660274, "meanPeakCenter": -15.0, "meanPeakWidth": 4.2385889279255275, "noise": 0.0, "stdPeakCenter": 7.132688023685484, "stdPeakWidth": 1.5201993539830039}, "datetime": {"datetime": "2022-09-22 23:31:19", "elapsed": 23345.419864, "delta": 35.439844}}
{"target": -0.0010026488908195768, "params": {"ampDecay": 0.2929269426737483, "extraPeakProb": 0.437652476129893, "meanPeakCenter": -15.0, "meanPeakWidth": 3.905564778981593, "noise": 0.0, "stdPeakCenter": 7.156533253010501, "stdPeakWidth": 1.5988710805302697}, "datetime": {"datetime": "2022-09-22 23:31:56", "elapsed": 23382.725075, "delta": 37.305211}}
{"target": -0.0006339643413329894, "params": {"ampDecay": 0.7401799136393264, "extraPeakProb": 0.29197771293852015, "meanPeakCenter": -15.0, "meanPeakWidth": 5.098696767328983, "noise": 0.0, "stdPeakCenter": 6.420819168872689, "stdPeakWidth": 1.9649364732244807}, "datetime": {"datetime": "2022-09-22 23:32:32", "elapsed": 23418.595362, "delta": 35.870287}}
{"target": -0.0005823189694502945, "params": {"ampDecay": 0.648833814404454, "extraPeakProb": 0.7180980523576846, "meanPeakCenter": -15.0, "meanPeakWidth": 4.587377417216177, "noise": 0.0, "stdPeakCenter": 7.297108335044101, "stdPeakWidth": 1.6593422193971135}, "datetime": {"datetime": "2022-09-22 23:33:02", "elapsed": 23447.8305, "delta": 29.235138}}
{"target": -0.0009729398911060283, "params": {"ampDecay": 0.7965914867340914, "extraPeakProb": 0.32263441139596394, "meanPeakCenter": -15.0, "meanPeakWidth": 4.38552083702355, "noise": 0.0, "stdPeakCenter": 6.989145726846865, "stdPeakWidth": 2.9401626026761485}, "datetime": {"datetime": "2022-09-22 23:33:39", "elapsed": 23485.223523, "delta": 37.393023}}
{"target": -0.0005850488498458561, "params": {"ampDecay": 0.18582303529664196, "extraPeakProb": 0.7968826215254822, "meanPeakCenter": -15.0, "meanPeakWidth": 4.443942988375415, "noise": 0.0, "stdPeakCenter": 7.442870551859052, "stdPeakWidth": 1.6450284231857233}, "datetime": {"datetime": "2022-09-22 23:34:07", "elapsed": 23513.800591, "delta": 28.577068}}
{"target": -0.0006420582361421119, "params": {"ampDecay": 0.5717856834371569, "extraPeakProb": 0.8047416508766523, "meanPeakCenter": -15.0, "meanPeakWidth": 4.513987956986668, "noise": 0.0, "stdPeakCenter": 7.662437670973702, "stdPeakWidth": 1.8147248402487604}, "datetime": {"datetime": "2022-09-22 23:34:36", "elapsed": 23542.71835, "delta": 28.917759}}
