{"target": -347.20910815107754, "params": {"ampDecay": 0.44156268563373935, "amp_skew": 6.214182995243107, "extraPeakProb": 0.9309915843631366, "meanPeakWidth": 0.2038100504486901, "stdPeakWidth": 0.0598769457656582, "width_skew": 9.975904854105917}, "datetime": {"datetime": "2022-11-16 21:58:53", "elapsed": 8772.658167, "delta": 52.621684}}
{"target": -355.35637436767496, "params": {"ampDecay": 0.42639067180076007, "amp_skew": 6.676442515755464, "extraPeakProb": 0.9121030960541879, "meanPeakWidth": 0.20851273496166284, "stdPeakWidth": 0.0327997687559153, "width_skew": 9.410924586564573}, "datetime": {"datetime": "2022-11-16 21:59:54", "elapsed": 8834.291321, "delta": 61.633154}}
{"target": -358.7288233727626, "params": {"ampDecay": 0.40657195237063787, "amp_skew": 6.2334862728829235, "extraPeakProb": 0.9089384910463332, "meanPeakWidth": 0.18661588222577524, "stdPeakWidth": 0.056693404851029174, "width_skew": 9.208734268263209}, "datetime": {"datetime": "2022-11-16 22:00:39", "elapsed": 8879.098729, "delta": 44.807408}}
{"target": -360.68375008728884, "params": {"ampDecay": 0.4122715688940585, "amp_skew": 6.518741340064394, "extraPeakProb": 0.9250793761750039, "meanPeakWidth": 0.20441838362471312, "stdPeakWidth": 0.0364798718356776, "width_skew": 9.982847198036906}, "datetime": {"datetime": "2022-11-16 22:01:25", "elapsed": 8924.476954, "delta": 45.378225}}
{"target": -353.36167915875984, "params": {"ampDecay": 0.4947886314215034, "amp_skew": 6.733681259953446, "extraPeakProb": 0.9256219984105735, "meanPeakWidth": 0.20050854422604777, "stdPeakWidth": 0.051970238910518676, "width_skew": 9.10736360651606}, "datetime": {"datetime": "2022-11-16 22:02:16", "elapsed": 8975.421849, "delta": 50.944895}}
{"target": -333.3762104703171, "params": {"ampDecay": 0.49518050713248607, "amp_skew": 6.57516121807165, "extraPeakProb": 0.9198913157421819, "meanPeakWidth": 0.1915662623387526, "stdPeakWidth": 0.04713462105113754, "width_skew": 9.240856349935616}, "datetime": {"datetime": "2022-11-16 22:03:03", "elapsed": 9023.117708, "delta": 47.695859}}
{"target": -348.8185448496757, "params": {"ampDecay": 0.4429191221305152, "amp_skew": 6.238075451891314, "extraPeakProb": 0.9054093070664144, "meanPeakWidth": 0.1824816119373474, "stdPeakWidth": 0.05260906945792839, "width_skew": 9.06232811387129}, "datetime": {"datetime": "2022-11-16 22:03:49", "elapsed": 9068.660835, "delta": 45.543127}}
{"target": -347.5129729357568, "params": {"ampDecay": 0.4081888637261631, "amp_skew": 6.215391408416659, "extraPeakProb": 0.9354981740390582, "meanPeakWidth": 0.1965007591787107, "stdPeakWidth": 0.045919187254067004, "width_skew": 9.071321867009368}, "datetime": {"datetime": "2022-11-16 22:04:34", "elapsed": 9113.492142, "delta": 44.831307}}
{"target": -363.8044649321639, "params": {"ampDecay": 0.49543658426988685, "amp_skew": 6.59244058771797, "extraPeakProb": 0.9248736606684551, "meanPeakWidth": 0.20557136312834096, "stdPeakWidth": 0.04905212861456312, "width_skew": 9.357238290308217}, "datetime": {"datetime": "2022-11-16 22:05:16", "elapsed": 9155.892485, "delta": 42.400343}}
{"target": -347.8982877361662, "params": {"ampDecay": 0.4788593353177385, "amp_skew": 6.076751469198822, "extraPeakProb": 0.9293996151932128, "meanPeakWidth": 0.21692884374126728, "stdPeakWidth": 0.04844799348078769, "width_skew": 9.657046467387532}, "datetime": {"datetime": "2022-11-16 22:06:01", "elapsed": 9200.873226, "delta": 44.980741}}
{"target": -363.5092677380272, "params": {"ampDecay": 0.4401137066900133, "amp_skew": 6.678557076785816, "extraPeakProb": 0.9378606948475932, "meanPeakWidth": 0.21850389020900973, "stdPeakWidth": 0.046414847607113535, "width_skew": 9.33311488649797}, "datetime": {"datetime": "2022-11-16 22:06:37", "elapsed": 9236.621819, "delta": 35.748593}}
