{"target": -0.0010619537234260812, "params": {"ampDecay": 0.3277878696291908, "extraPeakProb": 0.22349365710942407, "meanPeakCenter": -7.278663657801863, "meanPeakWidth": 1.5398975602496068, "noise": 0.0, "stdPeakCenter": 8.41267092358221, "stdPeakWidth": 4.691493959933392}, "datetime": {"datetime": "2022-09-22 19:08:21", "elapsed": 7566.885421, "delta": 43.303097}}
{"target": -0.0006142122764413512, "params": {"ampDecay": 0.636188216973034, "extraPeakProb": 0.26680799771238883, "meanPeakCenter": -7.504670082205924, "meanPeakWidth": 0.45059079517245415, "noise": 0.0, "stdPeakCenter": 3.460130389827507, "stdPeakWidth": 4.161375258560876}, "datetime": {"datetime": "2022-09-22 19:08:59", "elapsed": 7605.025295, "delta": 38.139874}}
{"target": -0.000682800388505714, "params": {"ampDecay": 0.24327231334482793, "extraPeakProb": 0.4511762005911516, "meanPeakCenter": -11.425340493566544, "meanPeakWidth": 3.1462936246178765, "noise": 0.0, "stdPeakCenter": 5.923403846800186, "stdPeakWidth": 1.776916957348914}, "datetime": {"datetime": "2022-09-22 19:09:37", "elapsed": 7642.892769, "delta": 37.867474}}
{"target": -0.0014740797082666655, "params": {"ampDecay": 0.629250929575394, "extraPeakProb": 0.32717123937518355, "meanPeakCenter": -11.450551658278382, "meanPeakWidth": 0.8920412050241744, "noise": 0.0, "stdPeakCenter": 8.388336487308441, "stdPeakWidth": 1.7765274490018501}, "datetime": {"datetime": "2022-09-22 19:10:17", "elapsed": 7683.077757, "delta": 40.184988}}
{"target": -0.0006695337878996813, "params": {"ampDecay": 0.1944164246552952, "extraPeakProb": 0.4072264877988323, "meanPeakCenter": -9.64176748083494, "meanPeakWidth": 8.335597604524951, "noise": 0.0, "stdPeakCenter": 3.9567502542213004, "stdPeakWidth": 4.370674547431654}, "datetime": {"datetime": "2022-09-22 19:10:43", "elapsed": 7709.22632, "delta": 26.148563}}
{"target": -0.0010305504715701962, "params": {"ampDecay": 0.6916929770294118, "extraPeakProb": 0.17584577149674951, "meanPeakCenter": -12.271786683362128, "meanPeakWidth": 3.067640691682736, "noise": 0.0, "stdPeakCenter": 2.8414090938182603, "stdPeakWidth": 3.9700769208603353}, "datetime": {"datetime": "2022-09-22 19:11:21", "elapsed": 7747.604802, "delta": 38.378482}}
{"target": -0.0008471905822200321, "params": {"ampDecay": 0.46129355303518016, "extraPeakProb": 0.2926366816089804, "meanPeakCenter": -8.672941489176484, "meanPeakWidth": 1.163127648691119, "noise": 0.0, "stdPeakCenter": 8.176604680512476, "stdPeakWidth": 2.834436437074035}, "datetime": {"datetime": "2022-09-22 19:12:03", "elapsed": 7788.98528, "delta": 41.380478}}
{"target": -0.000666542131508531, "params": {"ampDecay": 0.8272834967213075, "extraPeakProb": 0.2690446319210634, "meanPeakCenter": -14.863161324887235, "meanPeakWidth": 8.641951670542984, "noise": 0.0, "stdPeakCenter": 7.069787225850757, "stdPeakWidth": 2.161095110045004}, "datetime": {"datetime": "2022-09-22 19:12:25", "elapsed": 7811.155416, "delta": 22.170136}}
{"target": -0.0009454142802904257, "params": {"ampDecay": 0.11135936338289039, "extraPeakProb": 0.5474647689260518, "meanPeakCenter": -12.655190340470938, "meanPeakWidth": 0.7513597631713798, "noise": 0.0, "stdPeakCenter": 6.781220859550796, "stdPeakWidth": 2.866522760503597}, "datetime": {"datetime": "2022-09-22 19:13:06", "elapsed": 7852.680323, "delta": 41.524907}}
{"target": -0.0013361770644449503, "params": {"ampDecay": 0.6217967244833227, "extraPeakProb": 0.19854727618291346, "meanPeakCenter": -11.630885538656688, "meanPeakWidth": 5.16101932146587, "noise": 0.0, "stdPeakCenter": 3.2379780642179767, "stdPeakWidth": 2.5400089980600535}, "datetime": {"datetime": "2022-09-22 19:13:38", "elapsed": 7883.840318, "delta": 31.159995}}
{"target": -0.0014056873921043077, "params": {"ampDecay": 0.8056577159401603, "extraPeakProb": 0.6441190748356806, "meanPeakCenter": -12.781376730628482, "meanPeakWidth": 1.5829829038196208, "noise": 0.0, "stdPeakCenter": 5.250819410164933, "stdPeakWidth": 1.6866905004539317}, "datetime": {"datetime": "2022-09-22 19:14:16", "elapsed": 7922.642358, "delta": 38.80204}}
{"target": -0.0008387029957699982, "params": {"ampDecay": 0.5956670796459375, "extraPeakProb": 0.23797942998104943, "meanPeakCenter": -13.033545532948741, "meanPeakWidth": 4.032824523553872, "noise": 0.0, "stdPeakCenter": 3.1208487677504593, "stdPeakWidth": 0.8876008566877236}, "datetime": {"datetime": "2022-09-22 19:14:39", "elapsed": 7945.637993, "delta": 22.995635}}
{"target": -0.0007736723369293114, "params": {"ampDecay": 0.13976199026301012, "extraPeakProb": 0.13351990252064674, "meanPeakCenter": -12.458008099893409, "meanPeakWidth": 9.125218124694626, "noise": 0.0, "stdPeakCenter": 1.262474554183014, "stdPeakWidth": 2.863151154158237}, "datetime": {"datetime": "2022-09-22 19:15:01", "elapsed": 7967.652492, "delta": 22.014499}}
{"target": -0.0008575988994407955, "params": {"ampDecay": 0.8116664942613472, "extraPeakProb": 0.8897073824034462, "meanPeakCenter": -14.186890106395106, "meanPeakWidth": 9.792239452305301, "noise": 0.0, "stdPeakCenter": 2.2964750624952, "stdPeakWidth": 0.07302999262494447}, "datetime": {"datetime": "2022-09-22 19:15:20", "elapsed": 7986.646194, "delta": 18.993702}}
{"target": -0.001049159251227003, "params": {"ampDecay": 0.5758488978203146, "extraPeakProb": 0.65826398270709, "meanPeakCenter": -10.82869181549863, "meanPeakWidth": 5.855509815730021, "noise": 0.0, "stdPeakCenter": 0.27896519989, "stdPeakWidth": 4.273504062594003}, "datetime": {"datetime": "2022-09-22 19:15:45", "elapsed": 8011.533736, "delta": 24.887542}}
{"target": -0.0012357569573743707, "params": {"ampDecay": 0.44005954865279917, "extraPeakProb": 0.4447635334264296, "meanPeakCenter": -12.076552931361398, "meanPeakWidth": 3.7625837377000715, "noise": 0.0, "stdPeakCenter": 1.7719927410932834, "stdPeakWidth": 3.3533359578111934}, "datetime": {"datetime": "2022-09-22 19:16:26", "elapsed": 8051.819781, "delta": 40.286045}}
{"target": -0.000636692862798415, "params": {"ampDecay": 0.715046238746955, "extraPeakProb": 0.3689117069427179, "meanPeakCenter": -12.34346918427153, "meanPeakWidth": 3.163538522564364, "noise": 0.0, "stdPeakCenter": 4.458037235114579, "stdPeakWidth": 4.177957195173866}, "datetime": {"datetime": "2022-09-22 19:16:59", "elapsed": 8085.226534, "delta": 33.406753}}
{"target": -0.0006638970382415927, "params": {"ampDecay": 0.6063099463676338, "extraPeakProb": 0.6134486732086197, "meanPeakCenter": -11.218890738683715, "meanPeakWidth": 4.966283590394834, "noise": 0.0, "stdPeakCenter": 3.0647608354649494, "stdPeakWidth": 2.552733800144905}, "datetime": {"datetime": "2022-09-22 19:17:27", "elapsed": 8112.961438, "delta": 27.734904}}
{"target": -0.0006192345958000008, "params": {"ampDecay": 0.7065337673049871, "extraPeakProb": 0.7055524377561008, "meanPeakCenter": -7.2815525442233255, "meanPeakWidth": 2.8837887137962372, "noise": 0.0, "stdPeakCenter": 5.960617186987164, "stdPeakWidth": 0.46579100537243623}, "datetime": {"datetime": "2022-09-22 19:17:52", "elapsed": 8138.30887, "delta": 25.347432}}
{"target": -0.000802310670190143, "params": {"ampDecay": 0.7107892154604024, "extraPeakProb": 0.2745772537834227, "meanPeakCenter": -14.26148475788422, "meanPeakWidth": 0.12071362207664804, "noise": 0.0, "stdPeakCenter": 9.377044981815027, "stdPeakWidth": 3.9953841853042666}, "datetime": {"datetime": "2022-09-22 19:18:36", "elapsed": 8182.793522, "delta": 44.484652}}
{"target": -0.0006502194518753921, "params": {"ampDecay": 0.8257168926890601, "extraPeakProb": 0.5895405375828277, "meanPeakCenter": -12.969956468359818, "meanPeakWidth": 3.808988773923494, "noise": 0.0, "stdPeakCenter": 6.253336454247745, "stdPeakWidth": 4.080619338602824}, "datetime": {"datetime": "2022-09-22 19:19:12", "elapsed": 8218.265548, "delta": 35.472026}}
{"target": -0.000663686530123248, "params": {"ampDecay": 0.7060384436076806, "extraPeakProb": 0.6983440486366049, "meanPeakCenter": -12.774959481882647, "meanPeakWidth": 7.84612964523032, "noise": 0.0, "stdPeakCenter": 7.715058739599492, "stdPeakWidth": 4.643615950911865}, "datetime": {"datetime": "2022-09-22 19:19:43", "elapsed": 8248.840785, "delta": 30.575237}}
{"target": -0.0008979237603641226, "params": {"ampDecay": 0.21635680572528537, "extraPeakProb": 0.33172247454739734, "meanPeakCenter": -8.863745344513827, "meanPeakWidth": 7.606902317379446, "noise": 0.0, "stdPeakCenter": 1.264266102644459, "stdPeakWidth": 3.75656068592807}, "datetime": {"datetime": "2022-09-22 19:20:14", "elapsed": 8280.7195, "delta": 31.878715}}
{"target": -0.0008023395446654643, "params": {"ampDecay": 0.32656257001162836, "extraPeakProb": 0.7391455764710977, "meanPeakCenter": -13.842157380537326, "meanPeakWidth": 1.502167291116191, "noise": 0.0, "stdPeakCenter": 5.067185195071879, "stdPeakWidth": 4.536484574514872}, "datetime": {"datetime": "2022-09-22 19:20:52", "elapsed": 8318.698926, "delta": 37.979426}}
{"target": -0.0006521365650553158, "params": {"ampDecay": 0.6870688854571994, "extraPeakProb": 0.5242986107323183, "meanPeakCenter": -8.672971649894698, "meanPeakWidth": 8.099251586850022, "noise": 0.0, "stdPeakCenter": 6.761345470440052, "stdPeakWidth": 3.916319535282993}, "datetime": {"datetime": "2022-09-22 19:21:19", "elapsed": 8345.751336, "delta": 27.05241}}
{"target": -0.0006921105499714227, "params": {"ampDecay": 0.5283909852013255, "extraPeakProb": 0.8722615233879932, "meanPeakCenter": -8.896783410925458, "meanPeakWidth": 2.8431639309472647, "noise": 0.0, "stdPeakCenter": 3.910984322155273, "stdPeakWidth": 2.4559072835487177}, "datetime": {"datetime": "2022-09-22 19:21:54", "elapsed": 8380.795481, "delta": 35.044145}}
{"target": -0.0006913282903370259, "params": {"ampDecay": 0.2053621807360199, "extraPeakProb": 0.8551392287259544, "meanPeakCenter": -12.379216112554946, "meanPeakWidth": 6.636401286805541, "noise": 0.0, "stdPeakCenter": 7.027289398635918, "stdPeakWidth": 4.316783936561047}, "datetime": {"datetime": "2022-09-22 19:22:36", "elapsed": 8422.225573, "delta": 41.430092}}
{"target": -0.0008879232367418121, "params": {"ampDecay": 0.21064694231694558, "extraPeakProb": 0.4136241176817451, "meanPeakCenter": -13.266064056403714, "meanPeakWidth": 7.495335310369851, "noise": 0.0, "stdPeakCenter": 0.7938519257938881, "stdPeakWidth": 1.0416892866242962}, "datetime": {"datetime": "2022-09-22 19:22:54", "elapsed": 8440.646327, "delta": 18.420754}}
{"target": -0.001324055121494501, "params": {"ampDecay": 0.49792950837620376, "extraPeakProb": 0.5626616900893068, "meanPeakCenter": -7.240984760842309, "meanPeakWidth": 2.172933768603632, "noise": 0.0, "stdPeakCenter": 3.014683536150362, "stdPeakWidth": 1.6741425941881727}, "datetime": {"datetime": "2022-09-22 19:23:44", "elapsed": 8490.342117, "delta": 49.69579}}
{"target": -0.0008305249438795699, "params": {"ampDecay": 0.5871706513765912, "extraPeakProb": 0.7565066622839698, "meanPeakCenter": -8.973763894017651, "meanPeakWidth": 7.203330801036294, "noise": 0.0, "stdPeakCenter": 1.1166939374486273, "stdPeakWidth": 0.08976618821611548}, "datetime": {"datetime": "2022-09-22 19:24:02", "elapsed": 8508.355979, "delta": 18.013862}}
{"target": -0.0017651539300890058, "params": {"ampDecay": 0.33760074373032056, "extraPeakProb": 0.6852864230115228, "meanPeakCenter": -14.356669669581818, "meanPeakWidth": 1.317102584096066, "noise": 0.0, "stdPeakCenter": 7.385098832168259, "stdPeakWidth": 0.12170245199481788}, "datetime": {"datetime": "2022-09-22 19:24:52", "elapsed": 8558.664639, "delta": 50.30866}}
{"target": -0.0005896564825953256, "params": {"ampDecay": 0.2080104777042233, "extraPeakProb": 0.11021434049314607, "meanPeakCenter": -7.627592879589689, "meanPeakWidth": 8.035662873169866, "noise": 0.0, "stdPeakCenter": 4.36760411260958, "stdPeakWidth": 4.867408033787848}, "datetime": {"datetime": "2022-09-22 19:25:26", "elapsed": 8592.558831, "delta": 33.894192}}
{"target": -0.00832888891302702, "params": {"ampDecay": 0.4449745769080361, "extraPeakProb": 0.17391451402084615, "meanPeakCenter": -12.414323298582252, "meanPeakWidth": 0.24634393490994388, "noise": 0.0, "stdPeakCenter": 1.7541787046697555, "stdPeakWidth": 2.325089049302979}, "datetime": {"datetime": "2022-09-22 19:26:14", "elapsed": 8640.666522, "delta": 48.107691}}
{"target": -0.0008310651051131371, "params": {"ampDecay": 0.6279797145004486, "extraPeakProb": 0.20300552823055087, "meanPeakCenter": -11.41012330185395, "meanPeakWidth": 1.6437312505112889, "noise": 0.0, "stdPeakCenter": 6.834004684471183, "stdPeakWidth": 4.374583406260824}, "datetime": {"datetime": "2022-09-22 19:26:59", "elapsed": 8685.521272, "delta": 44.85475}}
{"target": -0.0006132329008102907, "params": {"ampDecay": 0.3519936596410562, "extraPeakProb": 0.14744538308664668, "meanPeakCenter": -11.099903177755074, "meanPeakWidth": 7.254062119802372, "noise": 0.0, "stdPeakCenter": 8.924559319068774, "stdPeakWidth": 1.180653531608673}, "datetime": {"datetime": "2022-09-22 19:27:23", "elapsed": 8708.92059, "delta": 23.399318}}
{"target": -0.0006317565462114993, "params": {"ampDecay": 0.7445874010794352, "extraPeakProb": 0.20521599144581942, "meanPeakCenter": -8.383010449969152, "meanPeakWidth": 8.026162412604576, "noise": 0.0, "stdPeakCenter": 8.542047024052223, "stdPeakWidth": 0.5748016827390201}, "datetime": {"datetime": "2022-09-22 19:27:44", "elapsed": 8730.714442, "delta": 21.793852}}
{"target": -0.0010790974966287787, "params": {"ampDecay": 0.6073901221082345, "extraPeakProb": 0.16370617756261208, "meanPeakCenter": -11.794081194152746, "meanPeakWidth": 2.019815001601726, "noise": 0.0, "stdPeakCenter": 4.053497326468184, "stdPeakWidth": 4.750780081550847}, "datetime": {"datetime": "2022-09-22 19:28:29", "elapsed": 8775.073793, "delta": 44.359351}}
{"target": -0.0011919893969299623, "params": {"ampDecay": 0.33612422608502257, "extraPeakProb": 0.782515376095821, "meanPeakCenter": -12.703524998908946, "meanPeakWidth": 2.783696315260056, "noise": 0.0, "stdPeakCenter": 2.1829404739697864, "stdPeakWidth": 2.2370181466269132}, "datetime": {"datetime": "2022-09-22 19:28:57", "elapsed": 8803.504023, "delta": 28.43023}}
{"target": -0.0007664235783995596, "params": {"ampDecay": 0.6483050204927234, "extraPeakProb": 0.386996958757181, "meanPeakCenter": -9.649754353735942, "meanPeakWidth": 7.768645580832749, "noise": 0.0, "stdPeakCenter": 3.3011299798793523, "stdPeakWidth": 0.6983637609586185}, "datetime": {"datetime": "2022-09-22 19:29:17", "elapsed": 8823.702756, "delta": 20.198733}}
{"target": -0.0010147993504402008, "params": {"ampDecay": 0.5095106527590271, "extraPeakProb": 0.3617788397790208, "meanPeakCenter": -13.957894721867635, "meanPeakWidth": 4.472794512906474, "noise": 0.0, "stdPeakCenter": 7.6392872112644135, "stdPeakWidth": 4.760263158160148}, "datetime": {"datetime": "2022-09-22 19:29:54", "elapsed": 8859.946543, "delta": 36.243787}}
{"target": -0.0005665172339858181, "params": {"ampDecay": 0.6913806216253996, "extraPeakProb": 0.24386258382275017, "meanPeakCenter": -9.377139276390961, "meanPeakWidth": 4.550112637182639, "noise": 0.0, "stdPeakCenter": 4.345041752288025, "stdPeakWidth": 4.14533559336193}, "datetime": {"datetime": "2022-09-22 19:30:28", "elapsed": 8894.307726, "delta": 34.361183}}
{"target": -0.0009488019017975883, "params": {"ampDecay": 0.26101002063000445, "extraPeakProb": 0.4614542587376772, "meanPeakCenter": -9.993405117539826, "meanPeakWidth": 2.8374490478035885, "noise": 0.0, "stdPeakCenter": 3.8458771765536195, "stdPeakWidth": 4.096509916006559}, "datetime": {"datetime": "2022-09-22 19:31:14", "elapsed": 8940.081418, "delta": 45.773692}}
{"target": -0.0007521602811497728, "params": {"ampDecay": 0.4285483262706262, "extraPeakProb": 0.3218403416277734, "meanPeakCenter": -13.768829617754221, "meanPeakWidth": 6.619649520445094, "noise": 0.0, "stdPeakCenter": 3.7428275787124123, "stdPeakWidth": 1.2201547186058233}, "datetime": {"datetime": "2022-09-22 19:31:35", "elapsed": 8961.345359, "delta": 21.263941}}
{"target": -0.0007586970657070964, "params": {"ampDecay": 0.7316911661684149, "extraPeakProb": 0.8976409296722948, "meanPeakCenter": -11.736836579598004, "meanPeakWidth": 9.359235488734182, "noise": 0.0, "stdPeakCenter": 6.109760660401022, "stdPeakWidth": 1.473395880890747}, "datetime": {"datetime": "2022-09-22 19:31:56", "elapsed": 8982.767801, "delta": 21.422442}}
{"target": -0.0011043838125820587, "params": {"ampDecay": 0.1803151923877441, "extraPeakProb": 0.8394331370014039, "meanPeakCenter": -12.007018686970692, "meanPeakWidth": 2.814159884561894, "noise": 0.0, "stdPeakCenter": 2.293450362797257, "stdPeakWidth": 4.6636762271914725}, "datetime": {"datetime": "2022-09-22 19:32:32", "elapsed": 9018.20982, "delta": 35.442019}}
{"target": -0.0005943818990763362, "params": {"ampDecay": 0.7615207975546039, "extraPeakProb": 0.6386692162674633, "meanPeakCenter": -11.730069696365302, "meanPeakWidth": 6.863104457445187, "noise": 0.0, "stdPeakCenter": 8.175240127400233, "stdPeakWidth": 2.65252723780322}, "datetime": {"datetime": "2022-09-22 19:33:01", "elapsed": 9047.067692, "delta": 28.857872}}
{"target": -0.0018215723261094708, "params": {"ampDecay": 0.3325250999945403, "extraPeakProb": 0.39898263281320856, "meanPeakCenter": -14.171069092092662, "meanPeakWidth": 5.141381727352286, "noise": 0.0, "stdPeakCenter": 4.049029768637413, "stdPeakWidth": 2.5721628893461865}, "datetime": {"datetime": "2022-09-22 19:33:34", "elapsed": 9079.967309, "delta": 32.899617}}
{"target": -0.0007784370933837009, "params": {"ampDecay": 0.8415811327088351, "extraPeakProb": 0.294418318772253, "meanPeakCenter": -12.189538163004126, "meanPeakWidth": 9.330488580070739, "noise": 0.0, "stdPeakCenter": 2.140729015594985, "stdPeakWidth": 3.2954275000116677}, "datetime": {"datetime": "2022-09-22 19:33:57", "elapsed": 9102.866488, "delta": 22.899179}}
{"target": -0.0007646548345806022, "params": {"ampDecay": 0.30202649167242157, "extraPeakProb": 0.5193665431227356, "meanPeakCenter": -8.0908406258217, "meanPeakWidth": 1.3865627094372313, "noise": 0.0, "stdPeakCenter": 2.314538640354411, "stdPeakWidth": 3.7168327059910626}, "datetime": {"datetime": "2022-09-22 19:34:42", "elapsed": 9148.633298, "delta": 45.76681}}
{"target": -0.0006590315243228231, "params": {"ampDecay": 0.6257083337489973, "extraPeakProb": 0.7636462399765828, "meanPeakCenter": -9.445452064199149, "meanPeakWidth": 1.0844757136463434, "noise": 0.0, "stdPeakCenter": 5.075199657235686, "stdPeakWidth": 4.951777536749925}, "datetime": {"datetime": "2022-09-22 19:35:14", "elapsed": 9179.908488, "delta": 31.27519}}
{"target": -0.0008551354806818674, "params": {"ampDecay": 0.8424683459357775, "extraPeakProb": 0.8309680180129994, "meanPeakCenter": -12.422608770716826, "meanPeakWidth": 5.831665597712571, "noise": 0.0, "stdPeakCenter": 0.6315722225672216, "stdPeakWidth": 4.337380745346247}, "datetime": {"datetime": "2022-09-22 19:35:32", "elapsed": 9198.792758, "delta": 18.88427}}
{"target": -0.0006942333983087611, "params": {"ampDecay": 0.5323275900421144, "extraPeakProb": 0.45858554716681244, "meanPeakCenter": -9.353592252662839, "meanPeakWidth": 3.7306409050608282, "noise": 0.0, "stdPeakCenter": 6.199775760466294, "stdPeakWidth": 3.2113318635155603}, "datetime": {"datetime": "2022-09-22 19:36:11", "elapsed": 9237.201379, "delta": 38.408621}}
{"target": -0.0006060774124881813, "params": {"ampDecay": 0.7498103558681496, "extraPeakProb": 0.42314808109071, "meanPeakCenter": -11.388767603752921, "meanPeakWidth": 6.087315727321738, "noise": 0.0, "stdPeakCenter": 4.847814922198951, "stdPeakWidth": 2.3182129073035833}, "datetime": {"datetime": "2022-09-22 19:36:41", "elapsed": 9267.681768, "delta": 30.480389}}
{"target": -0.0008605947566410324, "params": {"ampDecay": 0.7357002761164492, "extraPeakProb": 0.23813130232652516, "meanPeakCenter": -11.333238307664711, "meanPeakWidth": 6.506245118791654, "noise": 0.0, "stdPeakCenter": 0.7180676789262963, "stdPeakWidth": 1.782111916774889}, "datetime": {"datetime": "2022-09-22 19:37:02", "elapsed": 9288.622181, "delta": 20.940413}}
{"target": -0.0009425119823148279, "params": {"ampDecay": 0.5302407595770028, "extraPeakProb": 0.19060506625950044, "meanPeakCenter": -8.704892524409555, "meanPeakWidth": 1.8263108511095527, "noise": 0.0, "stdPeakCenter": 3.5326716166112004, "stdPeakWidth": 2.4031077661348457}, "datetime": {"datetime": "2022-09-22 19:37:40", "elapsed": 9326.108717, "delta": 37.486536}}
{"target": -0.0030754723382230716, "params": {"ampDecay": 0.5875183981042365, "extraPeakProb": 0.24227439689468008, "meanPeakCenter": -14.73123780130435, "meanPeakWidth": 0.021419314398186673, "noise": 0.0, "stdPeakCenter": 2.773461015568015, "stdPeakWidth": 3.2605156144520713}, "datetime": {"datetime": "2022-09-22 19:38:24", "elapsed": 9370.582793, "delta": 44.474076}}
{"target": -0.0007087134981217837, "params": {"ampDecay": 0.6502203165571395, "extraPeakProb": 0.7343898741320389, "meanPeakCenter": -10.26506719517389, "meanPeakWidth": 7.0516361736545, "noise": 0.0, "stdPeakCenter": 4.34238158765657, "stdPeakWidth": 1.3826867066776938}, "datetime": {"datetime": "2022-09-22 19:38:45", "elapsed": 9391.526644, "delta": 20.943851}}
{"target": -0.000664080331208016, "params": {"ampDecay": 0.6548785067307126, "extraPeakProb": 0.10955376471266716, "meanPeakCenter": -9.737429508411056, "meanPeakWidth": 6.048046762912098, "noise": 0.0, "stdPeakCenter": 2.995847396509678, "stdPeakWidth": 1.8761665995015508}, "datetime": {"datetime": "2022-09-22 19:39:09", "elapsed": 9415.15414, "delta": 23.627496}}
{"target": -0.0007073244807143733, "params": {"ampDecay": 0.20659222012319525, "extraPeakProb": 0.5343259796114598, "meanPeakCenter": -8.214886734531252, "meanPeakWidth": 2.742088409210577, "noise": 0.0, "stdPeakCenter": 8.069610521198877, "stdPeakWidth": 2.961251558811964}, "datetime": {"datetime": "2022-09-22 19:39:46", "elapsed": 9452.191781, "delta": 37.037641}}
