{"target": -0.0009745678463066007, "params": {"ampDecay": 0.2535256820756999, "extraPeakProb": 0.44277559392709986, "meanPeakCenter": -15.0, "meanPeakWidth": 2.3435433500159464, "noise": 0.0, "stdPeakCenter": 0.2649867310936094, "stdPeakWidth": 1.943209553737314}, "datetime": {"datetime": "2022-09-22 20:42:21", "elapsed": 13207.196033, "delta": 34.073377}}
{"target": -0.000870146176972158, "params": {"ampDecay": 0.6362602251115762, "extraPeakProb": 0.16289651923334264, "meanPeakCenter": -15.0, "meanPeakWidth": 4.118597200801224, "noise": 0.0, "stdPeakCenter": 1.3526983315421315, "stdPeakWidth": 0.8578722291491464}, "datetime": {"datetime": "2022-09-22 20:42:45", "elapsed": 13231.422077, "delta": 24.226044}}
{"target": -0.0010349921656987772, "params": {"ampDecay": 0.3466475511795818, "extraPeakProb": 0.639193795464999, "meanPeakCenter": -15.0, "meanPeakWidth": 3.001925143560599, "noise": 0.0, "stdPeakCenter": 2.4305208730517824, "stdPeakWidth": 0.1345282217719479}, "datetime": {"datetime": "2022-09-22 20:43:13", "elapsed": 13259.194918, "delta": 27.772841}}
{"target": -0.0008742451486781472, "params": {"ampDecay": 0.5933117896464003, "extraPeakProb": 0.2858193127626988, "meanPeakCenter": -15.0, "meanPeakWidth": 3.722120345110105, "noise": 0.0, "stdPeakCenter": 1.7482859928555028, "stdPeakWidth": 0.27424363265706353}, "datetime": {"datetime": "2022-09-22 20:43:37", "elapsed": 13283.530304, "delta": 24.335386}}
{"target": -0.000978950118728257, "params": {"ampDecay": 0.1924006023199336, "extraPeakProb": 0.7190097420358363, "meanPeakCenter": -15.0, "meanPeakWidth": 3.4289235715329216, "noise": 0.0, "stdPeakCenter": 2.999466283926716, "stdPeakWidth": 0.0803810349907047}, "datetime": {"datetime": "2022-09-22 20:44:04", "elapsed": 13310.773054, "delta": 27.24275}}
{"target": -0.000889027405022908, "params": {"ampDecay": 0.34525022790741067, "extraPeakProb": 0.2939511112461408, "meanPeakCenter": -15.0, "meanPeakWidth": 3.9658611832834865, "noise": 0.0, "stdPeakCenter": 1.2718126657930717, "stdPeakWidth": 0.4285493370698257}, "datetime": {"datetime": "2022-09-22 20:44:32", "elapsed": 13337.842658, "delta": 27.069604}}
{"target": -0.0009235182543738664, "params": {"ampDecay": 0.7760229788095153, "extraPeakProb": 0.14126013359332934, "meanPeakCenter": -15.0, "meanPeakWidth": 3.823453577116973, "noise": 0.0, "stdPeakCenter": 2.2557698807814655, "stdPeakWidth": 0.5759872695767732}, "datetime": {"datetime": "2022-09-22 20:44:59", "elapsed": 13365.140385, "delta": 27.297727}}
{"target": -0.0008319763409189949, "params": {"ampDecay": 0.6084736506280778, "extraPeakProb": 0.7195012482374781, "meanPeakCenter": -15.0, "meanPeakWidth": 2.434292166919331, "noise": 0.0, "stdPeakCenter": 6.707043524109625, "stdPeakWidth": 0.15138031120576045}, "datetime": {"datetime": "2022-09-22 20:45:34", "elapsed": 13399.948163, "delta": 34.807778}}
{"target": -0.0010372942073779993, "params": {"ampDecay": 0.7800538273570923, "extraPeakProb": 0.3206515005064282, "meanPeakCenter": -15.0, "meanPeakWidth": 3.0540646028324883, "noise": 0.0, "stdPeakCenter": 2.3785787357522525, "stdPeakWidth": 0.0768124199348208}, "datetime": {"datetime": "2022-09-22 20:46:01", "elapsed": 13427.286224, "delta": 27.338061}}
{"target": -0.0007484979791851457, "params": {"ampDecay": 0.8000223928916931, "extraPeakProb": 0.6305301933262514, "meanPeakCenter": -15.0, "meanPeakWidth": 4.42416371851024, "noise": 0.0, "stdPeakCenter": 0.16955768109127023, "stdPeakWidth": 4.0916760673171435}, "datetime": {"datetime": "2022-09-22 20:46:35", "elapsed": 13460.878334, "delta": 33.59211}}
{"target": -0.0008687389725903703, "params": {"ampDecay": 0.6616213667569546, "extraPeakProb": 0.4031789742324293, "meanPeakCenter": -15.0, "meanPeakWidth": 3.9742168763382524, "noise": 0.0, "stdPeakCenter": 1.8374497912047039, "stdPeakWidth": 0.6197663189941177}, "datetime": {"datetime": "2022-09-22 20:47:01", "elapsed": 13487.049272, "delta": 26.170938}}
{"target": -0.001037180607827705, "params": {"ampDecay": 0.3123713642170343, "extraPeakProb": 0.12304042065574637, "meanPeakCenter": -15.0, "meanPeakWidth": 3.0998188571417273, "noise": 0.0, "stdPeakCenter": 2.5485395205813655, "stdPeakWidth": 0.31973310848163183}, "datetime": {"datetime": "2022-09-22 20:47:27", "elapsed": 13513.705629, "delta": 26.656357}}
{"target": -0.0009674008979468026, "params": {"ampDecay": 0.3883969786435729, "extraPeakProb": 0.13701516732386657, "meanPeakCenter": -15.0, "meanPeakWidth": 3.1218299392270463, "noise": 0.0, "stdPeakCenter": 1.5902291758602316, "stdPeakWidth": 0.12612686537134876}, "datetime": {"datetime": "2022-09-22 20:47:55", "elapsed": 13541.362517, "delta": 27.656888}}
{"target": -0.0008332409134329005, "params": {"ampDecay": 0.6792584261848088, "extraPeakProb": 0.23751818310998163, "meanPeakCenter": -15.0, "meanPeakWidth": 4.425777765053533, "noise": 0.0, "stdPeakCenter": 1.890555448002077, "stdPeakWidth": 1.709720316713554}, "datetime": {"datetime": "2022-09-22 20:48:18", "elapsed": 13564.575815, "delta": 23.213298}}
{"target": -0.0007639948249488266, "params": {"ampDecay": 0.7911201636995334, "extraPeakProb": 0.8221534428510815, "meanPeakCenter": -15.0, "meanPeakWidth": 4.2719966988079054, "noise": 0.0, "stdPeakCenter": 0.5308214530824895, "stdPeakWidth": 4.107678440373297}, "datetime": {"datetime": "2022-09-22 20:48:47", "elapsed": 13593.485709, "delta": 28.909894}}
{"target": -0.0007748056003506527, "params": {"ampDecay": 0.8823204201019549, "extraPeakProb": 0.8502854706267112, "meanPeakCenter": -15.0, "meanPeakWidth": 4.667992029556815, "noise": 0.0, "stdPeakCenter": 0.07959848380109102, "stdPeakWidth": 4.217934387106132}, "datetime": {"datetime": "2022-09-22 20:49:14", "elapsed": 13620.453445, "delta": 26.967736}}
{"target": -0.0008893555582703888, "params": {"ampDecay": 0.8926536306527528, "extraPeakProb": 0.18510416118229048, "meanPeakCenter": -15.0, "meanPeakWidth": 3.8596212230649893, "noise": 0.0, "stdPeakCenter": 0.790563535367641, "stdPeakWidth": 0.19441995294926573}, "datetime": {"datetime": "2022-09-22 20:49:41", "elapsed": 13646.966166, "delta": 26.512721}}
{"target": -0.0008625238886066764, "params": {"ampDecay": 0.36072309563871185, "extraPeakProb": 0.11569823453802829, "meanPeakCenter": -15.0, "meanPeakWidth": 3.923540463816556, "noise": 0.0, "stdPeakCenter": 1.3262881724034092, "stdPeakWidth": 0.29602489612959637}, "datetime": {"datetime": "2022-09-22 20:50:04", "elapsed": 13669.833705, "delta": 22.867539}}
{"target": -0.0009980630822459832, "params": {"ampDecay": 0.2690790081153589, "extraPeakProb": 0.735463110163655, "meanPeakCenter": -15.0, "meanPeakWidth": 3.103617734722678, "noise": 0.0, "stdPeakCenter": 2.168440666036452, "stdPeakWidth": 0.0002513573929446844}, "datetime": {"datetime": "2022-09-22 20:50:29", "elapsed": 13695.563798, "delta": 25.730093}}
{"target": -0.000758219455298925, "params": {"ampDecay": 0.8505747513015786, "extraPeakProb": 0.5268698833186484, "meanPeakCenter": -15.0, "meanPeakWidth": 4.397702175155068, "noise": 0.0, "stdPeakCenter": 0.07752227169088854, "stdPeakWidth": 4.662286396086925}, "datetime": {"datetime": "2022-09-22 20:50:57", "elapsed": 13723.674283, "delta": 28.110485}}
{"target": -0.0008886275115219418, "params": {"ampDecay": 0.8609672456686924, "extraPeakProb": 0.1118468700340511, "meanPeakCenter": -15.0, "meanPeakWidth": 3.583594347414747, "noise": 0.0, "stdPeakCenter": 1.4995206770734226, "stdPeakWidth": 0.3430043008580075}, "datetime": {"datetime": "2022-09-22 20:51:24", "elapsed": 13750.352582, "delta": 26.678299}}
{"target": -0.0007756673728163193, "params": {"ampDecay": 0.7442512490892972, "extraPeakProb": 0.8890815815170614, "meanPeakCenter": -15.0, "meanPeakWidth": 4.23890312582921, "noise": 0.0, "stdPeakCenter": 0.40436005053148594, "stdPeakWidth": 4.606259313460876}, "datetime": {"datetime": "2022-09-22 20:51:52", "elapsed": 13778.718434, "delta": 28.365852}}
{"target": -0.0007486689317526978, "params": {"ampDecay": 0.6766888087446709, "extraPeakProb": 0.8592698424348699, "meanPeakCenter": -15.0, "meanPeakWidth": 2.1102871530021283, "noise": 0.0, "stdPeakCenter": 6.578080067924352, "stdPeakWidth": 0.013484467047821802}, "datetime": {"datetime": "2022-09-22 20:52:34", "elapsed": 13820.122984, "delta": 41.40455}}
{"target": -0.0009177110814775204, "params": {"ampDecay": 0.5916017072009399, "extraPeakProb": 0.2867835803595827, "meanPeakCenter": -15.0, "meanPeakWidth": 3.3895037994169916, "noise": 0.0, "stdPeakCenter": 1.271925365251455, "stdPeakWidth": 0.043947835394725354}, "datetime": {"datetime": "2022-09-22 20:53:04", "elapsed": 13850.708547, "delta": 30.585563}}
{"target": -0.0009794161247015935, "params": {"ampDecay": 0.1232893129754431, "extraPeakProb": 0.2266730820617415, "meanPeakCenter": -15.0, "meanPeakWidth": 2.9185012476049477, "noise": 0.0, "stdPeakCenter": 2.3237836031058077, "stdPeakWidth": 0.06899446721579217}, "datetime": {"datetime": "2022-09-22 20:53:32", "elapsed": 13878.348137, "delta": 27.63959}}
{"target": -0.0008829606843024129, "params": {"ampDecay": 0.645197548885365, "extraPeakProb": 0.182140034590104, "meanPeakCenter": -15.0, "meanPeakWidth": 4.232485945079414, "noise": 0.0, "stdPeakCenter": 1.5961885503992268, "stdPeakWidth": 1.0488903247006853}, "datetime": {"datetime": "2022-09-22 20:53:57", "elapsed": 13903.597053, "delta": 25.248916}}
{"target": -0.0009542750365308404, "params": {"ampDecay": 0.3597899554575119, "extraPeakProb": 0.832670340255095, "meanPeakCenter": -15.0, "meanPeakWidth": 3.094208242378642, "noise": 0.0, "stdPeakCenter": 2.6912073824863647, "stdPeakWidth": 0.1371226961047156}, "datetime": {"datetime": "2022-09-22 20:54:22", "elapsed": 13927.897502, "delta": 24.300449}}
{"target": -0.0011711407273077435, "params": {"ampDecay": 0.5676556212050633, "extraPeakProb": 0.7466004070173308, "meanPeakCenter": -15.0, "meanPeakWidth": 1.3260598752024189, "noise": 0.0, "stdPeakCenter": 9.983139710277916, "stdPeakWidth": 0.19878798454054658}, "datetime": {"datetime": "2022-09-22 20:55:05", "elapsed": 13971.306096, "delta": 43.408594}}
{"target": -0.0007469374692784357, "params": {"ampDecay": 0.8998229810304645, "extraPeakProb": 0.8776234188914126, "meanPeakCenter": -15.0, "meanPeakWidth": 4.077685733493758, "noise": 0.0, "stdPeakCenter": 0.4252845910675285, "stdPeakWidth": 4.129575051064852}, "datetime": {"datetime": "2022-09-22 20:55:31", "elapsed": 13996.905072, "delta": 25.598976}}
{"target": -0.000911867630855625, "params": {"ampDecay": 0.26344702808640696, "extraPeakProb": 0.18781526830416137, "meanPeakCenter": -15.0, "meanPeakWidth": 3.765089372263737, "noise": 0.0, "stdPeakCenter": 1.9169299612010982, "stdPeakWidth": 0.26448604875664194}, "datetime": {"datetime": "2022-09-22 20:55:55", "elapsed": 14021.782418, "delta": 24.877346}}
{"target": -0.0009203383361373684, "params": {"ampDecay": 0.738750146519597, "extraPeakProb": 0.27411862869049164, "meanPeakCenter": -15.0, "meanPeakWidth": 3.7487869859965253, "noise": 0.0, "stdPeakCenter": 2.0097165856200903, "stdPeakWidth": 0.11815247369696413}, "datetime": {"datetime": "2022-09-22 20:56:19", "elapsed": 14044.947115, "delta": 23.164697}}
{"target": -0.001061589261938371, "params": {"ampDecay": 0.11801042370763577, "extraPeakProb": 0.41548605738934186, "meanPeakCenter": -15.0, "meanPeakWidth": 2.9798196156101486, "noise": 0.0, "stdPeakCenter": 2.97957677123026, "stdPeakWidth": 0.27170226243481366}, "datetime": {"datetime": "2022-09-22 20:56:44", "elapsed": 14070.500793, "delta": 25.553678}}
{"target": -0.0007713524203926563, "params": {"ampDecay": 0.6663387157785786, "extraPeakProb": 0.7965403311258539, "meanPeakCenter": -15.0, "meanPeakWidth": 2.706477098857596, "noise": 0.0, "stdPeakCenter": 9.988288539765879, "stdPeakWidth": 0.1575699882553444}, "datetime": {"datetime": "2022-09-22 20:57:17", "elapsed": 14103.376004, "delta": 32.875211}}
{"target": -0.001076945597039427, "params": {"ampDecay": 0.24233162623044777, "extraPeakProb": 0.6270087640798047, "meanPeakCenter": -15.0, "meanPeakWidth": 2.5327204876989065, "noise": 0.0, "stdPeakCenter": 2.3960808043680872, "stdPeakWidth": 0.07459449726696599}, "datetime": {"datetime": "2022-09-22 20:57:43", "elapsed": 14129.04224, "delta": 25.666236}}
{"target": -0.0010044654896730846, "params": {"ampDecay": 0.1819182062238734, "extraPeakProb": 0.8743642574926648, "meanPeakCenter": -15.0, "meanPeakWidth": 3.1729020916226403, "noise": 0.0, "stdPeakCenter": 3.4981117013605214, "stdPeakWidth": 1.1032950472481684}, "datetime": {"datetime": "2022-09-22 20:58:19", "elapsed": 14165.045238, "delta": 36.002998}}
{"target": -0.000742926740128326, "params": {"ampDecay": 0.2690714826192655, "extraPeakProb": 0.8093257913159374, "meanPeakCenter": -15.0, "meanPeakWidth": 2.5462446561448058, "noise": 0.0, "stdPeakCenter": 6.922989896686703, "stdPeakWidth": 0.016612088698791938}, "datetime": {"datetime": "2022-09-22 20:58:52", "elapsed": 14197.87435, "delta": 32.829112}}
{"target": -0.0009615266665932966, "params": {"ampDecay": 0.38216192050623243, "extraPeakProb": 0.8777861392543396, "meanPeakCenter": -15.0, "meanPeakWidth": 1.4151997074165379, "noise": 0.0, "stdPeakCenter": 9.822525818184015, "stdPeakWidth": 0.2529700425865178}, "datetime": {"datetime": "2022-09-22 20:59:37", "elapsed": 14243.613227, "delta": 45.738877}}
{"target": -0.0009366749183004948, "params": {"ampDecay": 0.6204043850994402, "extraPeakProb": 0.3905164800406511, "meanPeakCenter": -15.0, "meanPeakWidth": 3.8326269487881373, "noise": 0.0, "stdPeakCenter": 1.6118984626618782, "stdPeakWidth": 0.6641476114952477}, "datetime": {"datetime": "2022-09-22 21:00:04", "elapsed": 14270.216989, "delta": 26.603762}}
{"target": -0.0007088376967652974, "params": {"ampDecay": 0.6385810484910219, "extraPeakProb": 0.8835357682640158, "meanPeakCenter": -15.0, "meanPeakWidth": 4.183133032487349, "noise": 0.0, "stdPeakCenter": 0.2881821185254696, "stdPeakWidth": 4.912091181636098}, "datetime": {"datetime": "2022-09-22 21:00:34", "elapsed": 14300.245619, "delta": 30.02863}}
{"target": -0.0008725136581214564, "params": {"ampDecay": 0.44710921695715233, "extraPeakProb": 0.1220617169051515, "meanPeakCenter": -15.0, "meanPeakWidth": 3.9650244393184386, "noise": 0.0, "stdPeakCenter": 1.7392050109279167, "stdPeakWidth": 0.668339021308566}, "datetime": {"datetime": "2022-09-22 21:00:59", "elapsed": 14325.370954, "delta": 25.125335}}
{"target": -0.0008859910276227011, "params": {"ampDecay": 0.745506747767209, "extraPeakProb": 0.1351173602079875, "meanPeakCenter": -15.0, "meanPeakWidth": 4.000595650847502, "noise": 0.0, "stdPeakCenter": 1.9610894991844652, "stdPeakWidth": 0.9675111591930624}, "datetime": {"datetime": "2022-09-22 21:01:24", "elapsed": 14350.04301, "delta": 24.672056}}
{"target": -0.0018942292716298877, "params": {"ampDecay": 0.257986075746018, "extraPeakProb": 0.8940354723455254, "meanPeakCenter": -15.0, "meanPeakWidth": 0.9596776798864293, "noise": 0.0, "stdPeakCenter": 9.972672629494232, "stdPeakWidth": 1.152240227057958}, "datetime": {"datetime": "2022-09-22 21:02:21", "elapsed": 14406.853731, "delta": 56.810721}}
{"target": -0.0009009296744688062, "params": {"ampDecay": 0.2044489803820292, "extraPeakProb": 0.32359464760039747, "meanPeakCenter": -15.0, "meanPeakWidth": 2.6416867871131897, "noise": 0.0, "stdPeakCenter": 2.888190823434199, "stdPeakWidth": 0.21944668477566265}, "datetime": {"datetime": "2022-09-22 21:02:52", "elapsed": 14438.424591, "delta": 31.57086}}
{"target": -0.0007724793855149831, "params": {"ampDecay": 0.75919127851624, "extraPeakProb": 0.791520713101184, "meanPeakCenter": -15.0, "meanPeakWidth": 4.163579546192004, "noise": 0.0, "stdPeakCenter": 0.13092292874254619, "stdPeakWidth": 4.913157755530163}, "datetime": {"datetime": "2022-09-22 21:03:20", "elapsed": 14466.156953, "delta": 27.732362}}
{"target": -0.0008955511762024636, "params": {"ampDecay": 0.5500369388854732, "extraPeakProb": 0.43345004977722634, "meanPeakCenter": -15.0, "meanPeakWidth": 3.5682956716758127, "noise": 0.0, "stdPeakCenter": 1.7548462786772456, "stdPeakWidth": 0.19563320091545933}, "datetime": {"datetime": "2022-09-22 21:03:47", "elapsed": 14493.73669, "delta": 27.579737}}
{"target": -0.001050254603284106, "params": {"ampDecay": 0.1438636805350406, "extraPeakProb": 0.7730630264479363, "meanPeakCenter": -15.0, "meanPeakWidth": 3.0466458493614343, "noise": 0.0, "stdPeakCenter": 2.680304714376498, "stdPeakWidth": 0.5530311506139485}, "datetime": {"datetime": "2022-09-22 21:04:17", "elapsed": 14523.786551, "delta": 30.049861}}
{"target": -0.0007253691602606625, "params": {"ampDecay": 0.8172422433492863, "extraPeakProb": 0.8253730574734489, "meanPeakCenter": -15.0, "meanPeakWidth": 4.324709659477369, "noise": 0.0, "stdPeakCenter": 0.3627266384080796, "stdPeakWidth": 4.897063323526668}, "datetime": {"datetime": "2022-09-22 21:04:46", "elapsed": 14551.90115, "delta": 28.114599}}
{"target": -0.0023579914073865375, "params": {"ampDecay": 0.8784090202494664, "extraPeakProb": 0.2286035996707584, "meanPeakCenter": -15.0, "meanPeakWidth": 3.9717290159166274, "noise": 0.0, "stdPeakCenter": 2.198012825339476, "stdPeakWidth": 1.7864278765143915}, "datetime": {"datetime": "2022-09-22 21:05:27", "elapsed": 14593.238581, "delta": 41.337431}}
{"target": -0.00101631920106711, "params": {"ampDecay": 0.2307175100646564, "extraPeakProb": 0.40394216286158735, "meanPeakCenter": -15.0, "meanPeakWidth": 3.349305755686016, "noise": 0.0, "stdPeakCenter": 1.9352855877432817, "stdPeakWidth": 0.04570305515384954}, "datetime": {"datetime": "2022-09-22 21:05:53", "elapsed": 14619.185644, "delta": 25.947063}}
{"target": -0.0007865492659440803, "params": {"ampDecay": 0.27783423451971845, "extraPeakProb": 0.8794667281265393, "meanPeakCenter": -15.0, "meanPeakWidth": 4.558886633051648, "noise": 0.0, "stdPeakCenter": 0.23170636115581678, "stdPeakWidth": 4.061121007201182}, "datetime": {"datetime": "2022-09-22 21:06:18", "elapsed": 14643.962673, "delta": 24.777029}}
{"target": -0.000747967092772011, "params": {"ampDecay": 0.7831667388871825, "extraPeakProb": 0.8247149137516858, "meanPeakCenter": -15.0, "meanPeakWidth": 4.536372569679741, "noise": 0.0, "stdPeakCenter": 0.33457152927950595, "stdPeakWidth": 4.765184699123037}, "datetime": {"datetime": "2022-09-22 21:06:46", "elapsed": 14672.799136, "delta": 28.836463}}
{"target": -0.0009658287656903402, "params": {"ampDecay": 0.8533926762425326, "extraPeakProb": 0.2116802370674023, "meanPeakCenter": -15.0, "meanPeakWidth": 3.7943752760048453, "noise": 0.0, "stdPeakCenter": 1.953059385537167, "stdPeakWidth": 0.9058633400243588}, "datetime": {"datetime": "2022-09-22 21:07:17", "elapsed": 14703.650006, "delta": 30.85087}}
{"target": -0.0008681201131837402, "params": {"ampDecay": 0.762554626948472, "extraPeakProb": 0.5636314786703989, "meanPeakCenter": -15.0, "meanPeakWidth": 3.519241954357323, "noise": 0.0, "stdPeakCenter": 1.6557888452174385, "stdPeakWidth": 0.1118654801944019}, "datetime": {"datetime": "2022-09-22 21:07:44", "elapsed": 14730.289365, "delta": 26.639359}}
{"target": -0.0009993848150316625, "params": {"ampDecay": 0.16873523755079445, "extraPeakProb": 0.8901540540025408, "meanPeakCenter": -15.0, "meanPeakWidth": 3.268217308698347, "noise": 0.0, "stdPeakCenter": 2.7624008898894803, "stdPeakWidth": 0.02540147522388292}, "datetime": {"datetime": "2022-09-22 21:08:14", "elapsed": 14760.287608, "delta": 29.998243}}
{"target": -0.0010963122566093092, "params": {"ampDecay": 0.10459115575959502, "extraPeakProb": 0.22967605034328767, "meanPeakCenter": -15.0, "meanPeakWidth": 2.7326697556995305, "noise": 0.0, "stdPeakCenter": 2.2972429652185387, "stdPeakWidth": 0.006272119367632389}, "datetime": {"datetime": "2022-09-22 21:08:42", "elapsed": 14788.624622, "delta": 28.337014}}
{"target": -0.0009165609832794173, "params": {"ampDecay": 0.8418010081973606, "extraPeakProb": 0.34930624071420696, "meanPeakCenter": -15.0, "meanPeakWidth": 3.78321749203153, "noise": 0.0, "stdPeakCenter": 1.508581630545489, "stdPeakWidth": 0.4130248603188086}, "datetime": {"datetime": "2022-09-22 21:09:11", "elapsed": 14817.520848, "delta": 28.896226}}
{"target": -0.000879678866731342, "params": {"ampDecay": 0.8807625593695888, "extraPeakProb": 0.23484629442894384, "meanPeakCenter": -15.0, "meanPeakWidth": 3.761038651290709, "noise": 0.0, "stdPeakCenter": 1.9968775579874976, "stdPeakWidth": 0.4888951570114586}, "datetime": {"datetime": "2022-09-22 21:09:41", "elapsed": 14846.996935, "delta": 29.476087}}
{"target": -0.0008863866698165934, "params": {"ampDecay": 0.20617323088915784, "extraPeakProb": 0.2078433819784481, "meanPeakCenter": -15.0, "meanPeakWidth": 4.10618853428124, "noise": 0.0, "stdPeakCenter": 2.1292492900120754, "stdPeakWidth": 1.2888300841343407}, "datetime": {"datetime": "2022-09-22 21:10:06", "elapsed": 14872.204001, "delta": 25.207066}}
{"target": -0.0010040733225747953, "params": {"ampDecay": 0.7512742627019316, "extraPeakProb": 0.19421739679839867, "meanPeakCenter": -15.0, "meanPeakWidth": 3.8468897674343228, "noise": 0.0, "stdPeakCenter": 2.233429437763519, "stdPeakWidth": 1.1079923607287523}, "datetime": {"datetime": "2022-09-22 21:10:47", "elapsed": 14913.737652, "delta": 41.533651}}
{"target": -0.0008984034596917082, "params": {"ampDecay": 0.6786151906855143, "extraPeakProb": 0.1056952111100996, "meanPeakCenter": -15.0, "meanPeakWidth": 3.9594294215542347, "noise": 0.0, "stdPeakCenter": 1.2173006230598982, "stdPeakWidth": 0.45021579707792414}, "datetime": {"datetime": "2022-09-22 21:11:15", "elapsed": 14940.938938, "delta": 27.201286}}
{"target": -0.0009441505029099866, "params": {"ampDecay": 0.6984187455204165, "extraPeakProb": 0.12025471465858911, "meanPeakCenter": -15.0, "meanPeakWidth": 3.5073072462919255, "noise": 0.0, "stdPeakCenter": 2.0800235440075596, "stdPeakWidth": 0.2058939540598964}, "datetime": {"datetime": "2022-09-22 21:11:39", "elapsed": 14964.946132, "delta": 24.007194}}
