{"target": -497.3174034356041, "params": {"ampDecay": 0.9737342477337434, "ampSpread": 0.711473356325951, "extraPeakProb": 0.7513535775106095, "meanPeakCenter": 0.5587519604782456, "meanPeakWidth": 0.032007321060892005, "stdPeakCenter": 0.4928091594989872, "stdPeakWidth": 0.11975147878164494}, "datetime": {"datetime": "2022-11-16 18:20:50", "elapsed": 0.0, "delta": 0.0}}
{"target": -489.9048059358172, "params": {"ampDecay": 0.6224264210290179, "ampSpread": 0.3681072566993886, "extraPeakProb": 0.7512371056622386, "meanPeakCenter": 0.5307519187714438, "meanPeakWidth": 0.1383782663355807, "stdPeakCenter": 0.5810335195696492, "stdPeakWidth": 0.09948444271727816}, "datetime": {"datetime": "2022-11-16 18:21:15", "elapsed": 25.591475, "delta": 25.591475}}
{"target": -502.6304236220004, "params": {"ampDecay": 0.7824470337246597, "ampSpread": 0.11443981669656245, "extraPeakProb": 0.5938491188646419, "meanPeakCenter": 0.4716510567933513, "meanPeakWidth": 0.1900314307837289, "stdPeakCenter": 0.5874491914723391, "stdPeakWidth": 0.12461968610006356}, "datetime": {"datetime": "2022-11-16 18:21:40", "elapsed": 50.422782, "delta": 24.831307}}
{"target": -463.2730088666984, "params": {"ampDecay": 0.7493708645614918, "ampSpread": 0.015241758736939115, "extraPeakProb": 0.5122268293357952, "meanPeakCenter": 0.5094970306685809, "meanPeakWidth": 0.1251760476094708, "stdPeakCenter": 0.5735770284934418, "stdPeakWidth": 0.11665597704143044}, "datetime": {"datetime": "2022-11-16 18:22:09", "elapsed": 79.816337, "delta": 29.393555}}
{"target": -503.00549255548896, "params": {"ampDecay": 0.98947045654921, "ampSpread": 0.07446658926807381, "extraPeakProb": 0.6871457645023407, "meanPeakCenter": 0.36611411419407697, "meanPeakWidth": 0.03711304343663077, "stdPeakCenter": 0.4419956716494632, "stdPeakWidth": 0.16143183322437074}, "datetime": {"datetime": "2022-11-16 18:22:36", "elapsed": 106.279045, "delta": 26.462708}}
{"target": -539.8402503692561, "params": {"ampDecay": 0.9078237959665392, "ampSpread": 0.19303658783692468, "extraPeakProb": 0.7620678191709744, "meanPeakCenter": 0.3180100726731759, "meanPeakWidth": 0.03345557227390253, "stdPeakCenter": 0.3289661316716065, "stdPeakWidth": 0.04804003017343471}, "datetime": {"datetime": "2022-11-16 18:23:17", "elapsed": 147.543086, "delta": 41.264041}}
{"target": -536.0295235391873, "params": {"ampDecay": 0.7684367186122264, "ampSpread": 0.23774872091732546, "extraPeakProb": 0.8872518397145067, "meanPeakCenter": 0.48683215363968146, "meanPeakWidth": 0.14937394808699825, "stdPeakCenter": 0.5629716365045394, "stdPeakWidth": 0.026043234971497763}, "datetime": {"datetime": "2022-11-16 18:23:38", "elapsed": 168.150042, "delta": 20.606956}}
{"target": -537.1075035488896, "params": {"ampDecay": 0.8425435159760293, "ampSpread": 0.6570201846981194, "extraPeakProb": 0.7515915184185613, "meanPeakCenter": 0.27204470932959635, "meanPeakWidth": 0.16618840483225975, "stdPeakCenter": 0.40375516299808667, "stdPeakWidth": 0.06819092853850434}, "datetime": {"datetime": "2022-11-16 18:24:04", "elapsed": 194.315052, "delta": 26.16501}}
{"target": -418.59741457225977, "params": {"ampDecay": 0.9502032933831959, "ampSpread": 0.6104939541133909, "extraPeakProb": 0.6166681922018864, "meanPeakCenter": 0.6578086582292368, "meanPeakWidth": 0.05936349846559512, "stdPeakCenter": 0.5752245980669006, "stdPeakWidth": 0.08900336995566561}, "datetime": {"datetime": "2022-11-16 18:24:49", "elapsed": 239.762033, "delta": 45.446981}}
{"target": -561.2227323694242, "params": {"ampDecay": 0.8429221244777289, "ampSpread": 0.8795719631630873, "extraPeakProb": 0.5663019633349298, "meanPeakCenter": 0.665716783644053, "meanPeakWidth": 0.13862584428591546, "stdPeakCenter": 0.36901887881212936, "stdPeakWidth": 0.16445734984849505}, "datetime": {"datetime": "2022-11-16 18:25:14", "elapsed": 263.929338, "delta": 24.167305}}
{"target": -638.9639665867865, "params": {"ampDecay": 0.7726646019104683, "ampSpread": 0.9443192770378144, "extraPeakProb": 0.6306275740214607, "meanPeakCenter": 0.4056045540457226, "meanPeakWidth": 0.030588242854497814, "stdPeakCenter": 0.48957273397152573, "stdPeakWidth": 0.03460385970743182}, "datetime": {"datetime": "2022-11-16 18:25:55", "elapsed": 305.707085, "delta": 41.777747}}
{"target": -535.1084382987231, "params": {"ampDecay": 0.8452714132699226, "ampSpread": 0.8858922085148664, "extraPeakProb": 0.7159747458799426, "meanPeakCenter": 0.2900530406848049, "meanPeakWidth": 0.19735118812020577, "stdPeakCenter": 0.5310655880308275, "stdPeakWidth": 0.01976921208520054}, "datetime": {"datetime": "2022-11-16 18:26:18", "elapsed": 328.123546, "delta": 22.416461}}
{"target": -517.9980509435123, "params": {"ampDecay": 0.7110343937791541, "ampSpread": 0.6954331612674084, "extraPeakProb": 0.8475194115044244, "meanPeakCenter": 0.6728898524563633, "meanPeakWidth": 0.14353078832209817, "stdPeakCenter": 0.43576611584046454, "stdPeakWidth": 0.008147939605275902}, "datetime": {"datetime": "2022-11-16 18:26:39", "elapsed": 349.176486, "delta": 21.05294}}
{"target": -541.0035016356626, "params": {"ampDecay": 0.6696764253989952, "ampSpread": 0.5438732378036186, "extraPeakProb": 0.7126939167734923, "meanPeakCenter": 0.4111779226063371, "meanPeakWidth": 0.18018046177403402, "stdPeakCenter": 0.5327330050558775, "stdPeakWidth": 0.013579165174054695}, "datetime": {"datetime": "2022-11-16 18:27:01", "elapsed": 370.968873, "delta": 21.792387}}
{"target": -575.8026143806113, "params": {"ampDecay": 0.6965225300983647, "ampSpread": 0.25990607392802423, "extraPeakProb": 0.8785681609681757, "meanPeakCenter": 0.7016810745185913, "meanPeakWidth": 0.09883183033069336, "stdPeakCenter": 0.34722443436681755, "stdPeakWidth": 0.1750622388746872}, "datetime": {"datetime": "2022-11-16 18:27:24", "elapsed": 394.217408, "delta": 23.248535}}
{"target": -459.97014179673954, "params": {"ampDecay": 0.8689168289236571, "ampSpread": 0.25411980526771705, "extraPeakProb": 0.7527920612447997, "meanPeakCenter": 0.3555149431868937, "meanPeakWidth": 0.06503528105192423, "stdPeakCenter": 0.4999282671962427, "stdPeakWidth": 0.061934165842176474}, "datetime": {"datetime": "2022-11-16 18:27:49", "elapsed": 419.34477, "delta": 25.127362}}
{"target": -512.4732835142088, "params": {"ampDecay": 0.6871383277836689, "ampSpread": 0.43793228381085825, "extraPeakProb": 0.6333970289280211, "meanPeakCenter": 0.47713800266090794, "meanPeakWidth": 0.1564197803041494, "stdPeakCenter": 0.5085204864795136, "stdPeakWidth": 0.029630671890063163}, "datetime": {"datetime": "2022-11-16 18:28:09", "elapsed": 439.229211, "delta": 19.884441}}
{"target": -587.08695979322, "params": {"ampDecay": 0.7310054069366062, "ampSpread": 0.7495580980540729, "extraPeakProb": 0.570713297538609, "meanPeakCenter": 0.3087019097717642, "meanPeakWidth": 0.1820845449973843, "stdPeakCenter": 0.37686854829983124, "stdPeakWidth": 0.19290666167216747}, "datetime": {"datetime": "2022-11-16 18:28:25", "elapsed": 454.926755, "delta": 15.697544}}
{"target": -517.2335040648882, "params": {"ampDecay": 0.8849579706093738, "ampSpread": 0.5793868035475666, "extraPeakProb": 0.6491399529178521, "meanPeakCenter": 0.5165357952028103, "meanPeakWidth": 0.15667209843791183, "stdPeakCenter": 0.5157375421273995, "stdPeakWidth": 0.1902281316012043}, "datetime": {"datetime": "2022-11-16 18:28:50", "elapsed": 480.08527, "delta": 25.158515}}
{"target": -538.6853215171365, "params": {"ampDecay": 0.9724899973912833, "ampSpread": 0.7338238291181193, "extraPeakProb": 0.5101610835040018, "meanPeakCenter": 0.39297065053958924, "meanPeakWidth": 0.06294574049690588, "stdPeakCenter": 0.4784395181703544, "stdPeakWidth": 0.0429312829031441}, "datetime": {"datetime": "2022-11-16 18:29:25", "elapsed": 515.742537, "delta": 35.657267}}
{"target": -501.5158770929924, "params": {"ampDecay": 0.8763996115019952, "ampSpread": 0.5769430161937226, "extraPeakProb": 0.6895663372087231, "meanPeakCenter": 0.5427160260997044, "meanPeakWidth": 0.038848795888916945, "stdPeakCenter": 0.32530831377774644, "stdPeakWidth": 0.18135621829592097}, "datetime": {"datetime": "2022-11-16 18:29:52", "elapsed": 542.425072, "delta": 26.682535}}
{"target": -440.32698588505184, "params": {"ampDecay": 0.6272348107801226, "ampSpread": 0.045781751269420856, "extraPeakProb": 0.8644625441652367, "meanPeakCenter": 0.4257387405538465, "meanPeakWidth": 0.04926165001202169, "stdPeakCenter": 0.4384988081649879, "stdPeakWidth": 0.09034651786102128}, "datetime": {"datetime": "2022-11-16 18:30:18", "elapsed": 568.079032, "delta": 25.65396}}
{"target": -527.74103263019, "params": {"ampDecay": 0.6925122800858898, "ampSpread": 0.9646173935030099, "extraPeakProb": 0.7546653123472404, "meanPeakCenter": 0.43461879068928805, "meanPeakWidth": 0.020753969871786022, "stdPeakCenter": 0.48470263531934205, "stdPeakWidth": 0.026614640117091196}, "datetime": {"datetime": "2022-11-16 18:30:57", "elapsed": 607.652448, "delta": 39.573416}}
{"target": -512.4481463990501, "params": {"ampDecay": 0.857967688991635, "ampSpread": 0.30927367984406406, "extraPeakProb": 0.705932338838997, "meanPeakCenter": 0.41730993776427827, "meanPeakWidth": 0.04972199949109414, "stdPeakCenter": 0.5356609422230542, "stdPeakWidth": 0.1604225131477288}, "datetime": {"datetime": "2022-11-16 18:31:26", "elapsed": 636.195107, "delta": 28.542659}}
{"target": -532.6650762420231, "params": {"ampDecay": 0.9728231369854, "ampSpread": 0.44843622095675617, "extraPeakProb": 0.6291967864672334, "meanPeakCenter": 0.7397960962030505, "meanPeakWidth": 0.18085889039414949, "stdPeakCenter": 0.34052946628246916, "stdPeakWidth": 0.1857145256447535}, "datetime": {"datetime": "2022-11-16 18:31:47", "elapsed": 657.686334, "delta": 21.491227}}
{"target": -424.134356963004, "params": {"ampDecay": 0.8817500490242143, "ampSpread": 0.2946516782431051, "extraPeakProb": 0.5554150955989965, "meanPeakCenter": 0.5280691814759402, "meanPeakWidth": 0.11337993549332201, "stdPeakCenter": 0.5933930484530145, "stdPeakWidth": 0.06031262846037384}, "datetime": {"datetime": "2022-11-16 18:32:38", "elapsed": 708.163125, "delta": 50.476791}}
{"target": -566.5017469727633, "params": {"ampDecay": 0.7292255363889862, "ampSpread": 0.4681314931577385, "extraPeakProb": 0.5410644853200701, "meanPeakCenter": 0.3699577293231337, "meanPeakWidth": 0.11261771570185822, "stdPeakCenter": 0.46127572529423067, "stdPeakWidth": 0.16484833991463}, "datetime": {"datetime": "2022-11-16 18:33:10", "elapsed": 740.778551, "delta": 32.615426}}
{"target": -485.1678004278548, "params": {"ampDecay": 0.6947032276852636, "ampSpread": 0.5211508373141732, "extraPeakProb": 0.6083740141934875, "meanPeakCenter": 0.6483006299775504, "meanPeakWidth": 0.04643205840318723, "stdPeakCenter": 0.3140120081422144, "stdPeakWidth": 0.14499987412034343}, "datetime": {"datetime": "2022-11-16 18:33:41", "elapsed": 771.41252, "delta": 30.633969}}
{"target": -527.4416310261419, "params": {"ampDecay": 0.964828555171208, "ampSpread": 0.7737548466365789, "extraPeakProb": 0.830622464824351, "meanPeakCenter": 0.38949640924608503, "meanPeakWidth": 0.05042647783533508, "stdPeakCenter": 0.39231657482676663, "stdPeakWidth": 0.1645527264351164}, "datetime": {"datetime": "2022-11-16 18:34:01", "elapsed": 791.421325, "delta": 20.008805}}
{"target": -512.9291021632973, "params": {"ampDecay": 0.690967538288497, "ampSpread": 0.40228235609526075, "extraPeakProb": 0.7618367485427575, "meanPeakCenter": 0.32588302206998976, "meanPeakWidth": 0.0270670854194005, "stdPeakCenter": 0.3477606595551534, "stdPeakWidth": 0.12798590696591458}, "datetime": {"datetime": "2022-11-16 18:34:25", "elapsed": 815.856515, "delta": 24.43519}}
{"target": -491.96076145036324, "params": {"ampDecay": 0.7184850891892655, "ampSpread": 0.5937905527562849, "extraPeakProb": 0.5772494229140254, "meanPeakCenter": 0.37290715783231765, "meanPeakWidth": 0.19934629217947716, "stdPeakCenter": 0.40652806639284783, "stdPeakWidth": 0.07568432812945768}, "datetime": {"datetime": "2022-11-16 18:34:50", "elapsed": 840.057235, "delta": 24.20072}}
{"target": -490.61582305965374, "params": {"ampDecay": 0.7648201001399245, "ampSpread": 0.7205601742068185, "extraPeakProb": 0.7569226730951832, "meanPeakCenter": 0.38518091306385066, "meanPeakWidth": 0.19778963147523076, "stdPeakCenter": 0.32096586188711723, "stdPeakWidth": 0.15374509577829223}, "datetime": {"datetime": "2022-11-16 18:35:15", "elapsed": 865.483856, "delta": 25.426621}}
{"target": -556.8026793519408, "params": {"ampDecay": 0.6774054738108994, "ampSpread": 0.8187355691428893, "extraPeakProb": 0.6198108744803013, "meanPeakCenter": 0.3719596016756477, "meanPeakWidth": 0.18113718474330542, "stdPeakCenter": 0.4989935597820693, "stdPeakWidth": 0.07629891769579832}, "datetime": {"datetime": "2022-11-16 18:35:39", "elapsed": 889.016865, "delta": 23.533009}}
{"target": -504.1776523664009, "params": {"ampDecay": 0.7827463518270994, "ampSpread": 0.7200446906287681, "extraPeakProb": 0.8427602077496825, "meanPeakCenter": 0.47223763505567506, "meanPeakWidth": 0.1301978179572109, "stdPeakCenter": 0.49767071189707957, "stdPeakWidth": 0.04238768590660669}, "datetime": {"datetime": "2022-11-16 18:36:04", "elapsed": 914.300217, "delta": 25.283352}}
{"target": -456.9200219135849, "params": {"ampDecay": 0.820409064045176, "ampSpread": 0.06606946475809528, "extraPeakProb": 0.7872546780431052, "meanPeakCenter": 0.48946913529292185, "meanPeakWidth": 0.01931584272338837, "stdPeakCenter": 0.39384388420186545, "stdPeakWidth": 0.08665871019914805}, "datetime": {"datetime": "2022-11-16 18:36:28", "elapsed": 938.080645, "delta": 23.780428}}
{"target": -512.9601790127539, "params": {"ampDecay": 0.9840753379979477, "ampSpread": 0.6570228628119187, "extraPeakProb": 0.7845183853310591, "meanPeakCenter": 0.7089106189476875, "meanPeakWidth": 0.15579377423528357, "stdPeakCenter": 0.40926969847468353, "stdPeakWidth": 0.019794938761102856}, "datetime": {"datetime": "2022-11-16 18:36:49", "elapsed": 959.145981, "delta": 21.065336}}
