{"target": -349.06182514959727, "params": {"ampDecay": 0.45327217964222716, "amp_skew": 6.298145592263354, "extraPeakProb": 0.9437181436261408, "meanPeakWidth": 0.19284436795963417, "stdPeakWidth": 0.03539764155982798, "width_skew": 9.652013009733489}, "datetime": {"datetime": "2022-11-16 19:32:40", "elapsed": 0.0, "delta": 0.0}}
{"target": -367.54677265585553, "params": {"ampDecay": 0.4364636423625159, "amp_skew": 6.971654526512261, "extraPeakProb": 0.9390943421925109, "meanPeakWidth": 0.19856813048907146, "stdPeakWidth": 0.046718855025876055, "width_skew": 9.550817747133793}, "datetime": {"datetime": "2022-11-16 19:33:31", "elapsed": 50.851098, "delta": 50.851098}}
{"target": -330.8011940415381, "params": {"ampDecay": 0.42180982671477896, "amp_skew": 6.483274819049537, "extraPeakProb": 0.930593581952884, "meanPeakWidth": 0.21348624860253695, "stdPeakWidth": 0.03635549398009283, "width_skew": 9.265752424818825}, "datetime": {"datetime": "2022-11-16 19:34:16", "elapsed": 95.606687, "delta": 44.755589}}
{"target": -340.3820600915439, "params": {"ampDecay": 0.4073929950289398, "amp_skew": 6.5208888516144805, "extraPeakProb": 0.9299371207303203, "meanPeakWidth": 0.21378479070779471, "stdPeakWidth": 0.048738422344185815, "width_skew": 9.370278815191792}, "datetime": {"datetime": "2022-11-16 19:35:09", "elapsed": 148.488543, "delta": 52.881856}}
{"target": -361.94033250474234, "params": {"ampDecay": 0.459584959094797, "amp_skew": 6.00915676360396, "extraPeakProb": 0.9318407120730468, "meanPeakWidth": 0.21344202534479575, "stdPeakWidth": 0.03292457843046439, "width_skew": 9.830693759610984}, "datetime": {"datetime": "2022-11-16 19:35:50", "elapsed": 189.892341, "delta": 41.403798}}
{"target": -331.025109170046, "params": {"ampDecay": 0.44374189540184894, "amp_skew": 6.3564385100200935, "extraPeakProb": 0.9173176924372827, "meanPeakWidth": 0.19493564951743272, "stdPeakWidth": 0.05231968985588642, "width_skew": 9.638786103618816}, "datetime": {"datetime": "2022-11-16 19:36:40", "elapsed": 240.21879, "delta": 50.326449}}
{"target": -366.6220784164967, "params": {"ampDecay": 0.47176903821013705, "amp_skew": 6.87272643199875, "extraPeakProb": 0.9083549633277476, "meanPeakWidth": 0.21227853257767332, "stdPeakWidth": 0.034033036536235926, "width_skew": 9.663753857358959}, "datetime": {"datetime": "2022-11-16 19:37:28", "elapsed": 287.770819, "delta": 47.552029}}
{"target": -354.91858213113085, "params": {"ampDecay": 0.47097441729338596, "amp_skew": 6.0089630729365515, "extraPeakProb": 0.9107855673648378, "meanPeakWidth": 0.18652963104034317, "stdPeakWidth": 0.049119855772286086, "width_skew": 9.832719223634797}, "datetime": {"datetime": "2022-11-16 19:38:01", "elapsed": 320.903134, "delta": 33.132315}}
{"target": -357.2808318831624, "params": {"ampDecay": 0.44601063065462526, "amp_skew": 6.825716801851639, "extraPeakProb": 0.9249591524668648, "meanPeakWidth": 0.21353065873146562, "stdPeakWidth": 0.03915494938411001, "width_skew": 9.920930617361599}, "datetime": {"datetime": "2022-11-16 19:38:50", "elapsed": 369.895272, "delta": 48.992138}}
{"target": -349.87585424292223, "params": {"ampDecay": 0.4154287792751277, "amp_skew": 6.564472221200083, "extraPeakProb": 0.9362545881119761, "meanPeakWidth": 0.20526117422219492, "stdPeakWidth": 0.049247886143283494, "width_skew": 9.027700749499095}, "datetime": {"datetime": "2022-11-16 19:39:43", "elapsed": 423.345883, "delta": 53.450611}}
{"target": -364.18703822541147, "params": {"ampDecay": 0.41830476059367827, "amp_skew": 6.509341799511252, "extraPeakProb": 0.9423035955467413, "meanPeakWidth": 0.19456639226276295, "stdPeakWidth": 0.03635815473347703, "width_skew": 9.542941118074685}, "datetime": {"datetime": "2022-11-16 19:40:23", "elapsed": 462.913971, "delta": 39.568088}}
{"target": -353.14021057663035, "params": {"ampDecay": 0.40094218130190384, "amp_skew": 6.628951548617162, "extraPeakProb": 0.9351788174713329, "meanPeakWidth": 0.19425514192905463, "stdPeakWidth": 0.04673984964319912, "width_skew": 9.94204604802426}, "datetime": {"datetime": "2022-11-16 19:41:07", "elapsed": 506.457478, "delta": 43.543507}}
{"target": -330.8819766120977, "params": {"ampDecay": 0.4628049550790055, "amp_skew": 6.9805365123960845, "extraPeakProb": 0.9431278186255055, "meanPeakWidth": 0.2183759506179632, "stdPeakWidth": 0.05225399443082617, "width_skew": 9.89054388297378}, "datetime": {"datetime": "2022-11-16 19:41:51", "elapsed": 550.482246, "delta": 44.024768}}
{"target": -360.7759298898735, "params": {"ampDecay": 0.4873323688891798, "amp_skew": 6.9542002035049695, "extraPeakProb": 0.9264141954444916, "meanPeakWidth": 0.20599418927205532, "stdPeakWidth": 0.03894101581148985, "width_skew": 9.633640530166883}, "datetime": {"datetime": "2022-11-16 19:42:36", "elapsed": 595.965438, "delta": 45.483192}}
{"target": -345.4787837140571, "params": {"ampDecay": 0.4677046098475762, "amp_skew": 6.585417656792194, "extraPeakProb": 0.9162915331158228, "meanPeakWidth": 0.2087397772454738, "stdPeakWidth": 0.04840123058439454, "width_skew": 9.824116051533206}, "datetime": {"datetime": "2022-11-16 19:43:23", "elapsed": 643.27502, "delta": 47.309582}}
{"target": -338.53286583284586, "params": {"ampDecay": 0.49679792846714294, "amp_skew": 6.196048121797647, "extraPeakProb": 0.9328465781098348, "meanPeakWidth": 0.19976521717704832, "stdPeakWidth": 0.03965301036567139, "width_skew": 9.859392771009418}, "datetime": {"datetime": "2022-11-16 19:44:12", "elapsed": 692.090564, "delta": 48.815544}}
{"target": -351.3407934896296, "params": {"ampDecay": 0.4538008156092624, "amp_skew": 6.925417884355445, "extraPeakProb": 0.9435644539976441, "meanPeakWidth": 0.21745180054927069, "stdPeakWidth": 0.030370611725451607, "width_skew": 9.460949539946633}, "datetime": {"datetime": "2022-11-16 19:45:06", "elapsed": 746.303199, "delta": 54.212635}}
{"target": -379.66087889451444, "params": {"ampDecay": 0.41249651643489105, "amp_skew": 6.024994457623237, "extraPeakProb": 0.9014377031084063, "meanPeakWidth": 0.18771414258523156, "stdPeakWidth": 0.056355076106880286, "width_skew": 9.866564506286911}, "datetime": {"datetime": "2022-11-16 19:45:45", "elapsed": 785.220042, "delta": 38.916843}}
{"target": -349.8290315096777, "params": {"ampDecay": 0.41707595975516193, "amp_skew": 6.339197546557542, "extraPeakProb": 0.9336465418202438, "meanPeakWidth": 0.20778550223934766, "stdPeakWidth": 0.05406059256847791, "width_skew": 9.728612229376566}, "datetime": {"datetime": "2022-11-16 19:46:37", "elapsed": 836.609144, "delta": 51.389102}}
{"target": -328.82141951350275, "params": {"ampDecay": 0.49559597378316644, "amp_skew": 6.329107845156672, "extraPeakProb": 0.9070150517612788, "meanPeakWidth": 0.18601409376528116, "stdPeakWidth": 0.03560780404990269, "width_skew": 9.382625216809851}, "datetime": {"datetime": "2022-11-16 19:47:22", "elapsed": 881.764337, "delta": 45.155193}}
{"target": -372.2192471223142, "params": {"ampDecay": 0.4184867826800094, "amp_skew": 6.290555034643776, "extraPeakProb": 0.9086817722023118, "meanPeakWidth": 0.20677459880489119, "stdPeakWidth": 0.03637462446281032, "width_skew": 9.614077244472478}, "datetime": {"datetime": "2022-11-16 19:48:05", "elapsed": 925.322731, "delta": 43.558394}}
{"target": -333.9617120233097, "params": {"ampDecay": 0.44305096706265, "amp_skew": 6.224630674825445, "extraPeakProb": 0.9321053211162426, "meanPeakWidth": 0.216478017522919, "stdPeakWidth": 0.046727722415543314, "width_skew": 9.925401979542867}, "datetime": {"datetime": "2022-11-16 19:48:49", "elapsed": 968.460596, "delta": 43.137865}}
{"target": -341.6475539150282, "params": {"ampDecay": 0.47514161937765886, "amp_skew": 6.278756215895817, "extraPeakProb": 0.9483981172013415, "meanPeakWidth": 0.21227987396370765, "stdPeakWidth": 0.03910360692859764, "width_skew": 9.865390951121084}, "datetime": {"datetime": "2022-11-16 19:49:31", "elapsed": 1011.144206, "delta": 42.68361}}
{"target": -350.51786060165665, "params": {"ampDecay": 0.4529648125978363, "amp_skew": 6.123825598057894, "extraPeakProb": 0.9201423007285069, "meanPeakWidth": 0.20609694276586388, "stdPeakWidth": 0.050480176013218706, "width_skew": 9.687618861837793}, "datetime": {"datetime": "2022-11-16 19:50:08", "elapsed": 1047.91788, "delta": 36.773674}}
{"target": -369.0283805860015, "params": {"ampDecay": 0.485848964215386, "amp_skew": 6.252368313079553, "extraPeakProb": 0.9027437240363153, "meanPeakWidth": 0.19154696040609961, "stdPeakWidth": 0.05432442011653711, "width_skew": 9.468325501795597}, "datetime": {"datetime": "2022-11-16 19:51:10", "elapsed": 1109.784132, "delta": 61.866252}}
{"target": -355.28710130730445, "params": {"ampDecay": 0.41908321005015425, "amp_skew": 6.3948074832871145, "extraPeakProb": 0.903063749756854, "meanPeakWidth": 0.19831014055925014, "stdPeakWidth": 0.059022437134875136, "width_skew": 9.37248961805727}, "datetime": {"datetime": "2022-11-16 19:51:57", "elapsed": 1156.680482, "delta": 46.89635}}
{"target": -333.30794843782274, "params": {"ampDecay": 0.47524079221293625, "amp_skew": 6.559984549569362, "extraPeakProb": 0.922528292919794, "meanPeakWidth": 0.19045336653485692, "stdPeakWidth": 0.03334090150047289, "width_skew": 9.363656443180737}, "datetime": {"datetime": "2022-11-16 19:52:53", "elapsed": 1212.567469, "delta": 55.886987}}
{"target": -357.3382631163612, "params": {"ampDecay": 0.4809859161317262, "amp_skew": 6.040161016469238, "extraPeakProb": 0.9026689685895489, "meanPeakWidth": 0.21676020584935385, "stdPeakWidth": 0.03543860411248301, "width_skew": 9.258213784778167}, "datetime": {"datetime": "2022-11-16 19:53:38", "elapsed": 1258.062695, "delta": 45.495226}}
{"target": -349.30998943778593, "params": {"ampDecay": 0.48511504695669067, "amp_skew": 6.5572410879526375, "extraPeakProb": 0.9209479100641169, "meanPeakWidth": 0.1845695161886445, "stdPeakWidth": 0.03036599707375562, "width_skew": 9.298551923165515}, "datetime": {"datetime": "2022-11-16 19:54:27", "elapsed": 1306.576056, "delta": 48.513361}}
{"target": -357.01482468726374, "params": {"ampDecay": 0.454434452857411, "amp_skew": 6.541932825701853, "extraPeakProb": 0.9084412381158923, "meanPeakWidth": 0.21228529552820866, "stdPeakWidth": 0.04574042528428719, "width_skew": 9.504290950906395}, "datetime": {"datetime": "2022-11-16 19:55:07", "elapsed": 1346.901573, "delta": 40.325517}}
{"target": -354.86653153175797, "params": {"ampDecay": 0.44323813500786885, "amp_skew": 6.112812256143178, "extraPeakProb": 0.9082304326548702, "meanPeakWidth": 0.19509597201443477, "stdPeakWidth": 0.033483788749642765, "width_skew": 9.972820054387107}, "datetime": {"datetime": "2022-11-16 19:55:51", "elapsed": 1390.974875, "delta": 44.073302}}
{"target": -342.135007812076, "params": {"ampDecay": 0.43568416833274903, "amp_skew": 6.782993170315848, "extraPeakProb": 0.9335011019392312, "meanPeakWidth": 0.20222335255718696, "stdPeakWidth": 0.04676065490244076, "width_skew": 9.78379000423632}, "datetime": {"datetime": "2022-11-16 19:56:46", "elapsed": 1445.985422, "delta": 55.010547}}
{"target": -365.6751741366444, "params": {"ampDecay": 0.46744399061727165, "amp_skew": 6.870928526474258, "extraPeakProb": 0.9033034164349119, "meanPeakWidth": 0.2084201665080445, "stdPeakWidth": 0.04567215305148098, "width_skew": 9.382707145806169}, "datetime": {"datetime": "2022-11-16 19:57:27", "elapsed": 1487.166574, "delta": 41.181152}}
{"target": -343.2140106342264, "params": {"ampDecay": 0.4069522341541448, "amp_skew": 6.300767044618984, "extraPeakProb": 0.931784064764853, "meanPeakWidth": 0.19831338115267297, "stdPeakWidth": 0.05189138220061367, "width_skew": 9.844843781672285}, "datetime": {"datetime": "2022-11-16 19:58:15", "elapsed": 1534.39053, "delta": 47.223956}}
{"target": -370.80315962138417, "params": {"ampDecay": 0.4801444427746395, "amp_skew": 6.064334197133442, "extraPeakProb": 0.9071530560343414, "meanPeakWidth": 0.1804263720021108, "stdPeakWidth": 0.057097305636749224, "width_skew": 9.6606270844293}, "datetime": {"datetime": "2022-11-16 19:58:52", "elapsed": 1572.078767, "delta": 37.688237}}
{"target": -341.8153229792982, "params": {"ampDecay": 0.44078332469548853, "amp_skew": 6.457414011359903, "extraPeakProb": 0.9021292752043337, "meanPeakWidth": 0.19629947681379709, "stdPeakWidth": 0.05389465441981271, "width_skew": 9.484842284198473}, "datetime": {"datetime": "2022-11-16 19:59:44", "elapsed": 1623.755603, "delta": 51.676836}}
{"target": -348.61844420488126, "params": {"ampDecay": 0.47784251391977556, "amp_skew": 6.903545894039767, "extraPeakProb": 0.9468026891255612, "meanPeakWidth": 0.18941733651165807, "stdPeakWidth": 0.055572382724593666, "width_skew": 9.027311604587235}, "datetime": {"datetime": "2022-11-16 20:00:30", "elapsed": 1669.836996, "delta": 46.081393}}
{"target": -392.42624001416885, "params": {"ampDecay": 0.41108618981440725, "amp_skew": 6.019946943984224, "extraPeakProb": 0.901457270480717, "meanPeakWidth": 0.19702055883359734, "stdPeakWidth": 0.03250744102555651, "width_skew": 9.74453511231567}, "datetime": {"datetime": "2022-11-16 20:01:10", "elapsed": 1709.776999, "delta": 39.940003}}
{"target": -356.1385304905816, "params": {"ampDecay": 0.49761439678449015, "amp_skew": 6.411470231962252, "extraPeakProb": 0.9420989323937699, "meanPeakWidth": 0.1945002187398076, "stdPeakWidth": 0.04846671953500077, "width_skew": 9.000339442152544}, "datetime": {"datetime": "2022-11-16 20:01:58", "elapsed": 1757.465092, "delta": 47.688093}}
{"target": -338.3701224214884, "params": {"ampDecay": 0.4180229026427227, "amp_skew": 6.357076723189136, "extraPeakProb": 0.9463763359714275, "meanPeakWidth": 0.20818228418585025, "stdPeakWidth": 0.039437243059007296, "width_skew": 9.522063897087948}, "datetime": {"datetime": "2022-11-16 20:02:52", "elapsed": 1811.991218, "delta": 54.526126}}
{"target": -366.2967918546644, "params": {"ampDecay": 0.4279454304256576, "amp_skew": 6.3048678189213865, "extraPeakProb": 0.9054297730186415, "meanPeakWidth": 0.20063957445150046, "stdPeakWidth": 0.043789861850530215, "width_skew": 9.519251909479753}, "datetime": {"datetime": "2022-11-16 20:03:38", "elapsed": 1858.292151, "delta": 46.300933}}
{"target": -334.65751702448, "params": {"ampDecay": 0.4694245152332558, "amp_skew": 6.243099194007163, "extraPeakProb": 0.9244384513329384, "meanPeakWidth": 0.21425666413309855, "stdPeakWidth": 0.049452266218346044, "width_skew": 9.875691957178729}, "datetime": {"datetime": "2022-11-16 20:04:36", "elapsed": 1915.72302, "delta": 57.430869}}
{"target": -346.2700084331632, "params": {"ampDecay": 0.4185248959165175, "amp_skew": 6.883590146418102, "extraPeakProb": 0.920683884950757, "meanPeakWidth": 0.1901040931253815, "stdPeakWidth": 0.05759508509147069, "width_skew": 9.324009916630898}, "datetime": {"datetime": "2022-11-16 20:05:30", "elapsed": 1970.079437, "delta": 54.356417}}
{"target": -378.11256648716017, "params": {"ampDecay": 0.4345458153634482, "amp_skew": 6.314743149715229, "extraPeakProb": 0.9044720709226851, "meanPeakWidth": 0.1949723463975976, "stdPeakWidth": 0.05693060653946489, "width_skew": 9.861286307915048}, "datetime": {"datetime": "2022-11-16 20:06:07", "elapsed": 2006.714148, "delta": 36.634711}}
{"target": -380.350775346766, "params": {"ampDecay": 0.4163911147848843, "amp_skew": 6.357997231345121, "extraPeakProb": 0.9354923464408801, "meanPeakWidth": 0.21163963484205023, "stdPeakWidth": 0.053401055306736625, "width_skew": 9.059818253027718}, "datetime": {"datetime": "2022-11-16 20:06:48", "elapsed": 2048.096372, "delta": 41.382224}}
{"target": -343.2192763434271, "params": {"ampDecay": 0.4610089970155164, "amp_skew": 6.171487288566257, "extraPeakProb": 0.9437874656749975, "meanPeakWidth": 0.21174692015504612, "stdPeakWidth": 0.03777100099318742, "width_skew": 9.091427052303773}, "datetime": {"datetime": "2022-11-16 20:07:28", "elapsed": 2088.066626, "delta": 39.970254}}
{"target": -354.8975698835361, "params": {"ampDecay": 0.46740163777515903, "amp_skew": 6.7748499754687765, "extraPeakProb": 0.9215412116776086, "meanPeakWidth": 0.21410284858358924, "stdPeakWidth": 0.05341728550070068, "width_skew": 9.650248147379896}, "datetime": {"datetime": "2022-11-16 20:08:08", "elapsed": 2127.977322, "delta": 39.910696}}
{"target": -350.736580284967, "params": {"ampDecay": 0.40923959083789013, "amp_skew": 6.46277578440334, "extraPeakProb": 0.9387938295168218, "meanPeakWidth": 0.18407405221761694, "stdPeakWidth": 0.042877317750374594, "width_skew": 9.988722098744063}, "datetime": {"datetime": "2022-11-16 20:09:03", "elapsed": 2183.007052, "delta": 55.02973}}
{"target": -339.99694862703706, "params": {"ampDecay": 0.4764247216839992, "amp_skew": 6.180804854562258, "extraPeakProb": 0.9428310353207303, "meanPeakWidth": 0.20807847692575426, "stdPeakWidth": 0.034569358984675724, "width_skew": 9.78981280359339}, "datetime": {"datetime": "2022-11-16 20:09:48", "elapsed": 2228.066743, "delta": 45.059691}}
{"target": -362.9551543553984, "params": {"ampDecay": 0.44140763123771454, "amp_skew": 6.7983055329387705, "extraPeakProb": 0.932487819186403, "meanPeakWidth": 0.19428078505764101, "stdPeakWidth": 0.03668018142888432, "width_skew": 9.423542839177497}, "datetime": {"datetime": "2022-11-16 20:10:27", "elapsed": 2266.918495, "delta": 38.851752}}
{"target": -354.8217135291213, "params": {"ampDecay": 0.47503564360196915, "amp_skew": 6.9853156212587955, "extraPeakProb": 0.9320888102680199, "meanPeakWidth": 0.19151743104276234, "stdPeakWidth": 0.035482832178630616, "width_skew": 9.385959759414403}, "datetime": {"datetime": "2022-11-16 20:11:10", "elapsed": 2309.417093, "delta": 42.498598}}
{"target": -358.4023264233389, "params": {"ampDecay": 0.4105056125665286, "amp_skew": 6.577095751505249, "extraPeakProb": 0.9203883890333355, "meanPeakWidth": 0.2085902905453802, "stdPeakWidth": 0.057643776248765266, "width_skew": 9.897037331032614}, "datetime": {"datetime": "2022-11-16 20:12:04", "elapsed": 2363.891073, "delta": 54.47398}}
{"target": -336.910517678246, "params": {"ampDecay": 0.43627717631053753, "amp_skew": 6.17479576893872, "extraPeakProb": 0.9411252119371584, "meanPeakWidth": 0.19196966314634234, "stdPeakWidth": 0.030880569070101463, "width_skew": 9.882085909779626}, "datetime": {"datetime": "2022-11-16 20:12:55", "elapsed": 2414.555781, "delta": 50.664708}}
{"target": -361.290225137251, "params": {"ampDecay": 0.4847383051676455, "amp_skew": 6.472434163346443, "extraPeakProb": 0.9230166829470532, "meanPeakWidth": 0.191630246963456, "stdPeakWidth": 0.045394007034965246, "width_skew": 9.475062014346946}, "datetime": {"datetime": "2022-11-16 20:13:38", "elapsed": 2457.504971, "delta": 42.94919}}
{"target": -346.372019966877, "params": {"ampDecay": 0.4985722122293176, "amp_skew": 6.749792257372373, "extraPeakProb": 0.9459231808516593, "meanPeakWidth": 0.18970318310900602, "stdPeakWidth": 0.0348020781993219, "width_skew": 9.853962295919215}, "datetime": {"datetime": "2022-11-16 20:14:19", "elapsed": 2499.226198, "delta": 41.721227}}
{"target": -365.0531110804935, "params": {"ampDecay": 0.49683434939136106, "amp_skew": 6.972312995156978, "extraPeakProb": 0.9156453661309518, "meanPeakWidth": 0.19118649768537946, "stdPeakWidth": 0.03990846353831087, "width_skew": 9.18403505132651}, "datetime": {"datetime": "2022-11-16 20:15:05", "elapsed": 2544.51268, "delta": 45.286482}}
{"target": -361.457795090045, "params": {"ampDecay": 0.48575339793774697, "amp_skew": 6.264960623095036, "extraPeakProb": 0.9072803598312268, "meanPeakWidth": 0.19975736699716487, "stdPeakWidth": 0.04240848133155806, "width_skew": 9.31091399771943}, "datetime": {"datetime": "2022-11-16 20:15:49", "elapsed": 2589.030402, "delta": 44.517722}}
{"target": -383.4226615657954, "params": {"ampDecay": 0.4408590652804533, "amp_skew": 6.535638851097701, "extraPeakProb": 0.9168135432966931, "meanPeakWidth": 0.19110942200682535, "stdPeakWidth": 0.050407083575568654, "width_skew": 9.975855772045106}, "datetime": {"datetime": "2022-11-16 20:16:27", "elapsed": 2626.892835, "delta": 37.862433}}
{"target": -368.30637028284184, "params": {"ampDecay": 0.4397023007525706, "amp_skew": 6.582228498924584, "extraPeakProb": 0.9231960753485835, "meanPeakWidth": 0.20768894951932315, "stdPeakWidth": 0.055481665098866345, "width_skew": 9.917066637387657}, "datetime": {"datetime": "2022-11-16 20:17:16", "elapsed": 2675.80771, "delta": 48.914875}}
{"target": -359.2516041183028, "params": {"ampDecay": 0.4755401838630502, "amp_skew": 6.862385318188956, "extraPeakProb": 0.9304285945437317, "meanPeakWidth": 0.18748654212249444, "stdPeakWidth": 0.059604858474027494, "width_skew": 9.284736271281156}, "datetime": {"datetime": "2022-11-16 20:17:56", "elapsed": 2716.328464, "delta": 40.520754}}
{"target": -341.8257313418515, "params": {"ampDecay": 0.49706706572070425, "amp_skew": 6.500193629651897, "extraPeakProb": 0.9441847871244856, "meanPeakWidth": 0.18500765078346915, "stdPeakWidth": 0.033430196123659564, "width_skew": 9.964278483619278}, "datetime": {"datetime": "2022-11-16 20:18:48", "elapsed": 2768.323576, "delta": 51.995112}}
{"target": -369.8955963863265, "params": {"ampDecay": 0.41586324776984906, "amp_skew": 6.5472944944496545, "extraPeakProb": 0.9278299722718752, "meanPeakWidth": 0.20283576492176042, "stdPeakWidth": 0.03759862127825049, "width_skew": 9.921411115607619}, "datetime": {"datetime": "2022-11-16 20:19:31", "elapsed": 2810.618083, "delta": 42.294507}}
{"target": -350.7415641756024, "params": {"ampDecay": 0.49139159487615763, "amp_skew": 6.467706096263091, "extraPeakProb": 0.9075003146776355, "meanPeakWidth": 0.21566320564056154, "stdPeakWidth": 0.040281632988233125, "width_skew": 9.930708544577417}, "datetime": {"datetime": "2022-11-16 20:20:22", "elapsed": 2861.581398, "delta": 50.963315}}
