{"target": -358.74698679208836, "params": {"ampDecay": 0.47709048720615493, "amp_skew": 6.2735198795426435, "extraPeakProb": 0.9074479656372083, "meanPeakWidth": 0.19153589175359, "stdPeakWidth": 0.05285416763106057, "width_skew": 9.080592718994799}, "datetime": {"datetime": "2022-11-16 20:21:06", "elapsed": 2905.827606, "delta": 44.246208}}
{"target": -371.7591670253289, "params": {"ampDecay": 0.41425128037705317, "amp_skew": 6.949989521770733, "extraPeakProb": 0.9402881628537275, "meanPeakWidth": 0.1998555844703859, "stdPeakWidth": 0.03625070662464611, "width_skew": 9.85767086982832}, "datetime": {"datetime": "2022-11-16 20:21:54", "elapsed": 2953.36997, "delta": 47.542364}}
{"target": -358.70991896923044, "params": {"ampDecay": 0.4224695784804454, "amp_skew": 6.786784594756645, "extraPeakProb": 0.9071476834261796, "meanPeakWidth": 0.20336956665306977, "stdPeakWidth": 0.05091870194281773, "width_skew": 9.754422251312423}, "datetime": {"datetime": "2022-11-16 20:22:30", "elapsed": 2989.78661, "delta": 36.41664}}
{"target": -343.44390612088375, "params": {"ampDecay": 0.4259035113476575, "amp_skew": 6.8792675754373604, "extraPeakProb": 0.9002079743864396, "meanPeakWidth": 0.18192189500662947, "stdPeakWidth": 0.04014803853100992, "width_skew": 9.491932373240049}, "datetime": {"datetime": "2022-11-16 20:23:20", "elapsed": 3039.909247, "delta": 50.122637}}
{"target": -357.71346304859287, "params": {"ampDecay": 0.4762745714630849, "amp_skew": 6.479209427892313, "extraPeakProb": 0.9100446423950231, "meanPeakWidth": 0.20038989460167417, "stdPeakWidth": 0.036326557086813156, "width_skew": 9.755198817107972}, "datetime": {"datetime": "2022-11-16 20:24:02", "elapsed": 3081.399702, "delta": 41.490455}}
{"target": -332.2594967079448, "params": {"ampDecay": 0.4691444616818222, "amp_skew": 6.519437551071152, "extraPeakProb": 0.9352159415065163, "meanPeakWidth": 0.19086991547959967, "stdPeakWidth": 0.038207333042482056, "width_skew": 9.75269105363504}, "datetime": {"datetime": "2022-11-16 20:24:53", "elapsed": 3132.44539, "delta": 51.045688}}
{"target": -350.2665761429119, "params": {"ampDecay": 0.4138393455880027, "amp_skew": 6.868325178018684, "extraPeakProb": 0.9315786789623587, "meanPeakWidth": 0.1987601729149554, "stdPeakWidth": 0.04837342628185995, "width_skew": 9.132649223388212}, "datetime": {"datetime": "2022-11-16 20:25:38", "elapsed": 3177.493213, "delta": 45.047823}}
{"target": -345.3401362804975, "params": {"ampDecay": 0.4381956991002339, "amp_skew": 6.981735754296999, "extraPeakProb": 0.9464994444877576, "meanPeakWidth": 0.19362780754359474, "stdPeakWidth": 0.05839743105669611, "width_skew": 9.12989415585392}, "datetime": {"datetime": "2022-11-16 20:26:21", "elapsed": 3220.99453, "delta": 43.501317}}
{"target": -343.4244641524981, "params": {"ampDecay": 0.460391615882004, "amp_skew": 6.426842244532157, "extraPeakProb": 0.9189018070306832, "meanPeakWidth": 0.1842584735280786, "stdPeakWidth": 0.05340823112707442, "width_skew": 9.934984245640099}, "datetime": {"datetime": "2022-11-16 20:27:10", "elapsed": 3270.163518, "delta": 49.168988}}
{"target": -358.8746488298559, "params": {"ampDecay": 0.4405205176056902, "amp_skew": 6.312211216751836, "extraPeakProb": 0.9193801648160166, "meanPeakWidth": 0.21061867015163382, "stdPeakWidth": 0.045149630093421045, "width_skew": 9.409534979084844}, "datetime": {"datetime": "2022-11-16 20:27:43", "elapsed": 3302.706434, "delta": 32.542916}}
{"target": -359.1518445501385, "params": {"ampDecay": 0.4586910468452597, "amp_skew": 6.842118043608439, "extraPeakProb": 0.9427646657255776, "meanPeakWidth": 0.1899220727265801, "stdPeakWidth": 0.052661361639331716, "width_skew": 9.854011111939743}, "datetime": {"datetime": "2022-11-16 20:28:25", "elapsed": 3344.361308, "delta": 41.654874}}
{"target": -358.3846431717999, "params": {"ampDecay": 0.46121242535331136, "amp_skew": 6.431365594108197, "extraPeakProb": 0.9475859586181408, "meanPeakWidth": 0.18485766788327496, "stdPeakWidth": 0.03632595239359248, "width_skew": 9.84295328365781}, "datetime": {"datetime": "2022-11-16 20:29:14", "elapsed": 3394.034946, "delta": 49.673638}}
{"target": -359.0495966689683, "params": {"ampDecay": 0.4931086509949602, "amp_skew": 6.13604391668693, "extraPeakProb": 0.9441621396539222, "meanPeakWidth": 0.20237021246478082, "stdPeakWidth": 0.03228767407455537, "width_skew": 9.060756071693307}, "datetime": {"datetime": "2022-11-16 20:30:00", "elapsed": 3439.738961, "delta": 45.704015}}
{"target": -355.89850694903913, "params": {"ampDecay": 0.47308187664445706, "amp_skew": 6.31863795344999, "extraPeakProb": 0.9107888829043705, "meanPeakWidth": 0.19637491142383592, "stdPeakWidth": 0.05051074334035918, "width_skew": 9.637464542590138}, "datetime": {"datetime": "2022-11-16 20:30:38", "elapsed": 3477.732846, "delta": 37.993885}}
{"target": -353.8452506837294, "params": {"ampDecay": 0.4434494918118432, "amp_skew": 6.354566967216499, "extraPeakProb": 0.9353367437587099, "meanPeakWidth": 0.19098243499218046, "stdPeakWidth": 0.04919373843760401, "width_skew": 9.782143127006176}, "datetime": {"datetime": "2022-11-16 20:31:36", "elapsed": 3535.727154, "delta": 57.994308}}
{"target": -363.42076210472385, "params": {"ampDecay": 0.4955060232633729, "amp_skew": 6.805732363264539, "extraPeakProb": 0.9061256454954036, "meanPeakWidth": 0.18187410532061568, "stdPeakWidth": 0.04222797154285672, "width_skew": 9.889537478733043}, "datetime": {"datetime": "2022-11-16 20:32:22", "elapsed": 3581.618692, "delta": 45.891538}}
{"target": -372.87180530818006, "params": {"ampDecay": 0.46227860571439444, "amp_skew": 6.425422981729187, "extraPeakProb": 0.9478900879403238, "meanPeakWidth": 0.1803292232726516, "stdPeakWidth": 0.03311204839748679, "width_skew": 9.959218218001435}, "datetime": {"datetime": "2022-11-16 20:32:57", "elapsed": 3617.159794, "delta": 35.541102}}
{"target": -327.92813200223657, "params": {"ampDecay": 0.4425217048342746, "amp_skew": 6.8380705330740685, "extraPeakProb": 0.9314669325006725, "meanPeakWidth": 0.1872775830806192, "stdPeakWidth": 0.05652656997244937, "width_skew": 9.28816853518538}, "datetime": {"datetime": "2022-11-16 20:33:39", "elapsed": 3658.648294, "delta": 41.4885}}
{"target": -357.53862614664695, "params": {"ampDecay": 0.45454515448460925, "amp_skew": 6.87273487352498, "extraPeakProb": 0.9431306983330954, "meanPeakWidth": 0.21189025219646718, "stdPeakWidth": 0.04477480354789222, "width_skew": 9.089270080883864}, "datetime": {"datetime": "2022-11-16 20:34:21", "elapsed": 3700.694195, "delta": 42.045901}}
{"target": -344.9760653834436, "params": {"ampDecay": 0.4493117348395346, "amp_skew": 6.3315404759928064, "extraPeakProb": 0.9304973736477432, "meanPeakWidth": 0.2123755641266294, "stdPeakWidth": 0.04458222445774754, "width_skew": 9.470498929837172}, "datetime": {"datetime": "2022-11-16 20:35:15", "elapsed": 3755.269259, "delta": 54.575064}}
{"target": -345.2926759218874, "params": {"ampDecay": 0.4630522650009787, "amp_skew": 6.48574459200835, "extraPeakProb": 0.9308937367160519, "meanPeakWidth": 0.21122376241469323, "stdPeakWidth": 0.05784952599766584, "width_skew": 9.482674512856033}, "datetime": {"datetime": "2022-11-16 20:35:59", "elapsed": 3798.367573, "delta": 43.098314}}
{"target": -347.6752731628985, "params": {"ampDecay": 0.43678526710124976, "amp_skew": 6.206041535302842, "extraPeakProb": 0.930909971237262, "meanPeakWidth": 0.20573612752434844, "stdPeakWidth": 0.03861150688409766, "width_skew": 9.120275657330962}, "datetime": {"datetime": "2022-11-16 20:36:44", "elapsed": 3843.819158, "delta": 45.451585}}
{"target": -363.3108457776344, "params": {"ampDecay": 0.45608192479076193, "amp_skew": 6.656744077590073, "extraPeakProb": 0.9413869422700718, "meanPeakWidth": 0.1982228225234318, "stdPeakWidth": 0.05101212689727674, "width_skew": 9.692237186559106}, "datetime": {"datetime": "2022-11-16 20:37:25", "elapsed": 3884.703826, "delta": 40.884668}}
{"target": -353.6099797982068, "params": {"ampDecay": 0.45487606374336353, "amp_skew": 6.621139951788182, "extraPeakProb": 0.9039028485216875, "meanPeakWidth": 0.19065987040056412, "stdPeakWidth": 0.04179954038609578, "width_skew": 9.300553764835254}, "datetime": {"datetime": "2022-11-16 20:38:14", "elapsed": 3933.446712, "delta": 48.742886}}
{"target": -358.1827079027446, "params": {"ampDecay": 0.42935087746963624, "amp_skew": 6.232639145615346, "extraPeakProb": 0.9148665976270186, "meanPeakWidth": 0.19229250549571558, "stdPeakWidth": 0.05879838280798386, "width_skew": 9.035836656765788}, "datetime": {"datetime": "2022-11-16 20:39:11", "elapsed": 3990.535711, "delta": 57.088999}}
{"target": -348.8147241446208, "params": {"ampDecay": 0.4025307721968993, "amp_skew": 6.831943544678578, "extraPeakProb": 0.9439902194331251, "meanPeakWidth": 0.20977500946105673, "stdPeakWidth": 0.042659573995337395, "width_skew": 9.226920168736429}, "datetime": {"datetime": "2022-11-16 20:39:56", "elapsed": 4035.765957, "delta": 45.230246}}
{"target": -332.25676060423206, "params": {"ampDecay": 0.4994873966010546, "amp_skew": 6.255509123939825, "extraPeakProb": 0.9404184754732394, "meanPeakWidth": 0.2007084254381731, "stdPeakWidth": 0.05026549881058541, "width_skew": 9.787327913168548}, "datetime": {"datetime": "2022-11-16 20:40:42", "elapsed": 4081.787916, "delta": 46.021959}}
{"target": -364.93847471226064, "params": {"ampDecay": 0.4783901057151474, "amp_skew": 6.636003107434163, "extraPeakProb": 0.9407285777426646, "meanPeakWidth": 0.20031661231897446, "stdPeakWidth": 0.04157199885903853, "width_skew": 9.857363961231616}, "datetime": {"datetime": "2022-11-16 20:41:21", "elapsed": 4121.211236, "delta": 39.42332}}
{"target": -335.63014880207237, "params": {"ampDecay": 0.4435726813098664, "amp_skew": 6.789762128067027, "extraPeakProb": 0.943202254872226, "meanPeakWidth": 0.20494508827373445, "stdPeakWidth": 0.03835028742408765, "width_skew": 9.112992528928775}, "datetime": {"datetime": "2022-11-16 20:42:23", "elapsed": 4182.866356, "delta": 61.65512}}
{"target": -351.3146191131706, "params": {"ampDecay": 0.47529750482142213, "amp_skew": 6.119597004211478, "extraPeakProb": 0.9069841367427157, "meanPeakWidth": 0.18008257300482264, "stdPeakWidth": 0.037159157120926906, "width_skew": 9.345543064927949}, "datetime": {"datetime": "2022-11-16 20:43:13", "elapsed": 4233.112707, "delta": 50.246351}}
{"target": -332.6915031519739, "params": {"ampDecay": 0.4150864010745403, "amp_skew": 6.475367334144153, "extraPeakProb": 0.915372184788709, "meanPeakWidth": 0.2090287053881665, "stdPeakWidth": 0.03375271782927974, "width_skew": 9.678686290657048}, "datetime": {"datetime": "2022-11-16 20:44:01", "elapsed": 4281.042931, "delta": 47.930224}}
{"target": -352.09273890077696, "params": {"ampDecay": 0.44675508626133514, "amp_skew": 6.4324689220681694, "extraPeakProb": 0.9223058071244639, "meanPeakWidth": 0.18464468420279576, "stdPeakWidth": 0.0421239683622319, "width_skew": 9.722505030434128}, "datetime": {"datetime": "2022-11-16 20:44:47", "elapsed": 4327.312031, "delta": 46.2691}}
{"target": -380.2496017696103, "params": {"ampDecay": 0.40626453720090755, "amp_skew": 6.172190603508632, "extraPeakProb": 0.9266682221455711, "meanPeakWidth": 0.19270026434233592, "stdPeakWidth": 0.04193816493865299, "width_skew": 9.657492794551784}, "datetime": {"datetime": "2022-11-16 20:45:32", "elapsed": 4371.490263, "delta": 44.178232}}
{"target": -338.1137131333654, "params": {"ampDecay": 0.4779720636070031, "amp_skew": 6.195512131752504, "extraPeakProb": 0.9487128261079744, "meanPeakWidth": 0.19907359123324556, "stdPeakWidth": 0.03336277162700926, "width_skew": 9.056148898672454}, "datetime": {"datetime": "2022-11-16 20:46:19", "elapsed": 4418.960048, "delta": 47.469785}}
{"target": -351.6786761551738, "params": {"ampDecay": 0.4648121095996483, "amp_skew": 6.7492456104956675, "extraPeakProb": 0.9332117967679142, "meanPeakWidth": 0.1955974476369759, "stdPeakWidth": 0.04765663862515472, "width_skew": 9.016342457496801}, "datetime": {"datetime": "2022-11-16 20:47:12", "elapsed": 4471.913249, "delta": 52.953201}}
{"target": -346.1406904025224, "params": {"ampDecay": 0.4952622590327811, "amp_skew": 6.348112909995782, "extraPeakProb": 0.910863413638952, "meanPeakWidth": 0.21398458214840693, "stdPeakWidth": 0.042831674786883725, "width_skew": 9.381708183892343}, "datetime": {"datetime": "2022-11-16 20:47:51", "elapsed": 4510.498264, "delta": 38.585015}}
{"target": -359.84000852214814, "params": {"ampDecay": 0.48364123404344395, "amp_skew": 6.107761233647509, "extraPeakProb": 0.9162251387720198, "meanPeakWidth": 0.19405968332259285, "stdPeakWidth": 0.04190900703175532, "width_skew": 9.60805336491072}, "datetime": {"datetime": "2022-11-16 20:48:37", "elapsed": 4556.371986, "delta": 45.873722}}
{"target": -351.6630996552096, "params": {"ampDecay": 0.424044738965723, "amp_skew": 6.839349145501595, "extraPeakProb": 0.9299337436912594, "meanPeakWidth": 0.1883797438114903, "stdPeakWidth": 0.0553297143590471, "width_skew": 9.295107057066685}, "datetime": {"datetime": "2022-11-16 20:49:31", "elapsed": 4610.898432, "delta": 54.526446}}
{"target": -352.9946678696334, "params": {"ampDecay": 0.4051453217458887, "amp_skew": 6.9932940247183115, "extraPeakProb": 0.9461985335090068, "meanPeakWidth": 0.21641645015777006, "stdPeakWidth": 0.05019236084825951, "width_skew": 9.680098237704481}, "datetime": {"datetime": "2022-11-16 20:50:32", "elapsed": 4671.608592, "delta": 60.71016}}
{"target": -355.66152202107645, "params": {"ampDecay": 0.4394978549022114, "amp_skew": 6.500799916885411, "extraPeakProb": 0.9392050289650793, "meanPeakWidth": 0.1935690941657465, "stdPeakWidth": 0.05337599421433725, "width_skew": 9.691242977835158}, "datetime": {"datetime": "2022-11-16 20:51:19", "elapsed": 4718.839975, "delta": 47.231383}}
{"target": -355.2389839740105, "params": {"ampDecay": 0.4598136238275845, "amp_skew": 6.850840983907263, "extraPeakProb": 0.9350276346856933, "meanPeakWidth": 0.19455999640221824, "stdPeakWidth": 0.05033312246012056, "width_skew": 9.598856201148534}, "datetime": {"datetime": "2022-11-16 20:52:01", "elapsed": 4760.530278, "delta": 41.690303}}
{"target": -364.4577564855585, "params": {"ampDecay": 0.49710099620019016, "amp_skew": 6.65976849755666, "extraPeakProb": 0.9260502005522915, "meanPeakWidth": 0.21423765380852544, "stdPeakWidth": 0.053968121874392476, "width_skew": 9.903296854705776}, "datetime": {"datetime": "2022-11-16 20:52:46", "elapsed": 4805.56954, "delta": 45.039262}}
{"target": -345.50823177628314, "params": {"ampDecay": 0.43205872382716015, "amp_skew": 6.107921532662025, "extraPeakProb": 0.9242342037497381, "meanPeakWidth": 0.204833096715192, "stdPeakWidth": 0.041447512790694745, "width_skew": 9.332444454259166}, "datetime": {"datetime": "2022-11-16 20:53:38", "elapsed": 4858.194325, "delta": 52.624785}}
{"target": -348.8706386027094, "params": {"ampDecay": 0.4926994069124268, "amp_skew": 6.266685673075372, "extraPeakProb": 0.9481080032558474, "meanPeakWidth": 0.19975673399936322, "stdPeakWidth": 0.04973794904560255, "width_skew": 9.788518533615386}, "datetime": {"datetime": "2022-11-16 20:54:12", "elapsed": 4892.197411, "delta": 34.003086}}
{"target": -359.8420903493797, "params": {"ampDecay": 0.4510535911015755, "amp_skew": 6.836699020608322, "extraPeakProb": 0.9314866022872843, "meanPeakWidth": 0.18504759179645053, "stdPeakWidth": 0.050657245023306874, "width_skew": 9.282452442681342}, "datetime": {"datetime": "2022-11-16 20:55:01", "elapsed": 4940.668938, "delta": 48.471527}}
{"target": -326.5754824229038, "params": {"ampDecay": 0.4188232839976492, "amp_skew": 6.201704255764585, "extraPeakProb": 0.9079135045419687, "meanPeakWidth": 0.18449138194475942, "stdPeakWidth": 0.03951437070187702, "width_skew": 9.082543887296703}, "datetime": {"datetime": "2022-11-16 20:55:47", "elapsed": 4986.589618, "delta": 45.92068}}
{"target": -357.52177483744856, "params": {"ampDecay": 0.42606468908748657, "amp_skew": 6.872334465729621, "extraPeakProb": 0.9483923065035046, "meanPeakWidth": 0.18873362718457487, "stdPeakWidth": 0.03239445195752124, "width_skew": 9.737378849810955}, "datetime": {"datetime": "2022-11-16 20:56:27", "elapsed": 5027.18415, "delta": 40.594532}}
{"target": -346.4381060043746, "params": {"ampDecay": 0.490185275251277, "amp_skew": 6.139326315545401, "extraPeakProb": 0.9421479702089873, "meanPeakWidth": 0.18642920218778827, "stdPeakWidth": 0.043095107831557074, "width_skew": 9.250818682623605}, "datetime": {"datetime": "2022-11-16 20:57:19", "elapsed": 5078.969956, "delta": 51.785806}}
{"target": -346.2114426210334, "params": {"ampDecay": 0.4497500045338168, "amp_skew": 6.570091517452435, "extraPeakProb": 0.9047772010262001, "meanPeakWidth": 0.2019499254685584, "stdPeakWidth": 0.05749486919073335, "width_skew": 9.400987660945452}, "datetime": {"datetime": "2022-11-16 20:58:09", "elapsed": 5129.259895, "delta": 50.289939}}
{"target": -353.93380479184805, "params": {"ampDecay": 0.43819070798189175, "amp_skew": 6.014160309566352, "extraPeakProb": 0.9020420642234784, "meanPeakWidth": 0.20974570297212775, "stdPeakWidth": 0.05852373574342162, "width_skew": 9.5623008137221}, "datetime": {"datetime": "2022-11-16 20:58:48", "elapsed": 5168.346597, "delta": 39.086702}}
{"target": -348.416018730997, "params": {"ampDecay": 0.4219238281678738, "amp_skew": 6.489576849205481, "extraPeakProb": 0.9162013051635901, "meanPeakWidth": 0.18294739732376045, "stdPeakWidth": 0.05483318874497332, "width_skew": 9.795014359528132}, "datetime": {"datetime": "2022-11-16 20:59:32", "elapsed": 5212.232308, "delta": 43.885711}}
{"target": -362.42416159660974, "params": {"ampDecay": 0.48283455507951417, "amp_skew": 6.797702766340747, "extraPeakProb": 0.9217990041605985, "meanPeakWidth": 0.19197151022038636, "stdPeakWidth": 0.057017563042198474, "width_skew": 9.13990955745999}, "datetime": {"datetime": "2022-11-16 21:00:19", "elapsed": 5258.60827, "delta": 46.375962}}
{"target": -350.9324293854194, "params": {"ampDecay": 0.4593891742611044, "amp_skew": 6.895842927347675, "extraPeakProb": 0.9048199340490922, "meanPeakWidth": 0.20897866475118726, "stdPeakWidth": 0.05610573704538517, "width_skew": 9.940810876166495}, "datetime": {"datetime": "2022-11-16 21:01:03", "elapsed": 5302.384138, "delta": 43.775868}}
{"target": -343.5068610950496, "params": {"ampDecay": 0.4918306537198167, "amp_skew": 6.227410584298176, "extraPeakProb": 0.9137418232985406, "meanPeakWidth": 0.19443692144271452, "stdPeakWidth": 0.03509592738531104, "width_skew": 9.494200036666696}, "datetime": {"datetime": "2022-11-16 21:01:55", "elapsed": 5354.490171, "delta": 52.106033}}
{"target": -362.31847318928175, "params": {"ampDecay": 0.40625710437659224, "amp_skew": 6.568131836135424, "extraPeakProb": 0.9374634125488833, "meanPeakWidth": 0.1955617742892355, "stdPeakWidth": 0.05890702487116723, "width_skew": 9.76815618347622}, "datetime": {"datetime": "2022-11-16 21:02:47", "elapsed": 5406.989328, "delta": 52.499157}}
{"target": -337.42053611964684, "params": {"ampDecay": 0.4072932242018349, "amp_skew": 6.0177684898535935, "extraPeakProb": 0.9317747345533772, "meanPeakWidth": 0.2131741590059952, "stdPeakWidth": 0.058642351223577374, "width_skew": 9.407556079240875}, "datetime": {"datetime": "2022-11-16 21:03:35", "elapsed": 5454.652332, "delta": 47.663004}}
{"target": -346.29897051447654, "params": {"ampDecay": 0.4864012198559584, "amp_skew": 6.839084637711003, "extraPeakProb": 0.9083859701431638, "meanPeakWidth": 0.21610073078425124, "stdPeakWidth": 0.05061917462060748, "width_skew": 9.038087780133969}, "datetime": {"datetime": "2022-11-16 21:04:24", "elapsed": 5504.271239, "delta": 49.618907}}
{"target": -360.64841552052906, "params": {"ampDecay": 0.4913355948063814, "amp_skew": 6.785544180178371, "extraPeakProb": 0.9448451608019, "meanPeakWidth": 0.1850524850525483, "stdPeakWidth": 0.0329820141134265, "width_skew": 9.502436544280819}, "datetime": {"datetime": "2022-11-16 21:05:01", "elapsed": 5540.854983, "delta": 36.583744}}
{"target": -328.8065198254287, "params": {"ampDecay": 0.46007950202310394, "amp_skew": 6.500101807008025, "extraPeakProb": 0.948264731453178, "meanPeakWidth": 0.20889245031479858, "stdPeakWidth": 0.052450945279927594, "width_skew": 9.931806070977615}, "datetime": {"datetime": "2022-11-16 21:05:40", "elapsed": 5580.161272, "delta": 39.306289}}
{"target": -350.0072170868677, "params": {"ampDecay": 0.42698131514290727, "amp_skew": 6.266183116141525, "extraPeakProb": 0.9236812598033671, "meanPeakWidth": 0.20629878403982338, "stdPeakWidth": 0.047887249256628836, "width_skew": 9.06460874324074}, "datetime": {"datetime": "2022-11-16 21:06:35", "elapsed": 5635.347368, "delta": 55.186096}}
{"target": -334.7076105771534, "params": {"ampDecay": 0.47179323090673597, "amp_skew": 6.491913560632037, "extraPeakProb": 0.9099624428111575, "meanPeakWidth": 0.19588252244250676, "stdPeakWidth": 0.042166307179624815, "width_skew": 9.735586719016085}, "datetime": {"datetime": "2022-11-16 21:07:38", "elapsed": 5698.234537, "delta": 62.887169}}
{"target": -350.9761338467234, "params": {"ampDecay": 0.4613062790339042, "amp_skew": 6.327634221375419, "extraPeakProb": 0.9132122328767976, "meanPeakWidth": 0.2190392497959413, "stdPeakWidth": 0.05739134473882326, "width_skew": 9.93724438707447}, "datetime": {"datetime": "2022-11-16 21:08:35", "elapsed": 5755.113431, "delta": 56.878894}}
{"target": -371.6386599833933, "params": {"ampDecay": 0.40161823962591375, "amp_skew": 6.031189646348207, "extraPeakProb": 0.9270615641118192, "meanPeakWidth": 0.18520096215944665, "stdPeakWidth": 0.04713425809483469, "width_skew": 9.945421763184592}, "datetime": {"datetime": "2022-11-16 21:09:22", "elapsed": 5801.980702, "delta": 46.867271}}
