{"target": -0.002180605546832146, "params": {"ampDecay": 0.43754883571356573, "extraPeakProb": 0.25735311984916764, "meanPeakCenter": -12.302787290307434, "meanPeakWidth": 0.29527730809471686, "noise": 0.0, "stdPeakCenter": 4.6544045082001215, "stdPeakWidth": 1.032494721591712}, "datetime": {"datetime": "2022-09-22 18:38:28", "elapsed": 5774.722532, "delta": 46.989558}}
{"target": -0.0007525163781561371, "params": {"ampDecay": 0.7579663665011489, "extraPeakProb": 0.5443812941054674, "meanPeakCenter": -11.17277868342304, "meanPeakWidth": 8.29860856278814, "noise": 0.0, "stdPeakCenter": 3.1730257385382, "stdPeakWidth": 1.0545732144607}, "datetime": {"datetime": "2022-09-22 18:38:49", "elapsed": 5795.53052, "delta": 20.807988}}
{"target": -0.0006408605871016787, "params": {"ampDecay": 0.5238718726544177, "extraPeakProb": 0.4871158263811698, "meanPeakCenter": -13.56097263032416, "meanPeakWidth": 9.064057653104944, "noise": 0.0, "stdPeakCenter": 8.367568504635429, "stdPeakWidth": 4.025169285231131}, "datetime": {"datetime": "2022-09-22 18:39:14", "elapsed": 5820.216401, "delta": 24.685881}}
{"target": -0.0005890080747853471, "params": {"ampDecay": 0.4022039841430596, "extraPeakProb": 0.14469395688143633, "meanPeakCenter": -8.88729015045993, "meanPeakWidth": 7.87072346165833, "noise": 0.0, "stdPeakCenter": 3.412565482407274, "stdPeakWidth": 3.5476142101477732}, "datetime": {"datetime": "2022-09-22 18:39:44", "elapsed": 5850.664937, "delta": 30.448536}}
{"target": -0.0006463734419502802, "params": {"ampDecay": 0.37311362136541226, "extraPeakProb": 0.8054671565120933, "meanPeakCenter": -12.389578636525835, "meanPeakWidth": 5.92246423838583, "noise": 0.0, "stdPeakCenter": 6.870888424131101, "stdPeakWidth": 1.3914727667388944}, "datetime": {"datetime": "2022-09-22 18:40:07", "elapsed": 5872.892787, "delta": 22.22785}}
{"target": -0.003180208989959521, "params": {"ampDecay": 0.8080908276180024, "extraPeakProb": 0.10170520860932096, "meanPeakCenter": -14.061011396895038, "meanPeakWidth": 0.17251308064619053, "noise": 0.0, "stdPeakCenter": 7.619816877599025, "stdPeakWidth": 1.4635505732310299}, "datetime": {"datetime": "2022-09-22 18:41:00", "elapsed": 5926.726861, "delta": 53.834074}}
{"target": -0.0008192763458027384, "params": {"ampDecay": 0.401249475484984, "extraPeakProb": 0.23938733714444016, "meanPeakCenter": -8.283304397081732, "meanPeakWidth": 2.4009918873073834, "noise": 0.0, "stdPeakCenter": 6.0544058755942824, "stdPeakWidth": 2.035295975406731}, "datetime": {"datetime": "2022-09-22 18:41:40", "elapsed": 5965.853507, "delta": 39.126646}}
{"target": -0.003712067525011855, "params": {"ampDecay": 0.5008118526936232, "extraPeakProb": 0.47020036060020787, "meanPeakCenter": -10.51482010433511, "meanPeakWidth": 0.7909450372035398, "noise": 0.0, "stdPeakCenter": 8.529365710566868, "stdPeakWidth": 0.9185872315767935}, "datetime": {"datetime": "2022-09-22 18:42:24", "elapsed": 6009.906102, "delta": 44.052595}}
{"target": -0.0005571684459678309, "params": {"ampDecay": 0.7550788816847456, "extraPeakProb": 0.18003773014689195, "meanPeakCenter": -8.161726290148843, "meanPeakWidth": 4.9547415082972375, "noise": 0.0, "stdPeakCenter": 8.015424674044723, "stdPeakWidth": 1.1328776280824289}, "datetime": {"datetime": "2022-09-22 18:42:50", "elapsed": 6036.203192, "delta": 26.29709}}
{"target": -0.0005931636985723699, "params": {"ampDecay": 0.5462825482363479, "extraPeakProb": 0.27415281017175064, "meanPeakCenter": -9.004554868267363, "meanPeakWidth": 0.9308325649164162, "noise": 0.0, "stdPeakCenter": 7.4829444301514965, "stdPeakWidth": 4.541627858956839}, "datetime": {"datetime": "2022-09-22 18:43:29", "elapsed": 6075.176022, "delta": 38.97283}}
{"target": -0.0008225317775327523, "params": {"ampDecay": 0.24560938074958188, "extraPeakProb": 0.35060217851417386, "meanPeakCenter": -14.471530421716498, "meanPeakWidth": 9.057224336217377, "noise": 0.0, "stdPeakCenter": 1.5027392166422915, "stdPeakWidth": 1.5538209237397504}, "datetime": {"datetime": "2022-09-22 18:43:50", "elapsed": 6095.847169, "delta": 20.671147}}
{"target": -0.0006428499711515198, "params": {"ampDecay": 0.2494585648240757, "extraPeakProb": 0.12621217601438436, "meanPeakCenter": -10.132491037218712, "meanPeakWidth": 8.584673344423846, "noise": 0.0, "stdPeakCenter": 3.6594285554824357, "stdPeakWidth": 2.931239962321216}, "datetime": {"datetime": "2022-09-22 18:44:13", "elapsed": 6119.193978, "delta": 23.346809}}
{"target": -0.0007030703879134371, "params": {"ampDecay": 0.6421659848323752, "extraPeakProb": 0.2716686066418279, "meanPeakCenter": -7.2028398425234785, "meanPeakWidth": 5.405972175608992, "noise": 0.0, "stdPeakCenter": 9.63232586884247, "stdPeakWidth": 4.645908750153943}, "datetime": {"datetime": "2022-09-22 18:44:55", "elapsed": 6161.01702, "delta": 41.823042}}
{"target": -0.0006568757524890626, "params": {"ampDecay": 0.11746314156634252, "extraPeakProb": 0.7491306040464254, "meanPeakCenter": -7.897844405942273, "meanPeakWidth": 2.8742231355974948, "noise": 0.0, "stdPeakCenter": 2.5044240653463623, "stdPeakWidth": 4.7921929482848045}, "datetime": {"datetime": "2022-09-22 18:45:33", "elapsed": 6198.963074, "delta": 37.946054}}
{"target": -0.0008008919492224431, "params": {"ampDecay": 0.6795435702492669, "extraPeakProb": 0.6706262290474216, "meanPeakCenter": -12.330921564978777, "meanPeakWidth": 9.194303092769886, "noise": 0.0, "stdPeakCenter": 4.10886193203627, "stdPeakWidth": 0.6494696838564612}, "datetime": {"datetime": "2022-09-22 18:45:52", "elapsed": 6218.193208, "delta": 19.230134}}
{"target": -0.0006631575847410581, "params": {"ampDecay": 0.22602469388491137, "extraPeakProb": 0.6451847213691135, "meanPeakCenter": -7.324982609143693, "meanPeakWidth": 9.66502608873893, "noise": 0.0, "stdPeakCenter": 6.6897823414827275, "stdPeakWidth": 2.3904615298400995}, "datetime": {"datetime": "2022-09-22 18:46:12", "elapsed": 6238.287603, "delta": 20.094395}}
{"target": -0.0006706124176499993, "params": {"ampDecay": 0.6386503116857682, "extraPeakProb": 0.370495882770009, "meanPeakCenter": -7.467890222411469, "meanPeakWidth": 8.238430308452223, "noise": 0.0, "stdPeakCenter": 2.3771702578119234, "stdPeakWidth": 4.502923162754472}, "datetime": {"datetime": "2022-09-22 18:46:45", "elapsed": 6270.839531, "delta": 32.551928}}
{"target": -0.0007859057833364382, "params": {"ampDecay": 0.8135781438239568, "extraPeakProb": 0.7576328788154976, "meanPeakCenter": -9.433118053507476, "meanPeakWidth": 0.6555451195369089, "noise": 0.0, "stdPeakCenter": 2.4960638078000876, "stdPeakWidth": 3.363353996363915}, "datetime": {"datetime": "2022-09-22 18:47:26", "elapsed": 6312.709952, "delta": 41.870421}}
{"target": -0.0016757592313669468, "params": {"ampDecay": 0.3056524560160607, "extraPeakProb": 0.4553393487303964, "meanPeakCenter": -13.440194150899877, "meanPeakWidth": 2.6007549522364815, "noise": 0.0, "stdPeakCenter": 2.157647577807449, "stdPeakWidth": 2.5156151438496535}, "datetime": {"datetime": "2022-09-22 18:48:07", "elapsed": 6352.834314, "delta": 40.124362}}
{"target": -0.0006578609174177174, "params": {"ampDecay": 0.8159164036456703, "extraPeakProb": 0.8095531380912665, "meanPeakCenter": -10.210125253766954, "meanPeakWidth": 3.964819420362492, "noise": 0.0, "stdPeakCenter": 5.110308063186143, "stdPeakWidth": 0.21372406450832215}, "datetime": {"datetime": "2022-09-22 18:48:29", "elapsed": 6375.216866, "delta": 22.382552}}
{"target": -0.0034365384797649056, "params": {"ampDecay": 0.6227875316322528, "extraPeakProb": 0.4634130796683016, "meanPeakCenter": -11.89155670924535, "meanPeakWidth": 1.6742523034528922, "noise": 0.0, "stdPeakCenter": 1.911276316618945, "stdPeakWidth": 1.508384297476237}, "datetime": {"datetime": "2022-09-22 18:49:02", "elapsed": 6408.182386, "delta": 32.96552}}
{"target": -0.0007524638199870796, "params": {"ampDecay": 0.48353036898256296, "extraPeakProb": 0.2771559655871231, "meanPeakCenter": -10.568867364090991, "meanPeakWidth": 5.103941036223203, "noise": 0.0, "stdPeakCenter": 8.045680005794747, "stdPeakWidth": 3.380475939649023}, "datetime": {"datetime": "2022-09-22 18:49:40", "elapsed": 6446.199321, "delta": 38.016935}}
{"target": -0.0009518079719239153, "params": {"ampDecay": 0.13083286264684946, "extraPeakProb": 0.778912207769522, "meanPeakCenter": -13.830200447526469, "meanPeakWidth": 0.9710611779114131, "noise": 0.0, "stdPeakCenter": 9.332521520627669, "stdPeakWidth": 3.2551791531316336}, "datetime": {"datetime": "2022-09-22 18:50:15", "elapsed": 6481.195165, "delta": 34.995844}}
{"target": -0.006408045173646008, "params": {"ampDecay": 0.44676805709065615, "extraPeakProb": 0.2823765792694496, "meanPeakCenter": -14.690933023187975, "meanPeakWidth": 0.1183846056630089, "noise": 0.0, "stdPeakCenter": 9.542200801459886, "stdPeakWidth": 0.41702142718342217}, "datetime": {"datetime": "2022-09-22 18:50:59", "elapsed": 6525.218322, "delta": 44.023157}}
{"target": -0.0007394885055328143, "params": {"ampDecay": 0.6485173432744149, "extraPeakProb": 0.7300331991767078, "meanPeakCenter": -14.912525620192994, "meanPeakWidth": 5.575877397148547, "noise": 0.0, "stdPeakCenter": 5.314783182536703, "stdPeakWidth": 2.7292332523686764}, "datetime": {"datetime": "2022-09-22 18:51:26", "elapsed": 6552.664554, "delta": 27.446232}}
{"target": -0.000558525682346634, "params": {"ampDecay": 0.8766882255810099, "extraPeakProb": 0.110557627704297, "meanPeakCenter": -10.418151975354885, "meanPeakWidth": 3.829221695156406, "noise": 0.0, "stdPeakCenter": 8.456352354262927, "stdPeakWidth": 1.770105704388354}, "datetime": {"datetime": "2022-09-22 18:52:04", "elapsed": 6590.262867, "delta": 37.598313}}
{"target": -0.0010032513039536708, "params": {"ampDecay": 0.4340351224283351, "extraPeakProb": 0.3472351471528392, "meanPeakCenter": -8.800205193499316, "meanPeakWidth": 2.6909815505277668, "noise": 0.0, "stdPeakCenter": 1.8006021236484582, "stdPeakWidth": 1.4727194150638234}, "datetime": {"datetime": "2022-09-22 18:52:43", "elapsed": 6629.670306, "delta": 39.407439}}
{"target": -0.0006237711463491468, "params": {"ampDecay": 0.14597168817170153, "extraPeakProb": 0.5940154066784661, "meanPeakCenter": -7.955727859378145, "meanPeakWidth": 3.5928308204713355, "noise": 0.0, "stdPeakCenter": 5.929376082576191, "stdPeakWidth": 4.530923281442184}, "datetime": {"datetime": "2022-09-22 18:53:10", "elapsed": 6656.454753, "delta": 26.784447}}
{"target": -0.0006583598285851167, "params": {"ampDecay": 0.41744102438682595, "extraPeakProb": 0.4073900741391191, "meanPeakCenter": -13.469269287671136, "meanPeakWidth": 5.218964879927731, "noise": 0.0, "stdPeakCenter": 6.596768135025679, "stdPeakWidth": 0.5434847592195008}, "datetime": {"datetime": "2022-09-22 18:53:33", "elapsed": 6679.420381, "delta": 22.965628}}
{"target": -0.0006390262339479278, "params": {"ampDecay": 0.6228716500624467, "extraPeakProb": 0.16146930607034138, "meanPeakCenter": -14.888790585697446, "meanPeakWidth": 4.810247231367458, "noise": 0.0, "stdPeakCenter": 6.382283505724282, "stdPeakWidth": 1.2789108607642001}, "datetime": {"datetime": "2022-09-22 18:53:56", "elapsed": 6702.460042, "delta": 23.039661}}
{"target": -0.0006585095600184325, "params": {"ampDecay": 0.577941096322524, "extraPeakProb": 0.5929110889235533, "meanPeakCenter": -9.609768031043359, "meanPeakWidth": 4.187607876450321, "noise": 0.0, "stdPeakCenter": 3.476226040045347, "stdPeakWidth": 0.9732764003497063}, "datetime": {"datetime": "2022-09-22 18:54:20", "elapsed": 6726.271424, "delta": 23.811382}}
{"target": -0.0007269929024133204, "params": {"ampDecay": 0.8548036456942236, "extraPeakProb": 0.341540594012175, "meanPeakCenter": -13.024887579521542, "meanPeakWidth": 9.664760065216436, "noise": 0.0, "stdPeakCenter": 3.3026202593987577, "stdPeakWidth": 4.29170503953982}, "datetime": {"datetime": "2022-09-22 18:54:47", "elapsed": 6753.632823, "delta": 27.361399}}
{"target": -0.0006782912858934537, "params": {"ampDecay": 0.3164915747871634, "extraPeakProb": 0.2789213226641885, "meanPeakCenter": -11.548535747466413, "meanPeakWidth": 7.591435077760026, "noise": 0.0, "stdPeakCenter": 4.505107822921116, "stdPeakWidth": 1.14544888324702}, "datetime": {"datetime": "2022-09-22 18:55:08", "elapsed": 6774.616586, "delta": 20.983763}}
{"target": -0.001000147014378433, "params": {"ampDecay": 0.6529205073873887, "extraPeakProb": 0.7901531819473671, "meanPeakCenter": -11.765531758270548, "meanPeakWidth": 9.080148320667869, "noise": 0.0, "stdPeakCenter": 8.9298271064446, "stdPeakWidth": 3.151105085485426}, "datetime": {"datetime": "2022-09-22 18:55:32", "elapsed": 6798.160422, "delta": 23.543836}}
{"target": -0.0009703127898674895, "params": {"ampDecay": 0.671167674964425, "extraPeakProb": 0.1222340308235646, "meanPeakCenter": -14.624153276414614, "meanPeakWidth": 8.253994952919014, "noise": 0.0, "stdPeakCenter": 2.9992317707957317, "stdPeakWidth": 4.257517480511403}, "datetime": {"datetime": "2022-09-22 18:56:05", "elapsed": 6831.20649, "delta": 33.046068}}
{"target": -0.0007358657226119212, "params": {"ampDecay": 0.6871958297128641, "extraPeakProb": 0.43086447590904475, "meanPeakCenter": -13.28683383804732, "meanPeakWidth": 0.08359392870785354, "noise": 0.0, "stdPeakCenter": 8.196422830499948, "stdPeakWidth": 3.6005332511788417}, "datetime": {"datetime": "2022-09-22 18:56:57", "elapsed": 6883.32504, "delta": 52.11855}}
{"target": -0.0006680463032876317, "params": {"ampDecay": 0.4412925579556187, "extraPeakProb": 0.28359918477177876, "meanPeakCenter": -13.521988633466282, "meanPeakWidth": 9.6916120970444, "noise": 0.0, "stdPeakCenter": 7.323835558151469, "stdPeakWidth": 1.4854104589308192}, "datetime": {"datetime": "2022-09-22 18:57:18", "elapsed": 6904.254496, "delta": 20.929456}}
{"target": -0.0006876785028518396, "params": {"ampDecay": 0.13900689103540192, "extraPeakProb": 0.5611532345797138, "meanPeakCenter": -8.486096338590587, "meanPeakWidth": 7.7904654496855485, "noise": 0.0, "stdPeakCenter": 2.027346819788333, "stdPeakWidth": 3.071819732547268}, "datetime": {"datetime": "2022-09-22 18:57:47", "elapsed": 6933.662932, "delta": 29.408436}}
{"target": -0.0009498777024581718, "params": {"ampDecay": 0.6815631405460361, "extraPeakProb": 0.4385223431933718, "meanPeakCenter": -10.452977417119381, "meanPeakWidth": 4.835939945533343, "noise": 0.0, "stdPeakCenter": 0.847211342462163, "stdPeakWidth": 1.2941089623704078}, "datetime": {"datetime": "2022-09-22 18:58:11", "elapsed": 6956.879106, "delta": 23.216174}}
{"target": -0.0005673755936884719, "params": {"ampDecay": 0.7207029640413259, "extraPeakProb": 0.8182378306705993, "meanPeakCenter": -8.06092487310439, "meanPeakWidth": 2.0408366683389922, "noise": 0.0, "stdPeakCenter": 4.98873853687744, "stdPeakWidth": 1.9956700097877538}, "datetime": {"datetime": "2022-09-22 18:58:46", "elapsed": 6991.881517, "delta": 35.002411}}
{"target": -0.0006566795282726745, "params": {"ampDecay": 0.27935748127897075, "extraPeakProb": 0.4314866843092524, "meanPeakCenter": -7.180118311196389, "meanPeakWidth": 8.192122087668954, "noise": 0.0, "stdPeakCenter": 8.190487732135761, "stdPeakWidth": 0.0422730826814921}, "datetime": {"datetime": "2022-09-22 18:59:06", "elapsed": 7012.015435, "delta": 20.133918}}
{"target": -0.0005550307467152619, "params": {"ampDecay": 0.3608906062435936, "extraPeakProb": 0.38889621517085204, "meanPeakCenter": -9.770125401477198, "meanPeakWidth": 4.05004456986269, "noise": 0.0, "stdPeakCenter": 5.808530790770872, "stdPeakWidth": 2.212463868381263}, "datetime": {"datetime": "2022-09-22 18:59:41", "elapsed": 7047.29739, "delta": 35.281955}}
{"target": -0.0008275721261003043, "params": {"ampDecay": 0.35637196806933935, "extraPeakProb": 0.7888048437902494, "meanPeakCenter": -14.37751704106388, "meanPeakWidth": 9.737836623235244, "noise": 0.0, "stdPeakCenter": 0.38118225093641045, "stdPeakWidth": 2.5396378021811494}, "datetime": {"datetime": "2022-09-22 19:00:01", "elapsed": 7067.262785, "delta": 19.965395}}
{"target": -0.0009965934362397924, "params": {"ampDecay": 0.704746632836228, "extraPeakProb": 0.4724104753409085, "meanPeakCenter": -14.820774288715665, "meanPeakWidth": 4.732826871102727, "noise": 0.0, "stdPeakCenter": 2.2310514408519575, "stdPeakWidth": 2.395985047582925}, "datetime": {"datetime": "2022-09-22 19:00:39", "elapsed": 7104.994505, "delta": 37.73172}}
{"target": -0.0007622346770955668, "params": {"ampDecay": 0.4790008648073071, "extraPeakProb": 0.42965408267852945, "meanPeakCenter": -13.767561549023341, "meanPeakWidth": 5.92757292887777, "noise": 0.0, "stdPeakCenter": 4.632095786549993, "stdPeakWidth": 3.3885565496603025}, "datetime": {"datetime": "2022-09-22 19:01:20", "elapsed": 7146.693492, "delta": 41.698987}}
{"target": -0.0007422182016089927, "params": {"ampDecay": 0.5843476123751965, "extraPeakProb": 0.5460129468471085, "meanPeakCenter": -12.223711426910892, "meanPeakWidth": 8.398966447429375, "noise": 0.0, "stdPeakCenter": 4.555525660939218, "stdPeakWidth": 3.992382613812077}, "datetime": {"datetime": "2022-09-22 19:01:45", "elapsed": 7170.856659, "delta": 24.163167}}
{"target": -0.0006851242927596223, "params": {"ampDecay": 0.5078524792404204, "extraPeakProb": 0.18028629990733017, "meanPeakCenter": -14.72677900910584, "meanPeakWidth": 7.535698690362746, "noise": 0.0, "stdPeakCenter": 6.768363857566864, "stdPeakWidth": 0.9744784151801028}, "datetime": {"datetime": "2022-09-22 19:02:04", "elapsed": 7189.982589, "delta": 19.12593}}
{"target": -0.0008015509508265828, "params": {"ampDecay": 0.523707184706991, "extraPeakProb": 0.89448726558758, "meanPeakCenter": -8.266667024905583, "meanPeakWidth": 9.40927491955506, "noise": 0.0, "stdPeakCenter": 0.29404439297664786, "stdPeakWidth": 2.565426510689825}, "datetime": {"datetime": "2022-09-22 19:02:24", "elapsed": 7210.198143, "delta": 20.215554}}
{"target": -0.0006229129665323443, "params": {"ampDecay": 0.6799360604897419, "extraPeakProb": 0.16080323388723672, "meanPeakCenter": -14.005054403248554, "meanPeakWidth": 3.332240826195844, "noise": 0.0, "stdPeakCenter": 7.30602756127662, "stdPeakWidth": 0.5139638424807735}, "datetime": {"datetime": "2022-09-22 19:02:50", "elapsed": 7236.15233, "delta": 25.954187}}
{"target": -0.0008161117290057859, "params": {"ampDecay": 0.19489953656406805, "extraPeakProb": 0.7015411243489666, "meanPeakCenter": -7.590505708245135, "meanPeakWidth": 0.6693456700391287, "noise": 0.0, "stdPeakCenter": 8.17514701054396, "stdPeakWidth": 2.5714003775616567}, "datetime": {"datetime": "2022-09-22 19:03:27", "elapsed": 7273.210262, "delta": 37.057932}}
{"target": -0.003946608207246805, "params": {"ampDecay": 0.26598111756571474, "extraPeakProb": 0.768391192784912, "meanPeakCenter": -9.649589063460592, "meanPeakWidth": 3.5682022995861473, "noise": 0.0, "stdPeakCenter": 0.6612842475748637, "stdPeakWidth": 3.7753493764266284}, "datetime": {"datetime": "2022-09-22 19:04:00", "elapsed": 7306.761714, "delta": 33.551452}}
{"target": -0.0005696283518131351, "params": {"ampDecay": 0.6624114556138075, "extraPeakProb": 0.30933755340633673, "meanPeakCenter": -7.384239905100175, "meanPeakWidth": 4.68587217236008, "noise": 0.0, "stdPeakCenter": 6.566434255807523, "stdPeakWidth": 4.826140048479694}, "datetime": {"datetime": "2022-09-22 19:04:36", "elapsed": 7341.962061, "delta": 35.200347}}
{"target": -0.0010403083164383941, "params": {"ampDecay": 0.1077377731709083, "extraPeakProb": 0.23967370582386485, "meanPeakCenter": -13.52510192883476, "meanPeakWidth": 5.855572763200163, "noise": 0.0, "stdPeakCenter": 3.700462508929184, "stdPeakWidth": 1.9699891146664283}, "datetime": {"datetime": "2022-09-22 19:05:00", "elapsed": 7366.574939, "delta": 24.612878}}
{"target": -0.0008307281532094284, "params": {"ampDecay": 0.49041666095376324, "extraPeakProb": 0.20522798619570948, "meanPeakCenter": -14.33922838277961, "meanPeakWidth": 9.850942849228987, "noise": 0.0, "stdPeakCenter": 3.0248631503341903, "stdPeakWidth": 0.35068007176241034}, "datetime": {"datetime": "2022-09-22 19:05:19", "elapsed": 7385.257487, "delta": 18.682548}}
{"target": -0.0013057330904465848, "params": {"ampDecay": 0.8365965447492582, "extraPeakProb": 0.5289454181531693, "meanPeakCenter": -12.557953216964185, "meanPeakWidth": 1.7724474068012053, "noise": 0.0, "stdPeakCenter": 4.9414998845135365, "stdPeakWidth": 4.082046132364445}, "datetime": {"datetime": "2022-09-22 19:05:55", "elapsed": 7420.973892, "delta": 35.716405}}
{"target": -0.0006483580186163531, "params": {"ampDecay": 0.36664427765342844, "extraPeakProb": 0.5181526651664411, "meanPeakCenter": -8.179031145360515, "meanPeakWidth": 7.073129583767655, "noise": 0.0, "stdPeakCenter": 6.83530385636431, "stdPeakWidth": 1.662135875687973}, "datetime": {"datetime": "2022-09-22 19:06:17", "elapsed": 7443.557327, "delta": 22.583435}}
{"target": -0.0006191208405574019, "params": {"ampDecay": 0.813994464154029, "extraPeakProb": 0.5054130267166909, "meanPeakCenter": -10.501017932243126, "meanPeakWidth": 6.006078138462834, "noise": 0.0, "stdPeakCenter": 4.5768869510497865, "stdPeakWidth": 4.478135217690198}, "datetime": {"datetime": "2022-09-22 19:06:48", "elapsed": 7473.946679, "delta": 30.389352}}
{"target": -0.0008055114392572208, "params": {"ampDecay": 0.6899378278384646, "extraPeakProb": 0.6405949089743241, "meanPeakCenter": -13.316247250552385, "meanPeakWidth": 4.153173631242342, "noise": 0.0, "stdPeakCenter": 1.0299263190516772, "stdPeakWidth": 4.48652520843055}, "datetime": {"datetime": "2022-09-22 19:07:16", "elapsed": 7501.838059, "delta": 27.89138}}
{"target": -0.000862242672946551, "params": {"ampDecay": 0.40136141649953583, "extraPeakProb": 0.4340879982950687, "meanPeakCenter": -9.438649786826215, "meanPeakWidth": 6.346189221227191, "noise": 0.0, "stdPeakCenter": 0.1301176975424756, "stdPeakWidth": 1.5430475573235896}, "datetime": {"datetime": "2022-09-22 19:07:37", "elapsed": 7523.582324, "delta": 21.744265}}
