{"target": -0.0005414891404026855, "params": {"ampDecay": 0.13846521413055118, "extraPeakProb": 0.7782168458958869, "meanPeakCenter": -1.0625808102269958, "meanPeakWidth": 2.0690363376743997, "noise": 0.29915172869350926, "stdPeakCenter": 6.097262394750416, "stdPeakWidth": 6.060999721693017}, "datetime": {"datetime": "2022-09-22 17:03:32", "elapsed": 4086.501381, "delta": 34.889507}}
{"target": -0.0005649106691414922, "params": {"ampDecay": 0.14437948016737767, "extraPeakProb": 0.7717286368284669, "meanPeakCenter": -1.3980317062432437, "meanPeakWidth": 2.0438274202016844, "noise": 0.28967682140006146, "stdPeakCenter": 6.41019699469554, "stdPeakWidth": 6.090264419580754}, "datetime": {"datetime": "2022-09-22 17:04:01", "elapsed": 4115.84794, "delta": 29.346559}}
{"target": -0.0004960683102683525, "params": {"ampDecay": 0.14786864290179952, "extraPeakProb": 0.828197347537757, "meanPeakCenter": -1.352213835148363, "meanPeakWidth": 2.3169502900102152, "noise": 0.26267036345977074, "stdPeakCenter": 6.072085414109036, "stdPeakWidth": 5.659084172861465}, "datetime": {"datetime": "2022-09-22 17:04:39", "elapsed": 4153.878794, "delta": 38.030854}}
{"target": -0.0005446078320540641, "params": {"ampDecay": 0.13241070323554777, "extraPeakProb": 0.7780978193867362, "meanPeakCenter": -1.0591007277160982, "meanPeakWidth": 2.3328541233095565, "noise": 0.2252422165197884, "stdPeakCenter": 6.112430857095656, "stdPeakWidth": 5.771824501081167}, "datetime": {"datetime": "2022-09-22 17:05:13", "elapsed": 4188.109479, "delta": 34.230685}}
{"target": -0.0005867918963501604, "params": {"ampDecay": 0.1785594543500867, "extraPeakProb": 0.8056512861630519, "meanPeakCenter": -1.0571834746360989, "meanPeakWidth": 2.1054797860640497, "noise": 0.2962767543476692, "stdPeakCenter": 6.782196506801933, "stdPeakWidth": 5.646140444570935}, "datetime": {"datetime": "2022-09-22 17:05:49", "elapsed": 4224.169073, "delta": 36.059594}}
{"target": -0.0005052332856040235, "params": {"ampDecay": 0.12573169490486852, "extraPeakProb": 0.7807461351649216, "meanPeakCenter": -1.2732931347689054, "meanPeakWidth": 2.0732434961544493, "noise": 0.25823503557633165, "stdPeakCenter": 6.621755622576783, "stdPeakWidth": 5.736029820306784}, "datetime": {"datetime": "2022-09-22 17:06:23", "elapsed": 4257.913096, "delta": 33.744023}}
{"target": -0.0005467181115784524, "params": {"ampDecay": 0.12840067955686665, "extraPeakProb": 0.8285389220885719, "meanPeakCenter": -1.3168088020562287, "meanPeakWidth": 2.107092892283681, "noise": 0.258155817839085, "stdPeakCenter": 6.183633730947082, "stdPeakWidth": 5.950745044708849}, "datetime": {"datetime": "2022-09-22 17:06:56", "elapsed": 4291.04025, "delta": 33.127154}}
{"target": -0.0005088333234168537, "params": {"ampDecay": 0.14871816350080563, "extraPeakProb": 0.8301889062050034, "meanPeakCenter": -1.348148938648196, "meanPeakWidth": 2.3612200720759446, "noise": 0.2585113031611701, "stdPeakCenter": 6.746449485626903, "stdPeakWidth": 6.126132842646824}, "datetime": {"datetime": "2022-09-22 17:07:30", "elapsed": 4325.219631, "delta": 34.179381}}
{"target": -0.0005276296934476988, "params": {"ampDecay": 0.1278764179596782, "extraPeakProb": 0.7943218763759873, "meanPeakCenter": -1.3759551002607064, "meanPeakWidth": 2.3734717246927817, "noise": 0.27279829307028336, "stdPeakCenter": 6.728536416118415, "stdPeakWidth": 5.803622350119692}, "datetime": {"datetime": "2022-09-22 17:08:05", "elapsed": 4359.772469, "delta": 34.552838}}
{"target": -0.0005204700793583334, "params": {"ampDecay": 0.13410951181304875, "extraPeakProb": 0.8226085606589144, "meanPeakCenter": -1.0957260701041025, "meanPeakWidth": 2.0509753486293443, "noise": 0.2638504100870306, "stdPeakCenter": 6.740788735048911, "stdPeakWidth": 6.172083229028562}, "datetime": {"datetime": "2022-09-22 17:08:45", "elapsed": 4399.721421, "delta": 39.948952}}
{"target": -0.0005463650546338009, "params": {"ampDecay": 0.14799882288852764, "extraPeakProb": 0.8347201220891268, "meanPeakCenter": -1.3935722544330909, "meanPeakWidth": 2.159501226598066, "noise": 0.23266551434365282, "stdPeakCenter": 6.101263467815199, "stdPeakWidth": 6.009459886287681}, "datetime": {"datetime": "2022-09-22 17:09:18", "elapsed": 4433.181193, "delta": 33.459772}}
{"target": -0.0006217883533498541, "params": {"ampDecay": 0.13077561547742284, "extraPeakProb": 0.7992621654971864, "meanPeakCenter": -1.375664598074657, "meanPeakWidth": 2.012842237618144, "noise": 0.21579684277378242, "stdPeakCenter": 6.307623401225195, "stdPeakWidth": 6.1158347382624}, "datetime": {"datetime": "2022-09-22 17:09:50", "elapsed": 4465.26368, "delta": 32.082487}}
{"target": -0.0005646630092804455, "params": {"ampDecay": 0.12446171262815434, "extraPeakProb": 0.8304201694783884, "meanPeakCenter": -1.1941669333987426, "meanPeakWidth": 2.2263069185636146, "noise": 0.299815373766323, "stdPeakCenter": 6.4833921986751, "stdPeakWidth": 6.188285369837223}, "datetime": {"datetime": "2022-09-22 17:10:32", "elapsed": 4506.892728, "delta": 41.629048}}
{"target": -0.0007456392707311022, "params": {"ampDecay": 0.13802981895794758, "extraPeakProb": 0.7992514378204919, "meanPeakCenter": -1.0285276718994336, "meanPeakWidth": 2.3118414037326476, "noise": 0.2907242925029129, "stdPeakCenter": 6.637396182707843, "stdPeakWidth": 6.1997502883901685}, "datetime": {"datetime": "2022-09-22 17:11:05", "elapsed": 4540.185857, "delta": 33.293129}}
{"target": -0.0005470813345065565, "params": {"ampDecay": 0.13887925814833402, "extraPeakProb": 0.7652254839122722, "meanPeakCenter": -1.27788253617928, "meanPeakWidth": 2.287212417984485, "noise": 0.24127521868293683, "stdPeakCenter": 6.016989964794431, "stdPeakWidth": 5.845447325253839}, "datetime": {"datetime": "2022-09-22 17:11:39", "elapsed": 4574.131013, "delta": 33.945156}}
{"target": -0.0005919922475528606, "params": {"ampDecay": 0.14102632029496395, "extraPeakProb": 0.7606265485054263, "meanPeakCenter": -1.3030660486853565, "meanPeakWidth": 2.2886172609110464, "noise": 0.2984925536557518, "stdPeakCenter": 6.3714488698165885, "stdPeakWidth": 5.451427634847586}, "datetime": {"datetime": "2022-09-22 17:12:21", "elapsed": 4616.030517, "delta": 41.899504}}
{"target": -0.0005272397521542465, "params": {"ampDecay": 0.1697408016220816, "extraPeakProb": 0.7742966558422596, "meanPeakCenter": -1.3751004378515372, "meanPeakWidth": 2.169208669599871, "noise": 0.27019058561512654, "stdPeakCenter": 6.612007320994617, "stdPeakWidth": 5.768852604830735}, "datetime": {"datetime": "2022-09-22 17:12:57", "elapsed": 4651.737767, "delta": 35.70725}}
{"target": -0.000639077939767646, "params": {"ampDecay": 0.157909511962367, "extraPeakProb": 0.79855171740187, "meanPeakCenter": -1.336102690864229, "meanPeakWidth": 2.1137112308820925, "noise": 0.2697954023481194, "stdPeakCenter": 6.149856744638452, "stdPeakWidth": 6.050456815708081}, "datetime": {"datetime": "2022-09-22 17:13:27", "elapsed": 4681.437177, "delta": 29.69941}}
{"target": -0.0005398232923844202, "params": {"ampDecay": 0.17659417688269574, "extraPeakProb": 0.8060989916220056, "meanPeakCenter": -1.28213834383327, "meanPeakWidth": 2.007418984775085, "noise": 0.24033973447113754, "stdPeakCenter": 6.41572679994224, "stdPeakWidth": 5.472329106870877}, "datetime": {"datetime": "2022-09-22 17:14:02", "elapsed": 4717.151824, "delta": 35.714647}}
{"target": -0.0005532205229999195, "params": {"ampDecay": 0.14795304130573558, "extraPeakProb": 0.7706681051804215, "meanPeakCenter": -1.2362175638313562, "meanPeakWidth": 2.0488911198853272, "noise": 0.2064631912448915, "stdPeakCenter": 6.208121719645666, "stdPeakWidth": 5.7304833858383395}, "datetime": {"datetime": "2022-09-22 17:14:38", "elapsed": 4752.524741, "delta": 35.372917}}
{"target": -0.0005822577472258923, "params": {"ampDecay": 0.14340274148554197, "extraPeakProb": 0.7885106025033206, "meanPeakCenter": -1.1187649273914682, "meanPeakWidth": 2.3155875041571843, "noise": 0.271939879112765, "stdPeakCenter": 6.2555075865470595, "stdPeakWidth": 6.118694946223821}, "datetime": {"datetime": "2022-09-22 17:15:10", "elapsed": 4784.952325, "delta": 32.427584}}
{"target": -0.0005207081606368225, "params": {"ampDecay": 0.14008472386707296, "extraPeakProb": 0.7945810749381659, "meanPeakCenter": -1.077523726777891, "meanPeakWidth": 2.3634679238884413, "noise": 0.2557795552820994, "stdPeakCenter": 6.649948166138492, "stdPeakWidth": 5.603467455104114}, "datetime": {"datetime": "2022-09-22 17:15:51", "elapsed": 4825.478263, "delta": 40.525938}}
{"target": -0.0005040536523380257, "params": {"ampDecay": 0.1461714416819701, "extraPeakProb": 0.8152422105145753, "meanPeakCenter": -1.2534626878714434, "meanPeakWidth": 2.275435266112558, "noise": 0.2239842673345745, "stdPeakCenter": 6.185550976235647, "stdPeakWidth": 5.603001933189467}, "datetime": {"datetime": "2022-09-22 17:16:29", "elapsed": 4864.113784, "delta": 38.635521}}
{"target": -0.0005660443073740579, "params": {"ampDecay": 0.1761461099367025, "extraPeakProb": 0.7783130110247992, "meanPeakCenter": -1.2263266651680718, "meanPeakWidth": 2.0378186585910067, "noise": 0.2932772764750673, "stdPeakCenter": 6.372527848441637, "stdPeakWidth": 5.7344739515762475}, "datetime": {"datetime": "2022-09-22 17:17:01", "elapsed": 4896.221685, "delta": 32.107901}}
{"target": -0.0009127551094712145, "params": {"ampDecay": 0.17868838498663084, "extraPeakProb": 0.8303055586474832, "meanPeakCenter": -1.351090317071863, "meanPeakWidth": 2.078180389538756, "noise": 0.2512007268433296, "stdPeakCenter": 6.6403376868333, "stdPeakWidth": 5.440384086595856}, "datetime": {"datetime": "2022-09-22 17:17:40", "elapsed": 4935.379964, "delta": 39.158279}}
{"target": -0.0004879581563146467, "params": {"ampDecay": 0.1502155128837211, "extraPeakProb": 0.8361272649059639, "meanPeakCenter": -1.3844407682100763, "meanPeakWidth": 2.0951218335834105, "noise": 0.21987776321316277, "stdPeakCenter": 6.140107063374332, "stdPeakWidth": 5.885779371231943}, "datetime": {"datetime": "2022-09-22 17:18:23", "elapsed": 4977.740781, "delta": 42.360817}}
{"target": -0.0005477069690289027, "params": {"ampDecay": 0.1739257944932737, "extraPeakProb": 0.7745003791003914, "meanPeakCenter": -1.09071742631955, "meanPeakWidth": 2.360832298040279, "noise": 0.2856216354713602, "stdPeakCenter": 6.202511067081867, "stdPeakWidth": 5.996761146104177}, "datetime": {"datetime": "2022-09-22 17:18:59", "elapsed": 5014.336263, "delta": 36.595482}}
{"target": -0.0014988683267707005, "params": {"ampDecay": 0.12161347867038647, "extraPeakProb": 0.7935474805616511, "meanPeakCenter": -1.2757142502570114, "meanPeakWidth": 2.163142492667935, "noise": 0.20826941781571479, "stdPeakCenter": 6.293273580636131, "stdPeakWidth": 5.804308663438011}, "datetime": {"datetime": "2022-09-22 17:19:48", "elapsed": 5063.32474, "delta": 48.988477}}
{"target": -0.000521076615222357, "params": {"ampDecay": 0.13683428873541184, "extraPeakProb": 0.8346391602284869, "meanPeakCenter": -1.1461468606641512, "meanPeakWidth": 2.1502658617764503, "noise": 0.2820822032225261, "stdPeakCenter": 6.350377557480272, "stdPeakWidth": 5.804222627719108}, "datetime": {"datetime": "2022-09-22 17:20:29", "elapsed": 5104.063764, "delta": 40.739024}}
{"target": -0.0005674556185016492, "params": {"ampDecay": 0.16007433622056613, "extraPeakProb": 0.8094760375489898, "meanPeakCenter": -1.247186396854023, "meanPeakWidth": 2.241636130896839, "noise": 0.22839860881448829, "stdPeakCenter": 6.711625502042628, "stdPeakWidth": 5.615457600770983}, "datetime": {"datetime": "2022-09-22 17:21:08", "elapsed": 5143.410027, "delta": 39.346263}}
{"target": -0.0006027097283221542, "params": {"ampDecay": 0.15598494694682805, "extraPeakProb": 0.8365682076538403, "meanPeakCenter": -1.387723804023077, "meanPeakWidth": 2.061784831390058, "noise": 0.22069947289087535, "stdPeakCenter": 6.16366486021477, "stdPeakWidth": 5.879072405848344}, "datetime": {"datetime": "2022-09-22 17:21:51", "elapsed": 5186.401318, "delta": 42.991291}}
{"target": -0.000532566916061925, "params": {"ampDecay": 0.12779698686793253, "extraPeakProb": 0.8377918407779473, "meanPeakCenter": -1.0193431491536629, "meanPeakWidth": 2.0110398395961013, "noise": 0.2639060411224754, "stdPeakCenter": 6.621953719146644, "stdPeakWidth": 5.847148341253831}, "datetime": {"datetime": "2022-09-22 17:22:33", "elapsed": 5228.031302, "delta": 41.629984}}
{"target": -0.0005401308288882772, "params": {"ampDecay": 0.14774483537281494, "extraPeakProb": 0.8133794877077771, "meanPeakCenter": -1.3602673039373627, "meanPeakWidth": 2.241650564122054, "noise": 0.2814840044383047, "stdPeakCenter": 6.743383310873152, "stdPeakWidth": 6.060452787485016}, "datetime": {"datetime": "2022-09-22 17:23:05", "elapsed": 5260.101581, "delta": 32.070279}}
{"target": -0.0005470134399148588, "params": {"ampDecay": 0.1377722548019203, "extraPeakProb": 0.8180894750715523, "meanPeakCenter": -1.2768415374511581, "meanPeakWidth": 2.240408528641066, "noise": 0.27770924538084757, "stdPeakCenter": 6.736708232942795, "stdPeakWidth": 5.649211954303093}, "datetime": {"datetime": "2022-09-22 17:23:37", "elapsed": 5291.933741, "delta": 31.83216}}
{"target": -0.0009531213314000765, "params": {"ampDecay": 0.16229691634140267, "extraPeakProb": 0.7642554687858368, "meanPeakCenter": -1.0319890194163082, "meanPeakWidth": 2.2015671922057316, "noise": 0.24507247798478074, "stdPeakCenter": 6.2200180123682065, "stdPeakWidth": 6.153696832562556}, "datetime": {"datetime": "2022-09-22 17:24:20", "elapsed": 5335.070055, "delta": 43.136314}}
{"target": -0.0005646037385375883, "params": {"ampDecay": 0.12019159183360772, "extraPeakProb": 0.7961904637205067, "meanPeakCenter": -1.0516379532079645, "meanPeakWidth": 2.013531914494327, "noise": 0.29579625988483166, "stdPeakCenter": 6.651657165575139, "stdPeakWidth": 5.86594076096703}, "datetime": {"datetime": "2022-09-22 17:24:57", "elapsed": 5371.803705, "delta": 36.73365}}
{"target": -0.0005870002860798437, "params": {"ampDecay": 0.14813684423200196, "extraPeakProb": 0.7839605149311313, "meanPeakCenter": -1.3606607320459705, "meanPeakWidth": 2.2585083196754554, "noise": 0.27503862342944385, "stdPeakCenter": 6.704200573992988, "stdPeakWidth": 6.073103960849124}, "datetime": {"datetime": "2022-09-22 17:25:28", "elapsed": 5403.423177, "delta": 31.619472}}
{"target": -0.000633078593186097, "params": {"ampDecay": 0.1430900016299901, "extraPeakProb": 0.7609528955433735, "meanPeakCenter": -1.1731411503480031, "meanPeakWidth": 2.3761775242335723, "noise": 0.2345432747033997, "stdPeakCenter": 6.660859658547059, "stdPeakWidth": 6.014061452909348}, "datetime": {"datetime": "2022-09-22 17:26:00", "elapsed": 5434.98633, "delta": 31.563153}}
{"target": -0.0004969565894938043, "params": {"ampDecay": 0.1246735247379769, "extraPeakProb": 0.7820080650329633, "meanPeakCenter": -1.2869397710200206, "meanPeakWidth": 2.0531752797666005, "noise": 0.2294614809934069, "stdPeakCenter": 6.507717514945388, "stdPeakWidth": 5.576110720464373}, "datetime": {"datetime": "2022-09-22 17:26:38", "elapsed": 5472.790435, "delta": 37.804105}}
{"target": -0.0005590821905963357, "params": {"ampDecay": 0.12000049940190144, "extraPeakProb": 0.7708792229907796, "meanPeakCenter": -1.3200183788117583, "meanPeakWidth": 2.029821946549504, "noise": 0.2017300029421529, "stdPeakCenter": 6.518660555747595, "stdPeakWidth": 5.567629244834452}, "datetime": {"datetime": "2022-09-22 17:27:16", "elapsed": 5510.764489, "delta": 37.974054}}
{"target": -0.0005371930264460209, "params": {"ampDecay": 0.16632536187950214, "extraPeakProb": 0.8011931187900012, "meanPeakCenter": -1.3029354284993986, "meanPeakWidth": 2.101592816827644, "noise": 0.21792394807552787, "stdPeakCenter": 6.210698908635597, "stdPeakWidth": 6.161778299207674}, "datetime": {"datetime": "2022-09-22 17:27:56", "elapsed": 5551.253051, "delta": 40.488562}}
{"target": -0.0005221660018232141, "params": {"ampDecay": 0.16343562648596338, "extraPeakProb": 0.8305746111377516, "meanPeakCenter": -1.2826236244500167, "meanPeakWidth": 2.2061578738056165, "noise": 0.2928512517043893, "stdPeakCenter": 6.545168865767607, "stdPeakWidth": 5.776938626635912}, "datetime": {"datetime": "2022-09-22 17:28:34", "elapsed": 5589.27755, "delta": 38.024499}}
{"target": -0.0004785260554891185, "params": {"ampDecay": 0.12928045566386825, "extraPeakProb": 0.7847619807945664, "meanPeakCenter": -1.3212898369166626, "meanPeakWidth": 2.1217079243835877, "noise": 0.24723734635260386, "stdPeakCenter": 6.244867575659764, "stdPeakWidth": 5.621170130675141}, "datetime": {"datetime": "2022-09-22 17:29:16", "elapsed": 5631.137838, "delta": 41.860288}}
{"target": -0.0005123242660391727, "params": {"ampDecay": 0.1385600816422752, "extraPeakProb": 0.7861557243107159, "meanPeakCenter": -1.274260289974275, "meanPeakWidth": 2.2646163290439905, "noise": 0.251804178033291, "stdPeakCenter": 6.685140872885858, "stdPeakWidth": 5.654692780562569}, "datetime": {"datetime": "2022-09-22 17:29:56", "elapsed": 5670.495314, "delta": 39.357476}}
{"target": -0.0005031698611550881, "params": {"ampDecay": 0.1778473154593072, "extraPeakProb": 0.8007133533403121, "meanPeakCenter": -1.3048150357271662, "meanPeakWidth": 2.3059989974486137, "noise": 0.28420905208147407, "stdPeakCenter": 6.461284320061953, "stdPeakWidth": 5.501081881179059}, "datetime": {"datetime": "2022-09-22 17:30:32", "elapsed": 5706.950656, "delta": 36.455342}}
{"target": -0.0005287504155125222, "params": {"ampDecay": 0.15411787286004827, "extraPeakProb": 0.8123261887252584, "meanPeakCenter": -1.2459089360974709, "meanPeakWidth": 2.2850064092382807, "noise": 0.27024728121207237, "stdPeakCenter": 6.657331531774427, "stdPeakWidth": 5.6366571102354746}, "datetime": {"datetime": "2022-09-22 17:31:10", "elapsed": 5745.232038, "delta": 38.281382}}
{"target": -0.0005481572748695912, "params": {"ampDecay": 0.14540625830000267, "extraPeakProb": 0.7932198611909466, "meanPeakCenter": -1.2754351099161856, "meanPeakWidth": 2.0476068090239132, "noise": 0.2399802758805904, "stdPeakCenter": 6.475540068361458, "stdPeakWidth": 5.535345318036219}, "datetime": {"datetime": "2022-09-22 17:31:43", "elapsed": 5777.705184, "delta": 32.473146}}
{"target": -0.0005252265973820042, "params": {"ampDecay": 0.16154448773288718, "extraPeakProb": 0.8321784231132507, "meanPeakCenter": -1.2646706770763474, "meanPeakWidth": 2.1422536399957317, "noise": 0.2431517927195263, "stdPeakCenter": 6.03015543562041, "stdPeakWidth": 5.7314309542368145}, "datetime": {"datetime": "2022-09-22 17:32:29", "elapsed": 5824.119917, "delta": 46.414733}}
{"target": -0.0005974166300343017, "params": {"ampDecay": 0.12496744319508213, "extraPeakProb": 0.8340053032611028, "meanPeakCenter": -1.3365603712047909, "meanPeakWidth": 2.213096228422236, "noise": 0.20195891088892415, "stdPeakCenter": 6.355272472908667, "stdPeakWidth": 6.168146558190906}, "datetime": {"datetime": "2022-09-22 17:33:02", "elapsed": 5856.749952, "delta": 32.630035}}
{"target": -0.000537069963511065, "params": {"ampDecay": 0.17451191437562755, "extraPeakProb": 0.800674811924942, "meanPeakCenter": -1.105007484049461, "meanPeakWidth": 2.274160229573648, "noise": 0.257021724022148, "stdPeakCenter": 6.437878487442441, "stdPeakWidth": 6.175634662313339}, "datetime": {"datetime": "2022-09-22 17:33:33", "elapsed": 5887.644269, "delta": 30.894317}}
{"target": -0.00054198030492078, "params": {"ampDecay": 0.16434815649637774, "extraPeakProb": 0.8276902197481693, "meanPeakCenter": -1.1546936824475091, "meanPeakWidth": 2.096700529419324, "noise": 0.25524337585933077, "stdPeakCenter": 6.356614357827271, "stdPeakWidth": 5.772566967463406}, "datetime": {"datetime": "2022-09-22 17:34:29", "elapsed": 5943.870557, "delta": 56.226288}}
{"target": -0.0006076945433240717, "params": {"ampDecay": 0.13827226762149186, "extraPeakProb": 0.7778355926504893, "meanPeakCenter": -1.0670279435564367, "meanPeakWidth": 2.344817776720337, "noise": 0.22116621336457476, "stdPeakCenter": 6.11076425713167, "stdPeakWidth": 5.787087330538047}, "datetime": {"datetime": "2022-09-22 17:35:10", "elapsed": 5985.291179, "delta": 41.420622}}
{"target": -0.0005259203276732215, "params": {"ampDecay": 0.1483183934460481, "extraPeakProb": 0.8233622404888501, "meanPeakCenter": -1.2397750776541052, "meanPeakWidth": 2.194763586156107, "noise": 0.2887761352748769, "stdPeakCenter": 6.601862313462224, "stdPeakWidth": 5.508607699108801}, "datetime": {"datetime": "2022-09-22 17:35:44", "elapsed": 6019.024172, "delta": 33.732993}}
{"target": -0.0005101848817251378, "params": {"ampDecay": 0.1287238625344133, "extraPeakProb": 0.8110789208269314, "meanPeakCenter": -1.1434467989009836, "meanPeakWidth": 2.0270086589519525, "noise": 0.2574054686874493, "stdPeakCenter": 6.79716701077564, "stdPeakWidth": 6.000451629423542}, "datetime": {"datetime": "2022-09-22 17:36:23", "elapsed": 6058.112499, "delta": 39.088327}}
{"target": -0.0005396207210848577, "params": {"ampDecay": 0.15495400792741632, "extraPeakProb": 0.7711987499828549, "meanPeakCenter": -1.128534701941144, "meanPeakWidth": 2.3053237936691455, "noise": 0.29588153344396256, "stdPeakCenter": 6.527979348700748, "stdPeakWidth": 5.807210477787786}, "datetime": {"datetime": "2022-09-22 17:36:59", "elapsed": 6094.420037, "delta": 36.307538}}
{"target": -0.000515122547934582, "params": {"ampDecay": 0.12355335703249351, "extraPeakProb": 0.8070879890234738, "meanPeakCenter": -1.1001529166653787, "meanPeakWidth": 2.3344566750039135, "noise": 0.21735798090806469, "stdPeakCenter": 6.38928694634828, "stdPeakWidth": 6.179396068265914}, "datetime": {"datetime": "2022-09-22 17:37:42", "elapsed": 6137.140522, "delta": 42.720485}}
{"target": -0.000496634263198858, "params": {"ampDecay": 0.149432985831289, "extraPeakProb": 0.7884423237916666, "meanPeakCenter": -1.305515299887494, "meanPeakWidth": 2.085160950866874, "noise": 0.24847385125465452, "stdPeakCenter": 6.2246117943459085, "stdPeakWidth": 5.64526512277976}, "datetime": {"datetime": "2022-09-22 17:38:21", "elapsed": 6176.01832, "delta": 38.877798}}
