{"target": -0.0009292739454146437, "params": {"ampDecay": 0.4403555453403175, "extraPeakProb": 0.11743247164571313, "meanPeakCenter": -15.0, "meanPeakWidth": 3.8648269479216557, "noise": 0.0, "stdPeakCenter": 2.264336193457668, "stdPeakWidth": 0.9643826169561909}, "datetime": {"datetime": "2022-09-22 21:12:08", "elapsed": 14994.328212, "delta": 29.38208}}
{"target": -0.0009350690884810858, "params": {"ampDecay": 0.6949851302151957, "extraPeakProb": 0.15510540799706363, "meanPeakCenter": -15.0, "meanPeakWidth": 3.523616226822358, "noise": 0.0, "stdPeakCenter": 1.9083728734278316, "stdPeakWidth": 0.4148103501159933}, "datetime": {"datetime": "2022-09-22 21:12:34", "elapsed": 15020.768137, "delta": 26.439925}}
{"target": -0.0009705847478134808, "params": {"ampDecay": 0.8512027219993543, "extraPeakProb": 0.10589984330975373, "meanPeakCenter": -15.0, "meanPeakWidth": 3.8856196344905225, "noise": 0.0, "stdPeakCenter": 1.8317074411800471, "stdPeakWidth": 1.0392511332838268}, "datetime": {"datetime": "2022-09-22 21:13:02", "elapsed": 15048.008296, "delta": 27.240159}}
{"target": -0.0009114049309680933, "params": {"ampDecay": 0.41732749824892323, "extraPeakProb": 0.3178245154274702, "meanPeakCenter": -15.0, "meanPeakWidth": 3.856423015318393, "noise": 0.0, "stdPeakCenter": 1.8706268648543078, "stdPeakWidth": 0.3263619343871632}, "datetime": {"datetime": "2022-09-22 21:13:31", "elapsed": 15077.417779, "delta": 29.409483}}
{"target": -0.0007100309800957778, "params": {"ampDecay": 0.899331034944033, "extraPeakProb": 0.6784375255471323, "meanPeakCenter": -15.0, "meanPeakWidth": 4.502405372865743, "noise": 0.0, "stdPeakCenter": 0.22449845556881565, "stdPeakWidth": 4.665275756839908}, "datetime": {"datetime": "2022-09-22 21:14:03", "elapsed": 15109.654906, "delta": 32.237127}}
{"target": -0.0008153703407893818, "params": {"ampDecay": 0.8357668512197005, "extraPeakProb": 0.7406660081999746, "meanPeakCenter": -15.0, "meanPeakWidth": 4.367777087048, "noise": 0.0, "stdPeakCenter": 0.6558724299587504, "stdPeakWidth": 4.294596633826499}, "datetime": {"datetime": "2022-09-22 21:14:39", "elapsed": 15145.159035, "delta": 35.504129}}
{"target": -0.0006923261720601369, "params": {"ampDecay": 0.7815729474408791, "extraPeakProb": 0.483951163777374, "meanPeakCenter": -15.0, "meanPeakWidth": 4.284883967913772, "noise": 0.0, "stdPeakCenter": 0.025742994549320386, "stdPeakWidth": 4.536408287338112}, "datetime": {"datetime": "2022-09-22 21:15:10", "elapsed": 15176.438965, "delta": 31.27993}}
{"target": -0.0009411541198098234, "params": {"ampDecay": 0.5278233537933125, "extraPeakProb": 0.10732337917751088, "meanPeakCenter": -15.0, "meanPeakWidth": 3.683119258586162, "noise": 0.0, "stdPeakCenter": 1.6989155656515276, "stdPeakWidth": 0.25261568686111013}, "datetime": {"datetime": "2022-09-22 21:15:36", "elapsed": 15202.161682, "delta": 25.722717}}
{"target": -0.0013384464095529236, "params": {"ampDecay": 0.8015887314295139, "extraPeakProb": 0.8114724248764139, "meanPeakCenter": -15.0, "meanPeakWidth": 1.1812008587390588, "noise": 0.0, "stdPeakCenter": 9.941468843083937, "stdPeakWidth": 0.53516827545118}, "datetime": {"datetime": "2022-09-22 21:16:24", "elapsed": 15249.856377, "delta": 47.694695}}
{"target": -0.0009379429739766108, "params": {"ampDecay": 0.6982595738511294, "extraPeakProb": 0.32383376836862887, "meanPeakCenter": -15.0, "meanPeakWidth": 3.5937074101120645, "noise": 0.0, "stdPeakCenter": 1.6418898220550282, "stdPeakWidth": 0.012844010096271785}, "datetime": {"datetime": "2022-09-22 21:16:49", "elapsed": 15275.188866, "delta": 25.332489}}
{"target": -0.000848945161782166, "params": {"ampDecay": 0.8950313826265515, "extraPeakProb": 0.18956284396151127, "meanPeakCenter": -15.0, "meanPeakWidth": 3.8141872417602682, "noise": 0.0, "stdPeakCenter": 1.516016933979536, "stdPeakWidth": 0.12381567150808626}, "datetime": {"datetime": "2022-09-22 21:17:13", "elapsed": 15299.618277, "delta": 24.429411}}
{"target": -0.0007344375693202407, "params": {"ampDecay": 0.27080543402758106, "extraPeakProb": 0.8098839286179719, "meanPeakCenter": -15.0, "meanPeakWidth": 2.793951734010265, "noise": 0.0, "stdPeakCenter": 7.016579805283985, "stdPeakWidth": 0.03823583819617282}, "datetime": {"datetime": "2022-09-22 21:17:44", "elapsed": 15330.095213, "delta": 30.476936}}
{"target": -0.0011553816778968674, "params": {"ampDecay": 0.5878751477806481, "extraPeakProb": 0.1025412634497953, "meanPeakCenter": -15.0, "meanPeakWidth": 4.207145664027031, "noise": 0.0, "stdPeakCenter": 1.733084917561566, "stdPeakWidth": 1.4770000574205073}, "datetime": {"datetime": "2022-09-22 21:18:16", "elapsed": 15362.261792, "delta": 32.166579}}
{"target": -0.0008577584802811414, "params": {"ampDecay": 0.4516060535200418, "extraPeakProb": 0.1770603922111291, "meanPeakCenter": -15.0, "meanPeakWidth": 4.249335848869666, "noise": 0.0, "stdPeakCenter": 1.7688138564664257, "stdPeakWidth": 0.8077035189175091}, "datetime": {"datetime": "2022-09-22 21:18:40", "elapsed": 15386.024143, "delta": 23.762351}}
{"target": -0.000731065148450988, "params": {"ampDecay": 0.7041439518884971, "extraPeakProb": 0.8875674263516475, "meanPeakCenter": -15.0, "meanPeakWidth": 4.408145211932975, "noise": 0.0, "stdPeakCenter": 0.523821996791799, "stdPeakWidth": 3.9243258356386224}, "datetime": {"datetime": "2022-09-22 21:19:11", "elapsed": 15417.244747, "delta": 31.220604}}
{"target": -0.0011379796179990028, "params": {"ampDecay": 0.7310879310680604, "extraPeakProb": 0.15594046819826543, "meanPeakCenter": -15.0, "meanPeakWidth": 4.311113062966778, "noise": 0.0, "stdPeakCenter": 2.115749719611424, "stdPeakWidth": 1.6935353965329725}, "datetime": {"datetime": "2022-09-22 21:19:39", "elapsed": 15445.644091, "delta": 28.399344}}
{"target": -0.0008699848287664337, "params": {"ampDecay": 0.5982548021314043, "extraPeakProb": 0.10861962959568157, "meanPeakCenter": -15.0, "meanPeakWidth": 4.234381301192155, "noise": 0.0, "stdPeakCenter": 1.1710073850769032, "stdPeakWidth": 0.862701261056264}, "datetime": {"datetime": "2022-09-22 21:20:04", "elapsed": 15470.530574, "delta": 24.886483}}
{"target": -0.0008317148003737926, "params": {"ampDecay": 0.6484442379104853, "extraPeakProb": 0.12283603426102499, "meanPeakCenter": -15.0, "meanPeakWidth": 4.13569932694821, "noise": 0.0, "stdPeakCenter": 1.7455000320579317, "stdPeakWidth": 1.4257358743396342}, "datetime": {"datetime": "2022-09-22 21:20:38", "elapsed": 15504.543006, "delta": 34.012432}}
{"target": -0.0007783432332048786, "params": {"ampDecay": 0.2782471947980951, "extraPeakProb": 0.8787525592862708, "meanPeakCenter": -15.0, "meanPeakWidth": 7.571179737850279, "noise": 0.0, "stdPeakCenter": 3.8275540635809504, "stdPeakWidth": 2.8918105707591373}, "datetime": {"datetime": "2022-09-22 21:21:11", "elapsed": 15537.6633, "delta": 33.120294}}
{"target": -0.0007649596144096542, "params": {"ampDecay": 0.6828461872046114, "extraPeakProb": 0.17807609143938957, "meanPeakCenter": -15.0, "meanPeakWidth": 4.043110806469134, "noise": 0.0, "stdPeakCenter": 2.2513933480972215, "stdPeakWidth": 1.4176610229929993}, "datetime": {"datetime": "2022-09-22 21:21:46", "elapsed": 15572.290706, "delta": 34.627406}}
{"target": -0.000858377129784765, "params": {"ampDecay": 0.5970803329545481, "extraPeakProb": 0.3441902298674676, "meanPeakCenter": -15.0, "meanPeakWidth": 4.4393420889898225, "noise": 0.0, "stdPeakCenter": 1.920845606514433, "stdPeakWidth": 1.359299370519957}, "datetime": {"datetime": "2022-09-22 21:22:09", "elapsed": 15595.303951, "delta": 23.013245}}
{"target": -0.0007731126603318768, "params": {"ampDecay": 0.34836777924702933, "extraPeakProb": 0.8446907820696489, "meanPeakCenter": -15.0, "meanPeakWidth": 7.052650056474893, "noise": 0.0, "stdPeakCenter": 3.672819215903309, "stdPeakWidth": 3.0632787705454585}, "datetime": {"datetime": "2022-09-22 21:22:41", "elapsed": 15627.803123, "delta": 32.499172}}
{"target": -0.0007069674693520218, "params": {"ampDecay": 0.8319615111951361, "extraPeakProb": 0.8709820895640726, "meanPeakCenter": -15.0, "meanPeakWidth": 2.77740806301058, "noise": 0.0, "stdPeakCenter": 7.315871766419929, "stdPeakWidth": 0.12037759377359236}, "datetime": {"datetime": "2022-09-22 21:23:16", "elapsed": 15662.150145, "delta": 34.347022}}
{"target": -0.0008837891858173219, "params": {"ampDecay": 0.5231534864524499, "extraPeakProb": 0.5875439663335305, "meanPeakCenter": -15.0, "meanPeakWidth": 2.5083355944535466, "noise": 0.0, "stdPeakCenter": 6.429343030127132, "stdPeakWidth": 0.012572601708382702}, "datetime": {"datetime": "2022-09-22 21:23:51", "elapsed": 15697.118259, "delta": 34.968114}}
{"target": -0.0007592922654759198, "params": {"ampDecay": 0.37695438795990066, "extraPeakProb": 0.7736400552018802, "meanPeakCenter": -15.0, "meanPeakWidth": 4.292837970370902, "noise": 0.0, "stdPeakCenter": 0.10720756733198833, "stdPeakWidth": 4.818005294743543}, "datetime": {"datetime": "2022-09-22 21:24:19", "elapsed": 15725.016288, "delta": 27.898029}}
{"target": -0.0007641906879485165, "params": {"ampDecay": 0.12863709088958108, "extraPeakProb": 0.8257268675128545, "meanPeakCenter": -15.0, "meanPeakWidth": 2.1886855481744396, "noise": 0.0, "stdPeakCenter": 6.761843714773712, "stdPeakWidth": 0.3326794534907612}, "datetime": {"datetime": "2022-09-22 21:24:56", "elapsed": 15762.737609, "delta": 37.721321}}
{"target": -0.0007294962387549064, "params": {"ampDecay": 0.7800096575589962, "extraPeakProb": 0.8965798413648814, "meanPeakCenter": -15.0, "meanPeakWidth": 2.5715955614378583, "noise": 0.0, "stdPeakCenter": 7.033060586661801, "stdPeakWidth": 0.1369068202965329}, "datetime": {"datetime": "2022-09-22 21:25:28", "elapsed": 15793.938588, "delta": 31.200979}}
{"target": -0.000734634975450541, "params": {"ampDecay": 0.5894851052522032, "extraPeakProb": 0.7618811752783192, "meanPeakCenter": -15.0, "meanPeakWidth": 7.27921644254045, "noise": 0.0, "stdPeakCenter": 3.235131907506065, "stdPeakWidth": 2.8293784664067108}, "datetime": {"datetime": "2022-09-22 21:25:59", "elapsed": 15825.371961, "delta": 31.433373}}
{"target": -0.0007242649087044134, "params": {"ampDecay": 0.3121440429729264, "extraPeakProb": 0.6454649220446796, "meanPeakCenter": -15.0, "meanPeakWidth": 7.286502543482387, "noise": 0.0, "stdPeakCenter": 3.842788133336729, "stdPeakWidth": 3.0982011606177884}, "datetime": {"datetime": "2022-09-22 21:26:26", "elapsed": 15851.874679, "delta": 26.502718}}
{"target": -0.0007397594494487807, "params": {"ampDecay": 0.831826614546356, "extraPeakProb": 0.8432967082359929, "meanPeakCenter": -15.0, "meanPeakWidth": 4.383608104173467, "noise": 0.0, "stdPeakCenter": 0.5528663764686925, "stdPeakWidth": 3.9337641545992366}, "datetime": {"datetime": "2022-09-22 21:26:56", "elapsed": 15881.998213, "delta": 30.123534}}
{"target": -0.0009324245058930752, "params": {"ampDecay": 0.5785603832617283, "extraPeakProb": 0.13130481359291546, "meanPeakCenter": -15.0, "meanPeakWidth": 4.057493761750495, "noise": 0.0, "stdPeakCenter": 1.7993454979042967, "stdPeakWidth": 1.1882619692818959}, "datetime": {"datetime": "2022-09-22 21:27:25", "elapsed": 15910.982708, "delta": 28.984495}}
{"target": -0.0007019753243048538, "params": {"ampDecay": 0.11538331800367568, "extraPeakProb": 0.8912421699668035, "meanPeakCenter": -15.0, "meanPeakWidth": 2.5317626884616526, "noise": 0.0, "stdPeakCenter": 6.756212253737168, "stdPeakWidth": 0.3339459894755509}, "datetime": {"datetime": "2022-09-22 21:28:03", "elapsed": 15949.336989, "delta": 38.354281}}
{"target": -0.000738145927521052, "params": {"ampDecay": 0.8008076480212988, "extraPeakProb": 0.8443144611665667, "meanPeakCenter": -15.0, "meanPeakWidth": 4.348081054030048, "noise": 0.0, "stdPeakCenter": 0.26565568936327, "stdPeakWidth": 4.423621132986514}, "datetime": {"datetime": "2022-09-22 21:28:33", "elapsed": 15979.52211, "delta": 30.185121}}
{"target": -0.0008645357333883176, "params": {"ampDecay": 0.23196292418602946, "extraPeakProb": 0.216567845780778, "meanPeakCenter": -15.0, "meanPeakWidth": 4.266169381727965, "noise": 0.0, "stdPeakCenter": 2.0562504455291384, "stdPeakWidth": 0.861332871739437}, "datetime": {"datetime": "2022-09-22 21:28:59", "elapsed": 16004.830537, "delta": 25.308427}}
{"target": -0.0008156509207815619, "params": {"ampDecay": 0.14183930271194944, "extraPeakProb": 0.7267182892331169, "meanPeakCenter": -15.0, "meanPeakWidth": 7.366551366320194, "noise": 0.0, "stdPeakCenter": 3.097729486163322, "stdPeakWidth": 4.150115979254734}, "datetime": {"datetime": "2022-09-22 21:29:34", "elapsed": 16039.934642, "delta": 35.104105}}
{"target": -0.0007627439832530552, "params": {"ampDecay": 0.8630363709754987, "extraPeakProb": 0.6202164145191095, "meanPeakCenter": -15.0, "meanPeakWidth": 2.5785515588230745, "noise": 0.0, "stdPeakCenter": 6.607397525291814, "stdPeakWidth": 0.04439593016932086}, "datetime": {"datetime": "2022-09-22 21:30:09", "elapsed": 16075.607461, "delta": 35.672819}}
{"target": -0.000702794258576446, "params": {"ampDecay": 0.6444402018470997, "extraPeakProb": 0.5663759951375237, "meanPeakCenter": -15.0, "meanPeakWidth": 2.57471765286256, "noise": 0.0, "stdPeakCenter": 6.862673341517457, "stdPeakWidth": 0.1225000710055063}, "datetime": {"datetime": "2022-09-22 21:30:44", "elapsed": 16110.799616, "delta": 35.192155}}
{"target": -0.00073670050094985, "params": {"ampDecay": 0.3247188963774321, "extraPeakProb": 0.8412495565115161, "meanPeakCenter": -15.0, "meanPeakWidth": 2.5806342161608464, "noise": 0.0, "stdPeakCenter": 6.473989123533012, "stdPeakWidth": 0.0004357867166326912}, "datetime": {"datetime": "2022-09-22 21:31:22", "elapsed": 16148.071847, "delta": 37.272231}}
{"target": -0.000948636675840862, "params": {"ampDecay": 0.2329110228715381, "extraPeakProb": 0.2206782776384805, "meanPeakCenter": -15.0, "meanPeakWidth": 3.5798749563606904, "noise": 0.0, "stdPeakCenter": 1.9670209543582018, "stdPeakWidth": 0.10462905165398773}, "datetime": {"datetime": "2022-09-22 21:31:59", "elapsed": 16184.836655, "delta": 36.764808}}
{"target": -0.0008500554673528489, "params": {"ampDecay": 0.8950826170194218, "extraPeakProb": 0.10851173673476487, "meanPeakCenter": -15.0, "meanPeakWidth": 4.272371594723937, "noise": 0.0, "stdPeakCenter": 1.4361384292955548, "stdPeakWidth": 0.8622350287743408}, "datetime": {"datetime": "2022-09-22 21:32:25", "elapsed": 16210.950255, "delta": 26.1136}}
{"target": -0.0008935670381900216, "params": {"ampDecay": 0.3597008688979789, "extraPeakProb": 0.5732149180018834, "meanPeakCenter": -15.0, "meanPeakWidth": 7.117033359117127, "noise": 0.0, "stdPeakCenter": 3.622402879678984, "stdPeakWidth": 3.4210711952467365}, "datetime": {"datetime": "2022-09-22 21:32:52", "elapsed": 16238.77034, "delta": 27.820085}}
{"target": -0.0008304429984744886, "params": {"ampDecay": 0.6098815602778893, "extraPeakProb": 0.6061480518781285, "meanPeakCenter": -15.0, "meanPeakWidth": 2.535455739381468, "noise": 0.0, "stdPeakCenter": 6.4321700269146, "stdPeakWidth": 0.09450487953298226}, "datetime": {"datetime": "2022-09-22 21:33:30", "elapsed": 16275.892604, "delta": 37.122264}}
{"target": -0.0009137405152225955, "params": {"ampDecay": 0.7618914588403514, "extraPeakProb": 0.27618353522000605, "meanPeakCenter": -15.0, "meanPeakWidth": 3.693276832697614, "noise": 0.0, "stdPeakCenter": 2.0584226063847466, "stdPeakWidth": 0.7335381268082092}, "datetime": {"datetime": "2022-09-22 21:33:59", "elapsed": 16304.99504, "delta": 29.102436}}
{"target": -0.000852203496291803, "params": {"ampDecay": 0.6365226227471571, "extraPeakProb": 0.3641954281973997, "meanPeakCenter": -15.0, "meanPeakWidth": 3.8240231791837953, "noise": 0.0, "stdPeakCenter": 1.571207945948957, "stdPeakWidth": 0.37691907943524783}, "datetime": {"datetime": "2022-09-22 21:34:26", "elapsed": 16332.296033, "delta": 27.300993}}
{"target": -0.0006837991747196578, "params": {"ampDecay": 0.2869476978776394, "extraPeakProb": 0.5187737846511656, "meanPeakCenter": -15.0, "meanPeakWidth": 2.9697574497172874, "noise": 0.0, "stdPeakCenter": 6.753682284344823, "stdPeakWidth": 0.12103282866342713}, "datetime": {"datetime": "2022-09-22 21:35:03", "elapsed": 16369.147046, "delta": 36.851013}}
{"target": -0.0008697672716363843, "params": {"ampDecay": 0.8935556216810433, "extraPeakProb": 0.2576210469136849, "meanPeakCenter": -15.0, "meanPeakWidth": 3.695857470706887, "noise": 0.0, "stdPeakCenter": 2.0449905892840423, "stdPeakWidth": 0.464564032299315}, "datetime": {"datetime": "2022-09-22 21:35:28", "elapsed": 16394.613477, "delta": 25.466431}}
{"target": -0.000712056342336074, "params": {"ampDecay": 0.6824027473301458, "extraPeakProb": 0.667700695846048, "meanPeakCenter": -15.0, "meanPeakWidth": 4.560358673147099, "noise": 0.0, "stdPeakCenter": 0.3533168668695452, "stdPeakWidth": 4.245713191942573}, "datetime": {"datetime": "2022-09-22 21:36:03", "elapsed": 16429.735251, "delta": 35.121774}}
{"target": -0.0007335795511839207, "params": {"ampDecay": 0.5926560826148074, "extraPeakProb": 0.8865049255465952, "meanPeakCenter": -15.0, "meanPeakWidth": 4.1481194701910775, "noise": 0.0, "stdPeakCenter": 0.13199191254089637, "stdPeakWidth": 4.631520585616479}, "datetime": {"datetime": "2022-09-22 21:36:32", "elapsed": 16458.631501, "delta": 28.89625}}
{"target": -0.0008136170605358963, "params": {"ampDecay": 0.70457217911394, "extraPeakProb": 0.6821509868032778, "meanPeakCenter": -15.0, "meanPeakWidth": 2.473024972781812, "noise": 0.0, "stdPeakCenter": 7.009590764867426, "stdPeakWidth": 0.21330907429925772}, "datetime": {"datetime": "2022-09-22 21:37:09", "elapsed": 16495.262236, "delta": 36.630735}}
{"target": -0.0006084230434846692, "params": {"ampDecay": 0.7643338050924188, "extraPeakProb": 0.8933265047917928, "meanPeakCenter": -15.0, "meanPeakWidth": 4.598947355202371, "noise": 0.0, "stdPeakCenter": 0.6787110213373837, "stdPeakWidth": 4.57027660797596}, "datetime": {"datetime": "2022-09-22 21:37:59", "elapsed": 16545.2694, "delta": 50.007164}}
{"target": -0.000691709947162093, "params": {"ampDecay": 0.8999840189761966, "extraPeakProb": 0.6760118882317958, "meanPeakCenter": -15.0, "meanPeakWidth": 2.988432130960418, "noise": 0.0, "stdPeakCenter": 6.99571319744172, "stdPeakWidth": 0.2768816777146643}, "datetime": {"datetime": "2022-09-22 21:38:34", "elapsed": 16580.814445, "delta": 35.545045}}
{"target": -0.000856430394895513, "params": {"ampDecay": 0.8439097440671105, "extraPeakProb": 0.29430623661673727, "meanPeakCenter": -15.0, "meanPeakWidth": 3.965187836197619, "noise": 0.0, "stdPeakCenter": 1.5291868677701914, "stdPeakWidth": 0.8562861872135435}, "datetime": {"datetime": "2022-09-22 21:39:04", "elapsed": 16610.26484, "delta": 29.450395}}
{"target": -0.0006977253183547698, "params": {"ampDecay": 0.6711043954517184, "extraPeakProb": 0.8965062779409108, "meanPeakCenter": -15.0, "meanPeakWidth": 2.706428226460776, "noise": 0.0, "stdPeakCenter": 7.180248860134841, "stdPeakWidth": 0.03975960755728147}, "datetime": {"datetime": "2022-09-22 21:39:41", "elapsed": 16647.79466, "delta": 37.52982}}
{"target": -0.0007196462802691729, "params": {"ampDecay": 0.7523797949201028, "extraPeakProb": 0.8245783856505858, "meanPeakCenter": -15.0, "meanPeakWidth": 2.5465320077891143, "noise": 0.0, "stdPeakCenter": 6.71203528669542, "stdPeakWidth": 0.2351607873213124}, "datetime": {"datetime": "2022-09-22 21:40:12", "elapsed": 16678.482902, "delta": 30.688242}}
{"target": -0.0007803941001662193, "params": {"ampDecay": 0.8624710440844339, "extraPeakProb": 0.6784973002959218, "meanPeakCenter": -15.0, "meanPeakWidth": 2.7103434312819763, "noise": 0.0, "stdPeakCenter": 6.987297772746695, "stdPeakWidth": 0.254662251211934}, "datetime": {"datetime": "2022-09-22 21:40:46", "elapsed": 16711.940332, "delta": 33.45743}}
{"target": -0.0008572674528527765, "params": {"ampDecay": 0.4513414359047788, "extraPeakProb": 0.18361548123959617, "meanPeakCenter": -15.0, "meanPeakWidth": 4.073427355492486, "noise": 0.0, "stdPeakCenter": 1.7361708097434536, "stdPeakWidth": 0.6125178958454852}, "datetime": {"datetime": "2022-09-22 21:41:16", "elapsed": 16741.838788, "delta": 29.898456}}
{"target": -0.0006691955704197766, "params": {"ampDecay": 0.8639224828508042, "extraPeakProb": 0.5305202410160627, "meanPeakCenter": -15.0, "meanPeakWidth": 4.440445980173241, "noise": 0.0, "stdPeakCenter": 0.39684345239433094, "stdPeakWidth": 3.9732868613261645}, "datetime": {"datetime": "2022-09-22 21:41:52", "elapsed": 16778.758173, "delta": 36.919385}}
{"target": -0.0010172162836455374, "params": {"ampDecay": 0.6475146493443502, "extraPeakProb": 0.12997581832005034, "meanPeakCenter": -15.0, "meanPeakWidth": 3.85450097541979, "noise": 0.0, "stdPeakCenter": 2.3179670501004512, "stdPeakWidth": 1.3170225338390122}, "datetime": {"datetime": "2022-09-22 21:42:27", "elapsed": 16812.84517, "delta": 34.086997}}
{"target": -0.0006977234583180771, "params": {"ampDecay": 0.8295072735656975, "extraPeakProb": 0.4537985127023708, "meanPeakCenter": -15.0, "meanPeakWidth": 4.511521207251202, "noise": 0.0, "stdPeakCenter": 0.3983479923224864, "stdPeakWidth": 4.512348661252593}, "datetime": {"datetime": "2022-09-22 21:43:00", "elapsed": 16846.090168, "delta": 33.244998}}
{"target": -0.0008851305717490361, "params": {"ampDecay": 0.30247927937412633, "extraPeakProb": 0.21271472107081157, "meanPeakCenter": -15.0, "meanPeakWidth": 3.708759553077101, "noise": 0.0, "stdPeakCenter": 1.9168502617938588, "stdPeakWidth": 0.6068063094017118}, "datetime": {"datetime": "2022-09-22 21:43:30", "elapsed": 16876.20233, "delta": 30.112162}}
{"target": -0.0007762285597737406, "params": {"ampDecay": 0.10771037492384616, "extraPeakProb": 0.7818451327887279, "meanPeakCenter": -15.0, "meanPeakWidth": 7.521655615749126, "noise": 0.0, "stdPeakCenter": 3.581835049052695, "stdPeakWidth": 2.9279919641849723}, "datetime": {"datetime": "2022-09-22 21:44:00", "elapsed": 16905.957686, "delta": 29.755356}}
