{"target": -0.0006598091810507486, "params": {"ampDecay": 0.704623611836918, "extraPeakProb": 0.8632072470071797, "meanPeakCenter": -12.820755667440796, "meanPeakWidth": 4.45325039594705, "noise": 0.0, "stdPeakCenter": 3.570845948670125, "stdPeakWidth": 1.8941884291775395}, "datetime": {"datetime": "2022-09-22 17:32:21", "elapsed": 1807.174502, "delta": 29.102384}}
{"target": -0.0006001576095123134, "params": {"ampDecay": 0.15089723058126545, "extraPeakProb": 0.6215838493891012, "meanPeakCenter": -7.977108967593434, "meanPeakWidth": 5.27873707042997, "noise": 0.0, "stdPeakCenter": 7.094661021716201, "stdPeakWidth": 1.86463513044131}, "datetime": {"datetime": "2022-09-22 17:32:46", "elapsed": 1832.152692, "delta": 24.97819}}
{"target": -0.0009041556201074235, "params": {"ampDecay": 0.5468087994740005, "extraPeakProb": 0.6834256141343704, "meanPeakCenter": -14.988671733179165, "meanPeakWidth": 4.773586645259195, "noise": 0.0, "stdPeakCenter": 9.061933409412937, "stdPeakWidth": 3.0438743177448595}, "datetime": {"datetime": "2022-09-22 17:33:25", "elapsed": 1870.909863, "delta": 38.757171}}
{"target": -0.0011651854651983135, "params": {"ampDecay": 0.5655130052324079, "extraPeakProb": 0.36272296441217544, "meanPeakCenter": -9.828619447380897, "meanPeakWidth": 2.86791308086603, "noise": 0.0, "stdPeakCenter": 5.396258422400302, "stdPeakWidth": 1.8508179884124658}, "datetime": {"datetime": "2022-09-22 17:34:06", "elapsed": 1912.796423, "delta": 41.88656}}
{"target": -0.0007212410575230736, "params": {"ampDecay": 0.3397124920930532, "extraPeakProb": 0.3610596428234979, "meanPeakCenter": -10.064452961722932, "meanPeakWidth": 2.711679536634919, "noise": 0.0, "stdPeakCenter": 6.582421860202374, "stdPeakWidth": 2.162108130365003}, "datetime": {"datetime": "2022-09-22 17:34:56", "elapsed": 1962.06516, "delta": 49.268737}}
{"target": -0.0008477055477448033, "params": {"ampDecay": 0.5590721506698275, "extraPeakProb": 0.12612194934404722, "meanPeakCenter": -13.5976892622263, "meanPeakWidth": 3.8712289840179928, "noise": 0.0, "stdPeakCenter": 5.366342954025271, "stdPeakWidth": 4.509391706432947}, "datetime": {"datetime": "2022-09-22 17:35:27", "elapsed": 1993.806538, "delta": 31.741378}}
{"target": -0.0007460125262864983, "params": {"ampDecay": 0.8931172309053405, "extraPeakProb": 0.38800471377644696, "meanPeakCenter": -8.643519752295834, "meanPeakWidth": 5.938526849575632, "noise": 0.0, "stdPeakCenter": 4.335023551910535, "stdPeakWidth": 2.2110815976819493}, "datetime": {"datetime": "2022-09-22 17:36:01", "elapsed": 2027.632618, "delta": 33.82608}}
{"target": -0.0007797777074351856, "params": {"ampDecay": 0.569275049875305, "extraPeakProb": 0.8321506418373338, "meanPeakCenter": -14.619259786398722, "meanPeakWidth": 8.946992358658402, "noise": 0.0, "stdPeakCenter": 3.219083058457295, "stdPeakWidth": 3.3992704137053047}, "datetime": {"datetime": "2022-09-22 17:36:22", "elapsed": 2047.895052, "delta": 20.262434}}
{"target": -0.0011410799217825623, "params": {"ampDecay": 0.3230621227898325, "extraPeakProb": 0.14584042963695865, "meanPeakCenter": -13.283724077762598, "meanPeakWidth": 0.6027855149492223, "noise": 0.0, "stdPeakCenter": 7.370417170622457, "stdPeakWidth": 2.743002858504391}, "datetime": {"datetime": "2022-09-22 17:37:10", "elapsed": 2096.637328, "delta": 48.742276}}
{"target": -0.0008176563066122624, "params": {"ampDecay": 0.818382644410395, "extraPeakProb": 0.7556241145994236, "meanPeakCenter": -14.219409905557995, "meanPeakWidth": 9.704948853645924, "noise": 0.0, "stdPeakCenter": 8.611272010646907, "stdPeakWidth": 4.999018781225686}, "datetime": {"datetime": "2022-09-22 17:37:43", "elapsed": 2128.897858, "delta": 32.26053}}
{"target": -0.0006343432711218144, "params": {"ampDecay": 0.6325484299198189, "extraPeakProb": 0.7628197546592504, "meanPeakCenter": -11.435481989010405, "meanPeakWidth": 3.533604311643029, "noise": 0.0, "stdPeakCenter": 9.525124581966907, "stdPeakWidth": 1.3635617881522104}, "datetime": {"datetime": "2022-09-22 17:38:12", "elapsed": 2158.276497, "delta": 29.378639}}
{"target": -0.0007307805784298912, "params": {"ampDecay": 0.777364878452976, "extraPeakProb": 0.41671953517417715, "meanPeakCenter": -8.913158589284414, "meanPeakWidth": 8.786703847318467, "noise": 0.0, "stdPeakCenter": 2.841433559622335, "stdPeakWidth": 3.0703566152380164}, "datetime": {"datetime": "2022-09-22 17:38:38", "elapsed": 2183.846631, "delta": 25.570134}}
{"target": -0.0005827136895211341, "params": {"ampDecay": 0.30756821467863027, "extraPeakProb": 0.46848299711122043, "meanPeakCenter": -8.493299522466696, "meanPeakWidth": 3.535468193962259, "noise": 0.0, "stdPeakCenter": 6.091241701698852, "stdPeakWidth": 2.2783193891091615}, "datetime": {"datetime": "2022-09-22 17:39:16", "elapsed": 2221.958924, "delta": 38.112293}}
{"target": -0.0035645512841019876, "params": {"ampDecay": 0.5282093168448163, "extraPeakProb": 0.11867112624430431, "meanPeakCenter": -14.544987651871114, "meanPeakWidth": 0.6847751292213222, "noise": 0.0, "stdPeakCenter": 4.889102122568007, "stdPeakWidth": 2.592167406261141}, "datetime": {"datetime": "2022-09-22 17:40:01", "elapsed": 2267.005156, "delta": 45.046232}}
{"target": -0.0034843071323166237, "params": {"ampDecay": 0.6433003635437791, "extraPeakProb": 0.7544873468946485, "meanPeakCenter": -7.911550225152705, "meanPeakWidth": 3.2423242985260146, "noise": 0.0, "stdPeakCenter": 0.11430411914943761, "stdPeakWidth": 4.78645584739399}, "datetime": {"datetime": "2022-09-22 17:40:34", "elapsed": 2299.869496, "delta": 32.86434}}
{"target": -0.0006071479917825613, "params": {"ampDecay": 0.4902060893382174, "extraPeakProb": 0.47704540493917247, "meanPeakCenter": -8.786857734264377, "meanPeakWidth": 2.62775568202822, "noise": 0.0, "stdPeakCenter": 3.7650895052761433, "stdPeakWidth": 4.578083509839655}, "datetime": {"datetime": "2022-09-22 17:41:12", "elapsed": 2338.551466, "delta": 38.68197}}
{"target": -0.0007137308889117533, "params": {"ampDecay": 0.5522251643205479, "extraPeakProb": 0.5210364294339799, "meanPeakCenter": -9.978922553332326, "meanPeakWidth": 8.960259676303869, "noise": 0.0, "stdPeakCenter": 2.4466202146594807, "stdPeakWidth": 2.3719217530882233}, "datetime": {"datetime": "2022-09-22 17:41:36", "elapsed": 2361.895712, "delta": 23.344246}}
{"target": -0.001188517781322482, "params": {"ampDecay": 0.28739757879627326, "extraPeakProb": 0.33943840628942656, "meanPeakCenter": -9.350900487573803, "meanPeakWidth": 0.8756171796084611, "noise": 0.0, "stdPeakCenter": 3.323895746040686, "stdPeakWidth": 2.263157202013309}, "datetime": {"datetime": "2022-09-22 17:42:31", "elapsed": 2417.631862, "delta": 55.73615}}
{"target": -0.0005971537147180027, "params": {"ampDecay": 0.5223091236036309, "extraPeakProb": 0.32671274677834106, "meanPeakCenter": -9.7824274388934, "meanPeakWidth": 3.4105742563544936, "noise": 0.0, "stdPeakCenter": 8.341804711456334, "stdPeakWidth": 0.6274892085555228}, "datetime": {"datetime": "2022-09-22 17:42:59", "elapsed": 2445.819021, "delta": 28.187159}}
{"target": -0.0006084572100129804, "params": {"ampDecay": 0.1061753892830148, "extraPeakProb": 0.405551965796762, "meanPeakCenter": -10.020549876112913, "meanPeakWidth": 5.8035614185014275, "noise": 0.0, "stdPeakCenter": 5.616109812668418, "stdPeakWidth": 0.530947820420688}, "datetime": {"datetime": "2022-09-22 17:43:24", "elapsed": 2470.117053, "delta": 24.298032}}
{"target": -0.00352622857489391, "params": {"ampDecay": 0.32257046142263324, "extraPeakProb": 0.5925173848524585, "meanPeakCenter": -7.70397524410019, "meanPeakWidth": 2.0132463979929516, "noise": 0.0, "stdPeakCenter": 0.7644734521761509, "stdPeakWidth": 1.7157682185153755}, "datetime": {"datetime": "2022-09-22 17:44:10", "elapsed": 2516.800301, "delta": 46.683248}}
{"target": -0.0007369725094900238, "params": {"ampDecay": 0.6637954874939643, "extraPeakProb": 0.5584636892497991, "meanPeakCenter": -9.754217207355278, "meanPeakWidth": 7.543499741765505, "noise": 0.0, "stdPeakCenter": 3.778479526608338, "stdPeakWidth": 0.23593466552501496}, "datetime": {"datetime": "2022-09-22 17:44:32", "elapsed": 2538.421419, "delta": 21.621118}}
{"target": -0.005947818920254362, "params": {"ampDecay": 0.4500742960694657, "extraPeakProb": 0.17006114821817234, "meanPeakCenter": -9.0207672826667, "meanPeakWidth": 0.4755573862745599, "noise": 0.0, "stdPeakCenter": 9.096526250822247, "stdPeakWidth": 0.5026475796882873}, "datetime": {"datetime": "2022-09-22 17:45:31", "elapsed": 2597.585782, "delta": 59.164363}}
{"target": -0.0006894590201379168, "params": {"ampDecay": 0.16380465635635932, "extraPeakProb": 0.191204675358986, "meanPeakCenter": -12.584887577917675, "meanPeakWidth": 6.106307963469644, "noise": 0.0, "stdPeakCenter": 1.5146466597894326, "stdPeakWidth": 2.764848639464153}, "datetime": {"datetime": "2022-09-22 17:45:59", "elapsed": 2625.181023, "delta": 27.595241}}
{"target": -0.0006304784757425887, "params": {"ampDecay": 0.4695417044571959, "extraPeakProb": 0.4269781356075012, "meanPeakCenter": -7.6178633843212165, "meanPeakWidth": 7.666675650456009, "noise": 0.0, "stdPeakCenter": 2.484971465899357, "stdPeakWidth": 3.686334316540662}, "datetime": {"datetime": "2022-09-22 17:46:35", "elapsed": 2661.317956, "delta": 36.136933}}
{"target": -0.0008897015083896247, "params": {"ampDecay": 0.535721689666737, "extraPeakProb": 0.816016459467566, "meanPeakCenter": -14.657855989980476, "meanPeakWidth": 8.458212633335222, "noise": 0.0, "stdPeakCenter": 1.0184363235193283, "stdPeakWidth": 0.8345701346391265}, "datetime": {"datetime": "2022-09-22 17:46:53", "elapsed": 2679.663931, "delta": 18.345975}}
{"target": -0.001565654614538633, "params": {"ampDecay": 0.32251789389199315, "extraPeakProb": 0.3506005721725035, "meanPeakCenter": -13.329755091839882, "meanPeakWidth": 1.5809489700195456, "noise": 0.0, "stdPeakCenter": 1.1214103184598312, "stdPeakWidth": 2.0078593802984}, "datetime": {"datetime": "2022-09-22 17:47:29", "elapsed": 2715.755607, "delta": 36.091676}}
{"target": -0.0007420323921510717, "params": {"ampDecay": 0.4513624035488394, "extraPeakProb": 0.2908349520855496, "meanPeakCenter": -9.221468029561528, "meanPeakWidth": 7.763521536317789, "noise": 0.0, "stdPeakCenter": 3.1304616602532165, "stdPeakWidth": 0.9779901816036324}, "datetime": {"datetime": "2022-09-22 17:47:52", "elapsed": 2738.035465, "delta": 22.279858}}
{"target": -0.0008289307451592537, "params": {"ampDecay": 0.5733127214670438, "extraPeakProb": 0.1959966176168294, "meanPeakCenter": -9.193819805139364, "meanPeakWidth": 6.845257345268822, "noise": 0.0, "stdPeakCenter": 1.5634391928827862, "stdPeakWidth": 0.8383077893826435}, "datetime": {"datetime": "2022-09-22 17:48:13", "elapsed": 2759.329706, "delta": 21.294241}}
{"target": -0.0008194886327036739, "params": {"ampDecay": 0.14271950802959144, "extraPeakProb": 0.6817162030665335, "meanPeakCenter": -7.732920708868758, "meanPeakWidth": 3.0228841017289323, "noise": 0.0, "stdPeakCenter": 2.4955312875290305, "stdPeakWidth": 2.2206736033468695}, "datetime": {"datetime": "2022-09-22 17:48:57", "elapsed": 2803.137038, "delta": 43.807332}}
{"target": -0.0006701719807849916, "params": {"ampDecay": 0.8378012829208821, "extraPeakProb": 0.7560123379552608, "meanPeakCenter": -9.508361148040098, "meanPeakWidth": 8.487176490161113, "noise": 0.0, "stdPeakCenter": 6.437772848641994, "stdPeakWidth": 0.8986343725489515}, "datetime": {"datetime": "2022-09-22 17:49:19", "elapsed": 2825.319809, "delta": 22.182771}}
{"target": -0.0006035381036565178, "params": {"ampDecay": 0.17079077959522326, "extraPeakProb": 0.672391033158042, "meanPeakCenter": -10.922870542021911, "meanPeakWidth": 7.585112752117917, "noise": 0.0, "stdPeakCenter": 9.70028870154416, "stdPeakWidth": 3.4014758092472546}, "datetime": {"datetime": "2022-09-22 17:49:53", "elapsed": 2859.763791, "delta": 34.443982}}
{"target": -0.000625308134803345, "params": {"ampDecay": 0.18956499047214495, "extraPeakProb": 0.7009212656853875, "meanPeakCenter": -14.197468391905812, "meanPeakWidth": 8.88346249033657, "noise": 0.0, "stdPeakCenter": 7.01550190997356, "stdPeakWidth": 3.524417768007538}, "datetime": {"datetime": "2022-09-22 17:50:20", "elapsed": 2886.698762, "delta": 26.934971}}
{"target": -0.0005525967692443853, "params": {"ampDecay": 0.42420234251556155, "extraPeakProb": 0.4055183134480801, "meanPeakCenter": -8.131014100574511, "meanPeakWidth": 5.083290498005116, "noise": 0.0, "stdPeakCenter": 4.7574644472128105, "stdPeakWidth": 2.1212880556931797}, "datetime": {"datetime": "2022-09-22 17:50:56", "elapsed": 2921.946813, "delta": 35.248051}}
{"target": -0.0006012681000299113, "params": {"ampDecay": 0.22419880146768706, "extraPeakProb": 0.22273912038114957, "meanPeakCenter": -10.042572052550058, "meanPeakWidth": 5.061163169528421, "noise": 0.0, "stdPeakCenter": 8.624289576555109, "stdPeakWidth": 1.1794741068941628}, "datetime": {"datetime": "2022-09-22 17:51:23", "elapsed": 2949.209466, "delta": 27.262653}}
{"target": -0.000706875936632454, "params": {"ampDecay": 0.35789736287739526, "extraPeakProb": 0.3957167672189703, "meanPeakCenter": -11.779899502719736, "meanPeakWidth": 2.7168302286844304, "noise": 0.0, "stdPeakCenter": 9.916075598477054, "stdPeakWidth": 4.416250975949138}, "datetime": {"datetime": "2022-09-22 17:52:17", "elapsed": 3003.080914, "delta": 53.871448}}
{"target": -0.0006719113430983867, "params": {"ampDecay": 0.32919723000391077, "extraPeakProb": 0.887796740969034, "meanPeakCenter": -14.501574795097298, "meanPeakWidth": 5.673681114154824, "noise": 0.0, "stdPeakCenter": 6.495370331561499, "stdPeakWidth": 0.35782160936878415}, "datetime": {"datetime": "2022-09-22 17:52:40", "elapsed": 3026.460536, "delta": 23.379622}}
{"target": -0.0007068301189403179, "params": {"ampDecay": 0.7262979218667682, "extraPeakProb": 0.29954619667051763, "meanPeakCenter": -7.259900098190597, "meanPeakWidth": 1.825892481087631, "noise": 0.0, "stdPeakCenter": 2.2488791883684534, "stdPeakWidth": 4.103671032644484}, "datetime": {"datetime": "2022-09-22 17:53:16", "elapsed": 3062.091143, "delta": 35.630607}}
{"target": -0.0008389721501935276, "params": {"ampDecay": 0.8608177908149293, "extraPeakProb": 0.5480817134334385, "meanPeakCenter": -10.63001987017114, "meanPeakWidth": 4.0792111034425815, "noise": 0.0, "stdPeakCenter": 7.604778768386714, "stdPeakWidth": 4.655511394383652}, "datetime": {"datetime": "2022-09-22 17:54:03", "elapsed": 3109.331121, "delta": 47.239978}}
{"target": -0.0006813199104734868, "params": {"ampDecay": 0.5546404540166295, "extraPeakProb": 0.890130743215517, "meanPeakCenter": -10.309620061366308, "meanPeakWidth": 4.737428579389685, "noise": 0.0, "stdPeakCenter": 3.1884167649947406, "stdPeakWidth": 4.028836499919485}, "datetime": {"datetime": "2022-09-22 17:54:27", "elapsed": 3133.311607, "delta": 23.980486}}
{"target": -0.001341791322320325, "params": {"ampDecay": 0.45781104148297425, "extraPeakProb": 0.8207055490920115, "meanPeakCenter": -8.852300328649367, "meanPeakWidth": 3.026853932031278, "noise": 0.0, "stdPeakCenter": 5.62341559542785, "stdPeakWidth": 3.4438463755254203}, "datetime": {"datetime": "2022-09-22 17:55:06", "elapsed": 3171.9134, "delta": 38.601793}}
{"target": -0.000712150348274503, "params": {"ampDecay": 0.4059176379749688, "extraPeakProb": 0.5077680466741484, "meanPeakCenter": -7.137852221883248, "meanPeakWidth": 9.132147835311303, "noise": 0.0, "stdPeakCenter": 3.531082622724797, "stdPeakWidth": 4.338968094078553}, "datetime": {"datetime": "2022-09-22 17:55:35", "elapsed": 3201.239102, "delta": 29.325702}}
{"target": -0.0011516041536802815, "params": {"ampDecay": 0.6467294704240127, "extraPeakProb": 0.551262314752012, "meanPeakCenter": -7.889955771182319, "meanPeakWidth": 8.520304019206957, "noise": 0.0, "stdPeakCenter": 8.011246496348871, "stdPeakWidth": 4.549922549512994}, "datetime": {"datetime": "2022-09-22 17:56:12", "elapsed": 3238.784261, "delta": 37.545159}}
{"target": -0.0006956418751820052, "params": {"ampDecay": 0.32198315110260334, "extraPeakProb": 0.46261480812877576, "meanPeakCenter": -12.717686207704155, "meanPeakWidth": 5.960456338534311, "noise": 0.0, "stdPeakCenter": 0.6914403748296793, "stdPeakWidth": 2.7707859192956876}, "datetime": {"datetime": "2022-09-22 17:56:42", "elapsed": 3267.950485, "delta": 29.166224}}
{"target": -0.00128383329145836, "params": {"ampDecay": 0.23440987549630218, "extraPeakProb": 0.3593846684760601, "meanPeakCenter": -11.760178407422522, "meanPeakWidth": 1.164132401078467, "noise": 0.0, "stdPeakCenter": 6.632343084577506, "stdPeakWidth": 2.373341224013299}, "datetime": {"datetime": "2022-09-22 17:57:32", "elapsed": 3317.922644, "delta": 49.972159}}
{"target": -0.0006788588059237183, "params": {"ampDecay": 0.6182100506460793, "extraPeakProb": 0.5875429565055863, "meanPeakCenter": -10.355215469517805, "meanPeakWidth": 0.4290253280931222, "noise": 0.0, "stdPeakCenter": 3.32151890016792, "stdPeakWidth": 4.915550747633058}, "datetime": {"datetime": "2022-09-22 17:58:07", "elapsed": 3353.735753, "delta": 35.813109}}
{"target": -0.001997087671983865, "params": {"ampDecay": 0.6288812581485242, "extraPeakProb": 0.2528946701939459, "meanPeakCenter": -10.233096789601866, "meanPeakWidth": 0.13563677378768735, "noise": 0.0, "stdPeakCenter": 4.544381880354803, "stdPeakWidth": 1.2581169856627128}, "datetime": {"datetime": "2022-09-22 17:59:14", "elapsed": 3420.543808, "delta": 66.808055}}
{"target": -0.0006109115266862538, "params": {"ampDecay": 0.8658819146480827, "extraPeakProb": 0.5313336564806577, "meanPeakCenter": -7.955451512246791, "meanPeakWidth": 5.163016230463567, "noise": 0.0, "stdPeakCenter": 6.5707595676158705, "stdPeakWidth": 1.542278901412092}, "datetime": {"datetime": "2022-09-22 17:59:47", "elapsed": 3453.000109, "delta": 32.456301}}
{"target": -0.0006224847737244578, "params": {"ampDecay": 0.7535519835841922, "extraPeakProb": 0.2513790873272364, "meanPeakCenter": -8.831333822723998, "meanPeakWidth": 4.548219537629377, "noise": 0.0, "stdPeakCenter": 9.189131733665194, "stdPeakWidth": 1.338695638723676}, "datetime": {"datetime": "2022-09-22 18:00:15", "elapsed": 3481.453725, "delta": 28.453616}}
{"target": -0.0013808446837601698, "params": {"ampDecay": 0.7401794994709666, "extraPeakProb": 0.8103049357676019, "meanPeakCenter": -10.078217383877291, "meanPeakWidth": 3.7567728429941774, "noise": 0.0, "stdPeakCenter": 0.4061130016002945, "stdPeakWidth": 3.8982429437580626}, "datetime": {"datetime": "2022-09-22 18:00:41", "elapsed": 3506.92345, "delta": 25.469725}}
{"target": -0.0023252563514988864, "params": {"ampDecay": 0.4349160522197021, "extraPeakProb": 0.5974242178489987, "meanPeakCenter": -13.991919677465933, "meanPeakWidth": 2.4854378298946322, "noise": 0.0, "stdPeakCenter": 2.5217471449133044, "stdPeakWidth": 4.021858313840557}, "datetime": {"datetime": "2022-09-22 18:01:14", "elapsed": 3540.115461, "delta": 33.192011}}
{"target": -0.0019281031220999365, "params": {"ampDecay": 0.45078603012599927, "extraPeakProb": 0.735515101654323, "meanPeakCenter": -7.2035038466606744, "meanPeakWidth": 1.313996335967752, "noise": 0.0, "stdPeakCenter": 1.4872919035837395, "stdPeakWidth": 1.5303498549160461}, "datetime": {"datetime": "2022-09-22 18:02:09", "elapsed": 3595.400152, "delta": 55.284691}}
{"target": -0.0008438410608816598, "params": {"ampDecay": 0.4582454157924173, "extraPeakProb": 0.8502959624219318, "meanPeakCenter": -13.599040102077876, "meanPeakWidth": 9.054854162895221, "noise": 0.0, "stdPeakCenter": 1.905813212289772, "stdPeakWidth": 0.9549302458261982}, "datetime": {"datetime": "2022-09-22 18:02:29", "elapsed": 3615.778716, "delta": 20.378564}}
{"target": -0.0006687751073440814, "params": {"ampDecay": 0.4093872885722587, "extraPeakProb": 0.21073990962656525, "meanPeakCenter": -7.013479339593701, "meanPeakWidth": 8.77920115874994, "noise": 0.0, "stdPeakCenter": 2.3044648472953924, "stdPeakWidth": 4.471843010452682}, "datetime": {"datetime": "2022-09-22 18:03:08", "elapsed": 3653.922001, "delta": 38.143285}}
{"target": -0.0012891104238163963, "params": {"ampDecay": 0.6836117041315876, "extraPeakProb": 0.11345253490457452, "meanPeakCenter": -13.306319123039083, "meanPeakWidth": 3.0318147707156684, "noise": 0.0, "stdPeakCenter": 8.095642701064582, "stdPeakWidth": 1.7668609987729051}, "datetime": {"datetime": "2022-09-22 18:03:46", "elapsed": 3692.294514, "delta": 38.372513}}
{"target": -0.0009810023671170676, "params": {"ampDecay": 0.48937008440464913, "extraPeakProb": 0.41042759231243053, "meanPeakCenter": -12.167901365825657, "meanPeakWidth": 5.639629882615248, "noise": 0.0, "stdPeakCenter": 2.517370559563031, "stdPeakWidth": 2.38558955915613}, "datetime": {"datetime": "2022-09-22 18:04:11", "elapsed": 3717.609347, "delta": 25.314833}}
{"target": -0.001536511969297645, "params": {"ampDecay": 0.17406012598442527, "extraPeakProb": 0.6386224126526191, "meanPeakCenter": -10.342217058945806, "meanPeakWidth": 5.222705851925831, "noise": 0.0, "stdPeakCenter": 1.7512911606174697, "stdPeakWidth": 3.42070909642866}, "datetime": {"datetime": "2022-09-22 18:04:43", "elapsed": 3749.480133, "delta": 31.870786}}
{"target": -0.000763740986700105, "params": {"ampDecay": 0.20253061965382246, "extraPeakProb": 0.6925661381216341, "meanPeakCenter": -9.788130750744802, "meanPeakWidth": 8.640382992616523, "noise": 0.0, "stdPeakCenter": 3.0609645161419374, "stdPeakWidth": 1.2024969450934715}, "datetime": {"datetime": "2022-09-22 18:05:05", "elapsed": 3770.940894, "delta": 21.460761}}
{"target": -0.0006438599122506731, "params": {"ampDecay": 0.5845802720000468, "extraPeakProb": 0.22953315560935847, "meanPeakCenter": -11.547732290200736, "meanPeakWidth": 9.654151890586615, "noise": 0.0, "stdPeakCenter": 6.3578616402822306, "stdPeakWidth": 2.822277446197492}, "datetime": {"datetime": "2022-09-22 18:05:27", "elapsed": 3792.865567, "delta": 21.924673}}
