{"target": -0.000703581941734071, "params": {"ampDecay": 0.825031271619108, "extraPeakProb": 0.5690836893936998, "meanPeakCenter": -7.116274996811239, "meanPeakWidth": 0.7528869384269343, "noise": 0.0, "stdPeakCenter": 1.748953910172234, "stdPeakWidth": 4.494515046639681}, "datetime": {"datetime": "2022-09-22 18:06:07", "elapsed": 3833.342064, "delta": 40.476497}}
{"target": -0.0006040665726287027, "params": {"ampDecay": 0.27780977879688973, "extraPeakProb": 0.4537093784177084, "meanPeakCenter": -8.02791612664127, "meanPeakWidth": 4.390196433830522, "noise": 0.0, "stdPeakCenter": 3.7431427978624643, "stdPeakWidth": 2.8447255702134733}, "datetime": {"datetime": "2022-09-22 18:06:38", "elapsed": 3864.176734, "delta": 30.83467}}
{"target": -0.0006733417308399971, "params": {"ampDecay": 0.6484514126228434, "extraPeakProb": 0.29149795890034486, "meanPeakCenter": -9.46348740150017, "meanPeakWidth": 3.4215339830543146, "noise": 0.0, "stdPeakCenter": 6.50847603052647, "stdPeakWidth": 3.566294940348346}, "datetime": {"datetime": "2022-09-22 18:07:18", "elapsed": 3904.112242, "delta": 39.935508}}
{"target": -0.0008023094199589522, "params": {"ampDecay": 0.470027760310871, "extraPeakProb": 0.7294309719893622, "meanPeakCenter": -10.282226822581233, "meanPeakWidth": 1.1312577820897662, "noise": 0.0, "stdPeakCenter": 7.272628945317157, "stdPeakWidth": 4.000068905111503}, "datetime": {"datetime": "2022-09-22 18:07:55", "elapsed": 3941.082636, "delta": 36.970394}}
{"target": -0.002790487319109239, "params": {"ampDecay": 0.4544336149819491, "extraPeakProb": 0.7703984836373575, "meanPeakCenter": -13.41428845513143, "meanPeakWidth": 0.17256600441524328, "noise": 0.0, "stdPeakCenter": 3.1039533346391024, "stdPeakWidth": 2.1057206183346464}, "datetime": {"datetime": "2022-09-22 18:08:40", "elapsed": 3986.469378, "delta": 45.386742}}
{"target": -0.0008374569976790638, "params": {"ampDecay": 0.8463611651597952, "extraPeakProb": 0.7606041004277887, "meanPeakCenter": -14.99162238808891, "meanPeakWidth": 9.303946632915784, "noise": 0.0, "stdPeakCenter": 0.169724744455938, "stdPeakWidth": 2.7712188179997566}, "datetime": {"datetime": "2022-09-22 18:08:59", "elapsed": 4005.817636, "delta": 19.348258}}
{"target": -0.0015279158040488116, "params": {"ampDecay": 0.3656665007997776, "extraPeakProb": 0.18794723413391967, "meanPeakCenter": -14.435399032678983, "meanPeakWidth": 0.7166597802874075, "noise": 0.0, "stdPeakCenter": 3.309364534628505, "stdPeakWidth": 1.8381538763981098}, "datetime": {"datetime": "2022-09-22 18:09:39", "elapsed": 4045.759389, "delta": 39.941753}}
{"target": -0.001580801445692271, "params": {"ampDecay": 0.15376666080410972, "extraPeakProb": 0.33891326625315865, "meanPeakCenter": -13.756518187816198, "meanPeakWidth": 1.3566975774050871, "noise": 0.0, "stdPeakCenter": 7.367278424000995, "stdPeakWidth": 1.0926248882636524}, "datetime": {"datetime": "2022-09-22 18:10:24", "elapsed": 4090.082842, "delta": 44.323453}}
{"target": -0.0007142071341532293, "params": {"ampDecay": 0.7281065948822544, "extraPeakProb": 0.29752312355296473, "meanPeakCenter": -10.395809334656615, "meanPeakWidth": 2.102868366125805, "noise": 0.0, "stdPeakCenter": 4.098418985361399, "stdPeakWidth": 0.1900670535976151}, "datetime": {"datetime": "2022-09-22 18:10:49", "elapsed": 4115.706886, "delta": 25.624044}}
{"target": -0.0006524627065405751, "params": {"ampDecay": 0.5131373215349551, "extraPeakProb": 0.8298924254473193, "meanPeakCenter": -12.0358010618312, "meanPeakWidth": 7.0389605119442065, "noise": 0.0, "stdPeakCenter": 6.745681660211513, "stdPeakWidth": 2.126824023748796}, "datetime": {"datetime": "2022-09-22 18:11:12", "elapsed": 4138.575559, "delta": 22.868673}}
{"target": -0.0008219748675864837, "params": {"ampDecay": 0.3082199195101776, "extraPeakProb": 0.774650014689477, "meanPeakCenter": -8.102907135165163, "meanPeakWidth": 2.4204727390265224, "noise": 0.0, "stdPeakCenter": 8.139247493133713, "stdPeakWidth": 1.6814111205544624}, "datetime": {"datetime": "2022-09-22 18:11:56", "elapsed": 4181.996207, "delta": 43.420648}}
{"target": -0.0005682199272899366, "params": {"ampDecay": 0.45308177524643156, "extraPeakProb": 0.7521439616697264, "meanPeakCenter": -7.325615930131275, "meanPeakWidth": 2.2808061492907705, "noise": 0.0, "stdPeakCenter": 6.780484176974363, "stdPeakWidth": 0.7693259020204735}, "datetime": {"datetime": "2022-09-22 18:12:38", "elapsed": 4224.413624, "delta": 42.417417}}
{"target": -0.0006632701953122534, "params": {"ampDecay": 0.6976446377829825, "extraPeakProb": 0.6552050707243414, "meanPeakCenter": -10.954989891347253, "meanPeakWidth": 6.642199250838978, "noise": 0.0, "stdPeakCenter": 9.29045528948112, "stdPeakWidth": 4.799315654441662}, "datetime": {"datetime": "2022-09-22 18:13:04", "elapsed": 4250.128248, "delta": 25.714624}}
{"target": -0.0007326162960417519, "params": {"ampDecay": 0.29447210099678256, "extraPeakProb": 0.6058514488284779, "meanPeakCenter": -13.524213596636908, "meanPeakWidth": 9.013484357870617, "noise": 0.0, "stdPeakCenter": 3.96280842528129, "stdPeakWidth": 1.8698226360717018}, "datetime": {"datetime": "2022-09-22 18:13:26", "elapsed": 4271.960236, "delta": 21.831988}}
{"target": -0.0006433534058897685, "params": {"ampDecay": 0.3937749499977987, "extraPeakProb": 0.8136340018589128, "meanPeakCenter": -7.2567183088769465, "meanPeakWidth": 6.743820334961058, "noise": 0.0, "stdPeakCenter": 5.557738351651843, "stdPeakWidth": 4.390145811034873}, "datetime": {"datetime": "2022-09-22 18:13:49", "elapsed": 4295.417033, "delta": 23.456797}}
{"target": -0.0006227440781865542, "params": {"ampDecay": 0.8724405694276246, "extraPeakProb": 0.45414366995236255, "meanPeakCenter": -9.504510449544984, "meanPeakWidth": 6.672859960139203, "noise": 0.0, "stdPeakCenter": 9.17932093393787, "stdPeakWidth": 1.008404830757648}, "datetime": {"datetime": "2022-09-22 18:14:12", "elapsed": 4318.031013, "delta": 22.61398}}
{"target": -0.0021058080283610577, "params": {"ampDecay": 0.34360194050645704, "extraPeakProb": 0.8428059105214428, "meanPeakCenter": -14.407565078264017, "meanPeakWidth": 0.7991466870948416, "noise": 0.0, "stdPeakCenter": 6.754067080817059, "stdPeakWidth": 0.23492173459004728}, "datetime": {"datetime": "2022-09-22 18:15:01", "elapsed": 4367.715896, "delta": 49.684883}}
{"target": -0.0006880935772171862, "params": {"ampDecay": 0.15053832900322323, "extraPeakProb": 0.8396769251680546, "meanPeakCenter": -12.379623223299383, "meanPeakWidth": 5.69138705760671, "noise": 0.0, "stdPeakCenter": 7.0236941275129965, "stdPeakWidth": 3.1541101921298615}, "datetime": {"datetime": "2022-09-22 18:15:30", "elapsed": 4396.578493, "delta": 28.862597}}
{"target": -0.011924858653208713, "params": {"ampDecay": 0.5116950344935868, "extraPeakProb": 0.7079001065016117, "meanPeakCenter": -14.293728271213713, "meanPeakWidth": 0.19205458017688692, "noise": 0.0, "stdPeakCenter": 4.064026502584425, "stdPeakWidth": 0.0690293914935669}, "datetime": {"datetime": "2022-09-22 18:16:15", "elapsed": 4441.411021, "delta": 44.832528}}
{"target": -0.0010217495254151417, "params": {"ampDecay": 0.6162176383022557, "extraPeakProb": 0.6974046291847996, "meanPeakCenter": -13.293211214506073, "meanPeakWidth": 1.464020356227077, "noise": 0.0, "stdPeakCenter": 0.2209555882157188, "stdPeakWidth": 2.692508434986693}, "datetime": {"datetime": "2022-09-22 18:16:48", "elapsed": 4474.068181, "delta": 32.65716}}
{"target": -0.0015512014486902626, "params": {"ampDecay": 0.8572876281579629, "extraPeakProb": 0.26590829072499256, "meanPeakCenter": -7.416344191882321, "meanPeakWidth": 0.9915193801724986, "noise": 0.0, "stdPeakCenter": 0.6342857652015721, "stdPeakWidth": 4.477532975516226}, "datetime": {"datetime": "2022-09-22 18:17:37", "elapsed": 4523.643021, "delta": 49.57484}}
{"target": -0.0006209242012421598, "params": {"ampDecay": 0.15939025611326807, "extraPeakProb": 0.7228717581094892, "meanPeakCenter": -14.45640031158722, "meanPeakWidth": 8.397507193506593, "noise": 0.0, "stdPeakCenter": 6.829221582055092, "stdPeakWidth": 4.111033198579269}, "datetime": {"datetime": "2022-09-22 18:18:02", "elapsed": 4548.802699, "delta": 25.159678}}
{"target": -0.0007278298614940464, "params": {"ampDecay": 0.13780403091226612, "extraPeakProb": 0.2550794932607823, "meanPeakCenter": -9.302372893299161, "meanPeakWidth": 2.9039393434110172, "noise": 0.0, "stdPeakCenter": 4.68539447438217, "stdPeakWidth": 4.407770882499172}, "datetime": {"datetime": "2022-09-22 18:18:42", "elapsed": 4588.182602, "delta": 39.379903}}
{"target": -0.001689589566532297, "params": {"ampDecay": 0.10534528900277565, "extraPeakProb": 0.7234374923219473, "meanPeakCenter": -11.922600289107589, "meanPeakWidth": 2.262302310920351, "noise": 0.0, "stdPeakCenter": 0.22524988241940935, "stdPeakWidth": 1.0535342135955572}, "datetime": {"datetime": "2022-09-22 18:19:15", "elapsed": 4621.505487, "delta": 33.322885}}
{"target": -0.0005452896147527727, "params": {"ampDecay": 0.3106458845540607, "extraPeakProb": 0.8097086387715072, "meanPeakCenter": -8.167992080396449, "meanPeakWidth": 5.219527955055225, "noise": 0.0, "stdPeakCenter": 7.3780278424603285, "stdPeakWidth": 3.817961568427677}, "datetime": {"datetime": "2022-09-22 18:19:41", "elapsed": 4647.382678, "delta": 25.877191}}
{"target": -0.0009289395347573098, "params": {"ampDecay": 0.6106250398574036, "extraPeakProb": 0.6962906827318485, "meanPeakCenter": -12.154132318970273, "meanPeakWidth": 1.4324652915114766, "noise": 0.0, "stdPeakCenter": 4.346218476870001, "stdPeakWidth": 3.2375757714513815}, "datetime": {"datetime": "2022-09-22 18:20:21", "elapsed": 4686.848178, "delta": 39.4655}}
{"target": -0.0009571480069043665, "params": {"ampDecay": 0.35496284208930706, "extraPeakProb": 0.49451627961819156, "meanPeakCenter": -12.113116057407739, "meanPeakWidth": 5.972674947381787, "noise": 0.0, "stdPeakCenter": 7.760034254374192, "stdPeakWidth": 3.1148899772988923}, "datetime": {"datetime": "2022-09-22 18:20:54", "elapsed": 4720.343996, "delta": 33.495818}}
{"target": -0.0007509675555781243, "params": {"ampDecay": 0.5834166715332575, "extraPeakProb": 0.45114688580782336, "meanPeakCenter": -11.857128571435933, "meanPeakWidth": 6.648145314100153, "noise": 0.0, "stdPeakCenter": 1.8700655825127976, "stdPeakWidth": 2.2007260405080604}, "datetime": {"datetime": "2022-09-22 18:21:18", "elapsed": 4743.869791, "delta": 23.525795}}
{"target": -0.00383750762556473, "params": {"ampDecay": 0.754197804119522, "extraPeakProb": 0.21871906029650934, "meanPeakCenter": -13.691699774882228, "meanPeakWidth": 0.007309618176489785, "noise": 0.0, "stdPeakCenter": 4.291471512892721, "stdPeakWidth": 2.137533229981048}, "datetime": {"datetime": "2022-09-22 18:22:11", "elapsed": 4796.959286, "delta": 53.089495}}
{"target": -0.0006624707441493909, "params": {"ampDecay": 0.22493246976529183, "extraPeakProb": 0.13128055673864056, "meanPeakCenter": -13.443546295416777, "meanPeakWidth": 8.5552004620212, "noise": 0.0, "stdPeakCenter": 6.728651032163791, "stdPeakWidth": 2.057116766274412}, "datetime": {"datetime": "2022-09-22 18:22:31", "elapsed": 4817.552796, "delta": 20.59351}}
{"target": -0.0009198613060524223, "params": {"ampDecay": 0.42973055889077416, "extraPeakProb": 0.7701334014031723, "meanPeakCenter": -8.86700135831288, "meanPeakWidth": 6.182674557540739, "noise": 0.0, "stdPeakCenter": 2.0803777000777055, "stdPeakWidth": 2.3168619198931784}, "datetime": {"datetime": "2022-09-22 18:22:59", "elapsed": 4845.725173, "delta": 28.172377}}
{"target": -0.0007180617747277346, "params": {"ampDecay": 0.4511016321972757, "extraPeakProb": 0.6758666654710408, "meanPeakCenter": -13.658106234602819, "meanPeakWidth": 4.877793647236295, "noise": 0.0, "stdPeakCenter": 5.683096235793577, "stdPeakWidth": 2.029655486103426}, "datetime": {"datetime": "2022-09-22 18:23:30", "elapsed": 4876.516271, "delta": 30.791098}}
{"target": -0.0006605473704751874, "params": {"ampDecay": 0.35084115186838694, "extraPeakProb": 0.3545940157299654, "meanPeakCenter": -9.443337185957098, "meanPeakWidth": 4.25645958235976, "noise": 0.0, "stdPeakCenter": 1.6063420755601754, "stdPeakWidth": 3.884550143964298}, "datetime": {"datetime": "2022-09-22 18:24:15", "elapsed": 4921.096996, "delta": 44.580725}}
{"target": -0.0016102930836781465, "params": {"ampDecay": 0.7001019430142419, "extraPeakProb": 0.5588841353819352, "meanPeakCenter": -10.982173121592506, "meanPeakWidth": 5.217361995628017, "noise": 0.0, "stdPeakCenter": 3.1456824444095477, "stdPeakWidth": 3.536354369853305}, "datetime": {"datetime": "2022-09-22 18:24:59", "elapsed": 4964.907096, "delta": 43.8101}}
{"target": -0.0005810096460530635, "params": {"ampDecay": 0.5116502806586206, "extraPeakProb": 0.8345874764096882, "meanPeakCenter": -7.375170923291664, "meanPeakWidth": 4.632850265543459, "noise": 0.0, "stdPeakCenter": 5.647962903478572, "stdPeakWidth": 4.2069946278848445}, "datetime": {"datetime": "2022-09-22 18:25:23", "elapsed": 4989.817861, "delta": 24.910765}}
{"target": -0.0006376751579626852, "params": {"ampDecay": 0.565180624130114, "extraPeakProb": 0.7740550088635713, "meanPeakCenter": -10.840947303449326, "meanPeakWidth": 6.409545997728232, "noise": 0.0, "stdPeakCenter": 4.727052898059854, "stdPeakWidth": 4.493841843833582}, "datetime": {"datetime": "2022-09-22 18:25:58", "elapsed": 5024.270723, "delta": 34.452862}}
{"target": -0.000536852965145827, "params": {"ampDecay": 0.39098968852889715, "extraPeakProb": 0.7343797931123156, "meanPeakCenter": -8.838590924446702, "meanPeakWidth": 0.6810908403432747, "noise": 0.0, "stdPeakCenter": 6.097609256417834, "stdPeakWidth": 4.5661745152354305}, "datetime": {"datetime": "2022-09-22 18:26:33", "elapsed": 5058.979917, "delta": 34.709194}}
{"target": -0.000679494177826626, "params": {"ampDecay": 0.7626732270906101, "extraPeakProb": 0.27658581708805374, "meanPeakCenter": -8.414669588669794, "meanPeakWidth": 8.608687407266304, "noise": 0.0, "stdPeakCenter": 9.580903245428425, "stdPeakWidth": 4.349416453939783}, "datetime": {"datetime": "2022-09-22 18:27:10", "elapsed": 5096.328864, "delta": 37.348947}}
{"target": -0.001986763178014167, "params": {"ampDecay": 0.6221428089256839, "extraPeakProb": 0.5840239324884613, "meanPeakCenter": -8.66748055048337, "meanPeakWidth": 2.233915491870071, "noise": 0.0, "stdPeakCenter": 1.9652725355238876, "stdPeakWidth": 1.5884573593178337}, "datetime": {"datetime": "2022-09-22 18:28:03", "elapsed": 5148.968934, "delta": 52.64007}}
{"target": -0.0007759856763986625, "params": {"ampDecay": 0.33554350393041577, "extraPeakProb": 0.7690562348249212, "meanPeakCenter": -7.2104260343635795, "meanPeakWidth": 4.969791451916944, "noise": 0.0, "stdPeakCenter": 1.8056814410747624, "stdPeakWidth": 0.6748858290362081}, "datetime": {"datetime": "2022-09-22 18:28:26", "elapsed": 5172.652029, "delta": 23.683095}}
{"target": -0.0007686585036310844, "params": {"ampDecay": 0.712533781778911, "extraPeakProb": 0.2211009800679337, "meanPeakCenter": -7.957342131473795, "meanPeakWidth": 2.116277542614995, "noise": 0.0, "stdPeakCenter": 9.019849267349061, "stdPeakWidth": 4.585034471569649}, "datetime": {"datetime": "2022-09-22 18:29:05", "elapsed": 5211.175319, "delta": 38.52329}}
{"target": -0.0006325363371926705, "params": {"ampDecay": 0.40056960009612197, "extraPeakProb": 0.8838618137318283, "meanPeakCenter": -12.828782260628948, "meanPeakWidth": 8.912780713672852, "noise": 0.0, "stdPeakCenter": 8.326295903807333, "stdPeakWidth": 3.09358269023444}, "datetime": {"datetime": "2022-09-22 18:29:31", "elapsed": 5237.189247, "delta": 26.013928}}
{"target": -0.0006848161847684704, "params": {"ampDecay": 0.8098318532576413, "extraPeakProb": 0.16716460597001195, "meanPeakCenter": -14.929332740366457, "meanPeakWidth": 7.799349600930983, "noise": 0.0, "stdPeakCenter": 1.3303610301910584, "stdPeakWidth": 4.045992770559186}, "datetime": {"datetime": "2022-09-22 18:29:57", "elapsed": 5262.993213, "delta": 25.803966}}
{"target": -0.0006318987290676483, "params": {"ampDecay": 0.5912883207569245, "extraPeakProb": 0.1310214876711845, "meanPeakCenter": -10.599444334516257, "meanPeakWidth": 9.607997224331879, "noise": 0.0, "stdPeakCenter": 9.924894170407514, "stdPeakWidth": 3.1981675281172888}, "datetime": {"datetime": "2022-09-22 18:30:21", "elapsed": 5287.160533, "delta": 24.16732}}
{"target": -0.0005858786041514893, "params": {"ampDecay": 0.13273369192445444, "extraPeakProb": 0.8971149150812492, "meanPeakCenter": -8.990619086914956, "meanPeakWidth": 1.8696713496073758, "noise": 0.0, "stdPeakCenter": 5.392378169045563, "stdPeakWidth": 4.820545939249264}, "datetime": {"datetime": "2022-09-22 18:30:59", "elapsed": 5325.302829, "delta": 38.142296}}
{"target": -0.0010341577423727685, "params": {"ampDecay": 0.16510088882678256, "extraPeakProb": 0.678217334365635, "meanPeakCenter": -11.359001099294673, "meanPeakWidth": 2.0855327797003955, "noise": 0.0, "stdPeakCenter": 4.274335650296138, "stdPeakWidth": 3.6935377610448707}, "datetime": {"datetime": "2022-09-22 18:31:41", "elapsed": 5367.24177, "delta": 41.938941}}
{"target": -0.0013870075910544842, "params": {"ampDecay": 0.6837909002272724, "extraPeakProb": 0.7411689361713897, "meanPeakCenter": -10.474718534499525, "meanPeakWidth": 5.220696633595232, "noise": 0.0, "stdPeakCenter": 1.7500872710672999, "stdPeakWidth": 4.175359852582324}, "datetime": {"datetime": "2022-09-22 18:32:08", "elapsed": 5394.514412, "delta": 27.272642}}
{"target": -0.0006736329635403421, "params": {"ampDecay": 0.4872612199514863, "extraPeakProb": 0.6049560985349347, "meanPeakCenter": -14.536729227739013, "meanPeakWidth": 7.514811386949124, "noise": 0.0, "stdPeakCenter": 5.670293218109795, "stdPeakWidth": 3.2198109650310105}, "datetime": {"datetime": "2022-09-22 18:32:32", "elapsed": 5418.676263, "delta": 24.161851}}
{"target": -0.001029406939537713, "params": {"ampDecay": 0.8107496188132338, "extraPeakProb": 0.782642298255722, "meanPeakCenter": -10.998500199790929, "meanPeakWidth": 2.3486307875841925, "noise": 0.0, "stdPeakCenter": 2.8922429769734928, "stdPeakWidth": 2.8568123298821426}, "datetime": {"datetime": "2022-09-22 18:33:07", "elapsed": 5453.034316, "delta": 34.358053}}
{"target": -0.000816964673326594, "params": {"ampDecay": 0.5867414842662996, "extraPeakProb": 0.16176024384053866, "meanPeakCenter": -10.835320661056763, "meanPeakWidth": 4.085816367882361, "noise": 0.0, "stdPeakCenter": 3.2805815017593454, "stdPeakWidth": 2.828889850338354}, "datetime": {"datetime": "2022-09-22 18:33:36", "elapsed": 5482.459254, "delta": 29.424938}}
{"target": -0.0007214992531022418, "params": {"ampDecay": 0.3686453242222074, "extraPeakProb": 0.530330458158658, "meanPeakCenter": -9.600312735676347, "meanPeakWidth": 7.570615310276315, "noise": 0.0, "stdPeakCenter": 5.435850149227099, "stdPeakWidth": 3.5454157144064835}, "datetime": {"datetime": "2022-09-22 18:33:59", "elapsed": 5505.709591, "delta": 23.250337}}
{"target": -0.0008608415136817189, "params": {"ampDecay": 0.25373826416701106, "extraPeakProb": 0.3429718494553353, "meanPeakCenter": -12.869364161894065, "meanPeakWidth": 7.172241329378291, "noise": 0.0, "stdPeakCenter": 1.324943264650189, "stdPeakWidth": 1.8890447657499432}, "datetime": {"datetime": "2022-09-22 18:34:17", "elapsed": 5523.626453, "delta": 17.916862}}
{"target": -0.0008634438514432593, "params": {"ampDecay": 0.3105885436143976, "extraPeakProb": 0.8936147564512473, "meanPeakCenter": -11.747269062306842, "meanPeakWidth": 0.9396017236504906, "noise": 0.0, "stdPeakCenter": 4.55873327626472, "stdPeakWidth": 4.428538741353908}, "datetime": {"datetime": "2022-09-22 18:34:49", "elapsed": 5555.091534, "delta": 31.465081}}
{"target": -0.0005989737561392578, "params": {"ampDecay": 0.6562660383692613, "extraPeakProb": 0.16474086693872597, "meanPeakCenter": -13.696799821862482, "meanPeakWidth": 3.9025843151387694, "noise": 0.0, "stdPeakCenter": 7.151261560676322, "stdPeakWidth": 0.0433395717029994}, "datetime": {"datetime": "2022-09-22 18:35:12", "elapsed": 5578.723822, "delta": 23.632288}}
{"target": -0.0010626815652936548, "params": {"ampDecay": 0.5432544479366671, "extraPeakProb": 0.8277820855552115, "meanPeakCenter": -14.072942796910624, "meanPeakWidth": 0.8351330731075612, "noise": 0.0, "stdPeakCenter": 2.2053809178792916, "stdPeakWidth": 4.223754911591869}, "datetime": {"datetime": "2022-09-22 18:35:44", "elapsed": 5610.25979, "delta": 31.535968}}
{"target": -0.0008177656610251696, "params": {"ampDecay": 0.49427504818550816, "extraPeakProb": 0.3787462831797993, "meanPeakCenter": -11.308939726612802, "meanPeakWidth": 7.817710528314107, "noise": 0.0, "stdPeakCenter": 1.1187083677424026, "stdPeakWidth": 4.0876179706984335}, "datetime": {"datetime": "2022-09-22 18:36:10", "elapsed": 5636.802056, "delta": 26.542266}}
{"target": -0.0008031804932628752, "params": {"ampDecay": 0.8552010139707167, "extraPeakProb": 0.11682045417473885, "meanPeakCenter": -11.290295928772666, "meanPeakWidth": 4.660673161597179, "noise": 0.0, "stdPeakCenter": 2.5266844239941113, "stdPeakWidth": 3.1764563038824427}, "datetime": {"datetime": "2022-09-22 18:36:39", "elapsed": 5665.770528, "delta": 28.968472}}
{"target": -0.0006095645846079288, "params": {"ampDecay": 0.49214164962813833, "extraPeakProb": 0.8653000982885958, "meanPeakCenter": -12.576513619499591, "meanPeakWidth": 4.8378861446085715, "noise": 0.0, "stdPeakCenter": 5.84125911869425, "stdPeakWidth": 1.873416468291858}, "datetime": {"datetime": "2022-09-22 18:37:06", "elapsed": 5692.113435, "delta": 26.342907}}
{"target": -0.0005474344655973488, "params": {"ampDecay": 0.7891219186004336, "extraPeakProb": 0.25532511593617646, "meanPeakCenter": -7.769391684480119, "meanPeakWidth": 3.728950975363652, "noise": 0.0, "stdPeakCenter": 5.56952133089788, "stdPeakWidth": 2.6623705898984174}, "datetime": {"datetime": "2022-09-22 18:37:41", "elapsed": 5727.732974, "delta": 35.619539}}
