{"target": -328.09028344574705, "params": {"ampDecay": 0.4075752727584492, "amp_skew": 6.009522484878335, "extraPeakProb": 0.9267321065228219, "meanPeakWidth": 0.19560883707917603, "stdPeakWidth": 0.0369058705336144, "width_skew": 9.687800263651432}, "datetime": {"datetime": "2022-11-16 21:10:16", "elapsed": 5856.001487, "delta": 54.020785}}
{"target": -350.62015376169967, "params": {"ampDecay": 0.4773169155601996, "amp_skew": 6.039871503386818, "extraPeakProb": 0.9066809657001119, "meanPeakWidth": 0.18142570140322403, "stdPeakWidth": 0.047007306175203815, "width_skew": 9.804013253015581}, "datetime": {"datetime": "2022-11-16 21:11:01", "elapsed": 5901.051625, "delta": 45.050138}}
{"target": -350.0442707214461, "params": {"ampDecay": 0.46673891045681165, "amp_skew": 6.347302945088458, "extraPeakProb": 0.9229013247976872, "meanPeakWidth": 0.20864208715291616, "stdPeakWidth": 0.04757975649475725, "width_skew": 9.874305640842216}, "datetime": {"datetime": "2022-11-16 21:11:44", "elapsed": 5944.269394, "delta": 43.217769}}
{"target": -338.5257210090998, "params": {"ampDecay": 0.4382439764491625, "amp_skew": 6.097790558151905, "extraPeakProb": 0.9214363727839903, "meanPeakWidth": 0.2062834773228169, "stdPeakWidth": 0.033429819524328434, "width_skew": 9.512533211927344}, "datetime": {"datetime": "2022-11-16 21:12:37", "elapsed": 5996.425108, "delta": 52.155714}}
{"target": -347.22210762888074, "params": {"ampDecay": 0.47276003768878677, "amp_skew": 6.1686001510987385, "extraPeakProb": 0.9263339062023697, "meanPeakWidth": 0.19023294874391622, "stdPeakWidth": 0.04018132694297538, "width_skew": 9.665551425414147}, "datetime": {"datetime": "2022-11-16 21:13:21", "elapsed": 6040.854397, "delta": 44.429289}}
{"target": -366.0807301234647, "params": {"ampDecay": 0.4409332720243142, "amp_skew": 6.400090325469675, "extraPeakProb": 0.9293610624469044, "meanPeakWidth": 0.203535604889098, "stdPeakWidth": 0.048882296216027965, "width_skew": 9.04020973777293}, "datetime": {"datetime": "2022-11-16 21:13:56", "elapsed": 6075.858516, "delta": 35.004119}}
{"target": -352.5637465287823, "params": {"ampDecay": 0.404504214682501, "amp_skew": 6.206615897212754, "extraPeakProb": 0.9277874284381337, "meanPeakWidth": 0.19142316177773228, "stdPeakWidth": 0.03373564550332752, "width_skew": 9.094497864886605}, "datetime": {"datetime": "2022-11-16 21:14:47", "elapsed": 6127.325183, "delta": 51.466667}}
{"target": -328.053478188359, "params": {"ampDecay": 0.47112329590644125, "amp_skew": 6.6149149970227565, "extraPeakProb": 0.9144640009370668, "meanPeakWidth": 0.19891772581500197, "stdPeakWidth": 0.03697054163043417, "width_skew": 9.956590885397189}, "datetime": {"datetime": "2022-11-16 21:15:35", "elapsed": 6174.36374, "delta": 47.038557}}
{"target": -340.7619462588472, "params": {"ampDecay": 0.4264936992505437, "amp_skew": 6.459752807180925, "extraPeakProb": 0.9250931019593951, "meanPeakWidth": 0.20151791479824593, "stdPeakWidth": 0.04833114533580209, "width_skew": 9.850282580820874}, "datetime": {"datetime": "2022-11-16 21:16:16", "elapsed": 6215.75294, "delta": 41.3892}}
{"target": -351.9585556889292, "params": {"ampDecay": 0.49568196848896195, "amp_skew": 6.102800544108103, "extraPeakProb": 0.934588254528233, "meanPeakWidth": 0.20630523198068268, "stdPeakWidth": 0.03516043477092099, "width_skew": 9.663969385493179}, "datetime": {"datetime": "2022-11-16 21:16:58", "elapsed": 6258.073117, "delta": 42.320177}}
{"target": -344.910328486741, "params": {"ampDecay": 0.4558155985766884, "amp_skew": 6.789120708796851, "extraPeakProb": 0.9208904637575421, "meanPeakWidth": 0.19620459131737655, "stdPeakWidth": 0.034021266671552836, "width_skew": 9.300431185859196}, "datetime": {"datetime": "2022-11-16 21:17:50", "elapsed": 6309.513346, "delta": 51.440229}}
{"target": -368.77556316112236, "params": {"ampDecay": 0.4815291833487532, "amp_skew": 6.6746565322323645, "extraPeakProb": 0.9300070541208364, "meanPeakWidth": 0.19042962018799234, "stdPeakWidth": 0.05662250262641823, "width_skew": 9.95543949649215}, "datetime": {"datetime": "2022-11-16 21:18:34", "elapsed": 6353.502323, "delta": 43.988977}}
{"target": -359.65570429903727, "params": {"ampDecay": 0.4597246192073771, "amp_skew": 6.422650607847895, "extraPeakProb": 0.9199852622002759, "meanPeakWidth": 0.21272044332755422, "stdPeakWidth": 0.053695679564136456, "width_skew": 9.689897420922414}, "datetime": {"datetime": "2022-11-16 21:19:19", "elapsed": 6399.24246, "delta": 45.740137}}
{"target": -353.380609644148, "params": {"ampDecay": 0.4492288386810637, "amp_skew": 6.854901453089573, "extraPeakProb": 0.9202108177007811, "meanPeakWidth": 0.21397594842292741, "stdPeakWidth": 0.059906788933497754, "width_skew": 9.053604717075556}, "datetime": {"datetime": "2022-11-16 21:20:07", "elapsed": 6447.11178, "delta": 47.86932}}
{"target": -337.8631307710371, "params": {"ampDecay": 0.47403360632751124, "amp_skew": 6.732736959862215, "extraPeakProb": 0.9468906297215298, "meanPeakWidth": 0.18194711826055926, "stdPeakWidth": 0.033890158585224095, "width_skew": 9.673268520941436}, "datetime": {"datetime": "2022-11-16 21:21:01", "elapsed": 6500.606044, "delta": 53.494264}}
{"target": -351.0949983632691, "params": {"ampDecay": 0.4977620761796039, "amp_skew": 6.620641810894767, "extraPeakProb": 0.9176612806746632, "meanPeakWidth": 0.18424073787689554, "stdPeakWidth": 0.032240536666400116, "width_skew": 9.269289667266975}, "datetime": {"datetime": "2022-11-16 21:21:44", "elapsed": 6543.366341, "delta": 42.760297}}
{"target": -357.40165894137004, "params": {"ampDecay": 0.4320876384873961, "amp_skew": 6.669807770913293, "extraPeakProb": 0.9228879228688193, "meanPeakWidth": 0.21927735292459824, "stdPeakWidth": 0.05934712250098431, "width_skew": 9.842283346923862}, "datetime": {"datetime": "2022-11-16 21:22:21", "elapsed": 6580.799689, "delta": 37.433348}}
{"target": -342.71312590804195, "params": {"ampDecay": 0.44511103201933394, "amp_skew": 6.447675469811133, "extraPeakProb": 0.9097097548699544, "meanPeakWidth": 0.20005830999733334, "stdPeakWidth": 0.05228237957003583, "width_skew": 9.783758037076547}, "datetime": {"datetime": "2022-11-16 21:23:23", "elapsed": 6643.107436, "delta": 62.307747}}
{"target": -341.53836811511087, "params": {"ampDecay": 0.46577441607638115, "amp_skew": 6.811457191038245, "extraPeakProb": 0.9459142718543029, "meanPeakWidth": 0.19226263671243224, "stdPeakWidth": 0.03126138664664666, "width_skew": 9.386698429163484}, "datetime": {"datetime": "2022-11-16 21:24:10", "elapsed": 6690.026433, "delta": 46.918997}}
{"target": -367.68524623351027, "params": {"ampDecay": 0.4150424979665283, "amp_skew": 6.510605360752904, "extraPeakProb": 0.9429028662267829, "meanPeakWidth": 0.19462263855323625, "stdPeakWidth": 0.04068111065939668, "width_skew": 9.322071470704476}, "datetime": {"datetime": "2022-11-16 21:24:52", "elapsed": 6731.582899, "delta": 41.556466}}
{"target": -361.5690808646804, "params": {"ampDecay": 0.464565240902743, "amp_skew": 6.866847751385035, "extraPeakProb": 0.905826524294272, "meanPeakWidth": 0.2087090716444676, "stdPeakWidth": 0.049123489239458924, "width_skew": 9.938622332175578}, "datetime": {"datetime": "2022-11-16 21:25:30", "elapsed": 6769.685572, "delta": 38.102673}}
{"target": -361.20729022459244, "params": {"ampDecay": 0.43473076001681255, "amp_skew": 6.313550102901528, "extraPeakProb": 0.909546684752634, "meanPeakWidth": 0.21613565984790353, "stdPeakWidth": 0.03035428708438159, "width_skew": 9.259939314026457}, "datetime": {"datetime": "2022-11-16 21:26:20", "elapsed": 6819.733902, "delta": 50.04833}}
{"target": -352.8897899892921, "params": {"ampDecay": 0.47665421294648114, "amp_skew": 6.933169150099808, "extraPeakProb": 0.9454171972325092, "meanPeakWidth": 0.19746518190231502, "stdPeakWidth": 0.05224338307079335, "width_skew": 9.29477915562492}, "datetime": {"datetime": "2022-11-16 21:27:05", "elapsed": 6864.901576, "delta": 45.167674}}
{"target": -360.23572430199135, "params": {"ampDecay": 0.4449087309353408, "amp_skew": 6.166555674382041, "extraPeakProb": 0.9086627344372495, "meanPeakWidth": 0.18650279314212143, "stdPeakWidth": 0.05374721714872577, "width_skew": 9.671914521023288}, "datetime": {"datetime": "2022-11-16 21:27:43", "elapsed": 6902.501923, "delta": 37.600347}}
{"target": -368.2830319857277, "params": {"ampDecay": 0.43153369903847666, "amp_skew": 6.909803993071254, "extraPeakProb": 0.9212565095212064, "meanPeakWidth": 0.1820291034517511, "stdPeakWidth": 0.039816734285305716, "width_skew": 9.392107988343989}, "datetime": {"datetime": "2022-11-16 21:28:26", "elapsed": 6945.922682, "delta": 43.420759}}
{"target": -344.3017768921537, "params": {"ampDecay": 0.4158741563043485, "amp_skew": 6.2432718295707685, "extraPeakProb": 0.9286609978786027, "meanPeakWidth": 0.20623445917733657, "stdPeakWidth": 0.041358243824851294, "width_skew": 9.572975527622436}, "datetime": {"datetime": "2022-11-16 21:29:09", "elapsed": 6988.717608, "delta": 42.794926}}
{"target": -338.187206854936, "params": {"ampDecay": 0.4780974713811038, "amp_skew": 6.068715749594, "extraPeakProb": 0.9005031841010519, "meanPeakWidth": 0.1996832399748536, "stdPeakWidth": 0.047410375571281235, "width_skew": 9.649952000250279}, "datetime": {"datetime": "2022-11-16 21:29:55", "elapsed": 7034.421, "delta": 45.703392}}
{"target": -367.91932484393385, "params": {"ampDecay": 0.4068785437126974, "amp_skew": 6.956729262693575, "extraPeakProb": 0.9266647912138208, "meanPeakWidth": 0.2157350387057252, "stdPeakWidth": 0.04926516146994451, "width_skew": 9.142747681383174}, "datetime": {"datetime": "2022-11-16 21:30:35", "elapsed": 7075.242673, "delta": 40.821673}}
{"target": -365.04243988349043, "params": {"ampDecay": 0.43310194315736744, "amp_skew": 6.611931235547006, "extraPeakProb": 0.9041091692718003, "meanPeakWidth": 0.2170055639921093, "stdPeakWidth": 0.056891950376928194, "width_skew": 9.088497224897505}, "datetime": {"datetime": "2022-11-16 21:31:12", "elapsed": 7112.208058, "delta": 36.965385}}
{"target": -371.98994797452553, "params": {"ampDecay": 0.4689867311923258, "amp_skew": 6.091106027750746, "extraPeakProb": 0.90031022937346, "meanPeakWidth": 0.2125345686480899, "stdPeakWidth": 0.058349582622400364, "width_skew": 9.899031014366264}, "datetime": {"datetime": "2022-11-16 21:31:53", "elapsed": 7153.264433, "delta": 41.056375}}
{"target": -348.94594057535136, "params": {"ampDecay": 0.47857857223857164, "amp_skew": 6.370774114759356, "extraPeakProb": 0.9488640172167514, "meanPeakWidth": 0.20727631088080167, "stdPeakWidth": 0.030111501621607487, "width_skew": 9.612669866216674}, "datetime": {"datetime": "2022-11-16 21:32:41", "elapsed": 7201.218418, "delta": 47.953985}}
{"target": -354.564995240971, "params": {"ampDecay": 0.4371700927284187, "amp_skew": 6.257756154271899, "extraPeakProb": 0.9462559541283933, "meanPeakWidth": 0.19228811135707335, "stdPeakWidth": 0.03979763360687348, "width_skew": 9.803107313483999}, "datetime": {"datetime": "2022-11-16 21:33:21", "elapsed": 7240.696995, "delta": 39.478577}}
{"target": -363.421064345882, "params": {"ampDecay": 0.4889035765871528, "amp_skew": 6.146965237827894, "extraPeakProb": 0.9492652124689465, "meanPeakWidth": 0.2006278056228133, "stdPeakWidth": 0.04983813677763512, "width_skew": 9.008642844889051}, "datetime": {"datetime": "2022-11-16 21:34:04", "elapsed": 7284.311872, "delta": 43.614877}}
{"target": -364.6594439872825, "params": {"ampDecay": 0.4379592998073616, "amp_skew": 6.5938128253016925, "extraPeakProb": 0.9201701871334405, "meanPeakWidth": 0.1831380529618881, "stdPeakWidth": 0.037708534639556146, "width_skew": 9.84799553780379}, "datetime": {"datetime": "2022-11-16 21:34:59", "elapsed": 7338.404676, "delta": 54.092804}}
{"target": -344.77567992562234, "params": {"ampDecay": 0.4221944874436548, "amp_skew": 6.928001670176036, "extraPeakProb": 0.9124119743973818, "meanPeakWidth": 0.21370631422566497, "stdPeakWidth": 0.031532080399147934, "width_skew": 9.101002599349309}, "datetime": {"datetime": "2022-11-16 21:35:45", "elapsed": 7385.122669, "delta": 46.717993}}
{"target": -356.1907765205181, "params": {"ampDecay": 0.4476767179064494, "amp_skew": 6.630049778620242, "extraPeakProb": 0.9469978189996715, "meanPeakWidth": 0.1899223020601623, "stdPeakWidth": 0.032735058770302694, "width_skew": 9.449733723787274}, "datetime": {"datetime": "2022-11-16 21:36:37", "elapsed": 7437.209941, "delta": 52.087272}}
{"target": -348.34132148274085, "params": {"ampDecay": 0.48226238811619937, "amp_skew": 6.359979942303819, "extraPeakProb": 0.9394216482563776, "meanPeakWidth": 0.21012883305549243, "stdPeakWidth": 0.0403182388458283, "width_skew": 9.687783456748575}, "datetime": {"datetime": "2022-11-16 21:37:25", "elapsed": 7484.702327, "delta": 47.492386}}
{"target": -359.35431141076623, "params": {"ampDecay": 0.48157324333289897, "amp_skew": 6.121644747415478, "extraPeakProb": 0.9314323250265496, "meanPeakWidth": 0.21286610270946482, "stdPeakWidth": 0.05022389655843226, "width_skew": 9.81892680048437}, "datetime": {"datetime": "2022-11-16 21:38:12", "elapsed": 7531.394554, "delta": 46.692227}}
{"target": -346.42952431263893, "params": {"ampDecay": 0.47531950312240356, "amp_skew": 6.6328547642160975, "extraPeakProb": 0.9383238055297434, "meanPeakWidth": 0.21152332148291497, "stdPeakWidth": 0.031766445830067346, "width_skew": 9.026738327459615}, "datetime": {"datetime": "2022-11-16 21:38:53", "elapsed": 7572.766671, "delta": 41.372117}}
{"target": -350.87014874902496, "params": {"ampDecay": 0.4041770086856165, "amp_skew": 6.176001836133628, "extraPeakProb": 0.9095832585284838, "meanPeakWidth": 0.2048592990953641, "stdPeakWidth": 0.04036880244119151, "width_skew": 9.148128226026937}, "datetime": {"datetime": "2022-11-16 21:39:41", "elapsed": 7621.306826, "delta": 48.540155}}
{"target": -352.3304771861451, "params": {"ampDecay": 0.41105428648364595, "amp_skew": 6.6736908231561, "extraPeakProb": 0.9143808158185747, "meanPeakWidth": 0.21529069765019213, "stdPeakWidth": 0.04494138311580956, "width_skew": 9.165061205081782}, "datetime": {"datetime": "2022-11-16 21:40:23", "elapsed": 7662.842276, "delta": 41.53545}}
{"target": -350.31825602688014, "params": {"ampDecay": 0.4828951796963763, "amp_skew": 6.76153739525792, "extraPeakProb": 0.9125572777101958, "meanPeakWidth": 0.18231435848641278, "stdPeakWidth": 0.031153687405352997, "width_skew": 9.855940373312539}, "datetime": {"datetime": "2022-11-16 21:41:16", "elapsed": 7715.512129, "delta": 52.669853}}
{"target": -356.24590804746737, "params": {"ampDecay": 0.45228117086009245, "amp_skew": 6.63785585999797, "extraPeakProb": 0.944963792300993, "meanPeakWidth": 0.2035198479858966, "stdPeakWidth": 0.037516873480536374, "width_skew": 9.787059009724327}, "datetime": {"datetime": "2022-11-16 21:42:11", "elapsed": 7770.355712, "delta": 54.843583}}
{"target": -335.42991440526924, "params": {"ampDecay": 0.4743358548308151, "amp_skew": 6.0383627649839, "extraPeakProb": 0.9330199955156415, "meanPeakWidth": 0.21410385034559745, "stdPeakWidth": 0.038026298285670834, "width_skew": 9.926426793134514}, "datetime": {"datetime": "2022-11-16 21:42:57", "elapsed": 7816.584934, "delta": 46.229222}}
{"target": -357.7803850672567, "params": {"ampDecay": 0.4422590353921624, "amp_skew": 6.094004671824646, "extraPeakProb": 0.919877260135337, "meanPeakWidth": 0.21148911604982898, "stdPeakWidth": 0.03804657094992834, "width_skew": 9.905480709145213}, "datetime": {"datetime": "2022-11-16 21:43:54", "elapsed": 7873.765676, "delta": 57.180742}}
{"target": -347.9705768249714, "params": {"ampDecay": 0.4262082458997309, "amp_skew": 6.741973049261483, "extraPeakProb": 0.9314604324024791, "meanPeakWidth": 0.18772842118649546, "stdPeakWidth": 0.04518475603591085, "width_skew": 9.463744968669987}, "datetime": {"datetime": "2022-11-16 21:44:42", "elapsed": 7921.377908, "delta": 47.612232}}
{"target": -355.2125201827241, "params": {"ampDecay": 0.4316259217636386, "amp_skew": 6.563011597762586, "extraPeakProb": 0.9041967052175376, "meanPeakWidth": 0.18806786954361607, "stdPeakWidth": 0.04791873030651285, "width_skew": 9.89575925571952}, "datetime": {"datetime": "2022-11-16 21:45:39", "elapsed": 7978.889621, "delta": 57.511713}}
{"target": -327.79415928996036, "params": {"ampDecay": 0.4771195143960548, "amp_skew": 6.128158199972951, "extraPeakProb": 0.9260817900751288, "meanPeakWidth": 0.20059400518368908, "stdPeakWidth": 0.03501998814343047, "width_skew": 9.502243582677856}, "datetime": {"datetime": "2022-11-16 21:46:25", "elapsed": 8024.368223, "delta": 45.478602}}
{"target": -349.45597093531677, "params": {"ampDecay": 0.4054619440071356, "amp_skew": 6.135285353334464, "extraPeakProb": 0.9124584717451372, "meanPeakWidth": 0.21613294036038966, "stdPeakWidth": 0.03820886672041768, "width_skew": 9.714537914291778}, "datetime": {"datetime": "2022-11-16 21:47:11", "elapsed": 8071.264024, "delta": 46.895801}}
{"target": -354.7564554902494, "params": {"ampDecay": 0.47171181563602904, "amp_skew": 6.897723180018189, "extraPeakProb": 0.9296078099713431, "meanPeakWidth": 0.20411824960781524, "stdPeakWidth": 0.0523752077571154, "width_skew": 9.46086605156615}, "datetime": {"datetime": "2022-11-16 21:47:59", "elapsed": 8118.861429, "delta": 47.597405}}
{"target": -381.50361104062296, "params": {"ampDecay": 0.4276738411877341, "amp_skew": 6.632243801461928, "extraPeakProb": 0.9097880164886989, "meanPeakWidth": 0.20611234800646677, "stdPeakWidth": 0.04406002123268781, "width_skew": 9.271438421890135}, "datetime": {"datetime": "2022-11-16 21:48:37", "elapsed": 8156.369234, "delta": 37.507805}}
{"target": -348.75545443520434, "params": {"ampDecay": 0.4446005440536481, "amp_skew": 6.857884765188929, "extraPeakProb": 0.9348974126972402, "meanPeakWidth": 0.20063131440917212, "stdPeakWidth": 0.03106428482349483, "width_skew": 9.416806588780007}, "datetime": {"datetime": "2022-11-16 21:49:25", "elapsed": 8205.188559, "delta": 48.819325}}
{"target": -358.2688024263193, "params": {"ampDecay": 0.4836928572949661, "amp_skew": 6.20745961576174, "extraPeakProb": 0.9151938826098585, "meanPeakWidth": 0.1945356407629216, "stdPeakWidth": 0.04715145262077838, "width_skew": 9.874415939969275}, "datetime": {"datetime": "2022-11-16 21:50:18", "elapsed": 8258.096968, "delta": 52.908409}}
{"target": -355.2919230983103, "params": {"ampDecay": 0.4780493852121974, "amp_skew": 6.60496077643717, "extraPeakProb": 0.9161462337612487, "meanPeakWidth": 0.2013288104937982, "stdPeakWidth": 0.052209687776288476, "width_skew": 9.045512289711585}, "datetime": {"datetime": "2022-11-16 21:50:55", "elapsed": 8295.204164, "delta": 37.107196}}
{"target": -356.7410064572126, "params": {"ampDecay": 0.4380460731936991, "amp_skew": 6.36173454656339, "extraPeakProb": 0.9194914768024762, "meanPeakWidth": 0.2056534937793333, "stdPeakWidth": 0.05686337694722644, "width_skew": 9.457526344569061}, "datetime": {"datetime": "2022-11-16 21:51:33", "elapsed": 8333.032082, "delta": 37.827918}}
{"target": -353.1745604885552, "params": {"ampDecay": 0.4066676056337341, "amp_skew": 6.087972734876219, "extraPeakProb": 0.9240757720540479, "meanPeakWidth": 0.18598567610632896, "stdPeakWidth": 0.04967034491019058, "width_skew": 9.019965296904932}, "datetime": {"datetime": "2022-11-16 21:52:19", "elapsed": 8378.498353, "delta": 45.466271}}
{"target": -336.3255051371555, "params": {"ampDecay": 0.43070527347938536, "amp_skew": 6.844368258487436, "extraPeakProb": 0.9436786109760347, "meanPeakWidth": 0.18719822794464755, "stdPeakWidth": 0.033960311951971064, "width_skew": 9.809477204374469}, "datetime": {"datetime": "2022-11-16 21:53:08", "elapsed": 8427.351783, "delta": 48.85343}}
{"target": -341.07381880981865, "params": {"ampDecay": 0.4246856331529159, "amp_skew": 6.858458964373001, "extraPeakProb": 0.9131556422536078, "meanPeakWidth": 0.18262253230576425, "stdPeakWidth": 0.039912166074020476, "width_skew": 9.114938845235104}, "datetime": {"datetime": "2022-11-16 21:53:57", "elapsed": 8476.473181, "delta": 49.121398}}
{"target": -331.32300759222767, "params": {"ampDecay": 0.40811241746807175, "amp_skew": 6.72555285158395, "extraPeakProb": 0.9290577108397677, "meanPeakWidth": 0.18464876586707343, "stdPeakWidth": 0.0342031725684222, "width_skew": 9.655034514970342}, "datetime": {"datetime": "2022-11-16 21:54:47", "elapsed": 8527.282891, "delta": 50.80971}}
{"target": -340.3923191893278, "params": {"ampDecay": 0.4019333468341587, "amp_skew": 6.408844533934878, "extraPeakProb": 0.9030313908506681, "meanPeakWidth": 0.19462336266480884, "stdPeakWidth": 0.034889848173320935, "width_skew": 9.515697708784833}, "datetime": {"datetime": "2022-11-16 21:55:30", "elapsed": 8569.461725, "delta": 42.178834}}
{"target": -343.03815974616083, "params": {"ampDecay": 0.4742743387970907, "amp_skew": 6.269609668653125, "extraPeakProb": 0.9194280318384871, "meanPeakWidth": 0.18711183239252535, "stdPeakWidth": 0.041614715920705994, "width_skew": 9.363822674936612}, "datetime": {"datetime": "2022-11-16 21:56:28", "elapsed": 8628.161648, "delta": 58.699923}}
{"target": -352.2192939322189, "params": {"ampDecay": 0.4936119163146341, "amp_skew": 6.255780837002981, "extraPeakProb": 0.9471991459677562, "meanPeakWidth": 0.20238761589644577, "stdPeakWidth": 0.05286699703724483, "width_skew": 9.57872519274532}, "datetime": {"datetime": "2022-11-16 21:57:10", "elapsed": 8670.018621, "delta": 41.856973}}
{"target": -345.50688578817693, "params": {"ampDecay": 0.4388209847792606, "amp_skew": 6.573641968674511, "extraPeakProb": 0.9089693720487928, "meanPeakWidth": 0.19784027912389002, "stdPeakWidth": 0.04538646126662596, "width_skew": 9.012938214746198}, "datetime": {"datetime": "2022-11-16 21:58:00", "elapsed": 8720.036483, "delta": 50.017862}}
