{"target": -282.87342111605017, "params": {"alpha": 0.2748801615661323, "batch_size": 37.001515595200914, "drop": 0.12580985050704757, "layerPct": 0.510371509343663, "neuronPct": 0.5175523600880354, "neuronShrink": 0.6153948827854212}, "datetime": {"datetime": "2022-11-22 18:04:42", "elapsed": 4406.581713, "delta": 32.328688}}
{"target": -337.3149219089587, "params": {"alpha": 0.22375182266935728, "batch_size": 62.57746831523144, "drop": 0.3218686022787589, "layerPct": 0.5344823925917205, "neuronPct": 0.4303901302315091, "neuronShrink": 0.33062623266764535}, "datetime": {"datetime": "2022-11-22 18:05:26", "elapsed": 4450.212292, "delta": 43.630579}}
{"target": -398.7868902890739, "params": {"alpha": 0.3302468546488875, "batch_size": 33.6580239462055, "drop": 0.15663008088321106, "layerPct": 0.3646688121443351, "neuronPct": 0.7828777738017147, "neuronShrink": 0.6916118088702308}, "datetime": {"datetime": "2022-11-22 18:05:44", "elapsed": 4468.302853, "delta": 18.090561}}
{"target": -271.0287718226454, "params": {"alpha": 0.3409366052490329, "batch_size": 37.23232965079855, "drop": 0.23745222208095595, "layerPct": 0.4561945556492716, "neuronPct": 0.5358145297808501, "neuronShrink": 0.4412406600681615}, "datetime": {"datetime": "2022-11-22 18:06:26", "elapsed": 4510.567845, "delta": 42.264992}}
{"target": -311.2829306230099, "params": {"alpha": 0.1287566118104261, "batch_size": 33.5553018772453, "drop": 0.12029188391333565, "layerPct": 0.4092192225639817, "neuronPct": 0.40166107264516815, "neuronShrink": 0.9151916384062381}, "datetime": {"datetime": "2022-11-22 18:06:49", "elapsed": 4533.228565, "delta": 22.66072}}
{"target": -336.1730746217633, "params": {"alpha": 0.36019494610469194, "batch_size": 56.201631188974005, "drop": 0.13470381348831922, "layerPct": 0.8535903799680316, "neuronPct": 0.7641406969212179, "neuronShrink": 0.66441688133115}, "datetime": {"datetime": "2022-11-22 18:07:19", "elapsed": 4563.298591, "delta": 30.070026}}
{"target": -317.4029608730472, "params": {"alpha": 0.20872807365575385, "batch_size": 75.0917351126788, "drop": 0.15597917256523075, "layerPct": 0.4447682298925895, "neuronPct": 0.8298715630076563, "neuronShrink": 0.25758309490620085}, "datetime": {"datetime": "2022-11-22 18:08:09", "elapsed": 4613.318247, "delta": 50.019656}}
{"target": -298.69641958841356, "params": {"alpha": 0.3687092862213497, "batch_size": 37.12795902274491, "drop": 0.11081545730963815, "layerPct": 0.4937555920694192, "neuronPct": 0.5955694978480977, "neuronShrink": 0.4344830842936115}, "datetime": {"datetime": "2022-11-22 18:08:45", "elapsed": 4649.310086, "delta": 35.991839}}
{"target": -366.9903382486435, "params": {"alpha": 0.15520547619161792, "batch_size": 37.20870156248711, "drop": 0.28866302714557524, "layerPct": 0.5851419988069022, "neuronPct": 0.6134587628726783, "neuronShrink": 0.5975337733499103}, "datetime": {"datetime": "2022-11-22 18:09:22", "elapsed": 4686.410769, "delta": 37.100683}}
{"target": -324.6422977686291, "params": {"alpha": 0.12782454676856542, "batch_size": 67.85397877645109, "drop": 0.1360373673247416, "layerPct": 0.8158633107020137, "neuronPct": 0.2517150521848214, "neuronShrink": 0.38121216318112106}, "datetime": {"datetime": "2022-11-22 18:10:41", "elapsed": 4765.334513, "delta": 78.923744}}
{"target": -403.2932515263906, "params": {"alpha": 0.17831647505501752, "batch_size": 27.2461829508197, "drop": 0.31554087750635085, "layerPct": 0.39817934606207106, "neuronPct": 0.9377049744801369, "neuronShrink": 0.4362793845705386}, "datetime": {"datetime": "2022-11-22 18:11:06", "elapsed": 4790.708699, "delta": 25.374186}}
{"target": -282.7972855114943, "params": {"alpha": 0.19018582454057464, "batch_size": 37.34019484159988, "drop": 0.17924207253589008, "layerPct": 0.32319199865621756, "neuronPct": 0.6527602218581773, "neuronShrink": 0.2828132306356992}, "datetime": {"datetime": "2022-11-22 18:11:46", "elapsed": 4830.052046, "delta": 39.343347}}
{"target": -543.8452701355885, "params": {"alpha": 0.3279907758084953, "batch_size": 94.01204709216734, "drop": 0.24313265440070447, "layerPct": 0.7933102691076955, "neuronPct": 0.4711723839640465, "neuronShrink": 0.883761965532279}, "datetime": {"datetime": "2022-11-22 18:12:09", "elapsed": 4853.21359, "delta": 23.161544}}
{"target": -418.8751261140655, "params": {"alpha": 0.31069633763677207, "batch_size": 67.73851455794833, "drop": 0.20553958066480393, "layerPct": 0.46803937153461866, "neuronPct": 0.8591320245278746, "neuronShrink": 0.7214512849960975}, "datetime": {"datetime": "2022-11-22 18:12:32", "elapsed": 4876.856655, "delta": 23.643065}}
{"target": -415.23614929664893, "params": {"alpha": 0.2950897169839327, "batch_size": 46.595031347852554, "drop": 0.1750857708546537, "layerPct": 0.713107350980829, "neuronPct": 0.5415568093236869, "neuronShrink": 0.8402387900691694}, "datetime": {"datetime": "2022-11-22 18:13:00", "elapsed": 4904.609299, "delta": 27.752644}}
{"target": -497.28949084786524, "params": {"alpha": 0.3972570199244302, "batch_size": 93.12106017775062, "drop": 0.19486584283193345, "layerPct": 0.6726720114893877, "neuronPct": 0.4335418342882048, "neuronShrink": 0.7203130330315691}, "datetime": {"datetime": "2022-11-22 18:13:28", "elapsed": 4932.226823, "delta": 27.617524}}
{"target": -355.23599314161225, "params": {"alpha": 0.2852225879346755, "batch_size": 35.333542321908425, "drop": 0.22029276033066986, "layerPct": 0.8176363658630227, "neuronPct": 0.5994295999983577, "neuronShrink": 0.627005971606341}, "datetime": {"datetime": "2022-11-22 18:14:14", "elapsed": 4978.841986, "delta": 46.615163}}
{"target": -227.3419372867179, "params": {"alpha": 0.22996769357560512, "batch_size": 36.967487282847586, "drop": 0.12404132994843817, "layerPct": 0.261247382370865, "neuronPct": 0.6116820126654371, "neuronShrink": 0.7547616892965918}, "datetime": {"datetime": "2022-11-22 18:14:53", "elapsed": 5017.301749, "delta": 38.459763}}
{"target": -220.82410073569034, "params": {"alpha": 0.39471138143707885, "batch_size": 36.986189720942946, "drop": 0.12612169202829326, "layerPct": 0.3105941053891068, "neuronPct": 0.6305813473342687, "neuronShrink": 0.650491328510469}, "datetime": {"datetime": "2022-11-22 18:15:40", "elapsed": 5064.108479, "delta": 46.80673}}
{"target": -254.59027889621257, "params": {"alpha": 0.3462521107918841, "batch_size": 36.861660772700944, "drop": 0.1126257071188313, "layerPct": 0.2888347342496851, "neuronPct": 0.4610352291504054, "neuronShrink": 0.9083869131854811}, "datetime": {"datetime": "2022-11-22 18:16:26", "elapsed": 5110.073123, "delta": 45.964644}}
{"target": -431.70620704060667, "params": {"alpha": 0.15104223060262867, "batch_size": 97.39677854890309, "drop": 0.28301179007553884, "layerPct": 0.39065568815652174, "neuronPct": 0.8751163750066078, "neuronShrink": 0.9048485390668879}, "datetime": {"datetime": "2022-11-22 18:16:43", "elapsed": 5127.309988, "delta": 17.236865}}
{"target": -274.40099580874977, "params": {"alpha": 0.10530814405618202, "batch_size": 59.505635262322244, "drop": 0.17189442444405087, "layerPct": 0.3371879910354754, "neuronPct": 0.5903458909339523, "neuronShrink": 0.9412193275178611}, "datetime": {"datetime": "2022-11-22 18:17:10", "elapsed": 5154.554547, "delta": 27.244559}}
{"target": -316.2534492711056, "params": {"alpha": 0.30710702073025165, "batch_size": 37.12870060726203, "drop": 0.11394268813779322, "layerPct": 0.42791126371395427, "neuronPct": 0.35863824907256103, "neuronShrink": 0.6835908888258172}, "datetime": {"datetime": "2022-11-22 18:17:55", "elapsed": 5199.362473, "delta": 44.807926}}
{"target": -256.33946540673736, "params": {"alpha": 0.17424486407281634, "batch_size": 37.11154551710458, "drop": 0.09532658263073158, "layerPct": 0.29742272126224023, "neuronPct": 0.6023474152188861, "neuronShrink": 0.5184572217287514}, "datetime": {"datetime": "2022-11-22 18:18:35", "elapsed": 5239.639161, "delta": 40.276688}}
{"target": -351.53930983674854, "params": {"alpha": 0.17086933252510567, "batch_size": 86.79406794737781, "drop": 0.19015869586494782, "layerPct": 0.8438177963962796, "neuronPct": 0.7014077755690424, "neuronShrink": 0.3745925111547142}, "datetime": {"datetime": "2022-11-22 18:19:14", "elapsed": 5278.587045, "delta": 38.947884}}
{"target": -378.01729295023443, "params": {"alpha": 0.31428458487943134, "batch_size": 37.16152551905518, "drop": 0.28412462580554343, "layerPct": 0.2583900119735986, "neuronPct": 0.6066327602764487, "neuronShrink": 0.6904130327376314}, "datetime": {"datetime": "2022-11-22 18:19:51", "elapsed": 5315.390658, "delta": 36.803613}}
{"target": -412.6325549172773, "params": {"alpha": 0.16656634748391208, "batch_size": 37.426245766117646, "drop": 0.16975448261379184, "layerPct": 0.48676674482914, "neuronPct": 0.3853725885694427, "neuronShrink": 0.348120839071261}, "datetime": {"datetime": "2022-11-22 18:20:24", "elapsed": 5348.606833, "delta": 33.216175}}
{"target": -390.08164151360904, "params": {"alpha": 0.376509710170019, "batch_size": 83.51829663974087, "drop": 0.29193432115919477, "layerPct": 0.5995551110729312, "neuronPct": 0.42704421372959583, "neuronShrink": 0.47096508576825835}, "datetime": {"datetime": "2022-11-22 18:21:14", "elapsed": 5398.282411, "delta": 49.675578}}
{"target": -410.6266207893206, "params": {"alpha": 0.1010715747112693, "batch_size": 33.549137144191654, "drop": 0.3656705164788114, "layerPct": 0.6941597894223184, "neuronPct": 0.3189990658697187, "neuronShrink": 0.46327021103945254}, "datetime": {"datetime": "2022-11-22 18:21:52", "elapsed": 5436.683929, "delta": 38.401518}}
{"target": -264.2831373860379, "params": {"alpha": 0.2813441930596552, "batch_size": 36.78658096366337, "drop": 0.09532658263073158, "layerPct": 0.25, "neuronPct": 0.4744996230379132, "neuronShrink": 0.5889613971149517}, "datetime": {"datetime": "2022-11-22 18:22:40", "elapsed": 5484.565251, "delta": 47.881322}}
{"target": -407.5375593968446, "params": {"alpha": 0.16231758300122193, "batch_size": 36.6464058548345, "drop": 0.18060555225398903, "layerPct": 0.4478536249147016, "neuronPct": 0.6320526486847798, "neuronShrink": 0.6632755142862389}, "datetime": {"datetime": "2022-11-22 18:23:10", "elapsed": 5514.73987, "delta": 30.174619}}
{"target": -619.1146984207093, "params": {"alpha": 0.3564930314268763, "batch_size": 26.246357142398676, "drop": 0.2776753191151656, "layerPct": 0.7961568116072103, "neuronPct": 0.7555092306474465, "neuronShrink": 0.7358461882045219}, "datetime": {"datetime": "2022-11-22 18:23:42", "elapsed": 5546.401735, "delta": 31.661865}}
{"target": -289.5254336675437, "params": {"alpha": 0.4, "batch_size": 62.171113119274885, "drop": 0.13044094055869687, "layerPct": 0.4024644218721685, "neuronPct": 0.600744027141639, "neuronShrink": 0.9632402490661345}, "datetime": {"datetime": "2022-11-22 18:24:16", "elapsed": 5580.436753, "delta": 34.035018}}
{"target": -413.3892598237002, "params": {"alpha": 0.3987329050157886, "batch_size": 36.9003293076094, "drop": 0.24075907076520353, "layerPct": 0.2548396489276936, "neuronPct": 0.43947164328973376, "neuronShrink": 0.38719260672591616}, "datetime": {"datetime": "2022-11-22 18:24:54", "elapsed": 5618.604783, "delta": 38.16803}}
{"target": -310.1686247618706, "params": {"alpha": 0.3467633282070585, "batch_size": 39.26531696823514, "drop": 0.17277675715786725, "layerPct": 0.6984166545787475, "neuronPct": 0.518680623031322, "neuronShrink": 0.3834225887712236}, "datetime": {"datetime": "2022-11-22 18:25:27", "elapsed": 5651.349864, "delta": 32.745081}}
{"target": -434.0374585282384, "params": {"alpha": 0.19425422980688606, "batch_size": 62.09101647730374, "drop": 0.30032030484091726, "layerPct": 0.468680837526249, "neuronPct": 0.39502724517195936, "neuronShrink": 0.30484492210072656}, "datetime": {"datetime": "2022-11-22 18:26:05", "elapsed": 5689.14325, "delta": 37.793386}}
{"target": -338.4455383536213, "params": {"alpha": 0.11284524088129731, "batch_size": 61.17695587271449, "drop": 0.1483884000161231, "layerPct": 0.9924491039895142, "neuronPct": 1.0, "neuronShrink": 1.0}, "datetime": {"datetime": "2022-11-22 18:26:22", "elapsed": 5706.567418, "delta": 17.424168}}
{"target": -405.9941823918545, "params": {"alpha": 0.29002233945285194, "batch_size": 34.88546945798788, "drop": 0.18973398140812983, "layerPct": 0.9006237468225857, "neuronPct": 0.5337890661387242, "neuronShrink": 0.6126308912312027}, "datetime": {"datetime": "2022-11-22 18:26:58", "elapsed": 5742.909553, "delta": 36.342135}}
{"target": -564.7506409317554, "params": {"alpha": 0.31871051389189, "batch_size": 53.047050071006126, "drop": 0.34881562265930427, "layerPct": 0.5116196432502497, "neuronPct": 0.7941002324745399, "neuronShrink": 0.7311009421541245}, "datetime": {"datetime": "2022-11-22 18:27:36", "elapsed": 5780.370913, "delta": 37.46136}}
{"target": -443.80406343047446, "params": {"alpha": 0.35503111391822373, "batch_size": 76.85665593682637, "drop": 0.14670443219367493, "layerPct": 0.41008085667177624, "neuronPct": 0.7989766583537329, "neuronShrink": 0.623647089014033}, "datetime": {"datetime": "2022-11-22 18:28:03", "elapsed": 5807.294022, "delta": 26.923109}}
{"target": -308.0953998278665, "params": {"alpha": 0.4, "batch_size": 34.959523316448426, "drop": 0.09532658263073158, "layerPct": 0.8248678059669369, "neuronPct": 0.25, "neuronShrink": 0.25}, "datetime": {"datetime": "2022-11-22 18:28:48", "elapsed": 5853.007673, "delta": 45.713651}}
{"target": -393.5490412230946, "params": {"alpha": 0.17365322379209924, "batch_size": 70.14975116624268, "drop": 0.3128004365323797, "layerPct": 0.4573124747193442, "neuronPct": 0.9529935296671401, "neuronShrink": 0.35641342807207504}, "datetime": {"datetime": "2022-11-22 18:29:35", "elapsed": 5899.08211, "delta": 46.074437}}
{"target": -481.0104572330878, "params": {"alpha": 0.35421503705268176, "batch_size": 27.824162707620484, "drop": 0.37426542479828523, "layerPct": 0.5309941605281181, "neuronPct": 0.3469215490261899, "neuronShrink": 0.5495303002130175}, "datetime": {"datetime": "2022-11-22 18:30:11", "elapsed": 5935.55948, "delta": 36.47737}}
{"target": -410.31340465129773, "params": {"alpha": 0.1384197824099379, "batch_size": 42.282524473699205, "drop": 0.3011702985406536, "layerPct": 0.8558935392506599, "neuronPct": 0.7979776092187253, "neuronShrink": 0.9100070248128548}, "datetime": {"datetime": "2022-11-22 18:30:34", "elapsed": 5958.280036, "delta": 22.720556}}
{"target": -245.99046902273062, "params": {"alpha": 0.2555030166058837, "batch_size": 74.73152663308196, "drop": 0.12807519400318434, "layerPct": 0.40096167046293163, "neuronPct": 0.9554913595748769, "neuronShrink": 0.25}, "datetime": {"datetime": "2022-11-22 18:31:17", "elapsed": 6001.086828, "delta": 42.806792}}
{"target": -582.4433244007269, "params": {"alpha": 0.24344914500323436, "batch_size": 28.333381388592603, "drop": 0.3491401543338916, "layerPct": 0.9224193177953102, "neuronPct": 0.990821649913085, "neuronShrink": 0.6140981775776369}, "datetime": {"datetime": "2022-11-22 18:31:43", "elapsed": 6027.70983, "delta": 26.623002}}
{"target": -574.1171868322131, "params": {"alpha": 0.31158789805186127, "batch_size": 59.38932564828378, "drop": 0.35270622437856125, "layerPct": 0.3737558229398753, "neuronPct": 0.41376104198053765, "neuronShrink": 0.9213660387249969}, "datetime": {"datetime": "2022-11-22 18:32:12", "elapsed": 6056.876324, "delta": 29.166494}}
{"target": -293.1634450647833, "params": {"alpha": 0.14343119184464415, "batch_size": 74.59502876930797, "drop": 0.145143826654909, "layerPct": 0.25739934162687605, "neuronPct": 0.9524850949943283, "neuronShrink": 0.3813482476583545}, "datetime": {"datetime": "2022-11-22 18:32:53", "elapsed": 6097.941547, "delta": 41.065223}}
{"target": -331.9605355847583, "params": {"alpha": 0.10954498331818009, "batch_size": 85.56261091090727, "drop": 0.13805761968684205, "layerPct": 0.6782555310499904, "neuronPct": 0.7323182323058278, "neuronShrink": 0.8328953244964732}, "datetime": {"datetime": "2022-11-22 18:33:17", "elapsed": 6121.276782, "delta": 23.335235}}
{"target": -695.623684713681, "params": {"alpha": 0.15832326509119274, "batch_size": 95.6157008336986, "drop": 0.3525614250160077, "layerPct": 0.533407994355868, "neuronPct": 0.47654212993031025, "neuronShrink": 0.7299751558739734}, "datetime": {"datetime": "2022-11-22 18:33:33", "elapsed": 6137.462105, "delta": 16.185323}}
{"target": -243.1909419584404, "params": {"alpha": 0.31553682496142077, "batch_size": 33.513885538129024, "drop": 0.19541570279865983, "layerPct": 0.3324357169166179, "neuronPct": 0.9918411172177736, "neuronShrink": 0.534044795273972}, "datetime": {"datetime": "2022-11-22 18:33:59", "elapsed": 6163.692545, "delta": 26.23044}}
{"target": -161.31750228051808, "params": {"alpha": 0.2880617386561921, "batch_size": 43.61940071973814, "drop": 0.11198615225447803, "layerPct": 0.31583589351389474, "neuronPct": 0.7365395200599635, "neuronShrink": 0.8812429629633988}, "datetime": {"datetime": "2022-11-22 18:34:40", "elapsed": 6204.821491, "delta": 41.128946}}
{"target": -233.06516827834056, "params": {"alpha": 0.33853193290377276, "batch_size": 43.47356305569993, "drop": 0.09532658263073158, "layerPct": 0.25, "neuronPct": 0.6743423980658567, "neuronShrink": 1.0}, "datetime": {"datetime": "2022-11-22 18:35:06", "elapsed": 6230.210281, "delta": 25.38879}}
{"target": -364.2164789811161, "params": {"alpha": 0.1253854514315064, "batch_size": 27.010685612236838, "drop": 0.26337545953251806, "layerPct": 0.8338156679626052, "neuronPct": 0.8994109235300467, "neuronShrink": 0.9163528453673031}, "datetime": {"datetime": "2022-11-22 18:35:24", "elapsed": 6248.20785, "delta": 17.997569}}
{"target": -349.3393541431659, "params": {"alpha": 0.2697122127224617, "batch_size": 43.643916231608614, "drop": 0.29230069253982977, "layerPct": 0.35354330823446367, "neuronPct": 0.8875535284580157, "neuronShrink": 0.9542102098962665}, "datetime": {"datetime": "2022-11-22 18:35:59", "elapsed": 6283.177089, "delta": 34.969239}}
{"target": -221.9814546081117, "params": {"alpha": 0.21278045748299584, "batch_size": 43.61107430100394, "drop": 0.1311740691539907, "layerPct": 0.49675385917721276, "neuronPct": 0.6326854184912338, "neuronShrink": 0.9721975044882736}, "datetime": {"datetime": "2022-11-22 18:36:28", "elapsed": 6312.14661, "delta": 28.969521}}
{"target": -242.11870266052034, "params": {"alpha": 0.2822164363864752, "batch_size": 43.61569141702555, "drop": 0.09532658263073158, "layerPct": 0.30983437768051153, "neuronPct": 0.5285021593273775, "neuronShrink": 0.802527119193036}, "datetime": {"datetime": "2022-11-22 18:37:09", "elapsed": 6353.384444, "delta": 41.237834}}
{"target": -284.85813990232975, "params": {"alpha": 0.1657539043448789, "batch_size": 43.3390574372451, "drop": 0.1306711714648296, "layerPct": 0.48000315496894524, "neuronPct": 0.6271287130312817, "neuronShrink": 0.8350381298763774}, "datetime": {"datetime": "2022-11-22 18:37:37", "elapsed": 6381.23145, "delta": 27.847006}}
{"target": -367.49189394287043, "params": {"alpha": 0.3610775879780266, "batch_size": 43.66689768953622, "drop": 0.1941556844627473, "layerPct": 0.4796990296336369, "neuronPct": 0.6990470073926579, "neuronShrink": 0.6520931396526187}, "datetime": {"datetime": "2022-11-22 18:38:10", "elapsed": 6414.178641, "delta": 32.947191}}
{"target": -313.0392938932747, "params": {"alpha": 0.24622067078582646, "batch_size": 81.06661880647312, "drop": 0.2601831205483573, "layerPct": 0.45777128322190064, "neuronPct": 0.39606335801235293, "neuronShrink": 0.4823238706382916}, "datetime": {"datetime": "2022-11-22 18:39:01", "elapsed": 6465.649333, "delta": 51.470692}}
{"target": -242.6278021805718, "params": {"alpha": 0.11469538623414878, "batch_size": 58.87029949164131, "drop": 0.12242691113785406, "layerPct": 0.2989963159890543, "neuronPct": 0.9317591066690669, "neuronShrink": 0.8822468578924734}, "datetime": {"datetime": "2022-11-22 18:39:27", "elapsed": 6491.196589, "delta": 25.547256}}
{"target": -218.20307041942579, "params": {"alpha": 0.2534676976268664, "batch_size": 42.32666009531049, "drop": 0.11217119444042681, "layerPct": 0.7516446976757442, "neuronPct": 0.43423165505629824, "neuronShrink": 0.6122587550813074}, "datetime": {"datetime": "2022-11-22 18:40:17", "elapsed": 6541.931555, "delta": 50.734966}}
{"target": -311.3149848735832, "params": {"alpha": 0.10764113986636886, "batch_size": 42.42689888505861, "drop": 0.12210107015912261, "layerPct": 0.7057974553540136, "neuronPct": 0.5221426739385856, "neuronShrink": 0.548464046383067}, "datetime": {"datetime": "2022-11-22 18:40:54", "elapsed": 6578.667046, "delta": 36.735491}}
{"target": -381.537159927426, "params": {"alpha": 0.1927346382404353, "batch_size": 49.00481564057915, "drop": 0.09561326785851532, "layerPct": 0.43976295761525597, "neuronPct": 0.6891763615407795, "neuronShrink": 0.9740640447730202}, "datetime": {"datetime": "2022-11-22 18:41:12", "elapsed": 6596.589194, "delta": 17.922148}}
{"target": -217.89596431504833, "params": {"alpha": 0.1, "batch_size": 59.18043239737113, "drop": 0.09532658263073158, "layerPct": 0.30181646961092545, "neuronPct": 0.8523019949757386, "neuronShrink": 0.9132772962314301}, "datetime": {"datetime": "2022-11-22 18:41:46", "elapsed": 6630.837644, "delta": 34.24845}}
{"target": -612.6026962884147, "params": {"alpha": 0.31918483672033393, "batch_size": 49.23481171479433, "drop": 0.323314213866961, "layerPct": 0.4659011326126592, "neuronPct": 0.7484158130008174, "neuronShrink": 0.7165900162261661}, "datetime": {"datetime": "2022-11-22 18:42:17", "elapsed": 6661.042434, "delta": 30.20479}}
