{"target": -540.6458349714568, "params": {"alpha": 0.23201572032415008, "batch_size": 79.0691822956436, "drop": 0.19350738315538593, "layerPct": 0.8450571111226722, "neuronPct": 0.25714395827237113, "neuronShrink": 0.9619333135155269}, "datetime": {"datetime": "2022-11-22 17:23:35", "elapsed": 1939.23127, "delta": 30.632466}}
{"target": -254.80534224118074, "params": {"alpha": 0.32478485876437024, "batch_size": 61.34663571398717, "drop": 0.19269148812889603, "layerPct": 0.9050671604347544, "neuronPct": 0.6780858938739401, "neuronShrink": 0.5121590552798514}, "datetime": {"datetime": "2022-11-22 17:24:23", "elapsed": 1987.460173, "delta": 48.228903}}
{"target": -407.8530622092904, "params": {"alpha": 0.3760398279205893, "batch_size": 89.33254311080688, "drop": 0.31964846681836234, "layerPct": 0.255083188400989, "neuronPct": 0.977434290989714, "neuronShrink": 0.6433865735545439}, "datetime": {"datetime": "2022-11-22 17:24:52", "elapsed": 2016.965641, "delta": 29.505468}}
{"target": -777.4012675522539, "params": {"alpha": 0.11433134968534418, "batch_size": 95.82218997437961, "drop": 0.3448938630998647, "layerPct": 0.313115929654579, "neuronPct": 0.3483985748949814, "neuronShrink": 0.6406470487352165}, "datetime": {"datetime": "2022-11-22 17:25:06", "elapsed": 2030.741659, "delta": 13.776018}}
{"target": -354.86138714649695, "params": {"alpha": 0.25982101125328305, "batch_size": 40.23858204260485, "drop": 0.2235244864380599, "layerPct": 0.40332221372171406, "neuronPct": 0.38467575579546964, "neuronShrink": 0.35670325138889636}, "datetime": {"datetime": "2022-11-22 17:25:49", "elapsed": 2073.721609, "delta": 42.97995}}
{"target": -437.2694115701897, "params": {"alpha": 0.2362858306498166, "batch_size": 63.6961924581202, "drop": 0.25257755383095215, "layerPct": 0.32674274984866847, "neuronPct": 0.5295213120915969, "neuronShrink": 0.9652437069775202}, "datetime": {"datetime": "2022-11-22 17:26:17", "elapsed": 2101.989266, "delta": 28.267657}}
{"target": -356.42974726531946, "params": {"alpha": 0.12865400631785812, "batch_size": 52.125674658134315, "drop": 0.13405606918589005, "layerPct": 0.3014429037861869, "neuronPct": 0.9407780814440798, "neuronShrink": 0.331646226718001}, "datetime": {"datetime": "2022-11-22 17:26:56", "elapsed": 2140.61119, "delta": 38.621924}}
{"target": -291.18763709283627, "params": {"alpha": 0.375564077644725, "batch_size": 39.17242432111222, "drop": 0.10889112787145828, "layerPct": 0.7074968003566482, "neuronPct": 0.38607883312792024, "neuronShrink": 0.48508578300555605}, "datetime": {"datetime": "2022-11-22 17:27:33", "elapsed": 2177.14588, "delta": 36.53469}}
{"target": -300.9655505715055, "params": {"alpha": 0.13686073639060303, "batch_size": 93.58016052664622, "drop": 0.3632196571621294, "layerPct": 0.7590592119385278, "neuronPct": 0.342345081092508, "neuronShrink": 0.250710053646754}, "datetime": {"datetime": "2022-11-22 17:28:05", "elapsed": 2209.558101, "delta": 32.412221}}
{"target": -379.6735924894732, "params": {"alpha": 0.2073460486990447, "batch_size": 52.46146188144272, "drop": 0.27190010917221635, "layerPct": 0.7966157104429659, "neuronPct": 0.9560176313465347, "neuronShrink": 0.9773026424151101}, "datetime": {"datetime": "2022-11-22 17:28:20", "elapsed": 2224.354728, "delta": 14.796627}}
{"target": -654.2307726173938, "params": {"alpha": 0.10482811819954257, "batch_size": 99.136098122521, "drop": 0.23641867169335629, "layerPct": 0.3448004899711027, "neuronPct": 0.3429353742244191, "neuronShrink": 0.5195018956729286}, "datetime": {"datetime": "2022-11-22 17:28:40", "elapsed": 2244.671231, "delta": 20.316503}}
{"target": -737.7976326836699, "params": {"alpha": 0.39916821911699596, "batch_size": 76.25981271702685, "drop": 0.31147259808039945, "layerPct": 0.6702030970179188, "neuronPct": 0.5078728964594817, "neuronShrink": 0.7559511287990995}, "datetime": {"datetime": "2022-11-22 17:29:04", "elapsed": 2268.310676, "delta": 23.639445}}
{"target": -482.75808080997547, "params": {"alpha": 0.19134914139684947, "batch_size": 88.17818491823529, "drop": 0.2743106363402137, "layerPct": 0.3054245848575911, "neuronPct": 0.7788340876619969, "neuronShrink": 0.4326122380986608}, "datetime": {"datetime": "2022-11-22 17:29:39", "elapsed": 2303.572322, "delta": 35.261646}}
{"target": -375.1175479120452, "params": {"alpha": 0.22920423225055825, "batch_size": 48.8138770289208, "drop": 0.252712036998802, "layerPct": 0.48216527653458124, "neuronPct": 0.3211343025498241, "neuronShrink": 0.48316456545127195}, "datetime": {"datetime": "2022-11-22 17:30:20", "elapsed": 2344.820845, "delta": 41.248523}}
{"target": -442.2225085974016, "params": {"alpha": 0.20643090627311142, "batch_size": 75.35684331616508, "drop": 0.1982240875804032, "layerPct": 0.6183906017348931, "neuronPct": 0.7511965727952465, "neuronShrink": 0.8371310760164503}, "datetime": {"datetime": "2022-11-22 17:30:42", "elapsed": 2366.31779, "delta": 21.496945}}
{"target": -308.45149223318106, "params": {"alpha": 0.17182398031323032, "batch_size": 40.189085385389944, "drop": 0.34783689916034266, "layerPct": 0.9940983194405414, "neuronPct": 0.43182342544917696, "neuronShrink": 0.3355962664083972}, "datetime": {"datetime": "2022-11-22 17:31:34", "elapsed": 2418.44526, "delta": 52.12747}}
{"target": -300.34426166842735, "params": {"alpha": 0.19817189224192217, "batch_size": 37.05466050277977, "drop": 0.14872207047578798, "layerPct": 0.4775583121882606, "neuronPct": 0.5493516903202147, "neuronShrink": 0.8886435513363007}, "datetime": {"datetime": "2022-11-22 17:31:56", "elapsed": 2440.55772, "delta": 22.11246}}
{"target": -250.93241080097297, "params": {"alpha": 0.3498023221144312, "batch_size": 76.67501994393135, "drop": 0.1621184869138737, "layerPct": 0.29272820183562376, "neuronPct": 0.7181874825309613, "neuronShrink": 0.7238098246324091}, "datetime": {"datetime": "2022-11-22 17:32:53", "elapsed": 2497.585165, "delta": 57.027445}}
{"target": -273.3722624068409, "params": {"alpha": 0.1696742036050945, "batch_size": 76.46428591167535, "drop": 0.11449093761921755, "layerPct": 0.7216552035080145, "neuronPct": 0.35679440994696265, "neuronShrink": 0.25122429301802257}, "datetime": {"datetime": "2022-11-22 17:33:46", "elapsed": 2550.600147, "delta": 53.014982}}
{"target": -445.0249988290225, "params": {"alpha": 0.13216240958396971, "batch_size": 71.91188109809826, "drop": 0.20827526035029023, "layerPct": 0.9518291794447973, "neuronPct": 0.6049243064711308, "neuronShrink": 0.6205681157639205}, "datetime": {"datetime": "2022-11-22 17:34:13", "elapsed": 2577.362608, "delta": 26.762461}}
{"target": -275.4198653581896, "params": {"alpha": 0.3390680411717364, "batch_size": 53.294957095400235, "drop": 0.20936991348839762, "layerPct": 0.28909809614304044, "neuronPct": 0.4123089802061085, "neuronShrink": 0.4131829628662801}, "datetime": {"datetime": "2022-11-22 17:35:24", "elapsed": 2648.541568, "delta": 71.17896}}
{"target": -506.380067086591, "params": {"alpha": 0.3694490539901103, "batch_size": 69.62377872130412, "drop": 0.2597824318839251, "layerPct": 0.566947719831146, "neuronPct": 0.44014008154001383, "neuronShrink": 0.983104204298074}, "datetime": {"datetime": "2022-11-22 17:35:44", "elapsed": 2668.947683, "delta": 20.406115}}
{"target": -527.3765057329217, "params": {"alpha": 0.27752736319071725, "batch_size": 71.65994108826001, "drop": 0.20110515168207954, "layerPct": 0.4303004225917364, "neuronPct": 0.4632834300314301, "neuronShrink": 0.8735535833493406}, "datetime": {"datetime": "2022-11-22 17:36:08", "elapsed": 2692.439414, "delta": 23.491731}}
{"target": -673.3994770576936, "params": {"alpha": 0.3773000820600051, "batch_size": 37.421098288414846, "drop": 0.3601287094691566, "layerPct": 0.8048635293863279, "neuronPct": 0.7245988449658194, "neuronShrink": 0.9750434342199213}, "datetime": {"datetime": "2022-11-22 17:36:31", "elapsed": 2715.76519, "delta": 23.325776}}
{"target": -405.626064425566, "params": {"alpha": 0.20394799195125488, "batch_size": 62.30667096270054, "drop": 0.19960174007559034, "layerPct": 0.3400273395027433, "neuronPct": 0.4025685816776897, "neuronShrink": 0.9259628986064007}, "datetime": {"datetime": "2022-11-22 17:36:56", "elapsed": 2740.710924, "delta": 24.945734}}
{"target": -250.51620712634715, "params": {"alpha": 0.3459401644246601, "batch_size": 34.8171238778083, "drop": 0.13499374264874828, "layerPct": 0.8881431463372362, "neuronPct": 0.34976355914093893, "neuronShrink": 0.4287409614952105}, "datetime": {"datetime": "2022-11-22 17:38:02", "elapsed": 2806.730965, "delta": 66.020041}}
{"target": -383.8880415816164, "params": {"alpha": 0.361910030898982, "batch_size": 83.8565409025286, "drop": 0.1551180469586799, "layerPct": 0.44950875781482114, "neuronPct": 0.612875585340686, "neuronShrink": 0.8443027301385762}, "datetime": {"datetime": "2022-11-22 17:38:27", "elapsed": 2831.945238, "delta": 25.214273}}
{"target": -714.0501944008715, "params": {"alpha": 0.24612809906994593, "batch_size": 75.17002061384233, "drop": 0.3710744714056538, "layerPct": 0.585626376269877, "neuronPct": 0.6777465076224652, "neuronShrink": 0.7947678022357407}, "datetime": {"datetime": "2022-11-22 17:38:54", "elapsed": 2858.711181, "delta": 26.765943}}
{"target": -458.05332538760683, "params": {"alpha": 0.2699508505627158, "batch_size": 63.377877224127324, "drop": 0.27093420090270565, "layerPct": 0.7936320718377893, "neuronPct": 0.9879422268212738, "neuronShrink": 0.8071552348302027}, "datetime": {"datetime": "2022-11-22 17:39:15", "elapsed": 2879.573223, "delta": 20.862042}}
{"target": -260.9822008447224, "params": {"alpha": 0.29805353392442985, "batch_size": 61.18121333070566, "drop": 0.14829776745005918, "layerPct": 0.8708712365633663, "neuronPct": 0.9410241964543231, "neuronShrink": 0.8934827218897791}, "datetime": {"datetime": "2022-11-22 17:39:32", "elapsed": 2896.816882, "delta": 17.243659}}
{"target": -391.37391228398513, "params": {"alpha": 0.36748306801776254, "batch_size": 90.74471647438887, "drop": 0.17456711999257746, "layerPct": 0.40628984751441205, "neuronPct": 0.47086466731221593, "neuronShrink": 0.8401430651952301}, "datetime": {"datetime": "2022-11-22 17:40:08", "elapsed": 2932.24546, "delta": 35.428578}}
{"target": -351.2956387925695, "params": {"alpha": 0.1311495592895929, "batch_size": 70.42600167244736, "drop": 0.11644980004132355, "layerPct": 0.313758585438803, "neuronPct": 0.3121346981925438, "neuronShrink": 0.9791181643155515}, "datetime": {"datetime": "2022-11-22 17:40:41", "elapsed": 2965.449348, "delta": 33.203888}}
{"target": -527.1598344815369, "params": {"alpha": 0.1109240187791024, "batch_size": 40.12101322977917, "drop": 0.32925178788779175, "layerPct": 0.38729469841165143, "neuronPct": 0.2892872144690237, "neuronShrink": 0.6128737974563218}, "datetime": {"datetime": "2022-11-22 17:41:40", "elapsed": 3024.983189, "delta": 59.533841}}
{"target": -525.7879812989853, "params": {"alpha": 0.27334541430294723, "batch_size": 46.010784967431334, "drop": 0.36648521332388595, "layerPct": 0.9762272112206193, "neuronPct": 0.3924336457970096, "neuronShrink": 0.5098525506809493}, "datetime": {"datetime": "2022-11-22 17:42:33", "elapsed": 3077.063168, "delta": 52.079979}}
{"target": -771.2146497892046, "params": {"alpha": 0.3749091394575582, "batch_size": 63.97939473305353, "drop": 0.3657519957261254, "layerPct": 0.6373843418375674, "neuronPct": 0.36282796347966706, "neuronShrink": 0.9346768744624674}, "datetime": {"datetime": "2022-11-22 17:42:51", "elapsed": 3095.703135, "delta": 18.639967}}
{"target": -331.27166929649377, "params": {"alpha": 0.2552988661395045, "batch_size": 70.16815780924497, "drop": 0.2113779123824211, "layerPct": 0.7790588992850437, "neuronPct": 0.7470448788306028, "neuronShrink": 0.3230805876177554}, "datetime": {"datetime": "2022-11-22 17:43:45", "elapsed": 3149.764286, "delta": 54.061151}}
{"target": -324.9297271007473, "params": {"alpha": 0.237501143264138, "batch_size": 47.502527409362024, "drop": 0.24991764391402482, "layerPct": 0.9166992456251735, "neuronPct": 0.4970748190114258, "neuronShrink": 0.33282129647998326}, "datetime": {"datetime": "2022-11-22 17:44:27", "elapsed": 3191.04189, "delta": 41.277604}}
{"target": -358.7659423801641, "params": {"alpha": 0.17183504068930566, "batch_size": 84.75677758222292, "drop": 0.2203799316614516, "layerPct": 0.7081966788842429, "neuronPct": 0.5900068506638789, "neuronShrink": 0.9001858562465217}, "datetime": {"datetime": "2022-11-22 17:44:47", "elapsed": 3211.484244, "delta": 20.442354}}
{"target": -380.7647628218064, "params": {"alpha": 0.3399238636090511, "batch_size": 83.75844404127514, "drop": 0.11532153180172243, "layerPct": 0.5508757579015242, "neuronPct": 0.42188895941287985, "neuronShrink": 0.49983892489396103}, "datetime": {"datetime": "2022-11-22 17:45:39", "elapsed": 3263.800573, "delta": 52.316329}}
{"target": -505.2851425532502, "params": {"alpha": 0.3113662887789284, "batch_size": 61.265136249463154, "drop": 0.17074356641731916, "layerPct": 0.8872236663046075, "neuronPct": 0.8076065562617288, "neuronShrink": 0.7009430307370699}, "datetime": {"datetime": "2022-11-22 17:46:06", "elapsed": 3290.897638, "delta": 27.097065}}
{"target": -304.72530516579025, "params": {"alpha": 0.3874555341380318, "batch_size": 53.27987920147012, "drop": 0.23397967198933062, "layerPct": 0.2762759847769425, "neuronPct": 0.31990149722273875, "neuronShrink": 0.43823521162009205}, "datetime": {"datetime": "2022-11-22 17:47:06", "elapsed": 3351.004727, "delta": 60.107089}}
{"target": -447.8695172455271, "params": {"alpha": 0.10368322686792697, "batch_size": 29.427626412443793, "drop": 0.15998183924794795, "layerPct": 0.9006427987043664, "neuronPct": 0.4285929588468037, "neuronShrink": 0.7462441245532802}, "datetime": {"datetime": "2022-11-22 17:47:35", "elapsed": 3379.060703, "delta": 28.055976}}
{"target": -385.8166105309385, "params": {"alpha": 0.3079317396650201, "batch_size": 36.13590821145138, "drop": 0.17782159145693593, "layerPct": 0.3868539656575334, "neuronPct": 0.3532007437383259, "neuronShrink": 0.2701070712468625}, "datetime": {"datetime": "2022-11-22 17:48:15", "elapsed": 3419.738058, "delta": 40.677355}}
{"target": -309.7318500133924, "params": {"alpha": 0.1906700008042332, "batch_size": 36.24196018831406, "drop": 0.1473424571001775, "layerPct": 0.5363857942388934, "neuronPct": 0.4934183382660933, "neuronShrink": 0.2986309736900441}, "datetime": {"datetime": "2022-11-22 17:49:05", "elapsed": 3469.140932, "delta": 49.402874}}
{"target": -258.4459461003008, "params": {"alpha": 0.3276030818610076, "batch_size": 36.26775240496575, "drop": 0.19152154821046524, "layerPct": 0.4016631043222321, "neuronPct": 0.5326279674608851, "neuronShrink": 0.28552973304164286}, "datetime": {"datetime": "2022-11-22 17:49:52", "elapsed": 3516.92565, "delta": 47.784718}}
{"target": -362.28537312425647, "params": {"alpha": 0.3396267459100826, "batch_size": 61.455168078600146, "drop": 0.10497029436515092, "layerPct": 0.8567990161437515, "neuronPct": 0.6293099749241599, "neuronShrink": 0.3856344607489647}, "datetime": {"datetime": "2022-11-22 17:50:32", "elapsed": 3556.18219, "delta": 39.25654}}
{"target": -292.25266721865495, "params": {"alpha": 0.3427946167416267, "batch_size": 36.34223630532514, "drop": 0.2489412623666991, "layerPct": 0.572994830777915, "neuronPct": 0.48604563407520796, "neuronShrink": 0.2653546605646241}, "datetime": {"datetime": "2022-11-22 17:51:21", "elapsed": 3605.966407, "delta": 49.784217}}
{"target": -289.8385219781722, "params": {"alpha": 0.19375872261929467, "batch_size": 36.43197050422423, "drop": 0.2989169630266428, "layerPct": 0.3438692336876843, "neuronPct": 0.5364213824635883, "neuronShrink": 0.4183040726431406}, "datetime": {"datetime": "2022-11-22 17:52:13", "elapsed": 3657.114063, "delta": 51.147656}}
{"target": -334.6289970259355, "params": {"alpha": 0.11170711767941255, "batch_size": 74.34702651381073, "drop": 0.27783989275466936, "layerPct": 0.9280501240926367, "neuronPct": 0.3782403785235373, "neuronShrink": 0.492423785537608}, "datetime": {"datetime": "2022-11-22 17:53:02", "elapsed": 3706.225491, "delta": 49.111428}}
{"target": -373.94455440565827, "params": {"alpha": 0.26719833493918577, "batch_size": 36.27490154608098, "drop": 0.33030514942433825, "layerPct": 0.37277772996538694, "neuronPct": 0.5571686771716325, "neuronShrink": 0.2718820543049637}, "datetime": {"datetime": "2022-11-22 17:53:48", "elapsed": 3752.727766, "delta": 46.502275}}
{"target": -302.19571881884417, "params": {"alpha": 0.2682154310264893, "batch_size": 36.39483853053107, "drop": 0.20617191026938717, "layerPct": 0.4165805892117839, "neuronPct": 0.3659545762723933, "neuronShrink": 0.3292185255744107}, "datetime": {"datetime": "2022-11-22 17:55:05", "elapsed": 3829.821075, "delta": 77.093309}}
{"target": -392.0687277256345, "params": {"alpha": 0.2098552759529916, "batch_size": 84.71825983300505, "drop": 0.1807505114831867, "layerPct": 0.6549194287449652, "neuronPct": 0.5319284783942088, "neuronShrink": 0.9047106640847818}, "datetime": {"datetime": "2022-11-22 17:55:28", "elapsed": 3852.255058, "delta": 22.433983}}
{"target": -345.85070208918194, "params": {"alpha": 0.14864774934006816, "batch_size": 93.57369028617717, "drop": 0.13621383752169908, "layerPct": 0.2858303094231114, "neuronPct": 0.9259173538828567, "neuronShrink": 0.6663725678202086}, "datetime": {"datetime": "2022-11-22 17:55:51", "elapsed": 3875.086795, "delta": 22.831737}}
{"target": -493.0648869718833, "params": {"alpha": 0.16282087511651225, "batch_size": 62.32939406471531, "drop": 0.21126629701115368, "layerPct": 0.3307021152554551, "neuronPct": 0.37072159782963, "neuronShrink": 0.9178679501257812}, "datetime": {"datetime": "2022-11-22 17:56:13", "elapsed": 3897.857625, "delta": 22.77083}}
{"target": -243.8490974312756, "params": {"alpha": 0.276300353116856, "batch_size": 61.04341423701417, "drop": 0.1118276962555494, "layerPct": 0.8445788782760992, "neuronPct": 1.0, "neuronShrink": 1.0}, "datetime": {"datetime": "2022-11-22 17:56:32", "elapsed": 3916.999947, "delta": 19.142322}}
{"target": -367.7767777620971, "params": {"alpha": 0.30845460321513496, "batch_size": 36.2517941194775, "drop": 0.2895238144870016, "layerPct": 0.48983609911563414, "neuronPct": 0.4338417958194932, "neuronShrink": 0.45149036584337693}, "datetime": {"datetime": "2022-11-22 17:57:20", "elapsed": 3964.969823, "delta": 47.969876}}
{"target": -330.92457050378465, "params": {"alpha": 0.1840270113023767, "batch_size": 48.99439556094943, "drop": 0.18365007296258534, "layerPct": 0.4638027998503302, "neuronPct": 0.6905935219676372, "neuronShrink": 0.8925480114689216}, "datetime": {"datetime": "2022-11-22 17:57:41", "elapsed": 3985.458437, "delta": 20.488614}}
{"target": -425.633661378296, "params": {"alpha": 0.13558670968140563, "batch_size": 27.94641674734569, "drop": 0.33082650127291297, "layerPct": 0.9476578175897562, "neuronPct": 0.9599438934186864, "neuronShrink": 0.58133768550375}, "datetime": {"datetime": "2022-11-22 17:58:12", "elapsed": 4016.207092, "delta": 30.748655}}
{"target": -519.5243994398636, "params": {"alpha": 0.22371469533262478, "batch_size": 86.68794291111321, "drop": 0.2848153325785285, "layerPct": 0.2888945856555797, "neuronPct": 0.29938209748339084, "neuronShrink": 0.6137913111120503}, "datetime": {"datetime": "2022-11-22 17:59:12", "elapsed": 4076.636053, "delta": 60.428961}}
{"target": -332.10027521583675, "params": {"alpha": 0.32414847756866316, "batch_size": 61.321554743273, "drop": 0.318429322455693, "layerPct": 0.981407951778499, "neuronPct": 0.5760498229887184, "neuronShrink": 0.4262803003371018}, "datetime": {"datetime": "2022-11-22 17:59:52", "elapsed": 4116.659711, "delta": 40.023658}}
{"target": -728.7654680536434, "params": {"alpha": 0.2808292219338551, "batch_size": 98.09747446356603, "drop": 0.3377500246243507, "layerPct": 0.9420881897159016, "neuronPct": 0.3630264273994625, "neuronShrink": 0.6111836853692251}, "datetime": {"datetime": "2022-11-22 18:00:15", "elapsed": 4139.987126, "delta": 23.327415}}
{"target": -356.6693626633794, "params": {"alpha": 0.25208629703596985, "batch_size": 79.41900071195792, "drop": 0.1387164151246523, "layerPct": 0.7885236293924927, "neuronPct": 0.9074792201676549, "neuronShrink": 0.7744321397186748}, "datetime": {"datetime": "2022-11-22 18:00:39", "elapsed": 4163.101357, "delta": 23.114231}}
{"target": -166.58200763732566, "params": {"alpha": 0.2908590709324013, "batch_size": 37.19685839390468, "drop": 0.09532658263073158, "layerPct": 0.47256963938888524, "neuronPct": 0.6435423839238867, "neuronShrink": 0.6454620434738233}, "datetime": {"datetime": "2022-11-22 18:01:23", "elapsed": 4207.991055, "delta": 44.889698}}
{"target": -300.878948042925, "params": {"alpha": 0.2547528723505203, "batch_size": 37.34278344511347, "drop": 0.09532658263073158, "layerPct": 0.3747419171359165, "neuronPct": 0.6144053915592397, "neuronShrink": 0.6788293753643158}, "datetime": {"datetime": "2022-11-22 18:01:49", "elapsed": 4233.781783, "delta": 25.790728}}
{"target": -323.43981387431904, "params": {"alpha": 0.2907649002133269, "batch_size": 37.15923409371056, "drop": 0.15588031613206307, "layerPct": 0.44960064652165155, "neuronPct": 0.854118270915102, "neuronShrink": 0.6438006512760517}, "datetime": {"datetime": "2022-11-22 18:02:24", "elapsed": 4268.203147, "delta": 34.421364}}
{"target": -231.01558878929944, "params": {"alpha": 0.23176507715860592, "batch_size": 37.29292031349379, "drop": 0.12816880698099764, "layerPct": 0.5706266564449899, "neuronPct": 0.6670336224949023, "neuronShrink": 0.4142015808352061}, "datetime": {"datetime": "2022-11-22 18:03:11", "elapsed": 4315.215029, "delta": 47.011882}}
{"target": -234.4229323900819, "params": {"alpha": 0.27473275314066753, "batch_size": 37.05243405907646, "drop": 0.10328206131539416, "layerPct": 0.37590652630233684, "neuronPct": 0.3816641189570287, "neuronShrink": 0.48675564790512105}, "datetime": {"datetime": "2022-11-22 18:04:10", "elapsed": 4374.253025, "delta": 59.037996}}
