{"target": -343.2856898558401, "params": {"alpha": 0.2756343413614957, "batch_size": 40.88687295804808, "drop": 0.3736162958355645, "layerPct": 0.5303178710384628, "neuronPct": 0.9382817438510164, "neuronShrink": 0.4175481867078581}, "datetime": {"datetime": "2022-11-22 16:51:15", "elapsed": 0.0, "delta": 0.0}}
{"target": -735.584962754601, "params": {"alpha": 0.3830089371637818, "batch_size": 38.74023932245495, "drop": 0.34964370686372687, "layerPct": 0.8782151343731743, "neuronPct": 0.3678884077810386, "neuronShrink": 0.9666759365108869}, "datetime": {"datetime": "2022-11-22 16:51:31", "elapsed": 15.318643, "delta": 15.318643}}
{"target": -403.55218653632016, "params": {"alpha": 0.1456856135249195, "batch_size": 84.77005181964803, "drop": 0.25399945526573214, "layerPct": 0.7014512718246806, "neuronPct": 0.5146061744470356, "neuronShrink": 0.8859925109606288}, "datetime": {"datetime": "2022-11-22 16:51:55", "elapsed": 39.517604, "delta": 24.198961}}
{"target": -355.3362324128882, "params": {"alpha": 0.19253183152826808, "batch_size": 60.0203195049276, "drop": 0.15444244346385178, "layerPct": 0.35850233261409925, "neuronPct": 0.5508248096807041, "neuronShrink": 0.43441259593315096}, "datetime": {"datetime": "2022-11-22 16:52:25", "elapsed": 69.84312, "delta": 30.325516}}
{"target": -452.06075956281956, "params": {"alpha": 0.19093320970623276, "batch_size": 51.78062048849442, "drop": 0.22028690463247316, "layerPct": 0.4724425601475851, "neuronPct": 0.7173772209573551, "neuronShrink": 0.7068943298926248}, "datetime": {"datetime": "2022-11-22 16:52:45", "elapsed": 89.341101, "delta": 19.497981}}
{"target": -604.3384973264716, "params": {"alpha": 0.32797366366999786, "batch_size": 94.79739568595362, "drop": 0.19942683083312837, "layerPct": 0.7909933145801512, "neuronPct": 0.2804027780667949, "neuronShrink": 0.7773642440950316}, "datetime": {"datetime": "2022-11-22 16:53:10", "elapsed": 114.484395, "delta": 25.143294}}
{"target": -608.7924714396802, "params": {"alpha": 0.39592063224901497, "batch_size": 39.05497168093747, "drop": 0.3014825515271691, "layerPct": 0.5504648668708233, "neuronPct": 0.8278171766961411, "neuronShrink": 0.6075868979884361}, "datetime": {"datetime": "2022-11-22 16:53:44", "elapsed": 148.212546, "delta": 33.728151}}
{"target": -459.2339941993254, "params": {"alpha": 0.11364200712962301, "batch_size": 80.60493597464205, "drop": 0.36136295724191475, "layerPct": 0.4844905131392496, "neuronPct": 0.8772031417386362, "neuronShrink": 0.43945191608595746}, "datetime": {"datetime": "2022-11-22 16:54:21", "elapsed": 185.614157, "delta": 37.401611}}
{"target": -500.52672736491456, "params": {"alpha": 0.2944863678183988, "batch_size": 76.46337456809653, "drop": 0.29889952688426263, "layerPct": 0.6348450129331494, "neuronPct": 0.2545045835128431, "neuronShrink": 0.6162785819951087}, "datetime": {"datetime": "2022-11-22 16:55:11", "elapsed": 235.215647, "delta": 49.60149}}
{"target": -298.4392490222063, "params": {"alpha": 0.2812048521239092, "batch_size": 85.25779410729326, "drop": 0.21491621599682237, "layerPct": 0.6442804968850038, "neuronPct": 0.8339553906510937, "neuronShrink": 0.2670918504598349}, "datetime": {"datetime": "2022-11-22 16:55:41", "elapsed": 265.388341, "delta": 30.172694}}
{"target": -361.6811313558422, "params": {"alpha": 0.22553875838707624, "batch_size": 78.69481799446376, "drop": 0.10707360610659139, "layerPct": 0.6768982319766045, "neuronPct": 0.42564035342115847, "neuronShrink": 0.7595186048766637}, "datetime": {"datetime": "2022-11-22 16:56:15", "elapsed": 299.806158, "delta": 34.417817}}
{"target": -268.88453630507325, "params": {"alpha": 0.3867029922278714, "batch_size": 37.38408523566152, "drop": 0.10145682813764034, "layerPct": 0.5818104600557769, "neuronPct": 0.7387192848832909, "neuronShrink": 0.5870188682910563}, "datetime": {"datetime": "2022-11-22 16:56:48", "elapsed": 332.748973, "delta": 32.942815}}
{"target": -632.8398527210054, "params": {"alpha": 0.22846556506668714, "batch_size": 66.45127053494114, "drop": 0.2966127195760704, "layerPct": 0.6486969286245379, "neuronPct": 0.31595220027810766, "neuronShrink": 0.860976667760615}, "datetime": {"datetime": "2022-11-22 16:57:01", "elapsed": 345.304705, "delta": 12.555732}}
{"target": -472.92930871819567, "params": {"alpha": 0.23892279689187662, "batch_size": 81.03754607000926, "drop": 0.24887717168051682, "layerPct": 0.6654727548664574, "neuronPct": 0.7731155436557553, "neuronShrink": 0.5831468023208324}, "datetime": {"datetime": "2022-11-22 16:57:31", "elapsed": 375.291154, "delta": 29.986449}}
{"target": -499.1562473930306, "params": {"alpha": 0.37787805426786547, "batch_size": 67.21124051263266, "drop": 0.3222703705385946, "layerPct": 0.6552032654975312, "neuronPct": 0.5081087638629269, "neuronShrink": 0.6093951821060704}, "datetime": {"datetime": "2022-11-22 16:58:13", "elapsed": 417.989092, "delta": 42.697938}}
{"target": -723.769428879274, "params": {"alpha": 0.3303434703230447, "batch_size": 67.28716244902914, "drop": 0.3483409727590902, "layerPct": 0.6921942205129126, "neuronPct": 0.9184878437777071, "neuronShrink": 0.796965898149187}, "datetime": {"datetime": "2022-11-22 16:58:43", "elapsed": 447.953312, "delta": 29.96422}}
{"target": -415.9184157663687, "params": {"alpha": 0.34623958914976805, "batch_size": 63.532438514011226, "drop": 0.17340059708530908, "layerPct": 0.3607099474360345, "neuronPct": 0.5194781499097381, "neuronShrink": 0.5313071086151879}, "datetime": {"datetime": "2022-11-22 16:59:08", "elapsed": 472.194637, "delta": 24.241325}}
{"target": -608.0577565469052, "params": {"alpha": 0.13906691323206768, "batch_size": 70.61716688576183, "drop": 0.33920576332441305, "layerPct": 0.8332959302635345, "neuronPct": 0.5717451859042154, "neuronShrink": 0.8880844422547877}, "datetime": {"datetime": "2022-11-22 16:59:24", "elapsed": 488.54536, "delta": 16.350723}}
{"target": -263.96272639711304, "params": {"alpha": 0.31433466734652066, "batch_size": 74.54617491764353, "drop": 0.2126954172876927, "layerPct": 0.4033220134337571, "neuronPct": 0.989192744454548, "neuronShrink": 0.45739084821833564}, "datetime": {"datetime": "2022-11-22 17:00:05", "elapsed": 529.598712, "delta": 41.053352}}
{"target": -293.66662887638404, "params": {"alpha": 0.18241706381131811, "batch_size": 30.95933260520011, "drop": 0.18551094148885844, "layerPct": 0.7736485734214802, "neuronPct": 0.7224325131368183, "neuronShrink": 0.9915039030157785}, "datetime": {"datetime": "2022-11-22 17:00:19", "elapsed": 543.226973, "delta": 13.628261}}
{"target": -472.8445246660762, "params": {"alpha": 0.1753257595801609, "batch_size": 49.75325794168312, "drop": 0.3191328460829685, "layerPct": 0.5252924159500189, "neuronPct": 0.4023492834810194, "neuronShrink": 0.49639213552978323}, "datetime": {"datetime": "2022-11-22 17:00:46", "elapsed": 570.059127, "delta": 26.832154}}
{"target": -752.2533880227292, "params": {"alpha": 0.36093948409181786, "batch_size": 78.11911780215802, "drop": 0.3703012823524164, "layerPct": 0.6461609854932113, "neuronPct": 0.30177708816388077, "neuronShrink": 0.8479250974682359}, "datetime": {"datetime": "2022-11-22 17:01:06", "elapsed": 590.75035, "delta": 20.691223}}
{"target": -372.71611280136244, "params": {"alpha": 0.2772343803398073, "batch_size": 56.38729756793995, "drop": 0.20686590548235562, "layerPct": 0.9555721884807243, "neuronPct": 0.8088676708886613, "neuronShrink": 0.8322410438074437}, "datetime": {"datetime": "2022-11-22 17:01:25", "elapsed": 609.62676, "delta": 18.87641}}
{"target": -353.89849974535946, "params": {"alpha": 0.2680293580519818, "batch_size": 42.281294512648095, "drop": 0.1530545436153895, "layerPct": 0.739435442556006, "neuronPct": 0.4554205691559282, "neuronShrink": 0.6119890201516683}, "datetime": {"datetime": "2022-11-22 17:01:58", "elapsed": 642.122752, "delta": 32.495992}}
{"target": -355.4906878895636, "params": {"alpha": 0.1795613372661793, "batch_size": 95.28163312687431, "drop": 0.26137960189949977, "layerPct": 0.4555653676460937, "neuronPct": 0.5703425976719803, "neuronShrink": 0.5125521514573079}, "datetime": {"datetime": "2022-11-22 17:02:38", "elapsed": 682.670374, "delta": 40.547622}}
{"target": -426.963505081328, "params": {"alpha": 0.21716813330327925, "batch_size": 65.70483847133622, "drop": 0.3229081611295253, "layerPct": 0.281056995379561, "neuronPct": 0.8907408986002134, "neuronShrink": 0.5627972640810154}, "datetime": {"datetime": "2022-11-22 17:03:03", "elapsed": 707.240395, "delta": 24.570021}}
{"target": -492.0518413349483, "params": {"alpha": 0.37795961056882477, "batch_size": 76.43548885616855, "drop": 0.30928120915945284, "layerPct": 0.8071226943734449, "neuronPct": 0.8489231574622744, "neuronShrink": 0.9609462929946596}, "datetime": {"datetime": "2022-11-22 17:03:26", "elapsed": 730.357142, "delta": 23.116747}}
{"target": -330.16302583443246, "params": {"alpha": 0.11376607211204356, "batch_size": 75.47876584896306, "drop": 0.23424583756121503, "layerPct": 0.9416951789755151, "neuronPct": 0.6052120691413616, "neuronShrink": 0.26559315435206626}, "datetime": {"datetime": "2022-11-22 17:04:31", "elapsed": 795.715276, "delta": 65.358134}}
{"target": -519.9459951549294, "params": {"alpha": 0.37580229854452685, "batch_size": 99.46514302492544, "drop": 0.18048528572507916, "layerPct": 0.3664867053676599, "neuronPct": 0.5290299553298354, "neuronShrink": 0.411902232314702}, "datetime": {"datetime": "2022-11-22 17:04:47", "elapsed": 811.907967, "delta": 16.192691}}
{"target": -736.6109051450436, "params": {"alpha": 0.1434584689687565, "batch_size": 31.78157673938525, "drop": 0.3572263597427946, "layerPct": 0.9392284883399755, "neuronPct": 0.4518055487758907, "neuronShrink": 0.7007570175827478}, "datetime": {"datetime": "2022-11-22 17:05:00", "elapsed": 824.569168, "delta": 12.661201}}
{"target": -566.5232509224721, "params": {"alpha": 0.3168564429631894, "batch_size": 54.70473269118955, "drop": 0.3222955338832274, "layerPct": 0.49428099252682867, "neuronPct": 0.4295831677230416, "neuronShrink": 0.9638436930255312}, "datetime": {"datetime": "2022-11-22 17:05:41", "elapsed": 865.368269, "delta": 40.799101}}
{"target": -248.90454622693943, "params": {"alpha": 0.2569178914776614, "batch_size": 70.11328493712719, "drop": 0.2539696143690056, "layerPct": 0.7036719941244592, "neuronPct": 0.9201280445589282, "neuronShrink": 0.300243440116435}, "datetime": {"datetime": "2022-11-22 17:06:21", "elapsed": 905.036432, "delta": 39.668163}}
{"target": -555.1526049696394, "params": {"alpha": 0.2803890416555604, "batch_size": 98.22668851380625, "drop": 0.1980512859920773, "layerPct": 0.6823393822401285, "neuronPct": 0.8601701988142646, "neuronShrink": 0.7297305265616187}, "datetime": {"datetime": "2022-11-22 17:06:40", "elapsed": 924.184766, "delta": 19.148334}}
{"target": -441.78091041609144, "params": {"alpha": 0.10277928876690129, "batch_size": 67.56919253134423, "drop": 0.3263520938505515, "layerPct": 0.5496622295958948, "neuronPct": 0.8045455928395457, "neuronShrink": 0.9975057055813206}, "datetime": {"datetime": "2022-11-22 17:07:00", "elapsed": 944.304488, "delta": 20.119722}}
{"target": -387.3963648840447, "params": {"alpha": 0.2688957880746085, "batch_size": 32.60265009287186, "drop": 0.21602989592406954, "layerPct": 0.5032277910678842, "neuronPct": 0.9728036882593092, "neuronShrink": 0.37278350865315324}, "datetime": {"datetime": "2022-11-22 17:07:29", "elapsed": 973.736886, "delta": 29.432398}}
{"target": -318.75958838576986, "params": {"alpha": 0.17303425204486372, "batch_size": 88.11069710015748, "drop": 0.18018346479250086, "layerPct": 0.6627806915070203, "neuronPct": 0.9155962889326563, "neuronShrink": 0.3325648587855011}, "datetime": {"datetime": "2022-11-22 17:08:05", "elapsed": 1009.456579, "delta": 35.719693}}
{"target": -269.5206699593144, "params": {"alpha": 0.149204192235226, "batch_size": 83.4339838157365, "drop": 0.12594189706605013, "layerPct": 0.8832403723430194, "neuronPct": 0.9616339589530156, "neuronShrink": 0.8961489129871199}, "datetime": {"datetime": "2022-11-22 17:08:32", "elapsed": 1036.374187, "delta": 26.917608}}
{"target": -500.4853072724737, "params": {"alpha": 0.3897109758027074, "batch_size": 67.57556201781257, "drop": 0.16673362173504463, "layerPct": 0.4898569526416015, "neuronPct": 0.26455714611180714, "neuronShrink": 0.8683762092530283}, "datetime": {"datetime": "2022-11-22 17:09:08", "elapsed": 1072.457188, "delta": 36.083001}}
{"target": -218.47687910714967, "params": {"alpha": 0.27235240328151855, "batch_size": 36.233160183952236, "drop": 0.2667171252376951, "layerPct": 0.43923437032177703, "neuronPct": 0.4042812463677467, "neuronShrink": 0.26704582419200457}, "datetime": {"datetime": "2022-11-22 17:10:02", "elapsed": 1126.191228, "delta": 53.73404}}
{"target": -448.3768560685516, "params": {"alpha": 0.27633956220090244, "batch_size": 65.94633374625653, "drop": 0.3120322217753377, "layerPct": 0.25467591335395695, "neuronPct": 0.6679205093510526, "neuronShrink": 0.8651223278251783}, "datetime": {"datetime": "2022-11-22 17:10:22", "elapsed": 1146.671919, "delta": 20.480691}}
{"target": -723.6085987928598, "params": {"alpha": 0.20682254776484774, "batch_size": 53.91203289769038, "drop": 0.37826722503510835, "layerPct": 0.578102141328852, "neuronPct": 0.7697209451666477, "neuronShrink": 0.6254611050264165}, "datetime": {"datetime": "2022-11-22 17:10:43", "elapsed": 1167.449567, "delta": 20.777648}}
{"target": -263.387896849861, "params": {"alpha": 0.32252484458505515, "batch_size": 25.10715818511988, "drop": 0.16225371577841796, "layerPct": 0.36826820207033006, "neuronPct": 0.8407030647977988, "neuronShrink": 0.3714621704417046}, "datetime": {"datetime": "2022-11-22 17:11:19", "elapsed": 1203.424739, "delta": 35.975172}}
{"target": -418.22610581306753, "params": {"alpha": 0.26860609076963626, "batch_size": 92.29713155653828, "drop": 0.3715098428399642, "layerPct": 0.868153033124261, "neuronPct": 0.5453632477851131, "neuronShrink": 0.3184898914887824}, "datetime": {"datetime": "2022-11-22 17:12:01", "elapsed": 1245.895836, "delta": 42.471097}}
{"target": -338.87290473585034, "params": {"alpha": 0.21853296617600987, "batch_size": 45.30402092742342, "drop": 0.36011578317175097, "layerPct": 0.6647296133314895, "neuronPct": 0.7548710239148751, "neuronShrink": 0.3598936747035587}, "datetime": {"datetime": "2022-11-22 17:12:31", "elapsed": 1275.52471, "delta": 29.628874}}
{"target": -472.083152470378, "params": {"alpha": 0.3740368683161328, "batch_size": 98.81770799206893, "drop": 0.2019718573099673, "layerPct": 0.5456431458486656, "neuronPct": 0.4312855222489116, "neuronShrink": 0.9865599918223548}, "datetime": {"datetime": "2022-11-22 17:12:50", "elapsed": 1294.633884, "delta": 19.109174}}
{"target": -392.75935412785213, "params": {"alpha": 0.25467629479019593, "batch_size": 25.247120736983614, "drop": 0.3160302780525054, "layerPct": 0.8740077874982601, "neuronPct": 0.355021824822334, "neuronShrink": 0.645179370104485}, "datetime": {"datetime": "2022-11-22 17:13:28", "elapsed": 1332.188404, "delta": 37.55452}}
{"target": -450.65721959386104, "params": {"alpha": 0.11693947009159522, "batch_size": 46.656749177899705, "drop": 0.21557618943386803, "layerPct": 0.9405617474215051, "neuronPct": 0.9885860743956675, "neuronShrink": 0.8579074857859219}, "datetime": {"datetime": "2022-11-22 17:13:48", "elapsed": 1352.549862, "delta": 20.361458}}
{"target": -425.1862964608133, "params": {"alpha": 0.13361739872609216, "batch_size": 43.92844085064265, "drop": 0.17725619875760668, "layerPct": 0.822959575174044, "neuronPct": 0.8934305961413744, "neuronShrink": 0.44896822913674495}, "datetime": {"datetime": "2022-11-22 17:14:15", "elapsed": 1379.997808, "delta": 27.447946}}
{"target": -543.296164067305, "params": {"alpha": 0.19152866273748792, "batch_size": 95.21814051808255, "drop": 0.34262528103155715, "layerPct": 0.6192121566153113, "neuronPct": 0.6566567459181606, "neuronShrink": 0.3645088347829457}, "datetime": {"datetime": "2022-11-22 17:14:38", "elapsed": 1402.768872, "delta": 22.771064}}
{"target": -248.4798798947126, "params": {"alpha": 0.32156951329231953, "batch_size": 79.44832393269427, "drop": 0.10450055995043969, "layerPct": 0.787602867163712, "neuronPct": 0.9300082538516004, "neuronShrink": 0.9891682502543039}, "datetime": {"datetime": "2022-11-22 17:14:59", "elapsed": 1423.076447, "delta": 20.307575}}
{"target": -459.6378443296899, "params": {"alpha": 0.2543465543199789, "batch_size": 74.9068602419589, "drop": 0.24433823003769573, "layerPct": 0.8898198381009729, "neuronPct": 0.6515501102430163, "neuronShrink": 0.9629845223589857}, "datetime": {"datetime": "2022-11-22 17:15:19", "elapsed": 1443.47324, "delta": 20.396793}}
{"target": -318.52406985983225, "params": {"alpha": 0.14145380527159146, "batch_size": 84.33081446459411, "drop": 0.11446036031063203, "layerPct": 0.5065074211243498, "neuronPct": 0.9012510249615577, "neuronShrink": 0.2783691697116776}, "datetime": {"datetime": "2022-11-22 17:15:52", "elapsed": 1476.092213, "delta": 32.618973}}
{"target": -251.6319331463841, "params": {"alpha": 0.12561845186549075, "batch_size": 32.50939857918371, "drop": 0.19432677596085912, "layerPct": 0.7812568463657292, "neuronPct": 0.6251436741207482, "neuronShrink": 0.38855414737294763}, "datetime": {"datetime": "2022-11-22 17:16:37", "elapsed": 1521.04442, "delta": 44.952207}}
{"target": -377.48941078101285, "params": {"alpha": 0.35399280577110004, "batch_size": 57.722637892180934, "drop": 0.24279051080687725, "layerPct": 0.9989995893332917, "neuronPct": 0.5580443548181659, "neuronShrink": 0.5043161460221998}, "datetime": {"datetime": "2022-11-22 17:17:18", "elapsed": 1562.382609, "delta": 41.338189}}
{"target": -725.8605787231181, "params": {"alpha": 0.23716645238176434, "batch_size": 98.27481347268723, "drop": 0.3640517671844483, "layerPct": 0.9809252344655325, "neuronPct": 0.7545148338096708, "neuronShrink": 0.9611767283113952}, "datetime": {"datetime": "2022-11-22 17:17:29", "elapsed": 1573.519741, "delta": 11.137132}}
{"target": -612.0239821279888, "params": {"alpha": 0.36234265232012874, "batch_size": 28.492436174106338, "drop": 0.36865427414635676, "layerPct": 0.9798949586305258, "neuronPct": 0.6563773034200964, "neuronShrink": 0.9689901239376706}, "datetime": {"datetime": "2022-11-22 17:18:00", "elapsed": 1604.453961, "delta": 30.93422}}
{"target": -620.1025645568301, "params": {"alpha": 0.12111957618281254, "batch_size": 88.28128483028016, "drop": 0.3048294817424417, "layerPct": 0.591034006324599, "neuronPct": 0.2963318861102464, "neuronShrink": 0.624515672544464}, "datetime": {"datetime": "2022-11-22 17:18:39", "elapsed": 1643.105871, "delta": 38.65191}}
{"target": -541.451442943397, "params": {"alpha": 0.11046074834324443, "batch_size": 46.86404474694396, "drop": 0.2961401744227387, "layerPct": 0.845794491378585, "neuronPct": 0.7650927510075745, "neuronShrink": 0.8903635836854851}, "datetime": {"datetime": "2022-11-22 17:19:02", "elapsed": 1666.566514, "delta": 23.460643}}
{"target": -392.41294750613577, "params": {"alpha": 0.12543446983972545, "batch_size": 74.43446595051967, "drop": 0.25509861124111427, "layerPct": 0.5272184833384093, "neuronPct": 0.6714740092647864, "neuronShrink": 0.9959628703857604}, "datetime": {"datetime": "2022-11-22 17:19:26", "elapsed": 1690.25961, "delta": 23.693096}}
{"target": -433.75061738396624, "params": {"alpha": 0.26807553267497963, "batch_size": 48.58114494746984, "drop": 0.12261618630140311, "layerPct": 0.9124071625629117, "neuronPct": 0.696258912831641, "neuronShrink": 0.7755813394011972}, "datetime": {"datetime": "2022-11-22 17:19:46", "elapsed": 1710.175721, "delta": 19.916111}}
{"target": -630.9933868734124, "params": {"alpha": 0.29715968349104704, "batch_size": 98.05824544495307, "drop": 0.35355500589336103, "layerPct": 0.46407374288695435, "neuronPct": 0.2764433203602119, "neuronShrink": 0.8522481264880367}, "datetime": {"datetime": "2022-11-22 17:20:07", "elapsed": 1731.148558, "delta": 20.972837}}
{"target": -439.34364625811764, "params": {"alpha": 0.18461320456092878, "batch_size": 72.58122295509055, "drop": 0.09910228409323962, "layerPct": 0.8238021013811057, "neuronPct": 0.65452780661489, "neuronShrink": 0.6367373544041298}, "datetime": {"datetime": "2022-11-22 17:20:40", "elapsed": 1764.756925, "delta": 33.608367}}
{"target": -542.2900469345394, "params": {"alpha": 0.1868612420882153, "batch_size": 93.1216283137904, "drop": 0.18335830920800683, "layerPct": 0.9606868320161507, "neuronPct": 0.6193659147419437, "neuronShrink": 0.5922930197819891}, "datetime": {"datetime": "2022-11-22 17:21:07", "elapsed": 1791.54552, "delta": 26.788595}}
{"target": -287.42948374049297, "params": {"alpha": 0.38929125795163955, "batch_size": 40.00105850897201, "drop": 0.11669193142979478, "layerPct": 0.9694371570045254, "neuronPct": 0.5397589986136843, "neuronShrink": 0.3210390375142562}, "datetime": {"datetime": "2022-11-22 17:21:46", "elapsed": 1830.956231, "delta": 39.410711}}
{"target": -545.1479136083267, "params": {"alpha": 0.2121673626141694, "batch_size": 69.81378753741787, "drop": 0.2965738414132077, "layerPct": 0.6875101646407878, "neuronPct": 0.5968001028000997, "neuronShrink": 0.9408018599743868}, "datetime": {"datetime": "2022-11-22 17:22:11", "elapsed": 1855.432385, "delta": 24.476154}}
{"target": -444.67370028460977, "params": {"alpha": 0.20825806018194834, "batch_size": 98.79621173817911, "drop": 0.14470443759568838, "layerPct": 0.41957162639762124, "neuronPct": 0.9573680669850166, "neuronShrink": 0.8410745991553565}, "datetime": {"datetime": "2022-11-22 17:22:26", "elapsed": 1870.691711, "delta": 15.259326}}
{"target": -345.9482142541928, "params": {"alpha": 0.11374759610862817, "batch_size": 79.34312649279488, "drop": 0.21221450828501698, "layerPct": 0.7981889926325302, "neuronPct": 0.8106979939232004, "neuronShrink": 0.36948851827873525}, "datetime": {"datetime": "2022-11-22 17:23:04", "elapsed": 1908.598804, "delta": 37.907093}}
