{"target": -387.2246392327373, "params": {"ampDecay": 0.41426342500416385, "amp_skew": 6.170217779102653, "extraPeakProb": 0.9308176579687346, "meanPeakWidth": 0.21508817888952803, "stdPeakWidth": 0.04326630029714475, "width_skew": 9.235327311273691}, "datetime": {"datetime": "2022-11-16 17:39:45", "elapsed": 0.0, "delta": 0.0}}
{"target": -347.74875501891154, "params": {"ampDecay": 0.4588953611285055, "amp_skew": 6.336419895270786, "extraPeakProb": 0.9149802591277036, "meanPeakWidth": 0.18997322584255322, "stdPeakWidth": 0.04872298803197253, "width_skew": 9.851171543679015}, "datetime": {"datetime": "2022-11-16 17:40:40", "elapsed": 55.101509, "delta": 55.101509}}
{"target": -370.3241183472398, "params": {"ampDecay": 0.4918640976375342, "amp_skew": 6.8382169164242, "extraPeakProb": 0.9016008121486745, "meanPeakWidth": 0.20475245819859228, "stdPeakWidth": 0.030282745232019917, "width_skew": 9.644395801307809}, "datetime": {"datetime": "2022-11-16 17:41:20", "elapsed": 94.429799, "delta": 39.32829}}
{"target": -337.53561155181416, "params": {"ampDecay": 0.46794328836765453, "amp_skew": 6.634657959599372, "extraPeakProb": 0.9076994604289268, "meanPeakWidth": 0.18881317925696836, "stdPeakWidth": 0.034450333684280035, "width_skew": 9.722823091566845}, "datetime": {"datetime": "2022-11-16 17:42:02", "elapsed": 136.512166, "delta": 42.082367}}
{"target": -375.61871758675835, "params": {"ampDecay": 0.4047964286782047, "amp_skew": 6.482084009051141, "extraPeakProb": 0.9185540025631798, "meanPeakWidth": 0.21562062145271854, "stdPeakWidth": 0.05787669945381611, "width_skew": 9.975888349636536}, "datetime": {"datetime": "2022-11-16 17:42:51", "elapsed": 186.27757, "delta": 49.765404}}
{"target": -346.0410130288293, "params": {"ampDecay": 0.40217749950749326, "amp_skew": 6.788813380066535, "extraPeakProb": 0.9471955788322431, "meanPeakWidth": 0.1964649487995113, "stdPeakWidth": 0.040758396860451004, "width_skew": 9.459713498695109}, "datetime": {"datetime": "2022-11-16 17:43:37", "elapsed": 232.263592, "delta": 45.986022}}
{"target": -357.5339098042686, "params": {"ampDecay": 0.429925337753055, "amp_skew": 6.863265124935697, "extraPeakProb": 0.9189984877602854, "meanPeakWidth": 0.18873736919542652, "stdPeakWidth": 0.03811193504869114, "width_skew": 9.937073838633394}, "datetime": {"datetime": "2022-11-16 17:44:20", "elapsed": 275.237163, "delta": 42.973571}}
{"target": -341.0552313807107, "params": {"ampDecay": 0.42857905628310544, "amp_skew": 6.806747130092216, "extraPeakProb": 0.9329137184140084, "meanPeakWidth": 0.21138839132974213, "stdPeakWidth": 0.04123040341323919, "width_skew": 9.928089417639704}, "datetime": {"datetime": "2022-11-16 17:45:14", "elapsed": 329.219016, "delta": 53.981853}}
{"target": -366.162760246744, "params": {"ampDecay": 0.48911515609981215, "amp_skew": 6.8217868361208795, "extraPeakProb": 0.9020531318774437, "meanPeakWidth": 0.18722413453290368, "stdPeakWidth": 0.05433955096644431, "width_skew": 9.168556913576378}, "datetime": {"datetime": "2022-11-16 17:45:54", "elapsed": 369.025052, "delta": 39.806036}}
{"target": -356.8189281197524, "params": {"ampDecay": 0.4669404562211356, "amp_skew": 6.985620745857677, "extraPeakProb": 0.9443773314347598, "meanPeakWidth": 0.18299110106894145, "stdPeakWidth": 0.050017138363902404, "width_skew": 9.11484942373929}, "datetime": {"datetime": "2022-11-16 17:46:30", "elapsed": 405.035095, "delta": 36.010043}}
{"target": -340.6033461993522, "params": {"ampDecay": 0.45816869776365043, "amp_skew": 6.604713875943173, "extraPeakProb": 0.9282447542692677, "meanPeakWidth": 0.1839965288291833, "stdPeakWidth": 0.03511567990434615, "width_skew": 9.735094808702014}, "datetime": {"datetime": "2022-11-16 17:47:23", "elapsed": 457.38732, "delta": 52.352225}}
{"target": -383.3377249299988, "params": {"ampDecay": 0.457227164711889, "amp_skew": 6.348072319179693, "extraPeakProb": 0.9162821012351455, "meanPeakWidth": 0.18048411797342132, "stdPeakWidth": 0.04905906374794697, "width_skew": 9.855123797646964}, "datetime": {"datetime": "2022-11-16 17:48:06", "elapsed": 501.19816, "delta": 43.81084}}
{"target": -357.6023452741633, "params": {"ampDecay": 0.4325322745300628, "amp_skew": 6.832381750993208, "extraPeakProb": 0.9487245826885138, "meanPeakWidth": 0.2034979778332026, "stdPeakWidth": 0.04982112147982752, "width_skew": 9.552343837604468}, "datetime": {"datetime": "2022-11-16 17:48:46", "elapsed": 541.151904, "delta": 39.953744}}
{"target": -367.1641310953783, "params": {"ampDecay": 0.4572886325791894, "amp_skew": 6.174238771705669, "extraPeakProb": 0.940461684239825, "meanPeakWidth": 0.2146185308677501, "stdPeakWidth": 0.0554073777089544, "width_skew": 9.755012790546173}, "datetime": {"datetime": "2022-11-16 17:49:22", "elapsed": 576.657132, "delta": 35.505228}}
{"target": -362.885669336857, "params": {"ampDecay": 0.4987918467288335, "amp_skew": 6.398446389101728, "extraPeakProb": 0.9237118607896545, "meanPeakWidth": 0.2183082406596323, "stdPeakWidth": 0.05328106722401403, "width_skew": 9.11875526085935}, "datetime": {"datetime": "2022-11-16 17:50:06", "elapsed": 621.030958, "delta": 44.373826}}
{"target": -345.1616948700136, "params": {"ampDecay": 0.4525506346713713, "amp_skew": 6.543116526756093, "extraPeakProb": 0.9248480576768505, "meanPeakWidth": 0.1831786122164527, "stdPeakWidth": 0.04119312728505292, "width_skew": 9.023328993136674}, "datetime": {"datetime": "2022-11-16 17:50:53", "elapsed": 667.507791, "delta": 46.476833}}
{"target": -350.1541276628871, "params": {"ampDecay": 0.4337857206824832, "amp_skew": 6.678163488817473, "extraPeakProb": 0.9478801589454177, "meanPeakWidth": 0.18388521484210207, "stdPeakWidth": 0.044032038331073935, "width_skew": 9.469316282434406}, "datetime": {"datetime": "2022-11-16 17:51:44", "elapsed": 718.386421, "delta": 50.87863}}
{"target": -358.5604955626436, "params": {"ampDecay": 0.42178078971260247, "amp_skew": 6.576946497692234, "extraPeakProb": 0.9316300815785316, "meanPeakWidth": 0.21573002785635853, "stdPeakWidth": 0.03271337899613935, "width_skew": 9.988744790342349}, "datetime": {"datetime": "2022-11-16 17:52:30", "elapsed": 765.052893, "delta": 46.666472}}
{"target": -360.28948503343497, "params": {"ampDecay": 0.46220980565133796, "amp_skew": 6.858580422164089, "extraPeakProb": 0.9202121565251709, "meanPeakWidth": 0.21458989587881414, "stdPeakWidth": 0.034290865080663216, "width_skew": 9.670859482486872}, "datetime": {"datetime": "2022-11-16 17:53:17", "elapsed": 811.454327, "delta": 46.401434}}
{"target": -360.5731480362517, "params": {"ampDecay": 0.42540807473176057, "amp_skew": 6.155071122890284, "extraPeakProb": 0.9068484202278466, "meanPeakWidth": 0.19023022278822715, "stdPeakWidth": 0.04337240830969622, "width_skew": 9.877683342463875}, "datetime": {"datetime": "2022-11-16 17:54:08", "elapsed": 862.318478, "delta": 50.864151}}
