{"target": -142.80235959101225, "params": {"alpha": 0.29140896864643395, "batch_size": 61.8379722632894, "drop": 0.23628348608512006, "layerPct": 0.6724555277027118, "neuronPct": 0.8668423181599126, "neuronShrink": 0.703767268870744}, "datetime": {"datetime": "2022-11-22 16:34:11", "elapsed": 0.0, "delta": 0.0}}
{"target": -110.85194841887193, "params": {"alpha": 0.3218407041379999, "batch_size": 40.12971564276981, "drop": 0.13770698157856281, "layerPct": 0.7940400086556854, "neuronPct": 0.5550268423321619, "neuronShrink": 0.30576164740415235}, "datetime": {"datetime": "2022-11-22 16:34:51", "elapsed": 39.519253, "delta": 39.519253}}
{"target": -216.9916227574846, "params": {"alpha": 0.22605732841749038, "batch_size": 90.05695077799868, "drop": 0.36535587718945434, "layerPct": 0.949095987528019, "neuronPct": 0.5747271869131092, "neuronShrink": 0.6627019125274243}, "datetime": {"datetime": "2022-11-22 16:35:47", "elapsed": 95.351481, "delta": 55.832228}}
{"target": -155.74661285767817, "params": {"alpha": 0.11620597724679205, "batch_size": 97.39395082296208, "drop": 0.14815406733413183, "layerPct": 0.6498338253500587, "neuronPct": 0.2513310249500613, "neuronShrink": 0.9044843953616221}, "datetime": {"datetime": "2022-11-22 16:36:25", "elapsed": 133.212743, "delta": 37.861262}}
{"target": -134.81187342907643, "params": {"alpha": 0.10900203248133988, "batch_size": 71.9920199117987, "drop": 0.11777639678714032, "layerPct": 0.9512807443653007, "neuronPct": 0.43622227783412226, "neuronShrink": 0.814938717852946}, "datetime": {"datetime": "2022-11-22 16:37:07", "elapsed": 175.674325, "delta": 42.461582}}
{"target": -101.19494758486243, "params": {"alpha": 0.23834359126627933, "batch_size": 92.61036864238315, "drop": 0.10221838282559655, "layerPct": 0.5830738620840702, "neuronPct": 0.3127596332485141, "neuronShrink": 0.5867313118493989}, "datetime": {"datetime": "2022-11-22 16:38:10", "elapsed": 238.293119, "delta": 62.618794}}
{"target": -115.96218485168457, "params": {"alpha": 0.11234199292537504, "batch_size": 42.093710314548765, "drop": 0.21799876755036357, "layerPct": 0.35927742290536646, "neuronPct": 0.30398399120877356, "neuronShrink": 0.3974973613766013}, "datetime": {"datetime": "2022-11-22 16:38:58", "elapsed": 286.904787, "delta": 48.611668}}
{"target": -105.77263617081354, "params": {"alpha": 0.3797114637476636, "batch_size": 56.80633763828738, "drop": 0.16274661037110363, "layerPct": 0.5141896754239342, "neuronPct": 0.803767923072984, "neuronShrink": 0.8386096496865814}, "datetime": {"datetime": "2022-11-22 16:39:28", "elapsed": 316.954268, "delta": 30.049481}}
{"target": -130.18788559722418, "params": {"alpha": 0.14184135834232825, "batch_size": 78.07249517933396, "drop": 0.10200838065417583, "layerPct": 0.6023443769627036, "neuronPct": 0.830155161297449, "neuronShrink": 0.6149768524684821}, "datetime": {"datetime": "2022-11-22 16:39:53", "elapsed": 342.063362, "delta": 25.109094}}
{"target": -133.13854574791128, "params": {"alpha": 0.24324007997566507, "batch_size": 77.00923560159714, "drop": 0.3479408465984468, "layerPct": 0.2899711660531725, "neuronPct": 0.7843084418548303, "neuronShrink": 0.7329307842314076}, "datetime": {"datetime": "2022-11-22 16:40:36", "elapsed": 384.677124, "delta": 42.613762}}
{"target": -115.27284093076707, "params": {"alpha": 0.1337424271227933, "batch_size": 57.52188198039622, "drop": 0.2322452239611692, "layerPct": 0.3494247414844096, "neuronPct": 0.6486788458102722, "neuronShrink": 0.9422952762343755}, "datetime": {"datetime": "2022-11-22 16:41:15", "elapsed": 423.536015, "delta": 38.858891}}
{"target": -89.43991034208847, "params": {"alpha": 0.2380761410624762, "batch_size": 84.99131785487191, "drop": 0.1751241394423198, "layerPct": 0.3391315520295103, "neuronPct": 0.9080745838003119, "neuronShrink": 0.8257628121065498}, "datetime": {"datetime": "2022-11-22 16:41:44", "elapsed": 452.512819, "delta": 28.976804}}
{"target": -120.48902582481834, "params": {"alpha": 0.34020782520344406, "batch_size": 92.61145207562342, "drop": 0.21164786197323243, "layerPct": 0.8558526805221631, "neuronPct": 0.5542822764641888, "neuronShrink": 0.9821578684050658}, "datetime": {"datetime": "2022-11-22 16:42:23", "elapsed": 491.303961, "delta": 38.791142}}
{"target": -97.97067309007198, "params": {"alpha": 0.35897377249771745, "batch_size": 55.52688057446716, "drop": 0.12478899834976005, "layerPct": 0.9431613911535295, "neuronPct": 0.7885044812714244, "neuronShrink": 0.5638497145854655}, "datetime": {"datetime": "2022-11-22 16:43:03", "elapsed": 531.91431, "delta": 40.610349}}
{"target": -110.09610039233671, "params": {"alpha": 0.2816272606663506, "batch_size": 60.469533924658606, "drop": 0.23867386148584857, "layerPct": 0.8801379751923338, "neuronPct": 0.5483473576039292, "neuronShrink": 0.25650794517934705}, "datetime": {"datetime": "2022-11-22 16:43:45", "elapsed": 573.590247, "delta": 41.675937}}
{"target": -270.48391300889466, "params": {"alpha": 0.10507076801897076, "batch_size": 98.53866816915628, "drop": 0.2977443343873238, "layerPct": 0.35660896395277747, "neuronPct": 0.5471431367849552, "neuronShrink": 0.6627766705608569}, "datetime": {"datetime": "2022-11-22 16:44:24", "elapsed": 612.718002, "delta": 39.127755}}
{"target": -162.19524517017894, "params": {"alpha": 0.20300143127504408, "batch_size": 96.03030805087111, "drop": 0.2377618894325209, "layerPct": 0.8888868196626986, "neuronPct": 0.49174868450188547, "neuronShrink": 0.8610862161543162}, "datetime": {"datetime": "2022-11-22 16:45:11", "elapsed": 659.460061, "delta": 46.742059}}
{"target": -130.29428022947465, "params": {"alpha": 0.2416536089925354, "batch_size": 80.9624971460825, "drop": 0.1789937550688402, "layerPct": 0.7140698860160039, "neuronPct": 0.7621732766096878, "neuronShrink": 0.7789057748129897}, "datetime": {"datetime": "2022-11-22 16:45:42", "elapsed": 690.51228, "delta": 31.052219}}
{"target": -106.98591867169648, "params": {"alpha": 0.14345588273388157, "batch_size": 86.54180171270724, "drop": 0.20863160116522306, "layerPct": 0.5494985451215534, "neuronPct": 0.9277715118520778, "neuronShrink": 0.9559383080555859}, "datetime": {"datetime": "2022-11-22 16:46:10", "elapsed": 718.572445, "delta": 28.060165}}
{"target": -128.59489068256363, "params": {"alpha": 0.23175838729035297, "batch_size": 70.00275645905742, "drop": 0.15583574922678312, "layerPct": 0.9455341918495045, "neuronPct": 0.3854804402430837, "neuronShrink": 0.8441396774331611}, "datetime": {"datetime": "2022-11-22 16:46:49", "elapsed": 757.990818, "delta": 39.418373}}
{"target": -145.75464846742352, "params": {"alpha": 0.30197321380215714, "batch_size": 93.98728182105569, "drop": 0.2361488982622325, "layerPct": 0.45481342148804554, "neuronPct": 0.5777921360362649, "neuronShrink": 0.31556915192012575}, "datetime": {"datetime": "2022-11-22 16:47:32", "elapsed": 800.592253, "delta": 42.601435}}
{"target": -135.1525447433889, "params": {"alpha": 0.11144371375994022, "batch_size": 37.82901511722405, "drop": 0.19380616318409813, "layerPct": 0.9466956957547384, "neuronPct": 0.6703431409462668, "neuronShrink": 0.4254987514790848}, "datetime": {"datetime": "2022-11-22 16:48:14", "elapsed": 843.161035, "delta": 42.568782}}
{"target": -112.34173869558184, "params": {"alpha": 0.39463434822143684, "batch_size": 55.76470430290464, "drop": 0.13518198348936217, "layerPct": 0.7435724709855956, "neuronPct": 0.8191049632286826, "neuronShrink": 0.5043436522628856}, "datetime": {"datetime": "2022-11-22 16:48:52", "elapsed": 880.304676, "delta": 37.143641}}
{"target": -161.68885242165413, "params": {"alpha": 0.22073824111019918, "batch_size": 92.02182549357995, "drop": 0.29786785707582003, "layerPct": 0.37121948799339133, "neuronPct": 0.886435281714848, "neuronShrink": 0.34783811684130017}, "datetime": {"datetime": "2022-11-22 16:49:27", "elapsed": 915.555369, "delta": 35.250693}}
