{"target": -0.00034338179006006855, "params": {"noise": 0.6193109646599512, "stretch_sigma": 0.38813759914767226}, "datetime": {"datetime": "2022-09-22 10:17:02", "elapsed": 0.0, "delta": 0.0}}
{"target": -0.00031357524835330165, "params": {"noise": 0.6174590607439159, "stretch_sigma": 0.7656750550201911}, "datetime": {"datetime": "2022-09-22 10:17:30", "elapsed": 28.291327, "delta": 28.291327}}
{"target": -0.00033164491062352637, "params": {"noise": 0.10654135469623416, "stretch_sigma": 0.7327515116729444}, "datetime": {"datetime": "2022-09-22 10:17:56", "elapsed": 54.522429, "delta": 26.231102}}
{"target": -0.00032954547585754623, "params": {"noise": 0.05042904602648388, "stretch_sigma": 0.09697341842287158}, "datetime": {"datetime": "2022-09-22 10:18:22", "elapsed": 80.334051, "delta": 25.811622}}
{"target": -0.0003914637980877938, "params": {"noise": 0.7814539929137931, "stretch_sigma": 0.793849839502322}, "datetime": {"datetime": "2022-09-22 10:18:44", "elapsed": 102.155597, "delta": 21.821546}}
{"target": -0.0003620447122067028, "params": {"noise": 0.721155342374397, "stretch_sigma": 0.46570371889202405}, "datetime": {"datetime": "2022-09-22 10:19:09", "elapsed": 127.380012, "delta": 25.224415}}
{"target": -0.0003182218054171027, "params": {"noise": 0.7178586213693783, "stretch_sigma": 0.07588526779801788}, "datetime": {"datetime": "2022-09-22 10:19:37", "elapsed": 155.870305, "delta": 28.490293}}
{"target": -0.000360698932881823, "params": {"noise": 0.13467558889745765, "stretch_sigma": 0.0994869421735344}, "datetime": {"datetime": "2022-09-22 10:20:02", "elapsed": 179.983202, "delta": 24.112897}}
{"target": -0.000304269437044497, "params": {"noise": 0.5308294625655378, "stretch_sigma": 0.3960232563929383}, "datetime": {"datetime": "2022-09-22 10:20:28", "elapsed": 206.059369, "delta": 26.076167}}
{"target": -0.00033304527669615326, "params": {"noise": 0.17273765100653948, "stretch_sigma": 0.34323130266959256}, "datetime": {"datetime": "2022-09-22 10:20:53", "elapsed": 231.447289, "delta": 25.38792}}
{"target": -0.0003189854928883823, "params": {"noise": 0.2464178422703019, "stretch_sigma": 0.7062865960595697}, "datetime": {"datetime": "2022-09-22 10:21:17", "elapsed": 255.569871, "delta": 24.122582}}
{"target": -0.0003281003354029724, "params": {"noise": 0.23248201399776064, "stretch_sigma": 0.6703620307631306}, "datetime": {"datetime": "2022-09-22 10:21:42", "elapsed": 280.555032, "delta": 24.985161}}
{"target": -0.0003469868504627687, "params": {"noise": 0.7396271444073563, "stretch_sigma": 0.34889840380055015}, "datetime": {"datetime": "2022-09-22 10:22:05", "elapsed": 303.085393, "delta": 22.530361}}
{"target": -0.0003472802073412247, "params": {"noise": 0.44067761776537256, "stretch_sigma": 0.5150536851000015}, "datetime": {"datetime": "2022-09-22 10:22:31", "elapsed": 329.339505, "delta": 26.254112}}
{"target": -0.0003066584144556178, "params": {"noise": 0.7269264087791155, "stretch_sigma": 0.3297668328817285}, "datetime": {"datetime": "2022-09-22 10:22:57", "elapsed": 355.094576, "delta": 25.755071}}
{"target": -0.00037384307430966693, "params": {"noise": 0.36566117509543244, "stretch_sigma": 0.18504879174808}, "datetime": {"datetime": "2022-09-22 10:23:22", "elapsed": 380.218487, "delta": 25.123911}}
{"target": -0.00037002016061875114, "params": {"noise": 0.5326619278089322, "stretch_sigma": 0.46341697324009135}, "datetime": {"datetime": "2022-09-22 10:23:46", "elapsed": 403.903533, "delta": 23.685046}}
{"target": -0.0003052218902345236, "params": {"noise": 0.40134635309783084, "stretch_sigma": 0.37909219766001406}, "datetime": {"datetime": "2022-09-22 10:24:15", "elapsed": 433.739455, "delta": 29.835922}}
{"target": -0.0003520974116596274, "params": {"noise": 0.39220288510110896, "stretch_sigma": 0.038810721510625174}, "datetime": {"datetime": "2022-09-22 10:24:39", "elapsed": 457.530644, "delta": 23.791189}}
{"target": -0.0003107208941848785, "params": {"noise": 0.5604105641868186, "stretch_sigma": 0.1192981118713381}, "datetime": {"datetime": "2022-09-22 10:25:07", "elapsed": 485.088428, "delta": 27.557784}}
{"target": -0.00035371919751772126, "params": {"noise": 0.039313820953499425, "stretch_sigma": 0.6647467015775407}, "datetime": {"datetime": "2022-09-22 10:25:31", "elapsed": 508.910252, "delta": 23.821824}}
{"target": -0.00035553418761591864, "params": {"noise": 0.09444405294928569, "stretch_sigma": 0.6773799626703841}, "datetime": {"datetime": "2022-09-22 10:25:53", "elapsed": 531.651768, "delta": 22.741516}}
{"target": -0.00035772617726465683, "params": {"noise": 0.5213633541909761, "stretch_sigma": 0.4793060775386777}, "datetime": {"datetime": "2022-09-22 10:26:18", "elapsed": 556.630132, "delta": 24.978364}}
{"target": -0.00030153433721579734, "params": {"noise": 0.16972682713809872, "stretch_sigma": 0.08863417291717042}, "datetime": {"datetime": "2022-09-22 10:26:48", "elapsed": 585.943662, "delta": 29.31353}}
{"target": -0.00033525677677846607, "params": {"noise": 0.01977556698029135, "stretch_sigma": 0.7778237742716674}, "datetime": {"datetime": "2022-09-22 10:27:14", "elapsed": 612.542618, "delta": 26.598956}}
{"target": -0.0002983366025899002, "params": {"noise": 0.1449876376249007, "stretch_sigma": 0.2876410916220259}, "datetime": {"datetime": "2022-09-22 10:27:43", "elapsed": 641.550942, "delta": 29.008324}}
{"target": -0.0003265010638136992, "params": {"noise": 0.42069970834581466, "stretch_sigma": 0.7466578618872909}, "datetime": {"datetime": "2022-09-22 10:28:09", "elapsed": 667.47928, "delta": 25.928338}}
{"target": -0.0003308420520659854, "params": {"noise": 0.4647596947858621, "stretch_sigma": 0.1380299775540795}, "datetime": {"datetime": "2022-09-22 10:28:36", "elapsed": 694.533523, "delta": 27.054243}}
{"target": -0.0003087078252337129, "params": {"noise": 0.7686174772482002, "stretch_sigma": 0.3729562218242304}, "datetime": {"datetime": "2022-09-22 10:29:03", "elapsed": 720.919618, "delta": 26.386095}}
{"target": -0.00036613210158203724, "params": {"noise": 0.7534204317812869, "stretch_sigma": 0.27106550737766927}, "datetime": {"datetime": "2022-09-22 10:29:27", "elapsed": 745.658555, "delta": 24.738937}}
{"target": -0.0003708896581539091, "params": {"noise": 0.35143759897764487, "stretch_sigma": 0.15498383427028495}, "datetime": {"datetime": "2022-09-22 10:29:52", "elapsed": 770.765839, "delta": 25.107284}}
{"target": -0.00032699278754914977, "params": {"noise": 0.3098231512430618, "stretch_sigma": 0.5840146010752906}, "datetime": {"datetime": "2022-09-22 10:30:19", "elapsed": 797.003044, "delta": 26.237205}}
{"target": -0.00036025207294361657, "params": {"noise": 0.0019225864269372117, "stretch_sigma": 0.6825965648198253}, "datetime": {"datetime": "2022-09-22 10:30:43", "elapsed": 820.949169, "delta": 23.946125}}
{"target": -0.0003575323914706337, "params": {"noise": 0.3516277204989533, "stretch_sigma": 0.6928388412350358}, "datetime": {"datetime": "2022-09-22 10:31:08", "elapsed": 845.920745, "delta": 24.971576}}
{"target": -0.00036523553708469724, "params": {"noise": 0.4637039336073536, "stretch_sigma": 0.5322883118071838}, "datetime": {"datetime": "2022-09-22 10:31:32", "elapsed": 870.509703, "delta": 24.588958}}
{"target": -0.00038694472634225805, "params": {"noise": 0.3830961799801271, "stretch_sigma": 0.3359427389382645}, "datetime": {"datetime": "2022-09-22 10:31:54", "elapsed": 892.731734, "delta": 22.222031}}
{"target": -0.00037096776109092535, "params": {"noise": 0.6769374539266936, "stretch_sigma": 0.6763589219272133}, "datetime": {"datetime": "2022-09-22 10:32:17", "elapsed": 915.619417, "delta": 22.887683}}
{"target": -0.00034682828159484383, "params": {"noise": 0.555763969952781, "stretch_sigma": 0.6490072765432819}, "datetime": {"datetime": "2022-09-22 10:32:42", "elapsed": 940.280432, "delta": 24.661015}}
{"target": -0.0003530403320215569, "params": {"noise": 0.6341397676181693, "stretch_sigma": 0.7481881333118245}, "datetime": {"datetime": "2022-09-22 10:33:07", "elapsed": 965.070182, "delta": 24.78975}}
{"target": -0.00032549736703406466, "params": {"noise": 0.7620691777085967, "stretch_sigma": 0.4594802599833594}, "datetime": {"datetime": "2022-09-22 10:33:33", "elapsed": 991.657912, "delta": 26.58773}}
{"target": -0.00035108457961225613, "params": {"noise": 0.19432554002459135, "stretch_sigma": 0.6582695296110379}, "datetime": {"datetime": "2022-09-22 10:33:59", "elapsed": 1017.261662, "delta": 25.60375}}
{"target": -0.0003218837360159387, "params": {"noise": 0.5393490236602606, "stretch_sigma": 0.3159251317666442}, "datetime": {"datetime": "2022-09-22 10:34:28", "elapsed": 1046.1202, "delta": 28.858538}}
{"target": -0.000354951373142924, "params": {"noise": 0.35776501656897985, "stretch_sigma": 0.5249601150972177}, "datetime": {"datetime": "2022-09-22 10:34:51", "elapsed": 1069.803794, "delta": 23.683594}}
{"target": -0.0003576209532975736, "params": {"noise": 0.24243855629296532, "stretch_sigma": 0.7316430156608551}, "datetime": {"datetime": "2022-09-22 10:35:14", "elapsed": 1092.734447, "delta": 22.930653}}
{"target": -0.00028744740286611083, "params": {"noise": 0.4544065653883096, "stretch_sigma": 0.061770442129208014}, "datetime": {"datetime": "2022-09-22 10:35:42", "elapsed": 1119.959454, "delta": 27.225007}}
{"target": -0.00034382036421743524, "params": {"noise": 0.23971846273662437, "stretch_sigma": 0.4014289787986674}, "datetime": {"datetime": "2022-09-22 10:36:09", "elapsed": 1147.829595, "delta": 27.870141}}
{"target": -0.00033355862002908354, "params": {"noise": 0.507179698259668, "stretch_sigma": 0.039633188332139205}, "datetime": {"datetime": "2022-09-22 10:36:34", "elapsed": 1172.144707, "delta": 24.315112}}
{"target": -0.0003216201089207818, "params": {"noise": 0.41728610916292813, "stretch_sigma": 0.14815053075875576}, "datetime": {"datetime": "2022-09-22 10:37:01", "elapsed": 1199.270437, "delta": 27.12573}}
{"target": -0.00032304238164357915, "params": {"noise": 0.6384248170273389, "stretch_sigma": 0.3707860688203655}, "datetime": {"datetime": "2022-09-22 10:37:25", "elapsed": 1223.670897, "delta": 24.40046}}
{"target": -0.00034982636560383293, "params": {"noise": 0.5208736300462816, "stretch_sigma": 0.38722054624217883}, "datetime": {"datetime": "2022-09-22 10:37:49", "elapsed": 1247.1388, "delta": 23.467903}}
{"target": -0.0003198251981604565, "params": {"noise": 0.3948527714141758, "stretch_sigma": 0.19405361491398773}, "datetime": {"datetime": "2022-09-22 10:38:15", "elapsed": 1273.360649, "delta": 26.221849}}
{"target": -0.00035440115359507113, "params": {"noise": 0.07894863305875983, "stretch_sigma": 0.45013736971470486}, "datetime": {"datetime": "2022-09-22 10:38:39", "elapsed": 1297.698577, "delta": 24.337928}}
{"target": -0.0003475055421209115, "params": {"noise": 0.0919355341805785, "stretch_sigma": 0.1297466347467375}, "datetime": {"datetime": "2022-09-22 10:39:04", "elapsed": 1322.021931, "delta": 24.323354}}
{"target": -0.00037361257146078055, "params": {"noise": 0.42879163901934697, "stretch_sigma": 0.6940710144832083}, "datetime": {"datetime": "2022-09-22 10:39:27", "elapsed": 1345.752944, "delta": 23.731013}}
{"target": -0.00035892101003056584, "params": {"noise": 0.5675730253930168, "stretch_sigma": 0.7407561023647784}, "datetime": {"datetime": "2022-09-22 10:39:53", "elapsed": 1371.497372, "delta": 25.744428}}
{"target": -0.00034322796323586405, "params": {"noise": 0.7771582713297169, "stretch_sigma": 0.3866353064059424}, "datetime": {"datetime": "2022-09-22 10:40:17", "elapsed": 1395.460075, "delta": 23.962703}}
{"target": -0.0003408845846376129, "params": {"noise": 0.7822864824900698, "stretch_sigma": 0.6091675027641039}, "datetime": {"datetime": "2022-09-22 10:40:43", "elapsed": 1421.430998, "delta": 25.970923}}
{"target": -0.000350356302139252, "params": {"noise": 0.5237050390754073, "stretch_sigma": 0.4757588800858903}, "datetime": {"datetime": "2022-09-22 10:41:07", "elapsed": 1445.087886, "delta": 23.656888}}
{"target": -0.0003123930393507819, "params": {"noise": 0.6336731168505249, "stretch_sigma": 0.020609921859682603}, "datetime": {"datetime": "2022-09-22 10:41:33", "elapsed": 1471.536479, "delta": 26.448593}}
{"target": -0.0003265625648787241, "params": {"noise": 0.18831184752354277, "stretch_sigma": 0.09630835415294481}, "datetime": {"datetime": "2022-09-22 10:42:00", "elapsed": 1498.414427, "delta": 26.877948}}
{"target": -0.0003909088062738416, "params": {"noise": 0.3528457953165933, "stretch_sigma": 0.11450542182157789}, "datetime": {"datetime": "2022-09-22 10:42:23", "elapsed": 1521.882903, "delta": 23.468476}}
{"target": -0.0003091510049476678, "params": {"noise": 0.16930979598651846, "stretch_sigma": 0.6708418884999973}, "datetime": {"datetime": "2022-09-22 10:42:52", "elapsed": 1550.373989, "delta": 28.491086}}
{"target": -0.00036935705243055193, "params": {"noise": 0.1174863862527424, "stretch_sigma": 0.7206218024445631}, "datetime": {"datetime": "2022-09-22 10:43:15", "elapsed": 1573.875261, "delta": 23.501272}}
{"target": -0.00033123960004844067, "params": {"noise": 0.791129666590538, "stretch_sigma": 0.29062887299374385}, "datetime": {"datetime": "2022-09-22 10:43:40", "elapsed": 1598.670991, "delta": 24.79573}}
{"target": -0.00038381700482608403, "params": {"noise": 0.7658723787710056, "stretch_sigma": 0.007249731205240373}, "datetime": {"datetime": "2022-09-22 10:44:07", "elapsed": 1624.963886, "delta": 26.292895}}
{"target": -0.00032399710977178646, "params": {"noise": 0.3303381242059169, "stretch_sigma": 0.559016879778766}, "datetime": {"datetime": "2022-09-22 10:44:34", "elapsed": 1652.153436, "delta": 27.18955}}
{"target": -0.00031642588759194396, "params": {"noise": 0.0675865916907231, "stretch_sigma": 0.1348689398515}, "datetime": {"datetime": "2022-09-22 10:44:59", "elapsed": 1677.85527, "delta": 25.701834}}
{"target": -0.0003699612463226387, "params": {"noise": 0.47866454742503006, "stretch_sigma": 0.5413209267558278}, "datetime": {"datetime": "2022-09-22 10:45:22", "elapsed": 1700.763751, "delta": 22.908481}}
{"target": -0.000319380038781653, "params": {"noise": 0.16233585876860046, "stretch_sigma": 0.5361661591943067}, "datetime": {"datetime": "2022-09-22 10:45:47", "elapsed": 1725.293959, "delta": 24.530208}}
{"target": -0.00037270873310494304, "params": {"noise": 0.14348083217209986, "stretch_sigma": 0.7818657803940332}, "datetime": {"datetime": "2022-09-22 10:46:13", "elapsed": 1751.542985, "delta": 26.249026}}
{"target": -0.00033416297821218, "params": {"noise": 0.390159719982944, "stretch_sigma": 0.20264147169825686}, "datetime": {"datetime": "2022-09-22 10:46:41", "elapsed": 1778.957695, "delta": 27.41471}}
{"target": -0.0002999463153414898, "params": {"noise": 0.45893329461580407, "stretch_sigma": 0.2263263518848108}, "datetime": {"datetime": "2022-09-22 10:47:09", "elapsed": 1807.147715, "delta": 28.19002}}
{"target": -0.0003707386844561857, "params": {"noise": 0.6713137269660474, "stretch_sigma": 0.4643922482170588}, "datetime": {"datetime": "2022-09-22 10:47:33", "elapsed": 1830.90361, "delta": 23.755895}}
{"target": -0.0003137556153189434, "params": {"noise": 0.45396209917777774, "stretch_sigma": 0.6256233324835759}, "datetime": {"datetime": "2022-09-22 10:47:59", "elapsed": 1857.12909, "delta": 26.22548}}
{"target": -0.00031393683979431624, "params": {"noise": 0.46057632206931043, "stretch_sigma": 0.1421753071039337}, "datetime": {"datetime": "2022-09-22 10:48:26", "elapsed": 1884.49877, "delta": 27.36968}}
{"target": -0.000323831929813367, "params": {"noise": 0.7001530424911893, "stretch_sigma": 0.45286383810180847}, "datetime": {"datetime": "2022-09-22 10:48:50", "elapsed": 1908.144981, "delta": 23.646211}}
{"target": -0.0003033420449763404, "params": {"noise": 0.6882072529468863, "stretch_sigma": 0.05348998874418198}, "datetime": {"datetime": "2022-09-22 10:49:17", "elapsed": 1935.075033, "delta": 26.930052}}
{"target": -0.00035071945185044024, "params": {"noise": 0.43705524570411813, "stretch_sigma": 0.5973708357841648}, "datetime": {"datetime": "2022-09-22 10:49:40", "elapsed": 1958.710167, "delta": 23.635134}}
{"target": -0.0003316927171077673, "params": {"noise": 0.7936169755652708, "stretch_sigma": 0.5438171902163429}, "datetime": {"datetime": "2022-09-22 10:50:04", "elapsed": 1982.661347, "delta": 23.95118}}
{"target": -0.00035870025622082233, "params": {"noise": 0.6680474787861699, "stretch_sigma": 0.5400616794436227}, "datetime": {"datetime": "2022-09-22 10:50:29", "elapsed": 2006.99296, "delta": 24.331613}}
{"target": -0.00030684282815907836, "params": {"noise": 0.7319451593264192, "stretch_sigma": 0.5977161004213729}, "datetime": {"datetime": "2022-09-22 10:50:55", "elapsed": 2033.131354, "delta": 26.138394}}
{"target": -0.00036415469967001674, "params": {"noise": 0.32402114066974796, "stretch_sigma": 0.19756732234021923}, "datetime": {"datetime": "2022-09-22 10:51:22", "elapsed": 2060.572086, "delta": 27.440732}}
{"target": -0.00031797181954941527, "params": {"noise": 0.018128547649842286, "stretch_sigma": 0.581868621937064}, "datetime": {"datetime": "2022-09-22 10:51:47", "elapsed": 2085.213598, "delta": 24.641512}}
{"target": -0.0003610055888492556, "params": {"noise": 0.33357520179001626, "stretch_sigma": 0.7578006096199277}, "datetime": {"datetime": "2022-09-22 10:52:11", "elapsed": 2109.655129, "delta": 24.441531}}
{"target": -0.0003281324231505373, "params": {"noise": 0.6203823413092622, "stretch_sigma": 0.5264492331411493}, "datetime": {"datetime": "2022-09-22 10:52:37", "elapsed": 2135.374471, "delta": 25.719342}}
{"target": -0.00037797899503960833, "params": {"noise": 0.13895337605975372, "stretch_sigma": 0.20299403664477272}, "datetime": {"datetime": "2022-09-22 10:53:02", "elapsed": 2160.063912, "delta": 24.689441}}
{"target": -0.00032772706659529036, "params": {"noise": 0.5908841161649877, "stretch_sigma": 0.5868544522849154}, "datetime": {"datetime": "2022-09-22 10:53:26", "elapsed": 2184.346314, "delta": 24.282402}}
{"target": -0.00031680939757655787, "params": {"noise": 0.5706778196643877, "stretch_sigma": 0.00957128060256114}, "datetime": {"datetime": "2022-09-22 10:53:53", "elapsed": 2211.475876, "delta": 27.129562}}
{"target": -0.00032447058458833796, "params": {"noise": 0.09607949441346451, "stretch_sigma": 0.5174541281200533}, "datetime": {"datetime": "2022-09-22 10:54:19", "elapsed": 2237.866349, "delta": 26.390473}}
{"target": -0.0003365706336681612, "params": {"noise": 0.6848942864314783, "stretch_sigma": 0.5112387069786711}, "datetime": {"datetime": "2022-09-22 10:54:47", "elapsed": 2265.874229, "delta": 28.00788}}
{"target": -0.00037431563508236307, "params": {"noise": 0.5830130531792602, "stretch_sigma": 0.3608277669729752}, "datetime": {"datetime": "2022-09-22 10:55:12", "elapsed": 2290.10639, "delta": 24.232161}}
{"target": -0.0003553610019807252, "params": {"noise": 0.6387030485048912, "stretch_sigma": 0.7997789281962802}, "datetime": {"datetime": "2022-09-22 10:55:35", "elapsed": 2313.643922, "delta": 23.537532}}
{"target": -0.0004032658269537152, "params": {"noise": 0.5044222008247267, "stretch_sigma": 0.7890379672504176}, "datetime": {"datetime": "2022-09-22 10:55:59", "elapsed": 2337.585443, "delta": 23.941521}}
{"target": -0.00039031563527903854, "params": {"noise": 0.7139465118819891, "stretch_sigma": 0.3867586040451723}, "datetime": {"datetime": "2022-09-22 10:56:25", "elapsed": 2362.929101, "delta": 25.343658}}
{"target": -0.00036028911314566126, "params": {"noise": 0.5439164779946094, "stretch_sigma": 0.7365195320266595}, "datetime": {"datetime": "2022-09-22 10:56:49", "elapsed": 2387.230175, "delta": 24.301074}}
{"target": -0.0003299993089386464, "params": {"noise": 0.2567174099763893, "stretch_sigma": 0.2710239493386138}, "datetime": {"datetime": "2022-09-22 10:57:15", "elapsed": 2413.091512, "delta": 25.861337}}
{"target": -0.0003819482300315444, "params": {"noise": 0.24398125062334577, "stretch_sigma": 0.6338516428656358}, "datetime": {"datetime": "2022-09-22 10:57:36", "elapsed": 2434.679386, "delta": 21.587874}}
{"target": -0.00037269199934618943, "params": {"noise": 0.38795018421101396, "stretch_sigma": 0.27398261746147307}, "datetime": {"datetime": "2022-09-22 10:58:01", "elapsed": 2459.430884, "delta": 24.751498}}
{"target": -0.0003736252472834309, "params": {"noise": 0.48752879618437117, "stretch_sigma": 0.7241421297678592}, "datetime": {"datetime": "2022-09-22 10:58:25", "elapsed": 2483.620658, "delta": 24.189774}}
{"target": -0.00038392913602416733, "params": {"noise": 0.3539818548306672, "stretch_sigma": 0.03270589026754811}, "datetime": {"datetime": "2022-09-22 10:58:48", "elapsed": 2506.59889, "delta": 22.978232}}
{"target": -0.00031783310076421116, "params": {"noise": 0.7892282480275163, "stretch_sigma": 0.3143926556417827}, "datetime": {"datetime": "2022-09-22 10:59:14", "elapsed": 2532.24834, "delta": 25.64945}}
{"target": -0.00035315012192855833, "params": {"noise": 0.7841516017922805, "stretch_sigma": 0.5055208231595806}, "datetime": {"datetime": "2022-09-22 10:59:38", "elapsed": 2556.14936, "delta": 23.90102}}
{"target": -0.00034679014706449066, "params": {"noise": 0.7450788706910947, "stretch_sigma": 0.13305207080385567}, "datetime": {"datetime": "2022-09-22 11:00:04", "elapsed": 2582.811497, "delta": 26.662137}}
{"target": -0.00033866117898177604, "params": {"noise": 0.44886187531697885, "stretch_sigma": 0.06627186823622226}, "datetime": {"datetime": "2022-09-22 11:00:31", "elapsed": 2609.449332, "delta": 26.637835}}
{"target": -0.0003680209621760109, "params": {"noise": 0.21349792450485927, "stretch_sigma": 0.36504829765666}, "datetime": {"datetime": "2022-09-22 11:00:55", "elapsed": 2633.452633, "delta": 24.003301}}
{"target": -0.0003611920160001538, "params": {"noise": 0.1886616016473206, "stretch_sigma": 0.34847247184037133}, "datetime": {"datetime": "2022-09-22 11:01:18", "elapsed": 2655.95294, "delta": 22.500307}}
