{"target": -0.0003410664402989335, "params": {"noise": 0.2377617399935204, "stretch_sigma": 0.3205209775668603}, "datetime": {"datetime": "2022-09-22 11:01:42", "elapsed": 2680.29897, "delta": 24.34603}}
{"target": -0.00035084906487349793, "params": {"noise": 0.07333657170960342, "stretch_sigma": 0.37923528259969824}, "datetime": {"datetime": "2022-09-22 11:02:05", "elapsed": 2703.829403, "delta": 23.530433}}
{"target": -0.00032944674269242227, "params": {"noise": 0.4579263996934535, "stretch_sigma": 0.06861206299085083}, "datetime": {"datetime": "2022-09-22 11:02:29", "elapsed": 2727.146802, "delta": 23.317399}}
{"target": -0.00039582449815303133, "params": {"noise": 0.14257175817201997, "stretch_sigma": 0.29254729452893324}, "datetime": {"datetime": "2022-09-22 11:02:51", "elapsed": 2749.27459, "delta": 22.127788}}
{"target": -0.00032621111599651515, "params": {"noise": 0.6008953380424142, "stretch_sigma": 0.07977329293520362}, "datetime": {"datetime": "2022-09-22 11:03:17", "elapsed": 2775.819686, "delta": 26.545096}}
{"target": -0.0003035111878077682, "params": {"noise": 0.36265168961269123, "stretch_sigma": 0.7951786825342211}, "datetime": {"datetime": "2022-09-22 11:03:44", "elapsed": 2802.102641, "delta": 26.282955}}
{"target": -0.00034079248802633866, "params": {"noise": 0.2624426614820705, "stretch_sigma": 0.5624691165246604}, "datetime": {"datetime": "2022-09-22 11:04:10", "elapsed": 2828.811136, "delta": 26.708495}}
{"target": -0.0002892979075918582, "params": {"noise": 0.3141714537016851, "stretch_sigma": 0.3176109256196828}, "datetime": {"datetime": "2022-09-22 11:04:38", "elapsed": 2856.397735, "delta": 27.586599}}
{"target": -0.00031963898583130197, "params": {"noise": 0.7130256780851302, "stretch_sigma": 0.0778302644749621}, "datetime": {"datetime": "2022-09-22 11:05:04", "elapsed": 2882.785547, "delta": 26.387812}}
{"target": -0.00033755862323767345, "params": {"noise": 0.7324888063238512, "stretch_sigma": 0.597147821942728}, "datetime": {"datetime": "2022-09-22 11:05:30", "elapsed": 2908.29381, "delta": 25.508263}}
{"target": -0.00031708705143204376, "params": {"noise": 0.6181871382543634, "stretch_sigma": 0.7661162309050725}, "datetime": {"datetime": "2022-09-22 11:05:58", "elapsed": 2936.032996, "delta": 27.739186}}
{"target": -0.0003397893132176555, "params": {"noise": 0.6891003685436431, "stretch_sigma": 0.05354213443379363}, "datetime": {"datetime": "2022-09-22 11:06:26", "elapsed": 2963.914676, "delta": 27.88168}}
{"target": -0.0003644780974849961, "params": {"noise": 0.7856279232717632, "stretch_sigma": 0.746634634219902}, "datetime": {"datetime": "2022-09-22 11:06:53", "elapsed": 2990.908325, "delta": 26.993649}}
{"target": -0.0003440254898840212, "params": {"noise": 0.7673669873343653, "stretch_sigma": 0.3734585241162274}, "datetime": {"datetime": "2022-09-22 11:07:18", "elapsed": 3016.49417, "delta": 25.585845}}
{"target": -0.00032002741382809496, "params": {"noise": 0.3606229689655842, "stretch_sigma": 0.44751013420607083}, "datetime": {"datetime": "2022-09-22 11:07:44", "elapsed": 3042.505559, "delta": 26.011389}}
{"target": -0.00028265970029647976, "params": {"noise": 0.5768896877966168, "stretch_sigma": 0.1905566522566857}, "datetime": {"datetime": "2022-09-22 11:08:12", "elapsed": 3070.540997, "delta": 28.035438}}
{"target": -0.0003332443793943645, "params": {"noise": 0.1703546089530219, "stretch_sigma": 0.09000072456051617}, "datetime": {"datetime": "2022-09-22 11:08:37", "elapsed": 3095.631933, "delta": 25.090936}}
{"target": -0.00031971168059950484, "params": {"noise": 0.7266133132042285, "stretch_sigma": 0.3294776685770884}, "datetime": {"datetime": "2022-09-22 11:09:05", "elapsed": 3123.242276, "delta": 27.610343}}
{"target": -0.00034414898867488416, "params": {"noise": 0.5775545048681016, "stretch_sigma": 0.1895645277705018}, "datetime": {"datetime": "2022-09-22 11:09:32", "elapsed": 3150.547081, "delta": 27.304805}}
{"target": -0.00038782084091213966, "params": {"noise": 0.42640209668202184, "stretch_sigma": 0.5832591887213843}, "datetime": {"datetime": "2022-09-22 11:09:56", "elapsed": 3174.027309, "delta": 23.480228}}
{"target": -0.0003545570498374613, "params": {"noise": 0.3153908504520011, "stretch_sigma": 0.3184242147536108}, "datetime": {"datetime": "2022-09-22 11:10:22", "elapsed": 3200.660914, "delta": 26.633605}}
{"target": -0.00035053040624015414, "params": {"noise": 0.6655522373264348, "stretch_sigma": 0.3094754913788631}, "datetime": {"datetime": "2022-09-22 11:10:48", "elapsed": 3226.845478, "delta": 26.184564}}
{"target": -0.0003378018181636183, "params": {"noise": 0.5763452223062694, "stretch_sigma": 0.18962838508069915}, "datetime": {"datetime": "2022-09-22 11:11:14", "elapsed": 3251.978347, "delta": 25.132869}}
{"target": -0.00031442400365571326, "params": {"noise": 0.23243346521244687, "stretch_sigma": 0.48824040186916023}, "datetime": {"datetime": "2022-09-22 11:11:44", "elapsed": 3282.414427, "delta": 30.43608}}
{"target": -0.00037250438963544246, "params": {"noise": 0.622919642630173, "stretch_sigma": 0.6361796433900385}, "datetime": {"datetime": "2022-09-22 11:12:09", "elapsed": 3307.410699, "delta": 24.996272}}
{"target": -0.00036733834830904874, "params": {"noise": 0.4589307772223782, "stretch_sigma": 0.2270316201411487}, "datetime": {"datetime": "2022-09-22 11:12:34", "elapsed": 3332.296873, "delta": 24.886174}}
{"target": -0.00035339644253671833, "params": {"noise": 0.022995600137016584, "stretch_sigma": 0.18147581053443604}, "datetime": {"datetime": "2022-09-22 11:13:00", "elapsed": 3358.160499, "delta": 25.863626}}
{"target": -0.00032592083755774993, "params": {"noise": 0.09492257521824038, "stretch_sigma": 0.5167625906041174}, "datetime": {"datetime": "2022-09-22 11:13:27", "elapsed": 3385.342767, "delta": 27.182268}}
{"target": -0.0003485640544497323, "params": {"noise": 0.3142354035837558, "stretch_sigma": 0.4756271688974943}, "datetime": {"datetime": "2022-09-22 11:13:54", "elapsed": 3412.631047, "delta": 27.28828}}
{"target": -0.00032908215595759343, "params": {"noise": 0.4605730465991804, "stretch_sigma": 0.14210729385010987}, "datetime": {"datetime": "2022-09-22 11:14:22", "elapsed": 3440.56353, "delta": 27.932483}}
{"target": -0.0003263889543679317, "params": {"noise": 0.699999932219457, "stretch_sigma": 0.45338616637761486}, "datetime": {"datetime": "2022-09-22 11:15:00", "elapsed": 3478.549176, "delta": 37.985646}}
{"target": -0.000353408595848641, "params": {"noise": 0.3628707085626179, "stretch_sigma": 0.7950021119950006}, "datetime": {"datetime": "2022-09-22 11:15:32", "elapsed": 3510.247817, "delta": 31.698641}}
{"target": -0.00037753822654085825, "params": {"noise": 0.6841748956476879, "stretch_sigma": 0.5115528022496851}, "datetime": {"datetime": "2022-09-22 11:16:05", "elapsed": 3543.031688, "delta": 32.783871}}
{"target": -0.00036698589970311123, "params": {"noise": 0.732066655766669, "stretch_sigma": 0.5979617445915034}, "datetime": {"datetime": "2022-09-22 11:16:37", "elapsed": 3575.069795, "delta": 32.038107}}
{"target": -0.0003432375118229826, "params": {"noise": 0.6172659325697086, "stretch_sigma": 0.7649426898581453}, "datetime": {"datetime": "2022-09-22 11:17:07", "elapsed": 3605.100771, "delta": 30.030976}}
{"target": -0.00037329757053592544, "params": {"noise": 0.6385910163036114, "stretch_sigma": 0.37090996524567865}, "datetime": {"datetime": "2022-09-22 11:17:36", "elapsed": 3634.543394, "delta": 29.442623}}
{"target": -0.00031982611176057914, "params": {"noise": 0.4013211345700395, "stretch_sigma": 0.37925902984744886}, "datetime": {"datetime": "2022-09-22 11:18:04", "elapsed": 3662.244563, "delta": 27.701169}}
{"target": -0.00029836026592064137, "params": {"noise": 0.791674259521337, "stretch_sigma": 0.2906215541430101}, "datetime": {"datetime": "2022-09-22 11:18:36", "elapsed": 3693.980888, "delta": 31.736325}}
{"target": -0.0003289869851176943, "params": {"noise": 0.3300729087887295, "stretch_sigma": 0.5586848629492644}, "datetime": {"datetime": "2022-09-22 11:19:15", "elapsed": 3733.190309, "delta": 39.209421}}
{"target": -0.0003708792552655001, "params": {"noise": 0.3085164617117995, "stretch_sigma": 0.5836900183036579}, "datetime": {"datetime": "2022-09-22 11:19:45", "elapsed": 3763.623426, "delta": 30.433117}}
{"target": -0.00034516119195425227, "params": {"noise": 0.7618043456098472, "stretch_sigma": 0.45990127260856656}, "datetime": {"datetime": "2022-09-22 11:20:37", "elapsed": 3815.291243, "delta": 51.667817}}
{"target": -0.00031236192680877956, "params": {"noise": 0.559914489418948, "stretch_sigma": 0.1194534885279448}, "datetime": {"datetime": "2022-09-22 11:21:14", "elapsed": 3852.621089, "delta": 37.329846}}
{"target": -0.00036408914799408314, "params": {"noise": 0.4018841379619554, "stretch_sigma": 0.3794249953044239}, "datetime": {"datetime": "2022-09-22 11:21:51", "elapsed": 3889.015316, "delta": 36.394227}}
{"target": -0.0002974329234099287, "params": {"noise": 0.638330945364006, "stretch_sigma": 0.3705136267509567}, "datetime": {"datetime": "2022-09-22 11:22:34", "elapsed": 3932.243073, "delta": 43.227757}}
{"target": -0.0003575433157086345, "params": {"noise": 0.454671507599725, "stretch_sigma": 0.6261320301920487}, "datetime": {"datetime": "2022-09-22 11:23:16", "elapsed": 3974.897168, "delta": 42.654095}}
{"target": -0.00031070106780466697, "params": {"noise": 0.620173612738343, "stretch_sigma": 0.5262509629759283}, "datetime": {"datetime": "2022-09-22 11:23:55", "elapsed": 4013.777863, "delta": 38.880695}}
{"target": -0.000319952961956891, "params": {"noise": 0.6173125185125279, "stretch_sigma": 0.7658389322152129}, "datetime": {"datetime": "2022-09-22 11:24:40", "elapsed": 4058.278929, "delta": 44.501066}}
{"target": -0.0003201859740271471, "params": {"noise": 0.5075848621140091, "stretch_sigma": 0.03962832588016801}, "datetime": {"datetime": "2022-09-22 11:25:16", "elapsed": 4094.801803, "delta": 36.522874}}
{"target": -0.0003412297510534822, "params": {"noise": 0.1689860085107803, "stretch_sigma": 0.6711158921200517}, "datetime": {"datetime": "2022-09-22 11:25:51", "elapsed": 4129.075182, "delta": 34.273379}}
{"target": -0.0003355173123774928, "params": {"noise": 0.7268396986765548, "stretch_sigma": 0.32901496459439317}, "datetime": {"datetime": "2022-09-22 11:26:21", "elapsed": 4159.271285, "delta": 30.196103}}
{"target": -0.0003777084489544991, "params": {"noise": 0.2328563807962535, "stretch_sigma": 0.6701853014048329}, "datetime": {"datetime": "2022-09-22 11:26:57", "elapsed": 4194.991988, "delta": 35.720703}}
{"target": -0.0003574139322676596, "params": {"noise": 0.24715493589436965, "stretch_sigma": 0.7059678899763946}, "datetime": {"datetime": "2022-09-22 11:27:36", "elapsed": 4234.540053, "delta": 39.548065}}
{"target": -0.0003690428807306624, "params": {"noise": 0.05018635437016031, "stretch_sigma": 0.09770891649682999}, "datetime": {"datetime": "2022-09-22 11:28:12", "elapsed": 4270.649134, "delta": 36.109081}}
{"target": -0.0003022027491162599, "params": {"noise": 0.6181149055503413, "stretch_sigma": 0.76492665791271}, "datetime": {"datetime": "2022-09-22 11:28:45", "elapsed": 4303.865412, "delta": 33.216278}}
{"target": -0.0003186093867139875, "params": {"noise": 0.4577119570461477, "stretch_sigma": 0.06865146878130401}, "datetime": {"datetime": "2022-09-22 11:29:14", "elapsed": 4332.313577, "delta": 28.448165}}
{"target": -0.00036084938938497733, "params": {"noise": 0.7320575477765516, "stretch_sigma": 0.5966884507291383}, "datetime": {"datetime": "2022-09-22 11:29:46", "elapsed": 4364.703941, "delta": 32.390364}}
{"target": -0.0003299124184706363, "params": {"noise": 0.7319616359006766, "stretch_sigma": 0.5975038051230577}, "datetime": {"datetime": "2022-09-22 11:30:17", "elapsed": 4395.132735, "delta": 30.428794}}
{"target": -0.00034095096166605714, "params": {"noise": 0.618879699025749, "stretch_sigma": 0.7662845540873447}, "datetime": {"datetime": "2022-09-22 11:30:52", "elapsed": 4430.097794, "delta": 34.965059}}
{"target": -0.00030116343014916023, "params": {"noise": 0.726501071220693, "stretch_sigma": 0.3297140873619413}, "datetime": {"datetime": "2022-09-22 11:31:34", "elapsed": 4472.62965, "delta": 42.531856}}
{"target": -0.00030934292818071116, "params": {"noise": 0.6999968636049269, "stretch_sigma": 0.4530623629597627}, "datetime": {"datetime": "2022-09-22 11:32:12", "elapsed": 4510.868794, "delta": 38.239144}}
{"target": -0.00039643275997821437, "params": {"noise": 0.16233039467261748, "stretch_sigma": 0.5359357954706039}, "datetime": {"datetime": "2022-09-22 11:32:49", "elapsed": 4547.419527, "delta": 36.550733}}
{"target": -0.0003301639179914455, "params": {"noise": 0.14548039016198153, "stretch_sigma": 0.2878063640470681}, "datetime": {"datetime": "2022-09-22 11:33:28", "elapsed": 4586.342401, "delta": 38.922874}}
{"target": -0.0003436727349372561, "params": {"noise": 0.4589889780415599, "stretch_sigma": 0.22639772782638348}, "datetime": {"datetime": "2022-09-22 11:34:03", "elapsed": 4620.962887, "delta": 34.620486}}
{"target": -0.00037761207361340773, "params": {"noise": 0.16950756278681897, "stretch_sigma": 0.67095578643857}, "datetime": {"datetime": "2022-09-22 11:34:42", "elapsed": 4660.009479, "delta": 39.046592}}
{"target": -0.00034267228844854763, "params": {"noise": 0.6011947598540979, "stretch_sigma": 0.07987530224131732}, "datetime": {"datetime": "2022-09-22 11:35:19", "elapsed": 4696.941609, "delta": 36.93213}}
{"target": -0.00030636015800622387, "params": {"noise": 0.3943054662967117, "stretch_sigma": 0.19407507383184008}, "datetime": {"datetime": "2022-09-22 11:35:56", "elapsed": 4734.870165, "delta": 37.928556}}
{"target": -0.0003008738501898273, "params": {"noise": 0.16257103203503365, "stretch_sigma": 0.536611330311007}, "datetime": {"datetime": "2022-09-22 11:36:33", "elapsed": 4771.3023, "delta": 36.432135}}
{"target": -0.000328374145958355, "params": {"noise": 0.17279230811754404, "stretch_sigma": 0.34304731023212903}, "datetime": {"datetime": "2022-09-22 11:37:09", "elapsed": 4807.216228, "delta": 35.913928}}
{"target": -0.0003232966071737483, "params": {"noise": 0.5312559070780482, "stretch_sigma": 0.3958066239080517}, "datetime": {"datetime": "2022-09-22 11:37:43", "elapsed": 4841.485721, "delta": 34.269493}}
{"target": -0.00035955235678248546, "params": {"noise": 0.10656019890012347, "stretch_sigma": 0.7328853457763889}, "datetime": {"datetime": "2022-09-22 11:38:13", "elapsed": 4871.325598, "delta": 29.839877}}
{"target": -0.00035555680439110416, "params": {"noise": 0.5079000599648503, "stretch_sigma": 0.03936079105358159}, "datetime": {"datetime": "2022-09-22 11:38:44", "elapsed": 4902.750313, "delta": 31.424715}}
{"target": -0.0002965638141499701, "params": {"noise": 0.1728369990592616, "stretch_sigma": 0.3433688852241857}, "datetime": {"datetime": "2022-09-22 11:39:19", "elapsed": 4937.332514, "delta": 34.582201}}
{"target": -0.0003066347348511115, "params": {"noise": 0.46392212768904684, "stretch_sigma": 0.13826667588608235}, "datetime": {"datetime": "2022-09-22 11:40:00", "elapsed": 4977.933389, "delta": 40.600875}}
{"target": -0.00035551736800436474, "params": {"noise": 0.330679675183087, "stretch_sigma": 0.5591908453149219}, "datetime": {"datetime": "2022-09-22 11:40:38", "elapsed": 5016.775957, "delta": 38.842568}}
{"target": -0.0003411279563654397, "params": {"noise": 0.7134664568829837, "stretch_sigma": 0.07771932528682335}, "datetime": {"datetime": "2022-09-22 11:41:08", "elapsed": 5046.727462, "delta": 29.951505}}
{"target": -0.0003108158196089824, "params": {"noise": 0.5697786325537355, "stretch_sigma": 0.009654604668774703}, "datetime": {"datetime": "2022-09-22 11:41:44", "elapsed": 5082.551368, "delta": 35.823906}}
{"target": -0.0003193250469155336, "params": {"noise": 0.5699093118325926, "stretch_sigma": 0.009714165842945112}, "datetime": {"datetime": "2022-09-22 11:42:26", "elapsed": 5123.9433, "delta": 41.391932}}
{"target": -0.0003134568055481156, "params": {"noise": 0.18858765121997678, "stretch_sigma": 0.09643171316484392}, "datetime": {"datetime": "2022-09-22 11:42:59", "elapsed": 5157.329473, "delta": 33.386173}}
{"target": -0.0003170941563860323, "params": {"noise": 0.3942601267858333, "stretch_sigma": 0.19432071255894307}, "datetime": {"datetime": "2022-09-22 11:43:32", "elapsed": 5190.856315, "delta": 33.526842}}
{"target": -0.00033411775016727025, "params": {"noise": 0.726602301424881, "stretch_sigma": 0.32908309879661346}, "datetime": {"datetime": "2022-09-22 11:44:06", "elapsed": 5224.752585, "delta": 33.89627}}
{"target": -0.00031006424907480823, "params": {"noise": 0.5908104858453204, "stretch_sigma": 0.5863153564676162}, "datetime": {"datetime": "2022-09-22 11:44:48", "elapsed": 5266.459022, "delta": 41.706437}}
{"target": -0.00033013237155675256, "params": {"noise": 0.40106620523953995, "stretch_sigma": 0.379209919397147}, "datetime": {"datetime": "2022-09-22 11:45:29", "elapsed": 5307.864406, "delta": 41.405384}}
{"target": -0.00033232274404635997, "params": {"noise": 0.7678945588623414, "stretch_sigma": 0.37238613559951467}, "datetime": {"datetime": "2022-09-22 11:46:14", "elapsed": 5352.674479, "delta": 44.810073}}
{"target": -0.0003254343636259893, "params": {"noise": 0.46493813122718786, "stretch_sigma": 0.13827428222120677}, "datetime": {"datetime": "2022-09-22 11:47:02", "elapsed": 5399.926116, "delta": 47.251637}}
{"target": -0.0003543599138717064, "params": {"noise": 0.39009023217005256, "stretch_sigma": 0.20286979903682606}, "datetime": {"datetime": "2022-09-22 11:47:43", "elapsed": 5441.50878, "delta": 41.582664}}
{"target": -0.0003353564670345044, "params": {"noise": 0.16210576120602474, "stretch_sigma": 0.5372961862341576}, "datetime": {"datetime": "2022-09-22 11:48:15", "elapsed": 5473.054001, "delta": 31.545221}}
{"target": -0.00040271903784235355, "params": {"noise": 0.6331432734210876, "stretch_sigma": 0.020336611851058086}, "datetime": {"datetime": "2022-09-22 11:48:49", "elapsed": 5507.347401, "delta": 34.2934}}
{"target": -0.0003105975349865843, "params": {"noise": 0.5760478979290627, "stretch_sigma": 0.18989511771217665}, "datetime": {"datetime": "2022-09-22 11:49:32", "elapsed": 5550.486795, "delta": 43.139394}}
{"target": -0.00035929993513192463, "params": {"noise": 0.7130629643611629, "stretch_sigma": 0.07763885583169411}, "datetime": {"datetime": "2022-09-22 11:50:09", "elapsed": 5587.606737, "delta": 37.119942}}
{"target": -0.0003316026324938005, "params": {"noise": 0.6009119686251101, "stretch_sigma": 0.07957160198155391}, "datetime": {"datetime": "2022-09-22 11:50:50", "elapsed": 5628.843601, "delta": 41.236864}}
{"target": -0.0003669859676254578, "params": {"noise": 0.7621771603080512, "stretch_sigma": 0.45986112979340316}, "datetime": {"datetime": "2022-09-22 11:51:29", "elapsed": 5667.682528, "delta": 38.838927}}
{"target": -0.0003257230531737262, "params": {"noise": 0.06722957060470769, "stretch_sigma": 0.13396027503241026}, "datetime": {"datetime": "2022-09-22 11:52:10", "elapsed": 5708.011048, "delta": 40.32852}}
{"target": -0.0003202151486207002, "params": {"noise": 0.538694367168856, "stretch_sigma": 0.31640342492544304}, "datetime": {"datetime": "2022-09-22 11:52:47", "elapsed": 5745.250827, "delta": 37.239779}}
{"target": -0.0003924816496205593, "params": {"noise": 0.09623910526348639, "stretch_sigma": 0.5168160060507268}, "datetime": {"datetime": "2022-09-22 11:53:17", "elapsed": 5774.939458, "delta": 29.688631}}
