{"target": -1.0777593362358824, "params": {"alpha": 0.010869336592732008, "batch_size": 98.52446401403702, "drop": 0.19791395344570176, "layer1": 170.59394044591627, "layer2": 450.8871049152111, "layer3": 282.9806513451022}, "datetime": {"datetime": "2022-10-26 12:16:28", "elapsed": 5821.785998, "delta": 86.156021}}
{"target": -1.0776919210151044, "params": {"alpha": 0.011818396369186985, "batch_size": 97.47127833528842, "drop": 0.2205345631895091, "layer1": 162.17981214440596, "layer2": 565.8637658885568, "layer3": 367.4441715213379}, "datetime": {"datetime": "2022-10-26 12:17:52", "elapsed": 5905.740745, "delta": 83.954747}}
{"target": -1.0806547687030166, "params": {"alpha": 0.013462968359859726, "batch_size": 87.02196948741881, "drop": 0.21198293219438688, "layer1": 159.75222034128916, "layer2": 464.2179711964446, "layer3": 376.52454689014223}, "datetime": {"datetime": "2022-10-26 12:19:20", "elapsed": 5994.538399, "delta": 88.797654}}
{"target": -1.0761433838794041, "params": {"alpha": 0.0141096736976328, "batch_size": 97.75841943700586, "drop": 0.2182125212428067, "layer1": 188.82999672814782, "layer2": 504.58778246392313, "layer3": 315.58298245105317}, "datetime": {"datetime": "2022-10-26 12:20:55", "elapsed": 6089.132538, "delta": 94.594139}}
{"target": -1.0739577964053215, "params": {"alpha": 0.010578981242768763, "batch_size": 87.04885115430093, "drop": 0.19096495659023136, "layer1": 174.90034780614138, "layer2": 471.43284779451267, "layer3": 309.1669483021521}, "datetime": {"datetime": "2022-10-26 12:22:23", "elapsed": 6176.857809, "delta": 87.725271}}
{"target": -1.074259869323619, "params": {"alpha": 0.012035906457789111, "batch_size": 98.65674325182735, "drop": 0.19495448782626348, "layer1": 173.87029130079316, "layer2": 434.7405870815836, "layer3": 364.09524640240943}, "datetime": {"datetime": "2022-10-26 12:23:44", "elapsed": 6258.388661, "delta": 81.530852}}
{"target": -1.0720156942845354, "params": {"alpha": 0.010480586391941634, "batch_size": 90.39117106110935, "drop": 0.18566081003686216, "layer1": 155.83749583188833, "layer2": 588.5813442500444, "layer3": 374.42721353664695}, "datetime": {"datetime": "2022-10-26 12:25:08", "elapsed": 6342.613539, "delta": 84.224878}}
{"target": -1.0886774972017261, "params": {"alpha": 0.014595440086237949, "batch_size": 81.25267370890185, "drop": 0.24380625407456735, "layer1": 179.81772963193933, "layer2": 598.9906107846746, "layer3": 324.1305616325134}, "datetime": {"datetime": "2022-10-26 12:26:53", "elapsed": 6447.554916, "delta": 104.941377}}
{"target": -1.1014780136795088, "params": {"alpha": 0.013717350319299375, "batch_size": 93.78934174658943, "drop": 0.22413310466003208, "layer1": 170.461872133642, "layer2": 544.8038881578657, "layer3": 356.41323188893773}, "datetime": {"datetime": "2022-10-26 12:27:53", "elapsed": 6507.358415, "delta": 59.803499}}
{"target": -1.076136739884627, "params": {"alpha": 0.014785494128306815, "batch_size": 104.23740973300134, "drop": 0.18379792118374683, "layer1": 157.22287959955847, "layer2": 493.96507736058675, "layer3": 362.6165333086395}, "datetime": {"datetime": "2022-10-26 12:29:14", "elapsed": 6588.442598, "delta": 81.084183}}
{"target": -1.0733850421803848, "params": {"alpha": 0.011804640238810452, "batch_size": 81.01765879263455, "drop": 0.23486022311186827, "layer1": 173.8769049408088, "layer2": 592.8592397176194, "layer3": 285.06347008972125}, "datetime": {"datetime": "2022-10-26 12:31:06", "elapsed": 6700.264606, "delta": 111.822008}}
{"target": -1.076375105538194, "params": {"alpha": 0.010999682045590183, "batch_size": 81.8377461859051, "drop": 0.23414799625117017, "layer1": 134.53207457493383, "layer2": 458.85852346296747, "layer3": 289.207160114416}, "datetime": {"datetime": "2022-10-26 12:32:41", "elapsed": 6794.791111, "delta": 94.526505}}
{"target": -1.0753147644182646, "params": {"alpha": 0.012113144768064507, "batch_size": 95.55698791967104, "drop": 0.1816921123106423, "layer1": 149.26743940288137, "layer2": 551.5477587761299, "layer3": 265.12216554644397}, "datetime": {"datetime": "2022-10-26 12:34:08", "elapsed": 6882.154843, "delta": 87.363732}}
{"target": -1.0830920151248122, "params": {"alpha": 0.014091214441026451, "batch_size": 81.58054429556292, "drop": 0.21538496906504373, "layer1": 188.59597426905668, "layer2": 458.3785298655421, "layer3": 319.1935628023953}, "datetime": {"datetime": "2022-10-26 12:35:45", "elapsed": 6979.39938, "delta": 97.244537}}
{"target": -1.0878938556233744, "params": {"alpha": 0.01128738798297843, "batch_size": 74.04694653740125, "drop": 0.2370849498308489, "layer1": 169.69768772381553, "layer2": 490.93845553841794, "layer3": 377.6264448362102}, "datetime": {"datetime": "2022-10-26 12:37:26", "elapsed": 7080.509606, "delta": 101.110226}}
{"target": -1.0749650650625098, "params": {"alpha": 0.014200899602697511, "batch_size": 100.88979875503091, "drop": 0.20743971869739627, "layer1": 187.02832528958726, "layer2": 519.4700222414651, "layer3": 371.167600786091}, "datetime": {"datetime": "2022-10-26 12:38:34", "elapsed": 7148.173921, "delta": 67.664315}}
{"target": -1.0806347141102153, "params": {"alpha": 0.0106030460083534, "batch_size": 89.27499889988438, "drop": 0.19879651355910155, "layer1": 138.2263318458167, "layer2": 514.9007832796917, "layer3": 307.5134249902902}, "datetime": {"datetime": "2022-10-26 12:40:02", "elapsed": 7235.876642, "delta": 87.702721}}
{"target": -1.0815208179114966, "params": {"alpha": 0.01480963832878764, "batch_size": 83.07217871990981, "drop": 0.23017473791921336, "layer1": 187.20364499181687, "layer2": 525.5476551998478, "layer3": 306.33102282824564}, "datetime": {"datetime": "2022-10-26 12:41:37", "elapsed": 7331.203083, "delta": 95.326441}}
{"target": -1.0818901997794297, "params": {"alpha": 0.01320974555853316, "batch_size": 102.8958352875724, "drop": 0.21156373725539063, "layer1": 175.5577874897399, "layer2": 476.9656983011705, "layer3": 272.92767472989544}, "datetime": {"datetime": "2022-10-26 12:43:01", "elapsed": 7415.019452, "delta": 83.816369}}
{"target": -1.082788768245804, "params": {"alpha": 0.011364231716791084, "batch_size": 84.5564911367288, "drop": 0.20260776664260338, "layer1": 182.61185959532804, "layer2": 481.36688828207593, "layer3": 268.4307560277961}, "datetime": {"datetime": "2022-10-26 12:44:31", "elapsed": 7505.340962, "delta": 90.32151}}
{"target": -1.0710742905770667, "params": {"alpha": 0.013108960211699439, "batch_size": 98.43436448848095, "drop": 0.2203018047099742, "layer1": 142.19621787323265, "layer2": 558.2898526471425, "layer3": 315.0888238627495}, "datetime": {"datetime": "2022-10-26 12:46:07", "elapsed": 7601.090561, "delta": 95.749599}}
{"target": -1.0798297414842133, "params": {"alpha": 0.014572882658711733, "batch_size": 78.82156243756924, "drop": 0.2341956745120038, "layer1": 135.91877276394774, "layer2": 535.2602175281877, "layer3": 280.652239496292}, "datetime": {"datetime": "2022-10-26 12:47:57", "elapsed": 7711.099437, "delta": 110.008876}}
{"target": -1.0877332059219234, "params": {"alpha": 0.01242974128403519, "batch_size": 83.15291781635064, "drop": 0.24404858707109076, "layer1": 145.178460676622, "layer2": 605.352093007958, "layer3": 346.37275631221604}, "datetime": {"datetime": "2022-10-26 12:49:22", "elapsed": 7795.830558, "delta": 84.731121}}
{"target": -1.077860597267354, "params": {"alpha": 0.010977228785568695, "batch_size": 85.3905331240282, "drop": 0.20508345043442602, "layer1": 175.59443315135655, "layer2": 557.7457507216911, "layer3": 290.46990841640985}, "datetime": {"datetime": "2022-10-26 12:51:16", "elapsed": 7910.50616, "delta": 114.675602}}
{"target": -1.0727653340652814, "params": {"alpha": 0.011811408812781792, "batch_size": 83.61988902575881, "drop": 0.20295676779905883, "layer1": 186.6248859824981, "layer2": 581.4262277655713, "layer3": 372.0912046991917}, "datetime": {"datetime": "2022-10-26 12:52:35", "elapsed": 7989.254983, "delta": 78.748823}}
{"target": -1.081233335434812, "params": {"alpha": 0.012788569079545939, "batch_size": 92.25676488154541, "drop": 0.24367083078357887, "layer1": 168.93720645660636, "layer2": 566.9067011458596, "layer3": 314.76185922029566}, "datetime": {"datetime": "2022-10-26 12:54:12", "elapsed": 8086.021895, "delta": 96.766912}}
{"target": -1.076606799538529, "params": {"alpha": 0.012347557769834497, "batch_size": 73.72798156005531, "drop": 0.18294615708520176, "layer1": 178.17118530475668, "layer2": 572.3540896293016, "layer3": 267.4122099027616}, "datetime": {"datetime": "2022-10-26 12:55:37", "elapsed": 8171.141631, "delta": 85.119736}}
{"target": -1.0809084770124109, "params": {"alpha": 0.014690935918197102, "batch_size": 92.81841889870444, "drop": 0.2302006445147055, "layer1": 154.07868543708472, "layer2": 430.2823391728764, "layer3": 300.6420553230027}, "datetime": {"datetime": "2022-10-26 12:57:05", "elapsed": 8259.26196, "delta": 88.120329}}
{"target": -1.0769845663535835, "params": {"alpha": 0.01460250343426507, "batch_size": 103.74164413220217, "drop": 0.19112526786272133, "layer1": 191.21808036769343, "layer2": 580.6522499229028, "layer3": 336.09407002239345}, "datetime": {"datetime": "2022-10-26 12:58:23", "elapsed": 8337.678359, "delta": 78.416399}}
{"target": -1.1112907131575727, "params": {"alpha": 0.014152804415486863, "batch_size": 93.33434460815495, "drop": 0.17707542632468765, "layer1": 164.7121878928928, "layer2": 532.0429066210281, "layer3": 312.86743947166696}, "datetime": {"datetime": "2022-10-26 12:59:18", "elapsed": 8391.94343, "delta": 54.265071}}
{"target": -1.089901008854041, "params": {"alpha": 0.012773651729261605, "batch_size": 92.36789606074429, "drop": 0.20858475643058416, "layer1": 155.8260296977952, "layer2": 560.9061903811286, "layer3": 293.7363669758153}, "datetime": {"datetime": "2022-10-26 13:00:42", "elapsed": 8476.376492, "delta": 84.433062}}
{"target": -1.0779938036670123, "params": {"alpha": 0.010473177968624387, "batch_size": 81.77397068461192, "drop": 0.22330681793948506, "layer1": 160.27071067668197, "layer2": 513.4184983428559, "layer3": 290.64640591315015}, "datetime": {"datetime": "2022-10-26 13:02:27", "elapsed": 8581.363404, "delta": 104.986912}}
{"target": -1.0769909937346531, "params": {"alpha": 0.013811199217802037, "batch_size": 80.88456662102213, "drop": 0.19413258481840862, "layer1": 155.85683777364636, "layer2": 587.5451934217768, "layer3": 331.98754613312866}, "datetime": {"datetime": "2022-10-26 13:03:46", "elapsed": 8660.551212, "delta": 79.187808}}
{"target": -1.0781259832388543, "params": {"alpha": 0.015041936062744048, "batch_size": 105.0540483077067, "drop": 0.24257947539990982, "layer1": 164.3175810617893, "layer2": 560.096249146168, "layer3": 345.0075289211843}, "datetime": {"datetime": "2022-10-26 13:05:22", "elapsed": 8756.249077, "delta": 95.697865}}
{"target": -1.0756745751545738, "params": {"alpha": 0.011300705693053163, "batch_size": 74.17313959795568, "drop": 0.20763972238365824, "layer1": 135.55971217909993, "layer2": 481.4575016489217, "layer3": 331.02467101720043}, "datetime": {"datetime": "2022-10-26 13:06:59", "elapsed": 8852.994506, "delta": 96.745429}}
{"target": -1.0798463590852598, "params": {"alpha": 0.013234147221628703, "batch_size": 94.61381305530861, "drop": 0.1785725937096412, "layer1": 161.42902474472757, "layer2": 558.3581293059458, "layer3": 378.42541283131766}, "datetime": {"datetime": "2022-10-26 13:08:16", "elapsed": 8929.826847, "delta": 76.832341}}
{"target": -1.0750048895341715, "params": {"alpha": 0.01152425860540106, "batch_size": 86.05928187876947, "drop": 0.18730206352320256, "layer1": 190.5568213717463, "layer2": 494.19395335361514, "layer3": 300.14889233484104}, "datetime": {"datetime": "2022-10-26 13:09:34", "elapsed": 9008.398944, "delta": 78.572097}}
{"target": -1.0785968131593284, "params": {"alpha": 0.01502657075068386, "batch_size": 80.53848679951044, "drop": 0.23061350502571468, "layer1": 145.1575226246854, "layer2": 489.21326337196217, "layer3": 319.86211261767374}, "datetime": {"datetime": "2022-10-26 13:10:47", "elapsed": 9081.030564, "delta": 72.63162}}
{"target": -1.0954511220223782, "params": {"alpha": 0.013499314291746216, "batch_size": 93.86304925715652, "drop": 0.23752143803426626, "layer1": 168.82314705739216, "layer2": 531.3928926613532, "layer3": 354.6709232515696}, "datetime": {"datetime": "2022-10-26 13:11:43", "elapsed": 9137.607141, "delta": 56.576577}}
{"target": -1.0806960397624923, "params": {"alpha": 0.014565461825743701, "batch_size": 102.43654486794597, "drop": 0.24128811055221747, "layer1": 136.76189104172343, "layer2": 464.259063250659, "layer3": 319.72250184152693}, "datetime": {"datetime": "2022-10-26 13:13:39", "elapsed": 9252.82938, "delta": 115.222239}}
{"target": -1.0790796165955736, "params": {"alpha": 0.014573034871554053, "batch_size": 76.0134166232758, "drop": 0.23917400597036081, "layer1": 142.327383713647, "layer2": 497.4659005091631, "layer3": 304.0780584081662}, "datetime": {"datetime": "2022-10-26 13:15:29", "elapsed": 9363.53682, "delta": 110.70744}}
{"target": -1.0769990021574871, "params": {"alpha": 0.013323311571985757, "batch_size": 74.83595709680796, "drop": 0.23164107829921793, "layer1": 172.37912808488497, "layer2": 502.97820791290536, "layer3": 272.3530727665861}, "datetime": {"datetime": "2022-10-26 13:17:19", "elapsed": 9473.012561, "delta": 109.475741}}
{"target": -1.0831274773192021, "params": {"alpha": 0.010820964586505845, "batch_size": 96.56452196696517, "drop": 0.2450355743635549, "layer1": 151.36937436648742, "layer2": 468.99544487877387, "layer3": 319.7194577694414}, "datetime": {"datetime": "2022-10-26 13:18:54", "elapsed": 9567.727969, "delta": 94.715408}}
{"target": -1.0747252576847535, "params": {"alpha": 0.012335671729339638, "batch_size": 100.22635145841538, "drop": 0.23934467026804584, "layer1": 183.5963832047145, "layer2": 453.54014593078074, "layer3": 369.98513207583807}, "datetime": {"datetime": "2022-10-26 13:20:11", "elapsed": 9645.242172, "delta": 77.514203}}
{"target": -1.0799845216820012, "params": {"alpha": 0.01321996488471834, "batch_size": 104.97193322858112, "drop": 0.17919420697930474, "layer1": 136.80269005599652, "layer2": 553.0549577196878, "layer3": 306.0433713275249}, "datetime": {"datetime": "2022-10-26 13:21:37", "elapsed": 9731.198729, "delta": 85.956557}}
{"target": -1.0773188523834827, "params": {"alpha": 0.011540888676623891, "batch_size": 103.34015690593483, "drop": 0.22778709697425664, "layer1": 148.3544439553866, "layer2": 506.42080947348916, "layer3": 339.50180879149707}, "datetime": {"datetime": "2022-10-26 13:23:22", "elapsed": 9835.982088, "delta": 104.783359}}
{"target": -1.0806386224497684, "params": {"alpha": 0.014472463320028394, "batch_size": 103.6715400056065, "drop": 0.24757921626064472, "layer1": 147.4179360401189, "layer2": 587.0285862820015, "layer3": 265.832997949436}, "datetime": {"datetime": "2022-10-26 13:25:11", "elapsed": 9945.158603, "delta": 109.176515}}
{"target": -1.0800333050844555, "params": {"alpha": 0.013415606916286224, "batch_size": 102.55836320599977, "drop": 0.24012069670360908, "layer1": 155.3540180203007, "layer2": 432.50140060408074, "layer3": 350.76581974956673}, "datetime": {"datetime": "2022-10-26 13:26:43", "elapsed": 10037.177514, "delta": 92.018911}}
{"target": -1.078554565972155, "params": {"alpha": 0.014943775290041345, "batch_size": 76.82129800247061, "drop": 0.1884116434638955, "layer1": 133.93704633056703, "layer2": 513.0988431945653, "layer3": 351.09538919634457}, "datetime": {"datetime": "2022-10-26 13:28:04", "elapsed": 10117.789444, "delta": 80.61193}}
{"target": -1.0825469458387764, "params": {"alpha": 0.012931188888740432, "batch_size": 95.99726328346549, "drop": 0.20835537192283457, "layer1": 158.88259124965984, "layer2": 598.9219853607377, "layer3": 356.0248856544605}, "datetime": {"datetime": "2022-10-26 13:29:26", "elapsed": 10199.940586, "delta": 82.151142}}
{"target": -1.0836336318718862, "params": {"alpha": 0.010859121214115608, "batch_size": 95.55901978355327, "drop": 0.23002583499585938, "layer1": 180.40325206815004, "layer2": 495.0546644277632, "layer3": 344.19284753188}, "datetime": {"datetime": "2022-10-26 13:30:39", "elapsed": 10272.792166, "delta": 72.85158}}
{"target": -1.0894023692853365, "params": {"alpha": 0.01206236005630977, "batch_size": 85.43921852571862, "drop": 0.21908494385128519, "layer1": 191.2299703409966, "layer2": 455.49233073430236, "layer3": 338.97468928813646}, "datetime": {"datetime": "2022-10-26 13:31:44", "elapsed": 10338.062492, "delta": 65.270326}}
{"target": -1.0823338325952894, "params": {"alpha": 0.01410286510428138, "batch_size": 79.92059736172422, "drop": 0.18669433704507496, "layer1": 172.8022834433249, "layer2": 588.8908750580142, "layer3": 294.8658932289552}, "datetime": {"datetime": "2022-10-26 13:33:11", "elapsed": 10425.434132, "delta": 87.37164}}
{"target": -1.0858426219315456, "params": {"alpha": 0.01183449450132193, "batch_size": 90.05182620995221, "drop": 0.17409032137072297, "layer1": 182.12983554582468, "layer2": 577.8438760292171, "layer3": 309.31662093033975}, "datetime": {"datetime": "2022-10-26 13:34:30", "elapsed": 10504.026015, "delta": 78.591883}}
{"target": -1.0800065145013344, "params": {"alpha": 0.013683687891400153, "batch_size": 103.84006656194258, "drop": 0.1984126681623597, "layer1": 178.40359525359509, "layer2": 497.466528920134, "layer3": 301.7456221980455}, "datetime": {"datetime": "2022-10-26 13:36:08", "elapsed": 10602.566138, "delta": 98.540123}}
{"target": -1.0757371497631472, "params": {"alpha": 0.014264115375433076, "batch_size": 78.007148803006, "drop": 0.22253308477773048, "layer1": 154.62615962621877, "layer2": 523.284166245455, "layer3": 305.2448806544992}, "datetime": {"datetime": "2022-10-26 13:37:44", "elapsed": 10697.983042, "delta": 95.416904}}
{"target": -1.098475396714377, "params": {"alpha": 0.012153344568242262, "batch_size": 93.00926714939516, "drop": 0.2216719068677165, "layer1": 181.29740163398282, "layer2": 585.2486392007186, "layer3": 305.78355199566556}, "datetime": {"datetime": "2022-10-26 13:38:37", "elapsed": 10751.178386, "delta": 53.195344}}
{"target": -1.0697662334702907, "params": {"alpha": 0.012821809017362015, "batch_size": 78.47724685388826, "drop": 0.24529469737996065, "layer1": 152.66573797587978, "layer2": 545.9183541886018, "layer3": 376.35282147929854}, "datetime": {"datetime": "2022-10-26 13:40:33", "elapsed": 10867.634594, "delta": 116.456208}}
{"target": -1.0877083976204613, "params": {"alpha": 0.014624961075327177, "batch_size": 73.9823855127995, "drop": 0.20740398049803987, "layer1": 139.14098340127256, "layer2": 551.6130335606808, "layer3": 335.70685399139506}, "datetime": {"datetime": "2022-10-26 13:42:10", "elapsed": 10963.935114, "delta": 96.30052}}
{"target": -1.0643515918899669, "params": {"alpha": 0.013258944157806317, "batch_size": 103.2811968709289, "drop": 0.2004263188164614, "layer1": 141.163290285992, "layer2": 436.492296840425, "layer3": 294.0758129051513}, "datetime": {"datetime": "2022-10-26 13:43:56", "elapsed": 11070.125391, "delta": 106.190277}}
{"target": -1.0924566647247018, "params": {"alpha": 0.013754086795935313, "batch_size": 91.73798613157278, "drop": 0.20443816163520714, "layer1": 172.0712209677761, "layer2": 439.4339144889468, "layer3": 333.8305350256763}, "datetime": {"datetime": "2022-10-26 13:45:17", "elapsed": 11151.029067, "delta": 80.903676}}
{"target": -1.0759134930288865, "params": {"alpha": 0.014064834661638556, "batch_size": 91.71591561364973, "drop": 0.24779132930077077, "layer1": 149.93991561716297, "layer2": 520.9918798845376, "layer3": 332.8243208752217}, "datetime": {"datetime": "2022-10-26 13:46:59", "elapsed": 11253.540649, "delta": 102.511582}}
{"target": -1.0666612640051691, "params": {"alpha": 0.012177940253829306, "batch_size": 73.75035454837189, "drop": 0.20273207076589134, "layer1": 143.6736939874696, "layer2": 483.14665133722815, "layer3": 296.22079992416985}, "datetime": {"datetime": "2022-10-26 13:48:34", "elapsed": 11348.428145, "delta": 94.887496}}
{"target": -1.0725160128379, "params": {"alpha": 0.01090973853448659, "batch_size": 96.6490173477735, "drop": 0.24298567968724877, "layer1": 162.305772230008, "layer2": 430.3163397550455, "layer3": 312.856452618111}, "datetime": {"datetime": "2022-10-26 13:50:10", "elapsed": 11444.003713, "delta": 95.575568}}
{"target": -1.0804468964499128, "params": {"alpha": 0.011474533633116433, "batch_size": 78.10499629422743, "drop": 0.2165086078890993, "layer1": 187.0733718965894, "layer2": 427.2475067165304, "layer3": 292.3914285472536}, "datetime": {"datetime": "2022-10-26 13:51:51", "elapsed": 11545.567753, "delta": 101.56404}}
{"target": -1.0732055709033999, "params": {"alpha": 0.011571956562285083, "batch_size": 82.79852668768787, "drop": 0.2491622019245474, "layer1": 184.42454430701105, "layer2": 570.1055100373001, "layer3": 376.7760254211954}, "datetime": {"datetime": "2022-10-26 13:53:36", "elapsed": 11650.631044, "delta": 105.063291}}
{"target": -1.0826262663370783, "params": {"alpha": 0.01135549097332416, "batch_size": 98.20896196723552, "drop": 0.18330305587902146, "layer1": 156.68741141772216, "layer2": 504.2021134568718, "layer3": 348.5305905851715}, "datetime": {"datetime": "2022-10-26 13:55:08", "elapsed": 11742.238651, "delta": 91.607607}}
{"target": -1.0858209350314894, "params": {"alpha": 0.011136225393524565, "batch_size": 102.6293398930707, "drop": 0.18884550427315502, "layer1": 163.77439219257627, "layer2": 562.5748496021336, "layer3": 378.7982668689353}, "datetime": {"datetime": "2022-10-26 13:56:25", "elapsed": 11819.541797, "delta": 77.303146}}
{"target": -1.0751535047883451, "params": {"alpha": 0.013458880802555261, "batch_size": 83.01940845699495, "drop": 0.19729955449421252, "layer1": 191.0236622922395, "layer2": 460.1756677384691, "layer3": 346.1044707084975}, "datetime": {"datetime": "2022-10-26 13:57:43", "elapsed": 11897.256305, "delta": 77.714508}}
