{"target": -1.0784249809082815, "params": {"alpha": 0.014935113539584821, "batch_size": 80.37407141295347, "drop": 0.2188479746891854, "layer1": 146.00565446573367, "layer2": 556.0819349584658, "layer3": 364.3201819015792}, "datetime": {"datetime": "2022-10-26 10:39:26", "elapsed": 0.0, "delta": 0.0}}
{"target": -1.070767138771094, "params": {"alpha": 0.012455761225807197, "batch_size": 99.85204806514449, "drop": 0.17835559808579404, "layer1": 135.71430128167762, "layer2": 536.9793017373123, "layer3": 278.45367839708035}, "datetime": {"datetime": "2022-10-26 10:40:34", "elapsed": 68.569633, "delta": 68.569633}}
{"target": -1.0828540305950523, "params": {"alpha": 0.011844070107665562, "batch_size": 84.92226635484793, "drop": 0.22308509255873044, "layer1": 144.6996798257163, "layer2": 553.8582933193079, "layer3": 355.7890000885112}, "datetime": {"datetime": "2022-10-26 10:42:12", "elapsed": 165.792216, "delta": 97.222583}}
{"target": -1.0801901493328714, "params": {"alpha": 0.013879087342989389, "batch_size": 75.07840716676566, "drop": 0.17657207081497261, "layer1": 187.41057752640089, "layer2": 437.86931409193363, "layer3": 284.26103321571753}, "datetime": {"datetime": "2022-10-26 10:43:39", "elapsed": 252.931055, "delta": 87.138839}}
{"target": -1.0759286883386354, "params": {"alpha": 0.015005858713748828, "batch_size": 77.95680430342091, "drop": 0.18542828641558584, "layer1": 138.07349530796046, "layer2": 456.1791747142545, "layer3": 336.1482411128053}, "datetime": {"datetime": "2022-10-26 10:45:01", "elapsed": 334.965277, "delta": 82.034222}}
{"target": -1.0923104422290868, "params": {"alpha": 0.012953885964487561, "batch_size": 90.39945656513136, "drop": 0.20122180760788153, "layer1": 188.92367161701026, "layer2": 576.6822630285344, "layer3": 275.9156408221862}, "datetime": {"datetime": "2022-10-26 10:46:34", "elapsed": 428.190385, "delta": 93.225108}}
{"target": -1.0843623821832609, "params": {"alpha": 0.013050611816075551, "batch_size": 94.79257219014522, "drop": 0.2478995047768492, "layer1": 135.5407427907109, "layer2": 605.5143216005777, "layer3": 376.73050213829254}, "datetime": {"datetime": "2022-10-26 10:48:06", "elapsed": 519.781347, "delta": 91.590962}}
{"target": -1.0713850469331523, "params": {"alpha": 0.012732897404382309, "batch_size": 99.15368225158217, "drop": 0.1897796821329379, "layer1": 175.31514797914286, "layer2": 459.9101310838978, "layer3": 348.7151226705885}, "datetime": {"datetime": "2022-10-26 10:49:23", "elapsed": 597.319149, "delta": 77.537802}}
{"target": -1.0725803368273363, "params": {"alpha": 0.011476208987870294, "batch_size": 75.30515926156636, "drop": 0.21867290543475776, "layer1": 181.343219869542, "layer2": 509.4879724845936, "layer3": 305.88798429333025}, "datetime": {"datetime": "2022-10-26 10:50:52", "elapsed": 686.574411, "delta": 89.255262}}
{"target": -1.0779570410345036, "params": {"alpha": 0.01138540968405428, "batch_size": 85.48636027190055, "drop": 0.21200104377721138, "layer1": 179.19233047793853, "layer2": 459.30866170744815, "layer3": 353.72202331065233}, "datetime": {"datetime": "2022-10-26 10:52:27", "elapsed": 780.900447, "delta": 94.326036}}
{"target": -1.0696773870232203, "params": {"alpha": 0.014574040649354046, "batch_size": 82.82770998863413, "drop": 0.2298503470882677, "layer1": 179.6667460178634, "layer2": 423.75516749848566, "layer3": 371.84018326894636}, "datetime": {"datetime": "2022-10-26 10:53:44", "elapsed": 858.113912, "delta": 77.213465}}
{"target": -1.105670832964644, "params": {"alpha": 0.010541511247170584, "batch_size": 93.28216644851699, "drop": 0.22257786959510156, "layer1": 161.1087109931361, "layer2": 573.7987667785072, "layer3": 296.7433585255548}, "datetime": {"datetime": "2022-10-26 10:54:42", "elapsed": 916.141259, "delta": 58.027347}}
{"target": -1.0695193241366656, "params": {"alpha": 0.01268026747650812, "batch_size": 82.51091813533745, "drop": 0.1937021326925253, "layer1": 133.21613449279621, "layer2": 529.7564059311977, "layer3": 301.13160268145435}, "datetime": {"datetime": "2022-10-26 10:56:09", "elapsed": 1002.855043, "delta": 86.713784}}
{"target": -1.0731762943163257, "params": {"alpha": 0.01366862022130203, "batch_size": 83.38504000892674, "drop": 0.17949024124714646, "layer1": 156.1786733902851, "layer2": 544.1410848668604, "layer3": 331.78888117256787}, "datetime": {"datetime": "2022-10-26 10:57:24", "elapsed": 1078.258357, "delta": 75.403314}}
{"target": -1.0843949922681306, "params": {"alpha": 0.013735013317574667, "batch_size": 74.41244957612497, "drop": 0.21442378322079894, "layer1": 160.78208035045506, "layer2": 570.7207755786915, "layer3": 330.12082293608483}, "datetime": {"datetime": "2022-10-26 10:59:05", "elapsed": 1178.910472, "delta": 100.652115}}
{"target": -1.0790218165462986, "params": {"alpha": 0.01462125895238021, "batch_size": 86.47942556318853, "drop": 0.23899489960742087, "layer1": 162.81845268771664, "layer2": 512.5475254314249, "layer3": 323.44332050370224}, "datetime": {"datetime": "2022-10-26 11:00:46", "elapsed": 1279.786344, "delta": 100.875872}}
{"target": -1.0776933308867094, "params": {"alpha": 0.013208935033291415, "batch_size": 79.43863763889787, "drop": 0.2260101020211882, "layer1": 157.46409375400225, "layer2": 519.1995710978914, "layer3": 361.98776695814513}, "datetime": {"datetime": "2022-10-26 11:02:14", "elapsed": 1368.353744, "delta": 88.5674}}
{"target": -1.0727040249644662, "params": {"alpha": 0.014049246657220106, "batch_size": 99.45633229805664, "drop": 0.18611420008194896, "layer1": 166.82657258720397, "layer2": 545.5293686302549, "layer3": 331.00805630453294}, "datetime": {"datetime": "2022-10-26 11:03:31", "elapsed": 1444.789619, "delta": 76.435875}}
{"target": -1.0795948846801042, "params": {"alpha": 0.012244751580172599, "batch_size": 85.67747349490551, "drop": 0.24072495813591954, "layer1": 151.67942947162047, "layer2": 596.5098515756484, "layer3": 337.0978817264766}, "datetime": {"datetime": "2022-10-26 11:05:12", "elapsed": 1546.488956, "delta": 101.699337}}
{"target": -1.074599002490604, "params": {"alpha": 0.01453582330585651, "batch_size": 96.95905817975289, "drop": 0.24682486463896633, "layer1": 168.22164788289825, "layer2": 531.604894115073, "layer3": 306.24883534142396}, "datetime": {"datetime": "2022-10-26 11:06:52", "elapsed": 1645.982595, "delta": 99.493639}}
{"target": -1.0966149587974383, "params": {"alpha": 0.01467801438455426, "batch_size": 93.96214222662061, "drop": 0.23228548795781115, "layer1": 179.00523470060693, "layer2": 468.59698522886634, "layer3": 292.0966788277882}, "datetime": {"datetime": "2022-10-26 11:07:50", "elapsed": 1703.871543, "delta": 57.888948}}
{"target": -1.0660060797268143, "params": {"alpha": 0.012798517330986615, "batch_size": 88.73642138570953, "drop": 0.1866564213553862, "layer1": 179.42209644643614, "layer2": 570.0525681290112, "layer3": 314.0200478539915}, "datetime": {"datetime": "2022-10-26 11:09:09", "elapsed": 1783.268326, "delta": 79.396783}}
{"target": -1.0777050836496815, "params": {"alpha": 0.01291991974446181, "batch_size": 73.77447918476483, "drop": 0.20650827419253004, "layer1": 151.83327412638118, "layer2": 515.2499689528097, "layer3": 298.2551440496345}, "datetime": {"datetime": "2022-10-26 11:10:44", "elapsed": 1878.581258, "delta": 95.312932}}
{"target": -1.072590731551344, "params": {"alpha": 0.011151285329252462, "batch_size": 102.49051293579251, "drop": 0.24875209403921988, "layer1": 149.67938339026227, "layer2": 522.6573528473798, "layer3": 370.62827743631067}, "datetime": {"datetime": "2022-10-26 11:12:17", "elapsed": 1970.905958, "delta": 92.3247}}
{"target": -1.0907243524904344, "params": {"alpha": 0.011549906649723147, "batch_size": 93.53438909061305, "drop": 0.2080385614973761, "layer1": 152.16162516528917, "layer2": 510.6261504662407, "layer3": 311.99469041528977}, "datetime": {"datetime": "2022-10-26 11:13:02", "elapsed": 2015.772353, "delta": 44.866395}}
{"target": -1.0820512009665382, "params": {"alpha": 0.010587109398118029, "batch_size": 85.04961511329738, "drop": 0.23543474092407968, "layer1": 159.44979454606926, "layer2": 545.4540610675162, "layer3": 334.03497653730585}, "datetime": {"datetime": "2022-10-26 11:14:47", "elapsed": 2121.316265, "delta": 105.543912}}
{"target": -1.076620808888346, "params": {"alpha": 0.011010289448048284, "batch_size": 89.4798202021979, "drop": 0.21182027594451702, "layer1": 158.76355484249612, "layer2": 558.9035039087191, "layer3": 308.83852274700115}, "datetime": {"datetime": "2022-10-26 11:16:12", "elapsed": 2206.372426, "delta": 85.056161}}
{"target": -1.0862319445597108, "params": {"alpha": 0.01402905553044394, "batch_size": 88.68591035520215, "drop": 0.24703805124283545, "layer1": 188.01318606347974, "layer2": 434.6396927798206, "layer3": 329.21411053101383}, "datetime": {"datetime": "2022-10-26 11:17:44", "elapsed": 2298.106741, "delta": 91.734315}}
{"target": -1.0679717185726916, "params": {"alpha": 0.011278924431672561, "batch_size": 99.80624920515277, "drop": 0.17467295362077065, "layer1": 163.48903489176638, "layer2": 509.47615554835454, "layer3": 366.85693499397894}, "datetime": {"datetime": "2022-10-26 11:19:01", "elapsed": 2374.848055, "delta": 76.741314}}
{"target": -1.0775837525500207, "params": {"alpha": 0.013588279437750882, "batch_size": 97.1369033006053, "drop": 0.17750036561371946, "layer1": 156.43376425504832, "layer2": 436.2021832951781, "layer3": 287.9713742297497}, "datetime": {"datetime": "2022-10-26 11:20:23", "elapsed": 2457.10067, "delta": 82.252615}}
{"target": -1.077838966376859, "params": {"alpha": 0.015066000772080725, "batch_size": 86.73519310114526, "drop": 0.22331382570230662, "layer1": 134.72201444496423, "layer2": 576.5414871725841, "layer3": 296.97433881372143}, "datetime": {"datetime": "2022-10-26 11:21:56", "elapsed": 2550.038492, "delta": 92.937822}}
{"target": -1.0826972414360478, "params": {"alpha": 0.011756152704836036, "batch_size": 80.21385302432284, "drop": 0.18381189804530113, "layer1": 188.51114238503078, "layer2": 511.64924439457536, "layer3": 284.75931912322136}, "datetime": {"datetime": "2022-10-26 11:23:08", "elapsed": 2622.399801, "delta": 72.361309}}
{"target": -1.1026121831048148, "params": {"alpha": 0.010821998369189277, "batch_size": 93.73367095339795, "drop": 0.20459922160016025, "layer1": 182.21358775270005, "layer2": 560.2163010146744, "layer3": 354.52663697406774}, "datetime": {"datetime": "2022-10-26 11:24:07", "elapsed": 2680.7352, "delta": 58.335399}}
{"target": -1.0726586260166933, "params": {"alpha": 0.012650186146746713, "batch_size": 81.46165377912094, "drop": 0.18751034883165116, "layer1": 145.1706985037938, "layer2": 518.0742057601485, "layer3": 305.274735037433}, "datetime": {"datetime": "2022-10-26 11:25:26", "elapsed": 2759.742967, "delta": 79.007767}}
{"target": -1.0762746782755583, "params": {"alpha": 0.012296688160400597, "batch_size": 75.95519480459217, "drop": 0.2162471169486615, "layer1": 147.0252697760478, "layer2": 490.87982849419797, "layer3": 318.5894097933295}, "datetime": {"datetime": "2022-10-26 11:26:50", "elapsed": 2843.950111, "delta": 84.207144}}
{"target": -1.0916222309877102, "params": {"alpha": 0.012770175395946114, "batch_size": 91.4086379456106, "drop": 0.21140965983899623, "layer1": 189.23895322018382, "layer2": 449.6591944671525, "layer3": 297.3764535576112}, "datetime": {"datetime": "2022-10-26 11:28:17", "elapsed": 2931.348356, "delta": 87.398245}}
{"target": -1.0869538060877535, "params": {"alpha": 0.014172604364215862, "batch_size": 98.72772047653588, "drop": 0.2212958796635221, "layer1": 136.09960563021633, "layer2": 560.1196505045189, "layer3": 273.08321998531}, "datetime": {"datetime": "2022-10-26 11:29:44", "elapsed": 3018.27604, "delta": 86.927684}}
{"target": -1.0795282591682747, "params": {"alpha": 0.01434722540889792, "batch_size": 87.55580079696978, "drop": 0.17941304048737675, "layer1": 191.24803534298593, "layer2": 422.7139524900069, "layer3": 314.9818752405116}, "datetime": {"datetime": "2022-10-26 11:30:58", "elapsed": 3091.721365, "delta": 73.445325}}
{"target": -1.084686227686769, "params": {"alpha": 0.013514226608024807, "batch_size": 84.36219447475727, "drop": 0.19502810962664988, "layer1": 138.3979322475509, "layer2": 489.09565606085437, "layer3": 324.8782758027272}, "datetime": {"datetime": "2022-10-26 11:32:10", "elapsed": 3164.280679, "delta": 72.559314}}
{"target": -1.0781388818569833, "params": {"alpha": 0.01417962453323049, "batch_size": 86.14489788576813, "drop": 0.1742660210990839, "layer1": 179.16912318599842, "layer2": 468.78367232460874, "layer3": 271.21424397914075}, "datetime": {"datetime": "2022-10-26 11:33:36", "elapsed": 3250.657865, "delta": 86.377186}}
{"target": -1.0722459351933142, "params": {"alpha": 0.014846530006789607, "batch_size": 97.23828690409105, "drop": 0.2459213635059398, "layer1": 165.07703941643624, "layer2": 557.2496069744144, "layer3": 271.2559394819715}, "datetime": {"datetime": "2022-10-26 11:35:09", "elapsed": 3343.362095, "delta": 92.70423}}
{"target": -1.0801246087747585, "params": {"alpha": 0.013758456174238291, "batch_size": 83.722099772397, "drop": 0.222947579483482, "layer1": 139.70834603390344, "layer2": 544.7423980190609, "layer3": 367.5615324749091}, "datetime": {"datetime": "2022-10-26 11:36:38", "elapsed": 3432.144999, "delta": 88.782904}}
{"target": -1.0840125940587777, "params": {"alpha": 0.013231510458151588, "batch_size": 98.21130800104342, "drop": 0.2207925035714775, "layer1": 155.04580363586498, "layer2": 594.8625476268898, "layer3": 335.2511590704826}, "datetime": {"datetime": "2022-10-26 11:38:07", "elapsed": 3521.572219, "delta": 89.42722}}
{"target": -1.0855725388130824, "params": {"alpha": 0.010976991691247866, "batch_size": 79.9781640278306, "drop": 0.2390124721431654, "layer1": 172.27312315758067, "layer2": 424.12602957613933, "layer3": 349.9642669387633}, "datetime": {"datetime": "2022-10-26 11:39:16", "elapsed": 3590.068681, "delta": 68.496462}}
{"target": -1.097219818308233, "params": {"alpha": 0.013542144454993667, "batch_size": 93.95845530844528, "drop": 0.20160069172043665, "layer1": 186.5631627446241, "layer2": 534.0229012125545, "layer3": 264.46137493678026}, "datetime": {"datetime": "2022-10-26 11:40:11", "elapsed": 3644.832822, "delta": 54.764141}}
{"target": -1.081657866085963, "params": {"alpha": 0.011401672566878036, "batch_size": 79.47188215531618, "drop": 0.1798106719895951, "layer1": 170.92082241312866, "layer2": 485.15686665185774, "layer3": 333.3723194164719}, "datetime": {"datetime": "2022-10-26 11:41:28", "elapsed": 3722.321282, "delta": 77.48846}}
{"target": -1.0791897763757017, "params": {"alpha": 0.012722371522073532, "batch_size": 74.93092136815892, "drop": 0.1859359329944693, "layer1": 185.77883744344814, "layer2": 517.3900717375308, "layer3": 368.0783769406346}, "datetime": {"datetime": "2022-10-26 11:43:12", "elapsed": 3826.670253, "delta": 104.348971}}
{"target": -1.0749370806689278, "params": {"alpha": 0.014670481303482705, "batch_size": 92.24334144196354, "drop": 0.19858484739462282, "layer1": 155.54572381903958, "layer2": 460.72866461293825, "layer3": 326.7298430089317}, "datetime": {"datetime": "2022-10-26 11:44:41", "elapsed": 3915.278408, "delta": 88.608155}}
{"target": -1.0774005451900952, "params": {"alpha": 0.01463738876326686, "batch_size": 91.55246741272663, "drop": 0.18640299934470295, "layer1": 149.60519851730484, "layer2": 553.2680847955583, "layer3": 317.19478553314633}, "datetime": {"datetime": "2022-10-26 11:45:59", "elapsed": 3993.404104, "delta": 78.125696}}
{"target": -1.0820380307085242, "params": {"alpha": 0.014331241714560463, "batch_size": 96.04522437162893, "drop": 0.2432085789194953, "layer1": 180.39231422896378, "layer2": 523.03642089052, "layer3": 317.31162970117606}, "datetime": {"datetime": "2022-10-26 11:47:16", "elapsed": 4070.388796, "delta": 76.984692}}
{"target": -1.0759055424700557, "params": {"alpha": 0.012940073309840682, "batch_size": 97.750978447204, "drop": 0.1820364744109414, "layer1": 186.59566533054266, "layer2": 468.8541540291135, "layer3": 298.12728018998075}, "datetime": {"datetime": "2022-10-26 11:48:47", "elapsed": 4161.28648, "delta": 90.897684}}
{"target": -1.077269664848169, "params": {"alpha": 0.012815891325096423, "batch_size": 96.77483770933455, "drop": 0.21646198734049932, "layer1": 162.7871123853937, "layer2": 534.5297481570205, "layer3": 266.81280628962327}, "datetime": {"datetime": "2022-10-26 11:50:24", "elapsed": 4258.07494, "delta": 96.78846}}
{"target": -1.0791553335795356, "params": {"alpha": 0.014238432495332954, "batch_size": 77.2856034085658, "drop": 0.21317981714436662, "layer1": 144.4386905029279, "layer2": 433.25404321614747, "layer3": 375.59871733038585}, "datetime": {"datetime": "2022-10-26 11:52:00", "elapsed": 4354.23801, "delta": 96.16307}}
{"target": -1.078903908070256, "params": {"alpha": 0.012482471705247711, "batch_size": 95.0623128166169, "drop": 0.17703430730143332, "layer1": 164.84710565307617, "layer2": 576.5441003680324, "layer3": 306.69911121364936}, "datetime": {"datetime": "2022-10-26 11:53:14", "elapsed": 4428.296104, "delta": 74.058094}}
{"target": -1.0766973529106028, "params": {"alpha": 0.012368729235828671, "batch_size": 80.77097518395105, "drop": 0.23691438596467773, "layer1": 164.93888597040126, "layer2": 425.82069295198755, "layer3": 280.3076744276777}, "datetime": {"datetime": "2022-10-26 11:54:42", "elapsed": 4515.776941, "delta": 87.480837}}
{"target": -1.0676751317162179, "params": {"alpha": 0.011115257074566575, "batch_size": 96.5442351414444, "drop": 0.24788354280160507, "layer1": 171.84473384966498, "layer2": 531.2300158349647, "layer3": 318.1427792869744}, "datetime": {"datetime": "2022-10-26 11:56:16", "elapsed": 4610.040475, "delta": 94.263534}}
{"target": -1.0819161058725892, "params": {"alpha": 0.014141944927810719, "batch_size": 78.77319284400551, "drop": 0.1840435044653313, "layer1": 152.51040649253287, "layer2": 430.9102861311119, "layer3": 370.20828339897037}, "datetime": {"datetime": "2022-10-26 11:57:37", "elapsed": 4690.869823, "delta": 80.829348}}
{"target": -1.0686663432354666, "params": {"alpha": 0.012197221517692636, "batch_size": 91.70193135093423, "drop": 0.2017710337713787, "layer1": 152.32011240009717, "layer2": 587.5426926975493, "layer3": 327.08288527437185}, "datetime": {"datetime": "2022-10-26 11:59:02", "elapsed": 4776.195383, "delta": 85.32556}}
{"target": -1.0646820504881949, "params": {"alpha": 0.012886222844184343, "batch_size": 95.08122354941364, "drop": 0.19947791885617103, "layer1": 143.48935339797993, "layer2": 490.38375041694087, "layer3": 337.485368409817}, "datetime": {"datetime": "2022-10-26 12:00:32", "elapsed": 4865.809134, "delta": 89.613751}}
{"target": -1.0798237865867066, "params": {"alpha": 0.010682704079509848, "batch_size": 81.78173677536934, "drop": 0.250340554418738, "layer1": 165.5914430149203, "layer2": 526.5416285873724, "layer3": 340.2403703746741}, "datetime": {"datetime": "2022-10-26 12:02:18", "elapsed": 4972.132485, "delta": 106.323351}}
{"target": -1.0786800975121622, "params": {"alpha": 0.014327456375809577, "batch_size": 84.64016225511095, "drop": 0.17618868389501705, "layer1": 172.50835089702568, "layer2": 503.35442446041, "layer3": 313.57625011706443}, "datetime": {"datetime": "2022-10-26 12:03:34", "elapsed": 5048.673095, "delta": 76.54061}}
{"target": -1.0805556380721175, "params": {"alpha": 0.012358654225424863, "batch_size": 101.0938627789858, "drop": 0.20686144275176616, "layer1": 141.40020714484973, "layer2": 545.8042129024153, "layer3": 369.116772934901}, "datetime": {"datetime": "2022-10-26 12:04:55", "elapsed": 5129.373079, "delta": 80.699984}}
{"target": -1.0904747104071526, "params": {"alpha": 0.014044872919956505, "batch_size": 75.35398107613906, "drop": 0.1794356206298982, "layer1": 187.58826055815706, "layer2": 437.74945516371974, "layer3": 330.63698691729803}, "datetime": {"datetime": "2022-10-26 12:06:28", "elapsed": 5222.4928, "delta": 93.119721}}
{"target": -1.0821104485317667, "params": {"alpha": 0.011888496754067545, "batch_size": 81.43139202291097, "drop": 0.23762450959028386, "layer1": 162.0132036676331, "layer2": 590.3333067552121, "layer3": 364.3674311644885}, "datetime": {"datetime": "2022-10-26 12:08:07", "elapsed": 5320.840607, "delta": 98.347807}}
{"target": -1.0828955208352988, "params": {"alpha": 0.012054764694139776, "batch_size": 76.79594083321888, "drop": 0.1877207523189953, "layer1": 148.70398233261747, "layer2": 581.1253568432861, "layer3": 303.7073092847726}, "datetime": {"datetime": "2022-10-26 12:09:22", "elapsed": 5396.265164, "delta": 75.424557}}
{"target": -1.0672358672951345, "params": {"alpha": 0.012549483034363141, "batch_size": 82.79964756640057, "drop": 0.18890373009925507, "layer1": 134.22782565121895, "layer2": 600.8681088330193, "layer3": 327.4906062016417}, "datetime": {"datetime": "2022-10-26 12:10:40", "elapsed": 5474.066166, "delta": 77.801002}}
{"target": -1.0772073214070343, "params": {"alpha": 0.011095079222893696, "batch_size": 86.6514054220204, "drop": 0.18095046798780434, "layer1": 175.06958126612872, "layer2": 550.1730059103927, "layer3": 295.0277632694932}, "datetime": {"datetime": "2022-10-26 12:11:59", "elapsed": 5552.926113, "delta": 78.859947}}
{"target": -1.0785728873493008, "params": {"alpha": 0.011655585416687738, "batch_size": 89.80229029490971, "drop": 0.2343955419137456, "layer1": 179.41031075347678, "layer2": 489.5803779327755, "layer3": 326.936315338916}, "datetime": {"datetime": "2022-10-26 12:13:36", "elapsed": 5650.545449, "delta": 97.619336}}
{"target": -1.0751821487145865, "params": {"alpha": 0.012602755066394682, "batch_size": 84.03497245260093, "drop": 0.21852045186746705, "layer1": 178.45518296308936, "layer2": 461.8623251953159, "layer3": 373.0865924501431}, "datetime": {"datetime": "2022-10-26 12:15:01", "elapsed": 5735.629977, "delta": 85.084528}}
