{"target": -1.068053125350787, "params": {"alpha": 0.011669386038698427, "batch_size": 78.32721800772944, "drop": 0.2354400919340638, "layer1": 183.39269842850115, "layer2": 550.9697031808436, "layer3": 324.90739153735774}, "datetime": {"datetime": "2022-10-26 13:59:19", "elapsed": 11993.447, "delta": 96.190695}}
{"target": -1.0788112650270558, "params": {"alpha": 0.013357020765675968, "batch_size": 94.09511561750776, "drop": 0.23425959080705122, "layer1": 187.1368694497435, "layer2": 524.8369766622213, "layer3": 283.56513952632616}, "datetime": {"datetime": "2022-10-26 14:00:53", "elapsed": 12086.760867, "delta": 93.313867}}
{"target": -1.0814794612598106, "params": {"alpha": 0.012622355496711087, "batch_size": 100.58513813359828, "drop": 0.21881342942792723, "layer1": 159.45558650075827, "layer2": 498.71620320287775, "layer3": 279.1489842181113}, "datetime": {"datetime": "2022-10-26 14:02:09", "elapsed": 12162.932772, "delta": 76.171905}}
{"target": -1.068065790863535, "params": {"alpha": 0.01182229900050663, "batch_size": 92.06061869474738, "drop": 0.20985997623158487, "layer1": 157.30306083370118, "layer2": 547.1827335494893, "layer3": 307.26338323049606}, "datetime": {"datetime": "2022-10-26 14:03:45", "elapsed": 12259.375189, "delta": 96.442417}}
{"target": -1.083078260191572, "params": {"alpha": 0.012237092889350348, "batch_size": 90.08780533513763, "drop": 0.23077908130857663, "layer1": 164.57775566465688, "layer2": 445.2121329505178, "layer3": 341.38193769333185}, "datetime": {"datetime": "2022-10-26 14:05:12", "elapsed": 12346.390674, "delta": 87.015485}}
{"target": -1.0843726190954601, "params": {"alpha": 0.011125667196347689, "batch_size": 94.15797746084192, "drop": 0.22421384250688178, "layer1": 170.10012533540214, "layer2": 463.0654756494996, "layer3": 292.7350972637103}, "datetime": {"datetime": "2022-10-26 14:06:47", "elapsed": 12441.592481, "delta": 95.201807}}
{"target": -1.0738504463323442, "params": {"alpha": 0.01079771551090939, "batch_size": 95.76614430647489, "drop": 0.19956839337979287, "layer1": 135.36976994673446, "layer2": 546.9844964429003, "layer3": 328.33217595366614}, "datetime": {"datetime": "2022-10-26 14:08:30", "elapsed": 12543.895576, "delta": 102.303095}}
{"target": -1.0772356443909852, "params": {"alpha": 0.010771002355478588, "batch_size": 88.47628014627367, "drop": 0.20859814568267118, "layer1": 186.38983323164146, "layer2": 535.2383790459742, "layer3": 359.4841561424041}, "datetime": {"datetime": "2022-10-26 14:09:53", "elapsed": 12627.544608, "delta": 83.649032}}
{"target": -1.079924303219919, "params": {"alpha": 0.01421516312301994, "batch_size": 85.58613018429969, "drop": 0.2117257778642311, "layer1": 143.1382217098644, "layer2": 474.47986189132854, "layer3": 270.5372069960134}, "datetime": {"datetime": "2022-10-26 14:11:28", "elapsed": 12722.52874, "delta": 94.984132}}
{"target": -1.072416072248253, "params": {"alpha": 0.010804441937184134, "batch_size": 87.16058496417229, "drop": 0.1886851325674379, "layer1": 172.18074822159616, "layer2": 594.8491968519033, "layer3": 290.09636394692336}, "datetime": {"datetime": "2022-10-26 14:12:58", "elapsed": 12811.733441, "delta": 89.204701}}
{"target": -1.0748115876061128, "params": {"alpha": 0.011118795917199789, "batch_size": 81.76069924166468, "drop": 0.2501271253504808, "layer1": 153.3926857367258, "layer2": 469.3926608247138, "layer3": 290.0125241451682}, "datetime": {"datetime": "2022-10-26 14:14:43", "elapsed": 12917.349912, "delta": 105.616471}}
{"target": -1.0695552300881213, "params": {"alpha": 0.01065458650911757, "batch_size": 102.72329398526001, "drop": 0.17504937463714934, "layer1": 153.24521076026886, "layer2": 473.31970779465337, "layer3": 339.87524218916724}, "datetime": {"datetime": "2022-10-26 14:15:53", "elapsed": 12987.696874, "delta": 70.346962}}
{"target": -1.077158305685559, "params": {"alpha": 0.012302941372630357, "batch_size": 95.9577947756617, "drop": 0.2133810059277553, "layer1": 154.3667520326676, "layer2": 573.1525351703036, "layer3": 302.5248621490557}, "datetime": {"datetime": "2022-10-26 14:17:32", "elapsed": 13086.566975, "delta": 98.870101}}
{"target": -1.087307800532032, "params": {"alpha": 0.012374772888085807, "batch_size": 101.11365159427493, "drop": 0.22061100712839174, "layer1": 153.19443879354827, "layer2": 474.7866757781926, "layer3": 321.6591759233956}, "datetime": {"datetime": "2022-10-26 14:19:16", "elapsed": 13190.25751, "delta": 103.690535}}
{"target": -1.0855118873293692, "params": {"alpha": 0.01382236500222149, "batch_size": 79.23391650411385, "drop": 0.24138446984430434, "layer1": 139.14745738712423, "layer2": 590.9398974103619, "layer3": 293.47021363547134}, "datetime": {"datetime": "2022-10-26 14:20:53", "elapsed": 13287.05848, "delta": 96.80097}}
{"target": -1.0815850549628043, "params": {"alpha": 0.013199611406952262, "batch_size": 103.29989620772844, "drop": 0.24031547832194303, "layer1": 138.76528611032688, "layer2": 495.7514716599036, "layer3": 380.3763004772501}, "datetime": {"datetime": "2022-10-26 14:22:23", "elapsed": 13377.626143, "delta": 90.567663}}
{"target": -1.0762117310006487, "params": {"alpha": 0.011304947486513168, "batch_size": 77.06450756824742, "drop": 0.24755018110303467, "layer1": 182.55865828272968, "layer2": 426.9931311660384, "layer3": 309.1547837026153}, "datetime": {"datetime": "2022-10-26 14:24:08", "elapsed": 13482.330493, "delta": 104.70435}}
{"target": -1.0840771696016869, "params": {"alpha": 0.01077638087922465, "batch_size": 82.62898100676499, "drop": 0.22578941320742418, "layer1": 178.84719958848197, "layer2": 425.1747403733216, "layer3": 372.3528018421415}, "datetime": {"datetime": "2022-10-26 14:25:45", "elapsed": 13578.892585, "delta": 96.562092}}
{"target": -1.0772167040669016, "params": {"alpha": 0.012218836987469782, "batch_size": 78.71049509891454, "drop": 0.24324427515862102, "layer1": 167.51144978178615, "layer2": 524.5503385248708, "layer3": 268.6860166708215}, "datetime": {"datetime": "2022-10-26 14:27:17", "elapsed": 13670.818301, "delta": 91.925716}}
{"target": -1.0776600642598833, "params": {"alpha": 0.012257127061189244, "batch_size": 97.71037493183269, "drop": 0.1979191653497101, "layer1": 182.52668374844995, "layer2": 501.9702282026357, "layer3": 306.9333668652523}, "datetime": {"datetime": "2022-10-26 14:28:22", "elapsed": 13736.219241, "delta": 65.40094}}
{"target": -1.089112112889953, "params": {"alpha": 0.014695400941198773, "batch_size": 105.87724614797531, "drop": 0.20609835810344285, "layer1": 150.57429650540965, "layer2": 595.6579719016436, "layer3": 297.6003035620598}, "datetime": {"datetime": "2022-10-26 14:30:09", "elapsed": 13843.683305, "delta": 107.464064}}
{"target": -1.0739086942957976, "params": {"alpha": 0.013176180965497775, "batch_size": 89.02882402452578, "drop": 0.19353974394302334, "layer1": 146.26744939487227, "layer2": 503.4051968736197, "layer3": 370.00777885793866}, "datetime": {"datetime": "2022-10-26 14:31:47", "elapsed": 13940.812193, "delta": 97.128888}}
{"target": -1.0720620107822365, "params": {"alpha": 0.012426596383124724, "batch_size": 104.73330119235005, "drop": 0.20360853287761368, "layer1": 157.66897530029146, "layer2": 546.8256441207592, "layer3": 274.1559926421521}, "datetime": {"datetime": "2022-10-26 14:33:22", "elapsed": 14036.148917, "delta": 95.336724}}
{"target": -1.074115102317514, "params": {"alpha": 0.012285606768673305, "batch_size": 76.57951851755362, "drop": 0.17636951595912592, "layer1": 142.54457670182205, "layer2": 535.5840256983297, "layer3": 340.6552260657046}, "datetime": {"datetime": "2022-10-26 14:34:51", "elapsed": 14125.417338, "delta": 89.268421}}
{"target": -1.0896958942989152, "params": {"alpha": 0.011795707297512106, "batch_size": 83.78564291492219, "drop": 0.25056864815386637, "layer1": 184.27217025454516, "layer2": 448.1929079015811, "layer3": 330.99368416075447}, "datetime": {"datetime": "2022-10-26 14:36:30", "elapsed": 14224.510182, "delta": 99.092844}}
{"target": -1.0976879290369268, "params": {"alpha": 0.013789008844744422, "batch_size": 93.53582262922833, "drop": 0.22615854760256165, "layer1": 153.575423902584, "layer2": 498.7256312401779, "layer3": 370.12897467389735}, "datetime": {"datetime": "2022-10-26 14:37:20", "elapsed": 14274.52605, "delta": 50.015868}}
{"target": -1.0748503371403426, "params": {"alpha": 0.014200896174454497, "batch_size": 79.56375990908423, "drop": 0.20102286136697045, "layer1": 178.24968602520875, "layer2": 477.70351096919705, "layer3": 314.5096480678141}, "datetime": {"datetime": "2022-10-26 14:38:51", "elapsed": 14365.157615, "delta": 90.631565}}
{"target": -1.0748237268710632, "params": {"alpha": 0.013725954467843145, "batch_size": 103.24666881526981, "drop": 0.2455465084855221, "layer1": 188.98234615939, "layer2": 561.8069888478857, "layer3": 379.56043140321765}, "datetime": {"datetime": "2022-10-26 14:40:35", "elapsed": 14468.996076, "delta": 103.838461}}
{"target": -1.074289944331435, "params": {"alpha": 0.011346992589280536, "batch_size": 81.8061465139221, "drop": 0.21744187831055323, "layer1": 142.95792527906661, "layer2": 532.0782421569995, "layer3": 360.5790055784682}, "datetime": {"datetime": "2022-10-26 14:42:10", "elapsed": 14564.011026, "delta": 95.01495}}
{"target": -1.1034662629766636, "params": {"alpha": 0.01428938071076007, "batch_size": 93.09063848280647, "drop": 0.24653452412051458, "layer1": 149.43589651895468, "layer2": 551.2532969801455, "layer3": 352.38600847550003}, "datetime": {"datetime": "2022-10-26 14:43:03", "elapsed": 14616.957969, "delta": 52.946943}}
{"target": -1.0727732179764444, "params": {"alpha": 0.014174075891854545, "batch_size": 84.86172560737648, "drop": 0.17915933889042387, "layer1": 180.72278030790966, "layer2": 452.9036107244521, "layer3": 283.17220155172663}, "datetime": {"datetime": "2022-10-26 14:44:24", "elapsed": 14698.355301, "delta": 81.397332}}
{"target": -1.0889677338637265, "params": {"alpha": 0.012337016320710716, "batch_size": 83.14827093574196, "drop": 0.22763231165081882, "layer1": 162.79410420373864, "layer2": 568.7359044428532, "layer3": 357.72149923720866}, "datetime": {"datetime": "2022-10-26 14:46:06", "elapsed": 14799.925815, "delta": 101.570514}}
{"target": -1.0824753049532636, "params": {"alpha": 0.014868891658855438, "batch_size": 98.67378538596148, "drop": 0.2060118764261305, "layer1": 145.99088697907618, "layer2": 536.5804690559604, "layer3": 364.15390119207785}, "datetime": {"datetime": "2022-10-26 14:47:34", "elapsed": 14888.22701, "delta": 88.301195}}
{"target": -1.0870678782328866, "params": {"alpha": 0.014172971923488814, "batch_size": 82.1322639492723, "drop": 0.22204093655939594, "layer1": 144.13356423618393, "layer2": 563.7292076194913, "layer3": 314.70014574029824}, "datetime": {"datetime": "2022-10-26 14:48:56", "elapsed": 14970.521906, "delta": 82.294896}}
{"target": -1.0794672313666986, "params": {"alpha": 0.01114604084230485, "batch_size": 101.96850647458214, "drop": 0.2251623395742162, "layer1": 159.77537500388, "layer2": 437.9932765551419, "layer3": 332.35291892518956}, "datetime": {"datetime": "2022-10-26 14:50:34", "elapsed": 15068.385299, "delta": 97.863393}}
{"target": -1.0775786650073793, "params": {"alpha": 0.011511753019926753, "batch_size": 83.43700911967487, "drop": 0.2144444651678485, "layer1": 190.92306012880812, "layer2": 474.191139278448, "layer3": 359.2535594136803}, "datetime": {"datetime": "2022-10-26 14:52:12", "elapsed": 15165.722623, "delta": 97.337324}}
{"target": -1.0783420612366565, "params": {"alpha": 0.013214322066691583, "batch_size": 92.6852611401489, "drop": 0.23697583775126096, "layer1": 186.08753697657363, "layer2": 503.95636584439444, "layer3": 380.02927977930483}, "datetime": {"datetime": "2022-10-26 14:53:42", "elapsed": 15256.429008, "delta": 90.706385}}
{"target": -1.079328366302871, "params": {"alpha": 0.01226429295045508, "batch_size": 86.2957630255633, "drop": 0.2131912130922218, "layer1": 160.48763578631915, "layer2": 495.76728574025105, "layer3": 322.33780380274754}, "datetime": {"datetime": "2022-10-26 14:55:08", "elapsed": 15341.967028, "delta": 85.53802}}
{"target": -1.0781789260818764, "params": {"alpha": 0.013296760135836428, "batch_size": 81.53809903845914, "drop": 0.19247986266689088, "layer1": 188.48271964519034, "layer2": 509.46294496347343, "layer3": 335.04260718499705}, "datetime": {"datetime": "2022-10-26 14:56:30", "elapsed": 15424.593188, "delta": 82.62616}}
{"target": -1.0883537728476864, "params": {"alpha": 0.010521556429611516, "batch_size": 89.0923606134414, "drop": 0.20663705758404757, "layer1": 165.53150976943567, "layer2": 487.15573682433387, "layer3": 347.934371178053}, "datetime": {"datetime": "2022-10-26 14:57:59", "elapsed": 15512.863571, "delta": 88.270383}}
{"target": -1.0775079097239595, "params": {"alpha": 0.010524649735985206, "batch_size": 94.95802237931738, "drop": 0.2424979384437459, "layer1": 168.90750901050635, "layer2": 575.5187172927317, "layer3": 294.31828561518995}, "datetime": {"datetime": "2022-10-26 14:59:43", "elapsed": 15616.707584, "delta": 103.844013}}
{"target": -1.0835205408677901, "params": {"alpha": 0.012511008350123275, "batch_size": 105.75997301895379, "drop": 0.22087314539447836, "layer1": 190.0618872333872, "layer2": 469.799272059565, "layer3": 366.12387343688545}, "datetime": {"datetime": "2022-10-26 15:01:26", "elapsed": 15719.939279, "delta": 103.231695}}
{"target": -1.079348489219431, "params": {"alpha": 0.011215374677459821, "batch_size": 104.46432760753643, "drop": 0.20988283932383633, "layer1": 177.3989261257023, "layer2": 447.8251946491532, "layer3": 324.53000987829626}, "datetime": {"datetime": "2022-10-26 15:02:58", "elapsed": 15812.318635, "delta": 92.379356}}
{"target": -1.0788039475525635, "params": {"alpha": 0.010699230645695362, "batch_size": 87.2324178008358, "drop": 0.18730625069674214, "layer1": 153.55395373105318, "layer2": 606.5885964159249, "layer3": 340.26632531851556}, "datetime": {"datetime": "2022-10-26 15:04:27", "elapsed": 15900.726137, "delta": 88.407502}}
{"target": -1.0696390998924163, "params": {"alpha": 0.011811449127126585, "batch_size": 80.9963800775035, "drop": 0.1800789954197215, "layer1": 164.52031620533336, "layer2": 562.114020840937, "layer3": 276.9339941030447}, "datetime": {"datetime": "2022-10-26 15:05:43", "elapsed": 15977.611058, "delta": 76.884921}}
{"target": -1.0844848159484177, "params": {"alpha": 0.012277331160782692, "batch_size": 87.74276906915266, "drop": 0.1774217133479357, "layer1": 169.27009854719137, "layer2": 427.85316678490364, "layer3": 293.0870544816755}, "datetime": {"datetime": "2022-10-26 15:07:03", "elapsed": 16057.356766, "delta": 79.745708}}
{"target": -1.0829807692965283, "params": {"alpha": 0.01298945456387561, "batch_size": 105.41098613702455, "drop": 0.23025390537835067, "layer1": 149.07003721607015, "layer2": 443.023219127301, "layer3": 376.08355679373807}, "datetime": {"datetime": "2022-10-26 15:08:35", "elapsed": 16149.146043, "delta": 91.789277}}
{"target": -1.083534337029343, "params": {"alpha": 0.013532605583055614, "batch_size": 95.59034169350181, "drop": 0.24697521922592372, "layer1": 159.14961679613768, "layer2": 520.4025431996859, "layer3": 371.2399978073739}, "datetime": {"datetime": "2022-10-26 15:10:04", "elapsed": 16237.859396, "delta": 88.713353}}
{"target": -1.0709789412164084, "params": {"alpha": 0.01466931383119767, "batch_size": 94.59037107504189, "drop": 0.19500720381767772, "layer1": 167.24513445371562, "layer2": 451.4528283832624, "layer3": 341.4840624670212}, "datetime": {"datetime": "2022-10-26 15:11:26", "elapsed": 16320.672363, "delta": 82.812967}}
{"target": -1.0733235316047127, "params": {"alpha": 0.011930480367941651, "batch_size": 74.03906818499262, "drop": 0.19900006004515589, "layer1": 147.67953699740826, "layer2": 563.8433071900229, "layer3": 344.33398214566375}, "datetime": {"datetime": "2022-10-26 15:13:17", "elapsed": 16431.409754, "delta": 110.737391}}
{"target": -1.0901132789940806, "params": {"alpha": 0.014887409518329764, "batch_size": 104.72892652802983, "drop": 0.2178418818180394, "layer1": 143.28148795068248, "layer2": 469.7850627197542, "layer3": 289.1607940888508}, "datetime": {"datetime": "2022-10-26 15:14:41", "elapsed": 16515.006133, "delta": 83.596379}}
{"target": -1.073462993594455, "params": {"alpha": 0.013626237654649384, "batch_size": 101.23532103743143, "drop": 0.217768666907139, "layer1": 146.34670775607302, "layer2": 453.9309532433151, "layer3": 266.94994477028337}, "datetime": {"datetime": "2022-10-26 15:16:09", "elapsed": 16603.162089, "delta": 88.155956}}
{"target": -1.078862993013179, "params": {"alpha": 0.012729033987164972, "batch_size": 75.74479954291525, "drop": 0.18849521141927272, "layer1": 135.00274590584706, "layer2": 446.1117560456138, "layer3": 371.8327033085117}, "datetime": {"datetime": "2022-10-26 15:17:25", "elapsed": 16679.362845, "delta": 76.200756}}
{"target": -1.081067611495894, "params": {"alpha": 0.01299868349307508, "batch_size": 81.67210813915237, "drop": 0.18797064151674736, "layer1": 183.22555992423946, "layer2": 587.2884307795587, "layer3": 285.4694288313083}, "datetime": {"datetime": "2022-10-26 15:19:11", "elapsed": 16784.875237, "delta": 105.512392}}
{"target": -1.0727482639488897, "params": {"alpha": 0.011565736195449185, "batch_size": 76.9457442483945, "drop": 0.2079074790470095, "layer1": 167.042903290542, "layer2": 548.4777325061933, "layer3": 271.66486398302976}, "datetime": {"datetime": "2022-10-26 15:20:57", "elapsed": 16890.856743, "delta": 105.981506}}
{"target": -1.0761583473411642, "params": {"alpha": 0.013408888457019052, "batch_size": 90.49110271262015, "drop": 0.24768870018984246, "layer1": 185.71693256131738, "layer2": 512.0730875373155, "layer3": 280.4458770992107}, "datetime": {"datetime": "2022-10-26 15:22:35", "elapsed": 16989.484066, "delta": 98.627323}}
{"target": -1.0984042311479796, "params": {"alpha": 0.013921144964625345, "batch_size": 93.687631734411, "drop": 0.21586835521404601, "layer1": 173.0985980781312, "layer2": 483.5257473636769, "layer3": 355.3203657179598}, "datetime": {"datetime": "2022-10-26 15:23:43", "elapsed": 17057.187483, "delta": 67.703417}}
{"target": -1.0795408833653224, "params": {"alpha": 0.011634856511317085, "batch_size": 96.58641973602101, "drop": 0.22762976572159302, "layer1": 140.69097292906366, "layer2": 451.4593855631738, "layer3": 280.0773925172326}, "datetime": {"datetime": "2022-10-26 15:25:21", "elapsed": 17155.613156, "delta": 98.425673}}
{"target": -1.0822475609876998, "params": {"alpha": 0.011450031909600877, "batch_size": 89.42214280318755, "drop": 0.1884622072086653, "layer1": 138.44928990487597, "layer2": 432.11738872411894, "layer3": 306.59764103475607}, "datetime": {"datetime": "2022-10-26 15:26:48", "elapsed": 17242.06657, "delta": 86.453414}}
{"target": -1.083040235745955, "params": {"alpha": 0.013417840971053363, "batch_size": 105.44398475483467, "drop": 0.1952517927591104, "layer1": 173.46585564016095, "layer2": 599.1145815852374, "layer3": 311.46615618483514}, "datetime": {"datetime": "2022-10-26 15:28:22", "elapsed": 17335.855215, "delta": 93.788645}}
{"target": -1.0651153640816888, "params": {"alpha": 0.011110773000895087, "batch_size": 84.94386848254952, "drop": 0.18651358844607568, "layer1": 143.62143696330588, "layer2": 448.4500836216117, "layer3": 343.6468429526212}, "datetime": {"datetime": "2022-10-26 15:29:48", "elapsed": 17422.450375, "delta": 86.59516}}
{"target": -1.084224467601236, "params": {"alpha": 0.010971326090617713, "batch_size": 103.7683922145105, "drop": 0.20333555850831142, "layer1": 165.70413491350536, "layer2": 489.5634626924531, "layer3": 293.17292527721895}, "datetime": {"datetime": "2022-10-26 15:31:33", "elapsed": 17527.088639, "delta": 104.638264}}
